<?xml version="1.0" encoding="UTF-8"?>
<!-- Generated by org.testng.reporters.JUnitReportReporter -->
<testsuite hostname="ZCBLRLP0293" failures="0" tests="8" name="zapcg.Capillary.MemberLookupTestCases.MemberLookup_Invalid_MemberId_TestCases" time="52.776" errors="0" timestamp="2024-08-08T15:07:53 IST" skipped="0">
  <testcase classname="zapcg.Capillary.MemberLookupTestCases.MemberLookup_Invalid_MemberId_TestCases" name="verify_Invalid_MemberID" time="6.716"/>
  <testcase classname="zapcg.Capillary.MemberLookupTestCases.MemberLookup_Invalid_MemberId_TestCases" name="verify_MemberId_Field_MaxLength" time="6.235"/>
  <testcase classname="zapcg.Capillary.MemberLookupTestCases.MemberLookup_Invalid_MemberId_TestCases" name="verify_Invalid_MemberID_MinLength_LessThan7" time="6.101"/>
  <testcase classname="zapcg.Capillary.MemberLookupTestCases.MemberLookup_Invalid_MemberId_TestCases" name="verify_Empty_MemberId_CardNumber_ButtonIsDisabled" time="5.807"/>
  <testcase classname="zapcg.Capillary.MemberLookupTestCases.MemberLookup_Invalid_MemberId_TestCases" name="enter_Invalid_MemberId8Length" time="6.107"/>
  <testcase classname="zapcg.Capillary.MemberLookupTestCases.MemberLookup_Invalid_MemberId_TestCases" name="enter_Invalid_MemberId9Length" time="6.095"/>
  <testcase classname="zapcg.Capillary.MemberLookupTestCases.MemberLookup_Invalid_MemberId_TestCases" name="enter_Invalid_MemberId10Length" time="7.997"/>
  <testcase classname="zapcg.Capillary.MemberLookupTestCases.MemberLookup_Invalid_MemberId_TestCases" name="enter_Invalid_MemberId7Length" time="7.718"/>
</testsuite> <!-- zapcg.Capillary.MemberLookupTestCases.MemberLookup_Invalid_MemberId_TestCases -->
