<?xml version="1.0" encoding="UTF-8"?>
<!-- Generated by org.testng.reporters.JUnitReportReporter -->
<testsuite hostname="ZCBLRLP0293" failures="0" tests="10" name="zapcg.Capillary.MemberLookupTestCases.MemberLookup_Valid_TestCases" time="69.727" errors="0" timestamp="2024-08-08T15:07:53 IST" skipped="0">
  <testcase classname="zapcg.Capillary.MemberLookupTestCases.MemberLookup_Valid_TestCases" name="verifyScanButtonAvailability" time="5.909"/>
  <testcase classname="zapcg.Capillary.MemberLookupTestCases.MemberLookup_Valid_TestCases" name="enter_Valid_MemberId" time="8.109"/>
  <testcase classname="zapcg.Capillary.MemberLookupTestCases.MemberLookup_Valid_TestCases" name="verify_Header_Hyperlink" time="5.719"/>
  <testcase classname="zapcg.Capillary.MemberLookupTestCases.MemberLookup_Valid_TestCases" name="hamburgerIcon_MemberLookup_Navigation_From_MemberLookup" time="5.592"/>
  <testcase classname="zapcg.Capillary.MemberLookupTestCases.MemberLookup_Valid_TestCases" name="hamburgerIcon_Location_Navigation_From_MemberLookup" time="5.847"/>
  <testcase classname="zapcg.Capillary.MemberLookupTestCases.MemberLookup_Valid_TestCases" name="hamburgerIcon_Logout_From_MemberLookup" time="6.060"/>
  <testcase classname="zapcg.Capillary.MemberLookupTestCases.MemberLookup_Valid_TestCases" name="enter_Valid_CardNumber_11Length" time="7.460"/>
  <testcase classname="zapcg.Capillary.MemberLookupTestCases.MemberLookup_Valid_TestCases" name="enter_Valid_CardNumber_10Length" time="7.193"/>
  <testcase classname="zapcg.Capillary.MemberLookupTestCases.MemberLookup_Valid_TestCases" name="enter_Valid_CardNumber_For_KamenoiOption" time="7.058"/>
  <testcase classname="zapcg.Capillary.MemberLookupTestCases.MemberLookup_Valid_TestCases" name="enter_Valid_CardNumber_For_AccordiaOption" time="10.780"/>
</testsuite> <!-- zapcg.Capillary.MemberLookupTestCases.MemberLookup_Valid_TestCases -->
