<?xml version="1.0" encoding="UTF-8"?>
<!-- Generated by org.testng.reporters.JUnitReportReporter -->
<testsuite hostname="ZCBLRLP0293" failures="0" tests="1" name="zapcg.Capillary.EarnPointPageTestCases.GoToPassPointMoreThanAvailablePoint" time="9.034" errors="0" timestamp="2024-07-29T16:30:55 IST" skipped="0">
  <testcase classname="zapcg.Capillary.EarnPointPageTestCases.GoToPassPointMoreThanAvailablePoint" name="verify_ValidationMessage_If_GoToPass_Is_Greater_Than_AvailablePoints" time="9.034"/>
</testsuite> <!-- zapcg.Capillary.EarnPointPageTestCases.GoToPassPointMoreThanAvailablePoint -->
