<?xml version="1.0" encoding="UTF-8"?>
<!-- Generated by org.testng.reporters.JUnitReportReporter -->
<testsuite hostname="ZCBLRLP0293" failures="0" tests="18" name="zapcg.Capillary.LoginTestCases.Login_Invalid_TestCases" time="140.559" errors="0" timestamp="2024-07-15T12:16:17 IST" skipped="0">
  <testcase classname="zapcg.Capillary.LoginTestCases.Login_Invalid_TestCases" name="test_Invalid_Username" time="10.720"/>
  <testcase classname="zapcg.Capillary.LoginTestCases.Login_Invalid_TestCases" name="test_Invalid_Username" time="6.115"/>
  <testcase classname="zapcg.Capillary.LoginTestCases.Login_Invalid_TestCases" name="test_Invalid_Password" time="6.947"/>
  <testcase classname="zapcg.Capillary.LoginTestCases.Login_Invalid_TestCases" name="test_Invalid_Password" time="9.916"/>
  <testcase classname="zapcg.Capillary.LoginTestCases.Login_Invalid_TestCases" name="test_TooLong_Username" time="5.800"/>
  <testcase classname="zapcg.Capillary.LoginTestCases.Login_Invalid_TestCases" name="test_TooLong_Username" time="9.932"/>
  <testcase classname="zapcg.Capillary.LoginTestCases.Login_Invalid_TestCases" name="test_MinLength_Password" time="9.678"/>
  <testcase classname="zapcg.Capillary.LoginTestCases.Login_Invalid_TestCases" name="test_MinLength_Password" time="5.446"/>
  <testcase classname="zapcg.Capillary.LoginTestCases.Login_Invalid_TestCases" name="test_Username_WithSpaces" time="5.133"/>
  <testcase classname="zapcg.Capillary.LoginTestCases.Login_Invalid_TestCases" name="test_Username_WithSpaces" time="10.406"/>
  <testcase classname="zapcg.Capillary.LoginTestCases.Login_Invalid_TestCases" name="verify_Enabled_LoginButton" time="11.280"/>
  <testcase classname="zapcg.Capillary.LoginTestCases.Login_Invalid_TestCases" name="verify_Enabled_LoginButton" time="6.100"/>
  <testcase classname="zapcg.Capillary.LoginTestCases.Login_Invalid_TestCases" name="verify_Disabled_LoginButton_EmptyUsername" time="9.256"/>
  <testcase classname="zapcg.Capillary.LoginTestCases.Login_Invalid_TestCases" name="verify_Disabled_LoginButton_EmptyUsername" time="4.694"/>
  <testcase classname="zapcg.Capillary.LoginTestCases.Login_Invalid_TestCases" name="verify_Disabled_LoginButton_EmptyPassword" time="5.555"/>
  <testcase classname="zapcg.Capillary.LoginTestCases.Login_Invalid_TestCases" name="verify_Disabled_LoginButton_EmptyPassword" time="9.249"/>
  <testcase classname="zapcg.Capillary.LoginTestCases.Login_Invalid_TestCases" name="verify_Disabled_LoginButton_EmptyUsernamePassword_TestCase10" time="5.838"/>
  <testcase classname="zapcg.Capillary.LoginTestCases.Login_Invalid_TestCases" name="verify_Disabled_LoginButton_EmptyUsernamePassword_TestCase10" time="8.494"/>
</testsuite> <!-- zapcg.Capillary.LoginTestCases.Login_Invalid_TestCases -->
