<?xml version="1.0" encoding="UTF-8"?>
<!-- Generated by org.testng.reporters.JUnitReportReporter -->
<testsuite hostname="ZCBLRLP0293" failures="0" tests="6" name="zapcg.Capillary.EarnPointPageTestCases.EarnPoint_Invalid_TestCases" time="64.493" errors="0" timestamp="2024-07-15T12:16:17 IST" skipped="0">
  <testcase classname="zapcg.Capillary.EarnPointPageTestCases.EarnPoint_Invalid_TestCases" name="verify_With_Empty_TransactionAmount" time="9.163"/>
  <testcase classname="zapcg.Capillary.EarnPointPageTestCases.EarnPoint_Invalid_TestCases" name="verify_With_Empty_TransactionAmount" time="12.203"/>
  <testcase classname="zapcg.Capillary.EarnPointPageTestCases.EarnPoint_Invalid_TestCases" name="empty_TxnAmount_But_GoToPassPointValue" time="12.118"/>
  <testcase classname="zapcg.Capillary.EarnPointPageTestCases.EarnPoint_Invalid_TestCases" name="empty_TxnAmount_But_GoToPassPointValue" time="9.263"/>
  <testcase classname="zapcg.Capillary.EarnPointPageTestCases.EarnPoint_Invalid_TestCases" name="goTOPassPoint_More_Than_TransactionAmount" time="12.926"/>
  <testcase classname="zapcg.Capillary.EarnPointPageTestCases.EarnPoint_Invalid_TestCases" name="goTOPassPoint_More_Than_TransactionAmount" time="8.820"/>
</testsuite> <!-- zapcg.Capillary.EarnPointPageTestCases.EarnPoint_Invalid_TestCases -->
