<?xml version="1.0" encoding="UTF-8"?>
<!-- Generated by org.testng.reporters.JUnitReportReporter -->
<testsuite hostname="ZCBLRLP0293" failures="0" tests="3" name="zapcg.Capillary.EarnPointPageTestCases.EarnPoint_Invalid_TestCases" time="26.182" errors="0" timestamp="2024-07-16T16:05:34 IST" skipped="0">
  <testcase classname="zapcg.Capillary.EarnPointPageTestCases.EarnPoint_Invalid_TestCases" name="verify_With_Empty_TransactionAmount" time="8.557"/>
  <testcase classname="zapcg.Capillary.EarnPointPageTestCases.EarnPoint_Invalid_TestCases" name="empty_TxnAmount_But_GoToPassPointValue" time="8.925"/>
  <testcase classname="zapcg.Capillary.EarnPointPageTestCases.EarnPoint_Invalid_TestCases" name="goTOPassPoint_More_Than_TransactionAmount" time="8.700"/>
</testsuite> <!-- zapcg.Capillary.EarnPointPageTestCases.EarnPoint_Invalid_TestCases -->
