<?xml version="1.0" encoding="UTF-8"?>
<!-- Generated by org.testng.reporters.JUnitReportReporter -->
<testsuite hostname="ZCBLRLP0293" failures="0" tests="9" name="zapcg.Capillary.LocationPageTestCases.Location_ExistingUser_TestCases" time="70.132" errors="0" timestamp="2024-07-29T16:30:55 IST" skipped="0">
  <testcase classname="zapcg.Capillary.LocationPageTestCases.Location_ExistingUser_TestCases" name="verify_Able_To_SelectOption_From_DropDown" time="7.199"/>
  <testcase classname="zapcg.Capillary.LocationPageTestCases.Location_ExistingUser_TestCases" name="verify_Choose_Location_Button_Availability" time="9.153"/>
  <testcase classname="zapcg.Capillary.LocationPageTestCases.Location_ExistingUser_TestCases" name="verify_Header_Of_MemberLookup_Screen" time="8.897"/>
  <testcase classname="zapcg.Capillary.LocationPageTestCases.Location_ExistingUser_TestCases" name="hamburgerIcon_MemberLookup_Navigation_From_LocationScreen" time="7.163"/>
  <testcase classname="zapcg.Capillary.LocationPageTestCases.Location_ExistingUser_TestCases" name="hamburgerIcon_MemberLocation_Navigation_From_LocationScreen" time="6.913"/>
  <testcase classname="zapcg.Capillary.LocationPageTestCases.Location_ExistingUser_TestCases" name="hamburger_Icon_Logout_From_LocationScreen" time="6.977"/>
  <testcase classname="zapcg.Capillary.LocationPageTestCases.Location_ExistingUser_TestCases" name="navigated_From_Location_To_LookupScreen_With_Valid_Inputs" time="8.946"/>
  <testcase classname="zapcg.Capillary.LocationPageTestCases.Location_ExistingUser_TestCases" name="choose_ValidLocation_For_NewUser" time="7.774"/>
  <testcase classname="zapcg.Capillary.LocationPageTestCases.Location_ExistingUser_TestCases" name="verify_DropDown_Availability" time="7.110"/>
</testsuite> <!-- zapcg.Capillary.LocationPageTestCases.Location_ExistingUser_TestCases -->
