<?xml version="1.0" encoding="UTF-8"?>
<!-- Generated by org.testng.reporters.JUnitReportReporter -->
<testsuite hostname="ZCBLRLP0293" failures="0" tests="1" name="zapcg.Capillary.LoginTestCases.Login_Valid_TestCases" time="7.133" errors="0" timestamp="2024-06-13T17:43:47 IST" skipped="0">
  <testcase classname="zapcg.Capillary.LoginTestCases.Login_Valid_TestCases" name="testValidLogin" time="7.133"/>
</testsuite> <!-- zapcg.Capillary.LoginTestCases.Login_Valid_TestCases -->
