<?xml version="1.0" encoding="UTF-8"?>
<!-- Generated by org.testng.reporters.JUnitReportReporter -->
<testsuite hostname="ZCBLRLP0293" failures="0" tests="6" name="zapcg.Capillary.MemberLookupTestCases.MemberLookup_Valid_TestCases" time="41.510" errors="0" timestamp="2024-07-29T16:30:55 IST" skipped="0">
  <testcase classname="zapcg.Capillary.MemberLookupTestCases.MemberLookup_Valid_TestCases" name="verifyScanButtonAvailability" time="6.540"/>
  <testcase classname="zapcg.Capillary.MemberLookupTestCases.MemberLookup_Valid_TestCases" name="enter_Valid_MemberId" time="8.378"/>
  <testcase classname="zapcg.Capillary.MemberLookupTestCases.MemberLookup_Valid_TestCases" name="verify_Header_Hyperlink" time="6.989"/>
  <testcase classname="zapcg.Capillary.MemberLookupTestCases.MemberLookup_Valid_TestCases" name="hamburgerIcon_MemberLookup_Navigation_From_MemberLookup" time="6.452"/>
  <testcase classname="zapcg.Capillary.MemberLookupTestCases.MemberLookup_Valid_TestCases" name="hamburgerIcon_Location_Navigation_From_MemberLookup" time="6.325"/>
  <testcase classname="zapcg.Capillary.MemberLookupTestCases.MemberLookup_Valid_TestCases" name="hamburgerIcon_Logout_From_MemberLookup" time="6.826"/>
</testsuite> <!-- zapcg.Capillary.MemberLookupTestCases.MemberLookup_Valid_TestCases -->
