<?xml version="1.0" encoding="UTF-8"?>
<!-- Generated by org.testng.reporters.JUnitReportReporter -->
<testsuite hostname="ZCBLRLP0293" failures="0" tests="4" name="zapcg.Capillary.MemberLookupTestCases.MemberLookup_Invalid_CardNumber_TestCases" time="23.396" errors="0" timestamp="2024-08-08T15:07:53 IST" skipped="0">
  <testcase classname="zapcg.Capillary.MemberLookupTestCases.MemberLookup_Invalid_CardNumber_TestCases" name="verify_CardNumber_Field_MoreThan11" time="6.174"/>
  <testcase classname="zapcg.Capillary.MemberLookupTestCases.MemberLookup_Invalid_CardNumber_TestCases" name="enter_Invalid_CardNumbers8Length" time="5.501"/>
  <testcase classname="zapcg.Capillary.MemberLookupTestCases.MemberLookup_Invalid_CardNumber_TestCases" name="enter_Invalid_CardNumbers9Length" time="5.766"/>
  <testcase classname="zapcg.Capillary.MemberLookupTestCases.MemberLookup_Invalid_CardNumber_TestCases" name="enter_Invalid_CardNumbers_LessThan7" time="5.955"/>
</testsuite> <!-- zapcg.Capillary.MemberLookupTestCases.MemberLookup_Invalid_CardNumber_TestCases -->
