<?xml version="1.0" encoding="UTF-8"?>
<!-- Generated by org.testng.reporters.JUnitReportReporter -->
<testsuite hostname="ZCBLRLP0293" failures="0" tests="1" name="zapcg.Capillary.EarnPointPageTestCases.OneTimeExecute_pointVerificationAfterRedeemingPoints" time="12.879" errors="0" timestamp="2024-07-15T12:16:17 IST" skipped="0">
  <testcase classname="zapcg.Capillary.EarnPointPageTestCases.OneTimeExecute_pointVerificationAfterRedeemingPoints" name="verify_TotalPoints_Before_and_After" time="12.879"/>
</testsuite> <!-- zapcg.Capillary.EarnPointPageTestCases.OneTimeExecute_pointVerificationAfterRedeemingPoints -->
