<?xml version="1.0" encoding="UTF-8"?>
<!-- Generated by org.testng.reporters.JUnitReportReporter -->
<testsuite hostname="ZCBLRLP0293" failures="0" tests="3" name="zapcg.Capillary.EarnPointPageTestCases.EarnPoint_Invalid_TestCases" time="25.401" errors="0" timestamp="2024-08-07T16:59:34 IST" skipped="0">
  <testcase classname="zapcg.Capillary.EarnPointPageTestCases.EarnPoint_Invalid_TestCases" name="verify_With_Empty_TransactionAmount" time="8.636"/>
  <testcase classname="zapcg.Capillary.EarnPointPageTestCases.EarnPoint_Invalid_TestCases" name="empty_TxnAmount_But_GoToPassPointValue" time="7.952"/>
  <testcase classname="zapcg.Capillary.EarnPointPageTestCases.EarnPoint_Invalid_TestCases" name="goTOPassPoint_More_Than_TransactionAmount" time="8.813"/>
</testsuite> <!-- zapcg.Capillary.EarnPointPageTestCases.EarnPoint_Invalid_TestCases -->
