<?xml version="1.0" encoding="UTF-8"?>
<!-- Generated by org.testng.reporters.JUnitReportReporter -->
<testsuite hostname="ZCBLRLP0293" failures="0" tests="1" name="zapcg.Capillary.EarnPointPageTestCases.SuccessMessage_CardNumber" time="10.293" errors="0" timestamp="2024-08-07T16:59:34 IST" skipped="0">
  <testcase classname="zapcg.Capillary.EarnPointPageTestCases.SuccessMessage_CardNumber" name="verifySuccessMessageForOnlyTransactionAmountUsingCardNumber" time="10.293"/>
</testsuite> <!-- zapcg.Capillary.EarnPointPageTestCases.SuccessMessage_CardNumber -->
