<?xml version="1.0" encoding="UTF-8"?>
<!-- Generated by org.testng.reporters.JUnitReportReporter -->
<testsuite hostname="ZCBLRLP0293" failures="0" tests="18" name="zapcg.Capillary.EarnPointPageTestCases.EarnPoint_Valid_TestCases" time="155.480" errors="0" timestamp="2024-08-07T16:59:34 IST" skipped="0">
  <testcase classname="zapcg.Capillary.EarnPointPageTestCases.EarnPoint_Valid_TestCases" name="verify_NonEditable_LocationField" time="7.932"/>
  <testcase classname="zapcg.Capillary.EarnPointPageTestCases.EarnPoint_Valid_TestCases" name="verify_NonEditable_DateField" time="7.538"/>
  <testcase classname="zapcg.Capillary.EarnPointPageTestCases.EarnPoint_Valid_TestCases" name="verify_NonEditable_TimeField" time="8.874"/>
  <testcase classname="zapcg.Capillary.EarnPointPageTestCases.EarnPoint_Valid_TestCases" name="verify_EarnPoints_Navigation_From_MeberDetailsScreen" time="7.633"/>
  <testcase classname="zapcg.Capillary.EarnPointPageTestCases.EarnPoint_Valid_TestCases" name="verify_MemberDetails_Content_Displaying_On_EarnPointScreen" time="8.332"/>
  <testcase classname="zapcg.Capillary.EarnPointPageTestCases.EarnPoint_Valid_TestCases" name="verify_HeaderHyperlink_On_EarnPoint_Page" time="9.089"/>
  <testcase classname="zapcg.Capillary.EarnPointPageTestCases.EarnPoint_Valid_TestCases" name="verify_BackButton_Navigation_On_EarnPoint_Page" time="8.141"/>
  <testcase classname="zapcg.Capillary.EarnPointPageTestCases.EarnPoint_Valid_TestCases" name="verify_Hamburger_MemberLookupOption_From_EarnPoint_Page" time="9.420"/>
  <testcase classname="zapcg.Capillary.EarnPointPageTestCases.EarnPoint_Valid_TestCases" name="verify_Hamburger_LocationOption_From_EarnPoint_Page" time="9.661"/>
  <testcase classname="zapcg.Capillary.EarnPointPageTestCases.EarnPoint_Valid_TestCases" name="verify_HamBurger_LogoutOption_From_EarnPoint_Page" time="9.288"/>
  <testcase classname="zapcg.Capillary.EarnPointPageTestCases.EarnPoint_Valid_TestCases" name="verify_Date_Equal_To_System_CurrentDate" time="8.613"/>
  <testcase classname="zapcg.Capillary.EarnPointPageTestCases.EarnPoint_Valid_TestCases" name="verify_Time_Equal_To_System_CurrentTime" time="8.362"/>
  <testcase classname="zapcg.Capillary.EarnPointPageTestCases.EarnPoint_Valid_TestCases" name="verify_With_Empty_TransactionAmount" time="7.846"/>
  <testcase classname="zapcg.Capillary.EarnPointPageTestCases.EarnPoint_Valid_TestCases" name="empty_TxnAmount_But_GoToPassPoint_Value" time="8.301"/>
  <testcase classname="zapcg.Capillary.EarnPointPageTestCases.EarnPoint_Valid_TestCases" name="verifySuccessMessageForOnlyTransactionAmount" time="11.296"/>
  <testcase classname="zapcg.Capillary.EarnPointPageTestCases.EarnPoint_Valid_TestCases" name="verify_TaxAssumedAmount" time="7.925"/>
  <testcase classname="zapcg.Capillary.EarnPointPageTestCases.EarnPoint_Valid_TestCases" name="verify_Eligible_EarningPoints" time="8.045"/>
  <testcase classname="zapcg.Capillary.EarnPointPageTestCases.EarnPoint_Valid_TestCases" name="verify_ExceedThresold_SuccessMessage" time="9.184"/>
</testsuite> <!-- zapcg.Capillary.EarnPointPageTestCases.EarnPoint_Valid_TestCases -->
