<?xml version="1.0" encoding="UTF-8"?>
<!-- Generated by org.testng.reporters.JUnitReportReporter -->
<testsuite hostname="ZCBLRLP0293" failures="0" tests="8" name="zapcg.Capillary.LocationPageTestCases.Location_TestCases" time="69.751" errors="0" timestamp="2024-06-20T14:42:59 IST" skipped="0">
  <testcase classname="zapcg.Capillary.LocationPageTestCases.Location_TestCases" name="chooseValidLocationForNewUser" time="12.372"/>
  <testcase classname="zapcg.Capillary.LocationPageTestCases.Location_TestCases" name="verifyDropDownAvailability" time="6.257"/>
  <testcase classname="zapcg.Capillary.LocationPageTestCases.Location_TestCases" name="verifyIfAbleToSelectOptionFromDropDown" time="6.669"/>
  <testcase classname="zapcg.Capillary.LocationPageTestCases.Location_TestCases" name="verifyChooseLocationButtonAvailability" time="8.472"/>
  <testcase classname="zapcg.Capillary.LocationPageTestCases.Location_TestCases" name="verifyHeaderOfMemberLookupScreen" time="12.880"/>
  <testcase classname="zapcg.Capillary.LocationPageTestCases.Location_TestCases" name="burgerIconMemberLookupNavigation" time="8.302"/>
  <testcase classname="zapcg.Capillary.LocationPageTestCases.Location_TestCases" name="burgerIconMemberLocationNavigation" time="7.980"/>
  <testcase classname="zapcg.Capillary.LocationPageTestCases.Location_TestCases" name="burgerIconLogout" time="6.819"/>
</testsuite> <!-- zapcg.Capillary.LocationPageTestCases.Location_TestCases -->
