<?xml version="1.0" encoding="UTF-8"?>
<!-- Generated by org.testng.reporters.JUnitReportReporter -->
<testsuite hostname="ZCBLRLP0293" failures="0" tests="5" name="zapcg.Capillary.MemberLookupTestCases.memberLookup_Invalid_TestCases" time="37.928" errors="0" timestamp="2024-07-29T16:30:55 IST" skipped="0">
  <testcase classname="zapcg.Capillary.MemberLookupTestCases.memberLookup_Invalid_TestCases" name="verify_Invalid_MemberID" time="8.933"/>
  <testcase classname="zapcg.Capillary.MemberLookupTestCases.memberLookup_Invalid_TestCases" name="verify_MemberId_Field_MaxLength" time="6.656"/>
  <testcase classname="zapcg.Capillary.MemberLookupTestCases.memberLookup_Invalid_TestCases" name="verify_Invalid_CardNumber_MinLength" time="9.568"/>
  <testcase classname="zapcg.Capillary.MemberLookupTestCases.memberLookup_Invalid_TestCases" name="verify_CardNumber_Field_MaxLength" time="6.492"/>
  <testcase classname="zapcg.Capillary.MemberLookupTestCases.memberLookup_Invalid_TestCases" name="verify_Empty_CardNumber_ButtonIsDisabled" time="6.279"/>
</testsuite> <!-- zapcg.Capillary.MemberLookupTestCases.memberLookup_Invalid_TestCases -->
