<?xml version="1.0" encoding="UTF-8"?>
<!-- Generated by org.testng.reporters.JUnitReportReporter -->
<testsuite hostname="ZCBLRLP0293" failures="0" tests="20" name="zapcg.Capillary.MemberDetailsTestCases.memberDetails_TestCases" time="244.238" errors="0" timestamp="2024-07-15T12:16:17 IST" skipped="0">
  <testcase classname="zapcg.Capillary.MemberDetailsTestCases.memberDetails_TestCases" name="verify_MemberDetails_Navigation_From_MeberLookupScreen_To_MemberDetailsPage" time="13.724"/>
  <testcase classname="zapcg.Capillary.MemberDetailsTestCases.memberDetails_TestCases" name="verify_MemberDetails_Navigation_From_MeberLookupScreen_To_MemberDetailsPage" time="8.605"/>
  <testcase classname="zapcg.Capillary.MemberDetailsTestCases.memberDetails_TestCases" name="verify_MemberDetails_Displaying" time="15.216"/>
  <testcase classname="zapcg.Capillary.MemberDetailsTestCases.memberDetails_TestCases" name="verify_MemberDetails_Displaying" time="8.403"/>
  <testcase classname="zapcg.Capillary.MemberDetailsTestCases.memberDetails_TestCases" name="verify_MemberDetails_ContentDisplaying" time="11.655"/>
  <testcase classname="zapcg.Capillary.MemberDetailsTestCases.memberDetails_TestCases" name="verify_MemberDetails_ContentDisplaying" time="8.631"/>
  <testcase classname="zapcg.Capillary.MemberDetailsTestCases.memberDetails_TestCases" name="verify_Enabled_EnterReceiptDetails_Button" time="8.765"/>
  <testcase classname="zapcg.Capillary.MemberDetailsTestCases.memberDetails_TestCases" name="verify_Enabled_EnterReceiptDetails_Button" time="13.331"/>
  <testcase classname="zapcg.Capillary.MemberDetailsTestCases.memberDetails_TestCases" name="verify_Header_MemberDetailsScreen" time="8.267"/>
  <testcase classname="zapcg.Capillary.MemberDetailsTestCases.memberDetails_TestCases" name="verify_Header_MemberDetailsScreen" time="15.554"/>
  <testcase classname="zapcg.Capillary.MemberDetailsTestCases.memberDetails_TestCases" name="verifyExpiryDateEqualToSystemDateThenNoRedeem" time="6.550"/>
  <testcase classname="zapcg.Capillary.MemberDetailsTestCases.memberDetails_TestCases" name="verifyExpiryDateEqualToSystemDateThenNoRedeem" time="13.177"/>
  <testcase classname="zapcg.Capillary.MemberDetailsTestCases.memberDetails_TestCases" name="verify_Hamburger_MemberLookup_Option_on_MemberDetails" time="10.080"/>
  <testcase classname="zapcg.Capillary.MemberDetailsTestCases.memberDetails_TestCases" name="verify_Hamburger_MemberLookup_Option_on_MemberDetails" time="16.534"/>
  <testcase classname="zapcg.Capillary.MemberDetailsTestCases.memberDetails_TestCases" name="verify_Hamburger_LocationOption_On_MemberDetails" time="13.831"/>
  <testcase classname="zapcg.Capillary.MemberDetailsTestCases.memberDetails_TestCases" name="verify_Hamburger_LocationOption_On_MemberDetails" time="19.649"/>
  <testcase classname="zapcg.Capillary.MemberDetailsTestCases.memberDetails_TestCases" name="verify_Hamburger_LogoutOption_On_MemberDetails" time="12.627"/>
  <testcase classname="zapcg.Capillary.MemberDetailsTestCases.memberDetails_TestCases" name="verify_Hamburger_LogoutOption_On_MemberDetails" time="14.399"/>
  <testcase classname="zapcg.Capillary.MemberDetailsTestCases.memberDetails_TestCases" name="verify_BackButton_On_MemberDetails_Screen" time="14.501"/>
  <testcase classname="zapcg.Capillary.MemberDetailsTestCases.memberDetails_TestCases" name="verify_BackButton_On_MemberDetails_Screen" time="10.739"/>
</testsuite> <!-- zapcg.Capillary.MemberDetailsTestCases.memberDetails_TestCases -->
