<?xml version="1.0" encoding="UTF-8"?>
<!-- Generated by org.testng.reporters.JUnitReportReporter -->
<testsuite hostname="ZCBLRLP0293" failures="0" tests="1" name="zapcg.Capillary.EarnPointPageTestCases.PointVerificationAfterRedeemingPoints" time="12.352" errors="0" timestamp="2024-08-07T16:59:34 IST" skipped="0">
  <testcase classname="zapcg.Capillary.EarnPointPageTestCases.PointVerificationAfterRedeemingPoints" name="verify_TotalPoints_Before_and_After" time="12.352"/>
</testsuite> <!-- zapcg.Capillary.EarnPointPageTestCases.PointVerificationAfterRedeemingPoints -->
