<?xml version="1.0" encoding="UTF-8"?>
<!-- Generated by org.testng.reporters.JUnitReportReporter -->
<testsuite hostname="ZCBLRLP0293" failures="0" tests="3" name="zapcg.Capillary.EarnPointPageTestCases.OneTimeExecute_pointVerificationAfterRedeemingPoints" time="37.835" errors="0" timestamp="2024-07-31T13:38:51 IST" skipped="0">
  <testcase classname="zapcg.Capillary.EarnPointPageTestCases.OneTimeExecute_pointVerificationAfterRedeemingPoints" name="verify_TotalPoints_Before_and_After" time="11.252"/>
  <testcase classname="zapcg.Capillary.EarnPointPageTestCases.OneTimeExecute_pointVerificationAfterRedeemingPoints" name="verify_TotalPoints_Before_and_After" time="15.484"/>
  <testcase classname="zapcg.Capillary.EarnPointPageTestCases.OneTimeExecute_pointVerificationAfterRedeemingPoints" name="verify_TotalPoints_Before_and_After" time="11.099"/>
</testsuite> <!-- zapcg.Capillary.EarnPointPageTestCases.OneTimeExecute_pointVerificationAfterRedeemingPoints -->
