<?xml version="1.0" encoding="UTF-8"?>
<!-- Generated by org.testng.reporters.JUnitReportReporter -->
<testsuite hostname="ZCBLRLP0293" failures="0" tests="12" name="zapcg.Capillary.MemberLookupTestCases.MemberLookup_Valid_TestCases" time="113.108" errors="0" timestamp="2024-07-15T12:16:17 IST" skipped="0">
  <testcase classname="zapcg.Capillary.MemberLookupTestCases.MemberLookup_Valid_TestCases" name="verifyScanButtonAvailability" time="6.510"/>
  <testcase classname="zapcg.Capillary.MemberLookupTestCases.MemberLookup_Valid_TestCases" name="verifyScanButtonAvailability" time="11.394"/>
  <testcase classname="zapcg.Capillary.MemberLookupTestCases.MemberLookup_Valid_TestCases" name="enter_Valid_MemberId" time="12.423"/>
  <testcase classname="zapcg.Capillary.MemberLookupTestCases.MemberLookup_Valid_TestCases" name="enter_Valid_MemberId" time="8.284"/>
  <testcase classname="zapcg.Capillary.MemberLookupTestCases.MemberLookup_Valid_TestCases" name="verify_Header_Hyperlink" time="11.245"/>
  <testcase classname="zapcg.Capillary.MemberLookupTestCases.MemberLookup_Valid_TestCases" name="verify_Header_Hyperlink" time="6.588"/>
  <testcase classname="zapcg.Capillary.MemberLookupTestCases.MemberLookup_Valid_TestCases" name="hamburgerIcon_MemberLookup_Navigation_From_MemberLookup" time="7.191"/>
  <testcase classname="zapcg.Capillary.MemberLookupTestCases.MemberLookup_Valid_TestCases" name="hamburgerIcon_MemberLookup_Navigation_From_MemberLookup" time="11.440"/>
  <testcase classname="zapcg.Capillary.MemberLookupTestCases.MemberLookup_Valid_TestCases" name="hamburgerIcon_Location_Navigation_From_MemberLookup" time="11.826"/>
  <testcase classname="zapcg.Capillary.MemberLookupTestCases.MemberLookup_Valid_TestCases" name="hamburgerIcon_Location_Navigation_From_MemberLookup" time="7.187"/>
  <testcase classname="zapcg.Capillary.MemberLookupTestCases.MemberLookup_Valid_TestCases" name="hamburgerIcon_Logout_From_MemberLookup" time="7.130"/>
  <testcase classname="zapcg.Capillary.MemberLookupTestCases.MemberLookup_Valid_TestCases" name="hamburgerIcon_Logout_From_MemberLookup" time="11.890"/>
</testsuite> <!-- zapcg.Capillary.MemberLookupTestCases.MemberLookup_Valid_TestCases -->
