<?xml version="1.0" encoding="UTF-8"?>
<!-- Generated by org.testng.reporters.JUnitReportReporter -->
<testsuite hostname="ZCBLRLP0293" failures="0" tests="1" name="zapcg.Capillary.LoginTestCases.Login_Valid_TestCases" time="45.005" errors="0" timestamp="2024-07-29T16:30:55 IST" skipped="0">
  <testcase classname="zapcg.Capillary.LoginTestCases.Login_Valid_TestCases" name="Valid_Login" time="45.005"/>
</testsuite> <!-- zapcg.Capillary.LoginTestCases.Login_Valid_TestCases -->
