<?xml version="1.0" encoding="UTF-8"?>
<!-- Generated by org.testng.reporters.JUnitReportReporter -->
<testsuite hostname="ZCBLRLP0293" failures="0" tests="2" name="zapcg.Capillary.LoginTestCases.Login_Valid_TestCases" time="42.137" errors="0" timestamp="2024-07-15T12:16:17 IST" skipped="0">
  <testcase classname="zapcg.Capillary.LoginTestCases.Login_Valid_TestCases" name="Valid_Login" time="21.067"/>
  <testcase classname="zapcg.Capillary.LoginTestCases.Login_Valid_TestCases" name="Valid_Login" time="21.070"/>
</testsuite> <!-- zapcg.Capillary.LoginTestCases.Login_Valid_TestCases -->
