<?xml version="1.0" encoding="UTF-8"?>
<!-- Generated by org.testng.reporters.JUnitReportReporter -->
<testsuite hostname="ZCBLRLP0293" failures="0" tests="1" name="zapcg.Capillary.EarnPointPageTestCases.OneTimeExecute_pointVerificationAfterRedeemingPoints" time="13.273" errors="0" timestamp="2024-07-04T15:05:30 IST" skipped="0">
  <testcase classname="zapcg.Capillary.EarnPointPageTestCases.OneTimeExecute_pointVerificationAfterRedeemingPoints" name="testing" time="13.273"/>
</testsuite> <!-- zapcg.Capillary.EarnPointPageTestCases.OneTimeExecute_pointVerificationAfterRedeemingPoints -->
