<?xml version="1.0" encoding="UTF-8"?>
<!-- Generated by org.testng.reporters.JUnitReportReporter -->
<testsuite hostname="ZCBLRLP0293" failures="0" tests="9" name="zapcg.Capillary.LoginTestCases.Login_Invalid_TestCases" time="49.845" errors="0" timestamp="2024-07-29T16:30:55 IST" skipped="0">
  <testcase classname="zapcg.Capillary.LoginTestCases.Login_Invalid_TestCases" name="test_Invalid_Username" time="6.686"/>
  <testcase classname="zapcg.Capillary.LoginTestCases.Login_Invalid_TestCases" name="test_Invalid_Password" time="6.297"/>
  <testcase classname="zapcg.Capillary.LoginTestCases.Login_Invalid_TestCases" name="test_TooLong_Username" time="4.975"/>
  <testcase classname="zapcg.Capillary.LoginTestCases.Login_Invalid_TestCases" name="test_MinLength_Password" time="4.989"/>
  <testcase classname="zapcg.Capillary.LoginTestCases.Login_Invalid_TestCases" name="test_Username_WithSpaces" time="5.068"/>
  <testcase classname="zapcg.Capillary.LoginTestCases.Login_Invalid_TestCases" name="verify_Enabled_LoginButton" time="6.974"/>
  <testcase classname="zapcg.Capillary.LoginTestCases.Login_Invalid_TestCases" name="verify_Disabled_LoginButton_EmptyUsername" time="4.684"/>
  <testcase classname="zapcg.Capillary.LoginTestCases.Login_Invalid_TestCases" name="verify_Disabled_LoginButton_EmptyPassword" time="5.241"/>
  <testcase classname="zapcg.Capillary.LoginTestCases.Login_Invalid_TestCases" name="verify_Disabled_LoginButton_EmptyUsernamePassword_TestCase10" time="4.931"/>
</testsuite> <!-- zapcg.Capillary.LoginTestCases.Login_Invalid_TestCases -->
