<?xml version="1.0" encoding="UTF-8"?>
<!-- Generated by org.testng.reporters.JUnitReportReporter -->
<testsuite hostname="ZCBLRLP0293" failures="0" tests="7" name="zapcg.Capillary.LocationPageTestCases.Location_ExistingUser_TestCases" time="62.488" errors="0" timestamp="2024-08-07T16:59:34 IST" skipped="0">
  <testcase classname="zapcg.Capillary.LocationPageTestCases.Location_ExistingUser_TestCases" name="choose_ValidLocation_For_NewUser" time="8.975"/>
  <testcase classname="zapcg.Capillary.LocationPageTestCases.Location_ExistingUser_TestCases" name="verify_Choose_Location_Button_Availability" time="9.449"/>
  <testcase classname="zapcg.Capillary.LocationPageTestCases.Location_ExistingUser_TestCases" name="verify_Header_Of_MemberLookup_Screen" time="10.629"/>
  <testcase classname="zapcg.Capillary.LocationPageTestCases.Location_ExistingUser_TestCases" name="hamburgerIcon_MemberLookup_Navigation_From_LocationScreen" time="8.037"/>
  <testcase classname="zapcg.Capillary.LocationPageTestCases.Location_ExistingUser_TestCases" name="hamburgerIcon_MemberLocation_Navigation_From_LocationScreen" time="7.796"/>
  <testcase classname="zapcg.Capillary.LocationPageTestCases.Location_ExistingUser_TestCases" name="hamburger_Icon_Logout_From_LocationScreen" time="7.701"/>
  <testcase classname="zapcg.Capillary.LocationPageTestCases.Location_ExistingUser_TestCases" name="navigated_From_Location_To_LookupScreen_With_Valid_Inputs" time="9.901"/>
</testsuite> <!-- zapcg.Capillary.LocationPageTestCases.Location_ExistingUser_TestCases -->
