<?xml version="1.0" encoding="UTF-8"?>
<!-- Generated by org.testng.reporters.JUnitReportReporter -->
<testsuite hostname="ZCBLRLP0293" failures="0" tests="27" name="zapcg.Capillary.LoginTestCases.Login_Invalid_TestCases" time="158.786" errors="0" timestamp="2024-07-15T20:01:12 IST" skipped="0">
  <testcase classname="zapcg.Capillary.LoginTestCases.Login_Invalid_TestCases" name="test_Invalid_Username" time="5.128"/>
  <testcase classname="zapcg.Capillary.LoginTestCases.Login_Invalid_TestCases" name="test_Invalid_Username" time="5.704"/>
  <testcase classname="zapcg.Capillary.LoginTestCases.Login_Invalid_TestCases" name="test_Invalid_Username" time="7.092"/>
  <testcase classname="zapcg.Capillary.LoginTestCases.Login_Invalid_TestCases" name="test_Invalid_Password" time="5.807"/>
  <testcase classname="zapcg.Capillary.LoginTestCases.Login_Invalid_TestCases" name="test_Invalid_Password" time="5.368"/>
  <testcase classname="zapcg.Capillary.LoginTestCases.Login_Invalid_TestCases" name="test_Invalid_Password" time="9.166"/>
  <testcase classname="zapcg.Capillary.LoginTestCases.Login_Invalid_TestCases" name="test_TooLong_Username" time="4.697"/>
  <testcase classname="zapcg.Capillary.LoginTestCases.Login_Invalid_TestCases" name="test_TooLong_Username" time="4.797"/>
  <testcase classname="zapcg.Capillary.LoginTestCases.Login_Invalid_TestCases" name="test_TooLong_Username" time="6.628"/>
  <testcase classname="zapcg.Capillary.LoginTestCases.Login_Invalid_TestCases" name="test_MinLength_Password" time="4.961"/>
  <testcase classname="zapcg.Capillary.LoginTestCases.Login_Invalid_TestCases" name="test_MinLength_Password" time="5.474"/>
  <testcase classname="zapcg.Capillary.LoginTestCases.Login_Invalid_TestCases" name="test_MinLength_Password" time="7.161"/>
  <testcase classname="zapcg.Capillary.LoginTestCases.Login_Invalid_TestCases" name="test_Username_WithSpaces" time="5.398"/>
  <testcase classname="zapcg.Capillary.LoginTestCases.Login_Invalid_TestCases" name="test_Username_WithSpaces" time="6.683"/>
  <testcase classname="zapcg.Capillary.LoginTestCases.Login_Invalid_TestCases" name="test_Username_WithSpaces" time="4.976"/>
  <testcase classname="zapcg.Capillary.LoginTestCases.Login_Invalid_TestCases" name="verify_Enabled_LoginButton" time="7.445"/>
  <testcase classname="zapcg.Capillary.LoginTestCases.Login_Invalid_TestCases" name="verify_Enabled_LoginButton" time="6.380"/>
  <testcase classname="zapcg.Capillary.LoginTestCases.Login_Invalid_TestCases" name="verify_Enabled_LoginButton" time="5.119"/>
  <testcase classname="zapcg.Capillary.LoginTestCases.Login_Invalid_TestCases" name="verify_Disabled_LoginButton_EmptyUsername" time="4.552"/>
  <testcase classname="zapcg.Capillary.LoginTestCases.Login_Invalid_TestCases" name="verify_Disabled_LoginButton_EmptyUsername" time="4.817"/>
  <testcase classname="zapcg.Capillary.LoginTestCases.Login_Invalid_TestCases" name="verify_Disabled_LoginButton_EmptyUsername" time="9.015"/>
  <testcase classname="zapcg.Capillary.LoginTestCases.Login_Invalid_TestCases" name="verify_Disabled_LoginButton_EmptyPassword" time="7.294"/>
  <testcase classname="zapcg.Capillary.LoginTestCases.Login_Invalid_TestCases" name="verify_Disabled_LoginButton_EmptyPassword" time="4.407"/>
  <testcase classname="zapcg.Capillary.LoginTestCases.Login_Invalid_TestCases" name="verify_Disabled_LoginButton_EmptyPassword" time="4.945"/>
  <testcase classname="zapcg.Capillary.LoginTestCases.Login_Invalid_TestCases" name="verify_Disabled_LoginButton_EmptyUsernamePassword_TestCase10" time="4.739"/>
  <testcase classname="zapcg.Capillary.LoginTestCases.Login_Invalid_TestCases" name="verify_Disabled_LoginButton_EmptyUsernamePassword_TestCase10" time="4.598"/>
  <testcase classname="zapcg.Capillary.LoginTestCases.Login_Invalid_TestCases" name="verify_Disabled_LoginButton_EmptyUsernamePassword_TestCase10" time="6.435"/>
</testsuite> <!-- zapcg.Capillary.LoginTestCases.Login_Invalid_TestCases -->
