<?xml version="1.0" encoding="UTF-8"?>
<!-- Generated by org.testng.reporters.JUnitReportReporter -->
<testsuite hostname="ZCBLRLP0293" failures="0" tests="2" name="zapcg.Capillary.EarnPointPageTestCases.GoToPassPointMoreThanAvailablePoint" time="22.003" errors="0" timestamp="2024-07-15T12:16:17 IST" skipped="0">
  <testcase classname="zapcg.Capillary.EarnPointPageTestCases.GoToPassPointMoreThanAvailablePoint" name="verify_ValidationMessage_If_GoToPass_Is_Greater_Than_AvailablePoints" time="9.172"/>
  <testcase classname="zapcg.Capillary.EarnPointPageTestCases.GoToPassPointMoreThanAvailablePoint" name="verify_ValidationMessage_If_GoToPass_Is_Greater_Than_AvailablePoints" time="12.831"/>
</testsuite> <!-- zapcg.Capillary.EarnPointPageTestCases.GoToPassPointMoreThanAvailablePoint -->
