<?xml version="1.0" encoding="UTF-8"?>
<!-- Generated by org.testng.reporters.JUnitReportReporter -->
<testsuite hostname="ZCBLRLP0293" failures="0" tests="18" name="zapcg.Capillary.EarnPointPageTestCases.EarnPoint_Valid_TestCases" time="158.737" errors="0" timestamp="2024-07-29T16:30:55 IST" skipped="0">
  <testcase classname="zapcg.Capillary.EarnPointPageTestCases.EarnPoint_Valid_TestCases" name="verify_NonEditable_LocationField" time="8.392"/>
  <testcase classname="zapcg.Capillary.EarnPointPageTestCases.EarnPoint_Valid_TestCases" name="verify_NonEditable_DateField" time="8.632"/>
  <testcase classname="zapcg.Capillary.EarnPointPageTestCases.EarnPoint_Valid_TestCases" name="verify_NonEditable_TimeField" time="8.366"/>
  <testcase classname="zapcg.Capillary.EarnPointPageTestCases.EarnPoint_Valid_TestCases" name="verify_EarnPoints_Navigation_From_MeberDetailsScreen" time="8.550"/>
  <testcase classname="zapcg.Capillary.EarnPointPageTestCases.EarnPoint_Valid_TestCases" name="verify_MemberDetails_Content_Displaying_On_EarnPointScreen" time="8.513"/>
  <testcase classname="zapcg.Capillary.EarnPointPageTestCases.EarnPoint_Valid_TestCases" name="verify_HeaderHyperlink_On_EarnPoint_Page" time="8.828"/>
  <testcase classname="zapcg.Capillary.EarnPointPageTestCases.EarnPoint_Valid_TestCases" name="verify_BackButton_Navigation_On_EarnPoint_Page" time="8.283"/>
  <testcase classname="zapcg.Capillary.EarnPointPageTestCases.EarnPoint_Valid_TestCases" name="verify_Hamburger_MemberLookupOption_From_EarnPoint_Page" time="9.264"/>
  <testcase classname="zapcg.Capillary.EarnPointPageTestCases.EarnPoint_Valid_TestCases" name="verify_Hamburger_LocationOption_From_EarnPoint_Page" time="9.897"/>
  <testcase classname="zapcg.Capillary.EarnPointPageTestCases.EarnPoint_Valid_TestCases" name="verify_HamBurger_LogoutOption_From_EarnPoint_Page" time="9.399"/>
  <testcase classname="zapcg.Capillary.EarnPointPageTestCases.EarnPoint_Valid_TestCases" name="verify_Date_Equal_To_System_CurrentDate" time="8.126"/>
  <testcase classname="zapcg.Capillary.EarnPointPageTestCases.EarnPoint_Valid_TestCases" name="verify_Time_Equal_To_System_CurrentTime" time="8.570"/>
  <testcase classname="zapcg.Capillary.EarnPointPageTestCases.EarnPoint_Valid_TestCases" name="verify_With_Empty_TransactionAmount" time="8.369"/>
  <testcase classname="zapcg.Capillary.EarnPointPageTestCases.EarnPoint_Valid_TestCases" name="empty_TxnAmount_But_GoToPassPoint_Value" time="7.942"/>
  <testcase classname="zapcg.Capillary.EarnPointPageTestCases.EarnPoint_Valid_TestCases" name="verifySuccessMessageForOnlyTransactionAmount" time="10.466"/>
  <testcase classname="zapcg.Capillary.EarnPointPageTestCases.EarnPoint_Valid_TestCases" name="verify_TaxAssumedAmount" time="8.796"/>
  <testcase classname="zapcg.Capillary.EarnPointPageTestCases.EarnPoint_Valid_TestCases" name="verify_Eligible_EarningPoints" time="7.956"/>
  <testcase classname="zapcg.Capillary.EarnPointPageTestCases.EarnPoint_Valid_TestCases" name="verify_ExceedThresold_SuccessMessage" time="10.388"/>
</testsuite> <!-- zapcg.Capillary.EarnPointPageTestCases.EarnPoint_Valid_TestCases -->
