<?xml version="1.0" encoding="UTF-8"?>
<!-- Generated by org.testng.reporters.JUnitReportReporter -->
<testsuite hostname="ZCBLRLP0293" failures="0" tests="28" name="zapcg.Capillary.LocationPageTestCases.Location_ExistingUser_TestCases" time="161.475" errors="1" timestamp="2024-07-15T20:01:12 IST" skipped="9">
  <testcase classname="zapcg.Capillary.LocationPageTestCases.Location_ExistingUser_TestCases" name="initialize" time="36.031">
    <error message="Unable to locate element: //button[@id=&#039;MSMENUI3&#039;]
For documentation on this error, please visit: https://www.selenium.dev/documentation/webdriver/troubleshooting/errors#no-such-element-exception
Build info: version: &#039;4.22.0&#039;, revision: &#039;c5f3146703*&#039;
System info: os.name: &#039;Windows 10&#039;, os.arch: &#039;amd64&#039;, os.version: &#039;10.0&#039;, java.version: &#039;15.0.2&#039;
Driver info: org.openqa.selenium.firefox.FirefoxDriver
Command: [db33a2ac-7586-4610-bcb4-f7a3814bb65d, findElement {using=xpath, value=//button[@id=&#039;MSMENUI3&#039;]}]
Capabilities {acceptInsecureCerts: true, browserName: firefox, browserVersion: 129.0, moz:accessibilityChecks: false, moz:buildID: 20240712091545, moz:debuggerAddress: 127.0.0.1:42777, moz:geckodriverVersion: 0.34.0, moz:headless: false, moz:platformVersion: 10.0, moz:processID: 38188, moz:profile: C:\Users\KAJALS~1\AppData\L..., moz:shutdownTimeout: 60000, moz:webdriverClick: true, moz:windowless: false, pageLoadStrategy: normal, platformName: windows, proxy: Proxy(), se:cdp: ws://127.0.0.1:42777/devtoo..., se:cdpVersion: 85.0, setWindowRect: true, strictFileInteractability: false, timeouts: {implicit: 0, pageLoad: 300000, script: 30000}, unhandledPromptBehavior: dismiss and notify, userAgent: Mozilla/5.0 (Windows NT 10....}
Session ID: db33a2ac-7586-4610-bcb4-f7a3814bb65d" type="org.openqa.selenium.NoSuchElementException">
      <![CDATA[org.openqa.selenium.NoSuchElementException: Unable to locate element: //button[@id='MSMENUI3']
For documentation on this error, please visit: https://www.selenium.dev/documentation/webdriver/troubleshooting/errors#no-such-element-exception
Build info: version: '4.22.0', revision: 'c5f3146703*'
System info: os.name: 'Windows 10', os.arch: 'amd64', os.version: '10.0', java.version: '15.0.2'
Driver info: org.openqa.selenium.firefox.FirefoxDriver
Command: [db33a2ac-7586-4610-bcb4-f7a3814bb65d, findElement {using=xpath, value=//button[@id='MSMENUI3']}]
Capabilities {acceptInsecureCerts: true, browserName: firefox, browserVersion: 129.0, moz:accessibilityChecks: false, moz:buildID: 20240712091545, moz:debuggerAddress: 127.0.0.1:42777, moz:geckodriverVersion: 0.34.0, moz:headless: false, moz:platformVersion: 10.0, moz:processID: 38188, moz:profile: C:\Users\KAJALS~1\AppData\L..., moz:shutdownTimeout: 60000, moz:webdriverClick: true, moz:windowless: false, pageLoadStrategy: normal, platformName: windows, proxy: Proxy(), se:cdp: ws://127.0.0.1:42777/devtoo..., se:cdpVersion: 85.0, setWindowRect: true, strictFileInteractability: false, timeouts: {implicit: 0, pageLoad: 300000, script: 30000}, unhandledPromptBehavior: dismiss and notify, userAgent: Mozilla/5.0 (Windows NT 10....}
Session ID: db33a2ac-7586-4610-bcb4-f7a3814bb65d
at jdk.internal.reflect.GeneratedConstructorAccessor46.newInstance(Unknown Source)
at java.base/jdk.internal.reflect.DelegatingConstructorAccessorImpl.newInstance(DelegatingConstructorAccessorImpl.java:45)
at java.base/java.lang.reflect.Constructor.newInstanceWithCaller(Constructor.java:500)
at java.base/java.lang.reflect.Constructor.newInstance(Constructor.java:481)
at org.openqa.selenium.remote.ErrorCodec.decode(ErrorCodec.java:167)
at org.openqa.selenium.remote.codec.w3c.W3CHttpResponseCodec.decode(W3CHttpResponseCodec.java:138)
at org.openqa.selenium.remote.codec.w3c.W3CHttpResponseCodec.decode(W3CHttpResponseCodec.java:50)
at org.openqa.selenium.remote.HttpCommandExecutor.execute(HttpCommandExecutor.java:190)
at org.openqa.selenium.remote.service.DriverCommandExecutor.invokeExecute(DriverCommandExecutor.java:216)
at org.openqa.selenium.remote.service.DriverCommandExecutor.execute(DriverCommandExecutor.java:174)
at org.openqa.selenium.remote.RemoteWebDriver.execute(RemoteWebDriver.java:518)
at org.openqa.selenium.remote.ElementLocation$ElementFinder$2.findElement(ElementLocation.java:165)
at org.openqa.selenium.remote.ElementLocation.findElement(ElementLocation.java:59)
at org.openqa.selenium.remote.RemoteWebDriver.findElement(RemoteWebDriver.java:355)
at org.openqa.selenium.remote.RemoteWebDriver.findElement(RemoteWebDriver.java:349)
at org.openqa.selenium.support.pagefactory.DefaultElementLocator.findElement(DefaultElementLocator.java:68)
at org.openqa.selenium.support.pagefactory.internal.LocatingElementHandler.invoke(LocatingElementHandler.java:38)
at com.sun.proxy.$Proxy19.isDisplayed(Unknown Source)
at org.openqa.selenium.support.ui.ExpectedConditions.elementIfVisible(ExpectedConditions.java:304)
at org.openqa.selenium.support.ui.ExpectedConditions$10.apply(ExpectedConditions.java:290)
at org.openqa.selenium.support.ui.ExpectedConditions$10.apply(ExpectedConditions.java:287)
at org.openqa.selenium.support.ui.ExpectedConditions$23.apply(ExpectedConditions.java:656)
at org.openqa.selenium.support.ui.ExpectedConditions$23.apply(ExpectedConditions.java:652)
at org.openqa.selenium.support.ui.FluentWait.until(FluentWait.java:203)
at zapcg.Capillary.PageObject.memberLookupPage.clickOnHamburgerIcon(memberLookupPage.java:318)
at zapcg.Capillary.LocationPageTestCases.Location_ExistingUser_TestCases.initialize(Location_ExistingUser_TestCases.java:36)
at jdk.internal.reflect.GeneratedMethodAccessor37.invoke(Unknown Source)
at java.base/jdk.internal.reflect.DelegatingMethodAccessorImpl.invoke(DelegatingMethodAccessorImpl.java:43)
at java.base/java.lang.reflect.Method.invoke(Method.java:564)
at org.testng.internal.invokers.MethodInvocationHelper.invokeMethod(MethodInvocationHelper.java:141)
at org.testng.internal.invokers.MethodInvocationHelper.invokeMethodConsideringTimeout(MethodInvocationHelper.java:71)
at org.testng.internal.invokers.ConfigInvoker.invokeConfigurationMethod(ConfigInvoker.java:400)
at org.testng.internal.invokers.ConfigInvoker.invokeConfigurations(ConfigInvoker.java:333)
at org.testng.internal.invokers.TestInvoker.runConfigMethods(TestInvoker.java:833)
at org.testng.internal.invokers.TestInvoker.invokeMethod(TestInvoker.java:600)
at org.testng.internal.invokers.TestInvoker.invokeTestMethod(TestInvoker.java:230)
at org.testng.internal.invokers.MethodRunner.runInSequence(MethodRunner.java:63)
at org.testng.internal.invokers.TestInvoker$MethodInvocationAgent.invoke(TestInvoker.java:992)
at org.testng.internal.invokers.TestInvoker.invokeTestMethods(TestInvoker.java:203)
at org.testng.internal.invokers.TestMethodWorker.invokeTestMethods(TestMethodWorker.java:154)
at org.testng.internal.invokers.TestMethodWorker.run(TestMethodWorker.java:134)
at java.base/java.util.ArrayList.forEach(ArrayList.java:1511)
at org.testng.TestRunner.privateRun(TestRunner.java:739)
at org.testng.TestRunner.run(TestRunner.java:614)
at org.testng.SuiteRunner.runTest(SuiteRunner.java:421)
at org.testng.SuiteRunner.runSequentially(SuiteRunner.java:413)
at org.testng.SuiteRunner.privateRun(SuiteRunner.java:373)
at org.testng.SuiteRunner.run(SuiteRunner.java:312)
at org.testng.SuiteRunnerWorker.runSuite(SuiteRunnerWorker.java:52)
at org.testng.SuiteRunnerWorker.run(SuiteRunnerWorker.java:95)
at org.testng.TestNG.runSuitesSequentially(TestNG.java:1274)
at org.testng.TestNG.runSuitesLocally(TestNG.java:1208)
at org.testng.TestNG.runSuites(TestNG.java:1112)
at org.testng.TestNG.run(TestNG.java:1079)
at org.testng.remote.AbstractRemoteTestNG.run(AbstractRemoteTestNG.java:115)
at org.testng.remote.RemoteTestNG.initAndRun(RemoteTestNG.java:293)
at org.testng.remote.RemoteTestNG.main(RemoteTestNG.java:91)
]]>
    </error>
  </testcase> <!-- initialize -->
  <testcase classname="zapcg.Capillary.LocationPageTestCases.Location_ExistingUser_TestCases" name="verify_Able_To_SelectOption_From_DropDown" time="6.588"/>
  <testcase classname="zapcg.Capillary.LocationPageTestCases.Location_ExistingUser_TestCases" name="verify_Able_To_SelectOption_From_DropDown" time="5.875"/>
  <testcase classname="zapcg.Capillary.LocationPageTestCases.Location_ExistingUser_TestCases" name="verify_Able_To_SelectOption_From_DropDown" time="0.000">
    <skipped/>
  </testcase> <!-- verify_Able_To_SelectOption_From_DropDown -->
  <testcase classname="zapcg.Capillary.LocationPageTestCases.Location_ExistingUser_TestCases" name="verify_Choose_Location_Button_Availability" time="7.761"/>
  <testcase classname="zapcg.Capillary.LocationPageTestCases.Location_ExistingUser_TestCases" name="verify_Choose_Location_Button_Availability" time="0.000">
    <skipped/>
  </testcase> <!-- verify_Choose_Location_Button_Availability -->
  <testcase classname="zapcg.Capillary.LocationPageTestCases.Location_ExistingUser_TestCases" name="verify_Choose_Location_Button_Availability" time="7.961"/>
  <testcase classname="zapcg.Capillary.LocationPageTestCases.Location_ExistingUser_TestCases" name="verify_Header_Of_MemberLookup_Screen" time="9.833"/>
  <testcase classname="zapcg.Capillary.LocationPageTestCases.Location_ExistingUser_TestCases" name="verify_Header_Of_MemberLookup_Screen" time="6.926"/>
  <testcase classname="zapcg.Capillary.LocationPageTestCases.Location_ExistingUser_TestCases" name="verify_Header_Of_MemberLookup_Screen" time="0.000">
    <skipped/>
  </testcase> <!-- verify_Header_Of_MemberLookup_Screen -->
  <testcase classname="zapcg.Capillary.LocationPageTestCases.Location_ExistingUser_TestCases" name="hamburgerIcon_MemberLookup_Navigation_From_LocationScreen" time="7.314"/>
  <testcase classname="zapcg.Capillary.LocationPageTestCases.Location_ExistingUser_TestCases" name="hamburgerIcon_MemberLookup_Navigation_From_LocationScreen" time="0.000">
    <skipped/>
  </testcase> <!-- hamburgerIcon_MemberLookup_Navigation_From_LocationScreen -->
  <testcase classname="zapcg.Capillary.LocationPageTestCases.Location_ExistingUser_TestCases" name="hamburgerIcon_MemberLookup_Navigation_From_LocationScreen" time="6.489"/>
  <testcase classname="zapcg.Capillary.LocationPageTestCases.Location_ExistingUser_TestCases" name="hamburgerIcon_MemberLocation_Navigation_From_LocationScreen" time="6.558"/>
  <testcase classname="zapcg.Capillary.LocationPageTestCases.Location_ExistingUser_TestCases" name="hamburgerIcon_MemberLocation_Navigation_From_LocationScreen" time="0.000">
    <skipped/>
  </testcase> <!-- hamburgerIcon_MemberLocation_Navigation_From_LocationScreen -->
  <testcase classname="zapcg.Capillary.LocationPageTestCases.Location_ExistingUser_TestCases" name="hamburgerIcon_MemberLocation_Navigation_From_LocationScreen" time="5.860"/>
  <testcase classname="zapcg.Capillary.LocationPageTestCases.Location_ExistingUser_TestCases" name="hamburger_Icon_Logout_From_LocationScreen" time="0.000">
    <skipped/>
  </testcase> <!-- hamburger_Icon_Logout_From_LocationScreen -->
  <testcase classname="zapcg.Capillary.LocationPageTestCases.Location_ExistingUser_TestCases" name="hamburger_Icon_Logout_From_LocationScreen" time="6.556"/>
  <testcase classname="zapcg.Capillary.LocationPageTestCases.Location_ExistingUser_TestCases" name="hamburger_Icon_Logout_From_LocationScreen" time="6.453"/>
  <testcase classname="zapcg.Capillary.LocationPageTestCases.Location_ExistingUser_TestCases" name="navigated_From_Location_To_LookupScreen_With_Valid_Inputs" time="6.810"/>
  <testcase classname="zapcg.Capillary.LocationPageTestCases.Location_ExistingUser_TestCases" name="navigated_From_Location_To_LookupScreen_With_Valid_Inputs" time="0.000">
    <skipped/>
  </testcase> <!-- navigated_From_Location_To_LookupScreen_With_Valid_Inputs -->
  <testcase classname="zapcg.Capillary.LocationPageTestCases.Location_ExistingUser_TestCases" name="navigated_From_Location_To_LookupScreen_With_Valid_Inputs" time="7.837"/>
  <testcase classname="zapcg.Capillary.LocationPageTestCases.Location_ExistingUser_TestCases" name="choose_ValidLocation_For_NewUser" time="7.020"/>
  <testcase classname="zapcg.Capillary.LocationPageTestCases.Location_ExistingUser_TestCases" name="choose_ValidLocation_For_NewUser" time="0.000">
    <skipped/>
  </testcase> <!-- choose_ValidLocation_For_NewUser -->
  <testcase classname="zapcg.Capillary.LocationPageTestCases.Location_ExistingUser_TestCases" name="choose_ValidLocation_For_NewUser" time="8.027"/>
  <testcase classname="zapcg.Capillary.LocationPageTestCases.Location_ExistingUser_TestCases" name="verify_DropDown_Availability" time="0.000">
    <skipped/>
  </testcase> <!-- verify_DropDown_Availability -->
  <testcase classname="zapcg.Capillary.LocationPageTestCases.Location_ExistingUser_TestCases" name="verify_DropDown_Availability" time="6.024"/>
  <testcase classname="zapcg.Capillary.LocationPageTestCases.Location_ExistingUser_TestCases" name="verify_DropDown_Availability" time="5.552"/>
</testsuite> <!-- zapcg.Capillary.LocationPageTestCases.Location_ExistingUser_TestCases -->
