<?xml version="1.0" encoding="UTF-8"?>
<!-- Generated by org.testng.reporters.JUnitReportReporter -->
<testsuite hostname="ZCBLRLP0293" failures="0" tests="1" name="zapcg.Capillary.EarnPointPageTestCases.pointVerificationAfterRedeemingPoints" time="14.462" errors="0" timestamp="2024-07-04T15:03:15 IST" skipped="0">
  <testcase classname="zapcg.Capillary.EarnPointPageTestCases.pointVerificationAfterRedeemingPoints" name="testing" time="14.462"/>
</testsuite> <!-- zapcg.Capillary.EarnPointPageTestCases.pointVerificationAfterRedeemingPoints -->
