<?xml version="1.0" encoding="UTF-8"?>
<!-- Generated by org.testng.reporters.JUnitReportReporter -->
<testsuite hostname="ZCBLRLP0293" failures="0" tests="10" name="zapcg.Capillary.MemberLookupTestCases.memberLookup_Invalid_TestCases" time="102.859" errors="0" timestamp="2024-07-15T12:16:17 IST" skipped="0">
  <testcase classname="zapcg.Capillary.MemberLookupTestCases.memberLookup_Invalid_TestCases" name="verify_Invalid_MemberID" time="12.545"/>
  <testcase classname="zapcg.Capillary.MemberLookupTestCases.memberLookup_Invalid_TestCases" name="verify_Invalid_MemberID" time="7.475"/>
  <testcase classname="zapcg.Capillary.MemberLookupTestCases.memberLookup_Invalid_TestCases" name="verify_MemberId_Field_MaxLength" time="12.137"/>
  <testcase classname="zapcg.Capillary.MemberLookupTestCases.memberLookup_Invalid_TestCases" name="verify_MemberId_Field_MaxLength" time="7.900"/>
  <testcase classname="zapcg.Capillary.MemberLookupTestCases.memberLookup_Invalid_TestCases" name="verify_Invalid_CardNumber_MinLength" time="12.136"/>
  <testcase classname="zapcg.Capillary.MemberLookupTestCases.memberLookup_Invalid_TestCases" name="verify_Invalid_CardNumber_MinLength" time="9.325"/>
  <testcase classname="zapcg.Capillary.MemberLookupTestCases.memberLookup_Invalid_TestCases" name="verify_CardNumber_Field_MaxLength" time="12.697"/>
  <testcase classname="zapcg.Capillary.MemberLookupTestCases.memberLookup_Invalid_TestCases" name="verify_CardNumber_Field_MaxLength" time="11.095"/>
  <testcase classname="zapcg.Capillary.MemberLookupTestCases.memberLookup_Invalid_TestCases" name="verify_Empty_CardNumber_ButtonIsDisabled" time="6.943"/>
  <testcase classname="zapcg.Capillary.MemberLookupTestCases.memberLookup_Invalid_TestCases" name="verify_Empty_CardNumber_ButtonIsDisabled" time="10.606"/>
</testsuite> <!-- zapcg.Capillary.MemberLookupTestCases.memberLookup_Invalid_TestCases -->
