<?xml version="1.0" encoding="UTF-8"?>
<!-- Generated by org.testng.reporters.JUnitReportReporter -->
<testsuite hostname="ZCBLRLP0293" failures="0" tests="10" name="zapcg.Capillary.MemberDetailsTestCases.memberDetails_TestCases" time="1.766" errors="1" timestamp="2024-07-10T16:47:56 IST" skipped="9">
  <testcase classname="zapcg.Capillary.MemberDetailsTestCases.memberDetails_TestCases" name="initialize" time="1.765">
    <error message="Cannot invoke &quot;org.openqa.selenium.WebDriver.get(String)&quot; because &quot;zapcg.Capillary.MemberDetailsTestCases.memberDetails_TestCases.driver&quot; is null" type="java.lang.NullPointerException">
      <![CDATA[java.lang.NullPointerException: Cannot invoke "org.openqa.selenium.WebDriver.get(String)" because "zapcg.Capillary.MemberDetailsTestCases.memberDetails_TestCases.driver" is null
at zapcg.Capillary.MemberDetailsTestCases.memberDetails_TestCases.initialize(memberDetails_TestCases.java:27)
at java.base/jdk.internal.reflect.NativeMethodAccessorImpl.invoke0(Native Method)
at java.base/jdk.internal.reflect.NativeMethodAccessorImpl.invoke(NativeMethodAccessorImpl.java:64)
at java.base/jdk.internal.reflect.DelegatingMethodAccessorImpl.invoke(DelegatingMethodAccessorImpl.java:43)
at java.base/java.lang.reflect.Method.invoke(Method.java:564)
at org.testng.internal.invokers.MethodInvocationHelper.invokeMethod(MethodInvocationHelper.java:141)
at org.testng.internal.invokers.MethodInvocationHelper.invokeMethodConsideringTimeout(MethodInvocationHelper.java:71)
at org.testng.internal.invokers.ConfigInvoker.invokeConfigurationMethod(ConfigInvoker.java:400)
at org.testng.internal.invokers.ConfigInvoker.invokeConfigurations(ConfigInvoker.java:333)
at org.testng.internal.invokers.TestInvoker.runConfigMethods(TestInvoker.java:833)
at org.testng.internal.invokers.TestInvoker.invokeMethod(TestInvoker.java:600)
at org.testng.internal.invokers.TestInvoker.invokeTestMethod(TestInvoker.java:230)
at org.testng.internal.invokers.MethodRunner.runInSequence(MethodRunner.java:63)
at org.testng.internal.invokers.TestInvoker$MethodInvocationAgent.invoke(TestInvoker.java:992)
at org.testng.internal.invokers.TestInvoker.invokeTestMethods(TestInvoker.java:203)
at org.testng.internal.invokers.TestMethodWorker.invokeTestMethods(TestMethodWorker.java:154)
at org.testng.internal.invokers.TestMethodWorker.run(TestMethodWorker.java:134)
at java.base/java.util.ArrayList.forEach(ArrayList.java:1511)
at org.testng.TestRunner.privateRun(TestRunner.java:739)
at org.testng.TestRunner.run(TestRunner.java:614)
at org.testng.SuiteRunner.runTest(SuiteRunner.java:421)
at org.testng.SuiteRunner$SuiteWorker.run(SuiteRunner.java:463)
at org.testng.internal.thread.ThreadUtil.lambda$execute$0(ThreadUtil.java:64)
at java.base/java.util.concurrent.FutureTask.run(FutureTask.java:264)
at java.base/java.util.concurrent.ThreadPoolExecutor.runWorker(ThreadPoolExecutor.java:1130)
at java.base/java.util.concurrent.ThreadPoolExecutor$Worker.run(ThreadPoolExecutor.java:630)
at java.base/java.lang.Thread.run(Thread.java:832)
]]>
    </error>
  </testcase> <!-- initialize -->
  <testcase classname="zapcg.Capillary.MemberDetailsTestCases.memberDetails_TestCases" name="verify_MemberDetails_Navigation_From_MeberLookupScreen_To_MemberDetailsPage" time="0.001">
    <skipped/>
  </testcase> <!-- verify_MemberDetails_Navigation_From_MeberLookupScreen_To_MemberDetailsPage -->
  <testcase classname="zapcg.Capillary.MemberDetailsTestCases.memberDetails_TestCases" name="verify_MemberDetails_Displaying" time="0.000">
    <skipped/>
  </testcase> <!-- verify_MemberDetails_Displaying -->
  <testcase classname="zapcg.Capillary.MemberDetailsTestCases.memberDetails_TestCases" name="verify_MemberDetails_ContentDisplaying" time="0.000">
    <skipped/>
  </testcase> <!-- verify_MemberDetails_ContentDisplaying -->
  <testcase classname="zapcg.Capillary.MemberDetailsTestCases.memberDetails_TestCases" name="verify_Enabled_EnterReceiptDetails_Button" time="0.000">
    <skipped/>
  </testcase> <!-- verify_Enabled_EnterReceiptDetails_Button -->
  <testcase classname="zapcg.Capillary.MemberDetailsTestCases.memberDetails_TestCases" name="verify_Header_MemberDetailsScreen" time="0.000">
    <skipped/>
  </testcase> <!-- verify_Header_MemberDetailsScreen -->
  <testcase classname="zapcg.Capillary.MemberDetailsTestCases.memberDetails_TestCases" name="verify_Hamburger_MemberLookup_Option_on_MemberDetails" time="0.000">
    <skipped/>
  </testcase> <!-- verify_Hamburger_MemberLookup_Option_on_MemberDetails -->
  <testcase classname="zapcg.Capillary.MemberDetailsTestCases.memberDetails_TestCases" name="verify_Hamburger_LocationOption_On_MemberDetails" time="0.000">
    <skipped/>
  </testcase> <!-- verify_Hamburger_LocationOption_On_MemberDetails -->
  <testcase classname="zapcg.Capillary.MemberDetailsTestCases.memberDetails_TestCases" name="verify_Hamburger_LogoutOption_On_MemberDetails" time="0.000">
    <skipped/>
  </testcase> <!-- verify_Hamburger_LogoutOption_On_MemberDetails -->
  <testcase classname="zapcg.Capillary.MemberDetailsTestCases.memberDetails_TestCases" name="verify_BackButton_On_MemberDetails_Screen" time="0.000">
    <skipped/>
  </testcase> <!-- verify_BackButton_On_MemberDetails_Screen -->
</testsuite> <!-- zapcg.Capillary.MemberDetailsTestCases.memberDetails_TestCases -->
