<?xml version="1.0" encoding="UTF-8"?>
<!-- Generated by org.testng.reporters.JUnitReportReporter -->
<testsuite hostname="ZCBLRLP0293" failures="0" tests="10" name="zapcg.Capillary.LoginTestCases.Login_Invalid_TestCases" time="1.603" errors="1" timestamp="2024-07-10T16:47:56 IST" skipped="9">
  <testcase classname="zapcg.Capillary.LoginTestCases.Login_Invalid_TestCases" name="initialize" time="1.603">
    <error message="Cannot invoke &quot;org.openqa.selenium.WebDriver.get(String)&quot; because &quot;zapcg.Capillary.LoginTestCases.Login_Invalid_TestCases.driver&quot; is null" type="java.lang.NullPointerException">
      <![CDATA[java.lang.NullPointerException: Cannot invoke "org.openqa.selenium.WebDriver.get(String)" because "zapcg.Capillary.LoginTestCases.Login_Invalid_TestCases.driver" is null
at zapcg.Capillary.LoginTestCases.Login_Invalid_TestCases.initialize(Login_Invalid_TestCases.java:26)
at java.base/jdk.internal.reflect.NativeMethodAccessorImpl.invoke0(Native Method)
at java.base/jdk.internal.reflect.NativeMethodAccessorImpl.invoke(NativeMethodAccessorImpl.java:64)
at java.base/jdk.internal.reflect.DelegatingMethodAccessorImpl.invoke(DelegatingMethodAccessorImpl.java:43)
at java.base/java.lang.reflect.Method.invoke(Method.java:564)
at org.testng.internal.invokers.MethodInvocationHelper.invokeMethod(MethodInvocationHelper.java:141)
at org.testng.internal.invokers.MethodInvocationHelper.invokeMethodConsideringTimeout(MethodInvocationHelper.java:71)
at org.testng.internal.invokers.ConfigInvoker.invokeConfigurationMethod(ConfigInvoker.java:400)
at org.testng.internal.invokers.ConfigInvoker.invokeConfigurations(ConfigInvoker.java:333)
at org.testng.internal.invokers.TestInvoker.runConfigMethods(TestInvoker.java:833)
at org.testng.internal.invokers.TestInvoker.invokeMethod(TestInvoker.java:600)
at org.testng.internal.invokers.TestInvoker.invokeTestMethod(TestInvoker.java:230)
at org.testng.internal.invokers.MethodRunner.runInSequence(MethodRunner.java:63)
at org.testng.internal.invokers.TestInvoker$MethodInvocationAgent.invoke(TestInvoker.java:992)
at org.testng.internal.invokers.TestInvoker.invokeTestMethods(TestInvoker.java:203)
at org.testng.internal.invokers.TestMethodWorker.invokeTestMethods(TestMethodWorker.java:154)
at org.testng.internal.invokers.TestMethodWorker.run(TestMethodWorker.java:134)
at java.base/java.util.ArrayList.forEach(ArrayList.java:1511)
at org.testng.TestRunner.privateRun(TestRunner.java:739)
at org.testng.TestRunner.run(TestRunner.java:614)
at org.testng.SuiteRunner.runTest(SuiteRunner.java:421)
at org.testng.SuiteRunner$SuiteWorker.run(SuiteRunner.java:463)
at org.testng.internal.thread.ThreadUtil.lambda$execute$0(ThreadUtil.java:64)
at java.base/java.util.concurrent.FutureTask.run(FutureTask.java:264)
at java.base/java.util.concurrent.ThreadPoolExecutor.runWorker(ThreadPoolExecutor.java:1130)
at java.base/java.util.concurrent.ThreadPoolExecutor$Worker.run(ThreadPoolExecutor.java:630)
at java.base/java.lang.Thread.run(Thread.java:832)
]]>
    </error>
  </testcase> <!-- initialize -->
  <testcase classname="zapcg.Capillary.LoginTestCases.Login_Invalid_TestCases" name="test_Invalid_Username" time="0.000">
    <skipped/>
  </testcase> <!-- test_Invalid_Username -->
  <testcase classname="zapcg.Capillary.LoginTestCases.Login_Invalid_TestCases" name="test_Invalid_Password" time="0.000">
    <skipped/>
  </testcase> <!-- test_Invalid_Password -->
  <testcase classname="zapcg.Capillary.LoginTestCases.Login_Invalid_TestCases" name="test_TooLong_Username" time="0.000">
    <skipped/>
  </testcase> <!-- test_TooLong_Username -->
  <testcase classname="zapcg.Capillary.LoginTestCases.Login_Invalid_TestCases" name="test_MinLength_Password" time="0.000">
    <skipped/>
  </testcase> <!-- test_MinLength_Password -->
  <testcase classname="zapcg.Capillary.LoginTestCases.Login_Invalid_TestCases" name="test_Username_WithSpaces" time="0.000">
    <skipped/>
  </testcase> <!-- test_Username_WithSpaces -->
  <testcase classname="zapcg.Capillary.LoginTestCases.Login_Invalid_TestCases" name="verify_Enabled_LoginButton" time="0.000">
    <skipped/>
  </testcase> <!-- verify_Enabled_LoginButton -->
  <testcase classname="zapcg.Capillary.LoginTestCases.Login_Invalid_TestCases" name="verify_Disabled_LoginButton_EmptyUsername" time="0.000">
    <skipped/>
  </testcase> <!-- verify_Disabled_LoginButton_EmptyUsername -->
  <testcase classname="zapcg.Capillary.LoginTestCases.Login_Invalid_TestCases" name="verify_Disabled_LoginButton_EmptyPassword" time="0.000">
    <skipped/>
  </testcase> <!-- verify_Disabled_LoginButton_EmptyPassword -->
  <testcase classname="zapcg.Capillary.LoginTestCases.Login_Invalid_TestCases" name="verify_Disabled_LoginButton_EmptyUsernamePassword_TestCase10" time="0.000">
    <skipped/>
  </testcase> <!-- verify_Disabled_LoginButton_EmptyUsernamePassword_TestCase10 -->
</testsuite> <!-- zapcg.Capillary.LoginTestCases.Login_Invalid_TestCases -->
