<?xml version="1.0" encoding="UTF-8"?>
<!-- Generated by org.testng.reporters.JUnitReportReporter -->
<testsuite hostname="ZCBLRLP0293" failures="0" tests="1" name="zapcg.Capillary.EarnPointPageTestCases.OneTimeExecution_SuccessMessage_RedeemPoint" time="10.991" errors="0" timestamp="2024-07-29T16:30:55 IST" skipped="0">
  <testcase classname="zapcg.Capillary.EarnPointPageTestCases.OneTimeExecution_SuccessMessage_RedeemPoint" name="verify_SuccessMessage_For_RedeemPoint" time="10.991"/>
</testsuite> <!-- zapcg.Capillary.EarnPointPageTestCases.OneTimeExecution_SuccessMessage_RedeemPoint -->
