<?xml version="1.0" encoding="UTF-8"?>
<!-- Generated by org.testng.reporters.JUnitReportReporter -->
<testsuite hostname="ZCBLRLP0293" failures="0" tests="3" name="zapcg.Capillary.EarnPointPageTestCases.OneTimeExecution_SuccessMessage_RedeemPoint" time="32.092" errors="0" timestamp="2024-07-31T13:38:51 IST" skipped="0">
  <testcase classname="zapcg.Capillary.EarnPointPageTestCases.OneTimeExecution_SuccessMessage_RedeemPoint" name="verify_SuccessMessage_For_RedeemPoint" time="9.162"/>
  <testcase classname="zapcg.Capillary.EarnPointPageTestCases.OneTimeExecution_SuccessMessage_RedeemPoint" name="verify_SuccessMessage_For_RedeemPoint" time="13.959"/>
  <testcase classname="zapcg.Capillary.EarnPointPageTestCases.OneTimeExecution_SuccessMessage_RedeemPoint" name="verify_SuccessMessage_For_RedeemPoint" time="8.971"/>
</testsuite> <!-- zapcg.Capillary.EarnPointPageTestCases.OneTimeExecution_SuccessMessage_RedeemPoint -->
