<?xml version="1.0" encoding="UTF-8"?>
<!-- Generated by org.testng.reporters.JUnitReportReporter -->
<testsuite hostname="ZCBLRLP0293" failures="2" tests="115" name="zapcg.Capillary.LocationPageTestCases.Location_ExistingUser_TestCases" time="700.047" errors="9" timestamp="2024-07-06T13:33:51 IST" skipped="60">
  <testcase classname="zapcg.Capillary.LocationPageTestCases.Location_ExistingUser_TestCases" name="initialize" time="39.334">
    <error message="TypeError: can&#039;t access property &quot;getActor&quot;, browsingContext.currentWindowGlobal is null
Build info: version: &#039;4.22.0&#039;, revision: &#039;c5f3146703*&#039;
System info: os.name: &#039;Windows 10&#039;, os.arch: &#039;amd64&#039;, os.version: &#039;10.0&#039;, java.version: &#039;15.0.2&#039;
Driver info: org.openqa.selenium.firefox.FirefoxDriver
Command: [9a6a6583-681e-4853-93ab-b79102802bcc, findElement {value=//button[@id=&#039;MSMENUI3&#039;], using=xpath}]
Capabilities {acceptInsecureCerts: true, browserName: firefox, browserVersion: 128.0, moz:accessibilityChecks: false, moz:buildID: 20240628091536, moz:debuggerAddress: 127.0.0.1:11867, moz:geckodriverVersion: 0.34.0, moz:headless: false, moz:platformVersion: 10.0, moz:processID: 65420, moz:profile: C:\Users\KAJALS~1\AppData\L..., moz:shutdownTimeout: 60000, moz:webdriverClick: true, moz:windowless: false, pageLoadStrategy: normal, platformName: windows, proxy: Proxy(), se:cdp: ws://127.0.0.1:11867/devtoo..., se:cdpVersion: 85.0, setWindowRect: true, strictFileInteractability: false, timeouts: {implicit: 0, pageLoad: 300000, script: 30000}, unhandledPromptBehavior: dismiss and notify, userAgent: Mozilla/5.0 (Windows NT 10....}
Session ID: 9a6a6583-681e-4853-93ab-b79102802bcc" type="org.openqa.selenium.WebDriverException">
      <![CDATA[org.openqa.selenium.WebDriverException: TypeError: can't access property "getActor", browsingContext.currentWindowGlobal is null
Build info: version: '4.22.0', revision: 'c5f3146703*'
System info: os.name: 'Windows 10', os.arch: 'amd64', os.version: '10.0', java.version: '15.0.2'
Driver info: org.openqa.selenium.firefox.FirefoxDriver
Command: [9a6a6583-681e-4853-93ab-b79102802bcc, findElement {value=//button[@id='MSMENUI3'], using=xpath}]
Capabilities {acceptInsecureCerts: true, browserName: firefox, browserVersion: 128.0, moz:accessibilityChecks: false, moz:buildID: 20240628091536, moz:debuggerAddress: 127.0.0.1:11867, moz:geckodriverVersion: 0.34.0, moz:headless: false, moz:platformVersion: 10.0, moz:processID: 65420, moz:profile: C:\Users\KAJALS~1\AppData\L..., moz:shutdownTimeout: 60000, moz:webdriverClick: true, moz:windowless: false, pageLoadStrategy: normal, platformName: windows, proxy: Proxy(), se:cdp: ws://127.0.0.1:11867/devtoo..., se:cdpVersion: 85.0, setWindowRect: true, strictFileInteractability: false, timeouts: {implicit: 0, pageLoad: 300000, script: 30000}, unhandledPromptBehavior: dismiss and notify, userAgent: Mozilla/5.0 (Windows NT 10....}
Session ID: 9a6a6583-681e-4853-93ab-b79102802bcc
at java.base/jdk.internal.reflect.NativeConstructorAccessorImpl.newInstance0(Native Method)
at java.base/jdk.internal.reflect.NativeConstructorAccessorImpl.newInstance(NativeConstructorAccessorImpl.java:64)
at java.base/jdk.internal.reflect.DelegatingConstructorAccessorImpl.newInstance(DelegatingConstructorAccessorImpl.java:45)
at java.base/java.lang.reflect.Constructor.newInstanceWithCaller(Constructor.java:500)
at java.base/java.lang.reflect.Constructor.newInstance(Constructor.java:481)
at org.openqa.selenium.remote.ErrorCodec.decode(ErrorCodec.java:167)
at org.openqa.selenium.remote.codec.w3c.W3CHttpResponseCodec.decode(W3CHttpResponseCodec.java:138)
at org.openqa.selenium.remote.codec.w3c.W3CHttpResponseCodec.decode(W3CHttpResponseCodec.java:50)
at org.openqa.selenium.remote.HttpCommandExecutor.execute(HttpCommandExecutor.java:190)
at org.openqa.selenium.remote.service.DriverCommandExecutor.invokeExecute(DriverCommandExecutor.java:216)
at org.openqa.selenium.remote.service.DriverCommandExecutor.execute(DriverCommandExecutor.java:174)
at org.openqa.selenium.remote.RemoteWebDriver.execute(RemoteWebDriver.java:518)
at org.openqa.selenium.remote.ElementLocation$ElementFinder$2.findElement(ElementLocation.java:165)
at org.openqa.selenium.remote.ElementLocation.findElement(ElementLocation.java:59)
at org.openqa.selenium.remote.RemoteWebDriver.findElement(RemoteWebDriver.java:355)
at org.openqa.selenium.remote.RemoteWebDriver.findElement(RemoteWebDriver.java:349)
at org.openqa.selenium.support.pagefactory.DefaultElementLocator.findElement(DefaultElementLocator.java:68)
at org.openqa.selenium.support.pagefactory.internal.LocatingElementHandler.invoke(LocatingElementHandler.java:38)
at com.sun.proxy.$Proxy15.click(Unknown Source)
at zapcg.Capillary.PageObject.memberLookupPage.clickOnHamburgerIcon(memberLookupPage.java:296)
at zapcg.Capillary.LocationPageTestCases.Location_ExistingUser_TestCases.initialize(Location_ExistingUser_TestCases.java:36)
at jdk.internal.reflect.GeneratedMethodAccessor12.invoke(Unknown Source)
at java.base/jdk.internal.reflect.DelegatingMethodAccessorImpl.invoke(DelegatingMethodAccessorImpl.java:43)
at java.base/java.lang.reflect.Method.invoke(Method.java:564)
at org.testng.internal.invokers.MethodInvocationHelper.invokeMethod(MethodInvocationHelper.java:141)
at org.testng.internal.invokers.MethodInvocationHelper.invokeMethodConsideringTimeout(MethodInvocationHelper.java:71)
at org.testng.internal.invokers.ConfigInvoker.invokeConfigurationMethod(ConfigInvoker.java:400)
at org.testng.internal.invokers.ConfigInvoker.invokeConfigurations(ConfigInvoker.java:333)
at org.testng.internal.invokers.TestInvoker.runConfigMethods(TestInvoker.java:833)
at org.testng.internal.invokers.TestInvoker.invokeMethod(TestInvoker.java:600)
at org.testng.internal.invokers.TestInvoker.invokeTestMethod(TestInvoker.java:230)
at org.testng.internal.invokers.MethodRunner.runInSequence(MethodRunner.java:63)
at org.testng.internal.invokers.TestInvoker$MethodInvocationAgent.invoke(TestInvoker.java:992)
at org.testng.internal.invokers.TestInvoker.invokeTestMethods(TestInvoker.java:203)
at org.testng.internal.invokers.TestMethodWorker.invokeTestMethods(TestMethodWorker.java:154)
at org.testng.internal.invokers.TestMethodWorker.run(TestMethodWorker.java:134)
at java.base/java.util.ArrayList.forEach(ArrayList.java:1511)
at org.testng.TestRunner.privateRun(TestRunner.java:739)
at org.testng.TestRunner.run(TestRunner.java:614)
at org.testng.SuiteRunner.runTest(SuiteRunner.java:421)
at org.testng.SuiteRunner$SuiteWorker.run(SuiteRunner.java:463)
at org.testng.internal.thread.ThreadUtil.lambda$execute$0(ThreadUtil.java:64)
at java.base/java.util.concurrent.FutureTask.run(FutureTask.java:264)
at java.base/java.util.concurrent.ThreadPoolExecutor.runWorker(ThreadPoolExecutor.java:1130)
at java.base/java.util.concurrent.ThreadPoolExecutor$Worker.run(ThreadPoolExecutor.java:630)
at java.base/java.lang.Thread.run(Thread.java:832)
]]>
    </error>
  </testcase> <!-- initialize -->
  <testcase classname="zapcg.Capillary.LocationPageTestCases.Location_ExistingUser_TestCases" name="initialize" time="39.136">
    <error message="Unable to locate element: //button[@id=&#039;MSMENUI3&#039;]
For documentation on this error, please visit: https://www.selenium.dev/documentation/webdriver/troubleshooting/errors#no-such-element-exception
Build info: version: &#039;4.22.0&#039;, revision: &#039;c5f3146703*&#039;
System info: os.name: &#039;Windows 10&#039;, os.arch: &#039;amd64&#039;, os.version: &#039;10.0&#039;, java.version: &#039;15.0.2&#039;
Driver info: org.openqa.selenium.firefox.FirefoxDriver
Command: [861a7a1c-55dd-43ea-a3df-4a808f741465, findElement {value=//button[@id=&#039;MSMENUI3&#039;], using=xpath}]
Capabilities {acceptInsecureCerts: true, browserName: firefox, browserVersion: 128.0, moz:accessibilityChecks: false, moz:buildID: 20240628091536, moz:debuggerAddress: 127.0.0.1:26421, moz:geckodriverVersion: 0.34.0, moz:headless: false, moz:platformVersion: 10.0, moz:processID: 57604, moz:profile: C:\Users\KAJALS~1\AppData\L..., moz:shutdownTimeout: 60000, moz:webdriverClick: true, moz:windowless: false, pageLoadStrategy: normal, platformName: windows, proxy: Proxy(), se:cdp: ws://127.0.0.1:26421/devtoo..., se:cdpVersion: 85.0, setWindowRect: true, strictFileInteractability: false, timeouts: {implicit: 0, pageLoad: 300000, script: 30000}, unhandledPromptBehavior: dismiss and notify, userAgent: Mozilla/5.0 (Windows NT 10....}
Session ID: 861a7a1c-55dd-43ea-a3df-4a808f741465" type="org.openqa.selenium.NoSuchElementException">
      <![CDATA[org.openqa.selenium.NoSuchElementException: Unable to locate element: //button[@id='MSMENUI3']
For documentation on this error, please visit: https://www.selenium.dev/documentation/webdriver/troubleshooting/errors#no-such-element-exception
Build info: version: '4.22.0', revision: 'c5f3146703*'
System info: os.name: 'Windows 10', os.arch: 'amd64', os.version: '10.0', java.version: '15.0.2'
Driver info: org.openqa.selenium.firefox.FirefoxDriver
Command: [861a7a1c-55dd-43ea-a3df-4a808f741465, findElement {value=//button[@id='MSMENUI3'], using=xpath}]
Capabilities {acceptInsecureCerts: true, browserName: firefox, browserVersion: 128.0, moz:accessibilityChecks: false, moz:buildID: 20240628091536, moz:debuggerAddress: 127.0.0.1:26421, moz:geckodriverVersion: 0.34.0, moz:headless: false, moz:platformVersion: 10.0, moz:processID: 57604, moz:profile: C:\Users\KAJALS~1\AppData\L..., moz:shutdownTimeout: 60000, moz:webdriverClick: true, moz:windowless: false, pageLoadStrategy: normal, platformName: windows, proxy: Proxy(), se:cdp: ws://127.0.0.1:26421/devtoo..., se:cdpVersion: 85.0, setWindowRect: true, strictFileInteractability: false, timeouts: {implicit: 0, pageLoad: 300000, script: 30000}, unhandledPromptBehavior: dismiss and notify, userAgent: Mozilla/5.0 (Windows NT 10....}
Session ID: 861a7a1c-55dd-43ea-a3df-4a808f741465
at jdk.internal.reflect.GeneratedConstructorAccessor42.newInstance(Unknown Source)
at java.base/jdk.internal.reflect.DelegatingConstructorAccessorImpl.newInstance(DelegatingConstructorAccessorImpl.java:45)
at java.base/java.lang.reflect.Constructor.newInstanceWithCaller(Constructor.java:500)
at java.base/java.lang.reflect.Constructor.newInstance(Constructor.java:481)
at org.openqa.selenium.remote.ErrorCodec.decode(ErrorCodec.java:167)
at org.openqa.selenium.remote.codec.w3c.W3CHttpResponseCodec.decode(W3CHttpResponseCodec.java:138)
at org.openqa.selenium.remote.codec.w3c.W3CHttpResponseCodec.decode(W3CHttpResponseCodec.java:50)
at org.openqa.selenium.remote.HttpCommandExecutor.execute(HttpCommandExecutor.java:190)
at org.openqa.selenium.remote.service.DriverCommandExecutor.invokeExecute(DriverCommandExecutor.java:216)
at org.openqa.selenium.remote.service.DriverCommandExecutor.execute(DriverCommandExecutor.java:174)
at org.openqa.selenium.remote.RemoteWebDriver.execute(RemoteWebDriver.java:518)
at org.openqa.selenium.remote.ElementLocation$ElementFinder$2.findElement(ElementLocation.java:165)
at org.openqa.selenium.remote.ElementLocation.findElement(ElementLocation.java:59)
at org.openqa.selenium.remote.RemoteWebDriver.findElement(RemoteWebDriver.java:355)
at org.openqa.selenium.remote.RemoteWebDriver.findElement(RemoteWebDriver.java:349)
at org.openqa.selenium.support.pagefactory.DefaultElementLocator.findElement(DefaultElementLocator.java:68)
at org.openqa.selenium.support.pagefactory.internal.LocatingElementHandler.invoke(LocatingElementHandler.java:38)
at com.sun.proxy.$Proxy15.click(Unknown Source)
at zapcg.Capillary.PageObject.memberLookupPage.clickOnHamburgerIcon(memberLookupPage.java:296)
at zapcg.Capillary.LocationPageTestCases.Location_ExistingUser_TestCases.initialize(Location_ExistingUser_TestCases.java:36)
at jdk.internal.reflect.GeneratedMethodAccessor12.invoke(Unknown Source)
at java.base/jdk.internal.reflect.DelegatingMethodAccessorImpl.invoke(DelegatingMethodAccessorImpl.java:43)
at java.base/java.lang.reflect.Method.invoke(Method.java:564)
at org.testng.internal.invokers.MethodInvocationHelper.invokeMethod(MethodInvocationHelper.java:141)
at org.testng.internal.invokers.MethodInvocationHelper.invokeMethodConsideringTimeout(MethodInvocationHelper.java:71)
at org.testng.internal.invokers.ConfigInvoker.invokeConfigurationMethod(ConfigInvoker.java:400)
at org.testng.internal.invokers.ConfigInvoker.invokeConfigurations(ConfigInvoker.java:333)
at org.testng.internal.invokers.TestInvoker.runConfigMethods(TestInvoker.java:833)
at org.testng.internal.invokers.TestInvoker.invokeMethod(TestInvoker.java:600)
at org.testng.internal.invokers.TestInvoker.invokeTestMethod(TestInvoker.java:230)
at org.testng.internal.invokers.MethodRunner.runInSequence(MethodRunner.java:63)
at org.testng.internal.invokers.TestInvoker$MethodInvocationAgent.invoke(TestInvoker.java:992)
at org.testng.internal.invokers.TestInvoker.invokeTestMethods(TestInvoker.java:203)
at org.testng.internal.invokers.TestMethodWorker.invokeTestMethods(TestMethodWorker.java:154)
at org.testng.internal.invokers.TestMethodWorker.run(TestMethodWorker.java:134)
at java.base/java.util.ArrayList.forEach(ArrayList.java:1511)
at org.testng.TestRunner.privateRun(TestRunner.java:739)
at org.testng.TestRunner.run(TestRunner.java:614)
at org.testng.SuiteRunner.runTest(SuiteRunner.java:421)
at org.testng.SuiteRunner$SuiteWorker.run(SuiteRunner.java:463)
at org.testng.internal.thread.ThreadUtil.lambda$execute$0(ThreadUtil.java:64)
at java.base/java.util.concurrent.FutureTask.run(FutureTask.java:264)
at java.base/java.util.concurrent.ThreadPoolExecutor.runWorker(ThreadPoolExecutor.java:1130)
at java.base/java.util.concurrent.ThreadPoolExecutor$Worker.run(ThreadPoolExecutor.java:630)
at java.base/java.lang.Thread.run(Thread.java:832)
]]>
    </error>
  </testcase> <!-- initialize -->
  <testcase classname="zapcg.Capillary.LocationPageTestCases.Location_ExistingUser_TestCases" name="initialize" time="38.152">
    <error message="Unable to locate element: //button[@id=&#039;MSMENUI3&#039;]
For documentation on this error, please visit: https://www.selenium.dev/documentation/webdriver/troubleshooting/errors#no-such-element-exception
Build info: version: &#039;4.22.0&#039;, revision: &#039;c5f3146703*&#039;
System info: os.name: &#039;Windows 10&#039;, os.arch: &#039;amd64&#039;, os.version: &#039;10.0&#039;, java.version: &#039;15.0.2&#039;
Driver info: org.openqa.selenium.firefox.FirefoxDriver
Command: [3cdaba1b-184b-4e40-9f56-0f6504a99ed1, findElement {value=//button[@id=&#039;MSMENUI3&#039;], using=xpath}]
Capabilities {acceptInsecureCerts: true, browserName: firefox, browserVersion: 128.0, moz:accessibilityChecks: false, moz:buildID: 20240628091536, moz:debuggerAddress: 127.0.0.1:22063, moz:geckodriverVersion: 0.34.0, moz:headless: false, moz:platformVersion: 10.0, moz:processID: 8820, moz:profile: C:\Users\KAJALS~1\AppData\L..., moz:shutdownTimeout: 60000, moz:webdriverClick: true, moz:windowless: false, pageLoadStrategy: normal, platformName: windows, proxy: Proxy(), se:cdp: ws://127.0.0.1:22063/devtoo..., se:cdpVersion: 85.0, setWindowRect: true, strictFileInteractability: false, timeouts: {implicit: 0, pageLoad: 300000, script: 30000}, unhandledPromptBehavior: dismiss and notify, userAgent: Mozilla/5.0 (Windows NT 10....}
Session ID: 3cdaba1b-184b-4e40-9f56-0f6504a99ed1" type="org.openqa.selenium.NoSuchElementException">
      <![CDATA[org.openqa.selenium.NoSuchElementException: Unable to locate element: //button[@id='MSMENUI3']
For documentation on this error, please visit: https://www.selenium.dev/documentation/webdriver/troubleshooting/errors#no-such-element-exception
Build info: version: '4.22.0', revision: 'c5f3146703*'
System info: os.name: 'Windows 10', os.arch: 'amd64', os.version: '10.0', java.version: '15.0.2'
Driver info: org.openqa.selenium.firefox.FirefoxDriver
Command: [3cdaba1b-184b-4e40-9f56-0f6504a99ed1, findElement {value=//button[@id='MSMENUI3'], using=xpath}]
Capabilities {acceptInsecureCerts: true, browserName: firefox, browserVersion: 128.0, moz:accessibilityChecks: false, moz:buildID: 20240628091536, moz:debuggerAddress: 127.0.0.1:22063, moz:geckodriverVersion: 0.34.0, moz:headless: false, moz:platformVersion: 10.0, moz:processID: 8820, moz:profile: C:\Users\KAJALS~1\AppData\L..., moz:shutdownTimeout: 60000, moz:webdriverClick: true, moz:windowless: false, pageLoadStrategy: normal, platformName: windows, proxy: Proxy(), se:cdp: ws://127.0.0.1:22063/devtoo..., se:cdpVersion: 85.0, setWindowRect: true, strictFileInteractability: false, timeouts: {implicit: 0, pageLoad: 300000, script: 30000}, unhandledPromptBehavior: dismiss and notify, userAgent: Mozilla/5.0 (Windows NT 10....}
Session ID: 3cdaba1b-184b-4e40-9f56-0f6504a99ed1
at jdk.internal.reflect.GeneratedConstructorAccessor42.newInstance(Unknown Source)
at java.base/jdk.internal.reflect.DelegatingConstructorAccessorImpl.newInstance(DelegatingConstructorAccessorImpl.java:45)
at java.base/java.lang.reflect.Constructor.newInstanceWithCaller(Constructor.java:500)
at java.base/java.lang.reflect.Constructor.newInstance(Constructor.java:481)
at org.openqa.selenium.remote.ErrorCodec.decode(ErrorCodec.java:167)
at org.openqa.selenium.remote.codec.w3c.W3CHttpResponseCodec.decode(W3CHttpResponseCodec.java:138)
at org.openqa.selenium.remote.codec.w3c.W3CHttpResponseCodec.decode(W3CHttpResponseCodec.java:50)
at org.openqa.selenium.remote.HttpCommandExecutor.execute(HttpCommandExecutor.java:190)
at org.openqa.selenium.remote.service.DriverCommandExecutor.invokeExecute(DriverCommandExecutor.java:216)
at org.openqa.selenium.remote.service.DriverCommandExecutor.execute(DriverCommandExecutor.java:174)
at org.openqa.selenium.remote.RemoteWebDriver.execute(RemoteWebDriver.java:518)
at org.openqa.selenium.remote.ElementLocation$ElementFinder$2.findElement(ElementLocation.java:165)
at org.openqa.selenium.remote.ElementLocation.findElement(ElementLocation.java:59)
at org.openqa.selenium.remote.RemoteWebDriver.findElement(RemoteWebDriver.java:355)
at org.openqa.selenium.remote.RemoteWebDriver.findElement(RemoteWebDriver.java:349)
at org.openqa.selenium.support.pagefactory.DefaultElementLocator.findElement(DefaultElementLocator.java:68)
at org.openqa.selenium.support.pagefactory.internal.LocatingElementHandler.invoke(LocatingElementHandler.java:38)
at com.sun.proxy.$Proxy15.click(Unknown Source)
at zapcg.Capillary.PageObject.memberLookupPage.clickOnHamburgerIcon(memberLookupPage.java:296)
at zapcg.Capillary.LocationPageTestCases.Location_ExistingUser_TestCases.initialize(Location_ExistingUser_TestCases.java:36)
at jdk.internal.reflect.GeneratedMethodAccessor12.invoke(Unknown Source)
at java.base/jdk.internal.reflect.DelegatingMethodAccessorImpl.invoke(DelegatingMethodAccessorImpl.java:43)
at java.base/java.lang.reflect.Method.invoke(Method.java:564)
at org.testng.internal.invokers.MethodInvocationHelper.invokeMethod(MethodInvocationHelper.java:141)
at org.testng.internal.invokers.MethodInvocationHelper.invokeMethodConsideringTimeout(MethodInvocationHelper.java:71)
at org.testng.internal.invokers.ConfigInvoker.invokeConfigurationMethod(ConfigInvoker.java:400)
at org.testng.internal.invokers.ConfigInvoker.invokeConfigurations(ConfigInvoker.java:333)
at org.testng.internal.invokers.TestInvoker.runConfigMethods(TestInvoker.java:833)
at org.testng.internal.invokers.TestInvoker.invokeMethod(TestInvoker.java:600)
at org.testng.internal.invokers.TestInvoker.invokeTestMethod(TestInvoker.java:230)
at org.testng.internal.invokers.MethodRunner.runInSequence(MethodRunner.java:63)
at org.testng.internal.invokers.TestInvoker$MethodInvocationAgent.invoke(TestInvoker.java:992)
at org.testng.internal.invokers.TestInvoker.invokeTestMethods(TestInvoker.java:203)
at org.testng.internal.invokers.TestMethodWorker.invokeTestMethods(TestMethodWorker.java:154)
at org.testng.internal.invokers.TestMethodWorker.run(TestMethodWorker.java:134)
at java.base/java.util.ArrayList.forEach(ArrayList.java:1511)
at org.testng.TestRunner.privateRun(TestRunner.java:739)
at org.testng.TestRunner.run(TestRunner.java:614)
at org.testng.SuiteRunner.runTest(SuiteRunner.java:421)
at org.testng.SuiteRunner$SuiteWorker.run(SuiteRunner.java:463)
at org.testng.internal.thread.ThreadUtil.lambda$execute$0(ThreadUtil.java:64)
at java.base/java.util.concurrent.FutureTask.run(FutureTask.java:264)
at java.base/java.util.concurrent.ThreadPoolExecutor.runWorker(ThreadPoolExecutor.java:1130)
at java.base/java.util.concurrent.ThreadPoolExecutor$Worker.run(ThreadPoolExecutor.java:630)
at java.base/java.lang.Thread.run(Thread.java:832)
]]>
    </error>
  </testcase> <!-- initialize -->
  <testcase classname="zapcg.Capillary.LocationPageTestCases.Location_ExistingUser_TestCases" name="initialize" time="63.475">
    <error message="no such element: Unable to locate element: {&quot;method&quot;:&quot;xpath&quot;,&quot;selector&quot;:&quot;//button[@id=&#039;MSMENUI3&#039;]&quot;}
  (Session info: chrome=126.0.6478.57)
For documentation on this error, please visit: https://www.selenium.dev/documentation/webdriver/troubleshooting/errors#no-such-element-exception
Build info: version: &#039;4.22.0&#039;, revision: &#039;c5f3146703*&#039;
System info: os.name: &#039;Windows 10&#039;, os.arch: &#039;amd64&#039;, os.version: &#039;10.0&#039;, java.version: &#039;15.0.2&#039;
Driver info: org.openqa.selenium.chrome.ChromeDriver
Command: [0314097ef25d954bb2cfd3e19f922b0e, findElement {value=//button[@id=&#039;MSMENUI3&#039;], using=xpath}]
Capabilities {acceptInsecureCerts: false, browserName: chrome, browserVersion: 126.0.6478.57, chrome: {chromedriverVersion: 126.0.6478.126 (d36ace6122e..., userDataDir: C:\Users\KAJALS~1\AppData\L...}, fedcm:accounts: true, goog:chromeOptions: {debuggerAddress: localhost:65480}, networkConnectionEnabled: false, pageLoadStrategy: normal, platformName: windows, proxy: Proxy(), se:cdp: ws://localhost:65480/devtoo..., se:cdpVersion: 126.0.6478.57, setWindowRect: true, strictFileInteractability: false, timeouts: {implicit: 0, pageLoad: 300000, script: 30000}, unhandledPromptBehavior: dismiss and notify, webauthn:extension:credBlob: true, webauthn:extension:largeBlob: true, webauthn:extension:minPinLength: true, webauthn:extension:prf: true, webauthn:virtualAuthenticators: true}
Session ID: 0314097ef25d954bb2cfd3e19f922b0e" type="org.openqa.selenium.NoSuchElementException">
      <![CDATA[org.openqa.selenium.NoSuchElementException: no such element: Unable to locate element: {"method":"xpath","selector":"//button[@id='MSMENUI3']"}
  (Session info: chrome=126.0.6478.57)
For documentation on this error, please visit: https://www.selenium.dev/documentation/webdriver/troubleshooting/errors#no-such-element-exception
Build info: version: '4.22.0', revision: 'c5f3146703*'
System info: os.name: 'Windows 10', os.arch: 'amd64', os.version: '10.0', java.version: '15.0.2'
Driver info: org.openqa.selenium.chrome.ChromeDriver
Command: [0314097ef25d954bb2cfd3e19f922b0e, findElement {value=//button[@id='MSMENUI3'], using=xpath}]
Capabilities {acceptInsecureCerts: false, browserName: chrome, browserVersion: 126.0.6478.57, chrome: {chromedriverVersion: 126.0.6478.126 (d36ace6122e..., userDataDir: C:\Users\KAJALS~1\AppData\L...}, fedcm:accounts: true, goog:chromeOptions: {debuggerAddress: localhost:65480}, networkConnectionEnabled: false, pageLoadStrategy: normal, platformName: windows, proxy: Proxy(), se:cdp: ws://localhost:65480/devtoo..., se:cdpVersion: 126.0.6478.57, setWindowRect: true, strictFileInteractability: false, timeouts: {implicit: 0, pageLoad: 300000, script: 30000}, unhandledPromptBehavior: dismiss and notify, webauthn:extension:credBlob: true, webauthn:extension:largeBlob: true, webauthn:extension:minPinLength: true, webauthn:extension:prf: true, webauthn:virtualAuthenticators: true}
Session ID: 0314097ef25d954bb2cfd3e19f922b0e
at jdk.internal.reflect.GeneratedConstructorAccessor42.newInstance(Unknown Source)
at java.base/jdk.internal.reflect.DelegatingConstructorAccessorImpl.newInstance(DelegatingConstructorAccessorImpl.java:45)
at java.base/java.lang.reflect.Constructor.newInstanceWithCaller(Constructor.java:500)
at java.base/java.lang.reflect.Constructor.newInstance(Constructor.java:481)
at org.openqa.selenium.remote.ErrorCodec.decode(ErrorCodec.java:167)
at org.openqa.selenium.remote.codec.w3c.W3CHttpResponseCodec.decode(W3CHttpResponseCodec.java:138)
at org.openqa.selenium.remote.codec.w3c.W3CHttpResponseCodec.decode(W3CHttpResponseCodec.java:50)
at org.openqa.selenium.remote.HttpCommandExecutor.execute(HttpCommandExecutor.java:190)
at org.openqa.selenium.remote.service.DriverCommandExecutor.invokeExecute(DriverCommandExecutor.java:216)
at org.openqa.selenium.remote.service.DriverCommandExecutor.execute(DriverCommandExecutor.java:174)
at org.openqa.selenium.remote.RemoteWebDriver.execute(RemoteWebDriver.java:518)
at org.openqa.selenium.remote.ElementLocation$ElementFinder$2.findElement(ElementLocation.java:165)
at org.openqa.selenium.remote.ElementLocation.findElement(ElementLocation.java:59)
at org.openqa.selenium.remote.RemoteWebDriver.findElement(RemoteWebDriver.java:355)
at org.openqa.selenium.remote.RemoteWebDriver.findElement(RemoteWebDriver.java:349)
at org.openqa.selenium.support.pagefactory.DefaultElementLocator.findElement(DefaultElementLocator.java:68)
at org.openqa.selenium.support.pagefactory.internal.LocatingElementHandler.invoke(LocatingElementHandler.java:38)
at com.sun.proxy.$Proxy15.click(Unknown Source)
at zapcg.Capillary.PageObject.memberLookupPage.clickOnHamburgerIcon(memberLookupPage.java:296)
at zapcg.Capillary.LocationPageTestCases.Location_ExistingUser_TestCases.initialize(Location_ExistingUser_TestCases.java:36)
at jdk.internal.reflect.GeneratedMethodAccessor12.invoke(Unknown Source)
at java.base/jdk.internal.reflect.DelegatingMethodAccessorImpl.invoke(DelegatingMethodAccessorImpl.java:43)
at java.base/java.lang.reflect.Method.invoke(Method.java:564)
at org.testng.internal.invokers.MethodInvocationHelper.invokeMethod(MethodInvocationHelper.java:141)
at org.testng.internal.invokers.MethodInvocationHelper.invokeMethodConsideringTimeout(MethodInvocationHelper.java:71)
at org.testng.internal.invokers.ConfigInvoker.invokeConfigurationMethod(ConfigInvoker.java:400)
at org.testng.internal.invokers.ConfigInvoker.invokeConfigurations(ConfigInvoker.java:333)
at org.testng.internal.invokers.TestInvoker.runConfigMethods(TestInvoker.java:833)
at org.testng.internal.invokers.TestInvoker.invokeMethod(TestInvoker.java:600)
at org.testng.internal.invokers.TestInvoker.invokeTestMethod(TestInvoker.java:230)
at org.testng.internal.invokers.MethodRunner.runInSequence(MethodRunner.java:63)
at org.testng.internal.invokers.TestInvoker$MethodInvocationAgent.invoke(TestInvoker.java:992)
at org.testng.internal.invokers.TestInvoker.invokeTestMethods(TestInvoker.java:203)
at org.testng.internal.invokers.TestMethodWorker.invokeTestMethods(TestMethodWorker.java:154)
at org.testng.internal.invokers.TestMethodWorker.run(TestMethodWorker.java:134)
at java.base/java.util.ArrayList.forEach(ArrayList.java:1511)
at org.testng.TestRunner.privateRun(TestRunner.java:739)
at org.testng.TestRunner.run(TestRunner.java:614)
at org.testng.SuiteRunner.runTest(SuiteRunner.java:421)
at org.testng.SuiteRunner$SuiteWorker.run(SuiteRunner.java:463)
at org.testng.internal.thread.ThreadUtil.lambda$execute$0(ThreadUtil.java:64)
at java.base/java.util.concurrent.FutureTask.run(FutureTask.java:264)
at java.base/java.util.concurrent.ThreadPoolExecutor.runWorker(ThreadPoolExecutor.java:1130)
at java.base/java.util.concurrent.ThreadPoolExecutor$Worker.run(ThreadPoolExecutor.java:630)
at java.base/java.lang.Thread.run(Thread.java:832)
]]>
    </error>
  </testcase> <!-- initialize -->
  <testcase classname="zapcg.Capillary.LocationPageTestCases.Location_ExistingUser_TestCases" name="initialize" time="37.594">
    <error message="Unable to locate element: //button[@id=&#039;MSMENUI3&#039;]
For documentation on this error, please visit: https://www.selenium.dev/documentation/webdriver/troubleshooting/errors#no-such-element-exception
Build info: version: &#039;4.22.0&#039;, revision: &#039;c5f3146703*&#039;
System info: os.name: &#039;Windows 10&#039;, os.arch: &#039;amd64&#039;, os.version: &#039;10.0&#039;, java.version: &#039;15.0.2&#039;
Driver info: org.openqa.selenium.firefox.FirefoxDriver
Command: [64083c07-0b17-4920-be92-e72d2b56c7e5, findElement {value=//button[@id=&#039;MSMENUI3&#039;], using=xpath}]
Capabilities {acceptInsecureCerts: true, browserName: firefox, browserVersion: 128.0, moz:accessibilityChecks: false, moz:buildID: 20240628091536, moz:debuggerAddress: 127.0.0.1:11794, moz:geckodriverVersion: 0.34.0, moz:headless: false, moz:platformVersion: 10.0, moz:processID: 50028, moz:profile: C:\Users\KAJALS~1\AppData\L..., moz:shutdownTimeout: 60000, moz:webdriverClick: true, moz:windowless: false, pageLoadStrategy: normal, platformName: windows, proxy: Proxy(), se:cdp: ws://127.0.0.1:11794/devtoo..., se:cdpVersion: 85.0, setWindowRect: true, strictFileInteractability: false, timeouts: {implicit: 0, pageLoad: 300000, script: 30000}, unhandledPromptBehavior: dismiss and notify, userAgent: Mozilla/5.0 (Windows NT 10....}
Session ID: 64083c07-0b17-4920-be92-e72d2b56c7e5" type="org.openqa.selenium.NoSuchElementException">
      <![CDATA[org.openqa.selenium.NoSuchElementException: Unable to locate element: //button[@id='MSMENUI3']
For documentation on this error, please visit: https://www.selenium.dev/documentation/webdriver/troubleshooting/errors#no-such-element-exception
Build info: version: '4.22.0', revision: 'c5f3146703*'
System info: os.name: 'Windows 10', os.arch: 'amd64', os.version: '10.0', java.version: '15.0.2'
Driver info: org.openqa.selenium.firefox.FirefoxDriver
Command: [64083c07-0b17-4920-be92-e72d2b56c7e5, findElement {value=//button[@id='MSMENUI3'], using=xpath}]
Capabilities {acceptInsecureCerts: true, browserName: firefox, browserVersion: 128.0, moz:accessibilityChecks: false, moz:buildID: 20240628091536, moz:debuggerAddress: 127.0.0.1:11794, moz:geckodriverVersion: 0.34.0, moz:headless: false, moz:platformVersion: 10.0, moz:processID: 50028, moz:profile: C:\Users\KAJALS~1\AppData\L..., moz:shutdownTimeout: 60000, moz:webdriverClick: true, moz:windowless: false, pageLoadStrategy: normal, platformName: windows, proxy: Proxy(), se:cdp: ws://127.0.0.1:11794/devtoo..., se:cdpVersion: 85.0, setWindowRect: true, strictFileInteractability: false, timeouts: {implicit: 0, pageLoad: 300000, script: 30000}, unhandledPromptBehavior: dismiss and notify, userAgent: Mozilla/5.0 (Windows NT 10....}
Session ID: 64083c07-0b17-4920-be92-e72d2b56c7e5
at jdk.internal.reflect.GeneratedConstructorAccessor42.newInstance(Unknown Source)
at java.base/jdk.internal.reflect.DelegatingConstructorAccessorImpl.newInstance(DelegatingConstructorAccessorImpl.java:45)
at java.base/java.lang.reflect.Constructor.newInstanceWithCaller(Constructor.java:500)
at java.base/java.lang.reflect.Constructor.newInstance(Constructor.java:481)
at org.openqa.selenium.remote.ErrorCodec.decode(ErrorCodec.java:167)
at org.openqa.selenium.remote.codec.w3c.W3CHttpResponseCodec.decode(W3CHttpResponseCodec.java:138)
at org.openqa.selenium.remote.codec.w3c.W3CHttpResponseCodec.decode(W3CHttpResponseCodec.java:50)
at org.openqa.selenium.remote.HttpCommandExecutor.execute(HttpCommandExecutor.java:190)
at org.openqa.selenium.remote.service.DriverCommandExecutor.invokeExecute(DriverCommandExecutor.java:216)
at org.openqa.selenium.remote.service.DriverCommandExecutor.execute(DriverCommandExecutor.java:174)
at org.openqa.selenium.remote.RemoteWebDriver.execute(RemoteWebDriver.java:518)
at org.openqa.selenium.remote.ElementLocation$ElementFinder$2.findElement(ElementLocation.java:165)
at org.openqa.selenium.remote.ElementLocation.findElement(ElementLocation.java:59)
at org.openqa.selenium.remote.RemoteWebDriver.findElement(RemoteWebDriver.java:355)
at org.openqa.selenium.remote.RemoteWebDriver.findElement(RemoteWebDriver.java:349)
at org.openqa.selenium.support.pagefactory.DefaultElementLocator.findElement(DefaultElementLocator.java:68)
at org.openqa.selenium.support.pagefactory.internal.LocatingElementHandler.invoke(LocatingElementHandler.java:38)
at com.sun.proxy.$Proxy15.click(Unknown Source)
at zapcg.Capillary.PageObject.memberLookupPage.clickOnHamburgerIcon(memberLookupPage.java:296)
at zapcg.Capillary.LocationPageTestCases.Location_ExistingUser_TestCases.initialize(Location_ExistingUser_TestCases.java:36)
at jdk.internal.reflect.GeneratedMethodAccessor12.invoke(Unknown Source)
at java.base/jdk.internal.reflect.DelegatingMethodAccessorImpl.invoke(DelegatingMethodAccessorImpl.java:43)
at java.base/java.lang.reflect.Method.invoke(Method.java:564)
at org.testng.internal.invokers.MethodInvocationHelper.invokeMethod(MethodInvocationHelper.java:141)
at org.testng.internal.invokers.MethodInvocationHelper.invokeMethodConsideringTimeout(MethodInvocationHelper.java:71)
at org.testng.internal.invokers.ConfigInvoker.invokeConfigurationMethod(ConfigInvoker.java:400)
at org.testng.internal.invokers.ConfigInvoker.invokeConfigurations(ConfigInvoker.java:333)
at org.testng.internal.invokers.TestInvoker.runConfigMethods(TestInvoker.java:833)
at org.testng.internal.invokers.TestInvoker.invokeMethod(TestInvoker.java:600)
at org.testng.internal.invokers.TestInvoker.invokeTestMethod(TestInvoker.java:230)
at org.testng.internal.invokers.MethodRunner.runInSequence(MethodRunner.java:63)
at org.testng.internal.invokers.TestInvoker$MethodInvocationAgent.invoke(TestInvoker.java:992)
at org.testng.internal.invokers.TestInvoker.invokeTestMethods(TestInvoker.java:203)
at org.testng.internal.invokers.TestMethodWorker.invokeTestMethods(TestMethodWorker.java:154)
at org.testng.internal.invokers.TestMethodWorker.run(TestMethodWorker.java:134)
at java.base/java.util.ArrayList.forEach(ArrayList.java:1511)
at org.testng.TestRunner.privateRun(TestRunner.java:739)
at org.testng.TestRunner.run(TestRunner.java:614)
at org.testng.SuiteRunner.runTest(SuiteRunner.java:421)
at org.testng.SuiteRunner$SuiteWorker.run(SuiteRunner.java:463)
at org.testng.internal.thread.ThreadUtil.lambda$execute$0(ThreadUtil.java:64)
at java.base/java.util.concurrent.FutureTask.run(FutureTask.java:264)
at java.base/java.util.concurrent.ThreadPoolExecutor.runWorker(ThreadPoolExecutor.java:1130)
at java.base/java.util.concurrent.ThreadPoolExecutor$Worker.run(ThreadPoolExecutor.java:630)
at java.base/java.lang.Thread.run(Thread.java:832)
]]>
    </error>
  </testcase> <!-- initialize -->
  <testcase classname="zapcg.Capillary.LocationPageTestCases.Location_ExistingUser_TestCases" name="initialize" time="37.643">
    <error message="Unable to locate element: //button[@id=&#039;MSMENUI3&#039;]
For documentation on this error, please visit: https://www.selenium.dev/documentation/webdriver/troubleshooting/errors#no-such-element-exception
Build info: version: &#039;4.22.0&#039;, revision: &#039;c5f3146703*&#039;
System info: os.name: &#039;Windows 10&#039;, os.arch: &#039;amd64&#039;, os.version: &#039;10.0&#039;, java.version: &#039;15.0.2&#039;
Driver info: org.openqa.selenium.firefox.FirefoxDriver
Command: [217a7b38-d555-48b5-a4e0-76905db72f06, findElement {value=//button[@id=&#039;MSMENUI3&#039;], using=xpath}]
Capabilities {acceptInsecureCerts: true, browserName: firefox, browserVersion: 128.0, moz:accessibilityChecks: false, moz:buildID: 20240628091536, moz:debuggerAddress: 127.0.0.1:31356, moz:geckodriverVersion: 0.34.0, moz:headless: false, moz:platformVersion: 10.0, moz:processID: 62788, moz:profile: C:\Users\KAJALS~1\AppData\L..., moz:shutdownTimeout: 60000, moz:webdriverClick: true, moz:windowless: false, pageLoadStrategy: normal, platformName: windows, proxy: Proxy(), se:cdp: ws://127.0.0.1:31356/devtoo..., se:cdpVersion: 85.0, setWindowRect: true, strictFileInteractability: false, timeouts: {implicit: 0, pageLoad: 300000, script: 30000}, unhandledPromptBehavior: dismiss and notify, userAgent: Mozilla/5.0 (Windows NT 10....}
Session ID: 217a7b38-d555-48b5-a4e0-76905db72f06" type="org.openqa.selenium.NoSuchElementException">
      <![CDATA[org.openqa.selenium.NoSuchElementException: Unable to locate element: //button[@id='MSMENUI3']
For documentation on this error, please visit: https://www.selenium.dev/documentation/webdriver/troubleshooting/errors#no-such-element-exception
Build info: version: '4.22.0', revision: 'c5f3146703*'
System info: os.name: 'Windows 10', os.arch: 'amd64', os.version: '10.0', java.version: '15.0.2'
Driver info: org.openqa.selenium.firefox.FirefoxDriver
Command: [217a7b38-d555-48b5-a4e0-76905db72f06, findElement {value=//button[@id='MSMENUI3'], using=xpath}]
Capabilities {acceptInsecureCerts: true, browserName: firefox, browserVersion: 128.0, moz:accessibilityChecks: false, moz:buildID: 20240628091536, moz:debuggerAddress: 127.0.0.1:31356, moz:geckodriverVersion: 0.34.0, moz:headless: false, moz:platformVersion: 10.0, moz:processID: 62788, moz:profile: C:\Users\KAJALS~1\AppData\L..., moz:shutdownTimeout: 60000, moz:webdriverClick: true, moz:windowless: false, pageLoadStrategy: normal, platformName: windows, proxy: Proxy(), se:cdp: ws://127.0.0.1:31356/devtoo..., se:cdpVersion: 85.0, setWindowRect: true, strictFileInteractability: false, timeouts: {implicit: 0, pageLoad: 300000, script: 30000}, unhandledPromptBehavior: dismiss and notify, userAgent: Mozilla/5.0 (Windows NT 10....}
Session ID: 217a7b38-d555-48b5-a4e0-76905db72f06
at jdk.internal.reflect.GeneratedConstructorAccessor42.newInstance(Unknown Source)
at java.base/jdk.internal.reflect.DelegatingConstructorAccessorImpl.newInstance(DelegatingConstructorAccessorImpl.java:45)
at java.base/java.lang.reflect.Constructor.newInstanceWithCaller(Constructor.java:500)
at java.base/java.lang.reflect.Constructor.newInstance(Constructor.java:481)
at org.openqa.selenium.remote.ErrorCodec.decode(ErrorCodec.java:167)
at org.openqa.selenium.remote.codec.w3c.W3CHttpResponseCodec.decode(W3CHttpResponseCodec.java:138)
at org.openqa.selenium.remote.codec.w3c.W3CHttpResponseCodec.decode(W3CHttpResponseCodec.java:50)
at org.openqa.selenium.remote.HttpCommandExecutor.execute(HttpCommandExecutor.java:190)
at org.openqa.selenium.remote.service.DriverCommandExecutor.invokeExecute(DriverCommandExecutor.java:216)
at org.openqa.selenium.remote.service.DriverCommandExecutor.execute(DriverCommandExecutor.java:174)
at org.openqa.selenium.remote.RemoteWebDriver.execute(RemoteWebDriver.java:518)
at org.openqa.selenium.remote.ElementLocation$ElementFinder$2.findElement(ElementLocation.java:165)
at org.openqa.selenium.remote.ElementLocation.findElement(ElementLocation.java:59)
at org.openqa.selenium.remote.RemoteWebDriver.findElement(RemoteWebDriver.java:355)
at org.openqa.selenium.remote.RemoteWebDriver.findElement(RemoteWebDriver.java:349)
at org.openqa.selenium.support.pagefactory.DefaultElementLocator.findElement(DefaultElementLocator.java:68)
at org.openqa.selenium.support.pagefactory.internal.LocatingElementHandler.invoke(LocatingElementHandler.java:38)
at com.sun.proxy.$Proxy15.click(Unknown Source)
at zapcg.Capillary.PageObject.memberLookupPage.clickOnHamburgerIcon(memberLookupPage.java:296)
at zapcg.Capillary.LocationPageTestCases.Location_ExistingUser_TestCases.initialize(Location_ExistingUser_TestCases.java:36)
at jdk.internal.reflect.GeneratedMethodAccessor12.invoke(Unknown Source)
at java.base/jdk.internal.reflect.DelegatingMethodAccessorImpl.invoke(DelegatingMethodAccessorImpl.java:43)
at java.base/java.lang.reflect.Method.invoke(Method.java:564)
at org.testng.internal.invokers.MethodInvocationHelper.invokeMethod(MethodInvocationHelper.java:141)
at org.testng.internal.invokers.MethodInvocationHelper.invokeMethodConsideringTimeout(MethodInvocationHelper.java:71)
at org.testng.internal.invokers.ConfigInvoker.invokeConfigurationMethod(ConfigInvoker.java:400)
at org.testng.internal.invokers.ConfigInvoker.invokeConfigurations(ConfigInvoker.java:333)
at org.testng.internal.invokers.TestInvoker.runConfigMethods(TestInvoker.java:833)
at org.testng.internal.invokers.TestInvoker.invokeMethod(TestInvoker.java:600)
at org.testng.internal.invokers.TestInvoker.invokeTestMethod(TestInvoker.java:230)
at org.testng.internal.invokers.MethodRunner.runInSequence(MethodRunner.java:63)
at org.testng.internal.invokers.TestInvoker$MethodInvocationAgent.invoke(TestInvoker.java:992)
at org.testng.internal.invokers.TestInvoker.invokeTestMethods(TestInvoker.java:203)
at org.testng.internal.invokers.TestMethodWorker.invokeTestMethods(TestMethodWorker.java:154)
at org.testng.internal.invokers.TestMethodWorker.run(TestMethodWorker.java:134)
at java.base/java.util.ArrayList.forEach(ArrayList.java:1511)
at org.testng.TestRunner.privateRun(TestRunner.java:739)
at org.testng.TestRunner.run(TestRunner.java:614)
at org.testng.SuiteRunner.runTest(SuiteRunner.java:421)
at org.testng.SuiteRunner$SuiteWorker.run(SuiteRunner.java:463)
at org.testng.internal.thread.ThreadUtil.lambda$execute$0(ThreadUtil.java:64)
at java.base/java.util.concurrent.FutureTask.run(FutureTask.java:264)
at java.base/java.util.concurrent.ThreadPoolExecutor.runWorker(ThreadPoolExecutor.java:1130)
at java.base/java.util.concurrent.ThreadPoolExecutor$Worker.run(ThreadPoolExecutor.java:630)
at java.base/java.lang.Thread.run(Thread.java:832)
]]>
    </error>
  </testcase> <!-- initialize -->
  <testcase classname="zapcg.Capillary.LocationPageTestCases.Location_ExistingUser_TestCases" name="initialize" time="34.137">
    <error message="no such element: Unable to locate element: {&quot;method&quot;:&quot;xpath&quot;,&quot;selector&quot;:&quot;//button[@id=&#039;MSMENUI3&#039;]&quot;}
  (Session info: chrome=126.0.6478.57)
For documentation on this error, please visit: https://www.selenium.dev/documentation/webdriver/troubleshooting/errors#no-such-element-exception
Build info: version: &#039;4.22.0&#039;, revision: &#039;c5f3146703*&#039;
System info: os.name: &#039;Windows 10&#039;, os.arch: &#039;amd64&#039;, os.version: &#039;10.0&#039;, java.version: &#039;15.0.2&#039;
Driver info: org.openqa.selenium.chrome.ChromeDriver
Command: [607795d46b2c3aaee0003743a8084fc8, findElement {value=//button[@id=&#039;MSMENUI3&#039;], using=xpath}]
Capabilities {acceptInsecureCerts: false, browserName: chrome, browserVersion: 126.0.6478.57, chrome: {chromedriverVersion: 126.0.6478.126 (d36ace6122e..., userDataDir: C:\Users\KAJALS~1\AppData\L...}, fedcm:accounts: true, goog:chromeOptions: {debuggerAddress: localhost:64511}, networkConnectionEnabled: false, pageLoadStrategy: normal, platformName: windows, proxy: Proxy(), se:cdp: ws://localhost:64511/devtoo..., se:cdpVersion: 126.0.6478.57, setWindowRect: true, strictFileInteractability: false, timeouts: {implicit: 0, pageLoad: 300000, script: 30000}, unhandledPromptBehavior: dismiss and notify, webauthn:extension:credBlob: true, webauthn:extension:largeBlob: true, webauthn:extension:minPinLength: true, webauthn:extension:prf: true, webauthn:virtualAuthenticators: true}
Session ID: 607795d46b2c3aaee0003743a8084fc8" type="org.openqa.selenium.NoSuchElementException">
      <![CDATA[org.openqa.selenium.NoSuchElementException: no such element: Unable to locate element: {"method":"xpath","selector":"//button[@id='MSMENUI3']"}
  (Session info: chrome=126.0.6478.57)
For documentation on this error, please visit: https://www.selenium.dev/documentation/webdriver/troubleshooting/errors#no-such-element-exception
Build info: version: '4.22.0', revision: 'c5f3146703*'
System info: os.name: 'Windows 10', os.arch: 'amd64', os.version: '10.0', java.version: '15.0.2'
Driver info: org.openqa.selenium.chrome.ChromeDriver
Command: [607795d46b2c3aaee0003743a8084fc8, findElement {value=//button[@id='MSMENUI3'], using=xpath}]
Capabilities {acceptInsecureCerts: false, browserName: chrome, browserVersion: 126.0.6478.57, chrome: {chromedriverVersion: 126.0.6478.126 (d36ace6122e..., userDataDir: C:\Users\KAJALS~1\AppData\L...}, fedcm:accounts: true, goog:chromeOptions: {debuggerAddress: localhost:64511}, networkConnectionEnabled: false, pageLoadStrategy: normal, platformName: windows, proxy: Proxy(), se:cdp: ws://localhost:64511/devtoo..., se:cdpVersion: 126.0.6478.57, setWindowRect: true, strictFileInteractability: false, timeouts: {implicit: 0, pageLoad: 300000, script: 30000}, unhandledPromptBehavior: dismiss and notify, webauthn:extension:credBlob: true, webauthn:extension:largeBlob: true, webauthn:extension:minPinLength: true, webauthn:extension:prf: true, webauthn:virtualAuthenticators: true}
Session ID: 607795d46b2c3aaee0003743a8084fc8
at java.base/jdk.internal.reflect.NativeConstructorAccessorImpl.newInstance0(Native Method)
at java.base/jdk.internal.reflect.NativeConstructorAccessorImpl.newInstance(NativeConstructorAccessorImpl.java:64)
at java.base/jdk.internal.reflect.DelegatingConstructorAccessorImpl.newInstance(DelegatingConstructorAccessorImpl.java:45)
at java.base/java.lang.reflect.Constructor.newInstanceWithCaller(Constructor.java:500)
at java.base/java.lang.reflect.Constructor.newInstance(Constructor.java:481)
at org.openqa.selenium.remote.ErrorCodec.decode(ErrorCodec.java:167)
at org.openqa.selenium.remote.codec.w3c.W3CHttpResponseCodec.decode(W3CHttpResponseCodec.java:138)
at org.openqa.selenium.remote.codec.w3c.W3CHttpResponseCodec.decode(W3CHttpResponseCodec.java:50)
at org.openqa.selenium.remote.HttpCommandExecutor.execute(HttpCommandExecutor.java:190)
at org.openqa.selenium.remote.service.DriverCommandExecutor.invokeExecute(DriverCommandExecutor.java:216)
at org.openqa.selenium.remote.service.DriverCommandExecutor.execute(DriverCommandExecutor.java:174)
at org.openqa.selenium.remote.RemoteWebDriver.execute(RemoteWebDriver.java:518)
at org.openqa.selenium.remote.ElementLocation$ElementFinder$2.findElement(ElementLocation.java:165)
at org.openqa.selenium.remote.ElementLocation.findElement(ElementLocation.java:59)
at org.openqa.selenium.remote.RemoteWebDriver.findElement(RemoteWebDriver.java:355)
at org.openqa.selenium.remote.RemoteWebDriver.findElement(RemoteWebDriver.java:349)
at org.openqa.selenium.support.pagefactory.DefaultElementLocator.findElement(DefaultElementLocator.java:68)
at org.openqa.selenium.support.pagefactory.internal.LocatingElementHandler.invoke(LocatingElementHandler.java:38)
at com.sun.proxy.$Proxy15.click(Unknown Source)
at zapcg.Capillary.PageObject.memberLookupPage.clickOnHamburgerIcon(memberLookupPage.java:296)
at zapcg.Capillary.LocationPageTestCases.Location_ExistingUser_TestCases.initialize(Location_ExistingUser_TestCases.java:36)
at jdk.internal.reflect.GeneratedMethodAccessor12.invoke(Unknown Source)
at java.base/jdk.internal.reflect.DelegatingMethodAccessorImpl.invoke(DelegatingMethodAccessorImpl.java:43)
at java.base/java.lang.reflect.Method.invoke(Method.java:564)
at org.testng.internal.invokers.MethodInvocationHelper.invokeMethod(MethodInvocationHelper.java:141)
at org.testng.internal.invokers.MethodInvocationHelper.invokeMethodConsideringTimeout(MethodInvocationHelper.java:71)
at org.testng.internal.invokers.ConfigInvoker.invokeConfigurationMethod(ConfigInvoker.java:400)
at org.testng.internal.invokers.ConfigInvoker.invokeConfigurations(ConfigInvoker.java:333)
at org.testng.internal.invokers.TestInvoker.runConfigMethods(TestInvoker.java:833)
at org.testng.internal.invokers.TestInvoker.invokeMethod(TestInvoker.java:600)
at org.testng.internal.invokers.TestInvoker.invokeTestMethod(TestInvoker.java:230)
at org.testng.internal.invokers.MethodRunner.runInSequence(MethodRunner.java:63)
at org.testng.internal.invokers.TestInvoker$MethodInvocationAgent.invoke(TestInvoker.java:992)
at org.testng.internal.invokers.TestInvoker.invokeTestMethods(TestInvoker.java:203)
at org.testng.internal.invokers.TestMethodWorker.invokeTestMethods(TestMethodWorker.java:154)
at org.testng.internal.invokers.TestMethodWorker.run(TestMethodWorker.java:134)
at java.base/java.util.ArrayList.forEach(ArrayList.java:1511)
at org.testng.TestRunner.privateRun(TestRunner.java:739)
at org.testng.TestRunner.run(TestRunner.java:614)
at org.testng.SuiteRunner.runTest(SuiteRunner.java:421)
at org.testng.SuiteRunner$SuiteWorker.run(SuiteRunner.java:463)
at org.testng.internal.thread.ThreadUtil.lambda$execute$0(ThreadUtil.java:64)
at java.base/java.util.concurrent.FutureTask.run(FutureTask.java:264)
at java.base/java.util.concurrent.ThreadPoolExecutor.runWorker(ThreadPoolExecutor.java:1130)
at java.base/java.util.concurrent.ThreadPoolExecutor$Worker.run(ThreadPoolExecutor.java:630)
at java.base/java.lang.Thread.run(Thread.java:832)
]]>
    </error>
  </testcase> <!-- initialize -->
  <testcase classname="zapcg.Capillary.LocationPageTestCases.Location_ExistingUser_TestCases" name="chooseValidLocationForNewUser" time="0.000">
    <skipped/>
  </testcase> <!-- chooseValidLocationForNewUser -->
  <testcase classname="zapcg.Capillary.LocationPageTestCases.Location_ExistingUser_TestCases" name="chooseValidLocationForNewUser" time="13.582">
    <error message="Element &lt;button id=&quot;LS014B&quot; class=&quot;MuiButtonBase-root MuiButton-root MuiButton-contained MuiButton-containedPrimary MuiButton-sizeMedium MuiButton-containedSizeMedium MuiButton-colorPrimary MuiButton-root MuiButton-contained MuiButton-containedPrimary MuiButton-sizeMedium MuiButton-containedSizeMedium MuiButton-colorPrimary css-y7km40&quot; type=&quot;button&quot;&gt; is not clickable at point (378,533) because another element &lt;li id=&quot;LS013OP1&quot; class=&quot;MuiAutocomplete-option&quot;&gt; obscures it
Build info: version: &#039;4.22.0&#039;, revision: &#039;c5f3146703*&#039;
System info: os.name: &#039;Windows 10&#039;, os.arch: &#039;amd64&#039;, os.version: &#039;10.0&#039;, java.version: &#039;15.0.2&#039;
Driver info: org.openqa.selenium.firefox.FirefoxDriver
Command: [448f6ee2-61bf-4406-8fa1-3e1b1eac6a2f, clickElement {id=b5e308dd-d9af-466e-af59-22e87a29bc3e}]
Capabilities {acceptInsecureCerts: true, browserName: firefox, browserVersion: 128.0, moz:accessibilityChecks: false, moz:buildID: 20240628091536, moz:debuggerAddress: 127.0.0.1:25805, moz:geckodriverVersion: 0.34.0, moz:headless: false, moz:platformVersion: 10.0, moz:processID: 58064, moz:profile: C:\Users\KAJALS~1\AppData\L..., moz:shutdownTimeout: 60000, moz:webdriverClick: true, moz:windowless: false, pageLoadStrategy: normal, platformName: windows, proxy: Proxy(), se:cdp: ws://127.0.0.1:25805/devtoo..., se:cdpVersion: 85.0, setWindowRect: true, strictFileInteractability: false, timeouts: {implicit: 0, pageLoad: 300000, script: 30000}, unhandledPromptBehavior: dismiss and notify, userAgent: Mozilla/5.0 (Windows NT 10....}
Element: [[FirefoxDriver: firefox on windows (448f6ee2-61bf-4406-8fa1-3e1b1eac6a2f)] -&gt; xpath: //button[@id=&#039;LS014B&#039;]]
Session ID: 448f6ee2-61bf-4406-8fa1-3e1b1eac6a2f" type="org.openqa.selenium.ElementClickInterceptedException">
      <![CDATA[org.openqa.selenium.ElementClickInterceptedException: Element <button id="LS014B" class="MuiButtonBase-root MuiButton-root MuiButton-contained MuiButton-containedPrimary MuiButton-sizeMedium MuiButton-containedSizeMedium MuiButton-colorPrimary MuiButton-root MuiButton-contained MuiButton-containedPrimary MuiButton-sizeMedium MuiButton-containedSizeMedium MuiButton-colorPrimary css-y7km40" type="button"> is not clickable at point (378,533) because another element <li id="LS013OP1" class="MuiAutocomplete-option"> obscures it
Build info: version: '4.22.0', revision: 'c5f3146703*'
System info: os.name: 'Windows 10', os.arch: 'amd64', os.version: '10.0', java.version: '15.0.2'
Driver info: org.openqa.selenium.firefox.FirefoxDriver
Command: [448f6ee2-61bf-4406-8fa1-3e1b1eac6a2f, clickElement {id=b5e308dd-d9af-466e-af59-22e87a29bc3e}]
Capabilities {acceptInsecureCerts: true, browserName: firefox, browserVersion: 128.0, moz:accessibilityChecks: false, moz:buildID: 20240628091536, moz:debuggerAddress: 127.0.0.1:25805, moz:geckodriverVersion: 0.34.0, moz:headless: false, moz:platformVersion: 10.0, moz:processID: 58064, moz:profile: C:\Users\KAJALS~1\AppData\L..., moz:shutdownTimeout: 60000, moz:webdriverClick: true, moz:windowless: false, pageLoadStrategy: normal, platformName: windows, proxy: Proxy(), se:cdp: ws://127.0.0.1:25805/devtoo..., se:cdpVersion: 85.0, setWindowRect: true, strictFileInteractability: false, timeouts: {implicit: 0, pageLoad: 300000, script: 30000}, unhandledPromptBehavior: dismiss and notify, userAgent: Mozilla/5.0 (Windows NT 10....}
Element: [[FirefoxDriver: firefox on windows (448f6ee2-61bf-4406-8fa1-3e1b1eac6a2f)] -> xpath: //button[@id='LS014B']]
Session ID: 448f6ee2-61bf-4406-8fa1-3e1b1eac6a2f
at java.base/jdk.internal.reflect.NativeConstructorAccessorImpl.newInstance0(Native Method)
at java.base/jdk.internal.reflect.NativeConstructorAccessorImpl.newInstance(NativeConstructorAccessorImpl.java:64)
at java.base/jdk.internal.reflect.DelegatingConstructorAccessorImpl.newInstance(DelegatingConstructorAccessorImpl.java:45)
at java.base/java.lang.reflect.Constructor.newInstanceWithCaller(Constructor.java:500)
at java.base/java.lang.reflect.Constructor.newInstance(Constructor.java:481)
at org.openqa.selenium.remote.ErrorCodec.decode(ErrorCodec.java:167)
at org.openqa.selenium.remote.codec.w3c.W3CHttpResponseCodec.decode(W3CHttpResponseCodec.java:138)
at org.openqa.selenium.remote.codec.w3c.W3CHttpResponseCodec.decode(W3CHttpResponseCodec.java:50)
at org.openqa.selenium.remote.HttpCommandExecutor.execute(HttpCommandExecutor.java:190)
at org.openqa.selenium.remote.service.DriverCommandExecutor.invokeExecute(DriverCommandExecutor.java:216)
at org.openqa.selenium.remote.service.DriverCommandExecutor.execute(DriverCommandExecutor.java:174)
at org.openqa.selenium.remote.RemoteWebDriver.execute(RemoteWebDriver.java:518)
at org.openqa.selenium.remote.RemoteWebElement.execute(RemoteWebElement.java:223)
at org.openqa.selenium.remote.RemoteWebElement.click(RemoteWebElement.java:76)
at jdk.internal.reflect.GeneratedMethodAccessor1.invoke(Unknown Source)
at java.base/jdk.internal.reflect.DelegatingMethodAccessorImpl.invoke(DelegatingMethodAccessorImpl.java:43)
at java.base/java.lang.reflect.Method.invoke(Method.java:564)
at org.openqa.selenium.support.pagefactory.internal.LocatingElementHandler.invoke(LocatingElementHandler.java:51)
at com.sun.proxy.$Proxy15.click(Unknown Source)
at zapcg.Capillary.PageObject.locationSelectionPage.clickOnChooseLocationButton(locationSelectionPage.java:160)
at zapcg.Capillary.LocationPageTestCases.Location_ExistingUser_TestCases.chooseValidLocationForNewUser(Location_ExistingUser_TestCases.java:54)
at java.base/jdk.internal.reflect.NativeMethodAccessorImpl.invoke0(Native Method)
at java.base/jdk.internal.reflect.NativeMethodAccessorImpl.invoke(NativeMethodAccessorImpl.java:64)
at java.base/jdk.internal.reflect.DelegatingMethodAccessorImpl.invoke(DelegatingMethodAccessorImpl.java:43)
at java.base/java.lang.reflect.Method.invoke(Method.java:564)
at org.testng.internal.invokers.MethodInvocationHelper.invokeMethod(MethodInvocationHelper.java:141)
at org.testng.internal.invokers.TestInvoker.invokeMethod(TestInvoker.java:686)
at org.testng.internal.invokers.TestInvoker.invokeTestMethod(TestInvoker.java:230)
at org.testng.internal.invokers.MethodRunner.runInSequence(MethodRunner.java:63)
at org.testng.internal.invokers.TestInvoker$MethodInvocationAgent.invoke(TestInvoker.java:992)
at org.testng.internal.invokers.TestInvoker.invokeTestMethods(TestInvoker.java:203)
at org.testng.internal.invokers.TestMethodWorker.invokeTestMethods(TestMethodWorker.java:154)
at org.testng.internal.invokers.TestMethodWorker.run(TestMethodWorker.java:134)
at java.base/java.util.ArrayList.forEach(ArrayList.java:1511)
at org.testng.TestRunner.privateRun(TestRunner.java:739)
at org.testng.TestRunner.run(TestRunner.java:614)
at org.testng.SuiteRunner.runTest(SuiteRunner.java:421)
at org.testng.SuiteRunner$SuiteWorker.run(SuiteRunner.java:463)
at org.testng.internal.thread.ThreadUtil.lambda$execute$0(ThreadUtil.java:64)
at java.base/java.util.concurrent.FutureTask.run(FutureTask.java:264)
at java.base/java.util.concurrent.ThreadPoolExecutor.runWorker(ThreadPoolExecutor.java:1130)
at java.base/java.util.concurrent.ThreadPoolExecutor$Worker.run(ThreadPoolExecutor.java:630)
at java.base/java.lang.Thread.run(Thread.java:832)
]]>
    </error>
  </testcase> <!-- chooseValidLocationForNewUser -->
  <testcase classname="zapcg.Capillary.LocationPageTestCases.Location_ExistingUser_TestCases" name="chooseValidLocationForNewUser" time="0.000">
    <skipped/>
  </testcase> <!-- chooseValidLocationForNewUser -->
  <testcase classname="zapcg.Capillary.LocationPageTestCases.Location_ExistingUser_TestCases" name="chooseValidLocationForNewUser" time="0.000">
    <skipped/>
  </testcase> <!-- chooseValidLocationForNewUser -->
  <testcase classname="zapcg.Capillary.LocationPageTestCases.Location_ExistingUser_TestCases" name="chooseValidLocationForNewUser" time="8.620"/>
  <testcase classname="zapcg.Capillary.LocationPageTestCases.Location_ExistingUser_TestCases" name="chooseValidLocationForNewUser" time="0.000">
    <skipped/>
  </testcase> <!-- chooseValidLocationForNewUser -->
  <testcase classname="zapcg.Capillary.LocationPageTestCases.Location_ExistingUser_TestCases" name="chooseValidLocationForNewUser" time="14.879"/>
  <testcase classname="zapcg.Capillary.LocationPageTestCases.Location_ExistingUser_TestCases" name="chooseValidLocationForNewUser" time="0.000">
    <skipped/>
  </testcase> <!-- chooseValidLocationForNewUser -->
  <testcase classname="zapcg.Capillary.LocationPageTestCases.Location_ExistingUser_TestCases" name="chooseValidLocationForNewUser" time="8.000"/>
  <testcase classname="zapcg.Capillary.LocationPageTestCases.Location_ExistingUser_TestCases" name="chooseValidLocationForNewUser" time="0.000">
    <skipped/>
  </testcase> <!-- chooseValidLocationForNewUser -->
  <testcase classname="zapcg.Capillary.LocationPageTestCases.Location_ExistingUser_TestCases" name="chooseValidLocationForNewUser" time="8.304"/>
  <testcase classname="zapcg.Capillary.LocationPageTestCases.Location_ExistingUser_TestCases" name="chooseValidLocationForNewUser" time="8.694"/>
  <testcase classname="zapcg.Capillary.LocationPageTestCases.Location_ExistingUser_TestCases" name="verifyDropDownAvailability" time="0.000">
    <skipped/>
  </testcase> <!-- verifyDropDownAvailability -->
  <testcase classname="zapcg.Capillary.LocationPageTestCases.Location_ExistingUser_TestCases" name="verifyDropDownAvailability" time="6.154"/>
  <testcase classname="zapcg.Capillary.LocationPageTestCases.Location_ExistingUser_TestCases" name="verifyDropDownAvailability" time="16.352"/>
  <testcase classname="zapcg.Capillary.LocationPageTestCases.Location_ExistingUser_TestCases" name="verifyDropDownAvailability" time="0.000">
    <skipped/>
  </testcase> <!-- verifyDropDownAvailability -->
  <testcase classname="zapcg.Capillary.LocationPageTestCases.Location_ExistingUser_TestCases" name="verifyDropDownAvailability" time="0.000">
    <skipped/>
  </testcase> <!-- verifyDropDownAvailability -->
  <testcase classname="zapcg.Capillary.LocationPageTestCases.Location_ExistingUser_TestCases" name="verifyDropDownAvailability" time="9.480"/>
  <testcase classname="zapcg.Capillary.LocationPageTestCases.Location_ExistingUser_TestCases" name="verifyDropDownAvailability" time="0.000">
    <skipped/>
  </testcase> <!-- verifyDropDownAvailability -->
  <testcase classname="zapcg.Capillary.LocationPageTestCases.Location_ExistingUser_TestCases" name="verifyDropDownAvailability" time="12.056"/>
  <testcase classname="zapcg.Capillary.LocationPageTestCases.Location_ExistingUser_TestCases" name="verifyDropDownAvailability" time="0.000">
    <skipped/>
  </testcase> <!-- verifyDropDownAvailability -->
  <testcase classname="zapcg.Capillary.LocationPageTestCases.Location_ExistingUser_TestCases" name="verifyDropDownAvailability" time="0.000">
    <skipped/>
  </testcase> <!-- verifyDropDownAvailability -->
  <testcase classname="zapcg.Capillary.LocationPageTestCases.Location_ExistingUser_TestCases" name="verifyDropDownAvailability" time="6.400"/>
  <testcase classname="zapcg.Capillary.LocationPageTestCases.Location_ExistingUser_TestCases" name="verifyDropDownAvailability" time="6.378"/>
  <testcase classname="zapcg.Capillary.LocationPageTestCases.Location_ExistingUser_TestCases" name="verifyIfAbleToSelectOptionFromDropDown" time="0.000">
    <skipped/>
  </testcase> <!-- verifyIfAbleToSelectOptionFromDropDown -->
  <testcase classname="zapcg.Capillary.LocationPageTestCases.Location_ExistingUser_TestCases" name="verifyIfAbleToSelectOptionFromDropDown" time="0.357"/>
  <testcase classname="zapcg.Capillary.LocationPageTestCases.Location_ExistingUser_TestCases" name="verifyIfAbleToSelectOptionFromDropDown" time="6.626"/>
  <testcase classname="zapcg.Capillary.LocationPageTestCases.Location_ExistingUser_TestCases" name="verifyIfAbleToSelectOptionFromDropDown" time="10.734"/>
  <testcase classname="zapcg.Capillary.LocationPageTestCases.Location_ExistingUser_TestCases" name="verifyIfAbleToSelectOptionFromDropDown" time="0.000">
    <skipped/>
  </testcase> <!-- verifyIfAbleToSelectOptionFromDropDown -->
  <testcase classname="zapcg.Capillary.LocationPageTestCases.Location_ExistingUser_TestCases" name="verifyIfAbleToSelectOptionFromDropDown" time="6.520"/>
  <testcase classname="zapcg.Capillary.LocationPageTestCases.Location_ExistingUser_TestCases" name="verifyIfAbleToSelectOptionFromDropDown" time="0.000">
    <skipped/>
  </testcase> <!-- verifyIfAbleToSelectOptionFromDropDown -->
  <testcase classname="zapcg.Capillary.LocationPageTestCases.Location_ExistingUser_TestCases" name="verifyIfAbleToSelectOptionFromDropDown" time="0.000">
    <skipped/>
  </testcase> <!-- verifyIfAbleToSelectOptionFromDropDown -->
  <testcase classname="zapcg.Capillary.LocationPageTestCases.Location_ExistingUser_TestCases" name="verifyIfAbleToSelectOptionFromDropDown" time="0.000">
    <skipped/>
  </testcase> <!-- verifyIfAbleToSelectOptionFromDropDown -->
  <testcase classname="zapcg.Capillary.LocationPageTestCases.Location_ExistingUser_TestCases" name="verifyIfAbleToSelectOptionFromDropDown" time="0.000">
    <skipped/>
  </testcase> <!-- verifyIfAbleToSelectOptionFromDropDown -->
  <testcase classname="zapcg.Capillary.LocationPageTestCases.Location_ExistingUser_TestCases" name="verifyIfAbleToSelectOptionFromDropDown" time="5.997"/>
  <testcase classname="zapcg.Capillary.LocationPageTestCases.Location_ExistingUser_TestCases" name="verifyIfAbleToSelectOptionFromDropDown" time="7.969"/>
  <testcase classname="zapcg.Capillary.LocationPageTestCases.Location_ExistingUser_TestCases" name="verifyChooseLocationButtonAvailability" time="0.000">
    <skipped/>
  </testcase> <!-- verifyChooseLocationButtonAvailability -->
  <testcase classname="zapcg.Capillary.LocationPageTestCases.Location_ExistingUser_TestCases" name="verifyChooseLocationButtonAvailability" time="8.954"/>
  <testcase classname="zapcg.Capillary.LocationPageTestCases.Location_ExistingUser_TestCases" name="verifyChooseLocationButtonAvailability" time="0.000">
    <skipped/>
  </testcase> <!-- verifyChooseLocationButtonAvailability -->
  <testcase classname="zapcg.Capillary.LocationPageTestCases.Location_ExistingUser_TestCases" name="verifyChooseLocationButtonAvailability" time="0.000">
    <skipped/>
  </testcase> <!-- verifyChooseLocationButtonAvailability -->
  <testcase classname="zapcg.Capillary.LocationPageTestCases.Location_ExistingUser_TestCases" name="verifyChooseLocationButtonAvailability" time="13.894"/>
  <testcase classname="zapcg.Capillary.LocationPageTestCases.Location_ExistingUser_TestCases" name="verifyChooseLocationButtonAvailability" time="6.817"/>
  <testcase classname="zapcg.Capillary.LocationPageTestCases.Location_ExistingUser_TestCases" name="verifyChooseLocationButtonAvailability" time="0.000">
    <skipped/>
  </testcase> <!-- verifyChooseLocationButtonAvailability -->
  <testcase classname="zapcg.Capillary.LocationPageTestCases.Location_ExistingUser_TestCases" name="verifyChooseLocationButtonAvailability" time="0.000">
    <skipped/>
  </testcase> <!-- verifyChooseLocationButtonAvailability -->
  <testcase classname="zapcg.Capillary.LocationPageTestCases.Location_ExistingUser_TestCases" name="verifyChooseLocationButtonAvailability" time="7.891"/>
  <testcase classname="zapcg.Capillary.LocationPageTestCases.Location_ExistingUser_TestCases" name="verifyChooseLocationButtonAvailability" time="0.000">
    <skipped/>
  </testcase> <!-- verifyChooseLocationButtonAvailability -->
  <testcase classname="zapcg.Capillary.LocationPageTestCases.Location_ExistingUser_TestCases" name="verifyChooseLocationButtonAvailability" time="8.357"/>
  <testcase classname="zapcg.Capillary.LocationPageTestCases.Location_ExistingUser_TestCases" name="verifyChooseLocationButtonAvailability" time="0.000">
    <skipped/>
  </testcase> <!-- verifyChooseLocationButtonAvailability -->
  <testcase classname="zapcg.Capillary.LocationPageTestCases.Location_ExistingUser_TestCases" name="verifyHeaderOfMemberLookupScreen" time="10.566">
    <failure message="An error occurred while verifying the dropdown selections: element click intercepted: Element &lt;button class=&quot;MuiButtonBase-root MuiButton-root MuiButton-contained MuiButton-containedPrimary MuiButton-sizeMedium MuiButton-containedSizeMedium MuiButton-colorPrimary MuiButton-root MuiButton-contained MuiButton-containedPrimary MuiButton-sizeMedium MuiButton-containedSizeMedium MuiButton-colorPrimary css-y7km40&quot; tabindex=&quot;0&quot; type=&quot;button&quot; data-testid=&quot;LS014B&quot; id=&quot;LS014B&quot;&gt;...&lt;/button&gt; is not clickable at point (384, 194). Other element would receive the click: &lt;li tabindex=&quot;-1&quot; role=&quot;option&quot; id=&quot;LS013OP1&quot; data-option-index=&quot;1&quot; aria-disabled=&quot;false&quot; aria-selected=&quot;false&quot; class=&quot;MuiAutocomplete-option&quot; data-testid=&quot;LS013OP1&quot;&gt;...&lt;/li&gt;
  (Session info: chrome=126.0.6478.57)
Build info: version: &#039;4.22.0&#039;, revision: &#039;c5f3146703*&#039;
System info: os.name: &#039;Windows 10&#039;, os.arch: &#039;amd64&#039;, os.version: &#039;10.0&#039;, java.version: &#039;15.0.2&#039;
Driver info: org.openqa.selenium.chrome.ChromeDriver
Command: [28c1cd6b56dc6795e30e81ec95439270, clickElement {id=f.96F56A357CA61046CAF15EBA57845CBB.d.DF3B6B890EF01A5A54F5CDB8BC4E1843.e.236}]
Capabilities {acceptInsecureCerts: false, browserName: chrome, browserVersion: 126.0.6478.57, chrome: {chromedriverVersion: 126.0.6478.126 (d36ace6122e..., userDataDir: C:\Users\KAJALS~1\AppData\L...}, fedcm:accounts: true, goog:chromeOptions: {debuggerAddress: localhost:50937}, networkConnectionEnabled: false, pageLoadStrategy: normal, platformName: windows, proxy: Proxy(), se:cdp: ws://localhost:50937/devtoo..., se:cdpVersion: 126.0.6478.57, setWindowRect: true, strictFileInteractability: false, timeouts: {implicit: 0, pageLoad: 300000, script: 30000}, unhandledPromptBehavior: dismiss and notify, webauthn:extension:credBlob: true, webauthn:extension:largeBlob: true, webauthn:extension:minPinLength: true, webauthn:extension:prf: true, webauthn:virtualAuthenticators: true}
Element: [[ChromeDriver: chrome on windows (28c1cd6b56dc6795e30e81ec95439270)] -&gt; xpath: //button[@id=&#039;LS014B&#039;]]
Session ID: 28c1cd6b56dc6795e30e81ec95439270" type="java.lang.AssertionError">
      <![CDATA[java.lang.AssertionError: An error occurred while verifying the dropdown selections: element click intercepted: Element <button class="MuiButtonBase-root MuiButton-root MuiButton-contained MuiButton-containedPrimary MuiButton-sizeMedium MuiButton-containedSizeMedium MuiButton-colorPrimary MuiButton-root MuiButton-contained MuiButton-containedPrimary MuiButton-sizeMedium MuiButton-containedSizeMedium MuiButton-colorPrimary css-y7km40" tabindex="0" type="button" data-testid="LS014B" id="LS014B">...</button> is not clickable at point (384, 194). Other element would receive the click: <li tabindex="-1" role="option" id="LS013OP1" data-option-index="1" aria-disabled="false" aria-selected="false" class="MuiAutocomplete-option" data-testid="LS013OP1">...</li>
  (Session info: chrome=126.0.6478.57)
Build info: version: '4.22.0', revision: 'c5f3146703*'
System info: os.name: 'Windows 10', os.arch: 'amd64', os.version: '10.0', java.version: '15.0.2'
Driver info: org.openqa.selenium.chrome.ChromeDriver
Command: [28c1cd6b56dc6795e30e81ec95439270, clickElement {id=f.96F56A357CA61046CAF15EBA57845CBB.d.DF3B6B890EF01A5A54F5CDB8BC4E1843.e.236}]
Capabilities {acceptInsecureCerts: false, browserName: chrome, browserVersion: 126.0.6478.57, chrome: {chromedriverVersion: 126.0.6478.126 (d36ace6122e..., userDataDir: C:\Users\KAJALS~1\AppData\L...}, fedcm:accounts: true, goog:chromeOptions: {debuggerAddress: localhost:50937}, networkConnectionEnabled: false, pageLoadStrategy: normal, platformName: windows, proxy: Proxy(), se:cdp: ws://localhost:50937/devtoo..., se:cdpVersion: 126.0.6478.57, setWindowRect: true, strictFileInteractability: false, timeouts: {implicit: 0, pageLoad: 300000, script: 30000}, unhandledPromptBehavior: dismiss and notify, webauthn:extension:credBlob: true, webauthn:extension:largeBlob: true, webauthn:extension:minPinLength: true, webauthn:extension:prf: true, webauthn:virtualAuthenticators: true}
Element: [[ChromeDriver: chrome on windows (28c1cd6b56dc6795e30e81ec95439270)] -> xpath: //button[@id='LS014B']]
Session ID: 28c1cd6b56dc6795e30e81ec95439270
at org.testng.Assert.fail(Assert.java:111)
at zapcg.Capillary.LocationPageTestCases.Location_ExistingUser_TestCases.verifyHeaderOfMemberLookupScreen(Location_ExistingUser_TestCases.java:152)
at java.base/jdk.internal.reflect.NativeMethodAccessorImpl.invoke0(Native Method)
at java.base/jdk.internal.reflect.NativeMethodAccessorImpl.invoke(NativeMethodAccessorImpl.java:64)
at java.base/jdk.internal.reflect.DelegatingMethodAccessorImpl.invoke(DelegatingMethodAccessorImpl.java:43)
at java.base/java.lang.reflect.Method.invoke(Method.java:564)
at org.testng.internal.invokers.MethodInvocationHelper.invokeMethod(MethodInvocationHelper.java:141)
at org.testng.internal.invokers.TestInvoker.invokeMethod(TestInvoker.java:686)
at org.testng.internal.invokers.TestInvoker.invokeTestMethod(TestInvoker.java:230)
at org.testng.internal.invokers.MethodRunner.runInSequence(MethodRunner.java:63)
at org.testng.internal.invokers.TestInvoker$MethodInvocationAgent.invoke(TestInvoker.java:992)
at org.testng.internal.invokers.TestInvoker.invokeTestMethods(TestInvoker.java:203)
at org.testng.internal.invokers.TestMethodWorker.invokeTestMethods(TestMethodWorker.java:154)
at org.testng.internal.invokers.TestMethodWorker.run(TestMethodWorker.java:134)
at java.base/java.util.ArrayList.forEach(ArrayList.java:1511)
at org.testng.TestRunner.privateRun(TestRunner.java:739)
at org.testng.TestRunner.run(TestRunner.java:614)
at org.testng.SuiteRunner.runTest(SuiteRunner.java:421)
at org.testng.SuiteRunner$SuiteWorker.run(SuiteRunner.java:463)
at org.testng.internal.thread.ThreadUtil.lambda$execute$0(ThreadUtil.java:64)
at java.base/java.util.concurrent.FutureTask.run(FutureTask.java:264)
at java.base/java.util.concurrent.ThreadPoolExecutor.runWorker(ThreadPoolExecutor.java:1130)
at java.base/java.util.concurrent.ThreadPoolExecutor$Worker.run(ThreadPoolExecutor.java:630)
at java.base/java.lang.Thread.run(Thread.java:832)
]]>
    </failure>
  </testcase> <!-- verifyHeaderOfMemberLookupScreen -->
  <testcase classname="zapcg.Capillary.LocationPageTestCases.Location_ExistingUser_TestCases" name="verifyHeaderOfMemberLookupScreen" time="0.000">
    <skipped/>
  </testcase> <!-- verifyHeaderOfMemberLookupScreen -->
  <testcase classname="zapcg.Capillary.LocationPageTestCases.Location_ExistingUser_TestCases" name="verifyHeaderOfMemberLookupScreen" time="0.000">
    <skipped/>
  </testcase> <!-- verifyHeaderOfMemberLookupScreen -->
  <testcase classname="zapcg.Capillary.LocationPageTestCases.Location_ExistingUser_TestCases" name="verifyHeaderOfMemberLookupScreen" time="0.000">
    <skipped/>
  </testcase> <!-- verifyHeaderOfMemberLookupScreen -->
  <testcase classname="zapcg.Capillary.LocationPageTestCases.Location_ExistingUser_TestCases" name="verifyHeaderOfMemberLookupScreen" time="0.000">
    <skipped/>
  </testcase> <!-- verifyHeaderOfMemberLookupScreen -->
  <testcase classname="zapcg.Capillary.LocationPageTestCases.Location_ExistingUser_TestCases" name="verifyHeaderOfMemberLookupScreen" time="0.000">
    <skipped/>
  </testcase> <!-- verifyHeaderOfMemberLookupScreen -->
  <testcase classname="zapcg.Capillary.LocationPageTestCases.Location_ExistingUser_TestCases" name="verifyHeaderOfMemberLookupScreen" time="8.199"/>
  <testcase classname="zapcg.Capillary.LocationPageTestCases.Location_ExistingUser_TestCases" name="verifyHeaderOfMemberLookupScreen" time="0.000">
    <skipped/>
  </testcase> <!-- verifyHeaderOfMemberLookupScreen -->
  <testcase classname="zapcg.Capillary.LocationPageTestCases.Location_ExistingUser_TestCases" name="verifyHeaderOfMemberLookupScreen" time="8.406"/>
  <testcase classname="zapcg.Capillary.LocationPageTestCases.Location_ExistingUser_TestCases" name="verifyHeaderOfMemberLookupScreen" time="0.000">
    <skipped/>
  </testcase> <!-- verifyHeaderOfMemberLookupScreen -->
  <testcase classname="zapcg.Capillary.LocationPageTestCases.Location_ExistingUser_TestCases" name="verifyHeaderOfMemberLookupScreen" time="12.089">
    <failure message="An error occurred while verifying the dropdown selections: Element &lt;button id=&quot;LS014B&quot; class=&quot;MuiButtonBase-root MuiButton-root MuiButton-contained MuiButton-containedPrimary MuiButton-sizeMedium MuiButton-containedSizeMedium MuiButton-colorPrimary MuiButton-root MuiButton-contained MuiButton-containedPrimary MuiButton-sizeMedium MuiButton-containedSizeMedium MuiButton-colorPrimary css-y7km40&quot; type=&quot;button&quot;&gt; is not clickable at point (378,533) because another element &lt;li id=&quot;LS013OP1&quot; class=&quot;MuiAutocomplete-option&quot;&gt; obscures it
Build info: version: &#039;4.22.0&#039;, revision: &#039;c5f3146703*&#039;
System info: os.name: &#039;Windows 10&#039;, os.arch: &#039;amd64&#039;, os.version: &#039;10.0&#039;, java.version: &#039;15.0.2&#039;
Driver info: org.openqa.selenium.firefox.FirefoxDriver
Command: [16f9565c-98fe-4ae7-a632-1d7d24d163e5, clickElement {id=41ea3bd0-166e-4651-abcd-500946756e0b}]
Capabilities {acceptInsecureCerts: true, browserName: firefox, browserVersion: 128.0, moz:accessibilityChecks: false, moz:buildID: 20240628091536, moz:debuggerAddress: 127.0.0.1:9561, moz:geckodriverVersion: 0.34.0, moz:headless: false, moz:platformVersion: 10.0, moz:processID: 59040, moz:profile: C:\Users\KAJALS~1\AppData\L..., moz:shutdownTimeout: 60000, moz:webdriverClick: true, moz:windowless: false, pageLoadStrategy: normal, platformName: windows, proxy: Proxy(), se:cdp: ws://127.0.0.1:9561/devtool..., se:cdpVersion: 85.0, setWindowRect: true, strictFileInteractability: false, timeouts: {implicit: 0, pageLoad: 300000, script: 30000}, unhandledPromptBehavior: dismiss and notify, userAgent: Mozilla/5.0 (Windows NT 10....}
Element: [[FirefoxDriver: firefox on windows (16f9565c-98fe-4ae7-a632-1d7d24d163e5)] -&gt; xpath: //button[@id=&#039;LS014B&#039;]]
Session ID: 16f9565c-98fe-4ae7-a632-1d7d24d163e5" type="java.lang.AssertionError">
      <![CDATA[java.lang.AssertionError: An error occurred while verifying the dropdown selections: Element <button id="LS014B" class="MuiButtonBase-root MuiButton-root MuiButton-contained MuiButton-containedPrimary MuiButton-sizeMedium MuiButton-containedSizeMedium MuiButton-colorPrimary MuiButton-root MuiButton-contained MuiButton-containedPrimary MuiButton-sizeMedium MuiButton-containedSizeMedium MuiButton-colorPrimary css-y7km40" type="button"> is not clickable at point (378,533) because another element <li id="LS013OP1" class="MuiAutocomplete-option"> obscures it
Build info: version: '4.22.0', revision: 'c5f3146703*'
System info: os.name: 'Windows 10', os.arch: 'amd64', os.version: '10.0', java.version: '15.0.2'
Driver info: org.openqa.selenium.firefox.FirefoxDriver
Command: [16f9565c-98fe-4ae7-a632-1d7d24d163e5, clickElement {id=41ea3bd0-166e-4651-abcd-500946756e0b}]
Capabilities {acceptInsecureCerts: true, browserName: firefox, browserVersion: 128.0, moz:accessibilityChecks: false, moz:buildID: 20240628091536, moz:debuggerAddress: 127.0.0.1:9561, moz:geckodriverVersion: 0.34.0, moz:headless: false, moz:platformVersion: 10.0, moz:processID: 59040, moz:profile: C:\Users\KAJALS~1\AppData\L..., moz:shutdownTimeout: 60000, moz:webdriverClick: true, moz:windowless: false, pageLoadStrategy: normal, platformName: windows, proxy: Proxy(), se:cdp: ws://127.0.0.1:9561/devtool..., se:cdpVersion: 85.0, setWindowRect: true, strictFileInteractability: false, timeouts: {implicit: 0, pageLoad: 300000, script: 30000}, unhandledPromptBehavior: dismiss and notify, userAgent: Mozilla/5.0 (Windows NT 10....}
Element: [[FirefoxDriver: firefox on windows (16f9565c-98fe-4ae7-a632-1d7d24d163e5)] -> xpath: //button[@id='LS014B']]
Session ID: 16f9565c-98fe-4ae7-a632-1d7d24d163e5
at org.testng.Assert.fail(Assert.java:111)
at zapcg.Capillary.LocationPageTestCases.Location_ExistingUser_TestCases.verifyHeaderOfMemberLookupScreen(Location_ExistingUser_TestCases.java:152)
at java.base/jdk.internal.reflect.NativeMethodAccessorImpl.invoke0(Native Method)
at java.base/jdk.internal.reflect.NativeMethodAccessorImpl.invoke(NativeMethodAccessorImpl.java:64)
at java.base/jdk.internal.reflect.DelegatingMethodAccessorImpl.invoke(DelegatingMethodAccessorImpl.java:43)
at java.base/java.lang.reflect.Method.invoke(Method.java:564)
at org.testng.internal.invokers.MethodInvocationHelper.invokeMethod(MethodInvocationHelper.java:141)
at org.testng.internal.invokers.TestInvoker.invokeMethod(TestInvoker.java:686)
at org.testng.internal.invokers.TestInvoker.invokeTestMethod(TestInvoker.java:230)
at org.testng.internal.invokers.MethodRunner.runInSequence(MethodRunner.java:63)
at org.testng.internal.invokers.TestInvoker$MethodInvocationAgent.invoke(TestInvoker.java:992)
at org.testng.internal.invokers.TestInvoker.invokeTestMethods(TestInvoker.java:203)
at org.testng.internal.invokers.TestMethodWorker.invokeTestMethods(TestMethodWorker.java:154)
at org.testng.internal.invokers.TestMethodWorker.run(TestMethodWorker.java:134)
at java.base/java.util.ArrayList.forEach(ArrayList.java:1511)
at org.testng.TestRunner.privateRun(TestRunner.java:739)
at org.testng.TestRunner.run(TestRunner.java:614)
at org.testng.SuiteRunner.runTest(SuiteRunner.java:421)
at org.testng.SuiteRunner$SuiteWorker.run(SuiteRunner.java:463)
at org.testng.internal.thread.ThreadUtil.lambda$execute$0(ThreadUtil.java:64)
at java.base/java.util.concurrent.FutureTask.run(FutureTask.java:264)
at java.base/java.util.concurrent.ThreadPoolExecutor.runWorker(ThreadPoolExecutor.java:1130)
at java.base/java.util.concurrent.ThreadPoolExecutor$Worker.run(ThreadPoolExecutor.java:630)
at java.base/java.lang.Thread.run(Thread.java:832)
]]>
    </failure>
  </testcase> <!-- verifyHeaderOfMemberLookupScreen -->
  <testcase classname="zapcg.Capillary.LocationPageTestCases.Location_ExistingUser_TestCases" name="verifyHeaderOfMemberLookupScreen" time="7.391"/>
  <testcase classname="zapcg.Capillary.LocationPageTestCases.Location_ExistingUser_TestCases" name="burgerIconMemberLookupNavigation" time="0.000">
    <skipped/>
  </testcase> <!-- burgerIconMemberLookupNavigation -->
  <testcase classname="zapcg.Capillary.LocationPageTestCases.Location_ExistingUser_TestCases" name="burgerIconMemberLookupNavigation" time="6.319"/>
  <testcase classname="zapcg.Capillary.LocationPageTestCases.Location_ExistingUser_TestCases" name="burgerIconMemberLookupNavigation" time="0.000">
    <skipped/>
  </testcase> <!-- burgerIconMemberLookupNavigation -->
  <testcase classname="zapcg.Capillary.LocationPageTestCases.Location_ExistingUser_TestCases" name="burgerIconMemberLookupNavigation" time="11.506"/>
  <testcase classname="zapcg.Capillary.LocationPageTestCases.Location_ExistingUser_TestCases" name="burgerIconMemberLookupNavigation" time="0.000">
    <skipped/>
  </testcase> <!-- burgerIconMemberLookupNavigation -->
  <testcase classname="zapcg.Capillary.LocationPageTestCases.Location_ExistingUser_TestCases" name="burgerIconMemberLookupNavigation" time="0.000">
    <skipped/>
  </testcase> <!-- burgerIconMemberLookupNavigation -->
  <testcase classname="zapcg.Capillary.LocationPageTestCases.Location_ExistingUser_TestCases" name="burgerIconMemberLookupNavigation" time="0.000">
    <skipped/>
  </testcase> <!-- burgerIconMemberLookupNavigation -->
  <testcase classname="zapcg.Capillary.LocationPageTestCases.Location_ExistingUser_TestCases" name="burgerIconMemberLookupNavigation" time="0.000">
    <skipped/>
  </testcase> <!-- burgerIconMemberLookupNavigation -->
  <testcase classname="zapcg.Capillary.LocationPageTestCases.Location_ExistingUser_TestCases" name="burgerIconMemberLookupNavigation" time="6.573"/>
  <testcase classname="zapcg.Capillary.LocationPageTestCases.Location_ExistingUser_TestCases" name="burgerIconMemberLookupNavigation" time="6.194"/>
  <testcase classname="zapcg.Capillary.LocationPageTestCases.Location_ExistingUser_TestCases" name="burgerIconMemberLookupNavigation" time="0.000">
    <skipped/>
  </testcase> <!-- burgerIconMemberLookupNavigation -->
  <testcase classname="zapcg.Capillary.LocationPageTestCases.Location_ExistingUser_TestCases" name="burgerIconMemberLookupNavigation" time="6.219"/>
  <testcase classname="zapcg.Capillary.LocationPageTestCases.Location_ExistingUser_TestCases" name="burgerIconMemberLocationNavigation" time="6.465"/>
  <testcase classname="zapcg.Capillary.LocationPageTestCases.Location_ExistingUser_TestCases" name="burgerIconMemberLocationNavigation" time="0.000">
    <skipped/>
  </testcase> <!-- burgerIconMemberLocationNavigation -->
  <testcase classname="zapcg.Capillary.LocationPageTestCases.Location_ExistingUser_TestCases" name="burgerIconMemberLocationNavigation" time="7.043"/>
  <testcase classname="zapcg.Capillary.LocationPageTestCases.Location_ExistingUser_TestCases" name="burgerIconMemberLocationNavigation" time="12.118"/>
  <testcase classname="zapcg.Capillary.LocationPageTestCases.Location_ExistingUser_TestCases" name="burgerIconMemberLocationNavigation" time="0.000">
    <skipped/>
  </testcase> <!-- burgerIconMemberLocationNavigation -->
  <testcase classname="zapcg.Capillary.LocationPageTestCases.Location_ExistingUser_TestCases" name="burgerIconMemberLocationNavigation" time="0.000">
    <skipped/>
  </testcase> <!-- burgerIconMemberLocationNavigation -->
  <testcase classname="zapcg.Capillary.LocationPageTestCases.Location_ExistingUser_TestCases" name="burgerIconMemberLocationNavigation" time="6.468"/>
  <testcase classname="zapcg.Capillary.LocationPageTestCases.Location_ExistingUser_TestCases" name="burgerIconMemberLocationNavigation" time="0.000">
    <skipped/>
  </testcase> <!-- burgerIconMemberLocationNavigation -->
  <testcase classname="zapcg.Capillary.LocationPageTestCases.Location_ExistingUser_TestCases" name="burgerIconMemberLocationNavigation" time="6.903"/>
  <testcase classname="zapcg.Capillary.LocationPageTestCases.Location_ExistingUser_TestCases" name="burgerIconMemberLocationNavigation" time="0.000">
    <skipped/>
  </testcase> <!-- burgerIconMemberLocationNavigation -->
  <testcase classname="zapcg.Capillary.LocationPageTestCases.Location_ExistingUser_TestCases" name="burgerIconMemberLocationNavigation" time="0.000">
    <skipped/>
  </testcase> <!-- burgerIconMemberLocationNavigation -->
  <testcase classname="zapcg.Capillary.LocationPageTestCases.Location_ExistingUser_TestCases" name="burgerIconMemberLocationNavigation" time="0.000">
    <skipped/>
  </testcase> <!-- burgerIconMemberLocationNavigation -->
  <testcase classname="zapcg.Capillary.LocationPageTestCases.Location_ExistingUser_TestCases" name="burgerIconLogout" time="0.000">
    <skipped/>
  </testcase> <!-- burgerIconLogout -->
  <testcase classname="zapcg.Capillary.LocationPageTestCases.Location_ExistingUser_TestCases" name="burgerIconLogout" time="0.000">
    <skipped/>
  </testcase> <!-- burgerIconLogout -->
  <testcase classname="zapcg.Capillary.LocationPageTestCases.Location_ExistingUser_TestCases" name="burgerIconLogout" time="0.000">
    <skipped/>
  </testcase> <!-- burgerIconLogout -->
  <testcase classname="zapcg.Capillary.LocationPageTestCases.Location_ExistingUser_TestCases" name="burgerIconLogout" time="0.000">
    <skipped/>
  </testcase> <!-- burgerIconLogout -->
  <testcase classname="zapcg.Capillary.LocationPageTestCases.Location_ExistingUser_TestCases" name="burgerIconLogout" time="0.000">
    <skipped/>
  </testcase> <!-- burgerIconLogout -->
  <testcase classname="zapcg.Capillary.LocationPageTestCases.Location_ExistingUser_TestCases" name="burgerIconLogout" time="6.273"/>
  <testcase classname="zapcg.Capillary.LocationPageTestCases.Location_ExistingUser_TestCases" name="burgerIconLogout" time="6.277"/>
  <testcase classname="zapcg.Capillary.LocationPageTestCases.Location_ExistingUser_TestCases" name="burgerIconLogout" time="6.877"/>
  <testcase classname="zapcg.Capillary.LocationPageTestCases.Location_ExistingUser_TestCases" name="burgerIconLogout" time="0.000">
    <skipped/>
  </testcase> <!-- burgerIconLogout -->
  <testcase classname="zapcg.Capillary.LocationPageTestCases.Location_ExistingUser_TestCases" name="burgerIconLogout" time="0.000">
    <skipped/>
  </testcase> <!-- burgerIconLogout -->
  <testcase classname="zapcg.Capillary.LocationPageTestCases.Location_ExistingUser_TestCases" name="burgerIconLogout" time="8.355"/>
  <testcase classname="zapcg.Capillary.LocationPageTestCases.Location_ExistingUser_TestCases" name="burgerIconLogout" time="11.281"/>
  <testcase classname="zapcg.Capillary.LocationPageTestCases.Location_ExistingUser_TestCases" name="navigatedFromLocationToLookupScreen" time="0.000">
    <skipped/>
  </testcase> <!-- navigatedFromLocationToLookupScreen -->
  <testcase classname="zapcg.Capillary.LocationPageTestCases.Location_ExistingUser_TestCases" name="navigatedFromLocationToLookupScreen" time="0.000">
    <skipped/>
  </testcase> <!-- navigatedFromLocationToLookupScreen -->
  <testcase classname="zapcg.Capillary.LocationPageTestCases.Location_ExistingUser_TestCases" name="navigatedFromLocationToLookupScreen" time="8.711"/>
  <testcase classname="zapcg.Capillary.LocationPageTestCases.Location_ExistingUser_TestCases" name="navigatedFromLocationToLookupScreen" time="0.000">
    <skipped/>
  </testcase> <!-- navigatedFromLocationToLookupScreen -->
  <testcase classname="zapcg.Capillary.LocationPageTestCases.Location_ExistingUser_TestCases" name="navigatedFromLocationToLookupScreen" time="9.293"/>
  <testcase classname="zapcg.Capillary.LocationPageTestCases.Location_ExistingUser_TestCases" name="navigatedFromLocationToLookupScreen" time="0.000">
    <skipped/>
  </testcase> <!-- navigatedFromLocationToLookupScreen -->
  <testcase classname="zapcg.Capillary.LocationPageTestCases.Location_ExistingUser_TestCases" name="navigatedFromLocationToLookupScreen" time="7.547"/>
  <testcase classname="zapcg.Capillary.LocationPageTestCases.Location_ExistingUser_TestCases" name="navigatedFromLocationToLookupScreen" time="12.220">
    <error message="Element &lt;button id=&quot;LS014B&quot; class=&quot;MuiButtonBase-root MuiButton-root MuiButton-contained MuiButton-containedPrimary MuiButton-sizeMedium MuiButton-containedSizeMedium MuiButton-colorPrimary MuiButton-root MuiButton-contained MuiButton-containedPrimary MuiButton-sizeMedium MuiButton-containedSizeMedium MuiButton-colorPrimary css-y7km40&quot; type=&quot;button&quot;&gt; is not clickable at point (378,533) because another element &lt;li id=&quot;LS013OP1&quot; class=&quot;MuiAutocomplete-option&quot;&gt; obscures it
Build info: version: &#039;4.22.0&#039;, revision: &#039;c5f3146703*&#039;
System info: os.name: &#039;Windows 10&#039;, os.arch: &#039;amd64&#039;, os.version: &#039;10.0&#039;, java.version: &#039;15.0.2&#039;
Driver info: org.openqa.selenium.firefox.FirefoxDriver
Command: [93bff3ef-3b4a-416e-848f-fdb21af27698, clickElement {id=d1c837a7-f717-4976-9279-2d878e917dc0}]
Capabilities {acceptInsecureCerts: true, browserName: firefox, browserVersion: 128.0, moz:accessibilityChecks: false, moz:buildID: 20240628091536, moz:debuggerAddress: 127.0.0.1:47331, moz:geckodriverVersion: 0.34.0, moz:headless: false, moz:platformVersion: 10.0, moz:processID: 51892, moz:profile: C:\Users\KAJALS~1\AppData\L..., moz:shutdownTimeout: 60000, moz:webdriverClick: true, moz:windowless: false, pageLoadStrategy: normal, platformName: windows, proxy: Proxy(), se:cdp: ws://127.0.0.1:47331/devtoo..., se:cdpVersion: 85.0, setWindowRect: true, strictFileInteractability: false, timeouts: {implicit: 0, pageLoad: 300000, script: 30000}, unhandledPromptBehavior: dismiss and notify, userAgent: Mozilla/5.0 (Windows NT 10....}
Element: [[FirefoxDriver: firefox on windows (93bff3ef-3b4a-416e-848f-fdb21af27698)] -&gt; xpath: //button[@id=&#039;LS014B&#039;]]
Session ID: 93bff3ef-3b4a-416e-848f-fdb21af27698" type="org.openqa.selenium.ElementClickInterceptedException">
      <![CDATA[org.openqa.selenium.ElementClickInterceptedException: Element <button id="LS014B" class="MuiButtonBase-root MuiButton-root MuiButton-contained MuiButton-containedPrimary MuiButton-sizeMedium MuiButton-containedSizeMedium MuiButton-colorPrimary MuiButton-root MuiButton-contained MuiButton-containedPrimary MuiButton-sizeMedium MuiButton-containedSizeMedium MuiButton-colorPrimary css-y7km40" type="button"> is not clickable at point (378,533) because another element <li id="LS013OP1" class="MuiAutocomplete-option"> obscures it
Build info: version: '4.22.0', revision: 'c5f3146703*'
System info: os.name: 'Windows 10', os.arch: 'amd64', os.version: '10.0', java.version: '15.0.2'
Driver info: org.openqa.selenium.firefox.FirefoxDriver
Command: [93bff3ef-3b4a-416e-848f-fdb21af27698, clickElement {id=d1c837a7-f717-4976-9279-2d878e917dc0}]
Capabilities {acceptInsecureCerts: true, browserName: firefox, browserVersion: 128.0, moz:accessibilityChecks: false, moz:buildID: 20240628091536, moz:debuggerAddress: 127.0.0.1:47331, moz:geckodriverVersion: 0.34.0, moz:headless: false, moz:platformVersion: 10.0, moz:processID: 51892, moz:profile: C:\Users\KAJALS~1\AppData\L..., moz:shutdownTimeout: 60000, moz:webdriverClick: true, moz:windowless: false, pageLoadStrategy: normal, platformName: windows, proxy: Proxy(), se:cdp: ws://127.0.0.1:47331/devtoo..., se:cdpVersion: 85.0, setWindowRect: true, strictFileInteractability: false, timeouts: {implicit: 0, pageLoad: 300000, script: 30000}, unhandledPromptBehavior: dismiss and notify, userAgent: Mozilla/5.0 (Windows NT 10....}
Element: [[FirefoxDriver: firefox on windows (93bff3ef-3b4a-416e-848f-fdb21af27698)] -> xpath: //button[@id='LS014B']]
Session ID: 93bff3ef-3b4a-416e-848f-fdb21af27698
at java.base/jdk.internal.reflect.NativeConstructorAccessorImpl.newInstance0(Native Method)
at java.base/jdk.internal.reflect.NativeConstructorAccessorImpl.newInstance(NativeConstructorAccessorImpl.java:64)
at java.base/jdk.internal.reflect.DelegatingConstructorAccessorImpl.newInstance(DelegatingConstructorAccessorImpl.java:45)
at java.base/java.lang.reflect.Constructor.newInstanceWithCaller(Constructor.java:500)
at java.base/java.lang.reflect.Constructor.newInstance(Constructor.java:481)
at org.openqa.selenium.remote.ErrorCodec.decode(ErrorCodec.java:167)
at org.openqa.selenium.remote.codec.w3c.W3CHttpResponseCodec.decode(W3CHttpResponseCodec.java:138)
at org.openqa.selenium.remote.codec.w3c.W3CHttpResponseCodec.decode(W3CHttpResponseCodec.java:50)
at org.openqa.selenium.remote.HttpCommandExecutor.execute(HttpCommandExecutor.java:190)
at org.openqa.selenium.remote.service.DriverCommandExecutor.invokeExecute(DriverCommandExecutor.java:216)
at org.openqa.selenium.remote.service.DriverCommandExecutor.execute(DriverCommandExecutor.java:174)
at org.openqa.selenium.remote.RemoteWebDriver.execute(RemoteWebDriver.java:518)
at org.openqa.selenium.remote.RemoteWebElement.execute(RemoteWebElement.java:223)
at org.openqa.selenium.remote.RemoteWebElement.click(RemoteWebElement.java:76)
at jdk.internal.reflect.GeneratedMethodAccessor1.invoke(Unknown Source)
at java.base/jdk.internal.reflect.DelegatingMethodAccessorImpl.invoke(DelegatingMethodAccessorImpl.java:43)
at java.base/java.lang.reflect.Method.invoke(Method.java:564)
at org.openqa.selenium.support.pagefactory.internal.LocatingElementHandler.invoke(LocatingElementHandler.java:51)
at com.sun.proxy.$Proxy15.click(Unknown Source)
at zapcg.Capillary.PageObject.locationSelectionPage.clickOnChooseLocationButton(locationSelectionPage.java:160)
at zapcg.Capillary.LocationPageTestCases.Location_ExistingUser_TestCases.navigatedFromLocationToLookupScreen(Location_ExistingUser_TestCases.java:208)
at java.base/jdk.internal.reflect.NativeMethodAccessorImpl.invoke0(Native Method)
at java.base/jdk.internal.reflect.NativeMethodAccessorImpl.invoke(NativeMethodAccessorImpl.java:64)
at java.base/jdk.internal.reflect.DelegatingMethodAccessorImpl.invoke(DelegatingMethodAccessorImpl.java:43)
at java.base/java.lang.reflect.Method.invoke(Method.java:564)
at org.testng.internal.invokers.MethodInvocationHelper.invokeMethod(MethodInvocationHelper.java:141)
at org.testng.internal.invokers.TestInvoker.invokeMethod(TestInvoker.java:686)
at org.testng.internal.invokers.TestInvoker.invokeTestMethod(TestInvoker.java:230)
at org.testng.internal.invokers.MethodRunner.runInSequence(MethodRunner.java:63)
at org.testng.internal.invokers.TestInvoker$MethodInvocationAgent.invoke(TestInvoker.java:992)
at org.testng.internal.invokers.TestInvoker.invokeTestMethods(TestInvoker.java:203)
at org.testng.internal.invokers.TestMethodWorker.invokeTestMethods(TestMethodWorker.java:154)
at org.testng.internal.invokers.TestMethodWorker.run(TestMethodWorker.java:134)
at java.base/java.util.ArrayList.forEach(ArrayList.java:1511)
at org.testng.TestRunner.privateRun(TestRunner.java:739)
at org.testng.TestRunner.run(TestRunner.java:614)
at org.testng.SuiteRunner.runTest(SuiteRunner.java:421)
at org.testng.SuiteRunner$SuiteWorker.run(SuiteRunner.java:463)
at org.testng.internal.thread.ThreadUtil.lambda$execute$0(ThreadUtil.java:64)
at java.base/java.util.concurrent.FutureTask.run(FutureTask.java:264)
at java.base/java.util.concurrent.ThreadPoolExecutor.runWorker(ThreadPoolExecutor.java:1130)
at java.base/java.util.concurrent.ThreadPoolExecutor$Worker.run(ThreadPoolExecutor.java:630)
at java.base/java.lang.Thread.run(Thread.java:832)
]]>
    </error>
  </testcase> <!-- navigatedFromLocationToLookupScreen -->
  <testcase classname="zapcg.Capillary.LocationPageTestCases.Location_ExistingUser_TestCases" name="navigatedFromLocationToLookupScreen" time="0.000">
    <skipped/>
  </testcase> <!-- navigatedFromLocationToLookupScreen -->
  <testcase classname="zapcg.Capillary.LocationPageTestCases.Location_ExistingUser_TestCases" name="navigatedFromLocationToLookupScreen" time="8.268"/>
  <testcase classname="zapcg.Capillary.LocationPageTestCases.Location_ExistingUser_TestCases" name="navigatedFromLocationToLookupScreen" time="0.000">
    <skipped/>
  </testcase> <!-- navigatedFromLocationToLookupScreen -->
  <testcase classname="zapcg.Capillary.LocationPageTestCases.Location_ExistingUser_TestCases" name="navigatedFromLocationToLookupScreen" time="0.000">
    <skipped/>
  </testcase> <!-- navigatedFromLocationToLookupScreen -->
</testsuite> <!-- zapcg.Capillary.LocationPageTestCases.Location_ExistingUser_TestCases -->
