<?xml version="1.0" encoding="UTF-8"?>
<!-- Generated by org.testng.reporters.JUnitReportReporter -->
<testsuite hostname="DESKTOP-VE6PCJ5" failures="2" tests="48" name="zapcg.Capillary.LocationPageTestCases.Location_ExistingUser_TestCases" time="311.631" errors="2" timestamp="2024-06-24T18:22:19 IST" skipped="0">
  <testcase classname="zapcg.Capillary.LocationPageTestCases.Location_ExistingUser_TestCases" name="chooseValidLocationForNewUser" time="11.210"/>
  <testcase classname="zapcg.Capillary.LocationPageTestCases.Location_ExistingUser_TestCases" name="chooseValidLocationForNewUser" time="6.448"/>
  <testcase classname="zapcg.Capillary.LocationPageTestCases.Location_ExistingUser_TestCases" name="chooseValidLocationForNewUser" time="8.908">
    <error message="element click intercepted: Element &lt;button class=&quot;MuiButtonBase-root MuiButton-root MuiButton-contained MuiButton-containedPrimary MuiButton-sizeMedium MuiButton-containedSizeMedium MuiButton-colorPrimary MuiButton-root MuiButton-contained MuiButton-containedPrimary MuiButton-sizeMedium MuiButton-containedSizeMedium MuiButton-colorPrimary css-y7km40&quot; tabindex=&quot;0&quot; type=&quot;button&quot; data-testid=&quot;LS014B&quot; id=&quot;LS014B&quot;&gt;...&lt;/button&gt; is not clickable at point (383, 193). Other element would receive the click: &lt;li tabindex=&quot;-1&quot; role=&quot;option&quot; id=&quot;LS013OP1&quot; data-option-index=&quot;1&quot; aria-disabled=&quot;false&quot; aria-selected=&quot;false&quot; class=&quot;MuiAutocomplete-option&quot; data-testid=&quot;LS013OP1&quot;&gt;...&lt;/li&gt;
  (Session info: chrome=126.0.6478.62)
Build info: version: &#039;4.21.0&#039;, revision: &#039;79ed462ef4&#039;
System info: os.name: &#039;Windows 11&#039;, os.arch: &#039;amd64&#039;, os.version: &#039;10.0&#039;, java.version: &#039;17.0.10&#039;
Driver info: org.openqa.selenium.chrome.ChromeDriver
Command: [e8ec341d0b7b3915aeb92665802ef310, clickElement {id=f.BF31A2FF7DCAE90896D1462179C7BA52.d.05633133EBAA860781206BD2C631E6E5.e.53}]
Capabilities {acceptInsecureCerts: false, browserName: chrome, browserVersion: 126.0.6478.62, chrome: {chromedriverVersion: 126.0.6478.63 (df799988fdc9..., userDataDir: C:\Users\MANICH~1\AppData\L...}, fedcm:accounts: true, goog:chromeOptions: {debuggerAddress: localhost:49703}, networkConnectionEnabled: false, pageLoadStrategy: normal, platformName: windows, proxy: Proxy(), se:cdp: ws://localhost:49703/devtoo..., se:cdpVersion: 126.0.6478.62, setWindowRect: true, strictFileInteractability: false, timeouts: {implicit: 0, pageLoad: 300000, script: 30000}, unhandledPromptBehavior: dismiss and notify, webauthn:extension:credBlob: true, webauthn:extension:largeBlob: true, webauthn:extension:minPinLength: true, webauthn:extension:prf: true, webauthn:virtualAuthenticators: true}
Element: [[ChromeDriver: chrome on windows (e8ec341d0b7b3915aeb92665802ef310)] -&gt; xpath: //button[@id=&#039;LS014B&#039;]]
Session ID: e8ec341d0b7b3915aeb92665802ef310" type="org.openqa.selenium.ElementClickInterceptedException">
      <![CDATA[org.openqa.selenium.ElementClickInterceptedException: element click intercepted: Element <button class="MuiButtonBase-root MuiButton-root MuiButton-contained MuiButton-containedPrimary MuiButton-sizeMedium MuiButton-containedSizeMedium MuiButton-colorPrimary MuiButton-root MuiButton-contained MuiButton-containedPrimary MuiButton-sizeMedium MuiButton-containedSizeMedium MuiButton-colorPrimary css-y7km40" tabindex="0" type="button" data-testid="LS014B" id="LS014B">...</button> is not clickable at point (383, 193). Other element would receive the click: <li tabindex="-1" role="option" id="LS013OP1" data-option-index="1" aria-disabled="false" aria-selected="false" class="MuiAutocomplete-option" data-testid="LS013OP1">...</li>
  (Session info: chrome=126.0.6478.62)
Build info: version: '4.21.0', revision: '79ed462ef4'
System info: os.name: 'Windows 11', os.arch: 'amd64', os.version: '10.0', java.version: '17.0.10'
Driver info: org.openqa.selenium.chrome.ChromeDriver
Command: [e8ec341d0b7b3915aeb92665802ef310, clickElement {id=f.BF31A2FF7DCAE90896D1462179C7BA52.d.05633133EBAA860781206BD2C631E6E5.e.53}]
Capabilities {acceptInsecureCerts: false, browserName: chrome, browserVersion: 126.0.6478.62, chrome: {chromedriverVersion: 126.0.6478.63 (df799988fdc9..., userDataDir: C:\Users\MANICH~1\AppData\L...}, fedcm:accounts: true, goog:chromeOptions: {debuggerAddress: localhost:49703}, networkConnectionEnabled: false, pageLoadStrategy: normal, platformName: windows, proxy: Proxy(), se:cdp: ws://localhost:49703/devtoo..., se:cdpVersion: 126.0.6478.62, setWindowRect: true, strictFileInteractability: false, timeouts: {implicit: 0, pageLoad: 300000, script: 30000}, unhandledPromptBehavior: dismiss and notify, webauthn:extension:credBlob: true, webauthn:extension:largeBlob: true, webauthn:extension:minPinLength: true, webauthn:extension:prf: true, webauthn:virtualAuthenticators: true}
Element: [[ChromeDriver: chrome on windows (e8ec341d0b7b3915aeb92665802ef310)] -> xpath: //button[@id='LS014B']]
Session ID: e8ec341d0b7b3915aeb92665802ef310
at java.base/jdk.internal.reflect.NativeConstructorAccessorImpl.newInstance0(Native Method)
at java.base/jdk.internal.reflect.NativeConstructorAccessorImpl.newInstance(NativeConstructorAccessorImpl.java:77)
at java.base/jdk.internal.reflect.DelegatingConstructorAccessorImpl.newInstance(DelegatingConstructorAccessorImpl.java:45)
at java.base/java.lang.reflect.Constructor.newInstanceWithCaller(Constructor.java:499)
at java.base/java.lang.reflect.Constructor.newInstance(Constructor.java:480)
at org.openqa.selenium.remote.ErrorCodec.decode(ErrorCodec.java:167)
at org.openqa.selenium.remote.codec.w3c.W3CHttpResponseCodec.decode(W3CHttpResponseCodec.java:138)
at org.openqa.selenium.remote.codec.w3c.W3CHttpResponseCodec.decode(W3CHttpResponseCodec.java:50)
at org.openqa.selenium.remote.HttpCommandExecutor.execute(HttpCommandExecutor.java:190)
at org.openqa.selenium.remote.service.DriverCommandExecutor.invokeExecute(DriverCommandExecutor.java:216)
at org.openqa.selenium.remote.service.DriverCommandExecutor.execute(DriverCommandExecutor.java:174)
at org.openqa.selenium.remote.RemoteWebDriver.execute(RemoteWebDriver.java:518)
at org.openqa.selenium.remote.RemoteWebElement.execute(RemoteWebElement.java:223)
at org.openqa.selenium.remote.RemoteWebElement.click(RemoteWebElement.java:76)
at jdk.internal.reflect.GeneratedMethodAccessor1.invoke(Unknown Source)
at java.base/jdk.internal.reflect.DelegatingMethodAccessorImpl.invoke(DelegatingMethodAccessorImpl.java:43)
at java.base/java.lang.reflect.Method.invoke(Method.java:568)
at org.openqa.selenium.support.pagefactory.internal.LocatingElementHandler.invoke(LocatingElementHandler.java:51)
at jdk.proxy2/jdk.proxy2.$Proxy10.click(Unknown Source)
at zapcg.Capillary.PageObject.locationSelectionPage.clickOnChooseLocationButton(locationSelectionPage.java:149)
at zapcg.Capillary.LocationPageTestCases.Location_ExistingUser_TestCases.chooseValidLocationForNewUser(Location_ExistingUser_TestCases.java:53)
at java.base/jdk.internal.reflect.NativeMethodAccessorImpl.invoke0(Native Method)
at java.base/jdk.internal.reflect.NativeMethodAccessorImpl.invoke(NativeMethodAccessorImpl.java:77)
at java.base/jdk.internal.reflect.DelegatingMethodAccessorImpl.invoke(DelegatingMethodAccessorImpl.java:43)
at java.base/java.lang.reflect.Method.invoke(Method.java:568)
at org.testng.internal.invokers.MethodInvocationHelper.invokeMethod(MethodInvocationHelper.java:141)
at org.testng.internal.invokers.TestInvoker.invokeMethod(TestInvoker.java:686)
at org.testng.internal.invokers.TestInvoker.invokeTestMethod(TestInvoker.java:230)
at org.testng.internal.invokers.MethodRunner.runInSequence(MethodRunner.java:63)
at org.testng.internal.invokers.TestInvoker$MethodInvocationAgent.invoke(TestInvoker.java:992)
at org.testng.internal.invokers.TestInvoker.invokeTestMethods(TestInvoker.java:203)
at org.testng.internal.invokers.TestMethodWorker.invokeTestMethods(TestMethodWorker.java:154)
at org.testng.internal.invokers.TestMethodWorker.run(TestMethodWorker.java:134)
at java.base/java.util.ArrayList.forEach(ArrayList.java:1511)
at org.testng.TestRunner.privateRun(TestRunner.java:739)
at org.testng.TestRunner.run(TestRunner.java:614)
at org.testng.SuiteRunner.runTest(SuiteRunner.java:421)
at org.testng.SuiteRunner$SuiteWorker.run(SuiteRunner.java:463)
at org.testng.internal.thread.ThreadUtil.lambda$execute$0(ThreadUtil.java:64)
at java.base/java.util.concurrent.FutureTask.run(FutureTask.java:264)
at java.base/java.util.concurrent.ThreadPoolExecutor.runWorker(ThreadPoolExecutor.java:1136)
at java.base/java.util.concurrent.ThreadPoolExecutor$Worker.run(ThreadPoolExecutor.java:635)
at java.base/java.lang.Thread.run(Thread.java:842)
]]>
    </error>
  </testcase> <!-- chooseValidLocationForNewUser -->
  <testcase classname="zapcg.Capillary.LocationPageTestCases.Location_ExistingUser_TestCases" name="chooseValidLocationForNewUser" time="7.070"/>
  <testcase classname="zapcg.Capillary.LocationPageTestCases.Location_ExistingUser_TestCases" name="chooseValidLocationForNewUser" time="7.835">
    <error message="element click intercepted: Element &lt;button class=&quot;MuiButtonBase-root MuiButton-root MuiButton-contained MuiButton-containedPrimary MuiButton-sizeMedium MuiButton-containedSizeMedium MuiButton-colorPrimary MuiButton-root MuiButton-contained MuiButton-containedPrimary MuiButton-sizeMedium MuiButton-containedSizeMedium MuiButton-colorPrimary css-y7km40&quot; tabindex=&quot;0&quot; type=&quot;button&quot; data-testid=&quot;LS014B&quot; id=&quot;LS014B&quot;&gt;...&lt;/button&gt; is not clickable at point (389, 208). Other element would receive the click: &lt;li tabindex=&quot;-1&quot; role=&quot;option&quot; id=&quot;LS013OP1&quot; data-option-index=&quot;1&quot; aria-disabled=&quot;false&quot; aria-selected=&quot;false&quot; class=&quot;MuiAutocomplete-option&quot; data-testid=&quot;LS013OP1&quot;&gt;...&lt;/li&gt;
  (Session info: chrome=126.0.6478.62)
Build info: version: &#039;4.21.0&#039;, revision: &#039;79ed462ef4&#039;
System info: os.name: &#039;Windows 11&#039;, os.arch: &#039;amd64&#039;, os.version: &#039;10.0&#039;, java.version: &#039;17.0.10&#039;
Driver info: org.openqa.selenium.chrome.ChromeDriver
Command: [5b5b5514af41b5c88d5507794e0e13fe, clickElement {id=f.9B0FFD0D69DC76D080C71624E30E8051.d.FB5FDBDDC18E5646B0CAA3FA5B441EE2.e.54}]
Capabilities {acceptInsecureCerts: false, browserName: chrome, browserVersion: 126.0.6478.62, chrome: {chromedriverVersion: 126.0.6478.63 (df799988fdc9..., userDataDir: C:\Users\MANICH~1\AppData\L...}, fedcm:accounts: true, goog:chromeOptions: {debuggerAddress: localhost:64755}, networkConnectionEnabled: false, pageLoadStrategy: normal, platformName: windows, proxy: Proxy(), se:cdp: ws://localhost:64755/devtoo..., se:cdpVersion: 126.0.6478.62, setWindowRect: true, strictFileInteractability: false, timeouts: {implicit: 0, pageLoad: 300000, script: 30000}, unhandledPromptBehavior: dismiss and notify, webauthn:extension:credBlob: true, webauthn:extension:largeBlob: true, webauthn:extension:minPinLength: true, webauthn:extension:prf: true, webauthn:virtualAuthenticators: true}
Element: [[ChromeDriver: chrome on windows (5b5b5514af41b5c88d5507794e0e13fe)] -&gt; xpath: //button[@id=&#039;LS014B&#039;]]
Session ID: 5b5b5514af41b5c88d5507794e0e13fe" type="org.openqa.selenium.ElementClickInterceptedException">
      <![CDATA[org.openqa.selenium.ElementClickInterceptedException: element click intercepted: Element <button class="MuiButtonBase-root MuiButton-root MuiButton-contained MuiButton-containedPrimary MuiButton-sizeMedium MuiButton-containedSizeMedium MuiButton-colorPrimary MuiButton-root MuiButton-contained MuiButton-containedPrimary MuiButton-sizeMedium MuiButton-containedSizeMedium MuiButton-colorPrimary css-y7km40" tabindex="0" type="button" data-testid="LS014B" id="LS014B">...</button> is not clickable at point (389, 208). Other element would receive the click: <li tabindex="-1" role="option" id="LS013OP1" data-option-index="1" aria-disabled="false" aria-selected="false" class="MuiAutocomplete-option" data-testid="LS013OP1">...</li>
  (Session info: chrome=126.0.6478.62)
Build info: version: '4.21.0', revision: '79ed462ef4'
System info: os.name: 'Windows 11', os.arch: 'amd64', os.version: '10.0', java.version: '17.0.10'
Driver info: org.openqa.selenium.chrome.ChromeDriver
Command: [5b5b5514af41b5c88d5507794e0e13fe, clickElement {id=f.9B0FFD0D69DC76D080C71624E30E8051.d.FB5FDBDDC18E5646B0CAA3FA5B441EE2.e.54}]
Capabilities {acceptInsecureCerts: false, browserName: chrome, browserVersion: 126.0.6478.62, chrome: {chromedriverVersion: 126.0.6478.63 (df799988fdc9..., userDataDir: C:\Users\MANICH~1\AppData\L...}, fedcm:accounts: true, goog:chromeOptions: {debuggerAddress: localhost:64755}, networkConnectionEnabled: false, pageLoadStrategy: normal, platformName: windows, proxy: Proxy(), se:cdp: ws://localhost:64755/devtoo..., se:cdpVersion: 126.0.6478.62, setWindowRect: true, strictFileInteractability: false, timeouts: {implicit: 0, pageLoad: 300000, script: 30000}, unhandledPromptBehavior: dismiss and notify, webauthn:extension:credBlob: true, webauthn:extension:largeBlob: true, webauthn:extension:minPinLength: true, webauthn:extension:prf: true, webauthn:virtualAuthenticators: true}
Element: [[ChromeDriver: chrome on windows (5b5b5514af41b5c88d5507794e0e13fe)] -> xpath: //button[@id='LS014B']]
Session ID: 5b5b5514af41b5c88d5507794e0e13fe
at java.base/jdk.internal.reflect.NativeConstructorAccessorImpl.newInstance0(Native Method)
at java.base/jdk.internal.reflect.NativeConstructorAccessorImpl.newInstance(NativeConstructorAccessorImpl.java:77)
at java.base/jdk.internal.reflect.DelegatingConstructorAccessorImpl.newInstance(DelegatingConstructorAccessorImpl.java:45)
at java.base/java.lang.reflect.Constructor.newInstanceWithCaller(Constructor.java:499)
at java.base/java.lang.reflect.Constructor.newInstance(Constructor.java:480)
at org.openqa.selenium.remote.ErrorCodec.decode(ErrorCodec.java:167)
at org.openqa.selenium.remote.codec.w3c.W3CHttpResponseCodec.decode(W3CHttpResponseCodec.java:138)
at org.openqa.selenium.remote.codec.w3c.W3CHttpResponseCodec.decode(W3CHttpResponseCodec.java:50)
at org.openqa.selenium.remote.HttpCommandExecutor.execute(HttpCommandExecutor.java:190)
at org.openqa.selenium.remote.service.DriverCommandExecutor.invokeExecute(DriverCommandExecutor.java:216)
at org.openqa.selenium.remote.service.DriverCommandExecutor.execute(DriverCommandExecutor.java:174)
at org.openqa.selenium.remote.RemoteWebDriver.execute(RemoteWebDriver.java:518)
at org.openqa.selenium.remote.RemoteWebElement.execute(RemoteWebElement.java:223)
at org.openqa.selenium.remote.RemoteWebElement.click(RemoteWebElement.java:76)
at jdk.internal.reflect.GeneratedMethodAccessor1.invoke(Unknown Source)
at java.base/jdk.internal.reflect.DelegatingMethodAccessorImpl.invoke(DelegatingMethodAccessorImpl.java:43)
at java.base/java.lang.reflect.Method.invoke(Method.java:568)
at org.openqa.selenium.support.pagefactory.internal.LocatingElementHandler.invoke(LocatingElementHandler.java:51)
at jdk.proxy2/jdk.proxy2.$Proxy10.click(Unknown Source)
at zapcg.Capillary.PageObject.locationSelectionPage.clickOnChooseLocationButton(locationSelectionPage.java:149)
at zapcg.Capillary.LocationPageTestCases.Location_ExistingUser_TestCases.chooseValidLocationForNewUser(Location_ExistingUser_TestCases.java:53)
at java.base/jdk.internal.reflect.NativeMethodAccessorImpl.invoke0(Native Method)
at java.base/jdk.internal.reflect.NativeMethodAccessorImpl.invoke(NativeMethodAccessorImpl.java:77)
at java.base/jdk.internal.reflect.DelegatingMethodAccessorImpl.invoke(DelegatingMethodAccessorImpl.java:43)
at java.base/java.lang.reflect.Method.invoke(Method.java:568)
at org.testng.internal.invokers.MethodInvocationHelper.invokeMethod(MethodInvocationHelper.java:141)
at org.testng.internal.invokers.TestInvoker.invokeMethod(TestInvoker.java:686)
at org.testng.internal.invokers.TestInvoker.invokeTestMethod(TestInvoker.java:230)
at org.testng.internal.invokers.MethodRunner.runInSequence(MethodRunner.java:63)
at org.testng.internal.invokers.TestInvoker$MethodInvocationAgent.invoke(TestInvoker.java:992)
at org.testng.internal.invokers.TestInvoker.invokeTestMethods(TestInvoker.java:203)
at org.testng.internal.invokers.TestMethodWorker.invokeTestMethods(TestMethodWorker.java:154)
at org.testng.internal.invokers.TestMethodWorker.run(TestMethodWorker.java:134)
at java.base/java.util.ArrayList.forEach(ArrayList.java:1511)
at org.testng.TestRunner.privateRun(TestRunner.java:739)
at org.testng.TestRunner.run(TestRunner.java:614)
at org.testng.SuiteRunner.runTest(SuiteRunner.java:421)
at org.testng.SuiteRunner$SuiteWorker.run(SuiteRunner.java:463)
at org.testng.internal.thread.ThreadUtil.lambda$execute$0(ThreadUtil.java:64)
at java.base/java.util.concurrent.FutureTask.run(FutureTask.java:264)
at java.base/java.util.concurrent.ThreadPoolExecutor.runWorker(ThreadPoolExecutor.java:1136)
at java.base/java.util.concurrent.ThreadPoolExecutor$Worker.run(ThreadPoolExecutor.java:635)
at java.base/java.lang.Thread.run(Thread.java:842)
]]>
    </error>
  </testcase> <!-- chooseValidLocationForNewUser -->
  <testcase classname="zapcg.Capillary.LocationPageTestCases.Location_ExistingUser_TestCases" name="chooseValidLocationForNewUser" time="7.035"/>
  <testcase classname="zapcg.Capillary.LocationPageTestCases.Location_ExistingUser_TestCases" name="verifyDropDownAvailability" time="5.057"/>
  <testcase classname="zapcg.Capillary.LocationPageTestCases.Location_ExistingUser_TestCases" name="verifyDropDownAvailability" time="5.201"/>
  <testcase classname="zapcg.Capillary.LocationPageTestCases.Location_ExistingUser_TestCases" name="verifyDropDownAvailability" time="5.317"/>
  <testcase classname="zapcg.Capillary.LocationPageTestCases.Location_ExistingUser_TestCases" name="verifyDropDownAvailability" time="5.452"/>
  <testcase classname="zapcg.Capillary.LocationPageTestCases.Location_ExistingUser_TestCases" name="verifyDropDownAvailability" time="5.320"/>
  <testcase classname="zapcg.Capillary.LocationPageTestCases.Location_ExistingUser_TestCases" name="verifyDropDownAvailability" time="4.713"/>
  <testcase classname="zapcg.Capillary.LocationPageTestCases.Location_ExistingUser_TestCases" name="verifyIfAbleToSelectOptionFromDropDown" time="5.395"/>
  <testcase classname="zapcg.Capillary.LocationPageTestCases.Location_ExistingUser_TestCases" name="verifyIfAbleToSelectOptionFromDropDown" time="5.410"/>
  <testcase classname="zapcg.Capillary.LocationPageTestCases.Location_ExistingUser_TestCases" name="verifyIfAbleToSelectOptionFromDropDown" time="5.804"/>
  <testcase classname="zapcg.Capillary.LocationPageTestCases.Location_ExistingUser_TestCases" name="verifyIfAbleToSelectOptionFromDropDown" time="4.756"/>
  <testcase classname="zapcg.Capillary.LocationPageTestCases.Location_ExistingUser_TestCases" name="verifyIfAbleToSelectOptionFromDropDown" time="5.323"/>
  <testcase classname="zapcg.Capillary.LocationPageTestCases.Location_ExistingUser_TestCases" name="verifyIfAbleToSelectOptionFromDropDown" time="6.844"/>
  <testcase classname="zapcg.Capillary.LocationPageTestCases.Location_ExistingUser_TestCases" name="verifyChooseLocationButtonAvailability" time="7.341"/>
  <testcase classname="zapcg.Capillary.LocationPageTestCases.Location_ExistingUser_TestCases" name="verifyChooseLocationButtonAvailability" time="9.358"/>
  <testcase classname="zapcg.Capillary.LocationPageTestCases.Location_ExistingUser_TestCases" name="verifyChooseLocationButtonAvailability" time="7.064"/>
  <testcase classname="zapcg.Capillary.LocationPageTestCases.Location_ExistingUser_TestCases" name="verifyChooseLocationButtonAvailability" time="9.179"/>
  <testcase classname="zapcg.Capillary.LocationPageTestCases.Location_ExistingUser_TestCases" name="verifyChooseLocationButtonAvailability" time="7.590"/>
  <testcase classname="zapcg.Capillary.LocationPageTestCases.Location_ExistingUser_TestCases" name="verifyChooseLocationButtonAvailability" time="7.066"/>
  <testcase classname="zapcg.Capillary.LocationPageTestCases.Location_ExistingUser_TestCases" name="verifyHeaderOfMemberLookupScreen" time="10.244">
    <failure message="An error occurred while verifying the dropdown selections: element click intercepted: Element &lt;button class=&quot;MuiButtonBase-root MuiButton-root MuiButton-contained MuiButton-containedPrimary MuiButton-sizeMedium MuiButton-containedSizeMedium MuiButton-colorPrimary MuiButton-root MuiButton-contained MuiButton-containedPrimary MuiButton-sizeMedium MuiButton-containedSizeMedium MuiButton-colorPrimary css-y7km40&quot; tabindex=&quot;0&quot; type=&quot;button&quot; data-testid=&quot;LS014B&quot; id=&quot;LS014B&quot;&gt;...&lt;/button&gt; is not clickable at point (383, 193). Other element would receive the click: &lt;li tabindex=&quot;-1&quot; role=&quot;option&quot; id=&quot;LS013OP1&quot; data-option-index=&quot;1&quot; aria-disabled=&quot;false&quot; aria-selected=&quot;false&quot; class=&quot;MuiAutocomplete-option&quot; data-testid=&quot;LS013OP1&quot;&gt;...&lt;/li&gt;
  (Session info: chrome=126.0.6478.62)
Build info: version: &#039;4.21.0&#039;, revision: &#039;79ed462ef4&#039;
System info: os.name: &#039;Windows 11&#039;, os.arch: &#039;amd64&#039;, os.version: &#039;10.0&#039;, java.version: &#039;17.0.10&#039;
Driver info: org.openqa.selenium.chrome.ChromeDriver
Command: [6f00c7c9e3657aaff6b2f7879a4a015b, clickElement {id=f.86C1E78ECB6A67DE57DA53A205D2D56C.d.5D09F1E3DD79D10733CC5446407832AA.e.55}]
Capabilities {acceptInsecureCerts: false, browserName: chrome, browserVersion: 126.0.6478.62, chrome: {chromedriverVersion: 126.0.6478.63 (df799988fdc9..., userDataDir: C:\Users\MANICH~1\AppData\L...}, fedcm:accounts: true, goog:chromeOptions: {debuggerAddress: localhost:49981}, networkConnectionEnabled: false, pageLoadStrategy: normal, platformName: windows, proxy: Proxy(), se:cdp: ws://localhost:49981/devtoo..., se:cdpVersion: 126.0.6478.62, setWindowRect: true, strictFileInteractability: false, timeouts: {implicit: 0, pageLoad: 300000, script: 30000}, unhandledPromptBehavior: dismiss and notify, webauthn:extension:credBlob: true, webauthn:extension:largeBlob: true, webauthn:extension:minPinLength: true, webauthn:extension:prf: true, webauthn:virtualAuthenticators: true}
Element: [[ChromeDriver: chrome on windows (6f00c7c9e3657aaff6b2f7879a4a015b)] -&gt; xpath: //button[@id=&#039;LS014B&#039;]]
Session ID: 6f00c7c9e3657aaff6b2f7879a4a015b" type="java.lang.AssertionError">
      <![CDATA[java.lang.AssertionError: An error occurred while verifying the dropdown selections: element click intercepted: Element <button class="MuiButtonBase-root MuiButton-root MuiButton-contained MuiButton-containedPrimary MuiButton-sizeMedium MuiButton-containedSizeMedium MuiButton-colorPrimary MuiButton-root MuiButton-contained MuiButton-containedPrimary MuiButton-sizeMedium MuiButton-containedSizeMedium MuiButton-colorPrimary css-y7km40" tabindex="0" type="button" data-testid="LS014B" id="LS014B">...</button> is not clickable at point (383, 193). Other element would receive the click: <li tabindex="-1" role="option" id="LS013OP1" data-option-index="1" aria-disabled="false" aria-selected="false" class="MuiAutocomplete-option" data-testid="LS013OP1">...</li>
  (Session info: chrome=126.0.6478.62)
Build info: version: '4.21.0', revision: '79ed462ef4'
System info: os.name: 'Windows 11', os.arch: 'amd64', os.version: '10.0', java.version: '17.0.10'
Driver info: org.openqa.selenium.chrome.ChromeDriver
Command: [6f00c7c9e3657aaff6b2f7879a4a015b, clickElement {id=f.86C1E78ECB6A67DE57DA53A205D2D56C.d.5D09F1E3DD79D10733CC5446407832AA.e.55}]
Capabilities {acceptInsecureCerts: false, browserName: chrome, browserVersion: 126.0.6478.62, chrome: {chromedriverVersion: 126.0.6478.63 (df799988fdc9..., userDataDir: C:\Users\MANICH~1\AppData\L...}, fedcm:accounts: true, goog:chromeOptions: {debuggerAddress: localhost:49981}, networkConnectionEnabled: false, pageLoadStrategy: normal, platformName: windows, proxy: Proxy(), se:cdp: ws://localhost:49981/devtoo..., se:cdpVersion: 126.0.6478.62, setWindowRect: true, strictFileInteractability: false, timeouts: {implicit: 0, pageLoad: 300000, script: 30000}, unhandledPromptBehavior: dismiss and notify, webauthn:extension:credBlob: true, webauthn:extension:largeBlob: true, webauthn:extension:minPinLength: true, webauthn:extension:prf: true, webauthn:virtualAuthenticators: true}
Element: [[ChromeDriver: chrome on windows (6f00c7c9e3657aaff6b2f7879a4a015b)] -> xpath: //button[@id='LS014B']]
Session ID: 6f00c7c9e3657aaff6b2f7879a4a015b
at org.testng.Assert.fail(Assert.java:111)
at zapcg.Capillary.LocationPageTestCases.Location_ExistingUser_TestCases.verifyHeaderOfMemberLookupScreen(Location_ExistingUser_TestCases.java:150)
at java.base/jdk.internal.reflect.NativeMethodAccessorImpl.invoke0(Native Method)
at java.base/jdk.internal.reflect.NativeMethodAccessorImpl.invoke(NativeMethodAccessorImpl.java:77)
at java.base/jdk.internal.reflect.DelegatingMethodAccessorImpl.invoke(DelegatingMethodAccessorImpl.java:43)
at java.base/java.lang.reflect.Method.invoke(Method.java:568)
at org.testng.internal.invokers.MethodInvocationHelper.invokeMethod(MethodInvocationHelper.java:141)
at org.testng.internal.invokers.TestInvoker.invokeMethod(TestInvoker.java:686)
at org.testng.internal.invokers.TestInvoker.invokeTestMethod(TestInvoker.java:230)
at org.testng.internal.invokers.MethodRunner.runInSequence(MethodRunner.java:63)
at org.testng.internal.invokers.TestInvoker$MethodInvocationAgent.invoke(TestInvoker.java:992)
at org.testng.internal.invokers.TestInvoker.invokeTestMethods(TestInvoker.java:203)
at org.testng.internal.invokers.TestMethodWorker.invokeTestMethods(TestMethodWorker.java:154)
at org.testng.internal.invokers.TestMethodWorker.run(TestMethodWorker.java:134)
at java.base/java.util.ArrayList.forEach(ArrayList.java:1511)
at org.testng.TestRunner.privateRun(TestRunner.java:739)
at org.testng.TestRunner.run(TestRunner.java:614)
at org.testng.SuiteRunner.runTest(SuiteRunner.java:421)
at org.testng.SuiteRunner$SuiteWorker.run(SuiteRunner.java:463)
at org.testng.internal.thread.ThreadUtil.lambda$execute$0(ThreadUtil.java:64)
at java.base/java.util.concurrent.FutureTask.run(FutureTask.java:264)
at java.base/java.util.concurrent.ThreadPoolExecutor.runWorker(ThreadPoolExecutor.java:1136)
at java.base/java.util.concurrent.ThreadPoolExecutor$Worker.run(ThreadPoolExecutor.java:635)
at java.base/java.lang.Thread.run(Thread.java:842)
]]>
    </failure>
  </testcase> <!-- verifyHeaderOfMemberLookupScreen -->
  <testcase classname="zapcg.Capillary.LocationPageTestCases.Location_ExistingUser_TestCases" name="verifyHeaderOfMemberLookupScreen" time="6.971"/>
  <testcase classname="zapcg.Capillary.LocationPageTestCases.Location_ExistingUser_TestCases" name="verifyHeaderOfMemberLookupScreen" time="8.130">
    <failure message="An error occurred while verifying the dropdown selections: element click intercepted: Element &lt;button class=&quot;MuiButtonBase-root MuiButton-root MuiButton-contained MuiButton-containedPrimary MuiButton-sizeMedium MuiButton-containedSizeMedium MuiButton-colorPrimary MuiButton-root MuiButton-contained MuiButton-containedPrimary MuiButton-sizeMedium MuiButton-containedSizeMedium MuiButton-colorPrimary css-y7km40&quot; tabindex=&quot;0&quot; type=&quot;button&quot; data-testid=&quot;LS014B&quot; id=&quot;LS014B&quot;&gt;...&lt;/button&gt; is not clickable at point (389, 208). Other element would receive the click: &lt;li tabindex=&quot;-1&quot; role=&quot;option&quot; id=&quot;LS013OP1&quot; data-option-index=&quot;1&quot; aria-disabled=&quot;false&quot; aria-selected=&quot;false&quot; class=&quot;MuiAutocomplete-option&quot; data-testid=&quot;LS013OP1&quot;&gt;...&lt;/li&gt;
  (Session info: chrome=126.0.6478.62)
Build info: version: &#039;4.21.0&#039;, revision: &#039;79ed462ef4&#039;
System info: os.name: &#039;Windows 11&#039;, os.arch: &#039;amd64&#039;, os.version: &#039;10.0&#039;, java.version: &#039;17.0.10&#039;
Driver info: org.openqa.selenium.chrome.ChromeDriver
Command: [54736f452dc4c8ac58517d2a392f662b, clickElement {id=f.A1AF7AF33AFE4ABD3FC932F153322155.d.1B9D5AD4C4709E29E46CAE9670D2CA0D.e.54}]
Capabilities {acceptInsecureCerts: false, browserName: chrome, browserVersion: 126.0.6478.62, chrome: {chromedriverVersion: 126.0.6478.63 (df799988fdc9..., userDataDir: C:\Users\MANICH~1\AppData\L...}, fedcm:accounts: true, goog:chromeOptions: {debuggerAddress: localhost:65100}, networkConnectionEnabled: false, pageLoadStrategy: normal, platformName: windows, proxy: Proxy(), se:cdp: ws://localhost:65100/devtoo..., se:cdpVersion: 126.0.6478.62, setWindowRect: true, strictFileInteractability: false, timeouts: {implicit: 0, pageLoad: 300000, script: 30000}, unhandledPromptBehavior: dismiss and notify, webauthn:extension:credBlob: true, webauthn:extension:largeBlob: true, webauthn:extension:minPinLength: true, webauthn:extension:prf: true, webauthn:virtualAuthenticators: true}
Element: [[ChromeDriver: chrome on windows (54736f452dc4c8ac58517d2a392f662b)] -&gt; xpath: //button[@id=&#039;LS014B&#039;]]
Session ID: 54736f452dc4c8ac58517d2a392f662b" type="java.lang.AssertionError">
      <![CDATA[java.lang.AssertionError: An error occurred while verifying the dropdown selections: element click intercepted: Element <button class="MuiButtonBase-root MuiButton-root MuiButton-contained MuiButton-containedPrimary MuiButton-sizeMedium MuiButton-containedSizeMedium MuiButton-colorPrimary MuiButton-root MuiButton-contained MuiButton-containedPrimary MuiButton-sizeMedium MuiButton-containedSizeMedium MuiButton-colorPrimary css-y7km40" tabindex="0" type="button" data-testid="LS014B" id="LS014B">...</button> is not clickable at point (389, 208). Other element would receive the click: <li tabindex="-1" role="option" id="LS013OP1" data-option-index="1" aria-disabled="false" aria-selected="false" class="MuiAutocomplete-option" data-testid="LS013OP1">...</li>
  (Session info: chrome=126.0.6478.62)
Build info: version: '4.21.0', revision: '79ed462ef4'
System info: os.name: 'Windows 11', os.arch: 'amd64', os.version: '10.0', java.version: '17.0.10'
Driver info: org.openqa.selenium.chrome.ChromeDriver
Command: [54736f452dc4c8ac58517d2a392f662b, clickElement {id=f.A1AF7AF33AFE4ABD3FC932F153322155.d.1B9D5AD4C4709E29E46CAE9670D2CA0D.e.54}]
Capabilities {acceptInsecureCerts: false, browserName: chrome, browserVersion: 126.0.6478.62, chrome: {chromedriverVersion: 126.0.6478.63 (df799988fdc9..., userDataDir: C:\Users\MANICH~1\AppData\L...}, fedcm:accounts: true, goog:chromeOptions: {debuggerAddress: localhost:65100}, networkConnectionEnabled: false, pageLoadStrategy: normal, platformName: windows, proxy: Proxy(), se:cdp: ws://localhost:65100/devtoo..., se:cdpVersion: 126.0.6478.62, setWindowRect: true, strictFileInteractability: false, timeouts: {implicit: 0, pageLoad: 300000, script: 30000}, unhandledPromptBehavior: dismiss and notify, webauthn:extension:credBlob: true, webauthn:extension:largeBlob: true, webauthn:extension:minPinLength: true, webauthn:extension:prf: true, webauthn:virtualAuthenticators: true}
Element: [[ChromeDriver: chrome on windows (54736f452dc4c8ac58517d2a392f662b)] -> xpath: //button[@id='LS014B']]
Session ID: 54736f452dc4c8ac58517d2a392f662b
at org.testng.Assert.fail(Assert.java:111)
at zapcg.Capillary.LocationPageTestCases.Location_ExistingUser_TestCases.verifyHeaderOfMemberLookupScreen(Location_ExistingUser_TestCases.java:150)
at java.base/jdk.internal.reflect.NativeMethodAccessorImpl.invoke0(Native Method)
at java.base/jdk.internal.reflect.NativeMethodAccessorImpl.invoke(NativeMethodAccessorImpl.java:77)
at java.base/jdk.internal.reflect.DelegatingMethodAccessorImpl.invoke(DelegatingMethodAccessorImpl.java:43)
at java.base/java.lang.reflect.Method.invoke(Method.java:568)
at org.testng.internal.invokers.MethodInvocationHelper.invokeMethod(MethodInvocationHelper.java:141)
at org.testng.internal.invokers.TestInvoker.invokeMethod(TestInvoker.java:686)
at org.testng.internal.invokers.TestInvoker.invokeTestMethod(TestInvoker.java:230)
at org.testng.internal.invokers.MethodRunner.runInSequence(MethodRunner.java:63)
at org.testng.internal.invokers.TestInvoker$MethodInvocationAgent.invoke(TestInvoker.java:992)
at org.testng.internal.invokers.TestInvoker.invokeTestMethods(TestInvoker.java:203)
at org.testng.internal.invokers.TestMethodWorker.invokeTestMethods(TestMethodWorker.java:154)
at org.testng.internal.invokers.TestMethodWorker.run(TestMethodWorker.java:134)
at java.base/java.util.ArrayList.forEach(ArrayList.java:1511)
at org.testng.TestRunner.privateRun(TestRunner.java:739)
at org.testng.TestRunner.run(TestRunner.java:614)
at org.testng.SuiteRunner.runTest(SuiteRunner.java:421)
at org.testng.SuiteRunner$SuiteWorker.run(SuiteRunner.java:463)
at org.testng.internal.thread.ThreadUtil.lambda$execute$0(ThreadUtil.java:64)
at java.base/java.util.concurrent.FutureTask.run(FutureTask.java:264)
at java.base/java.util.concurrent.ThreadPoolExecutor.runWorker(ThreadPoolExecutor.java:1136)
at java.base/java.util.concurrent.ThreadPoolExecutor$Worker.run(ThreadPoolExecutor.java:635)
at java.base/java.lang.Thread.run(Thread.java:842)
]]>
    </failure>
  </testcase> <!-- verifyHeaderOfMemberLookupScreen -->
  <testcase classname="zapcg.Capillary.LocationPageTestCases.Location_ExistingUser_TestCases" name="verifyHeaderOfMemberLookupScreen" time="6.890"/>
  <testcase classname="zapcg.Capillary.LocationPageTestCases.Location_ExistingUser_TestCases" name="verifyHeaderOfMemberLookupScreen" time="12.338"/>
  <testcase classname="zapcg.Capillary.LocationPageTestCases.Location_ExistingUser_TestCases" name="verifyHeaderOfMemberLookupScreen" time="7.461"/>
  <testcase classname="zapcg.Capillary.LocationPageTestCases.Location_ExistingUser_TestCases" name="burgerIconMemberLookupNavigation" time="5.818"/>
  <testcase classname="zapcg.Capillary.LocationPageTestCases.Location_ExistingUser_TestCases" name="burgerIconMemberLookupNavigation" time="5.256"/>
  <testcase classname="zapcg.Capillary.LocationPageTestCases.Location_ExistingUser_TestCases" name="burgerIconMemberLookupNavigation" time="5.812"/>
  <testcase classname="zapcg.Capillary.LocationPageTestCases.Location_ExistingUser_TestCases" name="burgerIconMemberLookupNavigation" time="5.260"/>
  <testcase classname="zapcg.Capillary.LocationPageTestCases.Location_ExistingUser_TestCases" name="burgerIconMemberLookupNavigation" time="5.428"/>
  <testcase classname="zapcg.Capillary.LocationPageTestCases.Location_ExistingUser_TestCases" name="burgerIconMemberLookupNavigation" time="5.132"/>
  <testcase classname="zapcg.Capillary.LocationPageTestCases.Location_ExistingUser_TestCases" name="burgerIconMemberLocationNavigation" time="5.546"/>
  <testcase classname="zapcg.Capillary.LocationPageTestCases.Location_ExistingUser_TestCases" name="burgerIconMemberLocationNavigation" time="5.978"/>
  <testcase classname="zapcg.Capillary.LocationPageTestCases.Location_ExistingUser_TestCases" name="burgerIconMemberLocationNavigation" time="5.083"/>
  <testcase classname="zapcg.Capillary.LocationPageTestCases.Location_ExistingUser_TestCases" name="burgerIconMemberLocationNavigation" time="5.441"/>
  <testcase classname="zapcg.Capillary.LocationPageTestCases.Location_ExistingUser_TestCases" name="burgerIconMemberLocationNavigation" time="5.138"/>
  <testcase classname="zapcg.Capillary.LocationPageTestCases.Location_ExistingUser_TestCases" name="burgerIconMemberLocationNavigation" time="5.787"/>
  <testcase classname="zapcg.Capillary.LocationPageTestCases.Location_ExistingUser_TestCases" name="burgerIconLogout" time="5.735"/>
  <testcase classname="zapcg.Capillary.LocationPageTestCases.Location_ExistingUser_TestCases" name="burgerIconLogout" time="4.581"/>
  <testcase classname="zapcg.Capillary.LocationPageTestCases.Location_ExistingUser_TestCases" name="burgerIconLogout" time="7.242"/>
  <testcase classname="zapcg.Capillary.LocationPageTestCases.Location_ExistingUser_TestCases" name="burgerIconLogout" time="5.370"/>
  <testcase classname="zapcg.Capillary.LocationPageTestCases.Location_ExistingUser_TestCases" name="burgerIconLogout" time="4.932"/>
  <testcase classname="zapcg.Capillary.LocationPageTestCases.Location_ExistingUser_TestCases" name="burgerIconLogout" time="5.362"/>
</testsuite> <!-- zapcg.Capillary.LocationPageTestCases.Location_ExistingUser_TestCases -->
