<?xml version="1.0" encoding="UTF-8"?>
<testsuite xmlns:xsi="http://www.w3.org/2001/XMLSchema-instance" xsi:noNamespaceSchemaLocation="https://maven.apache.org/surefire/maven-surefire-plugin/xsd/surefire-test-report-3.0.xsd" version="3.0" name="TestSuite" time="8,874.476" tests="1264" errors="0" skipped="730" failures="127">
  <properties>
    <property name="java.specification.version" value="15"/>
    <property name="webdriver.chrome.driver" value="C:\Users\KajalSharma\.cache\selenium\chromedriver\win64\126.0.6478.126\chromedriver.exe"/>
    <property name="sun.cpu.isalist" value="amd64"/>
    <property name="sun.jnu.encoding" value="Cp1252"/>
    <property name="java.class.path" value="C:\Users\KajalSharma\eclipse-workspace\Capillary\Capillary_Framework\target\test-classes;C:\Users\KajalSharma\eclipse-workspace\Capillary\Capillary_Framework\target\classes;C:\Users\KajalSharma\.m2\repository\org\testng\testng\7.10.2\testng-7.10.2.jar;C:\Users\KajalSharma\.m2\repository\org\slf4j\slf4j-api\1.7.36\slf4j-api-1.7.36.jar;C:\Users\KajalSharma\.m2\repository\com\beust\jcommander\1.82\jcommander-1.82.jar;C:\Users\KajalSharma\.m2\repository\org\webjars\jquery\3.7.1\jquery-3.7.1.jar;C:\Users\KajalSharma\.m2\repository\com\google\zxing\javase\3.4.0\javase-3.4.0.jar;C:\Users\KajalSharma\.m2\repository\com\github\jai-imageio\jai-imageio-core\1.4.0\jai-imageio-core-1.4.0.jar;C:\Users\KajalSharma\.m2\repository\org\bytedeco\javacpp-presets\opencv\3.4.1-1.4.1\opencv-3.4.1-1.4.1.jar;C:\Users\KajalSharma\.m2\repository\org\bytedeco\javacpp\1.4.1\javacpp-1.4.1.jar;C:\Users\KajalSharma\.m2\repository\com\google\zxing\core\3.4.0\core-3.4.0.jar;C:\Users\KajalSharma\.m2\repository\io\github\bonigarcia\webdrivermanager\5.7.0\webdrivermanager-5.7.0.jar;C:\Users\KajalSharma\.m2\repository\com\google\code\gson\gson\2.10.1\gson-2.10.1.jar;C:\Users\KajalSharma\.m2\repository\com\github\docker-java\docker-java\3.3.5\docker-java-3.3.5.jar;C:\Users\KajalSharma\.m2\repository\com\github\docker-java\docker-java-core\3.3.5\docker-java-core-3.3.5.jar;C:\Users\KajalSharma\.m2\repository\com\github\docker-java\docker-java-api\3.3.5\docker-java-api-3.3.5.jar;C:\Users\KajalSharma\.m2\repository\com\fasterxml\jackson\core\jackson-annotations\2.10.3\jackson-annotations-2.10.3.jar;C:\Users\KajalSharma\.m2\repository\com\fasterxml\jackson\core\jackson-databind\2.10.3\jackson-databind-2.10.3.jar;C:\Users\KajalSharma\.m2\repository\com\fasterxml\jackson\core\jackson-core\2.10.3\jackson-core-2.10.3.jar;C:\Users\KajalSharma\.m2\repository\org\bouncycastle\bcpkix-jdk18on\1.76\bcpkix-jdk18on-1.76.jar;C:\Users\KajalSharma\.m2\repository\org\bouncycastle\bcprov-jdk18on\1.76\bcprov-jdk18on-1.76.jar;C:\Users\KajalSharma\.m2\repository\org\bouncycastle\bcutil-jdk18on\1.76\bcutil-jdk18on-1.76.jar;C:\Users\KajalSharma\.m2\repository\org\slf4j\jcl-over-slf4j\1.7.30\jcl-over-slf4j-1.7.30.jar;C:\Users\KajalSharma\.m2\repository\com\github\docker-java\docker-java-transport-httpclient5\3.3.5\docker-java-transport-httpclient5-3.3.5.jar;C:\Users\KajalSharma\.m2\repository\com\github\docker-java\docker-java-transport\3.3.5\docker-java-transport-3.3.5.jar;C:\Users\KajalSharma\.m2\repository\net\java\dev\jna\jna\5.13.0\jna-5.13.0.jar;C:\Users\KajalSharma\.m2\repository\org\brotli\dec\0.1.2\dec-0.1.2.jar;C:\Users\KajalSharma\.m2\repository\org\apache\commons\commons-lang3\3.14.0\commons-lang3-3.14.0.jar;C:\Users\KajalSharma\.m2\repository\org\apache\commons\commons-compress\1.26.0\commons-compress-1.26.0.jar;C:\Users\KajalSharma\.m2\repository\commons-io\commons-io\2.15.1\commons-io-2.15.1.jar;C:\Users\KajalSharma\.m2\repository\org\apache\httpcomponents\client5\httpclient5\5.2.1\httpclient5-5.2.1.jar;C:\Users\KajalSharma\.m2\repository\org\apache\httpcomponents\core5\httpcore5\5.2\httpcore5-5.2.jar;C:\Users\KajalSharma\.m2\repository\org\apache\httpcomponents\core5\httpcore5-h2\5.2\httpcore5-h2-5.2.jar;C:\Users\KajalSharma\.m2\repository\org\seleniumhq\selenium\selenium-java\4.22.0\selenium-java-4.22.0.jar;C:\Users\KajalSharma\.m2\repository\org\seleniumhq\selenium\selenium-api\4.22.0\selenium-api-4.22.0.jar;C:\Users\KajalSharma\.m2\repository\org\seleniumhq\selenium\selenium-chrome-driver\4.22.0\selenium-chrome-driver-4.22.0.jar;C:\Users\KajalSharma\.m2\repository\com\google\auto\service\auto-service-annotations\1.1.1\auto-service-annotations-1.1.1.jar;C:\Users\KajalSharma\.m2\repository\org\seleniumhq\selenium\selenium-chromium-driver\4.22.0\selenium-chromium-driver-4.22.0.jar;C:\Users\KajalSharma\.m2\repository\org\seleniumhq\selenium\selenium-json\4.22.0\selenium-json-4.22.0.jar;C:\Users\KajalSharma\.m2\repository\org\seleniumhq\selenium\selenium-manager\4.22.0\selenium-manager-4.22.0.jar;C:\Users\KajalSharma\.m2\repository\org\seleniumhq\selenium\selenium-devtools-v124\4.22.0\selenium-devtools-v124-4.22.0.jar;C:\Users\KajalSharma\.m2\repository\org\seleniumhq\selenium\selenium-devtools-v125\4.22.0\selenium-devtools-v125-4.22.0.jar;C:\Users\KajalSharma\.m2\repository\org\seleniumhq\selenium\selenium-devtools-v126\4.22.0\selenium-devtools-v126-4.22.0.jar;C:\Users\KajalSharma\.m2\repository\org\seleniumhq\selenium\selenium-devtools-v85\4.22.0\selenium-devtools-v85-4.22.0.jar;C:\Users\KajalSharma\.m2\repository\org\seleniumhq\selenium\selenium-edge-driver\4.22.0\selenium-edge-driver-4.22.0.jar;C:\Users\KajalSharma\.m2\repository\org\seleniumhq\selenium\selenium-firefox-driver\4.22.0\selenium-firefox-driver-4.22.0.jar;C:\Users\KajalSharma\.m2\repository\org\seleniumhq\selenium\selenium-http\4.22.0\selenium-http-4.22.0.jar;C:\Users\KajalSharma\.m2\repository\dev\failsafe\failsafe\3.3.2\failsafe-3.3.2.jar;C:\Users\KajalSharma\.m2\repository\org\seleniumhq\selenium\selenium-ie-driver\4.22.0\selenium-ie-driver-4.22.0.jar;C:\Users\KajalSharma\.m2\repository\org\seleniumhq\selenium\selenium-remote-driver\4.22.0\selenium-remote-driver-4.22.0.jar;C:\Users\KajalSharma\.m2\repository\com\google\guava\guava\33.2.1-jre\guava-33.2.1-jre.jar;C:\Users\KajalSharma\.m2\repository\com\google\guava\failureaccess\1.0.2\failureaccess-1.0.2.jar;C:\Users\KajalSharma\.m2\repository\com\google\guava\listenablefuture\9999.0-empty-to-avoid-conflict-with-guava\listenablefuture-9999.0-empty-to-avoid-conflict-with-guava.jar;C:\Users\KajalSharma\.m2\repository\com\google\code\findbugs\jsr305\3.0.2\jsr305-3.0.2.jar;C:\Users\KajalSharma\.m2\repository\org\checkerframework\checker-qual\3.42.0\checker-qual-3.42.0.jar;C:\Users\KajalSharma\.m2\repository\com\google\errorprone\error_prone_annotations\2.26.1\error_prone_annotations-2.26.1.jar;C:\Users\KajalSharma\.m2\repository\com\google\j2objc\j2objc-annotations\3.0.0\j2objc-annotations-3.0.0.jar;C:\Users\KajalSharma\.m2\repository\io\opentelemetry\semconv\opentelemetry-semconv\1.25.0-alpha\opentelemetry-semconv-1.25.0-alpha.jar;C:\Users\KajalSharma\.m2\repository\io\opentelemetry\opentelemetry-api\1.39.0\opentelemetry-api-1.39.0.jar;C:\Users\KajalSharma\.m2\repository\io\opentelemetry\opentelemetry-context\1.39.0\opentelemetry-context-1.39.0.jar;C:\Users\KajalSharma\.m2\repository\io\opentelemetry\opentelemetry-exporter-logging\1.39.0\opentelemetry-exporter-logging-1.39.0.jar;C:\Users\KajalSharma\.m2\repository\io\opentelemetry\opentelemetry-sdk-common\1.39.0\opentelemetry-sdk-common-1.39.0.jar;C:\Users\KajalSharma\.m2\repository\io\opentelemetry\opentelemetry-sdk-extension-autoconfigure-spi\1.39.0\opentelemetry-sdk-extension-autoconfigure-spi-1.39.0.jar;C:\Users\KajalSharma\.m2\repository\io\opentelemetry\opentelemetry-sdk-extension-autoconfigure\1.39.0\opentelemetry-sdk-extension-autoconfigure-1.39.0.jar;C:\Users\KajalSharma\.m2\repository\io\opentelemetry\opentelemetry-api-incubator\1.39.0-alpha\opentelemetry-api-incubator-1.39.0-alpha.jar;C:\Users\KajalSharma\.m2\repository\io\opentelemetry\opentelemetry-sdk-trace\1.39.0\opentelemetry-sdk-trace-1.39.0.jar;C:\Users\KajalSharma\.m2\repository\io\opentelemetry\opentelemetry-sdk\1.39.0\opentelemetry-sdk-1.39.0.jar;C:\Users\KajalSharma\.m2\repository\io\opentelemetry\opentelemetry-sdk-metrics\1.39.0\opentelemetry-sdk-metrics-1.39.0.jar;C:\Users\KajalSharma\.m2\repository\io\opentelemetry\opentelemetry-sdk-logs\1.39.0\opentelemetry-sdk-logs-1.39.0.jar;C:\Users\KajalSharma\.m2\repository\net\bytebuddy\byte-buddy\1.14.17\byte-buddy-1.14.17.jar;C:\Users\KajalSharma\.m2\repository\org\seleniumhq\selenium\selenium-os\4.22.0\selenium-os-4.22.0.jar;C:\Users\KajalSharma\.m2\repository\org\apache\commons\commons-exec\1.4.0\commons-exec-1.4.0.jar;C:\Users\KajalSharma\.m2\repository\org\seleniumhq\selenium\selenium-safari-driver\4.22.0\selenium-safari-driver-4.22.0.jar;C:\Users\KajalSharma\.m2\repository\org\seleniumhq\selenium\selenium-support\4.22.0\selenium-support-4.22.0.jar;C:\Users\KajalSharma\.m2\repository\com\aventstack\extentreports\5.1.1\extentreports-5.1.1.jar;C:\Users\KajalSharma\.m2\repository\io\reactivex\rxjava3\rxjava\3.1.6\rxjava-3.1.6.jar;C:\Users\KajalSharma\.m2\repository\org\reactivestreams\reactive-streams\1.0.4\reactive-streams-1.0.4.jar;C:\Users\KajalSharma\.m2\repository\org\freemarker\freemarker\2.3.32\freemarker-2.3.32.jar;C:\Users\KajalSharma\.m2\repository\org\projectlombok\lombok\1.18.26\lombok-1.18.26.jar;C:\Users\KajalSharma\.m2\repository\org\apache\logging\log4j\log4j-core\2.14.1\log4j-core-2.14.1.jar;C:\Users\KajalSharma\.m2\repository\org\apache\logging\log4j\log4j-api\2.14.1\log4j-api-2.14.1.jar;C:\Users\KajalSharma\.m2\repository\org\apache\logging\log4j\log4j-slf4j-impl\2.14.1\log4j-slf4j-impl-2.14.1.jar;"/>
    <property name="java.vm.vendor" value="Oracle Corporation"/>
    <property name="sun.arch.data.model" value="64"/>
    <property name="user.variant" value=""/>
    <property name="java.vendor.url" value="https://java.oracle.com/"/>
    <property name="user.timezone" value="Asia/Calcutta"/>
    <property name="os.name" value="Windows 10"/>
    <property name="java.vm.specification.version" value="15"/>
    <property name="sun.java.launcher" value="SUN_STANDARD"/>
    <property name="user.country" value="IN"/>
    <property name="sun.boot.library.path" value="C:\Program Files (x86)\Eclipse\eclipse\plugins\org.eclipse.justj.openjdk.hotspot.jre.full.win32.x86_64_15.0.2.v20210201-0955\jre\bin"/>
    <property name="sun.java.command" value="C:\Users\KajalSharma\AppData\Local\Temp\surefire1996088571651519212\surefirebooter14472901986891543844.jar C:\Users\KajalSharma\AppData\Local\Temp\surefire1996088571651519212 2024-07-06T11-05-56_839-jvmRun1 surefire4308422475986651712tmp surefire_014008500866765350162tmp"/>
    <property name="jdk.debug" value="release"/>
    <property name="surefire.test.class.path" value="C:\Users\KajalSharma\eclipse-workspace\Capillary\Capillary_Framework\target\test-classes;C:\Users\KajalSharma\eclipse-workspace\Capillary\Capillary_Framework\target\classes;C:\Users\KajalSharma\.m2\repository\org\testng\testng\7.10.2\testng-7.10.2.jar;C:\Users\KajalSharma\.m2\repository\org\slf4j\slf4j-api\1.7.36\slf4j-api-1.7.36.jar;C:\Users\KajalSharma\.m2\repository\com\beust\jcommander\1.82\jcommander-1.82.jar;C:\Users\KajalSharma\.m2\repository\org\webjars\jquery\3.7.1\jquery-3.7.1.jar;C:\Users\KajalSharma\.m2\repository\com\google\zxing\javase\3.4.0\javase-3.4.0.jar;C:\Users\KajalSharma\.m2\repository\com\github\jai-imageio\jai-imageio-core\1.4.0\jai-imageio-core-1.4.0.jar;C:\Users\KajalSharma\.m2\repository\org\bytedeco\javacpp-presets\opencv\3.4.1-1.4.1\opencv-3.4.1-1.4.1.jar;C:\Users\KajalSharma\.m2\repository\org\bytedeco\javacpp\1.4.1\javacpp-1.4.1.jar;C:\Users\KajalSharma\.m2\repository\com\google\zxing\core\3.4.0\core-3.4.0.jar;C:\Users\KajalSharma\.m2\repository\io\github\bonigarcia\webdrivermanager\5.7.0\webdrivermanager-5.7.0.jar;C:\Users\KajalSharma\.m2\repository\com\google\code\gson\gson\2.10.1\gson-2.10.1.jar;C:\Users\KajalSharma\.m2\repository\com\github\docker-java\docker-java\3.3.5\docker-java-3.3.5.jar;C:\Users\KajalSharma\.m2\repository\com\github\docker-java\docker-java-core\3.3.5\docker-java-core-3.3.5.jar;C:\Users\KajalSharma\.m2\repository\com\github\docker-java\docker-java-api\3.3.5\docker-java-api-3.3.5.jar;C:\Users\KajalSharma\.m2\repository\com\fasterxml\jackson\core\jackson-annotations\2.10.3\jackson-annotations-2.10.3.jar;C:\Users\KajalSharma\.m2\repository\com\fasterxml\jackson\core\jackson-databind\2.10.3\jackson-databind-2.10.3.jar;C:\Users\KajalSharma\.m2\repository\com\fasterxml\jackson\core\jackson-core\2.10.3\jackson-core-2.10.3.jar;C:\Users\KajalSharma\.m2\repository\org\bouncycastle\bcpkix-jdk18on\1.76\bcpkix-jdk18on-1.76.jar;C:\Users\KajalSharma\.m2\repository\org\bouncycastle\bcprov-jdk18on\1.76\bcprov-jdk18on-1.76.jar;C:\Users\KajalSharma\.m2\repository\org\bouncycastle\bcutil-jdk18on\1.76\bcutil-jdk18on-1.76.jar;C:\Users\KajalSharma\.m2\repository\org\slf4j\jcl-over-slf4j\1.7.30\jcl-over-slf4j-1.7.30.jar;C:\Users\KajalSharma\.m2\repository\com\github\docker-java\docker-java-transport-httpclient5\3.3.5\docker-java-transport-httpclient5-3.3.5.jar;C:\Users\KajalSharma\.m2\repository\com\github\docker-java\docker-java-transport\3.3.5\docker-java-transport-3.3.5.jar;C:\Users\KajalSharma\.m2\repository\net\java\dev\jna\jna\5.13.0\jna-5.13.0.jar;C:\Users\KajalSharma\.m2\repository\org\brotli\dec\0.1.2\dec-0.1.2.jar;C:\Users\KajalSharma\.m2\repository\org\apache\commons\commons-lang3\3.14.0\commons-lang3-3.14.0.jar;C:\Users\KajalSharma\.m2\repository\org\apache\commons\commons-compress\1.26.0\commons-compress-1.26.0.jar;C:\Users\KajalSharma\.m2\repository\commons-io\commons-io\2.15.1\commons-io-2.15.1.jar;C:\Users\KajalSharma\.m2\repository\org\apache\httpcomponents\client5\httpclient5\5.2.1\httpclient5-5.2.1.jar;C:\Users\KajalSharma\.m2\repository\org\apache\httpcomponents\core5\httpcore5\5.2\httpcore5-5.2.jar;C:\Users\KajalSharma\.m2\repository\org\apache\httpcomponents\core5\httpcore5-h2\5.2\httpcore5-h2-5.2.jar;C:\Users\KajalSharma\.m2\repository\org\seleniumhq\selenium\selenium-java\4.22.0\selenium-java-4.22.0.jar;C:\Users\KajalSharma\.m2\repository\org\seleniumhq\selenium\selenium-api\4.22.0\selenium-api-4.22.0.jar;C:\Users\KajalSharma\.m2\repository\org\seleniumhq\selenium\selenium-chrome-driver\4.22.0\selenium-chrome-driver-4.22.0.jar;C:\Users\KajalSharma\.m2\repository\com\google\auto\service\auto-service-annotations\1.1.1\auto-service-annotations-1.1.1.jar;C:\Users\KajalSharma\.m2\repository\org\seleniumhq\selenium\selenium-chromium-driver\4.22.0\selenium-chromium-driver-4.22.0.jar;C:\Users\KajalSharma\.m2\repository\org\seleniumhq\selenium\selenium-json\4.22.0\selenium-json-4.22.0.jar;C:\Users\KajalSharma\.m2\repository\org\seleniumhq\selenium\selenium-manager\4.22.0\selenium-manager-4.22.0.jar;C:\Users\KajalSharma\.m2\repository\org\seleniumhq\selenium\selenium-devtools-v124\4.22.0\selenium-devtools-v124-4.22.0.jar;C:\Users\KajalSharma\.m2\repository\org\seleniumhq\selenium\selenium-devtools-v125\4.22.0\selenium-devtools-v125-4.22.0.jar;C:\Users\KajalSharma\.m2\repository\org\seleniumhq\selenium\selenium-devtools-v126\4.22.0\selenium-devtools-v126-4.22.0.jar;C:\Users\KajalSharma\.m2\repository\org\seleniumhq\selenium\selenium-devtools-v85\4.22.0\selenium-devtools-v85-4.22.0.jar;C:\Users\KajalSharma\.m2\repository\org\seleniumhq\selenium\selenium-edge-driver\4.22.0\selenium-edge-driver-4.22.0.jar;C:\Users\KajalSharma\.m2\repository\org\seleniumhq\selenium\selenium-firefox-driver\4.22.0\selenium-firefox-driver-4.22.0.jar;C:\Users\KajalSharma\.m2\repository\org\seleniumhq\selenium\selenium-http\4.22.0\selenium-http-4.22.0.jar;C:\Users\KajalSharma\.m2\repository\dev\failsafe\failsafe\3.3.2\failsafe-3.3.2.jar;C:\Users\KajalSharma\.m2\repository\org\seleniumhq\selenium\selenium-ie-driver\4.22.0\selenium-ie-driver-4.22.0.jar;C:\Users\KajalSharma\.m2\repository\org\seleniumhq\selenium\selenium-remote-driver\4.22.0\selenium-remote-driver-4.22.0.jar;C:\Users\KajalSharma\.m2\repository\com\google\guava\guava\33.2.1-jre\guava-33.2.1-jre.jar;C:\Users\KajalSharma\.m2\repository\com\google\guava\failureaccess\1.0.2\failureaccess-1.0.2.jar;C:\Users\KajalSharma\.m2\repository\com\google\guava\listenablefuture\9999.0-empty-to-avoid-conflict-with-guava\listenablefuture-9999.0-empty-to-avoid-conflict-with-guava.jar;C:\Users\KajalSharma\.m2\repository\com\google\code\findbugs\jsr305\3.0.2\jsr305-3.0.2.jar;C:\Users\KajalSharma\.m2\repository\org\checkerframework\checker-qual\3.42.0\checker-qual-3.42.0.jar;C:\Users\KajalSharma\.m2\repository\com\google\errorprone\error_prone_annotations\2.26.1\error_prone_annotations-2.26.1.jar;C:\Users\KajalSharma\.m2\repository\com\google\j2objc\j2objc-annotations\3.0.0\j2objc-annotations-3.0.0.jar;C:\Users\KajalSharma\.m2\repository\io\opentelemetry\semconv\opentelemetry-semconv\1.25.0-alpha\opentelemetry-semconv-1.25.0-alpha.jar;C:\Users\KajalSharma\.m2\repository\io\opentelemetry\opentelemetry-api\1.39.0\opentelemetry-api-1.39.0.jar;C:\Users\KajalSharma\.m2\repository\io\opentelemetry\opentelemetry-context\1.39.0\opentelemetry-context-1.39.0.jar;C:\Users\KajalSharma\.m2\repository\io\opentelemetry\opentelemetry-exporter-logging\1.39.0\opentelemetry-exporter-logging-1.39.0.jar;C:\Users\KajalSharma\.m2\repository\io\opentelemetry\opentelemetry-sdk-common\1.39.0\opentelemetry-sdk-common-1.39.0.jar;C:\Users\KajalSharma\.m2\repository\io\opentelemetry\opentelemetry-sdk-extension-autoconfigure-spi\1.39.0\opentelemetry-sdk-extension-autoconfigure-spi-1.39.0.jar;C:\Users\KajalSharma\.m2\repository\io\opentelemetry\opentelemetry-sdk-extension-autoconfigure\1.39.0\opentelemetry-sdk-extension-autoconfigure-1.39.0.jar;C:\Users\KajalSharma\.m2\repository\io\opentelemetry\opentelemetry-api-incubator\1.39.0-alpha\opentelemetry-api-incubator-1.39.0-alpha.jar;C:\Users\KajalSharma\.m2\repository\io\opentelemetry\opentelemetry-sdk-trace\1.39.0\opentelemetry-sdk-trace-1.39.0.jar;C:\Users\KajalSharma\.m2\repository\io\opentelemetry\opentelemetry-sdk\1.39.0\opentelemetry-sdk-1.39.0.jar;C:\Users\KajalSharma\.m2\repository\io\opentelemetry\opentelemetry-sdk-metrics\1.39.0\opentelemetry-sdk-metrics-1.39.0.jar;C:\Users\KajalSharma\.m2\repository\io\opentelemetry\opentelemetry-sdk-logs\1.39.0\opentelemetry-sdk-logs-1.39.0.jar;C:\Users\KajalSharma\.m2\repository\net\bytebuddy\byte-buddy\1.14.17\byte-buddy-1.14.17.jar;C:\Users\KajalSharma\.m2\repository\org\seleniumhq\selenium\selenium-os\4.22.0\selenium-os-4.22.0.jar;C:\Users\KajalSharma\.m2\repository\org\apache\commons\commons-exec\1.4.0\commons-exec-1.4.0.jar;C:\Users\KajalSharma\.m2\repository\org\seleniumhq\selenium\selenium-safari-driver\4.22.0\selenium-safari-driver-4.22.0.jar;C:\Users\KajalSharma\.m2\repository\org\seleniumhq\selenium\selenium-support\4.22.0\selenium-support-4.22.0.jar;C:\Users\KajalSharma\.m2\repository\com\aventstack\extentreports\5.1.1\extentreports-5.1.1.jar;C:\Users\KajalSharma\.m2\repository\io\reactivex\rxjava3\rxjava\3.1.6\rxjava-3.1.6.jar;C:\Users\KajalSharma\.m2\repository\org\reactivestreams\reactive-streams\1.0.4\reactive-streams-1.0.4.jar;C:\Users\KajalSharma\.m2\repository\org\freemarker\freemarker\2.3.32\freemarker-2.3.32.jar;C:\Users\KajalSharma\.m2\repository\org\projectlombok\lombok\1.18.26\lombok-1.18.26.jar;C:\Users\KajalSharma\.m2\repository\org\apache\logging\log4j\log4j-core\2.14.1\log4j-core-2.14.1.jar;C:\Users\KajalSharma\.m2\repository\org\apache\logging\log4j\log4j-api\2.14.1\log4j-api-2.14.1.jar;C:\Users\KajalSharma\.m2\repository\org\apache\logging\log4j\log4j-slf4j-impl\2.14.1\log4j-slf4j-impl-2.14.1.jar;"/>
    <property name="sun.cpu.endian" value="little"/>
    <property name="user.home" value="C:\Users\KajalSharma"/>
    <property name="user.language" value="en"/>
    <property name="java.specification.vendor" value="Oracle Corporation"/>
    <property name="java.version.date" value="2021-01-19"/>
    <property name="java.home" value="C:\Program Files (x86)\Eclipse\eclipse\plugins\org.eclipse.justj.openjdk.hotspot.jre.full.win32.x86_64_15.0.2.v20210201-0955\jre"/>
    <property name="file.separator" value="\"/>
    <property name="basedir" value="C:\Users\KajalSharma\eclipse-workspace\Capillary\Capillary_Framework"/>
    <property name="java.vm.compressedOopsMode" value="Zero based"/>
    <property name="line.separator" value="&#10;"/>
    <property name="java.vm.specification.vendor" value="Oracle Corporation"/>
    <property name="java.specification.name" value="Java Platform API Specification"/>
    <property name="surefire.real.class.path" value="C:\Users\KajalSharma\AppData\Local\Temp\surefire1996088571651519212\surefirebooter14472901986891543844.jar"/>
    <property name="user.script" value=""/>
    <property name="sun.management.compiler" value="HotSpot 64-Bit Tiered Compilers"/>
    <property name="java.runtime.version" value="15.0.2+7-27"/>
    <property name="user.name" value="KajalSharma"/>
    <property name="path.separator" value=";"/>
    <property name="os.version" value="10.0"/>
    <property name="java.runtime.name" value="OpenJDK Runtime Environment"/>
    <property name="file.encoding" value="Cp1252"/>
    <property name="java.vm.name" value="OpenJDK 64-Bit Server VM"/>
    <property name="localRepository" value="C:\Users\KajalSharma\.m2\repository"/>
    <property name="java.vendor.url.bug" value="https://bugreport.java.com/bugreport/"/>
    <property name="java.io.tmpdir" value="C:\Users\KAJALS~1\AppData\Local\Temp\"/>
    <property name="java.version" value="15.0.2"/>
    <property name="user.dir" value="C:\Users\KajalSharma\eclipse-workspace\Capillary\Capillary_Framework"/>
    <property name="os.arch" value="amd64"/>
    <property name="webdriver.gecko.driver" value="C:\Users\KajalSharma\.cache\selenium\geckodriver\win64\0.34.0\geckodriver.exe"/>
    <property name="java.vm.specification.name" value="Java Virtual Machine Specification"/>
    <property name="sun.os.patch.level" value=""/>
    <property name="java.library.path" value="C:\Program Files (x86)\Eclipse\eclipse\plugins\org.eclipse.justj.openjdk.hotspot.jre.full.win32.x86_64_15.0.2.v20210201-0955\jre\bin;C:\Windows\Sun\Java\bin;C:\Windows\system32;C:\Windows;C:/Program Files (x86)/Eclipse/eclipse//plugins/org.eclipse.justj.openjdk.hotspot.jre.full.win32.x86_64_15.0.2.v20210201-0955/jre/bin/server;C:/Program Files (x86)/Eclipse/eclipse//plugins/org.eclipse.justj.openjdk.hotspot.jre.full.win32.x86_64_15.0.2.v20210201-0955/jre/bin;C:\Program Files\Common Files\Oracle\Java\javapath;C:\Windows\system32;C:\Windows;C:\Windows\System32\Wbem;C:\Windows\System32\WindowsPowerShell\v1.0\;C:\Windows\System32\OpenSSH\;C:\Program Files\dotnet\;C:\Program Files\Java\jdk-11\bin;C:\Maven\apache-maven-3.9.6\bin;C:\Program Files\nodejs\;C:\Program Files\Git\cmd;C:\Users\KajalSharma\AppData\Local\Microsoft\WindowsApps;C:\Users\KajalSharma\AppData\Roaming\npm;C:\Program Files\JetBrains\IntelliJ IDEA 2024.1.2\bin;;C:\Program Files (x86)\Eclipse\eclipse;;."/>
    <property name="java.vm.info" value="mixed mode"/>
    <property name="java.vendor" value="Oracle Corporation"/>
    <property name="java.vm.version" value="15.0.2+7-27"/>
    <property name="sun.io.unicode.encoding" value="UnicodeLittle"/>
    <property name="java.class.version" value="59.0"/>
  </properties>
  <testcase name="testing" classname="zapcg.Capillary.EarnPointPageTestCases.GoToPassPointMoreThanAvailablePoint" time="0.001">
    <system-out><![CDATA[The current available points on Member details screen is: 6
Actual validation message if Go To Pass Value More Than Available Points :Insufficient valid points
Validation message if Go To Pass Value More Than Available Points is displayed correctly.
 Test case started: testing
]]></system-out>
  </testcase>
  <testcase name="testing" classname="zapcg.Capillary.EarnPointPageTestCases.GoToPassPointMoreThanAvailablePoint" time="0">
    <system-out><![CDATA[The name of the testcase passed is : verifyForEmptyCardNumberButtonIsDisabled
Test execution completed on ChromeDriver with device: Tablet Portrait
The current available points on Member details screen is: 5
Actual validation message if Go To Pass Value More Than Available Points :Insufficient valid points
Validation message if Go To Pass Value More Than Available Points is displayed correctly.
 Test case started: testing
]]></system-out>
  </testcase>
  <testcase name="testing" classname="zapcg.Capillary.EarnPointPageTestCases.GoToPassPointMoreThanAvailablePoint" time="0">
    <system-out><![CDATA[The name of the testcase passed is : verifyForEmptyCardNumberButtonIsDisabled
Test execution completed on ChromeDriver with device: Tablet Landscape
The current available points on Member details screen is: 4
Actual validation message if Go To Pass Value More Than Available Points :Insufficient valid points
Validation message if Go To Pass Value More Than Available Points is displayed correctly.
 Test case started: testing
]]></system-out>
  </testcase>
  <testcase name="testing" classname="zapcg.Capillary.EarnPointPageTestCases.GoToPassPointMoreThanAvailablePoint" time="0">
    <system-out><![CDATA[The name of the testcase passed is : verifyForEmptyCardNumberButtonIsDisabled
Test execution completed on ChromeDriver with device: iPhone 11 Pro Portrait
The current available points on Member details screen is: 3
Actual validation message if Go To Pass Value More Than Available Points :Insufficient valid points
Validation message if Go To Pass Value More Than Available Points is displayed correctly.
 Test case started: testing
]]></system-out>
  </testcase>
  <testcase name="testing" classname="zapcg.Capillary.EarnPointPageTestCases.GoToPassPointMoreThanAvailablePoint" time="0">
    <skipped message="no such element: Unable to locate element: {&quot;method&quot;:&quot;css selector&quot;,&quot;selector&quot;:&quot;#MS016IN&quot;}&#10;  (Session info: chrome=126.0.6478.57)&#10;For documentation on this error, please visit: https://www.selenium.dev/documentation/webdriver/troubleshooting/errors#no-such-element-exception&#10;Build info: version: &apos;4.22.0&apos;, revision: &apos;c5f3146703*&apos;&#10;System info: os.name: &apos;Windows 10&apos;, os.arch: &apos;amd64&apos;, os.version: &apos;10.0&apos;, java.version: &apos;15.0.2&apos;&#10;Driver info: org.openqa.selenium.chrome.ChromeDriver&#10;Command: [0a6cf7dfbebec1a5a8625429bbde77c0, findElement {value=MS016IN, using=id}]&#10;Capabilities {acceptInsecureCerts: false, browserName: chrome, browserVersion: 126.0.6478.57, chrome: {chromedriverVersion: 126.0.6478.126 (d36ace6122e..., userDataDir: C:\Users\KAJALS~1\AppData\L...}, fedcm:accounts: true, goog:chromeOptions: {debuggerAddress: localhost:65036}, networkConnectionEnabled: false, pageLoadStrategy: normal, platformName: windows, proxy: Proxy(), se:cdp: ws://localhost:65036/devtoo..., se:cdpVersion: 126.0.6478.57, setWindowRect: true, strictFileInteractability: false, timeouts: {implicit: 0, pageLoad: 300000, script: 30000}, unhandledPromptBehavior: dismiss and notify, webauthn:extension:credBlob: true, webauthn:extension:largeBlob: true, webauthn:extension:minPinLength: true, webauthn:extension:prf: true, webauthn:virtualAuthenticators: true}&#10;Session ID: 0a6cf7dfbebec1a5a8625429bbde77c0"/>
    <system-out><![CDATA[ Test case started: testing
]]></system-out>
  </testcase>
  <testcase name="testing" classname="zapcg.Capillary.EarnPointPageTestCases.GoToPassPointMoreThanAvailablePoint" time="0">
    <system-out><![CDATA[The name of the testcase passed is : verifyForEmptyCardNumberButtonIsDisabled
Test execution completed on ChromeDriver with device: Galaxy S20 Portrait
The current available points on Member details screen is: 3
Actual validation message if Go To Pass Value More Than Available Points :Insufficient valid points
Validation message if Go To Pass Value More Than Available Points is displayed correctly.
 Test case started: testing
]]></system-out>
  </testcase>
  <testcase name="testing" classname="zapcg.Capillary.EarnPointPageTestCases.GoToPassPointMoreThanAvailablePoint" time="0">
    <skipped message="Session ID is null. Using WebDriver after calling quit()?&#10;Build info: version: &apos;4.22.0&apos;, revision: &apos;c5f3146703*&apos;&#10;System info: os.name: &apos;Windows 10&apos;, os.arch: &apos;amd64&apos;, os.version: &apos;10.0&apos;, java.version: &apos;15.0.2&apos;&#10;Driver info: org.openqa.selenium.chrome.ChromeDriver&#10;Command: [null, get {url=https://d1msv2sqknn4w4.cloudfront.net}]&#10;Capabilities {acceptInsecureCerts: false, browserName: chrome, browserVersion: 126.0.6478.57, chrome: {chromedriverVersion: 126.0.6478.126 (d36ace6122e..., userDataDir: C:\Users\KAJALS~1\AppData\L...}, fedcm:accounts: true, goog:chromeOptions: {debuggerAddress: localhost:51445}, networkConnectionEnabled: false, pageLoadStrategy: normal, platformName: windows, proxy: Proxy(), se:cdp: ws://localhost:51445/devtoo..., se:cdpVersion: 126.0.6478.57, setWindowRect: true, strictFileInteractability: false, timeouts: {implicit: 0, pageLoad: 300000, script: 30000}, unhandledPromptBehavior: dismiss and notify, webauthn:extension:credBlob: true, webauthn:extension:largeBlob: true, webauthn:extension:minPinLength: true, webauthn:extension:prf: true, webauthn:virtualAuthenticators: true}"/>
    <system-out><![CDATA[ Test case started: testing
]]></system-out>
  </testcase>
  <testcase name="testing" classname="zapcg.Capillary.EarnPointPageTestCases.GoToPassPointMoreThanAvailablePoint" time="0">
    <system-out><![CDATA[The name of the testcase passed is : verifyForEmptyCardNumberButtonIsDisabled
Test execution completed on FirefoxDriver with device: Tablet Portrait
The current available points on Member details screen is: 1
Actual validation message if Go To Pass Value More Than Available Points :Insufficient valid points
Validation message if Go To Pass Value More Than Available Points is displayed correctly.
 Test case started: testing
]]></system-out>
  </testcase>
  <testcase name="testing" classname="zapcg.Capillary.EarnPointPageTestCases.GoToPassPointMoreThanAvailablePoint" time="0">
    <skipped message="Unable to locate element: #MS016IN&#10;For documentation on this error, please visit: https://www.selenium.dev/documentation/webdriver/troubleshooting/errors#no-such-element-exception&#10;Build info: version: &apos;4.22.0&apos;, revision: &apos;c5f3146703*&apos;&#10;System info: os.name: &apos;Windows 10&apos;, os.arch: &apos;amd64&apos;, os.version: &apos;10.0&apos;, java.version: &apos;15.0.2&apos;&#10;Driver info: org.openqa.selenium.firefox.FirefoxDriver&#10;Command: [d60fa3ee-2bc4-4411-85f0-ebe986ba289c, findElement {value=MS016IN, using=id}]&#10;Capabilities {acceptInsecureCerts: true, browserName: firefox, browserVersion: 128.0, moz:accessibilityChecks: false, moz:buildID: 20240628091536, moz:debuggerAddress: 127.0.0.1:23661, moz:geckodriverVersion: 0.34.0, moz:headless: false, moz:platformVersion: 10.0, moz:processID: 32680, moz:profile: C:\Users\KAJALS~1\AppData\L..., moz:shutdownTimeout: 60000, moz:webdriverClick: true, moz:windowless: false, pageLoadStrategy: normal, platformName: windows, proxy: Proxy(), se:cdp: ws://127.0.0.1:23661/devtoo..., se:cdpVersion: 85.0, setWindowRect: true, strictFileInteractability: false, timeouts: {implicit: 0, pageLoad: 300000, script: 30000}, unhandledPromptBehavior: dismiss and notify, userAgent: Mozilla/5.0 (Windows NT 10....}&#10;Session ID: d60fa3ee-2bc4-4411-85f0-ebe986ba289c"/>
    <system-out><![CDATA[ Test case started: testing
]]></system-out>
  </testcase>
  <testcase name="testing" classname="zapcg.Capillary.EarnPointPageTestCases.GoToPassPointMoreThanAvailablePoint" time="0">
    <skipped message="Unable to locate element: #MS016IN&#10;For documentation on this error, please visit: https://www.selenium.dev/documentation/webdriver/troubleshooting/errors#no-such-element-exception&#10;Build info: version: &apos;4.22.0&apos;, revision: &apos;c5f3146703*&apos;&#10;System info: os.name: &apos;Windows 10&apos;, os.arch: &apos;amd64&apos;, os.version: &apos;10.0&apos;, java.version: &apos;15.0.2&apos;&#10;Driver info: org.openqa.selenium.firefox.FirefoxDriver&#10;Command: [11fb978a-94ee-4c23-90c0-7e997ff4a616, findElement {value=MS016IN, using=id}]&#10;Capabilities {acceptInsecureCerts: true, browserName: firefox, browserVersion: 128.0, moz:accessibilityChecks: false, moz:buildID: 20240628091536, moz:debuggerAddress: 127.0.0.1:11746, moz:geckodriverVersion: 0.34.0, moz:headless: false, moz:platformVersion: 10.0, moz:processID: 34184, moz:profile: C:\Users\KAJALS~1\AppData\L..., moz:shutdownTimeout: 60000, moz:webdriverClick: true, moz:windowless: false, pageLoadStrategy: normal, platformName: windows, proxy: Proxy(), se:cdp: ws://127.0.0.1:11746/devtoo..., se:cdpVersion: 85.0, setWindowRect: true, strictFileInteractability: false, timeouts: {implicit: 0, pageLoad: 300000, script: 30000}, unhandledPromptBehavior: dismiss and notify, userAgent: Mozilla/5.0 (Windows NT 10....}&#10;Session ID: 11fb978a-94ee-4c23-90c0-7e997ff4a616"/>
    <system-out><![CDATA[ Test case started: testing
]]></system-out>
  </testcase>
  <testcase name="testing" classname="zapcg.Capillary.EarnPointPageTestCases.GoToPassPointMoreThanAvailablePoint" time="0">
    <skipped message="Unable to locate element: #MS016IN&#10;For documentation on this error, please visit: https://www.selenium.dev/documentation/webdriver/troubleshooting/errors#no-such-element-exception&#10;Build info: version: &apos;4.22.0&apos;, revision: &apos;c5f3146703*&apos;&#10;System info: os.name: &apos;Windows 10&apos;, os.arch: &apos;amd64&apos;, os.version: &apos;10.0&apos;, java.version: &apos;15.0.2&apos;&#10;Driver info: org.openqa.selenium.firefox.FirefoxDriver&#10;Command: [4bcd7e50-5c13-49bd-b412-977d4cdadc43, findElement {value=MS016IN, using=id}]&#10;Capabilities {acceptInsecureCerts: true, browserName: firefox, browserVersion: 128.0, moz:accessibilityChecks: false, moz:buildID: 20240628091536, moz:debuggerAddress: 127.0.0.1:9795, moz:geckodriverVersion: 0.34.0, moz:headless: false, moz:platformVersion: 10.0, moz:processID: 60368, moz:profile: C:\Users\KAJALS~1\AppData\L..., moz:shutdownTimeout: 60000, moz:webdriverClick: true, moz:windowless: false, pageLoadStrategy: normal, platformName: windows, proxy: Proxy(), se:cdp: ws://127.0.0.1:9795/devtool..., se:cdpVersion: 85.0, setWindowRect: true, strictFileInteractability: false, timeouts: {implicit: 0, pageLoad: 300000, script: 30000}, unhandledPromptBehavior: dismiss and notify, userAgent: Mozilla/5.0 (Windows NT 10....}&#10;Session ID: 4bcd7e50-5c13-49bd-b412-977d4cdadc43"/>
    <system-out><![CDATA[ Test case started: testing
]]></system-out>
  </testcase>
  <testcase name="testing" classname="zapcg.Capillary.EarnPointPageTestCases.GoToPassPointMoreThanAvailablePoint" time="0">
    <skipped message="Unable to locate element: #MS016IN&#10;For documentation on this error, please visit: https://www.selenium.dev/documentation/webdriver/troubleshooting/errors#no-such-element-exception&#10;Build info: version: &apos;4.22.0&apos;, revision: &apos;c5f3146703*&apos;&#10;System info: os.name: &apos;Windows 10&apos;, os.arch: &apos;amd64&apos;, os.version: &apos;10.0&apos;, java.version: &apos;15.0.2&apos;&#10;Driver info: org.openqa.selenium.firefox.FirefoxDriver&#10;Command: [c52e2bb7-6760-4d6d-833c-d1179e897723, findElement {value=MS016IN, using=id}]&#10;Capabilities {acceptInsecureCerts: true, browserName: firefox, browserVersion: 128.0, moz:accessibilityChecks: false, moz:buildID: 20240628091536, moz:debuggerAddress: 127.0.0.1:31435, moz:geckodriverVersion: 0.34.0, moz:headless: false, moz:platformVersion: 10.0, moz:processID: 62376, moz:profile: C:\Users\KAJALS~1\AppData\L..., moz:shutdownTimeout: 60000, moz:webdriverClick: true, moz:windowless: false, pageLoadStrategy: normal, platformName: windows, proxy: Proxy(), se:cdp: ws://127.0.0.1:31435/devtoo..., se:cdpVersion: 85.0, setWindowRect: true, strictFileInteractability: false, timeouts: {implicit: 0, pageLoad: 300000, script: 30000}, unhandledPromptBehavior: dismiss and notify, userAgent: Mozilla/5.0 (Windows NT 10....}&#10;Session ID: c52e2bb7-6760-4d6d-833c-d1179e897723"/>
    <system-out><![CDATA[ Test case started: testing
]]></system-out>
  </testcase>
  <testcase name="initialize[chrome, Galaxy S20 Portrait](0)" classname="zapcg.Capillary.EarnPointPageTestCases.GoToPassPointMoreThanAvailablePoint" time="64.673">
    <failure message="no such element: Unable to locate element: {&quot;method&quot;:&quot;css selector&quot;,&quot;selector&quot;:&quot;#MS016IN&quot;}&#10;  (Session info: chrome=126.0.6478.57)&#10;For documentation on this error, please visit: https://www.selenium.dev/documentation/webdriver/troubleshooting/errors#no-such-element-exception&#10;Build info: version: &apos;4.22.0&apos;, revision: &apos;c5f3146703*&apos;&#10;System info: os.name: &apos;Windows 10&apos;, os.arch: &apos;amd64&apos;, os.version: &apos;10.0&apos;, java.version: &apos;15.0.2&apos;&#10;Driver info: org.openqa.selenium.chrome.ChromeDriver&#10;Command: [0a6cf7dfbebec1a5a8625429bbde77c0, findElement {value=MS016IN, using=id}]&#10;Capabilities {acceptInsecureCerts: false, browserName: chrome, browserVersion: 126.0.6478.57, chrome: {chromedriverVersion: 126.0.6478.126 (d36ace6122e..., userDataDir: C:\Users\KAJALS~1\AppData\L...}, fedcm:accounts: true, goog:chromeOptions: {debuggerAddress: localhost:65036}, networkConnectionEnabled: false, pageLoadStrategy: normal, platformName: windows, proxy: Proxy(), se:cdp: ws://localhost:65036/devtoo..., se:cdpVersion: 126.0.6478.57, setWindowRect: true, strictFileInteractability: false, timeouts: {implicit: 0, pageLoad: 300000, script: 30000}, unhandledPromptBehavior: dismiss and notify, webauthn:extension:credBlob: true, webauthn:extension:largeBlob: true, webauthn:extension:minPinLength: true, webauthn:extension:prf: true, webauthn:virtualAuthenticators: true}&#10;Session ID: 0a6cf7dfbebec1a5a8625429bbde77c0" type="org.openqa.selenium.NoSuchElementException"><![CDATA[org.openqa.selenium.NoSuchElementException: 
no such element: Unable to locate element: {"method":"css selector","selector":"#MS016IN"}
  (Session info: chrome=126.0.6478.57)
For documentation on this error, please visit: https://www.selenium.dev/documentation/webdriver/troubleshooting/errors#no-such-element-exception
Build info: version: '4.22.0', revision: 'c5f3146703*'
System info: os.name: 'Windows 10', os.arch: 'amd64', os.version: '10.0', java.version: '15.0.2'
Driver info: org.openqa.selenium.chrome.ChromeDriver
Command: [0a6cf7dfbebec1a5a8625429bbde77c0, findElement {value=MS016IN, using=id}]
Capabilities {acceptInsecureCerts: false, browserName: chrome, browserVersion: 126.0.6478.57, chrome: {chromedriverVersion: 126.0.6478.126 (d36ace6122e..., userDataDir: C:\Users\KAJALS~1\AppData\L...}, fedcm:accounts: true, goog:chromeOptions: {debuggerAddress: localhost:65036}, networkConnectionEnabled: false, pageLoadStrategy: normal, platformName: windows, proxy: Proxy(), se:cdp: ws://localhost:65036/devtoo..., se:cdpVersion: 126.0.6478.57, setWindowRect: true, strictFileInteractability: false, timeouts: {implicit: 0, pageLoad: 300000, script: 30000}, unhandledPromptBehavior: dismiss and notify, webauthn:extension:credBlob: true, webauthn:extension:largeBlob: true, webauthn:extension:minPinLength: true, webauthn:extension:prf: true, webauthn:virtualAuthenticators: true}
Session ID: 0a6cf7dfbebec1a5a8625429bbde77c0
	at zapcg.Capillary.EarnPointPageTestCases.GoToPassPointMoreThanAvailablePoint.initialize(GoToPassPointMoreThanAvailablePoint.java:42)
]]></failure>
    <system-out><![CDATA[The name of the testcase failed is : verifyForEmptyCardNumberButtonIsDisabled
Test execution completed on ChromeDriver with device: iPhone 11 Pro Landscape
]]></system-out>
  </testcase>
  <testcase name="tearDown" classname="zapcg.Capillary.EarnPointPageTestCases.GoToPassPointMoreThanAvailablePoint" time="0">
    <skipped/>
    <system-out><![CDATA[The name of the testcase Skipped is : testing
]]></system-out>
  </testcase>
  <testcase name="tearDown" classname="zapcg.Capillary.EarnPointPageTestCases.GoToPassPointMoreThanAvailablePoint" time="0">
    <skipped/>
    <system-out><![CDATA[The name of the testcase Skipped is : testing
]]></system-out>
  </testcase>
  <testcase name="tearDown" classname="zapcg.Capillary.EarnPointPageTestCases.GoToPassPointMoreThanAvailablePoint" time="0">
    <skipped/>
    <system-out><![CDATA[The name of the testcase Skipped is : testing
]]></system-out>
  </testcase>
  <testcase name="tearDown" classname="zapcg.Capillary.EarnPointPageTestCases.GoToPassPointMoreThanAvailablePoint" time="0">
    <skipped/>
    <system-out><![CDATA[The name of the testcase Skipped is : testing
]]></system-out>
  </testcase>
  <testcase name="tearDown" classname="zapcg.Capillary.EarnPointPageTestCases.GoToPassPointMoreThanAvailablePoint" time="0">
    <skipped/>
    <system-out><![CDATA[The name of the testcase Skipped is : testing
]]></system-out>
  </testcase>
  <testcase name="tearDown" classname="zapcg.Capillary.EarnPointPageTestCases.GoToPassPointMoreThanAvailablePoint" time="0">
    <skipped/>
    <system-out><![CDATA[The name of the testcase Skipped is : testing
]]></system-out>
  </testcase>
  <testcase name="initialize[firefox, Tablet Portrait](0)" classname="zapcg.Capillary.EarnPointPageTestCases.GoToPassPointMoreThanAvailablePoint" time="5.321">
    <failure message="Session ID is null. Using WebDriver after calling quit()?&#10;Build info: version: &apos;4.22.0&apos;, revision: &apos;c5f3146703*&apos;&#10;System info: os.name: &apos;Windows 10&apos;, os.arch: &apos;amd64&apos;, os.version: &apos;10.0&apos;, java.version: &apos;15.0.2&apos;&#10;Driver info: org.openqa.selenium.chrome.ChromeDriver&#10;Command: [null, get {url=https://d1msv2sqknn4w4.cloudfront.net}]&#10;Capabilities {acceptInsecureCerts: false, browserName: chrome, browserVersion: 126.0.6478.57, chrome: {chromedriverVersion: 126.0.6478.126 (d36ace6122e..., userDataDir: C:\Users\KAJALS~1\AppData\L...}, fedcm:accounts: true, goog:chromeOptions: {debuggerAddress: localhost:51445}, networkConnectionEnabled: false, pageLoadStrategy: normal, platformName: windows, proxy: Proxy(), se:cdp: ws://localhost:51445/devtoo..., se:cdpVersion: 126.0.6478.57, setWindowRect: true, strictFileInteractability: false, timeouts: {implicit: 0, pageLoad: 300000, script: 30000}, unhandledPromptBehavior: dismiss and notify, webauthn:extension:credBlob: true, webauthn:extension:largeBlob: true, webauthn:extension:minPinLength: true, webauthn:extension:prf: true, webauthn:virtualAuthenticators: true}" type="org.openqa.selenium.NoSuchSessionException"><![CDATA[org.openqa.selenium.NoSuchSessionException: 
Session ID is null. Using WebDriver after calling quit()?
Build info: version: '4.22.0', revision: 'c5f3146703*'
System info: os.name: 'Windows 10', os.arch: 'amd64', os.version: '10.0', java.version: '15.0.2'
Driver info: org.openqa.selenium.chrome.ChromeDriver
Command: [null, get {url=https://d1msv2sqknn4w4.cloudfront.net}]
Capabilities {acceptInsecureCerts: false, browserName: chrome, browserVersion: 126.0.6478.57, chrome: {chromedriverVersion: 126.0.6478.126 (d36ace6122e..., userDataDir: C:\Users\KAJALS~1\AppData\L...}, fedcm:accounts: true, goog:chromeOptions: {debuggerAddress: localhost:51445}, networkConnectionEnabled: false, pageLoadStrategy: normal, platformName: windows, proxy: Proxy(), se:cdp: ws://localhost:51445/devtoo..., se:cdpVersion: 126.0.6478.57, setWindowRect: true, strictFileInteractability: false, timeouts: {implicit: 0, pageLoad: 300000, script: 30000}, unhandledPromptBehavior: dismiss and notify, webauthn:extension:credBlob: true, webauthn:extension:largeBlob: true, webauthn:extension:minPinLength: true, webauthn:extension:prf: true, webauthn:virtualAuthenticators: true}
	at zapcg.Capillary.EarnPointPageTestCases.GoToPassPointMoreThanAvailablePoint.initialize(GoToPassPointMoreThanAvailablePoint.java:31)
]]></failure>
    <system-out><![CDATA[The name of the testcase passed is : verifyForEmptyCardNumberButtonIsDisabled
Test execution completed on ChromeDriver with device: Galaxy S20 Landscape
]]></system-out>
    <system-err><![CDATA[Error initializing WebDriver: Could not start a new session. Response code 500. Message: Process unexpectedly closed with status 0 
Host info: host: 'ZCBLRLP0293', ip: '192.168.0.105'
Build info: version: '4.22.0', revision: 'c5f3146703*'
System info: os.name: 'Windows 10', os.arch: 'amd64', os.version: '10.0', java.version: '15.0.2'
Driver info: org.openqa.selenium.firefox.FirefoxDriver
Command: [null, newSession {capabilities=[Capabilities {acceptInsecureCerts: true, browserName: firefox, moz:debuggerAddress: true, moz:firefoxOptions: {prefs: {remote.active-protocols: 3}}}]}]
]]></system-err>
  </testcase>
  <testcase name="initialize[firefox, iPhone 11 Pro Portrait](0)" classname="zapcg.Capillary.EarnPointPageTestCases.GoToPassPointMoreThanAvailablePoint" time="68.72">
    <failure message="Unable to locate element: #MS016IN&#10;For documentation on this error, please visit: https://www.selenium.dev/documentation/webdriver/troubleshooting/errors#no-such-element-exception&#10;Build info: version: &apos;4.22.0&apos;, revision: &apos;c5f3146703*&apos;&#10;System info: os.name: &apos;Windows 10&apos;, os.arch: &apos;amd64&apos;, os.version: &apos;10.0&apos;, java.version: &apos;15.0.2&apos;&#10;Driver info: org.openqa.selenium.firefox.FirefoxDriver&#10;Command: [d60fa3ee-2bc4-4411-85f0-ebe986ba289c, findElement {value=MS016IN, using=id}]&#10;Capabilities {acceptInsecureCerts: true, browserName: firefox, browserVersion: 128.0, moz:accessibilityChecks: false, moz:buildID: 20240628091536, moz:debuggerAddress: 127.0.0.1:23661, moz:geckodriverVersion: 0.34.0, moz:headless: false, moz:platformVersion: 10.0, moz:processID: 32680, moz:profile: C:\Users\KAJALS~1\AppData\L..., moz:shutdownTimeout: 60000, moz:webdriverClick: true, moz:windowless: false, pageLoadStrategy: normal, platformName: windows, proxy: Proxy(), se:cdp: ws://127.0.0.1:23661/devtoo..., se:cdpVersion: 85.0, setWindowRect: true, strictFileInteractability: false, timeouts: {implicit: 0, pageLoad: 300000, script: 30000}, unhandledPromptBehavior: dismiss and notify, userAgent: Mozilla/5.0 (Windows NT 10....}&#10;Session ID: d60fa3ee-2bc4-4411-85f0-ebe986ba289c" type="org.openqa.selenium.NoSuchElementException"><![CDATA[org.openqa.selenium.NoSuchElementException: 
Unable to locate element: #MS016IN
For documentation on this error, please visit: https://www.selenium.dev/documentation/webdriver/troubleshooting/errors#no-such-element-exception
Build info: version: '4.22.0', revision: 'c5f3146703*'
System info: os.name: 'Windows 10', os.arch: 'amd64', os.version: '10.0', java.version: '15.0.2'
Driver info: org.openqa.selenium.firefox.FirefoxDriver
Command: [d60fa3ee-2bc4-4411-85f0-ebe986ba289c, findElement {value=MS016IN, using=id}]
Capabilities {acceptInsecureCerts: true, browserName: firefox, browserVersion: 128.0, moz:accessibilityChecks: false, moz:buildID: 20240628091536, moz:debuggerAddress: 127.0.0.1:23661, moz:geckodriverVersion: 0.34.0, moz:headless: false, moz:platformVersion: 10.0, moz:processID: 32680, moz:profile: C:\Users\KAJALS~1\AppData\L..., moz:shutdownTimeout: 60000, moz:webdriverClick: true, moz:windowless: false, pageLoadStrategy: normal, platformName: windows, proxy: Proxy(), se:cdp: ws://127.0.0.1:23661/devtoo..., se:cdpVersion: 85.0, setWindowRect: true, strictFileInteractability: false, timeouts: {implicit: 0, pageLoad: 300000, script: 30000}, unhandledPromptBehavior: dismiss and notify, userAgent: Mozilla/5.0 (Windows NT 10....}
Session ID: d60fa3ee-2bc4-4411-85f0-ebe986ba289c
	at zapcg.Capillary.EarnPointPageTestCases.GoToPassPointMoreThanAvailablePoint.initialize(GoToPassPointMoreThanAvailablePoint.java:42)
]]></failure>
    <system-out><![CDATA[The name of the testcase failed is : verifyForEmptyCardNumberButtonIsDisabled
Test execution completed on FirefoxDriver with device: Tablet Landscape
]]></system-out>
  </testcase>
  <testcase name="initialize[firefox, iPhone 11 Pro Landscape](0)" classname="zapcg.Capillary.EarnPointPageTestCases.GoToPassPointMoreThanAvailablePoint" time="67.567">
    <failure message="Unable to locate element: #MS016IN&#10;For documentation on this error, please visit: https://www.selenium.dev/documentation/webdriver/troubleshooting/errors#no-such-element-exception&#10;Build info: version: &apos;4.22.0&apos;, revision: &apos;c5f3146703*&apos;&#10;System info: os.name: &apos;Windows 10&apos;, os.arch: &apos;amd64&apos;, os.version: &apos;10.0&apos;, java.version: &apos;15.0.2&apos;&#10;Driver info: org.openqa.selenium.firefox.FirefoxDriver&#10;Command: [11fb978a-94ee-4c23-90c0-7e997ff4a616, findElement {value=MS016IN, using=id}]&#10;Capabilities {acceptInsecureCerts: true, browserName: firefox, browserVersion: 128.0, moz:accessibilityChecks: false, moz:buildID: 20240628091536, moz:debuggerAddress: 127.0.0.1:11746, moz:geckodriverVersion: 0.34.0, moz:headless: false, moz:platformVersion: 10.0, moz:processID: 34184, moz:profile: C:\Users\KAJALS~1\AppData\L..., moz:shutdownTimeout: 60000, moz:webdriverClick: true, moz:windowless: false, pageLoadStrategy: normal, platformName: windows, proxy: Proxy(), se:cdp: ws://127.0.0.1:11746/devtoo..., se:cdpVersion: 85.0, setWindowRect: true, strictFileInteractability: false, timeouts: {implicit: 0, pageLoad: 300000, script: 30000}, unhandledPromptBehavior: dismiss and notify, userAgent: Mozilla/5.0 (Windows NT 10....}&#10;Session ID: 11fb978a-94ee-4c23-90c0-7e997ff4a616" type="org.openqa.selenium.NoSuchElementException"><![CDATA[org.openqa.selenium.NoSuchElementException: 
Unable to locate element: #MS016IN
For documentation on this error, please visit: https://www.selenium.dev/documentation/webdriver/troubleshooting/errors#no-such-element-exception
Build info: version: '4.22.0', revision: 'c5f3146703*'
System info: os.name: 'Windows 10', os.arch: 'amd64', os.version: '10.0', java.version: '15.0.2'
Driver info: org.openqa.selenium.firefox.FirefoxDriver
Command: [11fb978a-94ee-4c23-90c0-7e997ff4a616, findElement {value=MS016IN, using=id}]
Capabilities {acceptInsecureCerts: true, browserName: firefox, browserVersion: 128.0, moz:accessibilityChecks: false, moz:buildID: 20240628091536, moz:debuggerAddress: 127.0.0.1:11746, moz:geckodriverVersion: 0.34.0, moz:headless: false, moz:platformVersion: 10.0, moz:processID: 34184, moz:profile: C:\Users\KAJALS~1\AppData\L..., moz:shutdownTimeout: 60000, moz:webdriverClick: true, moz:windowless: false, pageLoadStrategy: normal, platformName: windows, proxy: Proxy(), se:cdp: ws://127.0.0.1:11746/devtoo..., se:cdpVersion: 85.0, setWindowRect: true, strictFileInteractability: false, timeouts: {implicit: 0, pageLoad: 300000, script: 30000}, unhandledPromptBehavior: dismiss and notify, userAgent: Mozilla/5.0 (Windows NT 10....}
Session ID: 11fb978a-94ee-4c23-90c0-7e997ff4a616
	at zapcg.Capillary.EarnPointPageTestCases.GoToPassPointMoreThanAvailablePoint.initialize(GoToPassPointMoreThanAvailablePoint.java:42)
]]></failure>
    <system-out><![CDATA[The name of the testcase failed is : verifyForEmptyCardNumberButtonIsDisabled
Test execution completed on FirefoxDriver with device: iPhone 11 Pro Portrait
]]></system-out>
  </testcase>
  <testcase name="initialize[firefox, Galaxy S20 Portrait](0)" classname="zapcg.Capillary.EarnPointPageTestCases.GoToPassPointMoreThanAvailablePoint" time="70.066">
    <failure message="Unable to locate element: #MS016IN&#10;For documentation on this error, please visit: https://www.selenium.dev/documentation/webdriver/troubleshooting/errors#no-such-element-exception&#10;Build info: version: &apos;4.22.0&apos;, revision: &apos;c5f3146703*&apos;&#10;System info: os.name: &apos;Windows 10&apos;, os.arch: &apos;amd64&apos;, os.version: &apos;10.0&apos;, java.version: &apos;15.0.2&apos;&#10;Driver info: org.openqa.selenium.firefox.FirefoxDriver&#10;Command: [4bcd7e50-5c13-49bd-b412-977d4cdadc43, findElement {value=MS016IN, using=id}]&#10;Capabilities {acceptInsecureCerts: true, browserName: firefox, browserVersion: 128.0, moz:accessibilityChecks: false, moz:buildID: 20240628091536, moz:debuggerAddress: 127.0.0.1:9795, moz:geckodriverVersion: 0.34.0, moz:headless: false, moz:platformVersion: 10.0, moz:processID: 60368, moz:profile: C:\Users\KAJALS~1\AppData\L..., moz:shutdownTimeout: 60000, moz:webdriverClick: true, moz:windowless: false, pageLoadStrategy: normal, platformName: windows, proxy: Proxy(), se:cdp: ws://127.0.0.1:9795/devtool..., se:cdpVersion: 85.0, setWindowRect: true, strictFileInteractability: false, timeouts: {implicit: 0, pageLoad: 300000, script: 30000}, unhandledPromptBehavior: dismiss and notify, userAgent: Mozilla/5.0 (Windows NT 10....}&#10;Session ID: 4bcd7e50-5c13-49bd-b412-977d4cdadc43" type="org.openqa.selenium.NoSuchElementException"><![CDATA[org.openqa.selenium.NoSuchElementException: 
Unable to locate element: #MS016IN
For documentation on this error, please visit: https://www.selenium.dev/documentation/webdriver/troubleshooting/errors#no-such-element-exception
Build info: version: '4.22.0', revision: 'c5f3146703*'
System info: os.name: 'Windows 10', os.arch: 'amd64', os.version: '10.0', java.version: '15.0.2'
Driver info: org.openqa.selenium.firefox.FirefoxDriver
Command: [4bcd7e50-5c13-49bd-b412-977d4cdadc43, findElement {value=MS016IN, using=id}]
Capabilities {acceptInsecureCerts: true, browserName: firefox, browserVersion: 128.0, moz:accessibilityChecks: false, moz:buildID: 20240628091536, moz:debuggerAddress: 127.0.0.1:9795, moz:geckodriverVersion: 0.34.0, moz:headless: false, moz:platformVersion: 10.0, moz:processID: 60368, moz:profile: C:\Users\KAJALS~1\AppData\L..., moz:shutdownTimeout: 60000, moz:webdriverClick: true, moz:windowless: false, pageLoadStrategy: normal, platformName: windows, proxy: Proxy(), se:cdp: ws://127.0.0.1:9795/devtool..., se:cdpVersion: 85.0, setWindowRect: true, strictFileInteractability: false, timeouts: {implicit: 0, pageLoad: 300000, script: 30000}, unhandledPromptBehavior: dismiss and notify, userAgent: Mozilla/5.0 (Windows NT 10....}
Session ID: 4bcd7e50-5c13-49bd-b412-977d4cdadc43
	at zapcg.Capillary.EarnPointPageTestCases.GoToPassPointMoreThanAvailablePoint.initialize(GoToPassPointMoreThanAvailablePoint.java:42)
]]></failure>
    <system-out><![CDATA[The name of the testcase failed is : verifyForEmptyCardNumberButtonIsDisabled
Test execution completed on FirefoxDriver with device: iPhone 11 Pro Landscape
]]></system-out>
  </testcase>
  <testcase name="initialize[firefox, Galaxy S20 Landscape](0)" classname="zapcg.Capillary.EarnPointPageTestCases.GoToPassPointMoreThanAvailablePoint" time="70.237">
    <failure message="Unable to locate element: #MS016IN&#10;For documentation on this error, please visit: https://www.selenium.dev/documentation/webdriver/troubleshooting/errors#no-such-element-exception&#10;Build info: version: &apos;4.22.0&apos;, revision: &apos;c5f3146703*&apos;&#10;System info: os.name: &apos;Windows 10&apos;, os.arch: &apos;amd64&apos;, os.version: &apos;10.0&apos;, java.version: &apos;15.0.2&apos;&#10;Driver info: org.openqa.selenium.firefox.FirefoxDriver&#10;Command: [c52e2bb7-6760-4d6d-833c-d1179e897723, findElement {value=MS016IN, using=id}]&#10;Capabilities {acceptInsecureCerts: true, browserName: firefox, browserVersion: 128.0, moz:accessibilityChecks: false, moz:buildID: 20240628091536, moz:debuggerAddress: 127.0.0.1:31435, moz:geckodriverVersion: 0.34.0, moz:headless: false, moz:platformVersion: 10.0, moz:processID: 62376, moz:profile: C:\Users\KAJALS~1\AppData\L..., moz:shutdownTimeout: 60000, moz:webdriverClick: true, moz:windowless: false, pageLoadStrategy: normal, platformName: windows, proxy: Proxy(), se:cdp: ws://127.0.0.1:31435/devtoo..., se:cdpVersion: 85.0, setWindowRect: true, strictFileInteractability: false, timeouts: {implicit: 0, pageLoad: 300000, script: 30000}, unhandledPromptBehavior: dismiss and notify, userAgent: Mozilla/5.0 (Windows NT 10....}&#10;Session ID: c52e2bb7-6760-4d6d-833c-d1179e897723" type="org.openqa.selenium.NoSuchElementException"><![CDATA[org.openqa.selenium.NoSuchElementException: 
Unable to locate element: #MS016IN
For documentation on this error, please visit: https://www.selenium.dev/documentation/webdriver/troubleshooting/errors#no-such-element-exception
Build info: version: '4.22.0', revision: 'c5f3146703*'
System info: os.name: 'Windows 10', os.arch: 'amd64', os.version: '10.0', java.version: '15.0.2'
Driver info: org.openqa.selenium.firefox.FirefoxDriver
Command: [c52e2bb7-6760-4d6d-833c-d1179e897723, findElement {value=MS016IN, using=id}]
Capabilities {acceptInsecureCerts: true, browserName: firefox, browserVersion: 128.0, moz:accessibilityChecks: false, moz:buildID: 20240628091536, moz:debuggerAddress: 127.0.0.1:31435, moz:geckodriverVersion: 0.34.0, moz:headless: false, moz:platformVersion: 10.0, moz:processID: 62376, moz:profile: C:\Users\KAJALS~1\AppData\L..., moz:shutdownTimeout: 60000, moz:webdriverClick: true, moz:windowless: false, pageLoadStrategy: normal, platformName: windows, proxy: Proxy(), se:cdp: ws://127.0.0.1:31435/devtoo..., se:cdpVersion: 85.0, setWindowRect: true, strictFileInteractability: false, timeouts: {implicit: 0, pageLoad: 300000, script: 30000}, unhandledPromptBehavior: dismiss and notify, userAgent: Mozilla/5.0 (Windows NT 10....}
Session ID: c52e2bb7-6760-4d6d-833c-d1179e897723
	at zapcg.Capillary.EarnPointPageTestCases.GoToPassPointMoreThanAvailablePoint.initialize(GoToPassPointMoreThanAvailablePoint.java:42)
]]></failure>
    <system-out><![CDATA[The name of the testcase failed is : verifyForEmptyCardNumberButtonIsDisabled
Test execution completed on FirefoxDriver with device: Galaxy S20 Portrait
]]></system-out>
  </testcase>
  <testcase name="testValidLogin_TestCase1" classname="zapcg.Capillary.LoginTestCases.Login_Valid_TestCases" time="1.811">
    <system-out><![CDATA[The name of the testcase passed is : testing
Test execution completed on ChromeDriver with device: Tablet Portrait
 Test case started: testValidLogin_TestCase1
Successfully navigated to the Location screen
]]></system-out>
    <system-err><![CDATA[Jul 06, 2024 11:06:16 AM org.openqa.selenium.remote.http.WebSocket$Listener onError
WARNING: Connection reset
java.net.SocketException: Connection reset
	at java.base/sun.nio.ch.SocketChannelImpl.throwConnectionReset(SocketChannelImpl.java:367)
	at java.base/sun.nio.ch.SocketChannelImpl.read(SocketChannelImpl.java:398)
	at java.net.http/jdk.internal.net.http.SocketTube.readAvailable(SocketTube.java:1153)
	at java.net.http/jdk.internal.net.http.SocketTube$InternalReadPublisher$InternalReadSubscription.read(SocketTube.java:821)
	at java.net.http/jdk.internal.net.http.SocketTube$SocketFlowTask.run(SocketTube.java:175)
	at java.net.http/jdk.internal.net.http.common.SequentialScheduler$SchedulableTask.run(SequentialScheduler.java:198)
	at java.net.http/jdk.internal.net.http.common.SequentialScheduler.runOrSchedule(SequentialScheduler.java:271)
	at java.net.http/jdk.internal.net.http.common.SequentialScheduler.runOrSchedule(SequentialScheduler.java:224)
	at java.net.http/jdk.internal.net.http.SocketTube$InternalReadPublisher$InternalReadSubscription.signalReadable(SocketTube.java:763)
	at java.net.http/jdk.internal.net.http.SocketTube$InternalReadPublisher$ReadEvent.signalEvent(SocketTube.java:941)
	at java.net.http/jdk.internal.net.http.SocketTube$SocketFlowEvent.handle(SocketTube.java:245)
	at java.net.http/jdk.internal.net.http.HttpClientImpl$SelectorManager.handleEvent(HttpClientImpl.java:956)
	at java.net.http/jdk.internal.net.http.HttpClientImpl$SelectorManager.lambda$run$3(HttpClientImpl.java:911)
	at java.base/java.util.ArrayList.forEach(ArrayList.java:1511)
	at java.net.http/jdk.internal.net.http.HttpClientImpl$SelectorManager.run(HttpClientImpl.java:911)

]]></system-err>
  </testcase>
  <testcase name="testValidLogin_TestCase1" classname="zapcg.Capillary.LoginTestCases.Login_Valid_TestCases" time="2.171">
    <system-out><![CDATA[The name of the testcase passed is : testing
Test execution completed on ChromeDriver with device: Tablet Landscape
 Test case started: testValidLogin_TestCase1
Successfully navigated to the Location screen
]]></system-out>
    <system-err><![CDATA[Jul 06, 2024 11:16:15 AM org.openqa.selenium.remote.http.WebSocket$Listener onError
WARNING: Connection reset
java.net.SocketException: Connection reset
	at java.base/sun.nio.ch.SocketChannelImpl.throwConnectionReset(SocketChannelImpl.java:367)
	at java.base/sun.nio.ch.SocketChannelImpl.read(SocketChannelImpl.java:398)
	at java.net.http/jdk.internal.net.http.SocketTube.readAvailable(SocketTube.java:1153)
	at java.net.http/jdk.internal.net.http.SocketTube$InternalReadPublisher$InternalReadSubscription.read(SocketTube.java:821)
	at java.net.http/jdk.internal.net.http.SocketTube$SocketFlowTask.run(SocketTube.java:175)
	at java.net.http/jdk.internal.net.http.common.SequentialScheduler$SchedulableTask.run(SequentialScheduler.java:198)
	at java.net.http/jdk.internal.net.http.common.SequentialScheduler.runOrSchedule(SequentialScheduler.java:271)
	at java.net.http/jdk.internal.net.http.common.SequentialScheduler.runOrSchedule(SequentialScheduler.java:224)
	at java.net.http/jdk.internal.net.http.SocketTube$InternalReadPublisher$InternalReadSubscription.signalReadable(SocketTube.java:763)
	at java.net.http/jdk.internal.net.http.SocketTube$InternalReadPublisher$ReadEvent.signalEvent(SocketTube.java:941)
	at java.net.http/jdk.internal.net.http.SocketTube$SocketFlowEvent.handle(SocketTube.java:245)
	at java.net.http/jdk.internal.net.http.HttpClientImpl$SelectorManager.handleEvent(HttpClientImpl.java:956)
	at java.net.http/jdk.internal.net.http.HttpClientImpl$SelectorManager.lambda$run$3(HttpClientImpl.java:911)
	at java.base/java.util.ArrayList.forEach(ArrayList.java:1511)
	at java.net.http/jdk.internal.net.http.HttpClientImpl$SelectorManager.run(HttpClientImpl.java:911)

]]></system-err>
  </testcase>
  <testcase name="testValidLogin_TestCase1" classname="zapcg.Capillary.LoginTestCases.Login_Valid_TestCases" time="2.056">
    <system-out><![CDATA[The name of the testcase passed is : testing
Test execution completed on ChromeDriver with device: iPhone 11 Pro Portrait
 Test case started: testValidLogin_TestCase1
Successfully navigated to the Location screen
]]></system-out>
    <system-err><![CDATA[Jul 06, 2024 11:26:24 AM org.openqa.selenium.remote.http.WebSocket$Listener onError
WARNING: Connection reset
java.net.SocketException: Connection reset
	at java.base/sun.nio.ch.SocketChannelImpl.throwConnectionReset(SocketChannelImpl.java:367)
	at java.base/sun.nio.ch.SocketChannelImpl.read(SocketChannelImpl.java:398)
	at java.net.http/jdk.internal.net.http.SocketTube.readAvailable(SocketTube.java:1153)
	at java.net.http/jdk.internal.net.http.SocketTube$InternalReadPublisher$InternalReadSubscription.read(SocketTube.java:821)
	at java.net.http/jdk.internal.net.http.SocketTube$SocketFlowTask.run(SocketTube.java:175)
	at java.net.http/jdk.internal.net.http.common.SequentialScheduler$SchedulableTask.run(SequentialScheduler.java:198)
	at java.net.http/jdk.internal.net.http.common.SequentialScheduler.runOrSchedule(SequentialScheduler.java:271)
	at java.net.http/jdk.internal.net.http.common.SequentialScheduler.runOrSchedule(SequentialScheduler.java:224)
	at java.net.http/jdk.internal.net.http.SocketTube$InternalReadPublisher$InternalReadSubscription.signalReadable(SocketTube.java:763)
	at java.net.http/jdk.internal.net.http.SocketTube$InternalReadPublisher$ReadEvent.signalEvent(SocketTube.java:941)
	at java.net.http/jdk.internal.net.http.SocketTube$SocketFlowEvent.handle(SocketTube.java:245)
	at java.net.http/jdk.internal.net.http.HttpClientImpl$SelectorManager.handleEvent(HttpClientImpl.java:956)
	at java.net.http/jdk.internal.net.http.HttpClientImpl$SelectorManager.lambda$run$3(HttpClientImpl.java:911)
	at java.base/java.util.ArrayList.forEach(ArrayList.java:1511)
	at java.net.http/jdk.internal.net.http.HttpClientImpl$SelectorManager.run(HttpClientImpl.java:911)

]]></system-err>
  </testcase>
  <testcase name="testValidLogin_TestCase1" classname="zapcg.Capillary.LoginTestCases.Login_Valid_TestCases" time="1.875">
    <system-out><![CDATA[The name of the testcase passed is : testing
Test execution completed on ChromeDriver with device: iPhone 11 Pro Landscape
 Test case started: testValidLogin_TestCase1
Successfully navigated to the Location screen
]]></system-out>
    <system-err><![CDATA[Jul 06, 2024 11:36:10 AM org.openqa.selenium.remote.http.WebSocket$Listener onError
WARNING: Connection reset
java.net.SocketException: Connection reset
	at java.base/sun.nio.ch.SocketChannelImpl.throwConnectionReset(SocketChannelImpl.java:367)
	at java.base/sun.nio.ch.SocketChannelImpl.read(SocketChannelImpl.java:398)
	at java.net.http/jdk.internal.net.http.SocketTube.readAvailable(SocketTube.java:1153)
	at java.net.http/jdk.internal.net.http.SocketTube$InternalReadPublisher$InternalReadSubscription.read(SocketTube.java:821)
	at java.net.http/jdk.internal.net.http.SocketTube$SocketFlowTask.run(SocketTube.java:175)
	at java.net.http/jdk.internal.net.http.common.SequentialScheduler$SchedulableTask.run(SequentialScheduler.java:198)
	at java.net.http/jdk.internal.net.http.common.SequentialScheduler.runOrSchedule(SequentialScheduler.java:271)
	at java.net.http/jdk.internal.net.http.common.SequentialScheduler.runOrSchedule(SequentialScheduler.java:224)
	at java.net.http/jdk.internal.net.http.SocketTube$InternalReadPublisher$InternalReadSubscription.signalReadable(SocketTube.java:763)
	at java.net.http/jdk.internal.net.http.SocketTube$InternalReadPublisher$ReadEvent.signalEvent(SocketTube.java:941)
	at java.net.http/jdk.internal.net.http.SocketTube$SocketFlowEvent.handle(SocketTube.java:245)
	at java.net.http/jdk.internal.net.http.HttpClientImpl$SelectorManager.handleEvent(HttpClientImpl.java:956)
	at java.net.http/jdk.internal.net.http.HttpClientImpl$SelectorManager.lambda$run$3(HttpClientImpl.java:911)
	at java.base/java.util.ArrayList.forEach(ArrayList.java:1511)
	at java.net.http/jdk.internal.net.http.HttpClientImpl$SelectorManager.run(HttpClientImpl.java:911)

]]></system-err>
  </testcase>
  <testcase name="testValidLogin_TestCase1" classname="zapcg.Capillary.LoginTestCases.Login_Valid_TestCases" time="60.49">
    <failure message="Timeout waiting for either page to become visible: Expected condition failed: waiting for visibility of Proxy element for: DefaultElementLocator &apos;By.xpath: //div[@id=&apos;MSCONT&apos;]&apos; (tried for 20 second(s) with 500 milliseconds interval)" type="java.lang.AssertionError"><![CDATA[java.lang.AssertionError: Timeout waiting for either page to become visible: Expected condition failed: waiting for visibility of Proxy element for: DefaultElementLocator 'By.xpath: //div[@id='MSCONT']' (tried for 20 second(s) with 500 milliseconds interval)
	at zapcg.Capillary.LoginTestCases.Login_Valid_TestCases.testValidLogin_TestCase1(Login_Valid_TestCases.java:44)
]]></failure>
    <system-out><![CDATA[ Test case started: testValidLogin_TestCase1
Timeout waiting for either page to become visible: Expected condition failed: waiting for visibility of Proxy element for: DefaultElementLocator 'By.xpath: //div[@id='MSCONT']' (tried for 20 second(s) with 500 milliseconds interval)
]]></system-out>
  </testcase>
  <testcase name="testValidLogin_TestCase1" classname="zapcg.Capillary.LoginTestCases.Login_Valid_TestCases" time="1.89">
    <system-out><![CDATA[The name of the testcase passed is : testing
Test execution completed on ChromeDriver with device: Galaxy S20 Landscape
 Test case started: testValidLogin_TestCase1
Successfully navigated to the Location screen
]]></system-out>
    <system-err><![CDATA[Jul 06, 2024 11:57:20 AM org.openqa.selenium.remote.http.WebSocket$Listener onError
WARNING: Connection reset
java.net.SocketException: Connection reset
	at java.base/sun.nio.ch.SocketChannelImpl.throwConnectionReset(SocketChannelImpl.java:367)
	at java.base/sun.nio.ch.SocketChannelImpl.read(SocketChannelImpl.java:398)
	at java.net.http/jdk.internal.net.http.SocketTube.readAvailable(SocketTube.java:1153)
	at java.net.http/jdk.internal.net.http.SocketTube$InternalReadPublisher$InternalReadSubscription.read(SocketTube.java:821)
	at java.net.http/jdk.internal.net.http.SocketTube$SocketFlowTask.run(SocketTube.java:175)
	at java.net.http/jdk.internal.net.http.common.SequentialScheduler$SchedulableTask.run(SequentialScheduler.java:198)
	at java.net.http/jdk.internal.net.http.common.SequentialScheduler.runOrSchedule(SequentialScheduler.java:271)
	at java.net.http/jdk.internal.net.http.common.SequentialScheduler.runOrSchedule(SequentialScheduler.java:224)
	at java.net.http/jdk.internal.net.http.SocketTube$InternalReadPublisher$InternalReadSubscription.signalReadable(SocketTube.java:763)
	at java.net.http/jdk.internal.net.http.SocketTube$InternalReadPublisher$ReadEvent.signalEvent(SocketTube.java:941)
	at java.net.http/jdk.internal.net.http.SocketTube$SocketFlowEvent.handle(SocketTube.java:245)
	at java.net.http/jdk.internal.net.http.HttpClientImpl$SelectorManager.handleEvent(HttpClientImpl.java:956)
	at java.net.http/jdk.internal.net.http.HttpClientImpl$SelectorManager.lambda$run$3(HttpClientImpl.java:911)
	at java.base/java.util.ArrayList.forEach(ArrayList.java:1511)
	at java.net.http/jdk.internal.net.http.HttpClientImpl$SelectorManager.run(HttpClientImpl.java:911)

]]></system-err>
  </testcase>
  <testcase name="testValidLogin_TestCase1" classname="zapcg.Capillary.LoginTestCases.Login_Valid_TestCases" time="0">
    <skipped message="Session ID is null. Using WebDriver after calling quit()?&#10;Build info: version: &apos;4.22.0&apos;, revision: &apos;c5f3146703*&apos;&#10;System info: os.name: &apos;Windows 10&apos;, os.arch: &apos;amd64&apos;, os.version: &apos;10.0&apos;, java.version: &apos;15.0.2&apos;&#10;Driver info: org.openqa.selenium.chrome.ChromeDriver&#10;Command: [null, get {url=https://d1msv2sqknn4w4.cloudfront.net}]&#10;Capabilities {acceptInsecureCerts: false, browserName: chrome, browserVersion: 126.0.6478.57, chrome: {chromedriverVersion: 126.0.6478.126 (d36ace6122e..., userDataDir: C:\Users\KAJALS~1\AppData\L...}, fedcm:accounts: true, goog:chromeOptions: {debuggerAddress: localhost:51445}, networkConnectionEnabled: false, pageLoadStrategy: normal, platformName: windows, proxy: Proxy(), se:cdp: ws://localhost:51445/devtoo..., se:cdpVersion: 126.0.6478.57, setWindowRect: true, strictFileInteractability: false, timeouts: {implicit: 0, pageLoad: 300000, script: 30000}, unhandledPromptBehavior: dismiss and notify, webauthn:extension:credBlob: true, webauthn:extension:largeBlob: true, webauthn:extension:minPinLength: true, webauthn:extension:prf: true, webauthn:virtualAuthenticators: true}"/>
    <system-out><![CDATA[ Test case started: testValidLogin_TestCase1
]]></system-out>
  </testcase>
  <testcase name="testValidLogin_TestCase1" classname="zapcg.Capillary.LoginTestCases.Login_Valid_TestCases" time="2.849">
    <system-out><![CDATA[The name of the testcase passed is : testing
Test execution completed on FirefoxDriver with device: Tablet Landscape
 Test case started: testValidLogin_TestCase1
Successfully navigated to the Location screen
]]></system-out>
  </testcase>
  <testcase name="testValidLogin_TestCase1" classname="zapcg.Capillary.LoginTestCases.Login_Valid_TestCases" time="60.506">
    <failure message="Timeout waiting for either page to become visible: Expected condition failed: waiting for visibility of Proxy element for: DefaultElementLocator &apos;By.xpath: //div[@id=&apos;MSCONT&apos;]&apos; (tried for 20 second(s) with 500 milliseconds interval)" type="java.lang.AssertionError"><![CDATA[java.lang.AssertionError: Timeout waiting for either page to become visible: Expected condition failed: waiting for visibility of Proxy element for: DefaultElementLocator 'By.xpath: //div[@id='MSCONT']' (tried for 20 second(s) with 500 milliseconds interval)
	at zapcg.Capillary.LoginTestCases.Login_Valid_TestCases.testValidLogin_TestCase1(Login_Valid_TestCases.java:44)
]]></failure>
    <system-out><![CDATA[ Test case started: testValidLogin_TestCase1
Timeout waiting for either page to become visible: Expected condition failed: waiting for visibility of Proxy element for: DefaultElementLocator 'By.xpath: //div[@id='MSCONT']' (tried for 20 second(s) with 500 milliseconds interval)
]]></system-out>
  </testcase>
  <testcase name="testValidLogin_TestCase1" classname="zapcg.Capillary.LoginTestCases.Login_Valid_TestCases" time="60.429">
    <failure message="Timeout waiting for either page to become visible: Expected condition failed: waiting for visibility of Proxy element for: DefaultElementLocator &apos;By.xpath: //div[@id=&apos;MSCONT&apos;]&apos; (tried for 20 second(s) with 500 milliseconds interval)" type="java.lang.AssertionError"><![CDATA[java.lang.AssertionError: Timeout waiting for either page to become visible: Expected condition failed: waiting for visibility of Proxy element for: DefaultElementLocator 'By.xpath: //div[@id='MSCONT']' (tried for 20 second(s) with 500 milliseconds interval)
	at zapcg.Capillary.LoginTestCases.Login_Valid_TestCases.testValidLogin_TestCase1(Login_Valid_TestCases.java:44)
]]></failure>
    <system-out><![CDATA[ Test case started: testValidLogin_TestCase1
Timeout waiting for either page to become visible: Expected condition failed: waiting for visibility of Proxy element for: DefaultElementLocator 'By.xpath: //div[@id='MSCONT']' (tried for 20 second(s) with 500 milliseconds interval)
]]></system-out>
  </testcase>
  <testcase name="testValidLogin_TestCase1" classname="zapcg.Capillary.LoginTestCases.Login_Valid_TestCases" time="60.486">
    <failure message="Timeout waiting for either page to become visible: Expected condition failed: waiting for visibility of Proxy element for: DefaultElementLocator &apos;By.xpath: //div[@id=&apos;MSCONT&apos;]&apos; (tried for 20 second(s) with 500 milliseconds interval)" type="java.lang.AssertionError"><![CDATA[java.lang.AssertionError: Timeout waiting for either page to become visible: Expected condition failed: waiting for visibility of Proxy element for: DefaultElementLocator 'By.xpath: //div[@id='MSCONT']' (tried for 20 second(s) with 500 milliseconds interval)
	at zapcg.Capillary.LoginTestCases.Login_Valid_TestCases.testValidLogin_TestCase1(Login_Valid_TestCases.java:44)
]]></failure>
    <system-out><![CDATA[ Test case started: testValidLogin_TestCase1
Timeout waiting for either page to become visible: Expected condition failed: waiting for visibility of Proxy element for: DefaultElementLocator 'By.xpath: //div[@id='MSCONT']' (tried for 20 second(s) with 500 milliseconds interval)
]]></system-out>
  </testcase>
  <testcase name="testValidLogin_TestCase1" classname="zapcg.Capillary.LoginTestCases.Login_Valid_TestCases" time="60.475">
    <failure message="Timeout waiting for either page to become visible: Expected condition failed: waiting for visibility of Proxy element for: DefaultElementLocator &apos;By.xpath: //div[@id=&apos;MSCONT&apos;]&apos; (tried for 20 second(s) with 500 milliseconds interval)" type="java.lang.AssertionError"><![CDATA[java.lang.AssertionError: Timeout waiting for either page to become visible: Expected condition failed: waiting for visibility of Proxy element for: DefaultElementLocator 'By.xpath: //div[@id='MSCONT']' (tried for 20 second(s) with 500 milliseconds interval)
	at zapcg.Capillary.LoginTestCases.Login_Valid_TestCases.testValidLogin_TestCase1(Login_Valid_TestCases.java:44)
]]></failure>
    <system-out><![CDATA[ Test case started: testValidLogin_TestCase1
Timeout waiting for either page to become visible: Expected condition failed: waiting for visibility of Proxy element for: DefaultElementLocator 'By.xpath: //div[@id='MSCONT']' (tried for 20 second(s) with 500 milliseconds interval)
]]></system-out>
  </testcase>
  <testcase name="initialize[firefox, Tablet Portrait](0)" classname="zapcg.Capillary.LoginTestCases.Login_Valid_TestCases" time="2.572">
    <failure message="Session ID is null. Using WebDriver after calling quit()?&#10;Build info: version: &apos;4.22.0&apos;, revision: &apos;c5f3146703*&apos;&#10;System info: os.name: &apos;Windows 10&apos;, os.arch: &apos;amd64&apos;, os.version: &apos;10.0&apos;, java.version: &apos;15.0.2&apos;&#10;Driver info: org.openqa.selenium.chrome.ChromeDriver&#10;Command: [null, get {url=https://d1msv2sqknn4w4.cloudfront.net}]&#10;Capabilities {acceptInsecureCerts: false, browserName: chrome, browserVersion: 126.0.6478.57, chrome: {chromedriverVersion: 126.0.6478.126 (d36ace6122e..., userDataDir: C:\Users\KAJALS~1\AppData\L...}, fedcm:accounts: true, goog:chromeOptions: {debuggerAddress: localhost:51445}, networkConnectionEnabled: false, pageLoadStrategy: normal, platformName: windows, proxy: Proxy(), se:cdp: ws://localhost:51445/devtoo..., se:cdpVersion: 126.0.6478.57, setWindowRect: true, strictFileInteractability: false, timeouts: {implicit: 0, pageLoad: 300000, script: 30000}, unhandledPromptBehavior: dismiss and notify, webauthn:extension:credBlob: true, webauthn:extension:largeBlob: true, webauthn:extension:minPinLength: true, webauthn:extension:prf: true, webauthn:virtualAuthenticators: true}" type="org.openqa.selenium.NoSuchSessionException"><![CDATA[org.openqa.selenium.NoSuchSessionException: 
Session ID is null. Using WebDriver after calling quit()?
Build info: version: '4.22.0', revision: 'c5f3146703*'
System info: os.name: 'Windows 10', os.arch: 'amd64', os.version: '10.0', java.version: '15.0.2'
Driver info: org.openqa.selenium.chrome.ChromeDriver
Command: [null, get {url=https://d1msv2sqknn4w4.cloudfront.net}]
Capabilities {acceptInsecureCerts: false, browserName: chrome, browserVersion: 126.0.6478.57, chrome: {chromedriverVersion: 126.0.6478.126 (d36ace6122e..., userDataDir: C:\Users\KAJALS~1\AppData\L...}, fedcm:accounts: true, goog:chromeOptions: {debuggerAddress: localhost:51445}, networkConnectionEnabled: false, pageLoadStrategy: normal, platformName: windows, proxy: Proxy(), se:cdp: ws://localhost:51445/devtoo..., se:cdpVersion: 126.0.6478.57, setWindowRect: true, strictFileInteractability: false, timeouts: {implicit: 0, pageLoad: 300000, script: 30000}, unhandledPromptBehavior: dismiss and notify, webauthn:extension:credBlob: true, webauthn:extension:largeBlob: true, webauthn:extension:minPinLength: true, webauthn:extension:prf: true, webauthn:virtualAuthenticators: true}
	at zapcg.Capillary.LoginTestCases.Login_Valid_TestCases.initialize(Login_Valid_TestCases.java:28)
]]></failure>
    <system-err><![CDATA[Error initializing WebDriver: Could not start a new session. Response code 500. Message: Process unexpectedly closed with status 0 
Host info: host: 'ZCBLRLP0293', ip: '192.168.0.105'
Build info: version: '4.22.0', revision: 'c5f3146703*'
System info: os.name: 'Windows 10', os.arch: 'amd64', os.version: '10.0', java.version: '15.0.2'
Driver info: org.openqa.selenium.firefox.FirefoxDriver
Command: [null, newSession {capabilities=[Capabilities {acceptInsecureCerts: true, browserName: firefox, moz:debuggerAddress: true, moz:firefoxOptions: {prefs: {remote.active-protocols: 3}}}]}]
]]></system-err>
  </testcase>
  <testcase name="tearDown" classname="zapcg.Capillary.LoginTestCases.Login_Valid_TestCases" time="0">
    <skipped/>
    <system-out><![CDATA[The name of the testcase Skipped is : testValidLogin_TestCase1
]]></system-out>
  </testcase>
  <testcase name="verifyMemberDetailsNavigationFromMeberLookupScreen" classname="zapcg.Capillary.MemberDetailsTestCases.memberDetails_TestCases" time="1.593">
    <system-out><![CDATA[The name of the testcase passed is : testValidLogin_TestCase1
Test execution completed on ChromeDriver with device: Tablet Portrait
 Test case started: verifyMemberDetailsNavigationFromMeberLookupScreen
Successfully navigated to the MemberDetails screen
]]></system-out>
  </testcase>
  <testcase name="verifyMemberDetailsNavigationFromMeberLookupScreen" classname="zapcg.Capillary.MemberDetailsTestCases.memberDetails_TestCases" time="1.259">
    <system-out><![CDATA[The name of the testcase passed is : testValidLogin_TestCase1
Test execution completed on ChromeDriver with device: Tablet Landscape
 Test case started: verifyMemberDetailsNavigationFromMeberLookupScreen
Successfully navigated to the MemberDetails screen
]]></system-out>
  </testcase>
  <testcase name="verifyMemberDetailsNavigationFromMeberLookupScreen" classname="zapcg.Capillary.MemberDetailsTestCases.memberDetails_TestCases" time="1.558">
    <system-out><![CDATA[The name of the testcase passed is : testValidLogin_TestCase1
Test execution completed on ChromeDriver with device: iPhone 11 Pro Portrait
 Test case started: verifyMemberDetailsNavigationFromMeberLookupScreen
Successfully navigated to the MemberDetails screen
]]></system-out>
  </testcase>
  <testcase name="verifyMemberDetailsNavigationFromMeberLookupScreen" classname="zapcg.Capillary.MemberDetailsTestCases.memberDetails_TestCases" time="1.564">
    <system-out><![CDATA[The name of the testcase passed is : testValidLogin_TestCase1
Test execution completed on ChromeDriver with device: iPhone 11 Pro Landscape
 Test case started: verifyMemberDetailsNavigationFromMeberLookupScreen
Successfully navigated to the MemberDetails screen
]]></system-out>
  </testcase>
  <testcase name="verifyMemberDetailsNavigationFromMeberLookupScreen" classname="zapcg.Capillary.MemberDetailsTestCases.memberDetails_TestCases" time="0">
    <skipped message="no such element: Unable to locate element: {&quot;method&quot;:&quot;css selector&quot;,&quot;selector&quot;:&quot;#MS016IN&quot;}&#10;  (Session info: chrome=126.0.6478.57)&#10;For documentation on this error, please visit: https://www.selenium.dev/documentation/webdriver/troubleshooting/errors#no-such-element-exception&#10;Build info: version: &apos;4.22.0&apos;, revision: &apos;c5f3146703*&apos;&#10;System info: os.name: &apos;Windows 10&apos;, os.arch: &apos;amd64&apos;, os.version: &apos;10.0&apos;, java.version: &apos;15.0.2&apos;&#10;Driver info: org.openqa.selenium.chrome.ChromeDriver&#10;Command: [adf3b4d4a6156349526db4852671fafc, findElement {value=MS016IN, using=id}]&#10;Capabilities {acceptInsecureCerts: false, browserName: chrome, browserVersion: 126.0.6478.57, chrome: {chromedriverVersion: 126.0.6478.126 (d36ace6122e..., userDataDir: C:\Users\KAJALS~1\AppData\L...}, fedcm:accounts: true, goog:chromeOptions: {debuggerAddress: localhost:65097}, networkConnectionEnabled: false, pageLoadStrategy: normal, platformName: windows, proxy: Proxy(), se:cdp: ws://localhost:65097/devtoo..., se:cdpVersion: 126.0.6478.57, setWindowRect: true, strictFileInteractability: false, timeouts: {implicit: 0, pageLoad: 300000, script: 30000}, unhandledPromptBehavior: dismiss and notify, webauthn:extension:credBlob: true, webauthn:extension:largeBlob: true, webauthn:extension:minPinLength: true, webauthn:extension:prf: true, webauthn:virtualAuthenticators: true}&#10;Session ID: adf3b4d4a6156349526db4852671fafc"/>
    <system-out><![CDATA[ Test case started: verifyMemberDetailsNavigationFromMeberLookupScreen
]]></system-out>
  </testcase>
  <testcase name="verifyMemberDetailsNavigationFromMeberLookupScreen" classname="zapcg.Capillary.MemberDetailsTestCases.memberDetails_TestCases" time="1.608">
    <system-out><![CDATA[The name of the testcase passed is : testValidLogin_TestCase1
Test execution completed on ChromeDriver with device: Galaxy S20 Landscape
 Test case started: verifyMemberDetailsNavigationFromMeberLookupScreen
Successfully navigated to the MemberDetails screen
]]></system-out>
  </testcase>
  <testcase name="verifyMemberDetailsNavigationFromMeberLookupScreen" classname="zapcg.Capillary.MemberDetailsTestCases.memberDetails_TestCases" time="0">
    <skipped message="Session ID is null. Using WebDriver after calling quit()?&#10;Build info: version: &apos;4.22.0&apos;, revision: &apos;c5f3146703*&apos;&#10;System info: os.name: &apos;Windows 10&apos;, os.arch: &apos;amd64&apos;, os.version: &apos;10.0&apos;, java.version: &apos;15.0.2&apos;&#10;Driver info: org.openqa.selenium.firefox.FirefoxDriver&#10;Command: [null, get {url=https://d1msv2sqknn4w4.cloudfront.net}]&#10;Capabilities {acceptInsecureCerts: true, browserName: firefox, browserVersion: 128.0, moz:accessibilityChecks: false, moz:buildID: 20240626091446, moz:debuggerAddress: 127.0.0.1:41435, moz:geckodriverVersion: 0.34.0, moz:headless: false, moz:platformVersion: 10.0, moz:processID: 47624, moz:profile: C:\Users\KAJALS~1\AppData\L..., moz:shutdownTimeout: 60000, moz:webdriverClick: true, moz:windowless: false, pageLoadStrategy: normal, platformName: windows, proxy: Proxy(), se:cdp: ws://127.0.0.1:41435/devtoo..., se:cdpVersion: 85.0, setWindowRect: true, strictFileInteractability: false, timeouts: {implicit: 0, pageLoad: 300000, script: 30000}, unhandledPromptBehavior: dismiss and notify, userAgent: Mozilla/5.0 (Windows NT 10....}"/>
    <system-out><![CDATA[ Test case started: verifyMemberDetailsNavigationFromMeberLookupScreen
]]></system-out>
  </testcase>
  <testcase name="verifyMemberDetailsNavigationFromMeberLookupScreen" classname="zapcg.Capillary.MemberDetailsTestCases.memberDetails_TestCases" time="1.338">
    <system-out><![CDATA[The name of the testcase passed is : testValidLogin_TestCase1
Test execution completed on FirefoxDriver with device: Tablet Landscape
 Test case started: verifyMemberDetailsNavigationFromMeberLookupScreen
Successfully navigated to the MemberDetails screen
]]></system-out>
    <system-err><![CDATA[Error closing WebDriver session: Tried to run command without establishing a connection
Build info: version: '4.22.0', revision: 'c5f3146703*'
System info: os.name: 'Windows 10', os.arch: 'amd64', os.version: '10.0', java.version: '15.0.2'
Driver info: org.openqa.selenium.firefox.FirefoxDriver
Command: [efa8955a-6f4b-47b8-89ed-4d3c8873c8ba, quit {}]
Capabilities {acceptInsecureCerts: true, browserName: firefox, browserVersion: 128.0, moz:accessibilityChecks: false, moz:buildID: 20240628091536, moz:debuggerAddress: 127.0.0.1:44554, moz:geckodriverVersion: 0.34.0, moz:headless: false, moz:platformVersion: 10.0, moz:processID: 24288, moz:profile: C:\Users\KAJALS~1\AppData\L..., moz:shutdownTimeout: 60000, moz:webdriverClick: true, moz:windowless: false, pageLoadStrategy: normal, platformName: windows, proxy: Proxy(), se:cdp: ws://127.0.0.1:44554/devtoo..., se:cdpVersion: 85.0, setWindowRect: true, strictFileInteractability: false, timeouts: {implicit: 0, pageLoad: 300000, script: 30000}, unhandledPromptBehavior: dismiss and notify, userAgent: Mozilla/5.0 (Windows NT 10....}
Session ID: efa8955a-6f4b-47b8-89ed-4d3c8873c8ba
]]></system-err>
  </testcase>
  <testcase name="verifyMemberDetailsNavigationFromMeberLookupScreen" classname="zapcg.Capillary.MemberDetailsTestCases.memberDetails_TestCases" time="0">
    <skipped message="Unable to locate element: #MS016IN&#10;For documentation on this error, please visit: https://www.selenium.dev/documentation/webdriver/troubleshooting/errors#no-such-element-exception&#10;Build info: version: &apos;4.22.0&apos;, revision: &apos;c5f3146703*&apos;&#10;System info: os.name: &apos;Windows 10&apos;, os.arch: &apos;amd64&apos;, os.version: &apos;10.0&apos;, java.version: &apos;15.0.2&apos;&#10;Driver info: org.openqa.selenium.firefox.FirefoxDriver&#10;Command: [3fbffb82-2e03-4e1b-a54d-6faf0c25ffe9, findElement {value=MS016IN, using=id}]&#10;Capabilities {acceptInsecureCerts: true, browserName: firefox, browserVersion: 128.0, moz:accessibilityChecks: false, moz:buildID: 20240628091536, moz:debuggerAddress: 127.0.0.1:35066, moz:geckodriverVersion: 0.34.0, moz:headless: false, moz:platformVersion: 10.0, moz:processID: 22092, moz:profile: C:\Users\KAJALS~1\AppData\L..., moz:shutdownTimeout: 60000, moz:webdriverClick: true, moz:windowless: false, pageLoadStrategy: normal, platformName: windows, proxy: Proxy(), se:cdp: ws://127.0.0.1:35066/devtoo..., se:cdpVersion: 85.0, setWindowRect: true, strictFileInteractability: false, timeouts: {implicit: 0, pageLoad: 300000, script: 30000}, unhandledPromptBehavior: dismiss and notify, userAgent: Mozilla/5.0 (Windows NT 10....}&#10;Session ID: 3fbffb82-2e03-4e1b-a54d-6faf0c25ffe9"/>
    <system-out><![CDATA[ Test case started: verifyMemberDetailsNavigationFromMeberLookupScreen
]]></system-out>
  </testcase>
  <testcase name="verifyMemberDetailsNavigationFromMeberLookupScreen" classname="zapcg.Capillary.MemberDetailsTestCases.memberDetails_TestCases" time="0">
    <skipped message="Unable to locate element: #MS016IN&#10;For documentation on this error, please visit: https://www.selenium.dev/documentation/webdriver/troubleshooting/errors#no-such-element-exception&#10;Build info: version: &apos;4.22.0&apos;, revision: &apos;c5f3146703*&apos;&#10;System info: os.name: &apos;Windows 10&apos;, os.arch: &apos;amd64&apos;, os.version: &apos;10.0&apos;, java.version: &apos;15.0.2&apos;&#10;Driver info: org.openqa.selenium.firefox.FirefoxDriver&#10;Command: [51eb54fa-c878-4790-9865-4906cec5a603, findElement {value=MS016IN, using=id}]&#10;Capabilities {acceptInsecureCerts: true, browserName: firefox, browserVersion: 128.0, moz:accessibilityChecks: false, moz:buildID: 20240628091536, moz:debuggerAddress: 127.0.0.1:18237, moz:geckodriverVersion: 0.34.0, moz:headless: false, moz:platformVersion: 10.0, moz:processID: 55904, moz:profile: C:\Users\KAJALS~1\AppData\L..., moz:shutdownTimeout: 60000, moz:webdriverClick: true, moz:windowless: false, pageLoadStrategy: normal, platformName: windows, proxy: Proxy(), se:cdp: ws://127.0.0.1:18237/devtoo..., se:cdpVersion: 85.0, setWindowRect: true, strictFileInteractability: false, timeouts: {implicit: 0, pageLoad: 300000, script: 30000}, unhandledPromptBehavior: dismiss and notify, userAgent: Mozilla/5.0 (Windows NT 10....}&#10;Session ID: 51eb54fa-c878-4790-9865-4906cec5a603"/>
    <system-out><![CDATA[ Test case started: verifyMemberDetailsNavigationFromMeberLookupScreen
]]></system-out>
  </testcase>
  <testcase name="verifyMemberDetailsNavigationFromMeberLookupScreen" classname="zapcg.Capillary.MemberDetailsTestCases.memberDetails_TestCases" time="0">
    <skipped message="Unable to locate element: #MS016IN&#10;For documentation on this error, please visit: https://www.selenium.dev/documentation/webdriver/troubleshooting/errors#no-such-element-exception&#10;Build info: version: &apos;4.22.0&apos;, revision: &apos;c5f3146703*&apos;&#10;System info: os.name: &apos;Windows 10&apos;, os.arch: &apos;amd64&apos;, os.version: &apos;10.0&apos;, java.version: &apos;15.0.2&apos;&#10;Driver info: org.openqa.selenium.firefox.FirefoxDriver&#10;Command: [c027d3e6-0b97-4033-acc4-8e3fb0063a8a, findElement {value=MS016IN, using=id}]&#10;Capabilities {acceptInsecureCerts: true, browserName: firefox, browserVersion: 128.0, moz:accessibilityChecks: false, moz:buildID: 20240628091536, moz:debuggerAddress: 127.0.0.1:9955, moz:geckodriverVersion: 0.34.0, moz:headless: false, moz:platformVersion: 10.0, moz:processID: 47260, moz:profile: C:\Users\KAJALS~1\AppData\L..., moz:shutdownTimeout: 60000, moz:webdriverClick: true, moz:windowless: false, pageLoadStrategy: normal, platformName: windows, proxy: Proxy(), se:cdp: ws://127.0.0.1:9955/devtool..., se:cdpVersion: 85.0, setWindowRect: true, strictFileInteractability: false, timeouts: {implicit: 0, pageLoad: 300000, script: 30000}, unhandledPromptBehavior: dismiss and notify, userAgent: Mozilla/5.0 (Windows NT 10....}&#10;Session ID: c027d3e6-0b97-4033-acc4-8e3fb0063a8a"/>
    <system-out><![CDATA[ Test case started: verifyMemberDetailsNavigationFromMeberLookupScreen
]]></system-out>
  </testcase>
  <testcase name="verifyMemberDetailsNavigationFromMeberLookupScreen" classname="zapcg.Capillary.MemberDetailsTestCases.memberDetails_TestCases" time="0">
    <skipped message="Unable to locate element: #MS016IN&#10;For documentation on this error, please visit: https://www.selenium.dev/documentation/webdriver/troubleshooting/errors#no-such-element-exception&#10;Build info: version: &apos;4.22.0&apos;, revision: &apos;c5f3146703*&apos;&#10;System info: os.name: &apos;Windows 10&apos;, os.arch: &apos;amd64&apos;, os.version: &apos;10.0&apos;, java.version: &apos;15.0.2&apos;&#10;Driver info: org.openqa.selenium.firefox.FirefoxDriver&#10;Command: [1ecd646d-f0d3-4c20-96fb-7f66f5cb5809, findElement {value=MS016IN, using=id}]&#10;Capabilities {acceptInsecureCerts: true, browserName: firefox, browserVersion: 128.0, moz:accessibilityChecks: false, moz:buildID: 20240628091536, moz:debuggerAddress: 127.0.0.1:39132, moz:geckodriverVersion: 0.34.0, moz:headless: false, moz:platformVersion: 10.0, moz:processID: 50892, moz:profile: C:\Users\KAJALS~1\AppData\L..., moz:shutdownTimeout: 60000, moz:webdriverClick: true, moz:windowless: false, pageLoadStrategy: normal, platformName: windows, proxy: Proxy(), se:cdp: ws://127.0.0.1:39132/devtoo..., se:cdpVersion: 85.0, setWindowRect: true, strictFileInteractability: false, timeouts: {implicit: 0, pageLoad: 300000, script: 30000}, unhandledPromptBehavior: dismiss and notify, userAgent: Mozilla/5.0 (Windows NT 10....}&#10;Session ID: 1ecd646d-f0d3-4c20-96fb-7f66f5cb5809"/>
    <system-out><![CDATA[ Test case started: verifyMemberDetailsNavigationFromMeberLookupScreen
]]></system-out>
  </testcase>
  <testcase name="verifyMemberDetailsDisplaying" classname="zapcg.Capillary.MemberDetailsTestCases.memberDetails_TestCases" time="1.699">
    <system-out><![CDATA[The name of the testcase passed is : testInvalidUsername_TestCase2
Test execution completed on ChromeDriver with device: Tablet Portrait
 Test case started: verifyMemberDetailsDisplaying
Member details are displaying
]]></system-out>
  </testcase>
  <testcase name="verifyMemberDetailsDisplaying" classname="zapcg.Capillary.MemberDetailsTestCases.memberDetails_TestCases" time="1.593">
    <system-out><![CDATA[The name of the testcase passed is : testInvalidUsername_TestCase2
Test execution completed on ChromeDriver with device: Tablet Landscape
 Test case started: verifyMemberDetailsDisplaying
Member details are displaying
]]></system-out>
  </testcase>
  <testcase name="verifyMemberDetailsDisplaying" classname="zapcg.Capillary.MemberDetailsTestCases.memberDetails_TestCases" time="1.18">
    <system-out><![CDATA[The name of the testcase passed is : testInvalidUsername_TestCase2
Test execution completed on ChromeDriver with device: iPhone 11 Pro Portrait
 Test case started: verifyMemberDetailsDisplaying
Member details are displaying
]]></system-out>
  </testcase>
  <testcase name="verifyMemberDetailsDisplaying" classname="zapcg.Capillary.MemberDetailsTestCases.memberDetails_TestCases" time="1.581">
    <system-out><![CDATA[The name of the testcase passed is : testInvalidUsername_TestCase2
Test execution completed on ChromeDriver with device: iPhone 11 Pro Landscape
 Test case started: verifyMemberDetailsDisplaying
Member details are displaying
]]></system-out>
  </testcase>
  <testcase name="verifyMemberDetailsDisplaying" classname="zapcg.Capillary.MemberDetailsTestCases.memberDetails_TestCases" time="0">
    <skipped message="no such element: Unable to locate element: {&quot;method&quot;:&quot;css selector&quot;,&quot;selector&quot;:&quot;#MS016IN&quot;}&#10;  (Session info: chrome=126.0.6478.57)&#10;For documentation on this error, please visit: https://www.selenium.dev/documentation/webdriver/troubleshooting/errors#no-such-element-exception&#10;Build info: version: &apos;4.22.0&apos;, revision: &apos;c5f3146703*&apos;&#10;System info: os.name: &apos;Windows 10&apos;, os.arch: &apos;amd64&apos;, os.version: &apos;10.0&apos;, java.version: &apos;15.0.2&apos;&#10;Driver info: org.openqa.selenium.chrome.ChromeDriver&#10;Command: [adf3b4d4a6156349526db4852671fafc, findElement {value=MS016IN, using=id}]&#10;Capabilities {acceptInsecureCerts: false, browserName: chrome, browserVersion: 126.0.6478.57, chrome: {chromedriverVersion: 126.0.6478.126 (d36ace6122e..., userDataDir: C:\Users\KAJALS~1\AppData\L...}, fedcm:accounts: true, goog:chromeOptions: {debuggerAddress: localhost:65097}, networkConnectionEnabled: false, pageLoadStrategy: normal, platformName: windows, proxy: Proxy(), se:cdp: ws://localhost:65097/devtoo..., se:cdpVersion: 126.0.6478.57, setWindowRect: true, strictFileInteractability: false, timeouts: {implicit: 0, pageLoad: 300000, script: 30000}, unhandledPromptBehavior: dismiss and notify, webauthn:extension:credBlob: true, webauthn:extension:largeBlob: true, webauthn:extension:minPinLength: true, webauthn:extension:prf: true, webauthn:virtualAuthenticators: true}&#10;Session ID: adf3b4d4a6156349526db4852671fafc"/>
    <system-out><![CDATA[ Test case started: verifyMemberDetailsDisplaying
]]></system-out>
  </testcase>
  <testcase name="verifyMemberDetailsDisplaying" classname="zapcg.Capillary.MemberDetailsTestCases.memberDetails_TestCases" time="1.622">
    <system-out><![CDATA[The name of the testcase passed is : testInvalidUsername_TestCase2
Test execution completed on ChromeDriver with device: Galaxy S20 Landscape
 Test case started: verifyMemberDetailsDisplaying
Member details are displaying
]]></system-out>
  </testcase>
  <testcase name="verifyMemberDetailsDisplaying" classname="zapcg.Capillary.MemberDetailsTestCases.memberDetails_TestCases" time="0">
    <skipped message="Session ID is null. Using WebDriver after calling quit()?&#10;Build info: version: &apos;4.22.0&apos;, revision: &apos;c5f3146703*&apos;&#10;System info: os.name: &apos;Windows 10&apos;, os.arch: &apos;amd64&apos;, os.version: &apos;10.0&apos;, java.version: &apos;15.0.2&apos;&#10;Driver info: org.openqa.selenium.firefox.FirefoxDriver&#10;Command: [null, get {url=https://d1msv2sqknn4w4.cloudfront.net}]&#10;Capabilities {acceptInsecureCerts: true, browserName: firefox, browserVersion: 128.0, moz:accessibilityChecks: false, moz:buildID: 20240626091446, moz:debuggerAddress: 127.0.0.1:41435, moz:geckodriverVersion: 0.34.0, moz:headless: false, moz:platformVersion: 10.0, moz:processID: 47624, moz:profile: C:\Users\KAJALS~1\AppData\L..., moz:shutdownTimeout: 60000, moz:webdriverClick: true, moz:windowless: false, pageLoadStrategy: normal, platformName: windows, proxy: Proxy(), se:cdp: ws://127.0.0.1:41435/devtoo..., se:cdpVersion: 85.0, setWindowRect: true, strictFileInteractability: false, timeouts: {implicit: 0, pageLoad: 300000, script: 30000}, unhandledPromptBehavior: dismiss and notify, userAgent: Mozilla/5.0 (Windows NT 10....}"/>
    <system-out><![CDATA[ Test case started: verifyMemberDetailsDisplaying
]]></system-out>
  </testcase>
  <testcase name="verifyMemberDetailsDisplaying" classname="zapcg.Capillary.MemberDetailsTestCases.memberDetails_TestCases" time="1.329">
    <system-out><![CDATA[The name of the testcase passed is : testInvalidUsername_TestCase2
Test execution completed on FirefoxDriver with device: Tablet Landscape
 Test case started: verifyMemberDetailsDisplaying
Member details are displaying
]]></system-out>
  </testcase>
  <testcase name="verifyMemberDetailsDisplaying" classname="zapcg.Capillary.MemberDetailsTestCases.memberDetails_TestCases" time="0">
    <skipped message="Unable to locate element: #MS016IN&#10;For documentation on this error, please visit: https://www.selenium.dev/documentation/webdriver/troubleshooting/errors#no-such-element-exception&#10;Build info: version: &apos;4.22.0&apos;, revision: &apos;c5f3146703*&apos;&#10;System info: os.name: &apos;Windows 10&apos;, os.arch: &apos;amd64&apos;, os.version: &apos;10.0&apos;, java.version: &apos;15.0.2&apos;&#10;Driver info: org.openqa.selenium.firefox.FirefoxDriver&#10;Command: [3fbffb82-2e03-4e1b-a54d-6faf0c25ffe9, findElement {value=MS016IN, using=id}]&#10;Capabilities {acceptInsecureCerts: true, browserName: firefox, browserVersion: 128.0, moz:accessibilityChecks: false, moz:buildID: 20240628091536, moz:debuggerAddress: 127.0.0.1:35066, moz:geckodriverVersion: 0.34.0, moz:headless: false, moz:platformVersion: 10.0, moz:processID: 22092, moz:profile: C:\Users\KAJALS~1\AppData\L..., moz:shutdownTimeout: 60000, moz:webdriverClick: true, moz:windowless: false, pageLoadStrategy: normal, platformName: windows, proxy: Proxy(), se:cdp: ws://127.0.0.1:35066/devtoo..., se:cdpVersion: 85.0, setWindowRect: true, strictFileInteractability: false, timeouts: {implicit: 0, pageLoad: 300000, script: 30000}, unhandledPromptBehavior: dismiss and notify, userAgent: Mozilla/5.0 (Windows NT 10....}&#10;Session ID: 3fbffb82-2e03-4e1b-a54d-6faf0c25ffe9"/>
    <system-out><![CDATA[ Test case started: verifyMemberDetailsDisplaying
]]></system-out>
  </testcase>
  <testcase name="verifyMemberDetailsDisplaying" classname="zapcg.Capillary.MemberDetailsTestCases.memberDetails_TestCases" time="0">
    <skipped message="Unable to locate element: #MS016IN&#10;For documentation on this error, please visit: https://www.selenium.dev/documentation/webdriver/troubleshooting/errors#no-such-element-exception&#10;Build info: version: &apos;4.22.0&apos;, revision: &apos;c5f3146703*&apos;&#10;System info: os.name: &apos;Windows 10&apos;, os.arch: &apos;amd64&apos;, os.version: &apos;10.0&apos;, java.version: &apos;15.0.2&apos;&#10;Driver info: org.openqa.selenium.firefox.FirefoxDriver&#10;Command: [51eb54fa-c878-4790-9865-4906cec5a603, findElement {value=MS016IN, using=id}]&#10;Capabilities {acceptInsecureCerts: true, browserName: firefox, browserVersion: 128.0, moz:accessibilityChecks: false, moz:buildID: 20240628091536, moz:debuggerAddress: 127.0.0.1:18237, moz:geckodriverVersion: 0.34.0, moz:headless: false, moz:platformVersion: 10.0, moz:processID: 55904, moz:profile: C:\Users\KAJALS~1\AppData\L..., moz:shutdownTimeout: 60000, moz:webdriverClick: true, moz:windowless: false, pageLoadStrategy: normal, platformName: windows, proxy: Proxy(), se:cdp: ws://127.0.0.1:18237/devtoo..., se:cdpVersion: 85.0, setWindowRect: true, strictFileInteractability: false, timeouts: {implicit: 0, pageLoad: 300000, script: 30000}, unhandledPromptBehavior: dismiss and notify, userAgent: Mozilla/5.0 (Windows NT 10....}&#10;Session ID: 51eb54fa-c878-4790-9865-4906cec5a603"/>
    <system-out><![CDATA[ Test case started: verifyMemberDetailsDisplaying
]]></system-out>
  </testcase>
  <testcase name="verifyMemberDetailsDisplaying" classname="zapcg.Capillary.MemberDetailsTestCases.memberDetails_TestCases" time="0">
    <skipped message="Unable to locate element: #MS016IN&#10;For documentation on this error, please visit: https://www.selenium.dev/documentation/webdriver/troubleshooting/errors#no-such-element-exception&#10;Build info: version: &apos;4.22.0&apos;, revision: &apos;c5f3146703*&apos;&#10;System info: os.name: &apos;Windows 10&apos;, os.arch: &apos;amd64&apos;, os.version: &apos;10.0&apos;, java.version: &apos;15.0.2&apos;&#10;Driver info: org.openqa.selenium.firefox.FirefoxDriver&#10;Command: [c027d3e6-0b97-4033-acc4-8e3fb0063a8a, findElement {value=MS016IN, using=id}]&#10;Capabilities {acceptInsecureCerts: true, browserName: firefox, browserVersion: 128.0, moz:accessibilityChecks: false, moz:buildID: 20240628091536, moz:debuggerAddress: 127.0.0.1:9955, moz:geckodriverVersion: 0.34.0, moz:headless: false, moz:platformVersion: 10.0, moz:processID: 47260, moz:profile: C:\Users\KAJALS~1\AppData\L..., moz:shutdownTimeout: 60000, moz:webdriverClick: true, moz:windowless: false, pageLoadStrategy: normal, platformName: windows, proxy: Proxy(), se:cdp: ws://127.0.0.1:9955/devtool..., se:cdpVersion: 85.0, setWindowRect: true, strictFileInteractability: false, timeouts: {implicit: 0, pageLoad: 300000, script: 30000}, unhandledPromptBehavior: dismiss and notify, userAgent: Mozilla/5.0 (Windows NT 10....}&#10;Session ID: c027d3e6-0b97-4033-acc4-8e3fb0063a8a"/>
    <system-out><![CDATA[ Test case started: verifyMemberDetailsDisplaying
]]></system-out>
  </testcase>
  <testcase name="verifyMemberDetailsDisplaying" classname="zapcg.Capillary.MemberDetailsTestCases.memberDetails_TestCases" time="0">
    <skipped message="Unable to locate element: #MS016IN&#10;For documentation on this error, please visit: https://www.selenium.dev/documentation/webdriver/troubleshooting/errors#no-such-element-exception&#10;Build info: version: &apos;4.22.0&apos;, revision: &apos;c5f3146703*&apos;&#10;System info: os.name: &apos;Windows 10&apos;, os.arch: &apos;amd64&apos;, os.version: &apos;10.0&apos;, java.version: &apos;15.0.2&apos;&#10;Driver info: org.openqa.selenium.firefox.FirefoxDriver&#10;Command: [1ecd646d-f0d3-4c20-96fb-7f66f5cb5809, findElement {value=MS016IN, using=id}]&#10;Capabilities {acceptInsecureCerts: true, browserName: firefox, browserVersion: 128.0, moz:accessibilityChecks: false, moz:buildID: 20240628091536, moz:debuggerAddress: 127.0.0.1:39132, moz:geckodriverVersion: 0.34.0, moz:headless: false, moz:platformVersion: 10.0, moz:processID: 50892, moz:profile: C:\Users\KAJALS~1\AppData\L..., moz:shutdownTimeout: 60000, moz:webdriverClick: true, moz:windowless: false, pageLoadStrategy: normal, platformName: windows, proxy: Proxy(), se:cdp: ws://127.0.0.1:39132/devtoo..., se:cdpVersion: 85.0, setWindowRect: true, strictFileInteractability: false, timeouts: {implicit: 0, pageLoad: 300000, script: 30000}, unhandledPromptBehavior: dismiss and notify, userAgent: Mozilla/5.0 (Windows NT 10....}&#10;Session ID: 1ecd646d-f0d3-4c20-96fb-7f66f5cb5809"/>
    <system-out><![CDATA[ Test case started: verifyMemberDetailsDisplaying
]]></system-out>
  </testcase>
  <testcase name="verifyMemberDetailsContentDisplaying" classname="zapcg.Capillary.MemberDetailsTestCases.memberDetails_TestCases" time="1.741">
    <system-out><![CDATA[The name of the testcase passed is : testInvalidPassword_TestCase3
Test execution completed on ChromeDriver with device: Tablet Portrait
 Test case started: verifyMemberDetailsContentDisplaying
Member details are displaying.
Member Name: Akasaka Sawyer
Available Points: 6 Valid Points
Membership ID: Current Tier: Silver | Membership ID: 575075079
Points Expiry Date: 6 Points Expire on 2026/06/30
]]></system-out>
  </testcase>
  <testcase name="verifyMemberDetailsContentDisplaying" classname="zapcg.Capillary.MemberDetailsTestCases.memberDetails_TestCases" time="1.729">
    <system-out><![CDATA[The name of the testcase passed is : testInvalidPassword_TestCase3
Test execution completed on ChromeDriver with device: Tablet Landscape
 Test case started: verifyMemberDetailsContentDisplaying
Member details are displaying.
Member Name: Akasaka Sawyer
Available Points: 5 Valid Points
Membership ID: Current Tier: Silver | Membership ID: 575075079
Points Expiry Date: 5 Points Expire on 2026/06/30
]]></system-out>
  </testcase>
  <testcase name="verifyMemberDetailsContentDisplaying" classname="zapcg.Capillary.MemberDetailsTestCases.memberDetails_TestCases" time="1.702">
    <system-out><![CDATA[The name of the testcase passed is : testInvalidPassword_TestCase3
Test execution completed on ChromeDriver with device: iPhone 11 Pro Portrait
 Test case started: verifyMemberDetailsContentDisplaying
Member details are displaying.
Member Name: Akasaka Sawyer
Available Points: 4 Valid Points
Membership ID: Current Tier: Silver | Membership ID: 575075079
Points Expiry Date: 4 Points Expire on 2026/06/30
]]></system-out>
  </testcase>
  <testcase name="verifyMemberDetailsContentDisplaying" classname="zapcg.Capillary.MemberDetailsTestCases.memberDetails_TestCases" time="1.857">
    <system-out><![CDATA[The name of the testcase passed is : testInvalidPassword_TestCase3
Test execution completed on ChromeDriver with device: iPhone 11 Pro Landscape
 Test case started: verifyMemberDetailsContentDisplaying
Member details are displaying.
Member Name: Akasaka Sawyer
Available Points: 3 Valid Points
Membership ID: Current Tier: Silver | Membership ID: 575075079
Points Expiry Date: 3 Points Expire on 2026/06/30
]]></system-out>
  </testcase>
  <testcase name="verifyMemberDetailsContentDisplaying" classname="zapcg.Capillary.MemberDetailsTestCases.memberDetails_TestCases" time="0">
    <skipped message="no such element: Unable to locate element: {&quot;method&quot;:&quot;css selector&quot;,&quot;selector&quot;:&quot;#MS016IN&quot;}&#10;  (Session info: chrome=126.0.6478.57)&#10;For documentation on this error, please visit: https://www.selenium.dev/documentation/webdriver/troubleshooting/errors#no-such-element-exception&#10;Build info: version: &apos;4.22.0&apos;, revision: &apos;c5f3146703*&apos;&#10;System info: os.name: &apos;Windows 10&apos;, os.arch: &apos;amd64&apos;, os.version: &apos;10.0&apos;, java.version: &apos;15.0.2&apos;&#10;Driver info: org.openqa.selenium.chrome.ChromeDriver&#10;Command: [adf3b4d4a6156349526db4852671fafc, findElement {value=MS016IN, using=id}]&#10;Capabilities {acceptInsecureCerts: false, browserName: chrome, browserVersion: 126.0.6478.57, chrome: {chromedriverVersion: 126.0.6478.126 (d36ace6122e..., userDataDir: C:\Users\KAJALS~1\AppData\L...}, fedcm:accounts: true, goog:chromeOptions: {debuggerAddress: localhost:65097}, networkConnectionEnabled: false, pageLoadStrategy: normal, platformName: windows, proxy: Proxy(), se:cdp: ws://localhost:65097/devtoo..., se:cdpVersion: 126.0.6478.57, setWindowRect: true, strictFileInteractability: false, timeouts: {implicit: 0, pageLoad: 300000, script: 30000}, unhandledPromptBehavior: dismiss and notify, webauthn:extension:credBlob: true, webauthn:extension:largeBlob: true, webauthn:extension:minPinLength: true, webauthn:extension:prf: true, webauthn:virtualAuthenticators: true}&#10;Session ID: adf3b4d4a6156349526db4852671fafc"/>
    <system-out><![CDATA[ Test case started: verifyMemberDetailsContentDisplaying
]]></system-out>
  </testcase>
  <testcase name="verifyMemberDetailsContentDisplaying" classname="zapcg.Capillary.MemberDetailsTestCases.memberDetails_TestCases" time="1.849">
    <system-out><![CDATA[The name of the testcase passed is : testInvalidPassword_TestCase3
Test execution completed on ChromeDriver with device: Galaxy S20 Landscape
 Test case started: verifyMemberDetailsContentDisplaying
Member details are displaying.
Member Name: Akasaka Sawyer
Available Points: 3 Valid Points
Membership ID: Current Tier: Silver | Membership ID: 575075079
Points Expiry Date: 3 Points Expire on 2026/06/30
]]></system-out>
  </testcase>
  <testcase name="verifyMemberDetailsContentDisplaying" classname="zapcg.Capillary.MemberDetailsTestCases.memberDetails_TestCases" time="0">
    <skipped message="Session ID is null. Using WebDriver after calling quit()?&#10;Build info: version: &apos;4.22.0&apos;, revision: &apos;c5f3146703*&apos;&#10;System info: os.name: &apos;Windows 10&apos;, os.arch: &apos;amd64&apos;, os.version: &apos;10.0&apos;, java.version: &apos;15.0.2&apos;&#10;Driver info: org.openqa.selenium.firefox.FirefoxDriver&#10;Command: [null, get {url=https://d1msv2sqknn4w4.cloudfront.net}]&#10;Capabilities {acceptInsecureCerts: true, browserName: firefox, browserVersion: 128.0, moz:accessibilityChecks: false, moz:buildID: 20240626091446, moz:debuggerAddress: 127.0.0.1:41435, moz:geckodriverVersion: 0.34.0, moz:headless: false, moz:platformVersion: 10.0, moz:processID: 47624, moz:profile: C:\Users\KAJALS~1\AppData\L..., moz:shutdownTimeout: 60000, moz:webdriverClick: true, moz:windowless: false, pageLoadStrategy: normal, platformName: windows, proxy: Proxy(), se:cdp: ws://127.0.0.1:41435/devtoo..., se:cdpVersion: 85.0, setWindowRect: true, strictFileInteractability: false, timeouts: {implicit: 0, pageLoad: 300000, script: 30000}, unhandledPromptBehavior: dismiss and notify, userAgent: Mozilla/5.0 (Windows NT 10....}"/>
    <system-out><![CDATA[ Test case started: verifyMemberDetailsContentDisplaying
]]></system-out>
  </testcase>
  <testcase name="verifyMemberDetailsContentDisplaying" classname="zapcg.Capillary.MemberDetailsTestCases.memberDetails_TestCases" time="1.551">
    <system-out><![CDATA[The name of the testcase passed is : testInvalidPassword_TestCase3
Test execution completed on FirefoxDriver with device: Tablet Landscape
 Test case started: verifyMemberDetailsContentDisplaying
Member details are displaying.
Member Name: Akasaka Sawyer
Available Points: 1 Valid Points
Membership ID: Current Tier: Silver | Membership ID: 575075079
Points Expiry Date: 1 Points Expire on 2026/06/30
]]></system-out>
  </testcase>
  <testcase name="verifyMemberDetailsContentDisplaying" classname="zapcg.Capillary.MemberDetailsTestCases.memberDetails_TestCases" time="0">
    <skipped message="Unable to locate element: #MS016IN&#10;For documentation on this error, please visit: https://www.selenium.dev/documentation/webdriver/troubleshooting/errors#no-such-element-exception&#10;Build info: version: &apos;4.22.0&apos;, revision: &apos;c5f3146703*&apos;&#10;System info: os.name: &apos;Windows 10&apos;, os.arch: &apos;amd64&apos;, os.version: &apos;10.0&apos;, java.version: &apos;15.0.2&apos;&#10;Driver info: org.openqa.selenium.firefox.FirefoxDriver&#10;Command: [3fbffb82-2e03-4e1b-a54d-6faf0c25ffe9, findElement {value=MS016IN, using=id}]&#10;Capabilities {acceptInsecureCerts: true, browserName: firefox, browserVersion: 128.0, moz:accessibilityChecks: false, moz:buildID: 20240628091536, moz:debuggerAddress: 127.0.0.1:35066, moz:geckodriverVersion: 0.34.0, moz:headless: false, moz:platformVersion: 10.0, moz:processID: 22092, moz:profile: C:\Users\KAJALS~1\AppData\L..., moz:shutdownTimeout: 60000, moz:webdriverClick: true, moz:windowless: false, pageLoadStrategy: normal, platformName: windows, proxy: Proxy(), se:cdp: ws://127.0.0.1:35066/devtoo..., se:cdpVersion: 85.0, setWindowRect: true, strictFileInteractability: false, timeouts: {implicit: 0, pageLoad: 300000, script: 30000}, unhandledPromptBehavior: dismiss and notify, userAgent: Mozilla/5.0 (Windows NT 10....}&#10;Session ID: 3fbffb82-2e03-4e1b-a54d-6faf0c25ffe9"/>
    <system-out><![CDATA[ Test case started: verifyMemberDetailsContentDisplaying
]]></system-out>
  </testcase>
  <testcase name="verifyMemberDetailsContentDisplaying" classname="zapcg.Capillary.MemberDetailsTestCases.memberDetails_TestCases" time="0">
    <skipped message="Unable to locate element: #MS016IN&#10;For documentation on this error, please visit: https://www.selenium.dev/documentation/webdriver/troubleshooting/errors#no-such-element-exception&#10;Build info: version: &apos;4.22.0&apos;, revision: &apos;c5f3146703*&apos;&#10;System info: os.name: &apos;Windows 10&apos;, os.arch: &apos;amd64&apos;, os.version: &apos;10.0&apos;, java.version: &apos;15.0.2&apos;&#10;Driver info: org.openqa.selenium.firefox.FirefoxDriver&#10;Command: [51eb54fa-c878-4790-9865-4906cec5a603, findElement {value=MS016IN, using=id}]&#10;Capabilities {acceptInsecureCerts: true, browserName: firefox, browserVersion: 128.0, moz:accessibilityChecks: false, moz:buildID: 20240628091536, moz:debuggerAddress: 127.0.0.1:18237, moz:geckodriverVersion: 0.34.0, moz:headless: false, moz:platformVersion: 10.0, moz:processID: 55904, moz:profile: C:\Users\KAJALS~1\AppData\L..., moz:shutdownTimeout: 60000, moz:webdriverClick: true, moz:windowless: false, pageLoadStrategy: normal, platformName: windows, proxy: Proxy(), se:cdp: ws://127.0.0.1:18237/devtoo..., se:cdpVersion: 85.0, setWindowRect: true, strictFileInteractability: false, timeouts: {implicit: 0, pageLoad: 300000, script: 30000}, unhandledPromptBehavior: dismiss and notify, userAgent: Mozilla/5.0 (Windows NT 10....}&#10;Session ID: 51eb54fa-c878-4790-9865-4906cec5a603"/>
    <system-out><![CDATA[ Test case started: verifyMemberDetailsContentDisplaying
]]></system-out>
  </testcase>
  <testcase name="verifyMemberDetailsContentDisplaying" classname="zapcg.Capillary.MemberDetailsTestCases.memberDetails_TestCases" time="0">
    <skipped message="Unable to locate element: #MS016IN&#10;For documentation on this error, please visit: https://www.selenium.dev/documentation/webdriver/troubleshooting/errors#no-such-element-exception&#10;Build info: version: &apos;4.22.0&apos;, revision: &apos;c5f3146703*&apos;&#10;System info: os.name: &apos;Windows 10&apos;, os.arch: &apos;amd64&apos;, os.version: &apos;10.0&apos;, java.version: &apos;15.0.2&apos;&#10;Driver info: org.openqa.selenium.firefox.FirefoxDriver&#10;Command: [c027d3e6-0b97-4033-acc4-8e3fb0063a8a, findElement {value=MS016IN, using=id}]&#10;Capabilities {acceptInsecureCerts: true, browserName: firefox, browserVersion: 128.0, moz:accessibilityChecks: false, moz:buildID: 20240628091536, moz:debuggerAddress: 127.0.0.1:9955, moz:geckodriverVersion: 0.34.0, moz:headless: false, moz:platformVersion: 10.0, moz:processID: 47260, moz:profile: C:\Users\KAJALS~1\AppData\L..., moz:shutdownTimeout: 60000, moz:webdriverClick: true, moz:windowless: false, pageLoadStrategy: normal, platformName: windows, proxy: Proxy(), se:cdp: ws://127.0.0.1:9955/devtool..., se:cdpVersion: 85.0, setWindowRect: true, strictFileInteractability: false, timeouts: {implicit: 0, pageLoad: 300000, script: 30000}, unhandledPromptBehavior: dismiss and notify, userAgent: Mozilla/5.0 (Windows NT 10....}&#10;Session ID: c027d3e6-0b97-4033-acc4-8e3fb0063a8a"/>
    <system-out><![CDATA[ Test case started: verifyMemberDetailsContentDisplaying
]]></system-out>
  </testcase>
  <testcase name="verifyMemberDetailsContentDisplaying" classname="zapcg.Capillary.MemberDetailsTestCases.memberDetails_TestCases" time="0">
    <skipped message="Unable to locate element: #MS016IN&#10;For documentation on this error, please visit: https://www.selenium.dev/documentation/webdriver/troubleshooting/errors#no-such-element-exception&#10;Build info: version: &apos;4.22.0&apos;, revision: &apos;c5f3146703*&apos;&#10;System info: os.name: &apos;Windows 10&apos;, os.arch: &apos;amd64&apos;, os.version: &apos;10.0&apos;, java.version: &apos;15.0.2&apos;&#10;Driver info: org.openqa.selenium.firefox.FirefoxDriver&#10;Command: [1ecd646d-f0d3-4c20-96fb-7f66f5cb5809, findElement {value=MS016IN, using=id}]&#10;Capabilities {acceptInsecureCerts: true, browserName: firefox, browserVersion: 128.0, moz:accessibilityChecks: false, moz:buildID: 20240628091536, moz:debuggerAddress: 127.0.0.1:39132, moz:geckodriverVersion: 0.34.0, moz:headless: false, moz:platformVersion: 10.0, moz:processID: 50892, moz:profile: C:\Users\KAJALS~1\AppData\L..., moz:shutdownTimeout: 60000, moz:webdriverClick: true, moz:windowless: false, pageLoadStrategy: normal, platformName: windows, proxy: Proxy(), se:cdp: ws://127.0.0.1:39132/devtoo..., se:cdpVersion: 85.0, setWindowRect: true, strictFileInteractability: false, timeouts: {implicit: 0, pageLoad: 300000, script: 30000}, unhandledPromptBehavior: dismiss and notify, userAgent: Mozilla/5.0 (Windows NT 10....}&#10;Session ID: 1ecd646d-f0d3-4c20-96fb-7f66f5cb5809"/>
    <system-out><![CDATA[ Test case started: verifyMemberDetailsContentDisplaying
]]></system-out>
  </testcase>
  <testcase name="verifyEnabledOfEnterReceiptDetailsButton" classname="zapcg.Capillary.MemberDetailsTestCases.memberDetails_TestCases" time="1.861">
    <system-out><![CDATA[The name of the testcase passed is : verifyEarnPointsNavigationFromMeberDetailsScreen
Test execution completed on ChromeDriver with device: Tablet Portrait
 Test case started: verifyEnabledOfEnterReceiptDetailsButton
Enter Receipt details button is enabled and clickable
]]></system-out>
  </testcase>
  <testcase name="verifyEnabledOfEnterReceiptDetailsButton" classname="zapcg.Capillary.MemberDetailsTestCases.memberDetails_TestCases" time="1.702">
    <system-out><![CDATA[The name of the testcase passed is : verifyEarnPointsNavigationFromMeberDetailsScreen
Test execution completed on ChromeDriver with device: Tablet Landscape
 Test case started: verifyEnabledOfEnterReceiptDetailsButton
Enter Receipt details button is enabled and clickable
]]></system-out>
  </testcase>
  <testcase name="verifyEnabledOfEnterReceiptDetailsButton" classname="zapcg.Capillary.MemberDetailsTestCases.memberDetails_TestCases" time="1.59">
    <system-out><![CDATA[The name of the testcase passed is : verifyEarnPointsNavigationFromMeberDetailsScreen
Test execution completed on ChromeDriver with device: iPhone 11 Pro Portrait
 Test case started: verifyEnabledOfEnterReceiptDetailsButton
Enter Receipt details button is enabled and clickable
]]></system-out>
  </testcase>
  <testcase name="verifyEnabledOfEnterReceiptDetailsButton" classname="zapcg.Capillary.MemberDetailsTestCases.memberDetails_TestCases" time="1.586">
    <system-out><![CDATA[The name of the testcase passed is : verifyEarnPointsNavigationFromMeberDetailsScreen
Test execution completed on ChromeDriver with device: iPhone 11 Pro Landscape
 Test case started: verifyEnabledOfEnterReceiptDetailsButton
Enter Receipt details button is enabled and clickable
]]></system-out>
  </testcase>
  <testcase name="verifyEnabledOfEnterReceiptDetailsButton" classname="zapcg.Capillary.MemberDetailsTestCases.memberDetails_TestCases" time="0">
    <skipped message="no such element: Unable to locate element: {&quot;method&quot;:&quot;css selector&quot;,&quot;selector&quot;:&quot;#MS016IN&quot;}&#10;  (Session info: chrome=126.0.6478.57)&#10;For documentation on this error, please visit: https://www.selenium.dev/documentation/webdriver/troubleshooting/errors#no-such-element-exception&#10;Build info: version: &apos;4.22.0&apos;, revision: &apos;c5f3146703*&apos;&#10;System info: os.name: &apos;Windows 10&apos;, os.arch: &apos;amd64&apos;, os.version: &apos;10.0&apos;, java.version: &apos;15.0.2&apos;&#10;Driver info: org.openqa.selenium.chrome.ChromeDriver&#10;Command: [adf3b4d4a6156349526db4852671fafc, findElement {value=MS016IN, using=id}]&#10;Capabilities {acceptInsecureCerts: false, browserName: chrome, browserVersion: 126.0.6478.57, chrome: {chromedriverVersion: 126.0.6478.126 (d36ace6122e..., userDataDir: C:\Users\KAJALS~1\AppData\L...}, fedcm:accounts: true, goog:chromeOptions: {debuggerAddress: localhost:65097}, networkConnectionEnabled: false, pageLoadStrategy: normal, platformName: windows, proxy: Proxy(), se:cdp: ws://localhost:65097/devtoo..., se:cdpVersion: 126.0.6478.57, setWindowRect: true, strictFileInteractability: false, timeouts: {implicit: 0, pageLoad: 300000, script: 30000}, unhandledPromptBehavior: dismiss and notify, webauthn:extension:credBlob: true, webauthn:extension:largeBlob: true, webauthn:extension:minPinLength: true, webauthn:extension:prf: true, webauthn:virtualAuthenticators: true}&#10;Session ID: adf3b4d4a6156349526db4852671fafc"/>
    <system-out><![CDATA[ Test case started: verifyEnabledOfEnterReceiptDetailsButton
]]></system-out>
  </testcase>
  <testcase name="verifyEnabledOfEnterReceiptDetailsButton" classname="zapcg.Capillary.MemberDetailsTestCases.memberDetails_TestCases" time="1.706">
    <system-out><![CDATA[The name of the testcase passed is : verifyEarnPointsNavigationFromMeberDetailsScreen
Test execution completed on ChromeDriver with device: Galaxy S20 Landscape
 Test case started: verifyEnabledOfEnterReceiptDetailsButton
Enter Receipt details button is enabled and clickable
]]></system-out>
  </testcase>
  <testcase name="verifyEnabledOfEnterReceiptDetailsButton" classname="zapcg.Capillary.MemberDetailsTestCases.memberDetails_TestCases" time="0">
    <skipped message="Session ID is null. Using WebDriver after calling quit()?&#10;Build info: version: &apos;4.22.0&apos;, revision: &apos;c5f3146703*&apos;&#10;System info: os.name: &apos;Windows 10&apos;, os.arch: &apos;amd64&apos;, os.version: &apos;10.0&apos;, java.version: &apos;15.0.2&apos;&#10;Driver info: org.openqa.selenium.firefox.FirefoxDriver&#10;Command: [null, get {url=https://d1msv2sqknn4w4.cloudfront.net}]&#10;Capabilities {acceptInsecureCerts: true, browserName: firefox, browserVersion: 128.0, moz:accessibilityChecks: false, moz:buildID: 20240626091446, moz:debuggerAddress: 127.0.0.1:41435, moz:geckodriverVersion: 0.34.0, moz:headless: false, moz:platformVersion: 10.0, moz:processID: 47624, moz:profile: C:\Users\KAJALS~1\AppData\L..., moz:shutdownTimeout: 60000, moz:webdriverClick: true, moz:windowless: false, pageLoadStrategy: normal, platformName: windows, proxy: Proxy(), se:cdp: ws://127.0.0.1:41435/devtoo..., se:cdpVersion: 85.0, setWindowRect: true, strictFileInteractability: false, timeouts: {implicit: 0, pageLoad: 300000, script: 30000}, unhandledPromptBehavior: dismiss and notify, userAgent: Mozilla/5.0 (Windows NT 10....}"/>
    <system-out><![CDATA[ Test case started: verifyEnabledOfEnterReceiptDetailsButton
]]></system-out>
  </testcase>
  <testcase name="verifyEnabledOfEnterReceiptDetailsButton" classname="zapcg.Capillary.MemberDetailsTestCases.memberDetails_TestCases" time="1.347">
    <system-out><![CDATA[The name of the testcase passed is : verifyEarnPointsNavigationFromMeberDetailsScreen
Test execution completed on FirefoxDriver with device: Tablet Landscape
 Test case started: verifyEnabledOfEnterReceiptDetailsButton
Enter Receipt details button is enabled and clickable
]]></system-out>
  </testcase>
  <testcase name="verifyEnabledOfEnterReceiptDetailsButton" classname="zapcg.Capillary.MemberDetailsTestCases.memberDetails_TestCases" time="0">
    <skipped message="Unable to locate element: #MS016IN&#10;For documentation on this error, please visit: https://www.selenium.dev/documentation/webdriver/troubleshooting/errors#no-such-element-exception&#10;Build info: version: &apos;4.22.0&apos;, revision: &apos;c5f3146703*&apos;&#10;System info: os.name: &apos;Windows 10&apos;, os.arch: &apos;amd64&apos;, os.version: &apos;10.0&apos;, java.version: &apos;15.0.2&apos;&#10;Driver info: org.openqa.selenium.firefox.FirefoxDriver&#10;Command: [3fbffb82-2e03-4e1b-a54d-6faf0c25ffe9, findElement {value=MS016IN, using=id}]&#10;Capabilities {acceptInsecureCerts: true, browserName: firefox, browserVersion: 128.0, moz:accessibilityChecks: false, moz:buildID: 20240628091536, moz:debuggerAddress: 127.0.0.1:35066, moz:geckodriverVersion: 0.34.0, moz:headless: false, moz:platformVersion: 10.0, moz:processID: 22092, moz:profile: C:\Users\KAJALS~1\AppData\L..., moz:shutdownTimeout: 60000, moz:webdriverClick: true, moz:windowless: false, pageLoadStrategy: normal, platformName: windows, proxy: Proxy(), se:cdp: ws://127.0.0.1:35066/devtoo..., se:cdpVersion: 85.0, setWindowRect: true, strictFileInteractability: false, timeouts: {implicit: 0, pageLoad: 300000, script: 30000}, unhandledPromptBehavior: dismiss and notify, userAgent: Mozilla/5.0 (Windows NT 10....}&#10;Session ID: 3fbffb82-2e03-4e1b-a54d-6faf0c25ffe9"/>
    <system-out><![CDATA[ Test case started: verifyEnabledOfEnterReceiptDetailsButton
]]></system-out>
  </testcase>
  <testcase name="verifyEnabledOfEnterReceiptDetailsButton" classname="zapcg.Capillary.MemberDetailsTestCases.memberDetails_TestCases" time="0">
    <skipped message="Unable to locate element: #MS016IN&#10;For documentation on this error, please visit: https://www.selenium.dev/documentation/webdriver/troubleshooting/errors#no-such-element-exception&#10;Build info: version: &apos;4.22.0&apos;, revision: &apos;c5f3146703*&apos;&#10;System info: os.name: &apos;Windows 10&apos;, os.arch: &apos;amd64&apos;, os.version: &apos;10.0&apos;, java.version: &apos;15.0.2&apos;&#10;Driver info: org.openqa.selenium.firefox.FirefoxDriver&#10;Command: [51eb54fa-c878-4790-9865-4906cec5a603, findElement {value=MS016IN, using=id}]&#10;Capabilities {acceptInsecureCerts: true, browserName: firefox, browserVersion: 128.0, moz:accessibilityChecks: false, moz:buildID: 20240628091536, moz:debuggerAddress: 127.0.0.1:18237, moz:geckodriverVersion: 0.34.0, moz:headless: false, moz:platformVersion: 10.0, moz:processID: 55904, moz:profile: C:\Users\KAJALS~1\AppData\L..., moz:shutdownTimeout: 60000, moz:webdriverClick: true, moz:windowless: false, pageLoadStrategy: normal, platformName: windows, proxy: Proxy(), se:cdp: ws://127.0.0.1:18237/devtoo..., se:cdpVersion: 85.0, setWindowRect: true, strictFileInteractability: false, timeouts: {implicit: 0, pageLoad: 300000, script: 30000}, unhandledPromptBehavior: dismiss and notify, userAgent: Mozilla/5.0 (Windows NT 10....}&#10;Session ID: 51eb54fa-c878-4790-9865-4906cec5a603"/>
    <system-out><![CDATA[ Test case started: verifyEnabledOfEnterReceiptDetailsButton
]]></system-out>
  </testcase>
  <testcase name="verifyEnabledOfEnterReceiptDetailsButton" classname="zapcg.Capillary.MemberDetailsTestCases.memberDetails_TestCases" time="0">
    <skipped message="Unable to locate element: #MS016IN&#10;For documentation on this error, please visit: https://www.selenium.dev/documentation/webdriver/troubleshooting/errors#no-such-element-exception&#10;Build info: version: &apos;4.22.0&apos;, revision: &apos;c5f3146703*&apos;&#10;System info: os.name: &apos;Windows 10&apos;, os.arch: &apos;amd64&apos;, os.version: &apos;10.0&apos;, java.version: &apos;15.0.2&apos;&#10;Driver info: org.openqa.selenium.firefox.FirefoxDriver&#10;Command: [c027d3e6-0b97-4033-acc4-8e3fb0063a8a, findElement {value=MS016IN, using=id}]&#10;Capabilities {acceptInsecureCerts: true, browserName: firefox, browserVersion: 128.0, moz:accessibilityChecks: false, moz:buildID: 20240628091536, moz:debuggerAddress: 127.0.0.1:9955, moz:geckodriverVersion: 0.34.0, moz:headless: false, moz:platformVersion: 10.0, moz:processID: 47260, moz:profile: C:\Users\KAJALS~1\AppData\L..., moz:shutdownTimeout: 60000, moz:webdriverClick: true, moz:windowless: false, pageLoadStrategy: normal, platformName: windows, proxy: Proxy(), se:cdp: ws://127.0.0.1:9955/devtool..., se:cdpVersion: 85.0, setWindowRect: true, strictFileInteractability: false, timeouts: {implicit: 0, pageLoad: 300000, script: 30000}, unhandledPromptBehavior: dismiss and notify, userAgent: Mozilla/5.0 (Windows NT 10....}&#10;Session ID: c027d3e6-0b97-4033-acc4-8e3fb0063a8a"/>
    <system-out><![CDATA[ Test case started: verifyEnabledOfEnterReceiptDetailsButton
]]></system-out>
  </testcase>
  <testcase name="verifyEnabledOfEnterReceiptDetailsButton" classname="zapcg.Capillary.MemberDetailsTestCases.memberDetails_TestCases" time="0">
    <skipped message="Unable to locate element: #MS016IN&#10;For documentation on this error, please visit: https://www.selenium.dev/documentation/webdriver/troubleshooting/errors#no-such-element-exception&#10;Build info: version: &apos;4.22.0&apos;, revision: &apos;c5f3146703*&apos;&#10;System info: os.name: &apos;Windows 10&apos;, os.arch: &apos;amd64&apos;, os.version: &apos;10.0&apos;, java.version: &apos;15.0.2&apos;&#10;Driver info: org.openqa.selenium.firefox.FirefoxDriver&#10;Command: [1ecd646d-f0d3-4c20-96fb-7f66f5cb5809, findElement {value=MS016IN, using=id}]&#10;Capabilities {acceptInsecureCerts: true, browserName: firefox, browserVersion: 128.0, moz:accessibilityChecks: false, moz:buildID: 20240628091536, moz:debuggerAddress: 127.0.0.1:39132, moz:geckodriverVersion: 0.34.0, moz:headless: false, moz:platformVersion: 10.0, moz:processID: 50892, moz:profile: C:\Users\KAJALS~1\AppData\L..., moz:shutdownTimeout: 60000, moz:webdriverClick: true, moz:windowless: false, pageLoadStrategy: normal, platformName: windows, proxy: Proxy(), se:cdp: ws://127.0.0.1:39132/devtoo..., se:cdpVersion: 85.0, setWindowRect: true, strictFileInteractability: false, timeouts: {implicit: 0, pageLoad: 300000, script: 30000}, unhandledPromptBehavior: dismiss and notify, userAgent: Mozilla/5.0 (Windows NT 10....}&#10;Session ID: 1ecd646d-f0d3-4c20-96fb-7f66f5cb5809"/>
    <system-out><![CDATA[ Test case started: verifyEnabledOfEnterReceiptDetailsButton
]]></system-out>
  </testcase>
  <testcase name="verifyHeaderOfTheMemberDetailsScreen" classname="zapcg.Capillary.MemberDetailsTestCases.memberDetails_TestCases" time="2.03">
    <system-out><![CDATA[The name of the testcase passed is : testMinLengthPassword_TestCase5
Test execution completed on ChromeDriver with device: Tablet Portrait
 Test case started: verifyHeaderOfTheMemberDetailsScreen
Successfully navigated to the Location screen
]]></system-out>
  </testcase>
  <testcase name="verifyHeaderOfTheMemberDetailsScreen" classname="zapcg.Capillary.MemberDetailsTestCases.memberDetails_TestCases" time="1.31">
    <system-out><![CDATA[The name of the testcase passed is : testMinLengthPassword_TestCase5
Test execution completed on ChromeDriver with device: Tablet Landscape
 Test case started: verifyHeaderOfTheMemberDetailsScreen
Successfully navigated to the Location screen
]]></system-out>
  </testcase>
  <testcase name="verifyHeaderOfTheMemberDetailsScreen" classname="zapcg.Capillary.MemberDetailsTestCases.memberDetails_TestCases" time="1.301">
    <system-out><![CDATA[The name of the testcase passed is : testMinLengthPassword_TestCase5
Test execution completed on ChromeDriver with device: iPhone 11 Pro Portrait
 Test case started: verifyHeaderOfTheMemberDetailsScreen
Successfully navigated to the Location screen
]]></system-out>
  </testcase>
  <testcase name="verifyHeaderOfTheMemberDetailsScreen" classname="zapcg.Capillary.MemberDetailsTestCases.memberDetails_TestCases" time="1.258">
    <system-out><![CDATA[The name of the testcase passed is : testMinLengthPassword_TestCase5
Test execution completed on ChromeDriver with device: iPhone 11 Pro Landscape
 Test case started: verifyHeaderOfTheMemberDetailsScreen
Successfully navigated to the Location screen
]]></system-out>
  </testcase>
  <testcase name="verifyHeaderOfTheMemberDetailsScreen" classname="zapcg.Capillary.MemberDetailsTestCases.memberDetails_TestCases" time="0">
    <skipped message="no such element: Unable to locate element: {&quot;method&quot;:&quot;css selector&quot;,&quot;selector&quot;:&quot;#MS016IN&quot;}&#10;  (Session info: chrome=126.0.6478.57)&#10;For documentation on this error, please visit: https://www.selenium.dev/documentation/webdriver/troubleshooting/errors#no-such-element-exception&#10;Build info: version: &apos;4.22.0&apos;, revision: &apos;c5f3146703*&apos;&#10;System info: os.name: &apos;Windows 10&apos;, os.arch: &apos;amd64&apos;, os.version: &apos;10.0&apos;, java.version: &apos;15.0.2&apos;&#10;Driver info: org.openqa.selenium.chrome.ChromeDriver&#10;Command: [adf3b4d4a6156349526db4852671fafc, findElement {value=MS016IN, using=id}]&#10;Capabilities {acceptInsecureCerts: false, browserName: chrome, browserVersion: 126.0.6478.57, chrome: {chromedriverVersion: 126.0.6478.126 (d36ace6122e..., userDataDir: C:\Users\KAJALS~1\AppData\L...}, fedcm:accounts: true, goog:chromeOptions: {debuggerAddress: localhost:65097}, networkConnectionEnabled: false, pageLoadStrategy: normal, platformName: windows, proxy: Proxy(), se:cdp: ws://localhost:65097/devtoo..., se:cdpVersion: 126.0.6478.57, setWindowRect: true, strictFileInteractability: false, timeouts: {implicit: 0, pageLoad: 300000, script: 30000}, unhandledPromptBehavior: dismiss and notify, webauthn:extension:credBlob: true, webauthn:extension:largeBlob: true, webauthn:extension:minPinLength: true, webauthn:extension:prf: true, webauthn:virtualAuthenticators: true}&#10;Session ID: adf3b4d4a6156349526db4852671fafc"/>
    <system-out><![CDATA[ Test case started: verifyHeaderOfTheMemberDetailsScreen
]]></system-out>
  </testcase>
  <testcase name="verifyHeaderOfTheMemberDetailsScreen" classname="zapcg.Capillary.MemberDetailsTestCases.memberDetails_TestCases" time="1.898">
    <system-out><![CDATA[The name of the testcase passed is : testMinLengthPassword_TestCase5
Test execution completed on ChromeDriver with device: Galaxy S20 Landscape
 Test case started: verifyHeaderOfTheMemberDetailsScreen
Successfully navigated to the Location screen
]]></system-out>
  </testcase>
  <testcase name="verifyHeaderOfTheMemberDetailsScreen" classname="zapcg.Capillary.MemberDetailsTestCases.memberDetails_TestCases" time="0">
    <skipped message="Session ID is null. Using WebDriver after calling quit()?&#10;Build info: version: &apos;4.22.0&apos;, revision: &apos;c5f3146703*&apos;&#10;System info: os.name: &apos;Windows 10&apos;, os.arch: &apos;amd64&apos;, os.version: &apos;10.0&apos;, java.version: &apos;15.0.2&apos;&#10;Driver info: org.openqa.selenium.firefox.FirefoxDriver&#10;Command: [null, get {url=https://d1msv2sqknn4w4.cloudfront.net}]&#10;Capabilities {acceptInsecureCerts: true, browserName: firefox, browserVersion: 128.0, moz:accessibilityChecks: false, moz:buildID: 20240626091446, moz:debuggerAddress: 127.0.0.1:41435, moz:geckodriverVersion: 0.34.0, moz:headless: false, moz:platformVersion: 10.0, moz:processID: 47624, moz:profile: C:\Users\KAJALS~1\AppData\L..., moz:shutdownTimeout: 60000, moz:webdriverClick: true, moz:windowless: false, pageLoadStrategy: normal, platformName: windows, proxy: Proxy(), se:cdp: ws://127.0.0.1:41435/devtoo..., se:cdpVersion: 85.0, setWindowRect: true, strictFileInteractability: false, timeouts: {implicit: 0, pageLoad: 300000, script: 30000}, unhandledPromptBehavior: dismiss and notify, userAgent: Mozilla/5.0 (Windows NT 10....}"/>
    <system-out><![CDATA[ Test case started: verifyHeaderOfTheMemberDetailsScreen
]]></system-out>
  </testcase>
  <testcase name="verifyHeaderOfTheMemberDetailsScreen" classname="zapcg.Capillary.MemberDetailsTestCases.memberDetails_TestCases" time="1.604">
    <system-out><![CDATA[The name of the testcase passed is : testMinLengthPassword_TestCase5
Test execution completed on FirefoxDriver with device: Tablet Landscape
 Test case started: verifyHeaderOfTheMemberDetailsScreen
Successfully navigated to the Location screen
]]></system-out>
  </testcase>
  <testcase name="verifyHeaderOfTheMemberDetailsScreen" classname="zapcg.Capillary.MemberDetailsTestCases.memberDetails_TestCases" time="0">
    <skipped message="Unable to locate element: #MS016IN&#10;For documentation on this error, please visit: https://www.selenium.dev/documentation/webdriver/troubleshooting/errors#no-such-element-exception&#10;Build info: version: &apos;4.22.0&apos;, revision: &apos;c5f3146703*&apos;&#10;System info: os.name: &apos;Windows 10&apos;, os.arch: &apos;amd64&apos;, os.version: &apos;10.0&apos;, java.version: &apos;15.0.2&apos;&#10;Driver info: org.openqa.selenium.firefox.FirefoxDriver&#10;Command: [3fbffb82-2e03-4e1b-a54d-6faf0c25ffe9, findElement {value=MS016IN, using=id}]&#10;Capabilities {acceptInsecureCerts: true, browserName: firefox, browserVersion: 128.0, moz:accessibilityChecks: false, moz:buildID: 20240628091536, moz:debuggerAddress: 127.0.0.1:35066, moz:geckodriverVersion: 0.34.0, moz:headless: false, moz:platformVersion: 10.0, moz:processID: 22092, moz:profile: C:\Users\KAJALS~1\AppData\L..., moz:shutdownTimeout: 60000, moz:webdriverClick: true, moz:windowless: false, pageLoadStrategy: normal, platformName: windows, proxy: Proxy(), se:cdp: ws://127.0.0.1:35066/devtoo..., se:cdpVersion: 85.0, setWindowRect: true, strictFileInteractability: false, timeouts: {implicit: 0, pageLoad: 300000, script: 30000}, unhandledPromptBehavior: dismiss and notify, userAgent: Mozilla/5.0 (Windows NT 10....}&#10;Session ID: 3fbffb82-2e03-4e1b-a54d-6faf0c25ffe9"/>
    <system-out><![CDATA[ Test case started: verifyHeaderOfTheMemberDetailsScreen
]]></system-out>
  </testcase>
  <testcase name="verifyHeaderOfTheMemberDetailsScreen" classname="zapcg.Capillary.MemberDetailsTestCases.memberDetails_TestCases" time="0">
    <skipped message="Unable to locate element: #MS016IN&#10;For documentation on this error, please visit: https://www.selenium.dev/documentation/webdriver/troubleshooting/errors#no-such-element-exception&#10;Build info: version: &apos;4.22.0&apos;, revision: &apos;c5f3146703*&apos;&#10;System info: os.name: &apos;Windows 10&apos;, os.arch: &apos;amd64&apos;, os.version: &apos;10.0&apos;, java.version: &apos;15.0.2&apos;&#10;Driver info: org.openqa.selenium.firefox.FirefoxDriver&#10;Command: [51eb54fa-c878-4790-9865-4906cec5a603, findElement {value=MS016IN, using=id}]&#10;Capabilities {acceptInsecureCerts: true, browserName: firefox, browserVersion: 128.0, moz:accessibilityChecks: false, moz:buildID: 20240628091536, moz:debuggerAddress: 127.0.0.1:18237, moz:geckodriverVersion: 0.34.0, moz:headless: false, moz:platformVersion: 10.0, moz:processID: 55904, moz:profile: C:\Users\KAJALS~1\AppData\L..., moz:shutdownTimeout: 60000, moz:webdriverClick: true, moz:windowless: false, pageLoadStrategy: normal, platformName: windows, proxy: Proxy(), se:cdp: ws://127.0.0.1:18237/devtoo..., se:cdpVersion: 85.0, setWindowRect: true, strictFileInteractability: false, timeouts: {implicit: 0, pageLoad: 300000, script: 30000}, unhandledPromptBehavior: dismiss and notify, userAgent: Mozilla/5.0 (Windows NT 10....}&#10;Session ID: 51eb54fa-c878-4790-9865-4906cec5a603"/>
    <system-out><![CDATA[ Test case started: verifyHeaderOfTheMemberDetailsScreen
]]></system-out>
  </testcase>
  <testcase name="verifyHeaderOfTheMemberDetailsScreen" classname="zapcg.Capillary.MemberDetailsTestCases.memberDetails_TestCases" time="0">
    <skipped message="Unable to locate element: #MS016IN&#10;For documentation on this error, please visit: https://www.selenium.dev/documentation/webdriver/troubleshooting/errors#no-such-element-exception&#10;Build info: version: &apos;4.22.0&apos;, revision: &apos;c5f3146703*&apos;&#10;System info: os.name: &apos;Windows 10&apos;, os.arch: &apos;amd64&apos;, os.version: &apos;10.0&apos;, java.version: &apos;15.0.2&apos;&#10;Driver info: org.openqa.selenium.firefox.FirefoxDriver&#10;Command: [c027d3e6-0b97-4033-acc4-8e3fb0063a8a, findElement {value=MS016IN, using=id}]&#10;Capabilities {acceptInsecureCerts: true, browserName: firefox, browserVersion: 128.0, moz:accessibilityChecks: false, moz:buildID: 20240628091536, moz:debuggerAddress: 127.0.0.1:9955, moz:geckodriverVersion: 0.34.0, moz:headless: false, moz:platformVersion: 10.0, moz:processID: 47260, moz:profile: C:\Users\KAJALS~1\AppData\L..., moz:shutdownTimeout: 60000, moz:webdriverClick: true, moz:windowless: false, pageLoadStrategy: normal, platformName: windows, proxy: Proxy(), se:cdp: ws://127.0.0.1:9955/devtool..., se:cdpVersion: 85.0, setWindowRect: true, strictFileInteractability: false, timeouts: {implicit: 0, pageLoad: 300000, script: 30000}, unhandledPromptBehavior: dismiss and notify, userAgent: Mozilla/5.0 (Windows NT 10....}&#10;Session ID: c027d3e6-0b97-4033-acc4-8e3fb0063a8a"/>
    <system-out><![CDATA[ Test case started: verifyHeaderOfTheMemberDetailsScreen
]]></system-out>
  </testcase>
  <testcase name="verifyHeaderOfTheMemberDetailsScreen" classname="zapcg.Capillary.MemberDetailsTestCases.memberDetails_TestCases" time="0">
    <skipped message="Unable to locate element: #MS016IN&#10;For documentation on this error, please visit: https://www.selenium.dev/documentation/webdriver/troubleshooting/errors#no-such-element-exception&#10;Build info: version: &apos;4.22.0&apos;, revision: &apos;c5f3146703*&apos;&#10;System info: os.name: &apos;Windows 10&apos;, os.arch: &apos;amd64&apos;, os.version: &apos;10.0&apos;, java.version: &apos;15.0.2&apos;&#10;Driver info: org.openqa.selenium.firefox.FirefoxDriver&#10;Command: [1ecd646d-f0d3-4c20-96fb-7f66f5cb5809, findElement {value=MS016IN, using=id}]&#10;Capabilities {acceptInsecureCerts: true, browserName: firefox, browserVersion: 128.0, moz:accessibilityChecks: false, moz:buildID: 20240628091536, moz:debuggerAddress: 127.0.0.1:39132, moz:geckodriverVersion: 0.34.0, moz:headless: false, moz:platformVersion: 10.0, moz:processID: 50892, moz:profile: C:\Users\KAJALS~1\AppData\L..., moz:shutdownTimeout: 60000, moz:webdriverClick: true, moz:windowless: false, pageLoadStrategy: normal, platformName: windows, proxy: Proxy(), se:cdp: ws://127.0.0.1:39132/devtoo..., se:cdpVersion: 85.0, setWindowRect: true, strictFileInteractability: false, timeouts: {implicit: 0, pageLoad: 300000, script: 30000}, unhandledPromptBehavior: dismiss and notify, userAgent: Mozilla/5.0 (Windows NT 10....}&#10;Session ID: 1ecd646d-f0d3-4c20-96fb-7f66f5cb5809"/>
    <system-out><![CDATA[ Test case started: verifyHeaderOfTheMemberDetailsScreen
]]></system-out>
  </testcase>
  <testcase name="verifyExpiryDateEqualToSystemDateThenNoRedeem" classname="zapcg.Capillary.MemberDetailsTestCases.memberDetails_TestCases" time="0">
    <system-out><![CDATA[The name of the testcase passed is : testUsernameWithSpaces_TestCase6
Test execution completed on ChromeDriver with device: Tablet Portrait
 Test case started: verifyExpiryDateEqualToSystemDateThenNoRedeem
]]></system-out>
  </testcase>
  <testcase name="verifyExpiryDateEqualToSystemDateThenNoRedeem" classname="zapcg.Capillary.MemberDetailsTestCases.memberDetails_TestCases" time="0">
    <system-out><![CDATA[The name of the testcase passed is : testUsernameWithSpaces_TestCase6
Test execution completed on ChromeDriver with device: Tablet Landscape
 Test case started: verifyExpiryDateEqualToSystemDateThenNoRedeem
]]></system-out>
  </testcase>
  <testcase name="verifyExpiryDateEqualToSystemDateThenNoRedeem" classname="zapcg.Capillary.MemberDetailsTestCases.memberDetails_TestCases" time="0">
    <system-out><![CDATA[The name of the testcase passed is : testUsernameWithSpaces_TestCase6
Test execution completed on ChromeDriver with device: iPhone 11 Pro Portrait
 Test case started: verifyExpiryDateEqualToSystemDateThenNoRedeem
]]></system-out>
  </testcase>
  <testcase name="verifyExpiryDateEqualToSystemDateThenNoRedeem" classname="zapcg.Capillary.MemberDetailsTestCases.memberDetails_TestCases" time="0">
    <system-out><![CDATA[The name of the testcase passed is : testUsernameWithSpaces_TestCase6
Test execution completed on ChromeDriver with device: iPhone 11 Pro Landscape
 Test case started: verifyExpiryDateEqualToSystemDateThenNoRedeem
]]></system-out>
  </testcase>
  <testcase name="verifyExpiryDateEqualToSystemDateThenNoRedeem" classname="zapcg.Capillary.MemberDetailsTestCases.memberDetails_TestCases" time="0">
    <skipped message="no such element: Unable to locate element: {&quot;method&quot;:&quot;css selector&quot;,&quot;selector&quot;:&quot;#MS016IN&quot;}&#10;  (Session info: chrome=126.0.6478.57)&#10;For documentation on this error, please visit: https://www.selenium.dev/documentation/webdriver/troubleshooting/errors#no-such-element-exception&#10;Build info: version: &apos;4.22.0&apos;, revision: &apos;c5f3146703*&apos;&#10;System info: os.name: &apos;Windows 10&apos;, os.arch: &apos;amd64&apos;, os.version: &apos;10.0&apos;, java.version: &apos;15.0.2&apos;&#10;Driver info: org.openqa.selenium.chrome.ChromeDriver&#10;Command: [adf3b4d4a6156349526db4852671fafc, findElement {value=MS016IN, using=id}]&#10;Capabilities {acceptInsecureCerts: false, browserName: chrome, browserVersion: 126.0.6478.57, chrome: {chromedriverVersion: 126.0.6478.126 (d36ace6122e..., userDataDir: C:\Users\KAJALS~1\AppData\L...}, fedcm:accounts: true, goog:chromeOptions: {debuggerAddress: localhost:65097}, networkConnectionEnabled: false, pageLoadStrategy: normal, platformName: windows, proxy: Proxy(), se:cdp: ws://localhost:65097/devtoo..., se:cdpVersion: 126.0.6478.57, setWindowRect: true, strictFileInteractability: false, timeouts: {implicit: 0, pageLoad: 300000, script: 30000}, unhandledPromptBehavior: dismiss and notify, webauthn:extension:credBlob: true, webauthn:extension:largeBlob: true, webauthn:extension:minPinLength: true, webauthn:extension:prf: true, webauthn:virtualAuthenticators: true}&#10;Session ID: adf3b4d4a6156349526db4852671fafc"/>
    <system-out><![CDATA[ Test case started: verifyExpiryDateEqualToSystemDateThenNoRedeem
]]></system-out>
  </testcase>
  <testcase name="verifyExpiryDateEqualToSystemDateThenNoRedeem" classname="zapcg.Capillary.MemberDetailsTestCases.memberDetails_TestCases" time="0">
    <system-out><![CDATA[The name of the testcase passed is : testUsernameWithSpaces_TestCase6
Test execution completed on ChromeDriver with device: Galaxy S20 Landscape
 Test case started: verifyExpiryDateEqualToSystemDateThenNoRedeem
]]></system-out>
  </testcase>
  <testcase name="verifyExpiryDateEqualToSystemDateThenNoRedeem" classname="zapcg.Capillary.MemberDetailsTestCases.memberDetails_TestCases" time="0">
    <skipped message="Session ID is null. Using WebDriver after calling quit()?&#10;Build info: version: &apos;4.22.0&apos;, revision: &apos;c5f3146703*&apos;&#10;System info: os.name: &apos;Windows 10&apos;, os.arch: &apos;amd64&apos;, os.version: &apos;10.0&apos;, java.version: &apos;15.0.2&apos;&#10;Driver info: org.openqa.selenium.firefox.FirefoxDriver&#10;Command: [null, get {url=https://d1msv2sqknn4w4.cloudfront.net}]&#10;Capabilities {acceptInsecureCerts: true, browserName: firefox, browserVersion: 128.0, moz:accessibilityChecks: false, moz:buildID: 20240626091446, moz:debuggerAddress: 127.0.0.1:41435, moz:geckodriverVersion: 0.34.0, moz:headless: false, moz:platformVersion: 10.0, moz:processID: 47624, moz:profile: C:\Users\KAJALS~1\AppData\L..., moz:shutdownTimeout: 60000, moz:webdriverClick: true, moz:windowless: false, pageLoadStrategy: normal, platformName: windows, proxy: Proxy(), se:cdp: ws://127.0.0.1:41435/devtoo..., se:cdpVersion: 85.0, setWindowRect: true, strictFileInteractability: false, timeouts: {implicit: 0, pageLoad: 300000, script: 30000}, unhandledPromptBehavior: dismiss and notify, userAgent: Mozilla/5.0 (Windows NT 10....}"/>
    <system-out><![CDATA[ Test case started: verifyExpiryDateEqualToSystemDateThenNoRedeem
]]></system-out>
  </testcase>
  <testcase name="verifyExpiryDateEqualToSystemDateThenNoRedeem" classname="zapcg.Capillary.MemberDetailsTestCases.memberDetails_TestCases" time="0">
    <system-out><![CDATA[The name of the testcase passed is : testUsernameWithSpaces_TestCase6
Test execution completed on FirefoxDriver with device: Tablet Landscape
 Test case started: verifyExpiryDateEqualToSystemDateThenNoRedeem
]]></system-out>
  </testcase>
  <testcase name="verifyExpiryDateEqualToSystemDateThenNoRedeem" classname="zapcg.Capillary.MemberDetailsTestCases.memberDetails_TestCases" time="0">
    <skipped message="Unable to locate element: #MS016IN&#10;For documentation on this error, please visit: https://www.selenium.dev/documentation/webdriver/troubleshooting/errors#no-such-element-exception&#10;Build info: version: &apos;4.22.0&apos;, revision: &apos;c5f3146703*&apos;&#10;System info: os.name: &apos;Windows 10&apos;, os.arch: &apos;amd64&apos;, os.version: &apos;10.0&apos;, java.version: &apos;15.0.2&apos;&#10;Driver info: org.openqa.selenium.firefox.FirefoxDriver&#10;Command: [3fbffb82-2e03-4e1b-a54d-6faf0c25ffe9, findElement {value=MS016IN, using=id}]&#10;Capabilities {acceptInsecureCerts: true, browserName: firefox, browserVersion: 128.0, moz:accessibilityChecks: false, moz:buildID: 20240628091536, moz:debuggerAddress: 127.0.0.1:35066, moz:geckodriverVersion: 0.34.0, moz:headless: false, moz:platformVersion: 10.0, moz:processID: 22092, moz:profile: C:\Users\KAJALS~1\AppData\L..., moz:shutdownTimeout: 60000, moz:webdriverClick: true, moz:windowless: false, pageLoadStrategy: normal, platformName: windows, proxy: Proxy(), se:cdp: ws://127.0.0.1:35066/devtoo..., se:cdpVersion: 85.0, setWindowRect: true, strictFileInteractability: false, timeouts: {implicit: 0, pageLoad: 300000, script: 30000}, unhandledPromptBehavior: dismiss and notify, userAgent: Mozilla/5.0 (Windows NT 10....}&#10;Session ID: 3fbffb82-2e03-4e1b-a54d-6faf0c25ffe9"/>
    <system-out><![CDATA[ Test case started: verifyExpiryDateEqualToSystemDateThenNoRedeem
]]></system-out>
  </testcase>
  <testcase name="verifyExpiryDateEqualToSystemDateThenNoRedeem" classname="zapcg.Capillary.MemberDetailsTestCases.memberDetails_TestCases" time="0">
    <skipped message="Unable to locate element: #MS016IN&#10;For documentation on this error, please visit: https://www.selenium.dev/documentation/webdriver/troubleshooting/errors#no-such-element-exception&#10;Build info: version: &apos;4.22.0&apos;, revision: &apos;c5f3146703*&apos;&#10;System info: os.name: &apos;Windows 10&apos;, os.arch: &apos;amd64&apos;, os.version: &apos;10.0&apos;, java.version: &apos;15.0.2&apos;&#10;Driver info: org.openqa.selenium.firefox.FirefoxDriver&#10;Command: [51eb54fa-c878-4790-9865-4906cec5a603, findElement {value=MS016IN, using=id}]&#10;Capabilities {acceptInsecureCerts: true, browserName: firefox, browserVersion: 128.0, moz:accessibilityChecks: false, moz:buildID: 20240628091536, moz:debuggerAddress: 127.0.0.1:18237, moz:geckodriverVersion: 0.34.0, moz:headless: false, moz:platformVersion: 10.0, moz:processID: 55904, moz:profile: C:\Users\KAJALS~1\AppData\L..., moz:shutdownTimeout: 60000, moz:webdriverClick: true, moz:windowless: false, pageLoadStrategy: normal, platformName: windows, proxy: Proxy(), se:cdp: ws://127.0.0.1:18237/devtoo..., se:cdpVersion: 85.0, setWindowRect: true, strictFileInteractability: false, timeouts: {implicit: 0, pageLoad: 300000, script: 30000}, unhandledPromptBehavior: dismiss and notify, userAgent: Mozilla/5.0 (Windows NT 10....}&#10;Session ID: 51eb54fa-c878-4790-9865-4906cec5a603"/>
    <system-out><![CDATA[ Test case started: verifyExpiryDateEqualToSystemDateThenNoRedeem
]]></system-out>
  </testcase>
  <testcase name="verifyExpiryDateEqualToSystemDateThenNoRedeem" classname="zapcg.Capillary.MemberDetailsTestCases.memberDetails_TestCases" time="0">
    <skipped message="Unable to locate element: #MS016IN&#10;For documentation on this error, please visit: https://www.selenium.dev/documentation/webdriver/troubleshooting/errors#no-such-element-exception&#10;Build info: version: &apos;4.22.0&apos;, revision: &apos;c5f3146703*&apos;&#10;System info: os.name: &apos;Windows 10&apos;, os.arch: &apos;amd64&apos;, os.version: &apos;10.0&apos;, java.version: &apos;15.0.2&apos;&#10;Driver info: org.openqa.selenium.firefox.FirefoxDriver&#10;Command: [c027d3e6-0b97-4033-acc4-8e3fb0063a8a, findElement {value=MS016IN, using=id}]&#10;Capabilities {acceptInsecureCerts: true, browserName: firefox, browserVersion: 128.0, moz:accessibilityChecks: false, moz:buildID: 20240628091536, moz:debuggerAddress: 127.0.0.1:9955, moz:geckodriverVersion: 0.34.0, moz:headless: false, moz:platformVersion: 10.0, moz:processID: 47260, moz:profile: C:\Users\KAJALS~1\AppData\L..., moz:shutdownTimeout: 60000, moz:webdriverClick: true, moz:windowless: false, pageLoadStrategy: normal, platformName: windows, proxy: Proxy(), se:cdp: ws://127.0.0.1:9955/devtool..., se:cdpVersion: 85.0, setWindowRect: true, strictFileInteractability: false, timeouts: {implicit: 0, pageLoad: 300000, script: 30000}, unhandledPromptBehavior: dismiss and notify, userAgent: Mozilla/5.0 (Windows NT 10....}&#10;Session ID: c027d3e6-0b97-4033-acc4-8e3fb0063a8a"/>
    <system-out><![CDATA[ Test case started: verifyExpiryDateEqualToSystemDateThenNoRedeem
]]></system-out>
  </testcase>
  <testcase name="verifyExpiryDateEqualToSystemDateThenNoRedeem" classname="zapcg.Capillary.MemberDetailsTestCases.memberDetails_TestCases" time="0">
    <skipped message="Unable to locate element: #MS016IN&#10;For documentation on this error, please visit: https://www.selenium.dev/documentation/webdriver/troubleshooting/errors#no-such-element-exception&#10;Build info: version: &apos;4.22.0&apos;, revision: &apos;c5f3146703*&apos;&#10;System info: os.name: &apos;Windows 10&apos;, os.arch: &apos;amd64&apos;, os.version: &apos;10.0&apos;, java.version: &apos;15.0.2&apos;&#10;Driver info: org.openqa.selenium.firefox.FirefoxDriver&#10;Command: [1ecd646d-f0d3-4c20-96fb-7f66f5cb5809, findElement {value=MS016IN, using=id}]&#10;Capabilities {acceptInsecureCerts: true, browserName: firefox, browserVersion: 128.0, moz:accessibilityChecks: false, moz:buildID: 20240628091536, moz:debuggerAddress: 127.0.0.1:39132, moz:geckodriverVersion: 0.34.0, moz:headless: false, moz:platformVersion: 10.0, moz:processID: 50892, moz:profile: C:\Users\KAJALS~1\AppData\L..., moz:shutdownTimeout: 60000, moz:webdriverClick: true, moz:windowless: false, pageLoadStrategy: normal, platformName: windows, proxy: Proxy(), se:cdp: ws://127.0.0.1:39132/devtoo..., se:cdpVersion: 85.0, setWindowRect: true, strictFileInteractability: false, timeouts: {implicit: 0, pageLoad: 300000, script: 30000}, unhandledPromptBehavior: dismiss and notify, userAgent: Mozilla/5.0 (Windows NT 10....}&#10;Session ID: 1ecd646d-f0d3-4c20-96fb-7f66f5cb5809"/>
    <system-out><![CDATA[ Test case started: verifyExpiryDateEqualToSystemDateThenNoRedeem
]]></system-out>
  </testcase>
  <testcase name="verifyHamBurgerMemberLookupOption" classname="zapcg.Capillary.MemberDetailsTestCases.memberDetails_TestCases" time="2.829">
    <system-out><![CDATA[The name of the testcase passed is : verifyForEnabledLoginButton_TestCase7
Test execution completed on ChromeDriver with device: Tablet Portrait
 Test case started: verifyHamBurgerMemberLookupOption
Hamburger icon clicked successfully.
Member lookup option from Hamburger icon clicked successfully.
Successfully navigated to the member lookup screen
]]></system-out>
  </testcase>
  <testcase name="verifyHamBurgerMemberLookupOption" classname="zapcg.Capillary.MemberDetailsTestCases.memberDetails_TestCases" time="4.046">
    <system-out><![CDATA[The name of the testcase passed is : verifyForEnabledLoginButton_TestCase7
Test execution completed on ChromeDriver with device: Tablet Landscape
 Test case started: verifyHamBurgerMemberLookupOption
Hamburger icon clicked successfully.
Member lookup option from Hamburger icon clicked successfully.
Successfully navigated to the member lookup screen
]]></system-out>
  </testcase>
  <testcase name="verifyHamBurgerMemberLookupOption" classname="zapcg.Capillary.MemberDetailsTestCases.memberDetails_TestCases" time="2.779">
    <system-out><![CDATA[The name of the testcase passed is : verifyForEnabledLoginButton_TestCase7
Test execution completed on ChromeDriver with device: iPhone 11 Pro Portrait
 Test case started: verifyHamBurgerMemberLookupOption
Hamburger icon clicked successfully.
Member lookup option from Hamburger icon clicked successfully.
Successfully navigated to the member lookup screen
]]></system-out>
  </testcase>
  <testcase name="verifyHamBurgerMemberLookupOption" classname="zapcg.Capillary.MemberDetailsTestCases.memberDetails_TestCases" time="2.705">
    <system-out><![CDATA[The name of the testcase passed is : verifyForEnabledLoginButton_TestCase7
Test execution completed on ChromeDriver with device: iPhone 11 Pro Landscape
 Test case started: verifyHamBurgerMemberLookupOption
Hamburger icon clicked successfully.
Member lookup option from Hamburger icon clicked successfully.
Successfully navigated to the member lookup screen
]]></system-out>
  </testcase>
  <testcase name="verifyHamBurgerMemberLookupOption" classname="zapcg.Capillary.MemberDetailsTestCases.memberDetails_TestCases" time="0">
    <skipped message="no such element: Unable to locate element: {&quot;method&quot;:&quot;css selector&quot;,&quot;selector&quot;:&quot;#MS016IN&quot;}&#10;  (Session info: chrome=126.0.6478.57)&#10;For documentation on this error, please visit: https://www.selenium.dev/documentation/webdriver/troubleshooting/errors#no-such-element-exception&#10;Build info: version: &apos;4.22.0&apos;, revision: &apos;c5f3146703*&apos;&#10;System info: os.name: &apos;Windows 10&apos;, os.arch: &apos;amd64&apos;, os.version: &apos;10.0&apos;, java.version: &apos;15.0.2&apos;&#10;Driver info: org.openqa.selenium.chrome.ChromeDriver&#10;Command: [adf3b4d4a6156349526db4852671fafc, findElement {value=MS016IN, using=id}]&#10;Capabilities {acceptInsecureCerts: false, browserName: chrome, browserVersion: 126.0.6478.57, chrome: {chromedriverVersion: 126.0.6478.126 (d36ace6122e..., userDataDir: C:\Users\KAJALS~1\AppData\L...}, fedcm:accounts: true, goog:chromeOptions: {debuggerAddress: localhost:65097}, networkConnectionEnabled: false, pageLoadStrategy: normal, platformName: windows, proxy: Proxy(), se:cdp: ws://localhost:65097/devtoo..., se:cdpVersion: 126.0.6478.57, setWindowRect: true, strictFileInteractability: false, timeouts: {implicit: 0, pageLoad: 300000, script: 30000}, unhandledPromptBehavior: dismiss and notify, webauthn:extension:credBlob: true, webauthn:extension:largeBlob: true, webauthn:extension:minPinLength: true, webauthn:extension:prf: true, webauthn:virtualAuthenticators: true}&#10;Session ID: adf3b4d4a6156349526db4852671fafc"/>
    <system-out><![CDATA[ Test case started: verifyHamBurgerMemberLookupOption
]]></system-out>
  </testcase>
  <testcase name="verifyHamBurgerMemberLookupOption" classname="zapcg.Capillary.MemberDetailsTestCases.memberDetails_TestCases" time="2.928">
    <system-out><![CDATA[The name of the testcase passed is : verifyForEnabledLoginButton_TestCase7
Test execution completed on ChromeDriver with device: Galaxy S20 Landscape
 Test case started: verifyHamBurgerMemberLookupOption
Hamburger icon clicked successfully.
Member lookup option from Hamburger icon clicked successfully.
Successfully navigated to the member lookup screen
]]></system-out>
  </testcase>
  <testcase name="verifyHamBurgerMemberLookupOption" classname="zapcg.Capillary.MemberDetailsTestCases.memberDetails_TestCases" time="0">
    <skipped message="Session ID is null. Using WebDriver after calling quit()?&#10;Build info: version: &apos;4.22.0&apos;, revision: &apos;c5f3146703*&apos;&#10;System info: os.name: &apos;Windows 10&apos;, os.arch: &apos;amd64&apos;, os.version: &apos;10.0&apos;, java.version: &apos;15.0.2&apos;&#10;Driver info: org.openqa.selenium.firefox.FirefoxDriver&#10;Command: [null, get {url=https://d1msv2sqknn4w4.cloudfront.net}]&#10;Capabilities {acceptInsecureCerts: true, browserName: firefox, browserVersion: 128.0, moz:accessibilityChecks: false, moz:buildID: 20240626091446, moz:debuggerAddress: 127.0.0.1:41435, moz:geckodriverVersion: 0.34.0, moz:headless: false, moz:platformVersion: 10.0, moz:processID: 47624, moz:profile: C:\Users\KAJALS~1\AppData\L..., moz:shutdownTimeout: 60000, moz:webdriverClick: true, moz:windowless: false, pageLoadStrategy: normal, platformName: windows, proxy: Proxy(), se:cdp: ws://127.0.0.1:41435/devtoo..., se:cdpVersion: 85.0, setWindowRect: true, strictFileInteractability: false, timeouts: {implicit: 0, pageLoad: 300000, script: 30000}, unhandledPromptBehavior: dismiss and notify, userAgent: Mozilla/5.0 (Windows NT 10....}"/>
    <system-out><![CDATA[ Test case started: verifyHamBurgerMemberLookupOption
]]></system-out>
  </testcase>
  <testcase name="verifyHamBurgerMemberLookupOption" classname="zapcg.Capillary.MemberDetailsTestCases.memberDetails_TestCases" time="2.914">
    <system-out><![CDATA[The name of the testcase passed is : verifyForEnabledLoginButton_TestCase7
Test execution completed on FirefoxDriver with device: Tablet Landscape
 Test case started: verifyHamBurgerMemberLookupOption
Hamburger icon clicked successfully.
Member lookup option from Hamburger icon clicked successfully.
Successfully navigated to the member lookup screen
]]></system-out>
  </testcase>
  <testcase name="verifyHamBurgerMemberLookupOption" classname="zapcg.Capillary.MemberDetailsTestCases.memberDetails_TestCases" time="0">
    <skipped message="Unable to locate element: #MS016IN&#10;For documentation on this error, please visit: https://www.selenium.dev/documentation/webdriver/troubleshooting/errors#no-such-element-exception&#10;Build info: version: &apos;4.22.0&apos;, revision: &apos;c5f3146703*&apos;&#10;System info: os.name: &apos;Windows 10&apos;, os.arch: &apos;amd64&apos;, os.version: &apos;10.0&apos;, java.version: &apos;15.0.2&apos;&#10;Driver info: org.openqa.selenium.firefox.FirefoxDriver&#10;Command: [3fbffb82-2e03-4e1b-a54d-6faf0c25ffe9, findElement {value=MS016IN, using=id}]&#10;Capabilities {acceptInsecureCerts: true, browserName: firefox, browserVersion: 128.0, moz:accessibilityChecks: false, moz:buildID: 20240628091536, moz:debuggerAddress: 127.0.0.1:35066, moz:geckodriverVersion: 0.34.0, moz:headless: false, moz:platformVersion: 10.0, moz:processID: 22092, moz:profile: C:\Users\KAJALS~1\AppData\L..., moz:shutdownTimeout: 60000, moz:webdriverClick: true, moz:windowless: false, pageLoadStrategy: normal, platformName: windows, proxy: Proxy(), se:cdp: ws://127.0.0.1:35066/devtoo..., se:cdpVersion: 85.0, setWindowRect: true, strictFileInteractability: false, timeouts: {implicit: 0, pageLoad: 300000, script: 30000}, unhandledPromptBehavior: dismiss and notify, userAgent: Mozilla/5.0 (Windows NT 10....}&#10;Session ID: 3fbffb82-2e03-4e1b-a54d-6faf0c25ffe9"/>
    <system-out><![CDATA[ Test case started: verifyHamBurgerMemberLookupOption
]]></system-out>
  </testcase>
  <testcase name="verifyHamBurgerMemberLookupOption" classname="zapcg.Capillary.MemberDetailsTestCases.memberDetails_TestCases" time="0">
    <skipped message="Unable to locate element: #MS016IN&#10;For documentation on this error, please visit: https://www.selenium.dev/documentation/webdriver/troubleshooting/errors#no-such-element-exception&#10;Build info: version: &apos;4.22.0&apos;, revision: &apos;c5f3146703*&apos;&#10;System info: os.name: &apos;Windows 10&apos;, os.arch: &apos;amd64&apos;, os.version: &apos;10.0&apos;, java.version: &apos;15.0.2&apos;&#10;Driver info: org.openqa.selenium.firefox.FirefoxDriver&#10;Command: [51eb54fa-c878-4790-9865-4906cec5a603, findElement {value=MS016IN, using=id}]&#10;Capabilities {acceptInsecureCerts: true, browserName: firefox, browserVersion: 128.0, moz:accessibilityChecks: false, moz:buildID: 20240628091536, moz:debuggerAddress: 127.0.0.1:18237, moz:geckodriverVersion: 0.34.0, moz:headless: false, moz:platformVersion: 10.0, moz:processID: 55904, moz:profile: C:\Users\KAJALS~1\AppData\L..., moz:shutdownTimeout: 60000, moz:webdriverClick: true, moz:windowless: false, pageLoadStrategy: normal, platformName: windows, proxy: Proxy(), se:cdp: ws://127.0.0.1:18237/devtoo..., se:cdpVersion: 85.0, setWindowRect: true, strictFileInteractability: false, timeouts: {implicit: 0, pageLoad: 300000, script: 30000}, unhandledPromptBehavior: dismiss and notify, userAgent: Mozilla/5.0 (Windows NT 10....}&#10;Session ID: 51eb54fa-c878-4790-9865-4906cec5a603"/>
    <system-out><![CDATA[ Test case started: verifyHamBurgerMemberLookupOption
]]></system-out>
  </testcase>
  <testcase name="verifyHamBurgerMemberLookupOption" classname="zapcg.Capillary.MemberDetailsTestCases.memberDetails_TestCases" time="0">
    <skipped message="Unable to locate element: #MS016IN&#10;For documentation on this error, please visit: https://www.selenium.dev/documentation/webdriver/troubleshooting/errors#no-such-element-exception&#10;Build info: version: &apos;4.22.0&apos;, revision: &apos;c5f3146703*&apos;&#10;System info: os.name: &apos;Windows 10&apos;, os.arch: &apos;amd64&apos;, os.version: &apos;10.0&apos;, java.version: &apos;15.0.2&apos;&#10;Driver info: org.openqa.selenium.firefox.FirefoxDriver&#10;Command: [c027d3e6-0b97-4033-acc4-8e3fb0063a8a, findElement {value=MS016IN, using=id}]&#10;Capabilities {acceptInsecureCerts: true, browserName: firefox, browserVersion: 128.0, moz:accessibilityChecks: false, moz:buildID: 20240628091536, moz:debuggerAddress: 127.0.0.1:9955, moz:geckodriverVersion: 0.34.0, moz:headless: false, moz:platformVersion: 10.0, moz:processID: 47260, moz:profile: C:\Users\KAJALS~1\AppData\L..., moz:shutdownTimeout: 60000, moz:webdriverClick: true, moz:windowless: false, pageLoadStrategy: normal, platformName: windows, proxy: Proxy(), se:cdp: ws://127.0.0.1:9955/devtool..., se:cdpVersion: 85.0, setWindowRect: true, strictFileInteractability: false, timeouts: {implicit: 0, pageLoad: 300000, script: 30000}, unhandledPromptBehavior: dismiss and notify, userAgent: Mozilla/5.0 (Windows NT 10....}&#10;Session ID: c027d3e6-0b97-4033-acc4-8e3fb0063a8a"/>
    <system-out><![CDATA[ Test case started: verifyHamBurgerMemberLookupOption
]]></system-out>
  </testcase>
  <testcase name="verifyHamBurgerMemberLookupOption" classname="zapcg.Capillary.MemberDetailsTestCases.memberDetails_TestCases" time="0">
    <skipped message="Unable to locate element: #MS016IN&#10;For documentation on this error, please visit: https://www.selenium.dev/documentation/webdriver/troubleshooting/errors#no-such-element-exception&#10;Build info: version: &apos;4.22.0&apos;, revision: &apos;c5f3146703*&apos;&#10;System info: os.name: &apos;Windows 10&apos;, os.arch: &apos;amd64&apos;, os.version: &apos;10.0&apos;, java.version: &apos;15.0.2&apos;&#10;Driver info: org.openqa.selenium.firefox.FirefoxDriver&#10;Command: [1ecd646d-f0d3-4c20-96fb-7f66f5cb5809, findElement {value=MS016IN, using=id}]&#10;Capabilities {acceptInsecureCerts: true, browserName: firefox, browserVersion: 128.0, moz:accessibilityChecks: false, moz:buildID: 20240628091536, moz:debuggerAddress: 127.0.0.1:39132, moz:geckodriverVersion: 0.34.0, moz:headless: false, moz:platformVersion: 10.0, moz:processID: 50892, moz:profile: C:\Users\KAJALS~1\AppData\L..., moz:shutdownTimeout: 60000, moz:webdriverClick: true, moz:windowless: false, pageLoadStrategy: normal, platformName: windows, proxy: Proxy(), se:cdp: ws://127.0.0.1:39132/devtoo..., se:cdpVersion: 85.0, setWindowRect: true, strictFileInteractability: false, timeouts: {implicit: 0, pageLoad: 300000, script: 30000}, unhandledPromptBehavior: dismiss and notify, userAgent: Mozilla/5.0 (Windows NT 10....}&#10;Session ID: 1ecd646d-f0d3-4c20-96fb-7f66f5cb5809"/>
    <system-out><![CDATA[ Test case started: verifyHamBurgerMemberLookupOption
]]></system-out>
  </testcase>
  <testcase name="verifyHamBurgerLocationOption" classname="zapcg.Capillary.MemberDetailsTestCases.memberDetails_TestCases" time="2.855">
    <system-out><![CDATA[The name of the testcase passed is : verifyForDisabledLoginButtonForEmptyUsername_TestCase8
Test execution completed on ChromeDriver with device: Tablet Portrait
 Test case started: verifyHamBurgerLocationOption
Hamburger icon clicked successfully.
Location option from Hamburger icon clicked successfully.
Successfully navigated to the Location screen
]]></system-out>
  </testcase>
  <testcase name="verifyHamBurgerLocationOption" classname="zapcg.Capillary.MemberDetailsTestCases.memberDetails_TestCases" time="2.901">
    <system-out><![CDATA[The name of the testcase passed is : verifyForDisabledLoginButtonForEmptyUsername_TestCase8
Test execution completed on ChromeDriver with device: Tablet Landscape
 Test case started: verifyHamBurgerLocationOption
Hamburger icon clicked successfully.
Location option from Hamburger icon clicked successfully.
Successfully navigated to the Location screen
]]></system-out>
  </testcase>
  <testcase name="verifyHamBurgerLocationOption" classname="zapcg.Capillary.MemberDetailsTestCases.memberDetails_TestCases" time="2.404">
    <system-out><![CDATA[The name of the testcase passed is : verifyForDisabledLoginButtonForEmptyUsername_TestCase8
Test execution completed on ChromeDriver with device: iPhone 11 Pro Portrait
 Test case started: verifyHamBurgerLocationOption
Hamburger icon clicked successfully.
Location option from Hamburger icon clicked successfully.
Successfully navigated to the Location screen
]]></system-out>
  </testcase>
  <testcase name="verifyHamBurgerLocationOption" classname="zapcg.Capillary.MemberDetailsTestCases.memberDetails_TestCases" time="2.812">
    <system-out><![CDATA[The name of the testcase passed is : verifyForDisabledLoginButtonForEmptyUsername_TestCase8
Test execution completed on ChromeDriver with device: iPhone 11 Pro Landscape
 Test case started: verifyHamBurgerLocationOption
Hamburger icon clicked successfully.
Location option from Hamburger icon clicked successfully.
Successfully navigated to the Location screen
]]></system-out>
  </testcase>
  <testcase name="verifyHamBurgerLocationOption" classname="zapcg.Capillary.MemberDetailsTestCases.memberDetails_TestCases" time="0">
    <skipped message="no such element: Unable to locate element: {&quot;method&quot;:&quot;css selector&quot;,&quot;selector&quot;:&quot;#MS016IN&quot;}&#10;  (Session info: chrome=126.0.6478.57)&#10;For documentation on this error, please visit: https://www.selenium.dev/documentation/webdriver/troubleshooting/errors#no-such-element-exception&#10;Build info: version: &apos;4.22.0&apos;, revision: &apos;c5f3146703*&apos;&#10;System info: os.name: &apos;Windows 10&apos;, os.arch: &apos;amd64&apos;, os.version: &apos;10.0&apos;, java.version: &apos;15.0.2&apos;&#10;Driver info: org.openqa.selenium.chrome.ChromeDriver&#10;Command: [adf3b4d4a6156349526db4852671fafc, findElement {value=MS016IN, using=id}]&#10;Capabilities {acceptInsecureCerts: false, browserName: chrome, browserVersion: 126.0.6478.57, chrome: {chromedriverVersion: 126.0.6478.126 (d36ace6122e..., userDataDir: C:\Users\KAJALS~1\AppData\L...}, fedcm:accounts: true, goog:chromeOptions: {debuggerAddress: localhost:65097}, networkConnectionEnabled: false, pageLoadStrategy: normal, platformName: windows, proxy: Proxy(), se:cdp: ws://localhost:65097/devtoo..., se:cdpVersion: 126.0.6478.57, setWindowRect: true, strictFileInteractability: false, timeouts: {implicit: 0, pageLoad: 300000, script: 30000}, unhandledPromptBehavior: dismiss and notify, webauthn:extension:credBlob: true, webauthn:extension:largeBlob: true, webauthn:extension:minPinLength: true, webauthn:extension:prf: true, webauthn:virtualAuthenticators: true}&#10;Session ID: adf3b4d4a6156349526db4852671fafc"/>
    <system-out><![CDATA[ Test case started: verifyHamBurgerLocationOption
]]></system-out>
  </testcase>
  <testcase name="verifyHamBurgerLocationOption" classname="zapcg.Capillary.MemberDetailsTestCases.memberDetails_TestCases" time="3.027">
    <system-out><![CDATA[The name of the testcase passed is : verifyForDisabledLoginButtonForEmptyUsername_TestCase8
Test execution completed on ChromeDriver with device: Galaxy S20 Landscape
 Test case started: verifyHamBurgerLocationOption
Hamburger icon clicked successfully.
Location option from Hamburger icon clicked successfully.
Successfully navigated to the Location screen
]]></system-out>
  </testcase>
  <testcase name="verifyHamBurgerLocationOption" classname="zapcg.Capillary.MemberDetailsTestCases.memberDetails_TestCases" time="0">
    <skipped message="Session ID is null. Using WebDriver after calling quit()?&#10;Build info: version: &apos;4.22.0&apos;, revision: &apos;c5f3146703*&apos;&#10;System info: os.name: &apos;Windows 10&apos;, os.arch: &apos;amd64&apos;, os.version: &apos;10.0&apos;, java.version: &apos;15.0.2&apos;&#10;Driver info: org.openqa.selenium.firefox.FirefoxDriver&#10;Command: [null, get {url=https://d1msv2sqknn4w4.cloudfront.net}]&#10;Capabilities {acceptInsecureCerts: true, browserName: firefox, browserVersion: 128.0, moz:accessibilityChecks: false, moz:buildID: 20240626091446, moz:debuggerAddress: 127.0.0.1:41435, moz:geckodriverVersion: 0.34.0, moz:headless: false, moz:platformVersion: 10.0, moz:processID: 47624, moz:profile: C:\Users\KAJALS~1\AppData\L..., moz:shutdownTimeout: 60000, moz:webdriverClick: true, moz:windowless: false, pageLoadStrategy: normal, platformName: windows, proxy: Proxy(), se:cdp: ws://127.0.0.1:41435/devtoo..., se:cdpVersion: 85.0, setWindowRect: true, strictFileInteractability: false, timeouts: {implicit: 0, pageLoad: 300000, script: 30000}, unhandledPromptBehavior: dismiss and notify, userAgent: Mozilla/5.0 (Windows NT 10....}"/>
    <system-out><![CDATA[ Test case started: verifyHamBurgerLocationOption
]]></system-out>
  </testcase>
  <testcase name="verifyHamBurgerLocationOption" classname="zapcg.Capillary.MemberDetailsTestCases.memberDetails_TestCases" time="3.668">
    <system-out><![CDATA[The name of the testcase passed is : verifyForDisabledLoginButtonForEmptyUsername_TestCase8
Test execution completed on FirefoxDriver with device: Tablet Landscape
 Test case started: verifyHamBurgerLocationOption
Hamburger icon clicked successfully.
Location option from Hamburger icon clicked successfully.
Successfully navigated to the Location screen
]]></system-out>
  </testcase>
  <testcase name="verifyHamBurgerLocationOption" classname="zapcg.Capillary.MemberDetailsTestCases.memberDetails_TestCases" time="0">
    <skipped message="Unable to locate element: #MS016IN&#10;For documentation on this error, please visit: https://www.selenium.dev/documentation/webdriver/troubleshooting/errors#no-such-element-exception&#10;Build info: version: &apos;4.22.0&apos;, revision: &apos;c5f3146703*&apos;&#10;System info: os.name: &apos;Windows 10&apos;, os.arch: &apos;amd64&apos;, os.version: &apos;10.0&apos;, java.version: &apos;15.0.2&apos;&#10;Driver info: org.openqa.selenium.firefox.FirefoxDriver&#10;Command: [3fbffb82-2e03-4e1b-a54d-6faf0c25ffe9, findElement {value=MS016IN, using=id}]&#10;Capabilities {acceptInsecureCerts: true, browserName: firefox, browserVersion: 128.0, moz:accessibilityChecks: false, moz:buildID: 20240628091536, moz:debuggerAddress: 127.0.0.1:35066, moz:geckodriverVersion: 0.34.0, moz:headless: false, moz:platformVersion: 10.0, moz:processID: 22092, moz:profile: C:\Users\KAJALS~1\AppData\L..., moz:shutdownTimeout: 60000, moz:webdriverClick: true, moz:windowless: false, pageLoadStrategy: normal, platformName: windows, proxy: Proxy(), se:cdp: ws://127.0.0.1:35066/devtoo..., se:cdpVersion: 85.0, setWindowRect: true, strictFileInteractability: false, timeouts: {implicit: 0, pageLoad: 300000, script: 30000}, unhandledPromptBehavior: dismiss and notify, userAgent: Mozilla/5.0 (Windows NT 10....}&#10;Session ID: 3fbffb82-2e03-4e1b-a54d-6faf0c25ffe9"/>
    <system-out><![CDATA[ Test case started: verifyHamBurgerLocationOption
]]></system-out>
  </testcase>
  <testcase name="verifyHamBurgerLocationOption" classname="zapcg.Capillary.MemberDetailsTestCases.memberDetails_TestCases" time="0">
    <skipped message="Unable to locate element: #MS016IN&#10;For documentation on this error, please visit: https://www.selenium.dev/documentation/webdriver/troubleshooting/errors#no-such-element-exception&#10;Build info: version: &apos;4.22.0&apos;, revision: &apos;c5f3146703*&apos;&#10;System info: os.name: &apos;Windows 10&apos;, os.arch: &apos;amd64&apos;, os.version: &apos;10.0&apos;, java.version: &apos;15.0.2&apos;&#10;Driver info: org.openqa.selenium.firefox.FirefoxDriver&#10;Command: [51eb54fa-c878-4790-9865-4906cec5a603, findElement {value=MS016IN, using=id}]&#10;Capabilities {acceptInsecureCerts: true, browserName: firefox, browserVersion: 128.0, moz:accessibilityChecks: false, moz:buildID: 20240628091536, moz:debuggerAddress: 127.0.0.1:18237, moz:geckodriverVersion: 0.34.0, moz:headless: false, moz:platformVersion: 10.0, moz:processID: 55904, moz:profile: C:\Users\KAJALS~1\AppData\L..., moz:shutdownTimeout: 60000, moz:webdriverClick: true, moz:windowless: false, pageLoadStrategy: normal, platformName: windows, proxy: Proxy(), se:cdp: ws://127.0.0.1:18237/devtoo..., se:cdpVersion: 85.0, setWindowRect: true, strictFileInteractability: false, timeouts: {implicit: 0, pageLoad: 300000, script: 30000}, unhandledPromptBehavior: dismiss and notify, userAgent: Mozilla/5.0 (Windows NT 10....}&#10;Session ID: 51eb54fa-c878-4790-9865-4906cec5a603"/>
    <system-out><![CDATA[ Test case started: verifyHamBurgerLocationOption
]]></system-out>
  </testcase>
  <testcase name="verifyHamBurgerLocationOption" classname="zapcg.Capillary.MemberDetailsTestCases.memberDetails_TestCases" time="0">
    <skipped message="Unable to locate element: #MS016IN&#10;For documentation on this error, please visit: https://www.selenium.dev/documentation/webdriver/troubleshooting/errors#no-such-element-exception&#10;Build info: version: &apos;4.22.0&apos;, revision: &apos;c5f3146703*&apos;&#10;System info: os.name: &apos;Windows 10&apos;, os.arch: &apos;amd64&apos;, os.version: &apos;10.0&apos;, java.version: &apos;15.0.2&apos;&#10;Driver info: org.openqa.selenium.firefox.FirefoxDriver&#10;Command: [c027d3e6-0b97-4033-acc4-8e3fb0063a8a, findElement {value=MS016IN, using=id}]&#10;Capabilities {acceptInsecureCerts: true, browserName: firefox, browserVersion: 128.0, moz:accessibilityChecks: false, moz:buildID: 20240628091536, moz:debuggerAddress: 127.0.0.1:9955, moz:geckodriverVersion: 0.34.0, moz:headless: false, moz:platformVersion: 10.0, moz:processID: 47260, moz:profile: C:\Users\KAJALS~1\AppData\L..., moz:shutdownTimeout: 60000, moz:webdriverClick: true, moz:windowless: false, pageLoadStrategy: normal, platformName: windows, proxy: Proxy(), se:cdp: ws://127.0.0.1:9955/devtool..., se:cdpVersion: 85.0, setWindowRect: true, strictFileInteractability: false, timeouts: {implicit: 0, pageLoad: 300000, script: 30000}, unhandledPromptBehavior: dismiss and notify, userAgent: Mozilla/5.0 (Windows NT 10....}&#10;Session ID: c027d3e6-0b97-4033-acc4-8e3fb0063a8a"/>
    <system-out><![CDATA[ Test case started: verifyHamBurgerLocationOption
]]></system-out>
  </testcase>
  <testcase name="verifyHamBurgerLocationOption" classname="zapcg.Capillary.MemberDetailsTestCases.memberDetails_TestCases" time="0">
    <skipped message="Unable to locate element: #MS016IN&#10;For documentation on this error, please visit: https://www.selenium.dev/documentation/webdriver/troubleshooting/errors#no-such-element-exception&#10;Build info: version: &apos;4.22.0&apos;, revision: &apos;c5f3146703*&apos;&#10;System info: os.name: &apos;Windows 10&apos;, os.arch: &apos;amd64&apos;, os.version: &apos;10.0&apos;, java.version: &apos;15.0.2&apos;&#10;Driver info: org.openqa.selenium.firefox.FirefoxDriver&#10;Command: [1ecd646d-f0d3-4c20-96fb-7f66f5cb5809, findElement {value=MS016IN, using=id}]&#10;Capabilities {acceptInsecureCerts: true, browserName: firefox, browserVersion: 128.0, moz:accessibilityChecks: false, moz:buildID: 20240628091536, moz:debuggerAddress: 127.0.0.1:39132, moz:geckodriverVersion: 0.34.0, moz:headless: false, moz:platformVersion: 10.0, moz:processID: 50892, moz:profile: C:\Users\KAJALS~1\AppData\L..., moz:shutdownTimeout: 60000, moz:webdriverClick: true, moz:windowless: false, pageLoadStrategy: normal, platformName: windows, proxy: Proxy(), se:cdp: ws://127.0.0.1:39132/devtoo..., se:cdpVersion: 85.0, setWindowRect: true, strictFileInteractability: false, timeouts: {implicit: 0, pageLoad: 300000, script: 30000}, unhandledPromptBehavior: dismiss and notify, userAgent: Mozilla/5.0 (Windows NT 10....}&#10;Session ID: 1ecd646d-f0d3-4c20-96fb-7f66f5cb5809"/>
    <system-out><![CDATA[ Test case started: verifyHamBurgerLocationOption
]]></system-out>
  </testcase>
  <testcase name="verifyHamBurgerLogoutOption" classname="zapcg.Capillary.MemberDetailsTestCases.memberDetails_TestCases" time="2.76">
    <system-out><![CDATA[The name of the testcase passed is : verifyHamBurgerLocationOption
Test execution completed on ChromeDriver with device: Tablet Portrait
 Test case started: verifyHamBurgerLogoutOption
Hamburger icon clicked successfully.
Logout option from Hamburger icon clicked successfully.
Successfully navigated to the Login screen
]]></system-out>
  </testcase>
  <testcase name="verifyHamBurgerLogoutOption" classname="zapcg.Capillary.MemberDetailsTestCases.memberDetails_TestCases" time="2.959">
    <system-out><![CDATA[The name of the testcase passed is : verifyHamBurgerLocationOption
Test execution completed on ChromeDriver with device: Tablet Landscape
 Test case started: verifyHamBurgerLogoutOption
Hamburger icon clicked successfully.
Logout option from Hamburger icon clicked successfully.
Successfully navigated to the Login screen
]]></system-out>
  </testcase>
  <testcase name="verifyHamBurgerLogoutOption" classname="zapcg.Capillary.MemberDetailsTestCases.memberDetails_TestCases" time="2.802">
    <system-out><![CDATA[The name of the testcase passed is : verifyHamBurgerLocationOption
Test execution completed on ChromeDriver with device: iPhone 11 Pro Portrait
 Test case started: verifyHamBurgerLogoutOption
Hamburger icon clicked successfully.
Logout option from Hamburger icon clicked successfully.
Successfully navigated to the Login screen
]]></system-out>
  </testcase>
  <testcase name="verifyHamBurgerLogoutOption" classname="zapcg.Capillary.MemberDetailsTestCases.memberDetails_TestCases" time="2.781">
    <system-out><![CDATA[The name of the testcase passed is : verifyHamBurgerLocationOption
Test execution completed on ChromeDriver with device: iPhone 11 Pro Landscape
 Test case started: verifyHamBurgerLogoutOption
Hamburger icon clicked successfully.
Logout option from Hamburger icon clicked successfully.
Successfully navigated to the Login screen
]]></system-out>
  </testcase>
  <testcase name="verifyHamBurgerLogoutOption" classname="zapcg.Capillary.MemberDetailsTestCases.memberDetails_TestCases" time="0">
    <skipped message="no such element: Unable to locate element: {&quot;method&quot;:&quot;css selector&quot;,&quot;selector&quot;:&quot;#MS016IN&quot;}&#10;  (Session info: chrome=126.0.6478.57)&#10;For documentation on this error, please visit: https://www.selenium.dev/documentation/webdriver/troubleshooting/errors#no-such-element-exception&#10;Build info: version: &apos;4.22.0&apos;, revision: &apos;c5f3146703*&apos;&#10;System info: os.name: &apos;Windows 10&apos;, os.arch: &apos;amd64&apos;, os.version: &apos;10.0&apos;, java.version: &apos;15.0.2&apos;&#10;Driver info: org.openqa.selenium.chrome.ChromeDriver&#10;Command: [adf3b4d4a6156349526db4852671fafc, findElement {value=MS016IN, using=id}]&#10;Capabilities {acceptInsecureCerts: false, browserName: chrome, browserVersion: 126.0.6478.57, chrome: {chromedriverVersion: 126.0.6478.126 (d36ace6122e..., userDataDir: C:\Users\KAJALS~1\AppData\L...}, fedcm:accounts: true, goog:chromeOptions: {debuggerAddress: localhost:65097}, networkConnectionEnabled: false, pageLoadStrategy: normal, platformName: windows, proxy: Proxy(), se:cdp: ws://localhost:65097/devtoo..., se:cdpVersion: 126.0.6478.57, setWindowRect: true, strictFileInteractability: false, timeouts: {implicit: 0, pageLoad: 300000, script: 30000}, unhandledPromptBehavior: dismiss and notify, webauthn:extension:credBlob: true, webauthn:extension:largeBlob: true, webauthn:extension:minPinLength: true, webauthn:extension:prf: true, webauthn:virtualAuthenticators: true}&#10;Session ID: adf3b4d4a6156349526db4852671fafc"/>
    <system-out><![CDATA[ Test case started: verifyHamBurgerLogoutOption
]]></system-out>
  </testcase>
  <testcase name="verifyHamBurgerLogoutOption" classname="zapcg.Capillary.MemberDetailsTestCases.memberDetails_TestCases" time="2.816">
    <system-out><![CDATA[The name of the testcase passed is : verifyHamBurgerLocationOption
Test execution completed on ChromeDriver with device: Galaxy S20 Landscape
 Test case started: verifyHamBurgerLogoutOption
Hamburger icon clicked successfully.
Logout option from Hamburger icon clicked successfully.
Successfully navigated to the Login screen
]]></system-out>
  </testcase>
  <testcase name="verifyHamBurgerLogoutOption" classname="zapcg.Capillary.MemberDetailsTestCases.memberDetails_TestCases" time="0">
    <skipped message="Session ID is null. Using WebDriver after calling quit()?&#10;Build info: version: &apos;4.22.0&apos;, revision: &apos;c5f3146703*&apos;&#10;System info: os.name: &apos;Windows 10&apos;, os.arch: &apos;amd64&apos;, os.version: &apos;10.0&apos;, java.version: &apos;15.0.2&apos;&#10;Driver info: org.openqa.selenium.firefox.FirefoxDriver&#10;Command: [null, get {url=https://d1msv2sqknn4w4.cloudfront.net}]&#10;Capabilities {acceptInsecureCerts: true, browserName: firefox, browserVersion: 128.0, moz:accessibilityChecks: false, moz:buildID: 20240626091446, moz:debuggerAddress: 127.0.0.1:41435, moz:geckodriverVersion: 0.34.0, moz:headless: false, moz:platformVersion: 10.0, moz:processID: 47624, moz:profile: C:\Users\KAJALS~1\AppData\L..., moz:shutdownTimeout: 60000, moz:webdriverClick: true, moz:windowless: false, pageLoadStrategy: normal, platformName: windows, proxy: Proxy(), se:cdp: ws://127.0.0.1:41435/devtoo..., se:cdpVersion: 85.0, setWindowRect: true, strictFileInteractability: false, timeouts: {implicit: 0, pageLoad: 300000, script: 30000}, unhandledPromptBehavior: dismiss and notify, userAgent: Mozilla/5.0 (Windows NT 10....}"/>
    <system-out><![CDATA[ Test case started: verifyHamBurgerLogoutOption
]]></system-out>
  </testcase>
  <testcase name="verifyHamBurgerLogoutOption" classname="zapcg.Capillary.MemberDetailsTestCases.memberDetails_TestCases" time="2.862">
    <system-out><![CDATA[The name of the testcase passed is : verifyHamBurgerLocationOption
Test execution completed on FirefoxDriver with device: Tablet Landscape
 Test case started: verifyHamBurgerLogoutOption
Hamburger icon clicked successfully.
Logout option from Hamburger icon clicked successfully.
Successfully navigated to the Login screen
]]></system-out>
  </testcase>
  <testcase name="verifyHamBurgerLogoutOption" classname="zapcg.Capillary.MemberDetailsTestCases.memberDetails_TestCases" time="0">
    <skipped message="Unable to locate element: #MS016IN&#10;For documentation on this error, please visit: https://www.selenium.dev/documentation/webdriver/troubleshooting/errors#no-such-element-exception&#10;Build info: version: &apos;4.22.0&apos;, revision: &apos;c5f3146703*&apos;&#10;System info: os.name: &apos;Windows 10&apos;, os.arch: &apos;amd64&apos;, os.version: &apos;10.0&apos;, java.version: &apos;15.0.2&apos;&#10;Driver info: org.openqa.selenium.firefox.FirefoxDriver&#10;Command: [3fbffb82-2e03-4e1b-a54d-6faf0c25ffe9, findElement {value=MS016IN, using=id}]&#10;Capabilities {acceptInsecureCerts: true, browserName: firefox, browserVersion: 128.0, moz:accessibilityChecks: false, moz:buildID: 20240628091536, moz:debuggerAddress: 127.0.0.1:35066, moz:geckodriverVersion: 0.34.0, moz:headless: false, moz:platformVersion: 10.0, moz:processID: 22092, moz:profile: C:\Users\KAJALS~1\AppData\L..., moz:shutdownTimeout: 60000, moz:webdriverClick: true, moz:windowless: false, pageLoadStrategy: normal, platformName: windows, proxy: Proxy(), se:cdp: ws://127.0.0.1:35066/devtoo..., se:cdpVersion: 85.0, setWindowRect: true, strictFileInteractability: false, timeouts: {implicit: 0, pageLoad: 300000, script: 30000}, unhandledPromptBehavior: dismiss and notify, userAgent: Mozilla/5.0 (Windows NT 10....}&#10;Session ID: 3fbffb82-2e03-4e1b-a54d-6faf0c25ffe9"/>
    <system-out><![CDATA[ Test case started: verifyHamBurgerLogoutOption
]]></system-out>
  </testcase>
  <testcase name="verifyHamBurgerLogoutOption" classname="zapcg.Capillary.MemberDetailsTestCases.memberDetails_TestCases" time="0">
    <skipped message="Unable to locate element: #MS016IN&#10;For documentation on this error, please visit: https://www.selenium.dev/documentation/webdriver/troubleshooting/errors#no-such-element-exception&#10;Build info: version: &apos;4.22.0&apos;, revision: &apos;c5f3146703*&apos;&#10;System info: os.name: &apos;Windows 10&apos;, os.arch: &apos;amd64&apos;, os.version: &apos;10.0&apos;, java.version: &apos;15.0.2&apos;&#10;Driver info: org.openqa.selenium.firefox.FirefoxDriver&#10;Command: [51eb54fa-c878-4790-9865-4906cec5a603, findElement {value=MS016IN, using=id}]&#10;Capabilities {acceptInsecureCerts: true, browserName: firefox, browserVersion: 128.0, moz:accessibilityChecks: false, moz:buildID: 20240628091536, moz:debuggerAddress: 127.0.0.1:18237, moz:geckodriverVersion: 0.34.0, moz:headless: false, moz:platformVersion: 10.0, moz:processID: 55904, moz:profile: C:\Users\KAJALS~1\AppData\L..., moz:shutdownTimeout: 60000, moz:webdriverClick: true, moz:windowless: false, pageLoadStrategy: normal, platformName: windows, proxy: Proxy(), se:cdp: ws://127.0.0.1:18237/devtoo..., se:cdpVersion: 85.0, setWindowRect: true, strictFileInteractability: false, timeouts: {implicit: 0, pageLoad: 300000, script: 30000}, unhandledPromptBehavior: dismiss and notify, userAgent: Mozilla/5.0 (Windows NT 10....}&#10;Session ID: 51eb54fa-c878-4790-9865-4906cec5a603"/>
    <system-out><![CDATA[ Test case started: verifyHamBurgerLogoutOption
]]></system-out>
  </testcase>
  <testcase name="verifyHamBurgerLogoutOption" classname="zapcg.Capillary.MemberDetailsTestCases.memberDetails_TestCases" time="0">
    <skipped message="Unable to locate element: #MS016IN&#10;For documentation on this error, please visit: https://www.selenium.dev/documentation/webdriver/troubleshooting/errors#no-such-element-exception&#10;Build info: version: &apos;4.22.0&apos;, revision: &apos;c5f3146703*&apos;&#10;System info: os.name: &apos;Windows 10&apos;, os.arch: &apos;amd64&apos;, os.version: &apos;10.0&apos;, java.version: &apos;15.0.2&apos;&#10;Driver info: org.openqa.selenium.firefox.FirefoxDriver&#10;Command: [c027d3e6-0b97-4033-acc4-8e3fb0063a8a, findElement {value=MS016IN, using=id}]&#10;Capabilities {acceptInsecureCerts: true, browserName: firefox, browserVersion: 128.0, moz:accessibilityChecks: false, moz:buildID: 20240628091536, moz:debuggerAddress: 127.0.0.1:9955, moz:geckodriverVersion: 0.34.0, moz:headless: false, moz:platformVersion: 10.0, moz:processID: 47260, moz:profile: C:\Users\KAJALS~1\AppData\L..., moz:shutdownTimeout: 60000, moz:webdriverClick: true, moz:windowless: false, pageLoadStrategy: normal, platformName: windows, proxy: Proxy(), se:cdp: ws://127.0.0.1:9955/devtool..., se:cdpVersion: 85.0, setWindowRect: true, strictFileInteractability: false, timeouts: {implicit: 0, pageLoad: 300000, script: 30000}, unhandledPromptBehavior: dismiss and notify, userAgent: Mozilla/5.0 (Windows NT 10....}&#10;Session ID: c027d3e6-0b97-4033-acc4-8e3fb0063a8a"/>
    <system-out><![CDATA[ Test case started: verifyHamBurgerLogoutOption
]]></system-out>
  </testcase>
  <testcase name="verifyHamBurgerLogoutOption" classname="zapcg.Capillary.MemberDetailsTestCases.memberDetails_TestCases" time="0">
    <skipped message="Unable to locate element: #MS016IN&#10;For documentation on this error, please visit: https://www.selenium.dev/documentation/webdriver/troubleshooting/errors#no-such-element-exception&#10;Build info: version: &apos;4.22.0&apos;, revision: &apos;c5f3146703*&apos;&#10;System info: os.name: &apos;Windows 10&apos;, os.arch: &apos;amd64&apos;, os.version: &apos;10.0&apos;, java.version: &apos;15.0.2&apos;&#10;Driver info: org.openqa.selenium.firefox.FirefoxDriver&#10;Command: [1ecd646d-f0d3-4c20-96fb-7f66f5cb5809, findElement {value=MS016IN, using=id}]&#10;Capabilities {acceptInsecureCerts: true, browserName: firefox, browserVersion: 128.0, moz:accessibilityChecks: false, moz:buildID: 20240628091536, moz:debuggerAddress: 127.0.0.1:39132, moz:geckodriverVersion: 0.34.0, moz:headless: false, moz:platformVersion: 10.0, moz:processID: 50892, moz:profile: C:\Users\KAJALS~1\AppData\L..., moz:shutdownTimeout: 60000, moz:webdriverClick: true, moz:windowless: false, pageLoadStrategy: normal, platformName: windows, proxy: Proxy(), se:cdp: ws://127.0.0.1:39132/devtoo..., se:cdpVersion: 85.0, setWindowRect: true, strictFileInteractability: false, timeouts: {implicit: 0, pageLoad: 300000, script: 30000}, unhandledPromptBehavior: dismiss and notify, userAgent: Mozilla/5.0 (Windows NT 10....}&#10;Session ID: 1ecd646d-f0d3-4c20-96fb-7f66f5cb5809"/>
    <system-out><![CDATA[ Test case started: verifyHamBurgerLogoutOption
]]></system-out>
  </testcase>
  <testcase name="verifyBackButton" classname="zapcg.Capillary.MemberDetailsTestCases.memberDetails_TestCases" time="2.653">
    <system-out><![CDATA[The name of the testcase passed is : verifyHamBurgerLogoutOption
Test execution completed on ChromeDriver with device: Tablet Portrait
 Test case started: verifyBackButton
Back button clicked successfully from Member details page.
Successfully navigated to the member lookup screen
]]></system-out>
  </testcase>
  <testcase name="verifyBackButton" classname="zapcg.Capillary.MemberDetailsTestCases.memberDetails_TestCases" time="2.874">
    <system-out><![CDATA[The name of the testcase passed is : verifyHamBurgerLogoutOption
Test execution completed on ChromeDriver with device: Tablet Landscape
 Test case started: verifyBackButton
Back button clicked successfully from Member details page.
Successfully navigated to the member lookup screen
]]></system-out>
  </testcase>
  <testcase name="verifyBackButton" classname="zapcg.Capillary.MemberDetailsTestCases.memberDetails_TestCases" time="2.519">
    <system-out><![CDATA[The name of the testcase passed is : verifyHamBurgerLogoutOption
Test execution completed on ChromeDriver with device: iPhone 11 Pro Portrait
 Test case started: verifyBackButton
Back button clicked successfully from Member details page.
Successfully navigated to the member lookup screen
]]></system-out>
  </testcase>
  <testcase name="verifyBackButton" classname="zapcg.Capillary.MemberDetailsTestCases.memberDetails_TestCases" time="2.655">
    <system-out><![CDATA[The name of the testcase passed is : verifyHamBurgerLogoutOption
Test execution completed on ChromeDriver with device: iPhone 11 Pro Landscape
 Test case started: verifyBackButton
Back button clicked successfully from Member details page.
Successfully navigated to the member lookup screen
]]></system-out>
  </testcase>
  <testcase name="verifyBackButton" classname="zapcg.Capillary.MemberDetailsTestCases.memberDetails_TestCases" time="0">
    <skipped message="no such element: Unable to locate element: {&quot;method&quot;:&quot;css selector&quot;,&quot;selector&quot;:&quot;#MS016IN&quot;}&#10;  (Session info: chrome=126.0.6478.57)&#10;For documentation on this error, please visit: https://www.selenium.dev/documentation/webdriver/troubleshooting/errors#no-such-element-exception&#10;Build info: version: &apos;4.22.0&apos;, revision: &apos;c5f3146703*&apos;&#10;System info: os.name: &apos;Windows 10&apos;, os.arch: &apos;amd64&apos;, os.version: &apos;10.0&apos;, java.version: &apos;15.0.2&apos;&#10;Driver info: org.openqa.selenium.chrome.ChromeDriver&#10;Command: [adf3b4d4a6156349526db4852671fafc, findElement {value=MS016IN, using=id}]&#10;Capabilities {acceptInsecureCerts: false, browserName: chrome, browserVersion: 126.0.6478.57, chrome: {chromedriverVersion: 126.0.6478.126 (d36ace6122e..., userDataDir: C:\Users\KAJALS~1\AppData\L...}, fedcm:accounts: true, goog:chromeOptions: {debuggerAddress: localhost:65097}, networkConnectionEnabled: false, pageLoadStrategy: normal, platformName: windows, proxy: Proxy(), se:cdp: ws://localhost:65097/devtoo..., se:cdpVersion: 126.0.6478.57, setWindowRect: true, strictFileInteractability: false, timeouts: {implicit: 0, pageLoad: 300000, script: 30000}, unhandledPromptBehavior: dismiss and notify, webauthn:extension:credBlob: true, webauthn:extension:largeBlob: true, webauthn:extension:minPinLength: true, webauthn:extension:prf: true, webauthn:virtualAuthenticators: true}&#10;Session ID: adf3b4d4a6156349526db4852671fafc"/>
    <system-out><![CDATA[ Test case started: verifyBackButton
]]></system-out>
  </testcase>
  <testcase name="verifyBackButton" classname="zapcg.Capillary.MemberDetailsTestCases.memberDetails_TestCases" time="2.993">
    <system-out><![CDATA[The name of the testcase passed is : verifyHamBurgerLogoutOption
Test execution completed on ChromeDriver with device: Galaxy S20 Landscape
 Test case started: verifyBackButton
Back button clicked successfully from Member details page.
Successfully navigated to the member lookup screen
]]></system-out>
  </testcase>
  <testcase name="verifyBackButton" classname="zapcg.Capillary.MemberDetailsTestCases.memberDetails_TestCases" time="0">
    <skipped message="Session ID is null. Using WebDriver after calling quit()?&#10;Build info: version: &apos;4.22.0&apos;, revision: &apos;c5f3146703*&apos;&#10;System info: os.name: &apos;Windows 10&apos;, os.arch: &apos;amd64&apos;, os.version: &apos;10.0&apos;, java.version: &apos;15.0.2&apos;&#10;Driver info: org.openqa.selenium.firefox.FirefoxDriver&#10;Command: [null, get {url=https://d1msv2sqknn4w4.cloudfront.net}]&#10;Capabilities {acceptInsecureCerts: true, browserName: firefox, browserVersion: 128.0, moz:accessibilityChecks: false, moz:buildID: 20240626091446, moz:debuggerAddress: 127.0.0.1:41435, moz:geckodriverVersion: 0.34.0, moz:headless: false, moz:platformVersion: 10.0, moz:processID: 47624, moz:profile: C:\Users\KAJALS~1\AppData\L..., moz:shutdownTimeout: 60000, moz:webdriverClick: true, moz:windowless: false, pageLoadStrategy: normal, platformName: windows, proxy: Proxy(), se:cdp: ws://127.0.0.1:41435/devtoo..., se:cdpVersion: 85.0, setWindowRect: true, strictFileInteractability: false, timeouts: {implicit: 0, pageLoad: 300000, script: 30000}, unhandledPromptBehavior: dismiss and notify, userAgent: Mozilla/5.0 (Windows NT 10....}"/>
    <system-out><![CDATA[ Test case started: verifyBackButton
]]></system-out>
  </testcase>
  <testcase name="verifyBackButton" classname="zapcg.Capillary.MemberDetailsTestCases.memberDetails_TestCases" time="2.455">
    <system-out><![CDATA[The name of the testcase passed is : verifyHamBurgerLogoutOption
Test execution completed on FirefoxDriver with device: Tablet Landscape
 Test case started: verifyBackButton
Back button clicked successfully from Member details page.
Successfully navigated to the member lookup screen
]]></system-out>
  </testcase>
  <testcase name="verifyBackButton" classname="zapcg.Capillary.MemberDetailsTestCases.memberDetails_TestCases" time="0">
    <skipped message="Unable to locate element: #MS016IN&#10;For documentation on this error, please visit: https://www.selenium.dev/documentation/webdriver/troubleshooting/errors#no-such-element-exception&#10;Build info: version: &apos;4.22.0&apos;, revision: &apos;c5f3146703*&apos;&#10;System info: os.name: &apos;Windows 10&apos;, os.arch: &apos;amd64&apos;, os.version: &apos;10.0&apos;, java.version: &apos;15.0.2&apos;&#10;Driver info: org.openqa.selenium.firefox.FirefoxDriver&#10;Command: [3fbffb82-2e03-4e1b-a54d-6faf0c25ffe9, findElement {value=MS016IN, using=id}]&#10;Capabilities {acceptInsecureCerts: true, browserName: firefox, browserVersion: 128.0, moz:accessibilityChecks: false, moz:buildID: 20240628091536, moz:debuggerAddress: 127.0.0.1:35066, moz:geckodriverVersion: 0.34.0, moz:headless: false, moz:platformVersion: 10.0, moz:processID: 22092, moz:profile: C:\Users\KAJALS~1\AppData\L..., moz:shutdownTimeout: 60000, moz:webdriverClick: true, moz:windowless: false, pageLoadStrategy: normal, platformName: windows, proxy: Proxy(), se:cdp: ws://127.0.0.1:35066/devtoo..., se:cdpVersion: 85.0, setWindowRect: true, strictFileInteractability: false, timeouts: {implicit: 0, pageLoad: 300000, script: 30000}, unhandledPromptBehavior: dismiss and notify, userAgent: Mozilla/5.0 (Windows NT 10....}&#10;Session ID: 3fbffb82-2e03-4e1b-a54d-6faf0c25ffe9"/>
    <system-out><![CDATA[ Test case started: verifyBackButton
]]></system-out>
  </testcase>
  <testcase name="verifyBackButton" classname="zapcg.Capillary.MemberDetailsTestCases.memberDetails_TestCases" time="0">
    <skipped message="Unable to locate element: #MS016IN&#10;For documentation on this error, please visit: https://www.selenium.dev/documentation/webdriver/troubleshooting/errors#no-such-element-exception&#10;Build info: version: &apos;4.22.0&apos;, revision: &apos;c5f3146703*&apos;&#10;System info: os.name: &apos;Windows 10&apos;, os.arch: &apos;amd64&apos;, os.version: &apos;10.0&apos;, java.version: &apos;15.0.2&apos;&#10;Driver info: org.openqa.selenium.firefox.FirefoxDriver&#10;Command: [51eb54fa-c878-4790-9865-4906cec5a603, findElement {value=MS016IN, using=id}]&#10;Capabilities {acceptInsecureCerts: true, browserName: firefox, browserVersion: 128.0, moz:accessibilityChecks: false, moz:buildID: 20240628091536, moz:debuggerAddress: 127.0.0.1:18237, moz:geckodriverVersion: 0.34.0, moz:headless: false, moz:platformVersion: 10.0, moz:processID: 55904, moz:profile: C:\Users\KAJALS~1\AppData\L..., moz:shutdownTimeout: 60000, moz:webdriverClick: true, moz:windowless: false, pageLoadStrategy: normal, platformName: windows, proxy: Proxy(), se:cdp: ws://127.0.0.1:18237/devtoo..., se:cdpVersion: 85.0, setWindowRect: true, strictFileInteractability: false, timeouts: {implicit: 0, pageLoad: 300000, script: 30000}, unhandledPromptBehavior: dismiss and notify, userAgent: Mozilla/5.0 (Windows NT 10....}&#10;Session ID: 51eb54fa-c878-4790-9865-4906cec5a603"/>
    <system-out><![CDATA[ Test case started: verifyBackButton
]]></system-out>
  </testcase>
  <testcase name="verifyBackButton" classname="zapcg.Capillary.MemberDetailsTestCases.memberDetails_TestCases" time="0">
    <skipped message="Unable to locate element: #MS016IN&#10;For documentation on this error, please visit: https://www.selenium.dev/documentation/webdriver/troubleshooting/errors#no-such-element-exception&#10;Build info: version: &apos;4.22.0&apos;, revision: &apos;c5f3146703*&apos;&#10;System info: os.name: &apos;Windows 10&apos;, os.arch: &apos;amd64&apos;, os.version: &apos;10.0&apos;, java.version: &apos;15.0.2&apos;&#10;Driver info: org.openqa.selenium.firefox.FirefoxDriver&#10;Command: [c027d3e6-0b97-4033-acc4-8e3fb0063a8a, findElement {value=MS016IN, using=id}]&#10;Capabilities {acceptInsecureCerts: true, browserName: firefox, browserVersion: 128.0, moz:accessibilityChecks: false, moz:buildID: 20240628091536, moz:debuggerAddress: 127.0.0.1:9955, moz:geckodriverVersion: 0.34.0, moz:headless: false, moz:platformVersion: 10.0, moz:processID: 47260, moz:profile: C:\Users\KAJALS~1\AppData\L..., moz:shutdownTimeout: 60000, moz:webdriverClick: true, moz:windowless: false, pageLoadStrategy: normal, platformName: windows, proxy: Proxy(), se:cdp: ws://127.0.0.1:9955/devtool..., se:cdpVersion: 85.0, setWindowRect: true, strictFileInteractability: false, timeouts: {implicit: 0, pageLoad: 300000, script: 30000}, unhandledPromptBehavior: dismiss and notify, userAgent: Mozilla/5.0 (Windows NT 10....}&#10;Session ID: c027d3e6-0b97-4033-acc4-8e3fb0063a8a"/>
    <system-out><![CDATA[ Test case started: verifyBackButton
]]></system-out>
  </testcase>
  <testcase name="verifyBackButton" classname="zapcg.Capillary.MemberDetailsTestCases.memberDetails_TestCases" time="0">
    <skipped message="Unable to locate element: #MS016IN&#10;For documentation on this error, please visit: https://www.selenium.dev/documentation/webdriver/troubleshooting/errors#no-such-element-exception&#10;Build info: version: &apos;4.22.0&apos;, revision: &apos;c5f3146703*&apos;&#10;System info: os.name: &apos;Windows 10&apos;, os.arch: &apos;amd64&apos;, os.version: &apos;10.0&apos;, java.version: &apos;15.0.2&apos;&#10;Driver info: org.openqa.selenium.firefox.FirefoxDriver&#10;Command: [1ecd646d-f0d3-4c20-96fb-7f66f5cb5809, findElement {value=MS016IN, using=id}]&#10;Capabilities {acceptInsecureCerts: true, browserName: firefox, browserVersion: 128.0, moz:accessibilityChecks: false, moz:buildID: 20240628091536, moz:debuggerAddress: 127.0.0.1:39132, moz:geckodriverVersion: 0.34.0, moz:headless: false, moz:platformVersion: 10.0, moz:processID: 50892, moz:profile: C:\Users\KAJALS~1\AppData\L..., moz:shutdownTimeout: 60000, moz:webdriverClick: true, moz:windowless: false, pageLoadStrategy: normal, platformName: windows, proxy: Proxy(), se:cdp: ws://127.0.0.1:39132/devtoo..., se:cdpVersion: 85.0, setWindowRect: true, strictFileInteractability: false, timeouts: {implicit: 0, pageLoad: 300000, script: 30000}, unhandledPromptBehavior: dismiss and notify, userAgent: Mozilla/5.0 (Windows NT 10....}&#10;Session ID: 1ecd646d-f0d3-4c20-96fb-7f66f5cb5809"/>
    <system-out><![CDATA[ Test case started: verifyBackButton
]]></system-out>
  </testcase>
  <testcase name="initialize[chrome, Galaxy S20 Portrait](0)" classname="zapcg.Capillary.MemberDetailsTestCases.memberDetails_TestCases" time="94.937">
    <failure message="no such element: Unable to locate element: {&quot;method&quot;:&quot;css selector&quot;,&quot;selector&quot;:&quot;#MS016IN&quot;}&#10;  (Session info: chrome=126.0.6478.57)&#10;For documentation on this error, please visit: https://www.selenium.dev/documentation/webdriver/troubleshooting/errors#no-such-element-exception&#10;Build info: version: &apos;4.22.0&apos;, revision: &apos;c5f3146703*&apos;&#10;System info: os.name: &apos;Windows 10&apos;, os.arch: &apos;amd64&apos;, os.version: &apos;10.0&apos;, java.version: &apos;15.0.2&apos;&#10;Driver info: org.openqa.selenium.chrome.ChromeDriver&#10;Command: [adf3b4d4a6156349526db4852671fafc, findElement {value=MS016IN, using=id}]&#10;Capabilities {acceptInsecureCerts: false, browserName: chrome, browserVersion: 126.0.6478.57, chrome: {chromedriverVersion: 126.0.6478.126 (d36ace6122e..., userDataDir: C:\Users\KAJALS~1\AppData\L...}, fedcm:accounts: true, goog:chromeOptions: {debuggerAddress: localhost:65097}, networkConnectionEnabled: false, pageLoadStrategy: normal, platformName: windows, proxy: Proxy(), se:cdp: ws://localhost:65097/devtoo..., se:cdpVersion: 126.0.6478.57, setWindowRect: true, strictFileInteractability: false, timeouts: {implicit: 0, pageLoad: 300000, script: 30000}, unhandledPromptBehavior: dismiss and notify, webauthn:extension:credBlob: true, webauthn:extension:largeBlob: true, webauthn:extension:minPinLength: true, webauthn:extension:prf: true, webauthn:virtualAuthenticators: true}&#10;Session ID: adf3b4d4a6156349526db4852671fafc" type="org.openqa.selenium.NoSuchElementException"><![CDATA[org.openqa.selenium.NoSuchElementException: 
no such element: Unable to locate element: {"method":"css selector","selector":"#MS016IN"}
  (Session info: chrome=126.0.6478.57)
For documentation on this error, please visit: https://www.selenium.dev/documentation/webdriver/troubleshooting/errors#no-such-element-exception
Build info: version: '4.22.0', revision: 'c5f3146703*'
System info: os.name: 'Windows 10', os.arch: 'amd64', os.version: '10.0', java.version: '15.0.2'
Driver info: org.openqa.selenium.chrome.ChromeDriver
Command: [adf3b4d4a6156349526db4852671fafc, findElement {value=MS016IN, using=id}]
Capabilities {acceptInsecureCerts: false, browserName: chrome, browserVersion: 126.0.6478.57, chrome: {chromedriverVersion: 126.0.6478.126 (d36ace6122e..., userDataDir: C:\Users\KAJALS~1\AppData\L...}, fedcm:accounts: true, goog:chromeOptions: {debuggerAddress: localhost:65097}, networkConnectionEnabled: false, pageLoadStrategy: normal, platformName: windows, proxy: Proxy(), se:cdp: ws://localhost:65097/devtoo..., se:cdpVersion: 126.0.6478.57, setWindowRect: true, strictFileInteractability: false, timeouts: {implicit: 0, pageLoad: 300000, script: 30000}, unhandledPromptBehavior: dismiss and notify, webauthn:extension:credBlob: true, webauthn:extension:largeBlob: true, webauthn:extension:minPinLength: true, webauthn:extension:prf: true, webauthn:virtualAuthenticators: true}
Session ID: adf3b4d4a6156349526db4852671fafc
	at zapcg.Capillary.MemberDetailsTestCases.memberDetails_TestCases.initialize(memberDetails_TestCases.java:35)
]]></failure>
    <system-out><![CDATA[The name of the testcase failed is : testValidLogin_TestCase1
Test execution completed on ChromeDriver with device: Galaxy S20 Portrait
]]></system-out>
  </testcase>
  <testcase name="tearDown" classname="zapcg.Capillary.MemberDetailsTestCases.memberDetails_TestCases" time="0">
    <skipped/>
    <system-out><![CDATA[The name of the testcase Skipped is : verifyMemberDetailsNavigationFromMeberLookupScreen
]]></system-out>
  </testcase>
  <testcase name="tearDown" classname="zapcg.Capillary.MemberDetailsTestCases.memberDetails_TestCases" time="0">
    <skipped/>
    <system-out><![CDATA[The name of the testcase Skipped is : verifyMemberDetailsDisplaying
]]></system-out>
  </testcase>
  <testcase name="tearDown" classname="zapcg.Capillary.MemberDetailsTestCases.memberDetails_TestCases" time="0">
    <skipped/>
    <system-out><![CDATA[The name of the testcase Skipped is : verifyMemberDetailsContentDisplaying
]]></system-out>
  </testcase>
  <testcase name="tearDown" classname="zapcg.Capillary.MemberDetailsTestCases.memberDetails_TestCases" time="0">
    <skipped/>
    <system-out><![CDATA[The name of the testcase Skipped is : verifyEnabledOfEnterReceiptDetailsButton
]]></system-out>
  </testcase>
  <testcase name="tearDown" classname="zapcg.Capillary.MemberDetailsTestCases.memberDetails_TestCases" time="0">
    <skipped/>
    <system-out><![CDATA[The name of the testcase Skipped is : verifyHeaderOfTheMemberDetailsScreen
]]></system-out>
  </testcase>
  <testcase name="tearDown" classname="zapcg.Capillary.MemberDetailsTestCases.memberDetails_TestCases" time="0">
    <skipped/>
    <system-out><![CDATA[The name of the testcase Skipped is : verifyExpiryDateEqualToSystemDateThenNoRedeem
]]></system-out>
  </testcase>
  <testcase name="tearDown" classname="zapcg.Capillary.MemberDetailsTestCases.memberDetails_TestCases" time="0">
    <skipped/>
    <system-out><![CDATA[The name of the testcase Skipped is : verifyHamBurgerMemberLookupOption
]]></system-out>
  </testcase>
  <testcase name="tearDown" classname="zapcg.Capillary.MemberDetailsTestCases.memberDetails_TestCases" time="0">
    <skipped/>
    <system-out><![CDATA[The name of the testcase Skipped is : verifyHamBurgerLocationOption
]]></system-out>
  </testcase>
  <testcase name="tearDown" classname="zapcg.Capillary.MemberDetailsTestCases.memberDetails_TestCases" time="0">
    <skipped/>
    <system-out><![CDATA[The name of the testcase Skipped is : verifyHamBurgerLogoutOption
]]></system-out>
  </testcase>
  <testcase name="tearDown" classname="zapcg.Capillary.MemberDetailsTestCases.memberDetails_TestCases" time="0">
    <skipped/>
    <system-out><![CDATA[The name of the testcase Skipped is : verifyBackButton
]]></system-out>
  </testcase>
  <testcase name="tearDown" classname="zapcg.Capillary.MemberDetailsTestCases.memberDetails_TestCases" time="0">
    <skipped/>
    <system-out><![CDATA[The name of the testcase Skipped is : verifyMemberDetailsNavigationFromMeberLookupScreen
]]></system-out>
  </testcase>
  <testcase name="tearDown" classname="zapcg.Capillary.MemberDetailsTestCases.memberDetails_TestCases" time="0">
    <skipped/>
    <system-out><![CDATA[The name of the testcase Skipped is : verifyMemberDetailsDisplaying
]]></system-out>
  </testcase>
  <testcase name="tearDown" classname="zapcg.Capillary.MemberDetailsTestCases.memberDetails_TestCases" time="0">
    <skipped/>
    <system-out><![CDATA[The name of the testcase Skipped is : verifyMemberDetailsContentDisplaying
]]></system-out>
  </testcase>
  <testcase name="tearDown" classname="zapcg.Capillary.MemberDetailsTestCases.memberDetails_TestCases" time="0">
    <skipped/>
    <system-out><![CDATA[The name of the testcase Skipped is : verifyEnabledOfEnterReceiptDetailsButton
]]></system-out>
  </testcase>
  <testcase name="tearDown" classname="zapcg.Capillary.MemberDetailsTestCases.memberDetails_TestCases" time="0">
    <skipped/>
    <system-out><![CDATA[The name of the testcase Skipped is : verifyHeaderOfTheMemberDetailsScreen
]]></system-out>
  </testcase>
  <testcase name="tearDown" classname="zapcg.Capillary.MemberDetailsTestCases.memberDetails_TestCases" time="0">
    <skipped/>
    <system-out><![CDATA[The name of the testcase Skipped is : verifyExpiryDateEqualToSystemDateThenNoRedeem
]]></system-out>
  </testcase>
  <testcase name="tearDown" classname="zapcg.Capillary.MemberDetailsTestCases.memberDetails_TestCases" time="0">
    <skipped/>
    <system-out><![CDATA[The name of the testcase Skipped is : verifyHamBurgerMemberLookupOption
]]></system-out>
  </testcase>
  <testcase name="tearDown" classname="zapcg.Capillary.MemberDetailsTestCases.memberDetails_TestCases" time="0">
    <skipped/>
    <system-out><![CDATA[The name of the testcase Skipped is : verifyHamBurgerLocationOption
]]></system-out>
  </testcase>
  <testcase name="tearDown" classname="zapcg.Capillary.MemberDetailsTestCases.memberDetails_TestCases" time="0">
    <skipped/>
    <system-out><![CDATA[The name of the testcase Skipped is : verifyHamBurgerLogoutOption
]]></system-out>
  </testcase>
  <testcase name="tearDown" classname="zapcg.Capillary.MemberDetailsTestCases.memberDetails_TestCases" time="0">
    <skipped/>
    <system-out><![CDATA[The name of the testcase Skipped is : verifyBackButton
]]></system-out>
  </testcase>
  <testcase name="tearDown" classname="zapcg.Capillary.MemberDetailsTestCases.memberDetails_TestCases" time="0">
    <skipped/>
    <system-out><![CDATA[The name of the testcase Skipped is : verifyMemberDetailsNavigationFromMeberLookupScreen
]]></system-out>
  </testcase>
  <testcase name="tearDown" classname="zapcg.Capillary.MemberDetailsTestCases.memberDetails_TestCases" time="0">
    <skipped/>
    <system-out><![CDATA[The name of the testcase Skipped is : verifyMemberDetailsDisplaying
]]></system-out>
  </testcase>
  <testcase name="tearDown" classname="zapcg.Capillary.MemberDetailsTestCases.memberDetails_TestCases" time="0">
    <skipped/>
    <system-out><![CDATA[The name of the testcase Skipped is : verifyMemberDetailsContentDisplaying
]]></system-out>
  </testcase>
  <testcase name="tearDown" classname="zapcg.Capillary.MemberDetailsTestCases.memberDetails_TestCases" time="0">
    <skipped/>
    <system-out><![CDATA[The name of the testcase Skipped is : verifyEnabledOfEnterReceiptDetailsButton
]]></system-out>
  </testcase>
  <testcase name="tearDown" classname="zapcg.Capillary.MemberDetailsTestCases.memberDetails_TestCases" time="0">
    <skipped/>
    <system-out><![CDATA[The name of the testcase Skipped is : verifyHeaderOfTheMemberDetailsScreen
]]></system-out>
  </testcase>
  <testcase name="tearDown" classname="zapcg.Capillary.MemberDetailsTestCases.memberDetails_TestCases" time="0">
    <skipped/>
    <system-out><![CDATA[The name of the testcase Skipped is : verifyExpiryDateEqualToSystemDateThenNoRedeem
]]></system-out>
  </testcase>
  <testcase name="tearDown" classname="zapcg.Capillary.MemberDetailsTestCases.memberDetails_TestCases" time="0">
    <skipped/>
    <system-out><![CDATA[The name of the testcase Skipped is : verifyHamBurgerMemberLookupOption
]]></system-out>
  </testcase>
  <testcase name="tearDown" classname="zapcg.Capillary.MemberDetailsTestCases.memberDetails_TestCases" time="0">
    <skipped/>
    <system-out><![CDATA[The name of the testcase Skipped is : verifyHamBurgerLocationOption
]]></system-out>
  </testcase>
  <testcase name="tearDown" classname="zapcg.Capillary.MemberDetailsTestCases.memberDetails_TestCases" time="0">
    <skipped/>
    <system-out><![CDATA[The name of the testcase Skipped is : verifyHamBurgerLogoutOption
]]></system-out>
  </testcase>
  <testcase name="tearDown" classname="zapcg.Capillary.MemberDetailsTestCases.memberDetails_TestCases" time="0">
    <skipped/>
    <system-out><![CDATA[The name of the testcase Skipped is : verifyBackButton
]]></system-out>
  </testcase>
  <testcase name="tearDown" classname="zapcg.Capillary.MemberDetailsTestCases.memberDetails_TestCases" time="0">
    <skipped/>
    <system-out><![CDATA[The name of the testcase Skipped is : verifyMemberDetailsNavigationFromMeberLookupScreen
]]></system-out>
  </testcase>
  <testcase name="tearDown" classname="zapcg.Capillary.MemberDetailsTestCases.memberDetails_TestCases" time="0">
    <skipped/>
    <system-out><![CDATA[The name of the testcase Skipped is : verifyMemberDetailsDisplaying
]]></system-out>
  </testcase>
  <testcase name="tearDown" classname="zapcg.Capillary.MemberDetailsTestCases.memberDetails_TestCases" time="0">
    <skipped/>
    <system-out><![CDATA[The name of the testcase Skipped is : verifyMemberDetailsContentDisplaying
]]></system-out>
  </testcase>
  <testcase name="tearDown" classname="zapcg.Capillary.MemberDetailsTestCases.memberDetails_TestCases" time="0">
    <skipped/>
    <system-out><![CDATA[The name of the testcase Skipped is : verifyEnabledOfEnterReceiptDetailsButton
]]></system-out>
  </testcase>
  <testcase name="tearDown" classname="zapcg.Capillary.MemberDetailsTestCases.memberDetails_TestCases" time="0">
    <skipped/>
    <system-out><![CDATA[The name of the testcase Skipped is : verifyHeaderOfTheMemberDetailsScreen
]]></system-out>
  </testcase>
  <testcase name="tearDown" classname="zapcg.Capillary.MemberDetailsTestCases.memberDetails_TestCases" time="0">
    <skipped/>
    <system-out><![CDATA[The name of the testcase Skipped is : verifyExpiryDateEqualToSystemDateThenNoRedeem
]]></system-out>
  </testcase>
  <testcase name="tearDown" classname="zapcg.Capillary.MemberDetailsTestCases.memberDetails_TestCases" time="0">
    <skipped/>
    <system-out><![CDATA[The name of the testcase Skipped is : verifyHamBurgerMemberLookupOption
]]></system-out>
  </testcase>
  <testcase name="tearDown" classname="zapcg.Capillary.MemberDetailsTestCases.memberDetails_TestCases" time="0">
    <skipped/>
    <system-out><![CDATA[The name of the testcase Skipped is : verifyHamBurgerLocationOption
]]></system-out>
  </testcase>
  <testcase name="tearDown" classname="zapcg.Capillary.MemberDetailsTestCases.memberDetails_TestCases" time="0">
    <skipped/>
    <system-out><![CDATA[The name of the testcase Skipped is : verifyHamBurgerLogoutOption
]]></system-out>
  </testcase>
  <testcase name="tearDown" classname="zapcg.Capillary.MemberDetailsTestCases.memberDetails_TestCases" time="0">
    <skipped/>
    <system-out><![CDATA[The name of the testcase Skipped is : verifyBackButton
]]></system-out>
  </testcase>
  <testcase name="tearDown" classname="zapcg.Capillary.MemberDetailsTestCases.memberDetails_TestCases" time="0">
    <skipped/>
    <system-out><![CDATA[The name of the testcase Skipped is : verifyMemberDetailsNavigationFromMeberLookupScreen
]]></system-out>
  </testcase>
  <testcase name="tearDown" classname="zapcg.Capillary.MemberDetailsTestCases.memberDetails_TestCases" time="0">
    <skipped/>
    <system-out><![CDATA[The name of the testcase Skipped is : verifyMemberDetailsDisplaying
]]></system-out>
  </testcase>
  <testcase name="tearDown" classname="zapcg.Capillary.MemberDetailsTestCases.memberDetails_TestCases" time="0">
    <skipped/>
    <system-out><![CDATA[The name of the testcase Skipped is : verifyMemberDetailsContentDisplaying
]]></system-out>
  </testcase>
  <testcase name="tearDown" classname="zapcg.Capillary.MemberDetailsTestCases.memberDetails_TestCases" time="0">
    <skipped/>
    <system-out><![CDATA[The name of the testcase Skipped is : verifyEnabledOfEnterReceiptDetailsButton
]]></system-out>
  </testcase>
  <testcase name="tearDown" classname="zapcg.Capillary.MemberDetailsTestCases.memberDetails_TestCases" time="0">
    <skipped/>
    <system-out><![CDATA[The name of the testcase Skipped is : verifyHeaderOfTheMemberDetailsScreen
]]></system-out>
  </testcase>
  <testcase name="tearDown" classname="zapcg.Capillary.MemberDetailsTestCases.memberDetails_TestCases" time="0">
    <skipped/>
    <system-out><![CDATA[The name of the testcase Skipped is : verifyExpiryDateEqualToSystemDateThenNoRedeem
]]></system-out>
  </testcase>
  <testcase name="tearDown" classname="zapcg.Capillary.MemberDetailsTestCases.memberDetails_TestCases" time="0">
    <skipped/>
    <system-out><![CDATA[The name of the testcase Skipped is : verifyHamBurgerMemberLookupOption
]]></system-out>
  </testcase>
  <testcase name="tearDown" classname="zapcg.Capillary.MemberDetailsTestCases.memberDetails_TestCases" time="0">
    <skipped/>
    <system-out><![CDATA[The name of the testcase Skipped is : verifyHamBurgerLocationOption
]]></system-out>
  </testcase>
  <testcase name="tearDown" classname="zapcg.Capillary.MemberDetailsTestCases.memberDetails_TestCases" time="0">
    <skipped/>
    <system-out><![CDATA[The name of the testcase Skipped is : verifyHamBurgerLogoutOption
]]></system-out>
  </testcase>
  <testcase name="tearDown" classname="zapcg.Capillary.MemberDetailsTestCases.memberDetails_TestCases" time="0">
    <skipped/>
    <system-out><![CDATA[The name of the testcase Skipped is : verifyBackButton
]]></system-out>
  </testcase>
  <testcase name="tearDown" classname="zapcg.Capillary.MemberDetailsTestCases.memberDetails_TestCases" time="0">
    <skipped/>
    <system-out><![CDATA[The name of the testcase Skipped is : verifyMemberDetailsNavigationFromMeberLookupScreen
]]></system-out>
  </testcase>
  <testcase name="tearDown" classname="zapcg.Capillary.MemberDetailsTestCases.memberDetails_TestCases" time="0">
    <skipped/>
    <system-out><![CDATA[The name of the testcase Skipped is : verifyMemberDetailsDisplaying
]]></system-out>
  </testcase>
  <testcase name="tearDown" classname="zapcg.Capillary.MemberDetailsTestCases.memberDetails_TestCases" time="0">
    <skipped/>
    <system-out><![CDATA[The name of the testcase Skipped is : verifyMemberDetailsContentDisplaying
]]></system-out>
  </testcase>
  <testcase name="tearDown" classname="zapcg.Capillary.MemberDetailsTestCases.memberDetails_TestCases" time="0">
    <skipped/>
    <system-out><![CDATA[The name of the testcase Skipped is : verifyEnabledOfEnterReceiptDetailsButton
]]></system-out>
  </testcase>
  <testcase name="tearDown" classname="zapcg.Capillary.MemberDetailsTestCases.memberDetails_TestCases" time="0">
    <skipped/>
    <system-out><![CDATA[The name of the testcase Skipped is : verifyHeaderOfTheMemberDetailsScreen
]]></system-out>
  </testcase>
  <testcase name="tearDown" classname="zapcg.Capillary.MemberDetailsTestCases.memberDetails_TestCases" time="0">
    <skipped/>
    <system-out><![CDATA[The name of the testcase Skipped is : verifyExpiryDateEqualToSystemDateThenNoRedeem
]]></system-out>
  </testcase>
  <testcase name="tearDown" classname="zapcg.Capillary.MemberDetailsTestCases.memberDetails_TestCases" time="0">
    <skipped/>
    <system-out><![CDATA[The name of the testcase Skipped is : verifyHamBurgerMemberLookupOption
]]></system-out>
  </testcase>
  <testcase name="tearDown" classname="zapcg.Capillary.MemberDetailsTestCases.memberDetails_TestCases" time="0">
    <skipped/>
    <system-out><![CDATA[The name of the testcase Skipped is : verifyHamBurgerLocationOption
]]></system-out>
  </testcase>
  <testcase name="tearDown" classname="zapcg.Capillary.MemberDetailsTestCases.memberDetails_TestCases" time="0">
    <skipped/>
    <system-out><![CDATA[The name of the testcase Skipped is : verifyHamBurgerLogoutOption
]]></system-out>
  </testcase>
  <testcase name="tearDown" classname="zapcg.Capillary.MemberDetailsTestCases.memberDetails_TestCases" time="0">
    <skipped/>
    <system-out><![CDATA[The name of the testcase Skipped is : verifyBackButton
]]></system-out>
  </testcase>
  <testcase name="initialize" classname="zapcg.Capillary.MemberDetailsTestCases.memberDetails_TestCases" time="0">
    <skipped/>
    <system-out><![CDATA[The name of the testcase passed is : testInvalidUsername_TestCase2
Test execution completed on ChromeDriver with device: Galaxy S20 Portrait
]]></system-out>
  </testcase>
  <testcase name="initialize" classname="zapcg.Capillary.MemberDetailsTestCases.memberDetails_TestCases" time="0">
    <skipped/>
    <system-out><![CDATA[The name of the testcase passed is : testInvalidPassword_TestCase3
Test execution completed on ChromeDriver with device: Galaxy S20 Portrait
]]></system-out>
  </testcase>
  <testcase name="initialize" classname="zapcg.Capillary.MemberDetailsTestCases.memberDetails_TestCases" time="0">
    <skipped/>
  </testcase>
  <testcase name="initialize" classname="zapcg.Capillary.MemberDetailsTestCases.memberDetails_TestCases" time="0">
    <skipped/>
    <system-out><![CDATA[The name of the testcase passed is : testMinLengthPassword_TestCase5
Test execution completed on ChromeDriver with device: Galaxy S20 Portrait
]]></system-out>
  </testcase>
  <testcase name="initialize" classname="zapcg.Capillary.MemberDetailsTestCases.memberDetails_TestCases" time="0">
    <skipped/>
    <system-out><![CDATA[The name of the testcase passed is : testUsernameWithSpaces_TestCase6
Test execution completed on ChromeDriver with device: Galaxy S20 Portrait
]]></system-out>
  </testcase>
  <testcase name="initialize" classname="zapcg.Capillary.MemberDetailsTestCases.memberDetails_TestCases" time="0">
    <skipped/>
    <system-out><![CDATA[The name of the testcase passed is : verifyForEnabledLoginButton_TestCase7
Test execution completed on ChromeDriver with device: Galaxy S20 Portrait
]]></system-out>
  </testcase>
  <testcase name="initialize" classname="zapcg.Capillary.MemberDetailsTestCases.memberDetails_TestCases" time="0">
    <skipped/>
    <system-out><![CDATA[The name of the testcase passed is : verifyForDisabledLoginButtonForEmptyUsername_TestCase8
Test execution completed on ChromeDriver with device: Galaxy S20 Portrait
]]></system-out>
  </testcase>
  <testcase name="initialize" classname="zapcg.Capillary.MemberDetailsTestCases.memberDetails_TestCases" time="0">
    <skipped/>
  </testcase>
  <testcase name="initialize" classname="zapcg.Capillary.MemberDetailsTestCases.memberDetails_TestCases" time="0">
    <skipped/>
  </testcase>
  <testcase name="initialize" classname="zapcg.Capillary.MemberDetailsTestCases.memberDetails_TestCases" time="0">
    <skipped/>
    <system-out><![CDATA[The name of the testcase passed is : testInvalidUsername_TestCase2
Test execution completed on FirefoxDriver with device: Tablet Portrait
]]></system-out>
  </testcase>
  <testcase name="initialize" classname="zapcg.Capillary.MemberDetailsTestCases.memberDetails_TestCases" time="0">
    <skipped/>
    <system-out><![CDATA[The name of the testcase passed is : testInvalidPassword_TestCase3
Test execution completed on FirefoxDriver with device: Tablet Portrait
]]></system-out>
  </testcase>
  <testcase name="initialize" classname="zapcg.Capillary.MemberDetailsTestCases.memberDetails_TestCases" time="0">
    <skipped/>
    <system-out><![CDATA[The name of the testcase passed is : verifyEarnPointsNavigationFromMeberDetailsScreen
Test execution completed on FirefoxDriver with device: Tablet Portrait
]]></system-out>
  </testcase>
  <testcase name="initialize" classname="zapcg.Capillary.MemberDetailsTestCases.memberDetails_TestCases" time="0">
    <skipped/>
    <system-out><![CDATA[The name of the testcase passed is : testMinLengthPassword_TestCase5
Test execution completed on FirefoxDriver with device: Tablet Portrait
]]></system-out>
  </testcase>
  <testcase name="initialize" classname="zapcg.Capillary.MemberDetailsTestCases.memberDetails_TestCases" time="0">
    <skipped/>
    <system-out><![CDATA[The name of the testcase passed is : testUsernameWithSpaces_TestCase6
Test execution completed on FirefoxDriver with device: Tablet Portrait
]]></system-out>
  </testcase>
  <testcase name="initialize" classname="zapcg.Capillary.MemberDetailsTestCases.memberDetails_TestCases" time="0">
    <skipped/>
    <system-out><![CDATA[The name of the testcase passed is : verifyForEnabledLoginButton_TestCase7
Test execution completed on FirefoxDriver with device: Tablet Portrait
]]></system-out>
  </testcase>
  <testcase name="initialize" classname="zapcg.Capillary.MemberDetailsTestCases.memberDetails_TestCases" time="0">
    <skipped/>
    <system-out><![CDATA[The name of the testcase passed is : verifyForDisabledLoginButtonForEmptyUsername_TestCase8
Test execution completed on FirefoxDriver with device: Tablet Portrait
]]></system-out>
  </testcase>
  <testcase name="initialize" classname="zapcg.Capillary.MemberDetailsTestCases.memberDetails_TestCases" time="0">
    <skipped/>
    <system-out><![CDATA[The name of the testcase passed is : verifyHamBurgerLocationOption
Test execution completed on FirefoxDriver with device: Tablet Portrait
]]></system-out>
  </testcase>
  <testcase name="initialize" classname="zapcg.Capillary.MemberDetailsTestCases.memberDetails_TestCases" time="0">
    <skipped/>
  </testcase>
  <testcase name="initialize" classname="zapcg.Capillary.MemberDetailsTestCases.memberDetails_TestCases" time="0">
    <skipped/>
    <system-out><![CDATA[The name of the testcase passed is : testInvalidUsername_TestCase2
Test execution completed on FirefoxDriver with device: iPhone 11 Pro Portrait
]]></system-out>
  </testcase>
  <testcase name="initialize" classname="zapcg.Capillary.MemberDetailsTestCases.memberDetails_TestCases" time="0">
    <skipped/>
    <system-out><![CDATA[The name of the testcase passed is : testInvalidPassword_TestCase3
Test execution completed on FirefoxDriver with device: iPhone 11 Pro Portrait
]]></system-out>
  </testcase>
  <testcase name="initialize" classname="zapcg.Capillary.MemberDetailsTestCases.memberDetails_TestCases" time="0">
    <skipped/>
  </testcase>
  <testcase name="initialize" classname="zapcg.Capillary.MemberDetailsTestCases.memberDetails_TestCases" time="0">
    <skipped/>
    <system-out><![CDATA[The name of the testcase passed is : testMinLengthPassword_TestCase5
Test execution completed on FirefoxDriver with device: iPhone 11 Pro Portrait
]]></system-out>
  </testcase>
  <testcase name="initialize" classname="zapcg.Capillary.MemberDetailsTestCases.memberDetails_TestCases" time="0">
    <skipped/>
    <system-out><![CDATA[The name of the testcase passed is : testUsernameWithSpaces_TestCase6
Test execution completed on FirefoxDriver with device: iPhone 11 Pro Portrait
]]></system-out>
  </testcase>
  <testcase name="initialize" classname="zapcg.Capillary.MemberDetailsTestCases.memberDetails_TestCases" time="0">
    <skipped/>
    <system-out><![CDATA[The name of the testcase passed is : verifyForEnabledLoginButton_TestCase7
Test execution completed on FirefoxDriver with device: iPhone 11 Pro Portrait
]]></system-out>
  </testcase>
  <testcase name="initialize" classname="zapcg.Capillary.MemberDetailsTestCases.memberDetails_TestCases" time="0">
    <skipped/>
    <system-out><![CDATA[The name of the testcase passed is : verifyForDisabledLoginButtonForEmptyUsername_TestCase8
Test execution completed on FirefoxDriver with device: iPhone 11 Pro Portrait
]]></system-out>
  </testcase>
  <testcase name="initialize" classname="zapcg.Capillary.MemberDetailsTestCases.memberDetails_TestCases" time="0">
    <skipped/>
  </testcase>
  <testcase name="initialize" classname="zapcg.Capillary.MemberDetailsTestCases.memberDetails_TestCases" time="0">
    <skipped/>
  </testcase>
  <testcase name="initialize" classname="zapcg.Capillary.MemberDetailsTestCases.memberDetails_TestCases" time="0">
    <skipped/>
    <system-out><![CDATA[The name of the testcase passed is : testInvalidUsername_TestCase2
Test execution completed on FirefoxDriver with device: iPhone 11 Pro Landscape
]]></system-out>
  </testcase>
  <testcase name="initialize" classname="zapcg.Capillary.MemberDetailsTestCases.memberDetails_TestCases" time="0">
    <skipped/>
    <system-out><![CDATA[The name of the testcase passed is : testInvalidPassword_TestCase3
Test execution completed on FirefoxDriver with device: iPhone 11 Pro Landscape
]]></system-out>
  </testcase>
  <testcase name="initialize" classname="zapcg.Capillary.MemberDetailsTestCases.memberDetails_TestCases" time="0">
    <skipped/>
  </testcase>
  <testcase name="initialize" classname="zapcg.Capillary.MemberDetailsTestCases.memberDetails_TestCases" time="0">
    <skipped/>
    <system-out><![CDATA[The name of the testcase passed is : testMinLengthPassword_TestCase5
Test execution completed on FirefoxDriver with device: iPhone 11 Pro Landscape
]]></system-out>
  </testcase>
  <testcase name="initialize" classname="zapcg.Capillary.MemberDetailsTestCases.memberDetails_TestCases" time="0">
    <skipped/>
    <system-out><![CDATA[The name of the testcase passed is : testUsernameWithSpaces_TestCase6
Test execution completed on FirefoxDriver with device: iPhone 11 Pro Landscape
]]></system-out>
  </testcase>
  <testcase name="initialize" classname="zapcg.Capillary.MemberDetailsTestCases.memberDetails_TestCases" time="0">
    <skipped/>
    <system-out><![CDATA[The name of the testcase passed is : verifyForEnabledLoginButton_TestCase7
Test execution completed on FirefoxDriver with device: iPhone 11 Pro Landscape
]]></system-out>
  </testcase>
  <testcase name="initialize" classname="zapcg.Capillary.MemberDetailsTestCases.memberDetails_TestCases" time="0">
    <skipped/>
    <system-out><![CDATA[The name of the testcase passed is : verifyForDisabledLoginButtonForEmptyUsername_TestCase8
Test execution completed on FirefoxDriver with device: iPhone 11 Pro Landscape
]]></system-out>
  </testcase>
  <testcase name="initialize" classname="zapcg.Capillary.MemberDetailsTestCases.memberDetails_TestCases" time="0">
    <skipped/>
  </testcase>
  <testcase name="initialize" classname="zapcg.Capillary.MemberDetailsTestCases.memberDetails_TestCases" time="0">
    <skipped/>
  </testcase>
  <testcase name="initialize" classname="zapcg.Capillary.MemberDetailsTestCases.memberDetails_TestCases" time="0">
    <skipped/>
    <system-out><![CDATA[The name of the testcase passed is : testInvalidUsername_TestCase2
Test execution completed on FirefoxDriver with device: Galaxy S20 Portrait
]]></system-out>
  </testcase>
  <testcase name="initialize" classname="zapcg.Capillary.MemberDetailsTestCases.memberDetails_TestCases" time="0">
    <skipped/>
    <system-out><![CDATA[The name of the testcase passed is : testInvalidPassword_TestCase3
Test execution completed on FirefoxDriver with device: Galaxy S20 Portrait
]]></system-out>
  </testcase>
  <testcase name="initialize" classname="zapcg.Capillary.MemberDetailsTestCases.memberDetails_TestCases" time="0">
    <skipped/>
  </testcase>
  <testcase name="initialize" classname="zapcg.Capillary.MemberDetailsTestCases.memberDetails_TestCases" time="0">
    <skipped/>
    <system-out><![CDATA[The name of the testcase passed is : testMinLengthPassword_TestCase5
Test execution completed on FirefoxDriver with device: Galaxy S20 Portrait
]]></system-out>
  </testcase>
  <testcase name="initialize" classname="zapcg.Capillary.MemberDetailsTestCases.memberDetails_TestCases" time="0">
    <skipped/>
    <system-out><![CDATA[The name of the testcase passed is : testUsernameWithSpaces_TestCase6
Test execution completed on FirefoxDriver with device: Galaxy S20 Portrait
]]></system-out>
  </testcase>
  <testcase name="initialize" classname="zapcg.Capillary.MemberDetailsTestCases.memberDetails_TestCases" time="0">
    <skipped/>
    <system-out><![CDATA[The name of the testcase passed is : verifyForEnabledLoginButton_TestCase7
Test execution completed on FirefoxDriver with device: Galaxy S20 Portrait
]]></system-out>
  </testcase>
  <testcase name="initialize" classname="zapcg.Capillary.MemberDetailsTestCases.memberDetails_TestCases" time="0">
    <skipped/>
    <system-out><![CDATA[The name of the testcase passed is : verifyForDisabledLoginButtonForEmptyUsername_TestCase8
Test execution completed on FirefoxDriver with device: Galaxy S20 Portrait
]]></system-out>
  </testcase>
  <testcase name="initialize" classname="zapcg.Capillary.MemberDetailsTestCases.memberDetails_TestCases" time="0">
    <skipped/>
  </testcase>
  <testcase name="initialize" classname="zapcg.Capillary.MemberDetailsTestCases.memberDetails_TestCases" time="0">
    <skipped/>
  </testcase>
  <testcase name="initialize" classname="zapcg.Capillary.MemberDetailsTestCases.memberDetails_TestCases" time="0">
    <skipped/>
    <system-out><![CDATA[The name of the testcase passed is : testInvalidUsername_TestCase2
Test execution completed on FirefoxDriver with device: Galaxy S20 Landscape
]]></system-out>
  </testcase>
  <testcase name="initialize" classname="zapcg.Capillary.MemberDetailsTestCases.memberDetails_TestCases" time="0">
    <skipped/>
    <system-out><![CDATA[The name of the testcase passed is : testInvalidPassword_TestCase3
Test execution completed on FirefoxDriver with device: Galaxy S20 Landscape
]]></system-out>
  </testcase>
  <testcase name="initialize" classname="zapcg.Capillary.MemberDetailsTestCases.memberDetails_TestCases" time="0">
    <skipped/>
  </testcase>
  <testcase name="initialize" classname="zapcg.Capillary.MemberDetailsTestCases.memberDetails_TestCases" time="0">
    <skipped/>
    <system-out><![CDATA[The name of the testcase passed is : testMinLengthPassword_TestCase5
Test execution completed on FirefoxDriver with device: Galaxy S20 Landscape
]]></system-out>
  </testcase>
  <testcase name="initialize" classname="zapcg.Capillary.MemberDetailsTestCases.memberDetails_TestCases" time="0">
    <skipped/>
    <system-out><![CDATA[The name of the testcase passed is : testUsernameWithSpaces_TestCase6
Test execution completed on FirefoxDriver with device: Galaxy S20 Landscape
]]></system-out>
  </testcase>
  <testcase name="initialize" classname="zapcg.Capillary.MemberDetailsTestCases.memberDetails_TestCases" time="0">
    <skipped/>
    <system-out><![CDATA[The name of the testcase passed is : verifyForEnabledLoginButton_TestCase7
Test execution completed on FirefoxDriver with device: Galaxy S20 Landscape
]]></system-out>
  </testcase>
  <testcase name="initialize" classname="zapcg.Capillary.MemberDetailsTestCases.memberDetails_TestCases" time="0">
    <skipped/>
    <system-out><![CDATA[The name of the testcase passed is : verifyForDisabledLoginButtonForEmptyUsername_TestCase8
Test execution completed on FirefoxDriver with device: Galaxy S20 Landscape
]]></system-out>
  </testcase>
  <testcase name="initialize" classname="zapcg.Capillary.MemberDetailsTestCases.memberDetails_TestCases" time="0">
    <skipped/>
  </testcase>
  <testcase name="initialize" classname="zapcg.Capillary.MemberDetailsTestCases.memberDetails_TestCases" time="0">
    <skipped/>
  </testcase>
  <testcase name="initialize[firefox, Tablet Portrait](0)" classname="zapcg.Capillary.MemberDetailsTestCases.memberDetails_TestCases" time="44.035">
    <failure message="Session ID is null. Using WebDriver after calling quit()?&#10;Build info: version: &apos;4.22.0&apos;, revision: &apos;c5f3146703*&apos;&#10;System info: os.name: &apos;Windows 10&apos;, os.arch: &apos;amd64&apos;, os.version: &apos;10.0&apos;, java.version: &apos;15.0.2&apos;&#10;Driver info: org.openqa.selenium.firefox.FirefoxDriver&#10;Command: [null, get {url=https://d1msv2sqknn4w4.cloudfront.net}]&#10;Capabilities {acceptInsecureCerts: true, browserName: firefox, browserVersion: 128.0, moz:accessibilityChecks: false, moz:buildID: 20240626091446, moz:debuggerAddress: 127.0.0.1:41435, moz:geckodriverVersion: 0.34.0, moz:headless: false, moz:platformVersion: 10.0, moz:processID: 47624, moz:profile: C:\Users\KAJALS~1\AppData\L..., moz:shutdownTimeout: 60000, moz:webdriverClick: true, moz:windowless: false, pageLoadStrategy: normal, platformName: windows, proxy: Proxy(), se:cdp: ws://127.0.0.1:41435/devtoo..., se:cdpVersion: 85.0, setWindowRect: true, strictFileInteractability: false, timeouts: {implicit: 0, pageLoad: 300000, script: 30000}, unhandledPromptBehavior: dismiss and notify, userAgent: Mozilla/5.0 (Windows NT 10....}" type="org.openqa.selenium.NoSuchSessionException"><![CDATA[org.openqa.selenium.NoSuchSessionException: 
Session ID is null. Using WebDriver after calling quit()?
Build info: version: '4.22.0', revision: 'c5f3146703*'
System info: os.name: 'Windows 10', os.arch: 'amd64', os.version: '10.0', java.version: '15.0.2'
Driver info: org.openqa.selenium.firefox.FirefoxDriver
Command: [null, get {url=https://d1msv2sqknn4w4.cloudfront.net}]
Capabilities {acceptInsecureCerts: true, browserName: firefox, browserVersion: 128.0, moz:accessibilityChecks: false, moz:buildID: 20240626091446, moz:debuggerAddress: 127.0.0.1:41435, moz:geckodriverVersion: 0.34.0, moz:headless: false, moz:platformVersion: 10.0, moz:processID: 47624, moz:profile: C:\Users\KAJALS~1\AppData\L..., moz:shutdownTimeout: 60000, moz:webdriverClick: true, moz:windowless: false, pageLoadStrategy: normal, platformName: windows, proxy: Proxy(), se:cdp: ws://127.0.0.1:41435/devtoo..., se:cdpVersion: 85.0, setWindowRect: true, strictFileInteractability: false, timeouts: {implicit: 0, pageLoad: 300000, script: 30000}, unhandledPromptBehavior: dismiss and notify, userAgent: Mozilla/5.0 (Windows NT 10....}
	at zapcg.Capillary.MemberDetailsTestCases.memberDetails_TestCases.initialize(memberDetails_TestCases.java:27)
]]></failure>
    <system-err><![CDATA[Error initializing WebDriver: Browsing context has been discarded
Build info: version: '4.22.0', revision: 'c5f3146703*'
System info: os.name: 'Windows 10', os.arch: 'amd64', os.version: '10.0', java.version: '15.0.2'
Driver info: org.openqa.selenium.firefox.FirefoxDriver
Command: [8af2c016-482a-4b89-b7ec-658fd080688c, setCurrentWindowSize {height=1024, width=768}]
Capabilities {acceptInsecureCerts: true, browserName: firefox, browserVersion: 128.0, moz:accessibilityChecks: false, moz:buildID: 20240626091446, moz:debuggerAddress: 127.0.0.1:41435, moz:geckodriverVersion: 0.34.0, moz:headless: false, moz:platformVersion: 10.0, moz:processID: 47624, moz:profile: C:\Users\KAJALS~1\AppData\L..., moz:shutdownTimeout: 60000, moz:webdriverClick: true, moz:windowless: false, pageLoadStrategy: normal, platformName: windows, proxy: Proxy(), se:cdp: ws://127.0.0.1:41435/devtoo..., se:cdpVersion: 85.0, setWindowRect: true, strictFileInteractability: false, timeouts: {implicit: 0, pageLoad: 300000, script: 30000}, unhandledPromptBehavior: dismiss and notify, userAgent: Mozilla/5.0 (Windows NT 10....}
Session ID: 8af2c016-482a-4b89-b7ec-658fd080688c
]]></system-err>
  </testcase>
  <testcase name="initialize[firefox, iPhone 11 Pro Portrait](0)" classname="zapcg.Capillary.MemberDetailsTestCases.memberDetails_TestCases" time="99.069">
    <failure message="Unable to locate element: #MS016IN&#10;For documentation on this error, please visit: https://www.selenium.dev/documentation/webdriver/troubleshooting/errors#no-such-element-exception&#10;Build info: version: &apos;4.22.0&apos;, revision: &apos;c5f3146703*&apos;&#10;System info: os.name: &apos;Windows 10&apos;, os.arch: &apos;amd64&apos;, os.version: &apos;10.0&apos;, java.version: &apos;15.0.2&apos;&#10;Driver info: org.openqa.selenium.firefox.FirefoxDriver&#10;Command: [3fbffb82-2e03-4e1b-a54d-6faf0c25ffe9, findElement {value=MS016IN, using=id}]&#10;Capabilities {acceptInsecureCerts: true, browserName: firefox, browserVersion: 128.0, moz:accessibilityChecks: false, moz:buildID: 20240628091536, moz:debuggerAddress: 127.0.0.1:35066, moz:geckodriverVersion: 0.34.0, moz:headless: false, moz:platformVersion: 10.0, moz:processID: 22092, moz:profile: C:\Users\KAJALS~1\AppData\L..., moz:shutdownTimeout: 60000, moz:webdriverClick: true, moz:windowless: false, pageLoadStrategy: normal, platformName: windows, proxy: Proxy(), se:cdp: ws://127.0.0.1:35066/devtoo..., se:cdpVersion: 85.0, setWindowRect: true, strictFileInteractability: false, timeouts: {implicit: 0, pageLoad: 300000, script: 30000}, unhandledPromptBehavior: dismiss and notify, userAgent: Mozilla/5.0 (Windows NT 10....}&#10;Session ID: 3fbffb82-2e03-4e1b-a54d-6faf0c25ffe9" type="org.openqa.selenium.NoSuchElementException"><![CDATA[org.openqa.selenium.NoSuchElementException: 
Unable to locate element: #MS016IN
For documentation on this error, please visit: https://www.selenium.dev/documentation/webdriver/troubleshooting/errors#no-such-element-exception
Build info: version: '4.22.0', revision: 'c5f3146703*'
System info: os.name: 'Windows 10', os.arch: 'amd64', os.version: '10.0', java.version: '15.0.2'
Driver info: org.openqa.selenium.firefox.FirefoxDriver
Command: [3fbffb82-2e03-4e1b-a54d-6faf0c25ffe9, findElement {value=MS016IN, using=id}]
Capabilities {acceptInsecureCerts: true, browserName: firefox, browserVersion: 128.0, moz:accessibilityChecks: false, moz:buildID: 20240628091536, moz:debuggerAddress: 127.0.0.1:35066, moz:geckodriverVersion: 0.34.0, moz:headless: false, moz:platformVersion: 10.0, moz:processID: 22092, moz:profile: C:\Users\KAJALS~1\AppData\L..., moz:shutdownTimeout: 60000, moz:webdriverClick: true, moz:windowless: false, pageLoadStrategy: normal, platformName: windows, proxy: Proxy(), se:cdp: ws://127.0.0.1:35066/devtoo..., se:cdpVersion: 85.0, setWindowRect: true, strictFileInteractability: false, timeouts: {implicit: 0, pageLoad: 300000, script: 30000}, unhandledPromptBehavior: dismiss and notify, userAgent: Mozilla/5.0 (Windows NT 10....}
Session ID: 3fbffb82-2e03-4e1b-a54d-6faf0c25ffe9
	at zapcg.Capillary.MemberDetailsTestCases.memberDetails_TestCases.initialize(memberDetails_TestCases.java:35)
]]></failure>
    <system-out><![CDATA[The name of the testcase failed is : testValidLogin_TestCase1
Test execution completed on FirefoxDriver with device: iPhone 11 Pro Portrait
]]></system-out>
  </testcase>
  <testcase name="initialize[firefox, iPhone 11 Pro Landscape](0)" classname="zapcg.Capillary.MemberDetailsTestCases.memberDetails_TestCases" time="98.914">
    <failure message="Unable to locate element: #MS016IN&#10;For documentation on this error, please visit: https://www.selenium.dev/documentation/webdriver/troubleshooting/errors#no-such-element-exception&#10;Build info: version: &apos;4.22.0&apos;, revision: &apos;c5f3146703*&apos;&#10;System info: os.name: &apos;Windows 10&apos;, os.arch: &apos;amd64&apos;, os.version: &apos;10.0&apos;, java.version: &apos;15.0.2&apos;&#10;Driver info: org.openqa.selenium.firefox.FirefoxDriver&#10;Command: [51eb54fa-c878-4790-9865-4906cec5a603, findElement {value=MS016IN, using=id}]&#10;Capabilities {acceptInsecureCerts: true, browserName: firefox, browserVersion: 128.0, moz:accessibilityChecks: false, moz:buildID: 20240628091536, moz:debuggerAddress: 127.0.0.1:18237, moz:geckodriverVersion: 0.34.0, moz:headless: false, moz:platformVersion: 10.0, moz:processID: 55904, moz:profile: C:\Users\KAJALS~1\AppData\L..., moz:shutdownTimeout: 60000, moz:webdriverClick: true, moz:windowless: false, pageLoadStrategy: normal, platformName: windows, proxy: Proxy(), se:cdp: ws://127.0.0.1:18237/devtoo..., se:cdpVersion: 85.0, setWindowRect: true, strictFileInteractability: false, timeouts: {implicit: 0, pageLoad: 300000, script: 30000}, unhandledPromptBehavior: dismiss and notify, userAgent: Mozilla/5.0 (Windows NT 10....}&#10;Session ID: 51eb54fa-c878-4790-9865-4906cec5a603" type="org.openqa.selenium.NoSuchElementException"><![CDATA[org.openqa.selenium.NoSuchElementException: 
Unable to locate element: #MS016IN
For documentation on this error, please visit: https://www.selenium.dev/documentation/webdriver/troubleshooting/errors#no-such-element-exception
Build info: version: '4.22.0', revision: 'c5f3146703*'
System info: os.name: 'Windows 10', os.arch: 'amd64', os.version: '10.0', java.version: '15.0.2'
Driver info: org.openqa.selenium.firefox.FirefoxDriver
Command: [51eb54fa-c878-4790-9865-4906cec5a603, findElement {value=MS016IN, using=id}]
Capabilities {acceptInsecureCerts: true, browserName: firefox, browserVersion: 128.0, moz:accessibilityChecks: false, moz:buildID: 20240628091536, moz:debuggerAddress: 127.0.0.1:18237, moz:geckodriverVersion: 0.34.0, moz:headless: false, moz:platformVersion: 10.0, moz:processID: 55904, moz:profile: C:\Users\KAJALS~1\AppData\L..., moz:shutdownTimeout: 60000, moz:webdriverClick: true, moz:windowless: false, pageLoadStrategy: normal, platformName: windows, proxy: Proxy(), se:cdp: ws://127.0.0.1:18237/devtoo..., se:cdpVersion: 85.0, setWindowRect: true, strictFileInteractability: false, timeouts: {implicit: 0, pageLoad: 300000, script: 30000}, unhandledPromptBehavior: dismiss and notify, userAgent: Mozilla/5.0 (Windows NT 10....}
Session ID: 51eb54fa-c878-4790-9865-4906cec5a603
	at zapcg.Capillary.MemberDetailsTestCases.memberDetails_TestCases.initialize(memberDetails_TestCases.java:35)
]]></failure>
    <system-out><![CDATA[The name of the testcase failed is : testValidLogin_TestCase1
Test execution completed on FirefoxDriver with device: iPhone 11 Pro Landscape
]]></system-out>
  </testcase>
  <testcase name="initialize[firefox, Galaxy S20 Portrait](0)" classname="zapcg.Capillary.MemberDetailsTestCases.memberDetails_TestCases" time="99.6">
    <failure message="Unable to locate element: #MS016IN&#10;For documentation on this error, please visit: https://www.selenium.dev/documentation/webdriver/troubleshooting/errors#no-such-element-exception&#10;Build info: version: &apos;4.22.0&apos;, revision: &apos;c5f3146703*&apos;&#10;System info: os.name: &apos;Windows 10&apos;, os.arch: &apos;amd64&apos;, os.version: &apos;10.0&apos;, java.version: &apos;15.0.2&apos;&#10;Driver info: org.openqa.selenium.firefox.FirefoxDriver&#10;Command: [c027d3e6-0b97-4033-acc4-8e3fb0063a8a, findElement {value=MS016IN, using=id}]&#10;Capabilities {acceptInsecureCerts: true, browserName: firefox, browserVersion: 128.0, moz:accessibilityChecks: false, moz:buildID: 20240628091536, moz:debuggerAddress: 127.0.0.1:9955, moz:geckodriverVersion: 0.34.0, moz:headless: false, moz:platformVersion: 10.0, moz:processID: 47260, moz:profile: C:\Users\KAJALS~1\AppData\L..., moz:shutdownTimeout: 60000, moz:webdriverClick: true, moz:windowless: false, pageLoadStrategy: normal, platformName: windows, proxy: Proxy(), se:cdp: ws://127.0.0.1:9955/devtool..., se:cdpVersion: 85.0, setWindowRect: true, strictFileInteractability: false, timeouts: {implicit: 0, pageLoad: 300000, script: 30000}, unhandledPromptBehavior: dismiss and notify, userAgent: Mozilla/5.0 (Windows NT 10....}&#10;Session ID: c027d3e6-0b97-4033-acc4-8e3fb0063a8a" type="org.openqa.selenium.NoSuchElementException"><![CDATA[org.openqa.selenium.NoSuchElementException: 
Unable to locate element: #MS016IN
For documentation on this error, please visit: https://www.selenium.dev/documentation/webdriver/troubleshooting/errors#no-such-element-exception
Build info: version: '4.22.0', revision: 'c5f3146703*'
System info: os.name: 'Windows 10', os.arch: 'amd64', os.version: '10.0', java.version: '15.0.2'
Driver info: org.openqa.selenium.firefox.FirefoxDriver
Command: [c027d3e6-0b97-4033-acc4-8e3fb0063a8a, findElement {value=MS016IN, using=id}]
Capabilities {acceptInsecureCerts: true, browserName: firefox, browserVersion: 128.0, moz:accessibilityChecks: false, moz:buildID: 20240628091536, moz:debuggerAddress: 127.0.0.1:9955, moz:geckodriverVersion: 0.34.0, moz:headless: false, moz:platformVersion: 10.0, moz:processID: 47260, moz:profile: C:\Users\KAJALS~1\AppData\L..., moz:shutdownTimeout: 60000, moz:webdriverClick: true, moz:windowless: false, pageLoadStrategy: normal, platformName: windows, proxy: Proxy(), se:cdp: ws://127.0.0.1:9955/devtool..., se:cdpVersion: 85.0, setWindowRect: true, strictFileInteractability: false, timeouts: {implicit: 0, pageLoad: 300000, script: 30000}, unhandledPromptBehavior: dismiss and notify, userAgent: Mozilla/5.0 (Windows NT 10....}
Session ID: c027d3e6-0b97-4033-acc4-8e3fb0063a8a
	at zapcg.Capillary.MemberDetailsTestCases.memberDetails_TestCases.initialize(memberDetails_TestCases.java:35)
]]></failure>
    <system-out><![CDATA[The name of the testcase failed is : testValidLogin_TestCase1
Test execution completed on FirefoxDriver with device: Galaxy S20 Portrait
]]></system-out>
  </testcase>
  <testcase name="initialize[firefox, Galaxy S20 Landscape](0)" classname="zapcg.Capillary.MemberDetailsTestCases.memberDetails_TestCases" time="101.673">
    <failure message="Unable to locate element: #MS016IN&#10;For documentation on this error, please visit: https://www.selenium.dev/documentation/webdriver/troubleshooting/errors#no-such-element-exception&#10;Build info: version: &apos;4.22.0&apos;, revision: &apos;c5f3146703*&apos;&#10;System info: os.name: &apos;Windows 10&apos;, os.arch: &apos;amd64&apos;, os.version: &apos;10.0&apos;, java.version: &apos;15.0.2&apos;&#10;Driver info: org.openqa.selenium.firefox.FirefoxDriver&#10;Command: [1ecd646d-f0d3-4c20-96fb-7f66f5cb5809, findElement {value=MS016IN, using=id}]&#10;Capabilities {acceptInsecureCerts: true, browserName: firefox, browserVersion: 128.0, moz:accessibilityChecks: false, moz:buildID: 20240628091536, moz:debuggerAddress: 127.0.0.1:39132, moz:geckodriverVersion: 0.34.0, moz:headless: false, moz:platformVersion: 10.0, moz:processID: 50892, moz:profile: C:\Users\KAJALS~1\AppData\L..., moz:shutdownTimeout: 60000, moz:webdriverClick: true, moz:windowless: false, pageLoadStrategy: normal, platformName: windows, proxy: Proxy(), se:cdp: ws://127.0.0.1:39132/devtoo..., se:cdpVersion: 85.0, setWindowRect: true, strictFileInteractability: false, timeouts: {implicit: 0, pageLoad: 300000, script: 30000}, unhandledPromptBehavior: dismiss and notify, userAgent: Mozilla/5.0 (Windows NT 10....}&#10;Session ID: 1ecd646d-f0d3-4c20-96fb-7f66f5cb5809" type="org.openqa.selenium.NoSuchElementException"><![CDATA[org.openqa.selenium.NoSuchElementException: 
Unable to locate element: #MS016IN
For documentation on this error, please visit: https://www.selenium.dev/documentation/webdriver/troubleshooting/errors#no-such-element-exception
Build info: version: '4.22.0', revision: 'c5f3146703*'
System info: os.name: 'Windows 10', os.arch: 'amd64', os.version: '10.0', java.version: '15.0.2'
Driver info: org.openqa.selenium.firefox.FirefoxDriver
Command: [1ecd646d-f0d3-4c20-96fb-7f66f5cb5809, findElement {value=MS016IN, using=id}]
Capabilities {acceptInsecureCerts: true, browserName: firefox, browserVersion: 128.0, moz:accessibilityChecks: false, moz:buildID: 20240628091536, moz:debuggerAddress: 127.0.0.1:39132, moz:geckodriverVersion: 0.34.0, moz:headless: false, moz:platformVersion: 10.0, moz:processID: 50892, moz:profile: C:\Users\KAJALS~1\AppData\L..., moz:shutdownTimeout: 60000, moz:webdriverClick: true, moz:windowless: false, pageLoadStrategy: normal, platformName: windows, proxy: Proxy(), se:cdp: ws://127.0.0.1:39132/devtoo..., se:cdpVersion: 85.0, setWindowRect: true, strictFileInteractability: false, timeouts: {implicit: 0, pageLoad: 300000, script: 30000}, unhandledPromptBehavior: dismiss and notify, userAgent: Mozilla/5.0 (Windows NT 10....}
Session ID: 1ecd646d-f0d3-4c20-96fb-7f66f5cb5809
	at zapcg.Capillary.MemberDetailsTestCases.memberDetails_TestCases.initialize(memberDetails_TestCases.java:35)
]]></failure>
    <system-out><![CDATA[The name of the testcase failed is : testValidLogin_TestCase1
Test execution completed on FirefoxDriver with device: Galaxy S20 Landscape
]]></system-out>
  </testcase>
  <testcase name="verifyNonEditableLocationField" classname="zapcg.Capillary.EarnPointPageTestCases.EarnPoint_Valid_TestCases" time="0.056">
    <system-out><![CDATA[The name of the testcase passed is : verifyMemberDetailsNavigationFromMeberLookupScreen
Test execution completed on ChromeDriver with device: Tablet Portrait
 Test case started: verifyNonEditableLocationField
The value of the disabled field is: Akasaka
The Location field is correctly disabled.
]]></system-out>
  </testcase>
  <testcase name="verifyNonEditableLocationField" classname="zapcg.Capillary.EarnPointPageTestCases.EarnPoint_Valid_TestCases" time="0.065">
    <system-out><![CDATA[The name of the testcase passed is : verifyMemberDetailsNavigationFromMeberLookupScreen
Test execution completed on ChromeDriver with device: Tablet Landscape
 Test case started: verifyNonEditableLocationField
The value of the disabled field is: Akasaka
The Location field is correctly disabled.
]]></system-out>
  </testcase>
  <testcase name="verifyNonEditableLocationField" classname="zapcg.Capillary.EarnPointPageTestCases.EarnPoint_Valid_TestCases" time="0.053">
    <system-out><![CDATA[The name of the testcase passed is : verifyMemberDetailsNavigationFromMeberLookupScreen
Test execution completed on ChromeDriver with device: iPhone 11 Pro Portrait
 Test case started: verifyNonEditableLocationField
The value of the disabled field is: Akasaka
The Location field is correctly disabled.
]]></system-out>
  </testcase>
  <testcase name="verifyNonEditableLocationField" classname="zapcg.Capillary.EarnPointPageTestCases.EarnPoint_Valid_TestCases" time="0.032">
    <system-out><![CDATA[The name of the testcase passed is : verifyMemberDetailsNavigationFromMeberLookupScreen
Test execution completed on ChromeDriver with device: iPhone 11 Pro Landscape
 Test case started: verifyNonEditableLocationField
The value of the disabled field is: Akasaka
The Location field is correctly disabled.
]]></system-out>
  </testcase>
  <testcase name="verifyNonEditableLocationField" classname="zapcg.Capillary.EarnPointPageTestCases.EarnPoint_Valid_TestCases" time="0">
    <skipped message="no such element: Unable to locate element: {&quot;method&quot;:&quot;css selector&quot;,&quot;selector&quot;:&quot;#MS016IN&quot;}&#10;  (Session info: chrome=126.0.6478.57)&#10;For documentation on this error, please visit: https://www.selenium.dev/documentation/webdriver/troubleshooting/errors#no-such-element-exception&#10;Build info: version: &apos;4.22.0&apos;, revision: &apos;c5f3146703*&apos;&#10;System info: os.name: &apos;Windows 10&apos;, os.arch: &apos;amd64&apos;, os.version: &apos;10.0&apos;, java.version: &apos;15.0.2&apos;&#10;Driver info: org.openqa.selenium.chrome.ChromeDriver&#10;Command: [1f56e95d6f707bd6649fad7f7b45f988, findElement {value=MS016IN, using=id}]&#10;Capabilities {acceptInsecureCerts: false, browserName: chrome, browserVersion: 126.0.6478.57, chrome: {chromedriverVersion: 126.0.6478.126 (d36ace6122e..., userDataDir: C:\Users\KAJALS~1\AppData\L...}, fedcm:accounts: true, goog:chromeOptions: {debuggerAddress: localhost:65121}, networkConnectionEnabled: false, pageLoadStrategy: normal, platformName: windows, proxy: Proxy(), se:cdp: ws://localhost:65121/devtoo..., se:cdpVersion: 126.0.6478.57, setWindowRect: true, strictFileInteractability: false, timeouts: {implicit: 0, pageLoad: 300000, script: 30000}, unhandledPromptBehavior: dismiss and notify, webauthn:extension:credBlob: true, webauthn:extension:largeBlob: true, webauthn:extension:minPinLength: true, webauthn:extension:prf: true, webauthn:virtualAuthenticators: true}&#10;Session ID: 1f56e95d6f707bd6649fad7f7b45f988"/>
    <system-out><![CDATA[ Test case started: verifyNonEditableLocationField
]]></system-out>
  </testcase>
  <testcase name="verifyNonEditableLocationField" classname="zapcg.Capillary.EarnPointPageTestCases.EarnPoint_Valid_TestCases" time="0.058">
    <system-out><![CDATA[The name of the testcase passed is : verifyMemberDetailsNavigationFromMeberLookupScreen
Test execution completed on ChromeDriver with device: Galaxy S20 Landscape
 Test case started: verifyNonEditableLocationField
The value of the disabled field is: Akasaka
The Location field is correctly disabled.
]]></system-out>
  </testcase>
  <testcase name="verifyNonEditableLocationField" classname="zapcg.Capillary.EarnPointPageTestCases.EarnPoint_Valid_TestCases" time="0.036">
    <system-out><![CDATA[ Test case started: verifyNonEditableLocationField
The value of the disabled field is: Akasaka
The Location field is correctly disabled.
]]></system-out>
  </testcase>
  <testcase name="verifyNonEditableLocationField" classname="zapcg.Capillary.EarnPointPageTestCases.EarnPoint_Valid_TestCases" time="0.018">
    <system-out><![CDATA[The name of the testcase passed is : verifyMemberDetailsNavigationFromMeberLookupScreen
Test execution completed on FirefoxDriver with device: Tablet Landscape
 Test case started: verifyNonEditableLocationField
The value of the disabled field is: Akasaka
The Location field is correctly disabled.
]]></system-out>
  </testcase>
  <testcase name="verifyNonEditableLocationField" classname="zapcg.Capillary.EarnPointPageTestCases.EarnPoint_Valid_TestCases" time="0">
    <skipped message="Unable to locate element: #MS016IN&#10;For documentation on this error, please visit: https://www.selenium.dev/documentation/webdriver/troubleshooting/errors#no-such-element-exception&#10;Build info: version: &apos;4.22.0&apos;, revision: &apos;c5f3146703*&apos;&#10;System info: os.name: &apos;Windows 10&apos;, os.arch: &apos;amd64&apos;, os.version: &apos;10.0&apos;, java.version: &apos;15.0.2&apos;&#10;Driver info: org.openqa.selenium.firefox.FirefoxDriver&#10;Command: [58917e30-005a-4e0a-9646-9ba182850487, findElement {value=MS016IN, using=id}]&#10;Capabilities {acceptInsecureCerts: true, browserName: firefox, browserVersion: 128.0, moz:accessibilityChecks: false, moz:buildID: 20240628091536, moz:debuggerAddress: 127.0.0.1:24998, moz:geckodriverVersion: 0.34.0, moz:headless: false, moz:platformVersion: 10.0, moz:processID: 58832, moz:profile: C:\Users\KAJALS~1\AppData\L..., moz:shutdownTimeout: 60000, moz:webdriverClick: true, moz:windowless: false, pageLoadStrategy: normal, platformName: windows, proxy: Proxy(), se:cdp: ws://127.0.0.1:24998/devtoo..., se:cdpVersion: 85.0, setWindowRect: true, strictFileInteractability: false, timeouts: {implicit: 0, pageLoad: 300000, script: 30000}, unhandledPromptBehavior: dismiss and notify, userAgent: Mozilla/5.0 (Windows NT 10....}&#10;Session ID: 58917e30-005a-4e0a-9646-9ba182850487"/>
    <system-out><![CDATA[ Test case started: verifyNonEditableLocationField
]]></system-out>
  </testcase>
  <testcase name="verifyNonEditableLocationField" classname="zapcg.Capillary.EarnPointPageTestCases.EarnPoint_Valid_TestCases" time="0">
    <skipped message="Unable to locate element: #MS016IN&#10;For documentation on this error, please visit: https://www.selenium.dev/documentation/webdriver/troubleshooting/errors#no-such-element-exception&#10;Build info: version: &apos;4.22.0&apos;, revision: &apos;c5f3146703*&apos;&#10;System info: os.name: &apos;Windows 10&apos;, os.arch: &apos;amd64&apos;, os.version: &apos;10.0&apos;, java.version: &apos;15.0.2&apos;&#10;Driver info: org.openqa.selenium.firefox.FirefoxDriver&#10;Command: [6695fe23-675b-4da8-b878-ddaf312e2452, findElement {value=MS016IN, using=id}]&#10;Capabilities {acceptInsecureCerts: true, browserName: firefox, browserVersion: 128.0, moz:accessibilityChecks: false, moz:buildID: 20240628091536, moz:debuggerAddress: 127.0.0.1:22100, moz:geckodriverVersion: 0.34.0, moz:headless: false, moz:platformVersion: 10.0, moz:processID: 24856, moz:profile: C:\Users\KAJALS~1\AppData\L..., moz:shutdownTimeout: 60000, moz:webdriverClick: true, moz:windowless: false, pageLoadStrategy: normal, platformName: windows, proxy: Proxy(), se:cdp: ws://127.0.0.1:22100/devtoo..., se:cdpVersion: 85.0, setWindowRect: true, strictFileInteractability: false, timeouts: {implicit: 0, pageLoad: 300000, script: 30000}, unhandledPromptBehavior: dismiss and notify, userAgent: Mozilla/5.0 (Windows NT 10....}&#10;Session ID: 6695fe23-675b-4da8-b878-ddaf312e2452"/>
    <system-out><![CDATA[ Test case started: verifyNonEditableLocationField
]]></system-out>
  </testcase>
  <testcase name="verifyNonEditableLocationField" classname="zapcg.Capillary.EarnPointPageTestCases.EarnPoint_Valid_TestCases" time="0">
    <skipped message="Unable to locate element: #MS016IN&#10;For documentation on this error, please visit: https://www.selenium.dev/documentation/webdriver/troubleshooting/errors#no-such-element-exception&#10;Build info: version: &apos;4.22.0&apos;, revision: &apos;c5f3146703*&apos;&#10;System info: os.name: &apos;Windows 10&apos;, os.arch: &apos;amd64&apos;, os.version: &apos;10.0&apos;, java.version: &apos;15.0.2&apos;&#10;Driver info: org.openqa.selenium.firefox.FirefoxDriver&#10;Command: [c55c92ea-39ca-4da0-9cdd-df6ab23fb5e5, findElement {value=MS016IN, using=id}]&#10;Capabilities {acceptInsecureCerts: true, browserName: firefox, browserVersion: 128.0, moz:accessibilityChecks: false, moz:buildID: 20240628091536, moz:debuggerAddress: 127.0.0.1:2102, moz:geckodriverVersion: 0.34.0, moz:headless: false, moz:platformVersion: 10.0, moz:processID: 19408, moz:profile: C:\Users\KAJALS~1\AppData\L..., moz:shutdownTimeout: 60000, moz:webdriverClick: true, moz:windowless: false, pageLoadStrategy: normal, platformName: windows, proxy: Proxy(), se:cdp: ws://127.0.0.1:2102/devtool..., se:cdpVersion: 85.0, setWindowRect: true, strictFileInteractability: false, timeouts: {implicit: 0, pageLoad: 300000, script: 30000}, unhandledPromptBehavior: dismiss and notify, userAgent: Mozilla/5.0 (Windows NT 10....}&#10;Session ID: c55c92ea-39ca-4da0-9cdd-df6ab23fb5e5"/>
    <system-out><![CDATA[ Test case started: verifyNonEditableLocationField
]]></system-out>
  </testcase>
  <testcase name="verifyNonEditableLocationField" classname="zapcg.Capillary.EarnPointPageTestCases.EarnPoint_Valid_TestCases" time="0">
    <skipped message="Unable to locate element: #MS016IN&#10;For documentation on this error, please visit: https://www.selenium.dev/documentation/webdriver/troubleshooting/errors#no-such-element-exception&#10;Build info: version: &apos;4.22.0&apos;, revision: &apos;c5f3146703*&apos;&#10;System info: os.name: &apos;Windows 10&apos;, os.arch: &apos;amd64&apos;, os.version: &apos;10.0&apos;, java.version: &apos;15.0.2&apos;&#10;Driver info: org.openqa.selenium.firefox.FirefoxDriver&#10;Command: [4503da74-b064-4a06-a9bd-c1b9bc440d96, findElement {value=MS016IN, using=id}]&#10;Capabilities {acceptInsecureCerts: true, browserName: firefox, browserVersion: 128.0, moz:accessibilityChecks: false, moz:buildID: 20240628091536, moz:debuggerAddress: 127.0.0.1:41321, moz:geckodriverVersion: 0.34.0, moz:headless: false, moz:platformVersion: 10.0, moz:processID: 28688, moz:profile: C:\Users\KAJALS~1\AppData\L..., moz:shutdownTimeout: 60000, moz:webdriverClick: true, moz:windowless: false, pageLoadStrategy: normal, platformName: windows, proxy: Proxy(), se:cdp: ws://127.0.0.1:41321/devtoo..., se:cdpVersion: 85.0, setWindowRect: true, strictFileInteractability: false, timeouts: {implicit: 0, pageLoad: 300000, script: 30000}, unhandledPromptBehavior: dismiss and notify, userAgent: Mozilla/5.0 (Windows NT 10....}&#10;Session ID: 4503da74-b064-4a06-a9bd-c1b9bc440d96"/>
    <system-out><![CDATA[ Test case started: verifyNonEditableLocationField
]]></system-out>
  </testcase>
  <testcase name="verifyNonEditableDateField" classname="zapcg.Capillary.EarnPointPageTestCases.EarnPoint_Valid_TestCases" time="0.057">
    <system-out><![CDATA[The name of the testcase passed is : verifyMemberDetailsDisplaying
Test execution completed on ChromeDriver with device: Tablet Portrait
 Test case started: verifyNonEditableDateField
The value of the disabled field is: 2024/07/06
The Date field is correctly disabled.
]]></system-out>
  </testcase>
  <testcase name="verifyNonEditableDateField" classname="zapcg.Capillary.EarnPointPageTestCases.EarnPoint_Valid_TestCases" time="0.061">
    <system-out><![CDATA[The name of the testcase passed is : verifyMemberDetailsDisplaying
Test execution completed on ChromeDriver with device: Tablet Landscape
 Test case started: verifyNonEditableDateField
The value of the disabled field is: 2024/07/06
The Date field is correctly disabled.
]]></system-out>
  </testcase>
  <testcase name="verifyNonEditableDateField" classname="zapcg.Capillary.EarnPointPageTestCases.EarnPoint_Valid_TestCases" time="0.058">
    <system-out><![CDATA[The name of the testcase passed is : verifyMemberDetailsDisplaying
Test execution completed on ChromeDriver with device: iPhone 11 Pro Portrait
 Test case started: verifyNonEditableDateField
The value of the disabled field is: 2024/07/06
The Date field is correctly disabled.
]]></system-out>
  </testcase>
  <testcase name="verifyNonEditableDateField" classname="zapcg.Capillary.EarnPointPageTestCases.EarnPoint_Valid_TestCases" time="0.044">
    <system-out><![CDATA[The name of the testcase passed is : verifyMemberDetailsDisplaying
Test execution completed on ChromeDriver with device: iPhone 11 Pro Landscape
 Test case started: verifyNonEditableDateField
The value of the disabled field is: 2024/07/06
The Date field is correctly disabled.
]]></system-out>
  </testcase>
  <testcase name="verifyNonEditableDateField" classname="zapcg.Capillary.EarnPointPageTestCases.EarnPoint_Valid_TestCases" time="0">
    <skipped message="no such element: Unable to locate element: {&quot;method&quot;:&quot;css selector&quot;,&quot;selector&quot;:&quot;#MS016IN&quot;}&#10;  (Session info: chrome=126.0.6478.57)&#10;For documentation on this error, please visit: https://www.selenium.dev/documentation/webdriver/troubleshooting/errors#no-such-element-exception&#10;Build info: version: &apos;4.22.0&apos;, revision: &apos;c5f3146703*&apos;&#10;System info: os.name: &apos;Windows 10&apos;, os.arch: &apos;amd64&apos;, os.version: &apos;10.0&apos;, java.version: &apos;15.0.2&apos;&#10;Driver info: org.openqa.selenium.chrome.ChromeDriver&#10;Command: [1f56e95d6f707bd6649fad7f7b45f988, findElement {value=MS016IN, using=id}]&#10;Capabilities {acceptInsecureCerts: false, browserName: chrome, browserVersion: 126.0.6478.57, chrome: {chromedriverVersion: 126.0.6478.126 (d36ace6122e..., userDataDir: C:\Users\KAJALS~1\AppData\L...}, fedcm:accounts: true, goog:chromeOptions: {debuggerAddress: localhost:65121}, networkConnectionEnabled: false, pageLoadStrategy: normal, platformName: windows, proxy: Proxy(), se:cdp: ws://localhost:65121/devtoo..., se:cdpVersion: 126.0.6478.57, setWindowRect: true, strictFileInteractability: false, timeouts: {implicit: 0, pageLoad: 300000, script: 30000}, unhandledPromptBehavior: dismiss and notify, webauthn:extension:credBlob: true, webauthn:extension:largeBlob: true, webauthn:extension:minPinLength: true, webauthn:extension:prf: true, webauthn:virtualAuthenticators: true}&#10;Session ID: 1f56e95d6f707bd6649fad7f7b45f988"/>
    <system-out><![CDATA[ Test case started: verifyNonEditableDateField
]]></system-out>
  </testcase>
  <testcase name="verifyNonEditableDateField" classname="zapcg.Capillary.EarnPointPageTestCases.EarnPoint_Valid_TestCases" time="0.074">
    <system-out><![CDATA[The name of the testcase passed is : verifyMemberDetailsDisplaying
Test execution completed on ChromeDriver with device: Galaxy S20 Landscape
 Test case started: verifyNonEditableDateField
The value of the disabled field is: 2024/07/06
The Date field is correctly disabled.
]]></system-out>
  </testcase>
  <testcase name="verifyNonEditableDateField" classname="zapcg.Capillary.EarnPointPageTestCases.EarnPoint_Valid_TestCases" time="0.018">
    <system-out><![CDATA[ Test case started: verifyNonEditableDateField
The value of the disabled field is: 2024/07/06
The Date field is correctly disabled.
]]></system-out>
  </testcase>
  <testcase name="verifyNonEditableDateField" classname="zapcg.Capillary.EarnPointPageTestCases.EarnPoint_Valid_TestCases" time="0.03">
    <system-out><![CDATA[The name of the testcase passed is : verifyMemberDetailsDisplaying
Test execution completed on FirefoxDriver with device: Tablet Landscape
 Test case started: verifyNonEditableDateField
The value of the disabled field is: 2024/07/06
The Date field is correctly disabled.
]]></system-out>
  </testcase>
  <testcase name="verifyNonEditableDateField" classname="zapcg.Capillary.EarnPointPageTestCases.EarnPoint_Valid_TestCases" time="0">
    <skipped message="Unable to locate element: #MS016IN&#10;For documentation on this error, please visit: https://www.selenium.dev/documentation/webdriver/troubleshooting/errors#no-such-element-exception&#10;Build info: version: &apos;4.22.0&apos;, revision: &apos;c5f3146703*&apos;&#10;System info: os.name: &apos;Windows 10&apos;, os.arch: &apos;amd64&apos;, os.version: &apos;10.0&apos;, java.version: &apos;15.0.2&apos;&#10;Driver info: org.openqa.selenium.firefox.FirefoxDriver&#10;Command: [58917e30-005a-4e0a-9646-9ba182850487, findElement {value=MS016IN, using=id}]&#10;Capabilities {acceptInsecureCerts: true, browserName: firefox, browserVersion: 128.0, moz:accessibilityChecks: false, moz:buildID: 20240628091536, moz:debuggerAddress: 127.0.0.1:24998, moz:geckodriverVersion: 0.34.0, moz:headless: false, moz:platformVersion: 10.0, moz:processID: 58832, moz:profile: C:\Users\KAJALS~1\AppData\L..., moz:shutdownTimeout: 60000, moz:webdriverClick: true, moz:windowless: false, pageLoadStrategy: normal, platformName: windows, proxy: Proxy(), se:cdp: ws://127.0.0.1:24998/devtoo..., se:cdpVersion: 85.0, setWindowRect: true, strictFileInteractability: false, timeouts: {implicit: 0, pageLoad: 300000, script: 30000}, unhandledPromptBehavior: dismiss and notify, userAgent: Mozilla/5.0 (Windows NT 10....}&#10;Session ID: 58917e30-005a-4e0a-9646-9ba182850487"/>
    <system-out><![CDATA[ Test case started: verifyNonEditableDateField
]]></system-out>
  </testcase>
  <testcase name="verifyNonEditableDateField" classname="zapcg.Capillary.EarnPointPageTestCases.EarnPoint_Valid_TestCases" time="0">
    <skipped message="Unable to locate element: #MS016IN&#10;For documentation on this error, please visit: https://www.selenium.dev/documentation/webdriver/troubleshooting/errors#no-such-element-exception&#10;Build info: version: &apos;4.22.0&apos;, revision: &apos;c5f3146703*&apos;&#10;System info: os.name: &apos;Windows 10&apos;, os.arch: &apos;amd64&apos;, os.version: &apos;10.0&apos;, java.version: &apos;15.0.2&apos;&#10;Driver info: org.openqa.selenium.firefox.FirefoxDriver&#10;Command: [6695fe23-675b-4da8-b878-ddaf312e2452, findElement {value=MS016IN, using=id}]&#10;Capabilities {acceptInsecureCerts: true, browserName: firefox, browserVersion: 128.0, moz:accessibilityChecks: false, moz:buildID: 20240628091536, moz:debuggerAddress: 127.0.0.1:22100, moz:geckodriverVersion: 0.34.0, moz:headless: false, moz:platformVersion: 10.0, moz:processID: 24856, moz:profile: C:\Users\KAJALS~1\AppData\L..., moz:shutdownTimeout: 60000, moz:webdriverClick: true, moz:windowless: false, pageLoadStrategy: normal, platformName: windows, proxy: Proxy(), se:cdp: ws://127.0.0.1:22100/devtoo..., se:cdpVersion: 85.0, setWindowRect: true, strictFileInteractability: false, timeouts: {implicit: 0, pageLoad: 300000, script: 30000}, unhandledPromptBehavior: dismiss and notify, userAgent: Mozilla/5.0 (Windows NT 10....}&#10;Session ID: 6695fe23-675b-4da8-b878-ddaf312e2452"/>
    <system-out><![CDATA[ Test case started: verifyNonEditableDateField
]]></system-out>
  </testcase>
  <testcase name="verifyNonEditableDateField" classname="zapcg.Capillary.EarnPointPageTestCases.EarnPoint_Valid_TestCases" time="0">
    <skipped message="Unable to locate element: #MS016IN&#10;For documentation on this error, please visit: https://www.selenium.dev/documentation/webdriver/troubleshooting/errors#no-such-element-exception&#10;Build info: version: &apos;4.22.0&apos;, revision: &apos;c5f3146703*&apos;&#10;System info: os.name: &apos;Windows 10&apos;, os.arch: &apos;amd64&apos;, os.version: &apos;10.0&apos;, java.version: &apos;15.0.2&apos;&#10;Driver info: org.openqa.selenium.firefox.FirefoxDriver&#10;Command: [c55c92ea-39ca-4da0-9cdd-df6ab23fb5e5, findElement {value=MS016IN, using=id}]&#10;Capabilities {acceptInsecureCerts: true, browserName: firefox, browserVersion: 128.0, moz:accessibilityChecks: false, moz:buildID: 20240628091536, moz:debuggerAddress: 127.0.0.1:2102, moz:geckodriverVersion: 0.34.0, moz:headless: false, moz:platformVersion: 10.0, moz:processID: 19408, moz:profile: C:\Users\KAJALS~1\AppData\L..., moz:shutdownTimeout: 60000, moz:webdriverClick: true, moz:windowless: false, pageLoadStrategy: normal, platformName: windows, proxy: Proxy(), se:cdp: ws://127.0.0.1:2102/devtool..., se:cdpVersion: 85.0, setWindowRect: true, strictFileInteractability: false, timeouts: {implicit: 0, pageLoad: 300000, script: 30000}, unhandledPromptBehavior: dismiss and notify, userAgent: Mozilla/5.0 (Windows NT 10....}&#10;Session ID: c55c92ea-39ca-4da0-9cdd-df6ab23fb5e5"/>
    <system-out><![CDATA[ Test case started: verifyNonEditableDateField
]]></system-out>
  </testcase>
  <testcase name="verifyNonEditableDateField" classname="zapcg.Capillary.EarnPointPageTestCases.EarnPoint_Valid_TestCases" time="0">
    <skipped message="Unable to locate element: #MS016IN&#10;For documentation on this error, please visit: https://www.selenium.dev/documentation/webdriver/troubleshooting/errors#no-such-element-exception&#10;Build info: version: &apos;4.22.0&apos;, revision: &apos;c5f3146703*&apos;&#10;System info: os.name: &apos;Windows 10&apos;, os.arch: &apos;amd64&apos;, os.version: &apos;10.0&apos;, java.version: &apos;15.0.2&apos;&#10;Driver info: org.openqa.selenium.firefox.FirefoxDriver&#10;Command: [4503da74-b064-4a06-a9bd-c1b9bc440d96, findElement {value=MS016IN, using=id}]&#10;Capabilities {acceptInsecureCerts: true, browserName: firefox, browserVersion: 128.0, moz:accessibilityChecks: false, moz:buildID: 20240628091536, moz:debuggerAddress: 127.0.0.1:41321, moz:geckodriverVersion: 0.34.0, moz:headless: false, moz:platformVersion: 10.0, moz:processID: 28688, moz:profile: C:\Users\KAJALS~1\AppData\L..., moz:shutdownTimeout: 60000, moz:webdriverClick: true, moz:windowless: false, pageLoadStrategy: normal, platformName: windows, proxy: Proxy(), se:cdp: ws://127.0.0.1:41321/devtoo..., se:cdpVersion: 85.0, setWindowRect: true, strictFileInteractability: false, timeouts: {implicit: 0, pageLoad: 300000, script: 30000}, unhandledPromptBehavior: dismiss and notify, userAgent: Mozilla/5.0 (Windows NT 10....}&#10;Session ID: 4503da74-b064-4a06-a9bd-c1b9bc440d96"/>
    <system-out><![CDATA[ Test case started: verifyNonEditableDateField
]]></system-out>
  </testcase>
  <testcase name="verifyNonEditableTimeField" classname="zapcg.Capillary.EarnPointPageTestCases.EarnPoint_Valid_TestCases" time="0.054">
    <system-out><![CDATA[The name of the testcase passed is : verifyMemberDetailsContentDisplaying
Test execution completed on ChromeDriver with device: Tablet Portrait
 Test case started: verifyNonEditableTimeField
The value of the disabled field is: 11:07:41
The Time field is correctly disabled.
]]></system-out>
  </testcase>
  <testcase name="verifyNonEditableTimeField" classname="zapcg.Capillary.EarnPointPageTestCases.EarnPoint_Valid_TestCases" time="0.061">
    <system-out><![CDATA[The name of the testcase passed is : verifyMemberDetailsContentDisplaying
Test execution completed on ChromeDriver with device: Tablet Landscape
 Test case started: verifyNonEditableTimeField
The value of the disabled field is: 11:17:43
The Time field is correctly disabled.
]]></system-out>
  </testcase>
  <testcase name="verifyNonEditableTimeField" classname="zapcg.Capillary.EarnPointPageTestCases.EarnPoint_Valid_TestCases" time="0.044">
    <system-out><![CDATA[The name of the testcase passed is : verifyMemberDetailsContentDisplaying
Test execution completed on ChromeDriver with device: iPhone 11 Pro Portrait
 Test case started: verifyNonEditableTimeField
The value of the disabled field is: 11:27:46
The Time field is correctly disabled.
]]></system-out>
  </testcase>
  <testcase name="verifyNonEditableTimeField" classname="zapcg.Capillary.EarnPointPageTestCases.EarnPoint_Valid_TestCases" time="0.049">
    <system-out><![CDATA[The name of the testcase passed is : verifyMemberDetailsContentDisplaying
Test execution completed on ChromeDriver with device: iPhone 11 Pro Landscape
 Test case started: verifyNonEditableTimeField
The value of the disabled field is: 11:37:39
The Time field is correctly disabled.
]]></system-out>
  </testcase>
  <testcase name="verifyNonEditableTimeField" classname="zapcg.Capillary.EarnPointPageTestCases.EarnPoint_Valid_TestCases" time="0">
    <skipped message="no such element: Unable to locate element: {&quot;method&quot;:&quot;css selector&quot;,&quot;selector&quot;:&quot;#MS016IN&quot;}&#10;  (Session info: chrome=126.0.6478.57)&#10;For documentation on this error, please visit: https://www.selenium.dev/documentation/webdriver/troubleshooting/errors#no-such-element-exception&#10;Build info: version: &apos;4.22.0&apos;, revision: &apos;c5f3146703*&apos;&#10;System info: os.name: &apos;Windows 10&apos;, os.arch: &apos;amd64&apos;, os.version: &apos;10.0&apos;, java.version: &apos;15.0.2&apos;&#10;Driver info: org.openqa.selenium.chrome.ChromeDriver&#10;Command: [1f56e95d6f707bd6649fad7f7b45f988, findElement {value=MS016IN, using=id}]&#10;Capabilities {acceptInsecureCerts: false, browserName: chrome, browserVersion: 126.0.6478.57, chrome: {chromedriverVersion: 126.0.6478.126 (d36ace6122e..., userDataDir: C:\Users\KAJALS~1\AppData\L...}, fedcm:accounts: true, goog:chromeOptions: {debuggerAddress: localhost:65121}, networkConnectionEnabled: false, pageLoadStrategy: normal, platformName: windows, proxy: Proxy(), se:cdp: ws://localhost:65121/devtoo..., se:cdpVersion: 126.0.6478.57, setWindowRect: true, strictFileInteractability: false, timeouts: {implicit: 0, pageLoad: 300000, script: 30000}, unhandledPromptBehavior: dismiss and notify, webauthn:extension:credBlob: true, webauthn:extension:largeBlob: true, webauthn:extension:minPinLength: true, webauthn:extension:prf: true, webauthn:virtualAuthenticators: true}&#10;Session ID: 1f56e95d6f707bd6649fad7f7b45f988"/>
    <system-out><![CDATA[ Test case started: verifyNonEditableTimeField
]]></system-out>
  </testcase>
  <testcase name="verifyNonEditableTimeField" classname="zapcg.Capillary.EarnPointPageTestCases.EarnPoint_Valid_TestCases" time="0.055">
    <system-out><![CDATA[The name of the testcase passed is : verifyMemberDetailsContentDisplaying
Test execution completed on ChromeDriver with device: Galaxy S20 Landscape
 Test case started: verifyNonEditableTimeField
The value of the disabled field is: 11:58:49
The Time field is correctly disabled.
]]></system-out>
  </testcase>
  <testcase name="verifyNonEditableTimeField" classname="zapcg.Capillary.EarnPointPageTestCases.EarnPoint_Valid_TestCases" time="0.023">
    <system-out><![CDATA[ Test case started: verifyNonEditableTimeField
The value of the disabled field is: 12:10:38
The Time field is correctly disabled.
]]></system-out>
  </testcase>
  <testcase name="verifyNonEditableTimeField" classname="zapcg.Capillary.EarnPointPageTestCases.EarnPoint_Valid_TestCases" time="0.014">
    <system-out><![CDATA[The name of the testcase passed is : verifyMemberDetailsContentDisplaying
Test execution completed on FirefoxDriver with device: Tablet Landscape
 Test case started: verifyNonEditableTimeField
The value of the disabled field is: 12:25:51
The Time field is correctly disabled.
]]></system-out>
  </testcase>
  <testcase name="verifyNonEditableTimeField" classname="zapcg.Capillary.EarnPointPageTestCases.EarnPoint_Valid_TestCases" time="0">
    <skipped message="Unable to locate element: #MS016IN&#10;For documentation on this error, please visit: https://www.selenium.dev/documentation/webdriver/troubleshooting/errors#no-such-element-exception&#10;Build info: version: &apos;4.22.0&apos;, revision: &apos;c5f3146703*&apos;&#10;System info: os.name: &apos;Windows 10&apos;, os.arch: &apos;amd64&apos;, os.version: &apos;10.0&apos;, java.version: &apos;15.0.2&apos;&#10;Driver info: org.openqa.selenium.firefox.FirefoxDriver&#10;Command: [58917e30-005a-4e0a-9646-9ba182850487, findElement {value=MS016IN, using=id}]&#10;Capabilities {acceptInsecureCerts: true, browserName: firefox, browserVersion: 128.0, moz:accessibilityChecks: false, moz:buildID: 20240628091536, moz:debuggerAddress: 127.0.0.1:24998, moz:geckodriverVersion: 0.34.0, moz:headless: false, moz:platformVersion: 10.0, moz:processID: 58832, moz:profile: C:\Users\KAJALS~1\AppData\L..., moz:shutdownTimeout: 60000, moz:webdriverClick: true, moz:windowless: false, pageLoadStrategy: normal, platformName: windows, proxy: Proxy(), se:cdp: ws://127.0.0.1:24998/devtoo..., se:cdpVersion: 85.0, setWindowRect: true, strictFileInteractability: false, timeouts: {implicit: 0, pageLoad: 300000, script: 30000}, unhandledPromptBehavior: dismiss and notify, userAgent: Mozilla/5.0 (Windows NT 10....}&#10;Session ID: 58917e30-005a-4e0a-9646-9ba182850487"/>
    <system-out><![CDATA[ Test case started: verifyNonEditableTimeField
]]></system-out>
  </testcase>
  <testcase name="verifyNonEditableTimeField" classname="zapcg.Capillary.EarnPointPageTestCases.EarnPoint_Valid_TestCases" time="0">
    <skipped message="Unable to locate element: #MS016IN&#10;For documentation on this error, please visit: https://www.selenium.dev/documentation/webdriver/troubleshooting/errors#no-such-element-exception&#10;Build info: version: &apos;4.22.0&apos;, revision: &apos;c5f3146703*&apos;&#10;System info: os.name: &apos;Windows 10&apos;, os.arch: &apos;amd64&apos;, os.version: &apos;10.0&apos;, java.version: &apos;15.0.2&apos;&#10;Driver info: org.openqa.selenium.firefox.FirefoxDriver&#10;Command: [6695fe23-675b-4da8-b878-ddaf312e2452, findElement {value=MS016IN, using=id}]&#10;Capabilities {acceptInsecureCerts: true, browserName: firefox, browserVersion: 128.0, moz:accessibilityChecks: false, moz:buildID: 20240628091536, moz:debuggerAddress: 127.0.0.1:22100, moz:geckodriverVersion: 0.34.0, moz:headless: false, moz:platformVersion: 10.0, moz:processID: 24856, moz:profile: C:\Users\KAJALS~1\AppData\L..., moz:shutdownTimeout: 60000, moz:webdriverClick: true, moz:windowless: false, pageLoadStrategy: normal, platformName: windows, proxy: Proxy(), se:cdp: ws://127.0.0.1:22100/devtoo..., se:cdpVersion: 85.0, setWindowRect: true, strictFileInteractability: false, timeouts: {implicit: 0, pageLoad: 300000, script: 30000}, unhandledPromptBehavior: dismiss and notify, userAgent: Mozilla/5.0 (Windows NT 10....}&#10;Session ID: 6695fe23-675b-4da8-b878-ddaf312e2452"/>
    <system-out><![CDATA[ Test case started: verifyNonEditableTimeField
]]></system-out>
  </testcase>
  <testcase name="verifyNonEditableTimeField" classname="zapcg.Capillary.EarnPointPageTestCases.EarnPoint_Valid_TestCases" time="0">
    <skipped message="Unable to locate element: #MS016IN&#10;For documentation on this error, please visit: https://www.selenium.dev/documentation/webdriver/troubleshooting/errors#no-such-element-exception&#10;Build info: version: &apos;4.22.0&apos;, revision: &apos;c5f3146703*&apos;&#10;System info: os.name: &apos;Windows 10&apos;, os.arch: &apos;amd64&apos;, os.version: &apos;10.0&apos;, java.version: &apos;15.0.2&apos;&#10;Driver info: org.openqa.selenium.firefox.FirefoxDriver&#10;Command: [c55c92ea-39ca-4da0-9cdd-df6ab23fb5e5, findElement {value=MS016IN, using=id}]&#10;Capabilities {acceptInsecureCerts: true, browserName: firefox, browserVersion: 128.0, moz:accessibilityChecks: false, moz:buildID: 20240628091536, moz:debuggerAddress: 127.0.0.1:2102, moz:geckodriverVersion: 0.34.0, moz:headless: false, moz:platformVersion: 10.0, moz:processID: 19408, moz:profile: C:\Users\KAJALS~1\AppData\L..., moz:shutdownTimeout: 60000, moz:webdriverClick: true, moz:windowless: false, pageLoadStrategy: normal, platformName: windows, proxy: Proxy(), se:cdp: ws://127.0.0.1:2102/devtool..., se:cdpVersion: 85.0, setWindowRect: true, strictFileInteractability: false, timeouts: {implicit: 0, pageLoad: 300000, script: 30000}, unhandledPromptBehavior: dismiss and notify, userAgent: Mozilla/5.0 (Windows NT 10....}&#10;Session ID: c55c92ea-39ca-4da0-9cdd-df6ab23fb5e5"/>
    <system-out><![CDATA[ Test case started: verifyNonEditableTimeField
]]></system-out>
  </testcase>
  <testcase name="verifyNonEditableTimeField" classname="zapcg.Capillary.EarnPointPageTestCases.EarnPoint_Valid_TestCases" time="0">
    <skipped message="Unable to locate element: #MS016IN&#10;For documentation on this error, please visit: https://www.selenium.dev/documentation/webdriver/troubleshooting/errors#no-such-element-exception&#10;Build info: version: &apos;4.22.0&apos;, revision: &apos;c5f3146703*&apos;&#10;System info: os.name: &apos;Windows 10&apos;, os.arch: &apos;amd64&apos;, os.version: &apos;10.0&apos;, java.version: &apos;15.0.2&apos;&#10;Driver info: org.openqa.selenium.firefox.FirefoxDriver&#10;Command: [4503da74-b064-4a06-a9bd-c1b9bc440d96, findElement {value=MS016IN, using=id}]&#10;Capabilities {acceptInsecureCerts: true, browserName: firefox, browserVersion: 128.0, moz:accessibilityChecks: false, moz:buildID: 20240628091536, moz:debuggerAddress: 127.0.0.1:41321, moz:geckodriverVersion: 0.34.0, moz:headless: false, moz:platformVersion: 10.0, moz:processID: 28688, moz:profile: C:\Users\KAJALS~1\AppData\L..., moz:shutdownTimeout: 60000, moz:webdriverClick: true, moz:windowless: false, pageLoadStrategy: normal, platformName: windows, proxy: Proxy(), se:cdp: ws://127.0.0.1:41321/devtoo..., se:cdpVersion: 85.0, setWindowRect: true, strictFileInteractability: false, timeouts: {implicit: 0, pageLoad: 300000, script: 30000}, unhandledPromptBehavior: dismiss and notify, userAgent: Mozilla/5.0 (Windows NT 10....}&#10;Session ID: 4503da74-b064-4a06-a9bd-c1b9bc440d96"/>
    <system-out><![CDATA[ Test case started: verifyNonEditableTimeField
]]></system-out>
  </testcase>
  <testcase name="verifyEarnPointsNavigationFromMeberDetailsScreen" classname="zapcg.Capillary.EarnPointPageTestCases.EarnPoint_Valid_TestCases" time="0.047">
    <system-out><![CDATA[The name of the testcase passed is : testTooLongUsername_TestCase4
Test execution completed on ChromeDriver with device: Tablet Portrait
 Test case started: verifyEarnPointsNavigationFromMeberDetailsScreen
Successfully navigated to the Earn Point screen
]]></system-out>
  </testcase>
  <testcase name="verifyEarnPointsNavigationFromMeberDetailsScreen" classname="zapcg.Capillary.EarnPointPageTestCases.EarnPoint_Valid_TestCases" time="0.067">
    <system-out><![CDATA[The name of the testcase passed is : testTooLongUsername_TestCase4
Test execution completed on ChromeDriver with device: Tablet Landscape
 Test case started: verifyEarnPointsNavigationFromMeberDetailsScreen
Successfully navigated to the Earn Point screen
]]></system-out>
  </testcase>
  <testcase name="verifyEarnPointsNavigationFromMeberDetailsScreen" classname="zapcg.Capillary.EarnPointPageTestCases.EarnPoint_Valid_TestCases" time="0.046">
    <system-out><![CDATA[The name of the testcase passed is : testTooLongUsername_TestCase4
Test execution completed on ChromeDriver with device: iPhone 11 Pro Portrait
 Test case started: verifyEarnPointsNavigationFromMeberDetailsScreen
Successfully navigated to the Earn Point screen
]]></system-out>
  </testcase>
  <testcase name="verifyEarnPointsNavigationFromMeberDetailsScreen" classname="zapcg.Capillary.EarnPointPageTestCases.EarnPoint_Valid_TestCases" time="0.052">
    <system-out><![CDATA[The name of the testcase passed is : testTooLongUsername_TestCase4
Test execution completed on ChromeDriver with device: iPhone 11 Pro Landscape
 Test case started: verifyEarnPointsNavigationFromMeberDetailsScreen
Successfully navigated to the Earn Point screen
]]></system-out>
  </testcase>
  <testcase name="verifyEarnPointsNavigationFromMeberDetailsScreen" classname="zapcg.Capillary.EarnPointPageTestCases.EarnPoint_Valid_TestCases" time="0">
    <skipped message="no such element: Unable to locate element: {&quot;method&quot;:&quot;css selector&quot;,&quot;selector&quot;:&quot;#MS016IN&quot;}&#10;  (Session info: chrome=126.0.6478.57)&#10;For documentation on this error, please visit: https://www.selenium.dev/documentation/webdriver/troubleshooting/errors#no-such-element-exception&#10;Build info: version: &apos;4.22.0&apos;, revision: &apos;c5f3146703*&apos;&#10;System info: os.name: &apos;Windows 10&apos;, os.arch: &apos;amd64&apos;, os.version: &apos;10.0&apos;, java.version: &apos;15.0.2&apos;&#10;Driver info: org.openqa.selenium.chrome.ChromeDriver&#10;Command: [1f56e95d6f707bd6649fad7f7b45f988, findElement {value=MS016IN, using=id}]&#10;Capabilities {acceptInsecureCerts: false, browserName: chrome, browserVersion: 126.0.6478.57, chrome: {chromedriverVersion: 126.0.6478.126 (d36ace6122e..., userDataDir: C:\Users\KAJALS~1\AppData\L...}, fedcm:accounts: true, goog:chromeOptions: {debuggerAddress: localhost:65121}, networkConnectionEnabled: false, pageLoadStrategy: normal, platformName: windows, proxy: Proxy(), se:cdp: ws://localhost:65121/devtoo..., se:cdpVersion: 126.0.6478.57, setWindowRect: true, strictFileInteractability: false, timeouts: {implicit: 0, pageLoad: 300000, script: 30000}, unhandledPromptBehavior: dismiss and notify, webauthn:extension:credBlob: true, webauthn:extension:largeBlob: true, webauthn:extension:minPinLength: true, webauthn:extension:prf: true, webauthn:virtualAuthenticators: true}&#10;Session ID: 1f56e95d6f707bd6649fad7f7b45f988"/>
    <system-out><![CDATA[ Test case started: verifyEarnPointsNavigationFromMeberDetailsScreen
]]></system-out>
  </testcase>
  <testcase name="verifyEarnPointsNavigationFromMeberDetailsScreen" classname="zapcg.Capillary.EarnPointPageTestCases.EarnPoint_Valid_TestCases" time="0.062">
    <system-out><![CDATA[The name of the testcase passed is : testTooLongUsername_TestCase4
Test execution completed on ChromeDriver with device: Galaxy S20 Landscape
 Test case started: verifyEarnPointsNavigationFromMeberDetailsScreen
Successfully navigated to the Earn Point screen
]]></system-out>
  </testcase>
  <testcase name="verifyEarnPointsNavigationFromMeberDetailsScreen" classname="zapcg.Capillary.EarnPointPageTestCases.EarnPoint_Valid_TestCases" time="0.033">
    <system-out><![CDATA[The name of the testcase passed is : testTooLongUsername_TestCase4
Test execution completed on FirefoxDriver with device: Tablet Portrait
 Test case started: verifyEarnPointsNavigationFromMeberDetailsScreen
Successfully navigated to the Earn Point screen
]]></system-out>
  </testcase>
  <testcase name="verifyEarnPointsNavigationFromMeberDetailsScreen" classname="zapcg.Capillary.EarnPointPageTestCases.EarnPoint_Valid_TestCases" time="0.025">
    <system-out><![CDATA[The name of the testcase passed is : testTooLongUsername_TestCase4
Test execution completed on FirefoxDriver with device: Tablet Landscape
 Test case started: verifyEarnPointsNavigationFromMeberDetailsScreen
Successfully navigated to the Earn Point screen
]]></system-out>
  </testcase>
  <testcase name="verifyEarnPointsNavigationFromMeberDetailsScreen" classname="zapcg.Capillary.EarnPointPageTestCases.EarnPoint_Valid_TestCases" time="0">
    <skipped message="Unable to locate element: #MS016IN&#10;For documentation on this error, please visit: https://www.selenium.dev/documentation/webdriver/troubleshooting/errors#no-such-element-exception&#10;Build info: version: &apos;4.22.0&apos;, revision: &apos;c5f3146703*&apos;&#10;System info: os.name: &apos;Windows 10&apos;, os.arch: &apos;amd64&apos;, os.version: &apos;10.0&apos;, java.version: &apos;15.0.2&apos;&#10;Driver info: org.openqa.selenium.firefox.FirefoxDriver&#10;Command: [58917e30-005a-4e0a-9646-9ba182850487, findElement {value=MS016IN, using=id}]&#10;Capabilities {acceptInsecureCerts: true, browserName: firefox, browserVersion: 128.0, moz:accessibilityChecks: false, moz:buildID: 20240628091536, moz:debuggerAddress: 127.0.0.1:24998, moz:geckodriverVersion: 0.34.0, moz:headless: false, moz:platformVersion: 10.0, moz:processID: 58832, moz:profile: C:\Users\KAJALS~1\AppData\L..., moz:shutdownTimeout: 60000, moz:webdriverClick: true, moz:windowless: false, pageLoadStrategy: normal, platformName: windows, proxy: Proxy(), se:cdp: ws://127.0.0.1:24998/devtoo..., se:cdpVersion: 85.0, setWindowRect: true, strictFileInteractability: false, timeouts: {implicit: 0, pageLoad: 300000, script: 30000}, unhandledPromptBehavior: dismiss and notify, userAgent: Mozilla/5.0 (Windows NT 10....}&#10;Session ID: 58917e30-005a-4e0a-9646-9ba182850487"/>
    <system-out><![CDATA[ Test case started: verifyEarnPointsNavigationFromMeberDetailsScreen
]]></system-out>
  </testcase>
  <testcase name="verifyEarnPointsNavigationFromMeberDetailsScreen" classname="zapcg.Capillary.EarnPointPageTestCases.EarnPoint_Valid_TestCases" time="0">
    <skipped message="Unable to locate element: #MS016IN&#10;For documentation on this error, please visit: https://www.selenium.dev/documentation/webdriver/troubleshooting/errors#no-such-element-exception&#10;Build info: version: &apos;4.22.0&apos;, revision: &apos;c5f3146703*&apos;&#10;System info: os.name: &apos;Windows 10&apos;, os.arch: &apos;amd64&apos;, os.version: &apos;10.0&apos;, java.version: &apos;15.0.2&apos;&#10;Driver info: org.openqa.selenium.firefox.FirefoxDriver&#10;Command: [6695fe23-675b-4da8-b878-ddaf312e2452, findElement {value=MS016IN, using=id}]&#10;Capabilities {acceptInsecureCerts: true, browserName: firefox, browserVersion: 128.0, moz:accessibilityChecks: false, moz:buildID: 20240628091536, moz:debuggerAddress: 127.0.0.1:22100, moz:geckodriverVersion: 0.34.0, moz:headless: false, moz:platformVersion: 10.0, moz:processID: 24856, moz:profile: C:\Users\KAJALS~1\AppData\L..., moz:shutdownTimeout: 60000, moz:webdriverClick: true, moz:windowless: false, pageLoadStrategy: normal, platformName: windows, proxy: Proxy(), se:cdp: ws://127.0.0.1:22100/devtoo..., se:cdpVersion: 85.0, setWindowRect: true, strictFileInteractability: false, timeouts: {implicit: 0, pageLoad: 300000, script: 30000}, unhandledPromptBehavior: dismiss and notify, userAgent: Mozilla/5.0 (Windows NT 10....}&#10;Session ID: 6695fe23-675b-4da8-b878-ddaf312e2452"/>
    <system-out><![CDATA[ Test case started: verifyEarnPointsNavigationFromMeberDetailsScreen
]]></system-out>
  </testcase>
  <testcase name="verifyEarnPointsNavigationFromMeberDetailsScreen" classname="zapcg.Capillary.EarnPointPageTestCases.EarnPoint_Valid_TestCases" time="0">
    <skipped message="Unable to locate element: #MS016IN&#10;For documentation on this error, please visit: https://www.selenium.dev/documentation/webdriver/troubleshooting/errors#no-such-element-exception&#10;Build info: version: &apos;4.22.0&apos;, revision: &apos;c5f3146703*&apos;&#10;System info: os.name: &apos;Windows 10&apos;, os.arch: &apos;amd64&apos;, os.version: &apos;10.0&apos;, java.version: &apos;15.0.2&apos;&#10;Driver info: org.openqa.selenium.firefox.FirefoxDriver&#10;Command: [c55c92ea-39ca-4da0-9cdd-df6ab23fb5e5, findElement {value=MS016IN, using=id}]&#10;Capabilities {acceptInsecureCerts: true, browserName: firefox, browserVersion: 128.0, moz:accessibilityChecks: false, moz:buildID: 20240628091536, moz:debuggerAddress: 127.0.0.1:2102, moz:geckodriverVersion: 0.34.0, moz:headless: false, moz:platformVersion: 10.0, moz:processID: 19408, moz:profile: C:\Users\KAJALS~1\AppData\L..., moz:shutdownTimeout: 60000, moz:webdriverClick: true, moz:windowless: false, pageLoadStrategy: normal, platformName: windows, proxy: Proxy(), se:cdp: ws://127.0.0.1:2102/devtool..., se:cdpVersion: 85.0, setWindowRect: true, strictFileInteractability: false, timeouts: {implicit: 0, pageLoad: 300000, script: 30000}, unhandledPromptBehavior: dismiss and notify, userAgent: Mozilla/5.0 (Windows NT 10....}&#10;Session ID: c55c92ea-39ca-4da0-9cdd-df6ab23fb5e5"/>
    <system-out><![CDATA[ Test case started: verifyEarnPointsNavigationFromMeberDetailsScreen
]]></system-out>
  </testcase>
  <testcase name="verifyEarnPointsNavigationFromMeberDetailsScreen" classname="zapcg.Capillary.EarnPointPageTestCases.EarnPoint_Valid_TestCases" time="0">
    <skipped message="Unable to locate element: #MS016IN&#10;For documentation on this error, please visit: https://www.selenium.dev/documentation/webdriver/troubleshooting/errors#no-such-element-exception&#10;Build info: version: &apos;4.22.0&apos;, revision: &apos;c5f3146703*&apos;&#10;System info: os.name: &apos;Windows 10&apos;, os.arch: &apos;amd64&apos;, os.version: &apos;10.0&apos;, java.version: &apos;15.0.2&apos;&#10;Driver info: org.openqa.selenium.firefox.FirefoxDriver&#10;Command: [4503da74-b064-4a06-a9bd-c1b9bc440d96, findElement {value=MS016IN, using=id}]&#10;Capabilities {acceptInsecureCerts: true, browserName: firefox, browserVersion: 128.0, moz:accessibilityChecks: false, moz:buildID: 20240628091536, moz:debuggerAddress: 127.0.0.1:41321, moz:geckodriverVersion: 0.34.0, moz:headless: false, moz:platformVersion: 10.0, moz:processID: 28688, moz:profile: C:\Users\KAJALS~1\AppData\L..., moz:shutdownTimeout: 60000, moz:webdriverClick: true, moz:windowless: false, pageLoadStrategy: normal, platformName: windows, proxy: Proxy(), se:cdp: ws://127.0.0.1:41321/devtoo..., se:cdpVersion: 85.0, setWindowRect: true, strictFileInteractability: false, timeouts: {implicit: 0, pageLoad: 300000, script: 30000}, unhandledPromptBehavior: dismiss and notify, userAgent: Mozilla/5.0 (Windows NT 10....}&#10;Session ID: 4503da74-b064-4a06-a9bd-c1b9bc440d96"/>
    <system-out><![CDATA[ Test case started: verifyEarnPointsNavigationFromMeberDetailsScreen
]]></system-out>
  </testcase>
  <testcase name="verifyMemberDetailsContentDisplayingOnEarnPointScreen" classname="zapcg.Capillary.EarnPointPageTestCases.EarnPoint_Valid_TestCases" time="0.291">
    <system-out><![CDATA[The name of the testcase passed is : verifyHeaderOfTheMemberDetailsScreen
Test execution completed on ChromeDriver with device: Tablet Portrait
 Test case started: verifyMemberDetailsContentDisplayingOnEarnPointScreen
Member details are displaying.
Member Name: Akasaka Sawyer
Available Points: 6 Valid Points
Membership ID: Current Tier: Silver | Membership ID: 575075079
Points Expiry Date: 6 Points Expire on 2026/06/30
]]></system-out>
  </testcase>
  <testcase name="verifyMemberDetailsContentDisplayingOnEarnPointScreen" classname="zapcg.Capillary.EarnPointPageTestCases.EarnPoint_Valid_TestCases" time="0.34">
    <system-out><![CDATA[The name of the testcase passed is : verifyHeaderOfTheMemberDetailsScreen
Test execution completed on ChromeDriver with device: Tablet Landscape
 Test case started: verifyMemberDetailsContentDisplayingOnEarnPointScreen
Member details are displaying.
Member Name: Akasaka Sawyer
Available Points: 5 Valid Points
Membership ID: Current Tier: Silver | Membership ID: 575075079
Points Expiry Date: 5 Points Expire on 2026/06/30
]]></system-out>
  </testcase>
  <testcase name="verifyMemberDetailsContentDisplayingOnEarnPointScreen" classname="zapcg.Capillary.EarnPointPageTestCases.EarnPoint_Valid_TestCases" time="0.287">
    <system-out><![CDATA[The name of the testcase passed is : verifyHeaderOfTheMemberDetailsScreen
Test execution completed on ChromeDriver with device: iPhone 11 Pro Portrait
 Test case started: verifyMemberDetailsContentDisplayingOnEarnPointScreen
Member details are displaying.
Member Name: Akasaka Sawyer
Available Points: 4 Valid Points
Membership ID: Current Tier: Silver | Membership ID: 575075079
Points Expiry Date: 4 Points Expire on 2026/06/30
]]></system-out>
  </testcase>
  <testcase name="verifyMemberDetailsContentDisplayingOnEarnPointScreen" classname="zapcg.Capillary.EarnPointPageTestCases.EarnPoint_Valid_TestCases" time="0.294">
    <system-out><![CDATA[The name of the testcase passed is : verifyHeaderOfTheMemberDetailsScreen
Test execution completed on ChromeDriver with device: iPhone 11 Pro Landscape
 Test case started: verifyMemberDetailsContentDisplayingOnEarnPointScreen
Member details are displaying.
Member Name: Akasaka Sawyer
Available Points: 3 Valid Points
Membership ID: Current Tier: Silver | Membership ID: 575075079
Points Expiry Date: 3 Points Expire on 2026/06/30
]]></system-out>
  </testcase>
  <testcase name="verifyMemberDetailsContentDisplayingOnEarnPointScreen" classname="zapcg.Capillary.EarnPointPageTestCases.EarnPoint_Valid_TestCases" time="0">
    <skipped message="no such element: Unable to locate element: {&quot;method&quot;:&quot;css selector&quot;,&quot;selector&quot;:&quot;#MS016IN&quot;}&#10;  (Session info: chrome=126.0.6478.57)&#10;For documentation on this error, please visit: https://www.selenium.dev/documentation/webdriver/troubleshooting/errors#no-such-element-exception&#10;Build info: version: &apos;4.22.0&apos;, revision: &apos;c5f3146703*&apos;&#10;System info: os.name: &apos;Windows 10&apos;, os.arch: &apos;amd64&apos;, os.version: &apos;10.0&apos;, java.version: &apos;15.0.2&apos;&#10;Driver info: org.openqa.selenium.chrome.ChromeDriver&#10;Command: [1f56e95d6f707bd6649fad7f7b45f988, findElement {value=MS016IN, using=id}]&#10;Capabilities {acceptInsecureCerts: false, browserName: chrome, browserVersion: 126.0.6478.57, chrome: {chromedriverVersion: 126.0.6478.126 (d36ace6122e..., userDataDir: C:\Users\KAJALS~1\AppData\L...}, fedcm:accounts: true, goog:chromeOptions: {debuggerAddress: localhost:65121}, networkConnectionEnabled: false, pageLoadStrategy: normal, platformName: windows, proxy: Proxy(), se:cdp: ws://localhost:65121/devtoo..., se:cdpVersion: 126.0.6478.57, setWindowRect: true, strictFileInteractability: false, timeouts: {implicit: 0, pageLoad: 300000, script: 30000}, unhandledPromptBehavior: dismiss and notify, webauthn:extension:credBlob: true, webauthn:extension:largeBlob: true, webauthn:extension:minPinLength: true, webauthn:extension:prf: true, webauthn:virtualAuthenticators: true}&#10;Session ID: 1f56e95d6f707bd6649fad7f7b45f988"/>
    <system-out><![CDATA[ Test case started: verifyMemberDetailsContentDisplayingOnEarnPointScreen
]]></system-out>
  </testcase>
  <testcase name="verifyMemberDetailsContentDisplayingOnEarnPointScreen" classname="zapcg.Capillary.EarnPointPageTestCases.EarnPoint_Valid_TestCases" time="0.333">
    <system-out><![CDATA[The name of the testcase passed is : verifyHeaderOfTheMemberDetailsScreen
Test execution completed on ChromeDriver with device: Galaxy S20 Landscape
 Test case started: verifyMemberDetailsContentDisplayingOnEarnPointScreen
Member details are displaying.
Member Name: Akasaka Sawyer
Available Points: 3 Valid Points
Membership ID: Current Tier: Silver | Membership ID: 575075079
Points Expiry Date: 3 Points Expire on 2026/06/30
]]></system-out>
  </testcase>
  <testcase name="verifyMemberDetailsContentDisplayingOnEarnPointScreen" classname="zapcg.Capillary.EarnPointPageTestCases.EarnPoint_Valid_TestCases" time="0.36">
    <system-out><![CDATA[ Test case started: verifyMemberDetailsContentDisplayingOnEarnPointScreen
Member details are displaying.
Member Name: Akasaka Sawyer
Available Points: 2 Valid Points
Membership ID: Current Tier: Silver | Membership ID: 575075079
Points Expiry Date: 2 Points Expire on 2026/06/30
]]></system-out>
  </testcase>
  <testcase name="verifyMemberDetailsContentDisplayingOnEarnPointScreen" classname="zapcg.Capillary.EarnPointPageTestCases.EarnPoint_Valid_TestCases" time="0.345">
    <system-out><![CDATA[The name of the testcase passed is : verifyHeaderOfTheMemberDetailsScreen
Test execution completed on FirefoxDriver with device: Tablet Landscape
 Test case started: verifyMemberDetailsContentDisplayingOnEarnPointScreen
Member details are displaying.
Member Name: Akasaka Sawyer
Available Points: 1 Valid Points
Membership ID: Current Tier: Silver | Membership ID: 575075079
Points Expiry Date: 1 Points Expire on 2026/06/30
]]></system-out>
  </testcase>
  <testcase name="verifyMemberDetailsContentDisplayingOnEarnPointScreen" classname="zapcg.Capillary.EarnPointPageTestCases.EarnPoint_Valid_TestCases" time="0">
    <skipped message="Unable to locate element: #MS016IN&#10;For documentation on this error, please visit: https://www.selenium.dev/documentation/webdriver/troubleshooting/errors#no-such-element-exception&#10;Build info: version: &apos;4.22.0&apos;, revision: &apos;c5f3146703*&apos;&#10;System info: os.name: &apos;Windows 10&apos;, os.arch: &apos;amd64&apos;, os.version: &apos;10.0&apos;, java.version: &apos;15.0.2&apos;&#10;Driver info: org.openqa.selenium.firefox.FirefoxDriver&#10;Command: [58917e30-005a-4e0a-9646-9ba182850487, findElement {value=MS016IN, using=id}]&#10;Capabilities {acceptInsecureCerts: true, browserName: firefox, browserVersion: 128.0, moz:accessibilityChecks: false, moz:buildID: 20240628091536, moz:debuggerAddress: 127.0.0.1:24998, moz:geckodriverVersion: 0.34.0, moz:headless: false, moz:platformVersion: 10.0, moz:processID: 58832, moz:profile: C:\Users\KAJALS~1\AppData\L..., moz:shutdownTimeout: 60000, moz:webdriverClick: true, moz:windowless: false, pageLoadStrategy: normal, platformName: windows, proxy: Proxy(), se:cdp: ws://127.0.0.1:24998/devtoo..., se:cdpVersion: 85.0, setWindowRect: true, strictFileInteractability: false, timeouts: {implicit: 0, pageLoad: 300000, script: 30000}, unhandledPromptBehavior: dismiss and notify, userAgent: Mozilla/5.0 (Windows NT 10....}&#10;Session ID: 58917e30-005a-4e0a-9646-9ba182850487"/>
    <system-out><![CDATA[ Test case started: verifyMemberDetailsContentDisplayingOnEarnPointScreen
]]></system-out>
  </testcase>
  <testcase name="verifyMemberDetailsContentDisplayingOnEarnPointScreen" classname="zapcg.Capillary.EarnPointPageTestCases.EarnPoint_Valid_TestCases" time="0">
    <skipped message="Unable to locate element: #MS016IN&#10;For documentation on this error, please visit: https://www.selenium.dev/documentation/webdriver/troubleshooting/errors#no-such-element-exception&#10;Build info: version: &apos;4.22.0&apos;, revision: &apos;c5f3146703*&apos;&#10;System info: os.name: &apos;Windows 10&apos;, os.arch: &apos;amd64&apos;, os.version: &apos;10.0&apos;, java.version: &apos;15.0.2&apos;&#10;Driver info: org.openqa.selenium.firefox.FirefoxDriver&#10;Command: [6695fe23-675b-4da8-b878-ddaf312e2452, findElement {value=MS016IN, using=id}]&#10;Capabilities {acceptInsecureCerts: true, browserName: firefox, browserVersion: 128.0, moz:accessibilityChecks: false, moz:buildID: 20240628091536, moz:debuggerAddress: 127.0.0.1:22100, moz:geckodriverVersion: 0.34.0, moz:headless: false, moz:platformVersion: 10.0, moz:processID: 24856, moz:profile: C:\Users\KAJALS~1\AppData\L..., moz:shutdownTimeout: 60000, moz:webdriverClick: true, moz:windowless: false, pageLoadStrategy: normal, platformName: windows, proxy: Proxy(), se:cdp: ws://127.0.0.1:22100/devtoo..., se:cdpVersion: 85.0, setWindowRect: true, strictFileInteractability: false, timeouts: {implicit: 0, pageLoad: 300000, script: 30000}, unhandledPromptBehavior: dismiss and notify, userAgent: Mozilla/5.0 (Windows NT 10....}&#10;Session ID: 6695fe23-675b-4da8-b878-ddaf312e2452"/>
    <system-out><![CDATA[ Test case started: verifyMemberDetailsContentDisplayingOnEarnPointScreen
]]></system-out>
  </testcase>
  <testcase name="verifyMemberDetailsContentDisplayingOnEarnPointScreen" classname="zapcg.Capillary.EarnPointPageTestCases.EarnPoint_Valid_TestCases" time="0">
    <skipped message="Unable to locate element: #MS016IN&#10;For documentation on this error, please visit: https://www.selenium.dev/documentation/webdriver/troubleshooting/errors#no-such-element-exception&#10;Build info: version: &apos;4.22.0&apos;, revision: &apos;c5f3146703*&apos;&#10;System info: os.name: &apos;Windows 10&apos;, os.arch: &apos;amd64&apos;, os.version: &apos;10.0&apos;, java.version: &apos;15.0.2&apos;&#10;Driver info: org.openqa.selenium.firefox.FirefoxDriver&#10;Command: [c55c92ea-39ca-4da0-9cdd-df6ab23fb5e5, findElement {value=MS016IN, using=id}]&#10;Capabilities {acceptInsecureCerts: true, browserName: firefox, browserVersion: 128.0, moz:accessibilityChecks: false, moz:buildID: 20240628091536, moz:debuggerAddress: 127.0.0.1:2102, moz:geckodriverVersion: 0.34.0, moz:headless: false, moz:platformVersion: 10.0, moz:processID: 19408, moz:profile: C:\Users\KAJALS~1\AppData\L..., moz:shutdownTimeout: 60000, moz:webdriverClick: true, moz:windowless: false, pageLoadStrategy: normal, platformName: windows, proxy: Proxy(), se:cdp: ws://127.0.0.1:2102/devtool..., se:cdpVersion: 85.0, setWindowRect: true, strictFileInteractability: false, timeouts: {implicit: 0, pageLoad: 300000, script: 30000}, unhandledPromptBehavior: dismiss and notify, userAgent: Mozilla/5.0 (Windows NT 10....}&#10;Session ID: c55c92ea-39ca-4da0-9cdd-df6ab23fb5e5"/>
    <system-out><![CDATA[ Test case started: verifyMemberDetailsContentDisplayingOnEarnPointScreen
]]></system-out>
  </testcase>
  <testcase name="verifyMemberDetailsContentDisplayingOnEarnPointScreen" classname="zapcg.Capillary.EarnPointPageTestCases.EarnPoint_Valid_TestCases" time="0">
    <skipped message="Unable to locate element: #MS016IN&#10;For documentation on this error, please visit: https://www.selenium.dev/documentation/webdriver/troubleshooting/errors#no-such-element-exception&#10;Build info: version: &apos;4.22.0&apos;, revision: &apos;c5f3146703*&apos;&#10;System info: os.name: &apos;Windows 10&apos;, os.arch: &apos;amd64&apos;, os.version: &apos;10.0&apos;, java.version: &apos;15.0.2&apos;&#10;Driver info: org.openqa.selenium.firefox.FirefoxDriver&#10;Command: [4503da74-b064-4a06-a9bd-c1b9bc440d96, findElement {value=MS016IN, using=id}]&#10;Capabilities {acceptInsecureCerts: true, browserName: firefox, browserVersion: 128.0, moz:accessibilityChecks: false, moz:buildID: 20240628091536, moz:debuggerAddress: 127.0.0.1:41321, moz:geckodriverVersion: 0.34.0, moz:headless: false, moz:platformVersion: 10.0, moz:processID: 28688, moz:profile: C:\Users\KAJALS~1\AppData\L..., moz:shutdownTimeout: 60000, moz:webdriverClick: true, moz:windowless: false, pageLoadStrategy: normal, platformName: windows, proxy: Proxy(), se:cdp: ws://127.0.0.1:41321/devtoo..., se:cdpVersion: 85.0, setWindowRect: true, strictFileInteractability: false, timeouts: {implicit: 0, pageLoad: 300000, script: 30000}, unhandledPromptBehavior: dismiss and notify, userAgent: Mozilla/5.0 (Windows NT 10....}&#10;Session ID: 4503da74-b064-4a06-a9bd-c1b9bc440d96"/>
    <system-out><![CDATA[ Test case started: verifyMemberDetailsContentDisplayingOnEarnPointScreen
]]></system-out>
  </testcase>
  <testcase name="verifyHeaderHyperlink" classname="zapcg.Capillary.EarnPointPageTestCases.EarnPoint_Valid_TestCases" time="0.108">
    <system-out><![CDATA[The name of the testcase passed is : verifyExpiryDateEqualToSystemDateThenNoRedeem
Test execution completed on ChromeDriver with device: Tablet Portrait
 Test case started: verifyHeaderHyperlink
Successfully navigated to the Location screen
]]></system-out>
  </testcase>
  <testcase name="verifyHeaderHyperlink" classname="zapcg.Capillary.EarnPointPageTestCases.EarnPoint_Valid_TestCases" time="0.161">
    <system-out><![CDATA[The name of the testcase passed is : verifyExpiryDateEqualToSystemDateThenNoRedeem
Test execution completed on ChromeDriver with device: Tablet Landscape
 Test case started: verifyHeaderHyperlink
Successfully navigated to the Location screen
]]></system-out>
  </testcase>
  <testcase name="verifyHeaderHyperlink" classname="zapcg.Capillary.EarnPointPageTestCases.EarnPoint_Valid_TestCases" time="0.105">
    <system-out><![CDATA[The name of the testcase passed is : verifyExpiryDateEqualToSystemDateThenNoRedeem
Test execution completed on ChromeDriver with device: iPhone 11 Pro Portrait
 Test case started: verifyHeaderHyperlink
Successfully navigated to the Location screen
]]></system-out>
  </testcase>
  <testcase name="verifyHeaderHyperlink" classname="zapcg.Capillary.EarnPointPageTestCases.EarnPoint_Valid_TestCases" time="0.161">
    <system-out><![CDATA[The name of the testcase passed is : verifyExpiryDateEqualToSystemDateThenNoRedeem
Test execution completed on ChromeDriver with device: iPhone 11 Pro Landscape
 Test case started: verifyHeaderHyperlink
Successfully navigated to the Location screen
]]></system-out>
  </testcase>
  <testcase name="verifyHeaderHyperlink" classname="zapcg.Capillary.EarnPointPageTestCases.EarnPoint_Valid_TestCases" time="0">
    <skipped message="no such element: Unable to locate element: {&quot;method&quot;:&quot;css selector&quot;,&quot;selector&quot;:&quot;#MS016IN&quot;}&#10;  (Session info: chrome=126.0.6478.57)&#10;For documentation on this error, please visit: https://www.selenium.dev/documentation/webdriver/troubleshooting/errors#no-such-element-exception&#10;Build info: version: &apos;4.22.0&apos;, revision: &apos;c5f3146703*&apos;&#10;System info: os.name: &apos;Windows 10&apos;, os.arch: &apos;amd64&apos;, os.version: &apos;10.0&apos;, java.version: &apos;15.0.2&apos;&#10;Driver info: org.openqa.selenium.chrome.ChromeDriver&#10;Command: [1f56e95d6f707bd6649fad7f7b45f988, findElement {value=MS016IN, using=id}]&#10;Capabilities {acceptInsecureCerts: false, browserName: chrome, browserVersion: 126.0.6478.57, chrome: {chromedriverVersion: 126.0.6478.126 (d36ace6122e..., userDataDir: C:\Users\KAJALS~1\AppData\L...}, fedcm:accounts: true, goog:chromeOptions: {debuggerAddress: localhost:65121}, networkConnectionEnabled: false, pageLoadStrategy: normal, platformName: windows, proxy: Proxy(), se:cdp: ws://localhost:65121/devtoo..., se:cdpVersion: 126.0.6478.57, setWindowRect: true, strictFileInteractability: false, timeouts: {implicit: 0, pageLoad: 300000, script: 30000}, unhandledPromptBehavior: dismiss and notify, webauthn:extension:credBlob: true, webauthn:extension:largeBlob: true, webauthn:extension:minPinLength: true, webauthn:extension:prf: true, webauthn:virtualAuthenticators: true}&#10;Session ID: 1f56e95d6f707bd6649fad7f7b45f988"/>
    <system-out><![CDATA[ Test case started: verifyHeaderHyperlink
]]></system-out>
  </testcase>
  <testcase name="verifyHeaderHyperlink" classname="zapcg.Capillary.EarnPointPageTestCases.EarnPoint_Valid_TestCases" time="0.179">
    <system-out><![CDATA[The name of the testcase passed is : verifyExpiryDateEqualToSystemDateThenNoRedeem
Test execution completed on ChromeDriver with device: Galaxy S20 Landscape
 Test case started: verifyHeaderHyperlink
Successfully navigated to the Location screen
]]></system-out>
  </testcase>
  <testcase name="verifyHeaderHyperlink" classname="zapcg.Capillary.EarnPointPageTestCases.EarnPoint_Valid_TestCases" time="0.297">
    <system-out><![CDATA[ Test case started: verifyHeaderHyperlink
Successfully navigated to the Location screen
]]></system-out>
  </testcase>
  <testcase name="verifyHeaderHyperlink" classname="zapcg.Capillary.EarnPointPageTestCases.EarnPoint_Valid_TestCases" time="0.271">
    <system-out><![CDATA[The name of the testcase passed is : verifyExpiryDateEqualToSystemDateThenNoRedeem
Test execution completed on FirefoxDriver with device: Tablet Landscape
 Test case started: verifyHeaderHyperlink
Successfully navigated to the Location screen
]]></system-out>
  </testcase>
  <testcase name="verifyHeaderHyperlink" classname="zapcg.Capillary.EarnPointPageTestCases.EarnPoint_Valid_TestCases" time="0">
    <skipped message="Unable to locate element: #MS016IN&#10;For documentation on this error, please visit: https://www.selenium.dev/documentation/webdriver/troubleshooting/errors#no-such-element-exception&#10;Build info: version: &apos;4.22.0&apos;, revision: &apos;c5f3146703*&apos;&#10;System info: os.name: &apos;Windows 10&apos;, os.arch: &apos;amd64&apos;, os.version: &apos;10.0&apos;, java.version: &apos;15.0.2&apos;&#10;Driver info: org.openqa.selenium.firefox.FirefoxDriver&#10;Command: [58917e30-005a-4e0a-9646-9ba182850487, findElement {value=MS016IN, using=id}]&#10;Capabilities {acceptInsecureCerts: true, browserName: firefox, browserVersion: 128.0, moz:accessibilityChecks: false, moz:buildID: 20240628091536, moz:debuggerAddress: 127.0.0.1:24998, moz:geckodriverVersion: 0.34.0, moz:headless: false, moz:platformVersion: 10.0, moz:processID: 58832, moz:profile: C:\Users\KAJALS~1\AppData\L..., moz:shutdownTimeout: 60000, moz:webdriverClick: true, moz:windowless: false, pageLoadStrategy: normal, platformName: windows, proxy: Proxy(), se:cdp: ws://127.0.0.1:24998/devtoo..., se:cdpVersion: 85.0, setWindowRect: true, strictFileInteractability: false, timeouts: {implicit: 0, pageLoad: 300000, script: 30000}, unhandledPromptBehavior: dismiss and notify, userAgent: Mozilla/5.0 (Windows NT 10....}&#10;Session ID: 58917e30-005a-4e0a-9646-9ba182850487"/>
    <system-out><![CDATA[ Test case started: verifyHeaderHyperlink
]]></system-out>
  </testcase>
  <testcase name="verifyHeaderHyperlink" classname="zapcg.Capillary.EarnPointPageTestCases.EarnPoint_Valid_TestCases" time="0">
    <skipped message="Unable to locate element: #MS016IN&#10;For documentation on this error, please visit: https://www.selenium.dev/documentation/webdriver/troubleshooting/errors#no-such-element-exception&#10;Build info: version: &apos;4.22.0&apos;, revision: &apos;c5f3146703*&apos;&#10;System info: os.name: &apos;Windows 10&apos;, os.arch: &apos;amd64&apos;, os.version: &apos;10.0&apos;, java.version: &apos;15.0.2&apos;&#10;Driver info: org.openqa.selenium.firefox.FirefoxDriver&#10;Command: [6695fe23-675b-4da8-b878-ddaf312e2452, findElement {value=MS016IN, using=id}]&#10;Capabilities {acceptInsecureCerts: true, browserName: firefox, browserVersion: 128.0, moz:accessibilityChecks: false, moz:buildID: 20240628091536, moz:debuggerAddress: 127.0.0.1:22100, moz:geckodriverVersion: 0.34.0, moz:headless: false, moz:platformVersion: 10.0, moz:processID: 24856, moz:profile: C:\Users\KAJALS~1\AppData\L..., moz:shutdownTimeout: 60000, moz:webdriverClick: true, moz:windowless: false, pageLoadStrategy: normal, platformName: windows, proxy: Proxy(), se:cdp: ws://127.0.0.1:22100/devtoo..., se:cdpVersion: 85.0, setWindowRect: true, strictFileInteractability: false, timeouts: {implicit: 0, pageLoad: 300000, script: 30000}, unhandledPromptBehavior: dismiss and notify, userAgent: Mozilla/5.0 (Windows NT 10....}&#10;Session ID: 6695fe23-675b-4da8-b878-ddaf312e2452"/>
    <system-out><![CDATA[ Test case started: verifyHeaderHyperlink
]]></system-out>
  </testcase>
  <testcase name="verifyHeaderHyperlink" classname="zapcg.Capillary.EarnPointPageTestCases.EarnPoint_Valid_TestCases" time="0">
    <skipped message="Unable to locate element: #MS016IN&#10;For documentation on this error, please visit: https://www.selenium.dev/documentation/webdriver/troubleshooting/errors#no-such-element-exception&#10;Build info: version: &apos;4.22.0&apos;, revision: &apos;c5f3146703*&apos;&#10;System info: os.name: &apos;Windows 10&apos;, os.arch: &apos;amd64&apos;, os.version: &apos;10.0&apos;, java.version: &apos;15.0.2&apos;&#10;Driver info: org.openqa.selenium.firefox.FirefoxDriver&#10;Command: [c55c92ea-39ca-4da0-9cdd-df6ab23fb5e5, findElement {value=MS016IN, using=id}]&#10;Capabilities {acceptInsecureCerts: true, browserName: firefox, browserVersion: 128.0, moz:accessibilityChecks: false, moz:buildID: 20240628091536, moz:debuggerAddress: 127.0.0.1:2102, moz:geckodriverVersion: 0.34.0, moz:headless: false, moz:platformVersion: 10.0, moz:processID: 19408, moz:profile: C:\Users\KAJALS~1\AppData\L..., moz:shutdownTimeout: 60000, moz:webdriverClick: true, moz:windowless: false, pageLoadStrategy: normal, platformName: windows, proxy: Proxy(), se:cdp: ws://127.0.0.1:2102/devtool..., se:cdpVersion: 85.0, setWindowRect: true, strictFileInteractability: false, timeouts: {implicit: 0, pageLoad: 300000, script: 30000}, unhandledPromptBehavior: dismiss and notify, userAgent: Mozilla/5.0 (Windows NT 10....}&#10;Session ID: c55c92ea-39ca-4da0-9cdd-df6ab23fb5e5"/>
    <system-out><![CDATA[ Test case started: verifyHeaderHyperlink
]]></system-out>
  </testcase>
  <testcase name="verifyHeaderHyperlink" classname="zapcg.Capillary.EarnPointPageTestCases.EarnPoint_Valid_TestCases" time="0">
    <skipped message="Unable to locate element: #MS016IN&#10;For documentation on this error, please visit: https://www.selenium.dev/documentation/webdriver/troubleshooting/errors#no-such-element-exception&#10;Build info: version: &apos;4.22.0&apos;, revision: &apos;c5f3146703*&apos;&#10;System info: os.name: &apos;Windows 10&apos;, os.arch: &apos;amd64&apos;, os.version: &apos;10.0&apos;, java.version: &apos;15.0.2&apos;&#10;Driver info: org.openqa.selenium.firefox.FirefoxDriver&#10;Command: [4503da74-b064-4a06-a9bd-c1b9bc440d96, findElement {value=MS016IN, using=id}]&#10;Capabilities {acceptInsecureCerts: true, browserName: firefox, browserVersion: 128.0, moz:accessibilityChecks: false, moz:buildID: 20240628091536, moz:debuggerAddress: 127.0.0.1:41321, moz:geckodriverVersion: 0.34.0, moz:headless: false, moz:platformVersion: 10.0, moz:processID: 28688, moz:profile: C:\Users\KAJALS~1\AppData\L..., moz:shutdownTimeout: 60000, moz:webdriverClick: true, moz:windowless: false, pageLoadStrategy: normal, platformName: windows, proxy: Proxy(), se:cdp: ws://127.0.0.1:41321/devtoo..., se:cdpVersion: 85.0, setWindowRect: true, strictFileInteractability: false, timeouts: {implicit: 0, pageLoad: 300000, script: 30000}, unhandledPromptBehavior: dismiss and notify, userAgent: Mozilla/5.0 (Windows NT 10....}&#10;Session ID: 4503da74-b064-4a06-a9bd-c1b9bc440d96"/>
    <system-out><![CDATA[ Test case started: verifyHeaderHyperlink
]]></system-out>
  </testcase>
  <testcase name="verifyBackButtonNavigation" classname="zapcg.Capillary.EarnPointPageTestCases.EarnPoint_Valid_TestCases" time="0.129">
    <system-out><![CDATA[The name of the testcase passed is : verifyHeaderHyperlink
Test execution completed on ChromeDriver with device: Tablet Portrait
 Test case started: verifyBackButtonNavigation
Back button clicked successfully from Earn point page.
Successfully navigated to the Member details screen
]]></system-out>
  </testcase>
  <testcase name="verifyBackButtonNavigation" classname="zapcg.Capillary.EarnPointPageTestCases.EarnPoint_Valid_TestCases" time="0.141">
    <system-out><![CDATA[The name of the testcase passed is : verifyHeaderHyperlink
Test execution completed on ChromeDriver with device: Tablet Landscape
 Test case started: verifyBackButtonNavigation
Back button clicked successfully from Earn point page.
Successfully navigated to the Member details screen
]]></system-out>
  </testcase>
  <testcase name="verifyBackButtonNavigation" classname="zapcg.Capillary.EarnPointPageTestCases.EarnPoint_Valid_TestCases" time="0.155">
    <system-out><![CDATA[The name of the testcase passed is : verifyHeaderHyperlink
Test execution completed on ChromeDriver with device: iPhone 11 Pro Portrait
 Test case started: verifyBackButtonNavigation
Back button clicked successfully from Earn point page.
Successfully navigated to the Member details screen
]]></system-out>
  </testcase>
  <testcase name="verifyBackButtonNavigation" classname="zapcg.Capillary.EarnPointPageTestCases.EarnPoint_Valid_TestCases" time="0.122">
    <system-out><![CDATA[The name of the testcase passed is : verifyHeaderHyperlink
Test execution completed on ChromeDriver with device: iPhone 11 Pro Landscape
 Test case started: verifyBackButtonNavigation
Back button clicked successfully from Earn point page.
Successfully navigated to the Member details screen
]]></system-out>
  </testcase>
  <testcase name="verifyBackButtonNavigation" classname="zapcg.Capillary.EarnPointPageTestCases.EarnPoint_Valid_TestCases" time="0">
    <skipped message="no such element: Unable to locate element: {&quot;method&quot;:&quot;css selector&quot;,&quot;selector&quot;:&quot;#MS016IN&quot;}&#10;  (Session info: chrome=126.0.6478.57)&#10;For documentation on this error, please visit: https://www.selenium.dev/documentation/webdriver/troubleshooting/errors#no-such-element-exception&#10;Build info: version: &apos;4.22.0&apos;, revision: &apos;c5f3146703*&apos;&#10;System info: os.name: &apos;Windows 10&apos;, os.arch: &apos;amd64&apos;, os.version: &apos;10.0&apos;, java.version: &apos;15.0.2&apos;&#10;Driver info: org.openqa.selenium.chrome.ChromeDriver&#10;Command: [1f56e95d6f707bd6649fad7f7b45f988, findElement {value=MS016IN, using=id}]&#10;Capabilities {acceptInsecureCerts: false, browserName: chrome, browserVersion: 126.0.6478.57, chrome: {chromedriverVersion: 126.0.6478.126 (d36ace6122e..., userDataDir: C:\Users\KAJALS~1\AppData\L...}, fedcm:accounts: true, goog:chromeOptions: {debuggerAddress: localhost:65121}, networkConnectionEnabled: false, pageLoadStrategy: normal, platformName: windows, proxy: Proxy(), se:cdp: ws://localhost:65121/devtoo..., se:cdpVersion: 126.0.6478.57, setWindowRect: true, strictFileInteractability: false, timeouts: {implicit: 0, pageLoad: 300000, script: 30000}, unhandledPromptBehavior: dismiss and notify, webauthn:extension:credBlob: true, webauthn:extension:largeBlob: true, webauthn:extension:minPinLength: true, webauthn:extension:prf: true, webauthn:virtualAuthenticators: true}&#10;Session ID: 1f56e95d6f707bd6649fad7f7b45f988"/>
    <system-out><![CDATA[ Test case started: verifyBackButtonNavigation
]]></system-out>
  </testcase>
  <testcase name="verifyBackButtonNavigation" classname="zapcg.Capillary.EarnPointPageTestCases.EarnPoint_Valid_TestCases" time="0.167">
    <system-out><![CDATA[The name of the testcase passed is : verifyHeaderHyperlink
Test execution completed on ChromeDriver with device: Galaxy S20 Landscape
 Test case started: verifyBackButtonNavigation
Back button clicked successfully from Earn point page.
Successfully navigated to the Member details screen
]]></system-out>
  </testcase>
  <testcase name="verifyBackButtonNavigation" classname="zapcg.Capillary.EarnPointPageTestCases.EarnPoint_Valid_TestCases" time="0.083">
    <system-out><![CDATA[The name of the testcase passed is : verifyHeaderHyperlink
Test execution completed on FirefoxDriver with device: Tablet Portrait
 Test case started: verifyBackButtonNavigation
Back button clicked successfully from Earn point page.
Successfully navigated to the Member details screen
]]></system-out>
  </testcase>
  <testcase name="verifyBackButtonNavigation" classname="zapcg.Capillary.EarnPointPageTestCases.EarnPoint_Valid_TestCases" time="0.065">
    <system-out><![CDATA[The name of the testcase passed is : verifyHeaderHyperlink
Test execution completed on FirefoxDriver with device: Tablet Landscape
 Test case started: verifyBackButtonNavigation
Back button clicked successfully from Earn point page.
Successfully navigated to the Member details screen
]]></system-out>
  </testcase>
  <testcase name="verifyBackButtonNavigation" classname="zapcg.Capillary.EarnPointPageTestCases.EarnPoint_Valid_TestCases" time="0">
    <skipped message="Unable to locate element: #MS016IN&#10;For documentation on this error, please visit: https://www.selenium.dev/documentation/webdriver/troubleshooting/errors#no-such-element-exception&#10;Build info: version: &apos;4.22.0&apos;, revision: &apos;c5f3146703*&apos;&#10;System info: os.name: &apos;Windows 10&apos;, os.arch: &apos;amd64&apos;, os.version: &apos;10.0&apos;, java.version: &apos;15.0.2&apos;&#10;Driver info: org.openqa.selenium.firefox.FirefoxDriver&#10;Command: [58917e30-005a-4e0a-9646-9ba182850487, findElement {value=MS016IN, using=id}]&#10;Capabilities {acceptInsecureCerts: true, browserName: firefox, browserVersion: 128.0, moz:accessibilityChecks: false, moz:buildID: 20240628091536, moz:debuggerAddress: 127.0.0.1:24998, moz:geckodriverVersion: 0.34.0, moz:headless: false, moz:platformVersion: 10.0, moz:processID: 58832, moz:profile: C:\Users\KAJALS~1\AppData\L..., moz:shutdownTimeout: 60000, moz:webdriverClick: true, moz:windowless: false, pageLoadStrategy: normal, platformName: windows, proxy: Proxy(), se:cdp: ws://127.0.0.1:24998/devtoo..., se:cdpVersion: 85.0, setWindowRect: true, strictFileInteractability: false, timeouts: {implicit: 0, pageLoad: 300000, script: 30000}, unhandledPromptBehavior: dismiss and notify, userAgent: Mozilla/5.0 (Windows NT 10....}&#10;Session ID: 58917e30-005a-4e0a-9646-9ba182850487"/>
    <system-out><![CDATA[ Test case started: verifyBackButtonNavigation
]]></system-out>
  </testcase>
  <testcase name="verifyBackButtonNavigation" classname="zapcg.Capillary.EarnPointPageTestCases.EarnPoint_Valid_TestCases" time="0">
    <skipped message="Unable to locate element: #MS016IN&#10;For documentation on this error, please visit: https://www.selenium.dev/documentation/webdriver/troubleshooting/errors#no-such-element-exception&#10;Build info: version: &apos;4.22.0&apos;, revision: &apos;c5f3146703*&apos;&#10;System info: os.name: &apos;Windows 10&apos;, os.arch: &apos;amd64&apos;, os.version: &apos;10.0&apos;, java.version: &apos;15.0.2&apos;&#10;Driver info: org.openqa.selenium.firefox.FirefoxDriver&#10;Command: [6695fe23-675b-4da8-b878-ddaf312e2452, findElement {value=MS016IN, using=id}]&#10;Capabilities {acceptInsecureCerts: true, browserName: firefox, browserVersion: 128.0, moz:accessibilityChecks: false, moz:buildID: 20240628091536, moz:debuggerAddress: 127.0.0.1:22100, moz:geckodriverVersion: 0.34.0, moz:headless: false, moz:platformVersion: 10.0, moz:processID: 24856, moz:profile: C:\Users\KAJALS~1\AppData\L..., moz:shutdownTimeout: 60000, moz:webdriverClick: true, moz:windowless: false, pageLoadStrategy: normal, platformName: windows, proxy: Proxy(), se:cdp: ws://127.0.0.1:22100/devtoo..., se:cdpVersion: 85.0, setWindowRect: true, strictFileInteractability: false, timeouts: {implicit: 0, pageLoad: 300000, script: 30000}, unhandledPromptBehavior: dismiss and notify, userAgent: Mozilla/5.0 (Windows NT 10....}&#10;Session ID: 6695fe23-675b-4da8-b878-ddaf312e2452"/>
    <system-out><![CDATA[ Test case started: verifyBackButtonNavigation
]]></system-out>
  </testcase>
  <testcase name="verifyBackButtonNavigation" classname="zapcg.Capillary.EarnPointPageTestCases.EarnPoint_Valid_TestCases" time="0">
    <skipped message="Unable to locate element: #MS016IN&#10;For documentation on this error, please visit: https://www.selenium.dev/documentation/webdriver/troubleshooting/errors#no-such-element-exception&#10;Build info: version: &apos;4.22.0&apos;, revision: &apos;c5f3146703*&apos;&#10;System info: os.name: &apos;Windows 10&apos;, os.arch: &apos;amd64&apos;, os.version: &apos;10.0&apos;, java.version: &apos;15.0.2&apos;&#10;Driver info: org.openqa.selenium.firefox.FirefoxDriver&#10;Command: [c55c92ea-39ca-4da0-9cdd-df6ab23fb5e5, findElement {value=MS016IN, using=id}]&#10;Capabilities {acceptInsecureCerts: true, browserName: firefox, browserVersion: 128.0, moz:accessibilityChecks: false, moz:buildID: 20240628091536, moz:debuggerAddress: 127.0.0.1:2102, moz:geckodriverVersion: 0.34.0, moz:headless: false, moz:platformVersion: 10.0, moz:processID: 19408, moz:profile: C:\Users\KAJALS~1\AppData\L..., moz:shutdownTimeout: 60000, moz:webdriverClick: true, moz:windowless: false, pageLoadStrategy: normal, platformName: windows, proxy: Proxy(), se:cdp: ws://127.0.0.1:2102/devtool..., se:cdpVersion: 85.0, setWindowRect: true, strictFileInteractability: false, timeouts: {implicit: 0, pageLoad: 300000, script: 30000}, unhandledPromptBehavior: dismiss and notify, userAgent: Mozilla/5.0 (Windows NT 10....}&#10;Session ID: c55c92ea-39ca-4da0-9cdd-df6ab23fb5e5"/>
    <system-out><![CDATA[ Test case started: verifyBackButtonNavigation
]]></system-out>
  </testcase>
  <testcase name="verifyBackButtonNavigation" classname="zapcg.Capillary.EarnPointPageTestCases.EarnPoint_Valid_TestCases" time="0">
    <skipped message="Unable to locate element: #MS016IN&#10;For documentation on this error, please visit: https://www.selenium.dev/documentation/webdriver/troubleshooting/errors#no-such-element-exception&#10;Build info: version: &apos;4.22.0&apos;, revision: &apos;c5f3146703*&apos;&#10;System info: os.name: &apos;Windows 10&apos;, os.arch: &apos;amd64&apos;, os.version: &apos;10.0&apos;, java.version: &apos;15.0.2&apos;&#10;Driver info: org.openqa.selenium.firefox.FirefoxDriver&#10;Command: [4503da74-b064-4a06-a9bd-c1b9bc440d96, findElement {value=MS016IN, using=id}]&#10;Capabilities {acceptInsecureCerts: true, browserName: firefox, browserVersion: 128.0, moz:accessibilityChecks: false, moz:buildID: 20240628091536, moz:debuggerAddress: 127.0.0.1:41321, moz:geckodriverVersion: 0.34.0, moz:headless: false, moz:platformVersion: 10.0, moz:processID: 28688, moz:profile: C:\Users\KAJALS~1\AppData\L..., moz:shutdownTimeout: 60000, moz:webdriverClick: true, moz:windowless: false, pageLoadStrategy: normal, platformName: windows, proxy: Proxy(), se:cdp: ws://127.0.0.1:41321/devtoo..., se:cdpVersion: 85.0, setWindowRect: true, strictFileInteractability: false, timeouts: {implicit: 0, pageLoad: 300000, script: 30000}, unhandledPromptBehavior: dismiss and notify, userAgent: Mozilla/5.0 (Windows NT 10....}&#10;Session ID: 4503da74-b064-4a06-a9bd-c1b9bc440d96"/>
    <system-out><![CDATA[ Test case started: verifyBackButtonNavigation
]]></system-out>
  </testcase>
  <testcase name="verifyHamBurgerMemberLookupOption" classname="zapcg.Capillary.EarnPointPageTestCases.EarnPoint_Valid_TestCases" time="1.29">
    <system-out><![CDATA[The name of the testcase passed is : verifyHamBurgerLocationOption
Test execution completed on ChromeDriver with device: Tablet Portrait
 Test case started: verifyHamBurgerMemberLookupOption
Hamburger icon clicked successfully.
Member lookup option from Hamburger icon clicked successfully.
Successfully navigated to the member lookup screen
]]></system-out>
  </testcase>
  <testcase name="verifyHamBurgerMemberLookupOption" classname="zapcg.Capillary.EarnPointPageTestCases.EarnPoint_Valid_TestCases" time="1.345">
    <system-out><![CDATA[The name of the testcase passed is : verifyHamBurgerLocationOption
Test execution completed on ChromeDriver with device: Tablet Landscape
 Test case started: verifyHamBurgerMemberLookupOption
Hamburger icon clicked successfully.
Member lookup option from Hamburger icon clicked successfully.
Successfully navigated to the member lookup screen
]]></system-out>
  </testcase>
  <testcase name="verifyHamBurgerMemberLookupOption" classname="zapcg.Capillary.EarnPointPageTestCases.EarnPoint_Valid_TestCases" time="1.308">
    <system-out><![CDATA[The name of the testcase passed is : verifyHamBurgerLocationOption
Test execution completed on ChromeDriver with device: iPhone 11 Pro Portrait
 Test case started: verifyHamBurgerMemberLookupOption
Hamburger icon clicked successfully.
Member lookup option from Hamburger icon clicked successfully.
Successfully navigated to the member lookup screen
]]></system-out>
  </testcase>
  <testcase name="verifyHamBurgerMemberLookupOption" classname="zapcg.Capillary.EarnPointPageTestCases.EarnPoint_Valid_TestCases" time="1.319">
    <system-out><![CDATA[The name of the testcase passed is : verifyHamBurgerLocationOption
Test execution completed on ChromeDriver with device: iPhone 11 Pro Landscape
 Test case started: verifyHamBurgerMemberLookupOption
Hamburger icon clicked successfully.
Member lookup option from Hamburger icon clicked successfully.
Successfully navigated to the member lookup screen
]]></system-out>
  </testcase>
  <testcase name="verifyHamBurgerMemberLookupOption" classname="zapcg.Capillary.EarnPointPageTestCases.EarnPoint_Valid_TestCases" time="0">
    <skipped message="no such element: Unable to locate element: {&quot;method&quot;:&quot;css selector&quot;,&quot;selector&quot;:&quot;#MS016IN&quot;}&#10;  (Session info: chrome=126.0.6478.57)&#10;For documentation on this error, please visit: https://www.selenium.dev/documentation/webdriver/troubleshooting/errors#no-such-element-exception&#10;Build info: version: &apos;4.22.0&apos;, revision: &apos;c5f3146703*&apos;&#10;System info: os.name: &apos;Windows 10&apos;, os.arch: &apos;amd64&apos;, os.version: &apos;10.0&apos;, java.version: &apos;15.0.2&apos;&#10;Driver info: org.openqa.selenium.chrome.ChromeDriver&#10;Command: [1f56e95d6f707bd6649fad7f7b45f988, findElement {value=MS016IN, using=id}]&#10;Capabilities {acceptInsecureCerts: false, browserName: chrome, browserVersion: 126.0.6478.57, chrome: {chromedriverVersion: 126.0.6478.126 (d36ace6122e..., userDataDir: C:\Users\KAJALS~1\AppData\L...}, fedcm:accounts: true, goog:chromeOptions: {debuggerAddress: localhost:65121}, networkConnectionEnabled: false, pageLoadStrategy: normal, platformName: windows, proxy: Proxy(), se:cdp: ws://localhost:65121/devtoo..., se:cdpVersion: 126.0.6478.57, setWindowRect: true, strictFileInteractability: false, timeouts: {implicit: 0, pageLoad: 300000, script: 30000}, unhandledPromptBehavior: dismiss and notify, webauthn:extension:credBlob: true, webauthn:extension:largeBlob: true, webauthn:extension:minPinLength: true, webauthn:extension:prf: true, webauthn:virtualAuthenticators: true}&#10;Session ID: 1f56e95d6f707bd6649fad7f7b45f988"/>
    <system-out><![CDATA[ Test case started: verifyHamBurgerMemberLookupOption
]]></system-out>
  </testcase>
  <testcase name="verifyHamBurgerMemberLookupOption" classname="zapcg.Capillary.EarnPointPageTestCases.EarnPoint_Valid_TestCases" time="1.329">
    <system-out><![CDATA[The name of the testcase passed is : verifyHamBurgerLocationOption
Test execution completed on ChromeDriver with device: Galaxy S20 Landscape
 Test case started: verifyHamBurgerMemberLookupOption
Hamburger icon clicked successfully.
Member lookup option from Hamburger icon clicked successfully.
Successfully navigated to the member lookup screen
]]></system-out>
  </testcase>
  <testcase name="verifyHamBurgerMemberLookupOption" classname="zapcg.Capillary.EarnPointPageTestCases.EarnPoint_Valid_TestCases" time="1.529">
    <system-out><![CDATA[ Test case started: verifyHamBurgerMemberLookupOption
Hamburger icon clicked successfully.
Member lookup option from Hamburger icon clicked successfully.
Successfully navigated to the member lookup screen
]]></system-out>
  </testcase>
  <testcase name="verifyHamBurgerMemberLookupOption" classname="zapcg.Capillary.EarnPointPageTestCases.EarnPoint_Valid_TestCases" time="1.537">
    <system-out><![CDATA[The name of the testcase passed is : verifyHamBurgerLocationOption
Test execution completed on FirefoxDriver with device: Tablet Landscape
 Test case started: verifyHamBurgerMemberLookupOption
Hamburger icon clicked successfully.
Member lookup option from Hamburger icon clicked successfully.
Successfully navigated to the member lookup screen
]]></system-out>
  </testcase>
  <testcase name="verifyHamBurgerMemberLookupOption" classname="zapcg.Capillary.EarnPointPageTestCases.EarnPoint_Valid_TestCases" time="0">
    <skipped message="Unable to locate element: #MS016IN&#10;For documentation on this error, please visit: https://www.selenium.dev/documentation/webdriver/troubleshooting/errors#no-such-element-exception&#10;Build info: version: &apos;4.22.0&apos;, revision: &apos;c5f3146703*&apos;&#10;System info: os.name: &apos;Windows 10&apos;, os.arch: &apos;amd64&apos;, os.version: &apos;10.0&apos;, java.version: &apos;15.0.2&apos;&#10;Driver info: org.openqa.selenium.firefox.FirefoxDriver&#10;Command: [58917e30-005a-4e0a-9646-9ba182850487, findElement {value=MS016IN, using=id}]&#10;Capabilities {acceptInsecureCerts: true, browserName: firefox, browserVersion: 128.0, moz:accessibilityChecks: false, moz:buildID: 20240628091536, moz:debuggerAddress: 127.0.0.1:24998, moz:geckodriverVersion: 0.34.0, moz:headless: false, moz:platformVersion: 10.0, moz:processID: 58832, moz:profile: C:\Users\KAJALS~1\AppData\L..., moz:shutdownTimeout: 60000, moz:webdriverClick: true, moz:windowless: false, pageLoadStrategy: normal, platformName: windows, proxy: Proxy(), se:cdp: ws://127.0.0.1:24998/devtoo..., se:cdpVersion: 85.0, setWindowRect: true, strictFileInteractability: false, timeouts: {implicit: 0, pageLoad: 300000, script: 30000}, unhandledPromptBehavior: dismiss and notify, userAgent: Mozilla/5.0 (Windows NT 10....}&#10;Session ID: 58917e30-005a-4e0a-9646-9ba182850487"/>
    <system-out><![CDATA[ Test case started: verifyHamBurgerMemberLookupOption
]]></system-out>
  </testcase>
  <testcase name="verifyHamBurgerMemberLookupOption" classname="zapcg.Capillary.EarnPointPageTestCases.EarnPoint_Valid_TestCases" time="0">
    <skipped message="Unable to locate element: #MS016IN&#10;For documentation on this error, please visit: https://www.selenium.dev/documentation/webdriver/troubleshooting/errors#no-such-element-exception&#10;Build info: version: &apos;4.22.0&apos;, revision: &apos;c5f3146703*&apos;&#10;System info: os.name: &apos;Windows 10&apos;, os.arch: &apos;amd64&apos;, os.version: &apos;10.0&apos;, java.version: &apos;15.0.2&apos;&#10;Driver info: org.openqa.selenium.firefox.FirefoxDriver&#10;Command: [6695fe23-675b-4da8-b878-ddaf312e2452, findElement {value=MS016IN, using=id}]&#10;Capabilities {acceptInsecureCerts: true, browserName: firefox, browserVersion: 128.0, moz:accessibilityChecks: false, moz:buildID: 20240628091536, moz:debuggerAddress: 127.0.0.1:22100, moz:geckodriverVersion: 0.34.0, moz:headless: false, moz:platformVersion: 10.0, moz:processID: 24856, moz:profile: C:\Users\KAJALS~1\AppData\L..., moz:shutdownTimeout: 60000, moz:webdriverClick: true, moz:windowless: false, pageLoadStrategy: normal, platformName: windows, proxy: Proxy(), se:cdp: ws://127.0.0.1:22100/devtoo..., se:cdpVersion: 85.0, setWindowRect: true, strictFileInteractability: false, timeouts: {implicit: 0, pageLoad: 300000, script: 30000}, unhandledPromptBehavior: dismiss and notify, userAgent: Mozilla/5.0 (Windows NT 10....}&#10;Session ID: 6695fe23-675b-4da8-b878-ddaf312e2452"/>
    <system-out><![CDATA[ Test case started: verifyHamBurgerMemberLookupOption
]]></system-out>
  </testcase>
  <testcase name="verifyHamBurgerMemberLookupOption" classname="zapcg.Capillary.EarnPointPageTestCases.EarnPoint_Valid_TestCases" time="0">
    <skipped message="Unable to locate element: #MS016IN&#10;For documentation on this error, please visit: https://www.selenium.dev/documentation/webdriver/troubleshooting/errors#no-such-element-exception&#10;Build info: version: &apos;4.22.0&apos;, revision: &apos;c5f3146703*&apos;&#10;System info: os.name: &apos;Windows 10&apos;, os.arch: &apos;amd64&apos;, os.version: &apos;10.0&apos;, java.version: &apos;15.0.2&apos;&#10;Driver info: org.openqa.selenium.firefox.FirefoxDriver&#10;Command: [c55c92ea-39ca-4da0-9cdd-df6ab23fb5e5, findElement {value=MS016IN, using=id}]&#10;Capabilities {acceptInsecureCerts: true, browserName: firefox, browserVersion: 128.0, moz:accessibilityChecks: false, moz:buildID: 20240628091536, moz:debuggerAddress: 127.0.0.1:2102, moz:geckodriverVersion: 0.34.0, moz:headless: false, moz:platformVersion: 10.0, moz:processID: 19408, moz:profile: C:\Users\KAJALS~1\AppData\L..., moz:shutdownTimeout: 60000, moz:webdriverClick: true, moz:windowless: false, pageLoadStrategy: normal, platformName: windows, proxy: Proxy(), se:cdp: ws://127.0.0.1:2102/devtool..., se:cdpVersion: 85.0, setWindowRect: true, strictFileInteractability: false, timeouts: {implicit: 0, pageLoad: 300000, script: 30000}, unhandledPromptBehavior: dismiss and notify, userAgent: Mozilla/5.0 (Windows NT 10....}&#10;Session ID: c55c92ea-39ca-4da0-9cdd-df6ab23fb5e5"/>
    <system-out><![CDATA[ Test case started: verifyHamBurgerMemberLookupOption
]]></system-out>
  </testcase>
  <testcase name="verifyHamBurgerMemberLookupOption" classname="zapcg.Capillary.EarnPointPageTestCases.EarnPoint_Valid_TestCases" time="0">
    <skipped message="Unable to locate element: #MS016IN&#10;For documentation on this error, please visit: https://www.selenium.dev/documentation/webdriver/troubleshooting/errors#no-such-element-exception&#10;Build info: version: &apos;4.22.0&apos;, revision: &apos;c5f3146703*&apos;&#10;System info: os.name: &apos;Windows 10&apos;, os.arch: &apos;amd64&apos;, os.version: &apos;10.0&apos;, java.version: &apos;15.0.2&apos;&#10;Driver info: org.openqa.selenium.firefox.FirefoxDriver&#10;Command: [4503da74-b064-4a06-a9bd-c1b9bc440d96, findElement {value=MS016IN, using=id}]&#10;Capabilities {acceptInsecureCerts: true, browserName: firefox, browserVersion: 128.0, moz:accessibilityChecks: false, moz:buildID: 20240628091536, moz:debuggerAddress: 127.0.0.1:41321, moz:geckodriverVersion: 0.34.0, moz:headless: false, moz:platformVersion: 10.0, moz:processID: 28688, moz:profile: C:\Users\KAJALS~1\AppData\L..., moz:shutdownTimeout: 60000, moz:webdriverClick: true, moz:windowless: false, pageLoadStrategy: normal, platformName: windows, proxy: Proxy(), se:cdp: ws://127.0.0.1:41321/devtoo..., se:cdpVersion: 85.0, setWindowRect: true, strictFileInteractability: false, timeouts: {implicit: 0, pageLoad: 300000, script: 30000}, unhandledPromptBehavior: dismiss and notify, userAgent: Mozilla/5.0 (Windows NT 10....}&#10;Session ID: 4503da74-b064-4a06-a9bd-c1b9bc440d96"/>
    <system-out><![CDATA[ Test case started: verifyHamBurgerMemberLookupOption
]]></system-out>
  </testcase>
  <testcase name="verifyHamBurgerLocationOption" classname="zapcg.Capillary.EarnPointPageTestCases.EarnPoint_Valid_TestCases" time="1.343">
    <system-out><![CDATA[The name of the testcase passed is : verifyForDisabledLoginButtonForEmptyPassword_TestCase9
Test execution completed on ChromeDriver with device: Tablet Portrait
 Test case started: verifyHamBurgerLocationOption
Hamburger icon clicked successfully.
Location option from Hamburger icon clicked successfully.
Successfully navigated to the Location screen
]]></system-out>
  </testcase>
  <testcase name="verifyHamBurgerLocationOption" classname="zapcg.Capillary.EarnPointPageTestCases.EarnPoint_Valid_TestCases" time="1.367">
    <system-out><![CDATA[The name of the testcase passed is : verifyForDisabledLoginButtonForEmptyPassword_TestCase9
Test execution completed on ChromeDriver with device: Tablet Landscape
 Test case started: verifyHamBurgerLocationOption
Hamburger icon clicked successfully.
Location option from Hamburger icon clicked successfully.
Successfully navigated to the Location screen
]]></system-out>
  </testcase>
  <testcase name="verifyHamBurgerLocationOption" classname="zapcg.Capillary.EarnPointPageTestCases.EarnPoint_Valid_TestCases" time="1.39">
    <system-out><![CDATA[The name of the testcase passed is : verifyForDisabledLoginButtonForEmptyPassword_TestCase9
Test execution completed on ChromeDriver with device: iPhone 11 Pro Portrait
 Test case started: verifyHamBurgerLocationOption
Hamburger icon clicked successfully.
Location option from Hamburger icon clicked successfully.
Successfully navigated to the Location screen
]]></system-out>
  </testcase>
  <testcase name="verifyHamBurgerLocationOption" classname="zapcg.Capillary.EarnPointPageTestCases.EarnPoint_Valid_TestCases" time="1.362">
    <system-out><![CDATA[The name of the testcase passed is : verifyForDisabledLoginButtonForEmptyPassword_TestCase9
Test execution completed on ChromeDriver with device: iPhone 11 Pro Landscape
 Test case started: verifyHamBurgerLocationOption
Hamburger icon clicked successfully.
Location option from Hamburger icon clicked successfully.
Successfully navigated to the Location screen
]]></system-out>
  </testcase>
  <testcase name="verifyHamBurgerLocationOption" classname="zapcg.Capillary.EarnPointPageTestCases.EarnPoint_Valid_TestCases" time="0">
    <skipped message="no such element: Unable to locate element: {&quot;method&quot;:&quot;css selector&quot;,&quot;selector&quot;:&quot;#MS016IN&quot;}&#10;  (Session info: chrome=126.0.6478.57)&#10;For documentation on this error, please visit: https://www.selenium.dev/documentation/webdriver/troubleshooting/errors#no-such-element-exception&#10;Build info: version: &apos;4.22.0&apos;, revision: &apos;c5f3146703*&apos;&#10;System info: os.name: &apos;Windows 10&apos;, os.arch: &apos;amd64&apos;, os.version: &apos;10.0&apos;, java.version: &apos;15.0.2&apos;&#10;Driver info: org.openqa.selenium.chrome.ChromeDriver&#10;Command: [1f56e95d6f707bd6649fad7f7b45f988, findElement {value=MS016IN, using=id}]&#10;Capabilities {acceptInsecureCerts: false, browserName: chrome, browserVersion: 126.0.6478.57, chrome: {chromedriverVersion: 126.0.6478.126 (d36ace6122e..., userDataDir: C:\Users\KAJALS~1\AppData\L...}, fedcm:accounts: true, goog:chromeOptions: {debuggerAddress: localhost:65121}, networkConnectionEnabled: false, pageLoadStrategy: normal, platformName: windows, proxy: Proxy(), se:cdp: ws://localhost:65121/devtoo..., se:cdpVersion: 126.0.6478.57, setWindowRect: true, strictFileInteractability: false, timeouts: {implicit: 0, pageLoad: 300000, script: 30000}, unhandledPromptBehavior: dismiss and notify, webauthn:extension:credBlob: true, webauthn:extension:largeBlob: true, webauthn:extension:minPinLength: true, webauthn:extension:prf: true, webauthn:virtualAuthenticators: true}&#10;Session ID: 1f56e95d6f707bd6649fad7f7b45f988"/>
    <system-out><![CDATA[ Test case started: verifyHamBurgerLocationOption
]]></system-out>
  </testcase>
  <testcase name="verifyHamBurgerLocationOption" classname="zapcg.Capillary.EarnPointPageTestCases.EarnPoint_Valid_TestCases" time="1.316">
    <system-out><![CDATA[The name of the testcase passed is : verifyForDisabledLoginButtonForEmptyPassword_TestCase9
Test execution completed on ChromeDriver with device: Galaxy S20 Landscape
 Test case started: verifyHamBurgerLocationOption
Hamburger icon clicked successfully.
Location option from Hamburger icon clicked successfully.
Successfully navigated to the Location screen
]]></system-out>
  </testcase>
  <testcase name="verifyHamBurgerLocationOption" classname="zapcg.Capillary.EarnPointPageTestCases.EarnPoint_Valid_TestCases" time="1.548">
    <system-out><![CDATA[The name of the testcase passed is : verifyForDisabledLoginButtonForEmptyPassword_TestCase9
Test execution completed on FirefoxDriver with device: Tablet Portrait
 Test case started: verifyHamBurgerLocationOption
Hamburger icon clicked successfully.
Location option from Hamburger icon clicked successfully.
Successfully navigated to the Location screen
]]></system-out>
  </testcase>
  <testcase name="verifyHamBurgerLocationOption" classname="zapcg.Capillary.EarnPointPageTestCases.EarnPoint_Valid_TestCases" time="1.566">
    <system-out><![CDATA[The name of the testcase passed is : verifyForDisabledLoginButtonForEmptyPassword_TestCase9
Test execution completed on FirefoxDriver with device: Tablet Landscape
 Test case started: verifyHamBurgerLocationOption
Hamburger icon clicked successfully.
Location option from Hamburger icon clicked successfully.
Successfully navigated to the Location screen
]]></system-out>
  </testcase>
  <testcase name="verifyHamBurgerLocationOption" classname="zapcg.Capillary.EarnPointPageTestCases.EarnPoint_Valid_TestCases" time="0">
    <skipped message="Unable to locate element: #MS016IN&#10;For documentation on this error, please visit: https://www.selenium.dev/documentation/webdriver/troubleshooting/errors#no-such-element-exception&#10;Build info: version: &apos;4.22.0&apos;, revision: &apos;c5f3146703*&apos;&#10;System info: os.name: &apos;Windows 10&apos;, os.arch: &apos;amd64&apos;, os.version: &apos;10.0&apos;, java.version: &apos;15.0.2&apos;&#10;Driver info: org.openqa.selenium.firefox.FirefoxDriver&#10;Command: [58917e30-005a-4e0a-9646-9ba182850487, findElement {value=MS016IN, using=id}]&#10;Capabilities {acceptInsecureCerts: true, browserName: firefox, browserVersion: 128.0, moz:accessibilityChecks: false, moz:buildID: 20240628091536, moz:debuggerAddress: 127.0.0.1:24998, moz:geckodriverVersion: 0.34.0, moz:headless: false, moz:platformVersion: 10.0, moz:processID: 58832, moz:profile: C:\Users\KAJALS~1\AppData\L..., moz:shutdownTimeout: 60000, moz:webdriverClick: true, moz:windowless: false, pageLoadStrategy: normal, platformName: windows, proxy: Proxy(), se:cdp: ws://127.0.0.1:24998/devtoo..., se:cdpVersion: 85.0, setWindowRect: true, strictFileInteractability: false, timeouts: {implicit: 0, pageLoad: 300000, script: 30000}, unhandledPromptBehavior: dismiss and notify, userAgent: Mozilla/5.0 (Windows NT 10....}&#10;Session ID: 58917e30-005a-4e0a-9646-9ba182850487"/>
    <system-out><![CDATA[ Test case started: verifyHamBurgerLocationOption
]]></system-out>
  </testcase>
  <testcase name="verifyHamBurgerLocationOption" classname="zapcg.Capillary.EarnPointPageTestCases.EarnPoint_Valid_TestCases" time="0">
    <skipped message="Unable to locate element: #MS016IN&#10;For documentation on this error, please visit: https://www.selenium.dev/documentation/webdriver/troubleshooting/errors#no-such-element-exception&#10;Build info: version: &apos;4.22.0&apos;, revision: &apos;c5f3146703*&apos;&#10;System info: os.name: &apos;Windows 10&apos;, os.arch: &apos;amd64&apos;, os.version: &apos;10.0&apos;, java.version: &apos;15.0.2&apos;&#10;Driver info: org.openqa.selenium.firefox.FirefoxDriver&#10;Command: [6695fe23-675b-4da8-b878-ddaf312e2452, findElement {value=MS016IN, using=id}]&#10;Capabilities {acceptInsecureCerts: true, browserName: firefox, browserVersion: 128.0, moz:accessibilityChecks: false, moz:buildID: 20240628091536, moz:debuggerAddress: 127.0.0.1:22100, moz:geckodriverVersion: 0.34.0, moz:headless: false, moz:platformVersion: 10.0, moz:processID: 24856, moz:profile: C:\Users\KAJALS~1\AppData\L..., moz:shutdownTimeout: 60000, moz:webdriverClick: true, moz:windowless: false, pageLoadStrategy: normal, platformName: windows, proxy: Proxy(), se:cdp: ws://127.0.0.1:22100/devtoo..., se:cdpVersion: 85.0, setWindowRect: true, strictFileInteractability: false, timeouts: {implicit: 0, pageLoad: 300000, script: 30000}, unhandledPromptBehavior: dismiss and notify, userAgent: Mozilla/5.0 (Windows NT 10....}&#10;Session ID: 6695fe23-675b-4da8-b878-ddaf312e2452"/>
    <system-out><![CDATA[ Test case started: verifyHamBurgerLocationOption
]]></system-out>
  </testcase>
  <testcase name="verifyHamBurgerLocationOption" classname="zapcg.Capillary.EarnPointPageTestCases.EarnPoint_Valid_TestCases" time="0">
    <skipped message="Unable to locate element: #MS016IN&#10;For documentation on this error, please visit: https://www.selenium.dev/documentation/webdriver/troubleshooting/errors#no-such-element-exception&#10;Build info: version: &apos;4.22.0&apos;, revision: &apos;c5f3146703*&apos;&#10;System info: os.name: &apos;Windows 10&apos;, os.arch: &apos;amd64&apos;, os.version: &apos;10.0&apos;, java.version: &apos;15.0.2&apos;&#10;Driver info: org.openqa.selenium.firefox.FirefoxDriver&#10;Command: [c55c92ea-39ca-4da0-9cdd-df6ab23fb5e5, findElement {value=MS016IN, using=id}]&#10;Capabilities {acceptInsecureCerts: true, browserName: firefox, browserVersion: 128.0, moz:accessibilityChecks: false, moz:buildID: 20240628091536, moz:debuggerAddress: 127.0.0.1:2102, moz:geckodriverVersion: 0.34.0, moz:headless: false, moz:platformVersion: 10.0, moz:processID: 19408, moz:profile: C:\Users\KAJALS~1\AppData\L..., moz:shutdownTimeout: 60000, moz:webdriverClick: true, moz:windowless: false, pageLoadStrategy: normal, platformName: windows, proxy: Proxy(), se:cdp: ws://127.0.0.1:2102/devtool..., se:cdpVersion: 85.0, setWindowRect: true, strictFileInteractability: false, timeouts: {implicit: 0, pageLoad: 300000, script: 30000}, unhandledPromptBehavior: dismiss and notify, userAgent: Mozilla/5.0 (Windows NT 10....}&#10;Session ID: c55c92ea-39ca-4da0-9cdd-df6ab23fb5e5"/>
    <system-out><![CDATA[ Test case started: verifyHamBurgerLocationOption
]]></system-out>
  </testcase>
  <testcase name="verifyHamBurgerLocationOption" classname="zapcg.Capillary.EarnPointPageTestCases.EarnPoint_Valid_TestCases" time="0">
    <skipped message="Unable to locate element: #MS016IN&#10;For documentation on this error, please visit: https://www.selenium.dev/documentation/webdriver/troubleshooting/errors#no-such-element-exception&#10;Build info: version: &apos;4.22.0&apos;, revision: &apos;c5f3146703*&apos;&#10;System info: os.name: &apos;Windows 10&apos;, os.arch: &apos;amd64&apos;, os.version: &apos;10.0&apos;, java.version: &apos;15.0.2&apos;&#10;Driver info: org.openqa.selenium.firefox.FirefoxDriver&#10;Command: [4503da74-b064-4a06-a9bd-c1b9bc440d96, findElement {value=MS016IN, using=id}]&#10;Capabilities {acceptInsecureCerts: true, browserName: firefox, browserVersion: 128.0, moz:accessibilityChecks: false, moz:buildID: 20240628091536, moz:debuggerAddress: 127.0.0.1:41321, moz:geckodriverVersion: 0.34.0, moz:headless: false, moz:platformVersion: 10.0, moz:processID: 28688, moz:profile: C:\Users\KAJALS~1\AppData\L..., moz:shutdownTimeout: 60000, moz:webdriverClick: true, moz:windowless: false, pageLoadStrategy: normal, platformName: windows, proxy: Proxy(), se:cdp: ws://127.0.0.1:41321/devtoo..., se:cdpVersion: 85.0, setWindowRect: true, strictFileInteractability: false, timeouts: {implicit: 0, pageLoad: 300000, script: 30000}, unhandledPromptBehavior: dismiss and notify, userAgent: Mozilla/5.0 (Windows NT 10....}&#10;Session ID: 4503da74-b064-4a06-a9bd-c1b9bc440d96"/>
    <system-out><![CDATA[ Test case started: verifyHamBurgerLocationOption
]]></system-out>
  </testcase>
  <testcase name="verifyHamBurgerLogoutOption" classname="zapcg.Capillary.EarnPointPageTestCases.EarnPoint_Valid_TestCases" time="1.283">
    <system-out><![CDATA[The name of the testcase passed is : verifyForDisabledLoginButtonForEmptyUsernamePassword_TestCase10
Test execution completed on ChromeDriver with device: Tablet Portrait
 Test case started: verifyHamBurgerLogoutOption
Hamburger icon clicked successfully.
Logout option from Hamburger icon clicked successfully.
Successfully navigated to the Login screen
]]></system-out>
  </testcase>
  <testcase name="verifyHamBurgerLogoutOption" classname="zapcg.Capillary.EarnPointPageTestCases.EarnPoint_Valid_TestCases" time="1.294">
    <system-out><![CDATA[The name of the testcase passed is : verifyForDisabledLoginButtonForEmptyUsernamePassword_TestCase10
Test execution completed on ChromeDriver with device: Tablet Landscape
 Test case started: verifyHamBurgerLogoutOption
Hamburger icon clicked successfully.
Logout option from Hamburger icon clicked successfully.
Successfully navigated to the Login screen
]]></system-out>
  </testcase>
  <testcase name="verifyHamBurgerLogoutOption" classname="zapcg.Capillary.EarnPointPageTestCases.EarnPoint_Valid_TestCases" time="1.272">
    <system-out><![CDATA[The name of the testcase passed is : verifyForDisabledLoginButtonForEmptyUsernamePassword_TestCase10
Test execution completed on ChromeDriver with device: iPhone 11 Pro Portrait
 Test case started: verifyHamBurgerLogoutOption
Hamburger icon clicked successfully.
Logout option from Hamburger icon clicked successfully.
Successfully navigated to the Login screen
]]></system-out>
  </testcase>
  <testcase name="verifyHamBurgerLogoutOption" classname="zapcg.Capillary.EarnPointPageTestCases.EarnPoint_Valid_TestCases" time="1.272">
    <system-out><![CDATA[The name of the testcase passed is : verifyForDisabledLoginButtonForEmptyUsernamePassword_TestCase10
Test execution completed on ChromeDriver with device: iPhone 11 Pro Landscape
 Test case started: verifyHamBurgerLogoutOption
Hamburger icon clicked successfully.
Logout option from Hamburger icon clicked successfully.
Successfully navigated to the Login screen
]]></system-out>
  </testcase>
  <testcase name="verifyHamBurgerLogoutOption" classname="zapcg.Capillary.EarnPointPageTestCases.EarnPoint_Valid_TestCases" time="0">
    <skipped message="no such element: Unable to locate element: {&quot;method&quot;:&quot;css selector&quot;,&quot;selector&quot;:&quot;#MS016IN&quot;}&#10;  (Session info: chrome=126.0.6478.57)&#10;For documentation on this error, please visit: https://www.selenium.dev/documentation/webdriver/troubleshooting/errors#no-such-element-exception&#10;Build info: version: &apos;4.22.0&apos;, revision: &apos;c5f3146703*&apos;&#10;System info: os.name: &apos;Windows 10&apos;, os.arch: &apos;amd64&apos;, os.version: &apos;10.0&apos;, java.version: &apos;15.0.2&apos;&#10;Driver info: org.openqa.selenium.chrome.ChromeDriver&#10;Command: [1f56e95d6f707bd6649fad7f7b45f988, findElement {value=MS016IN, using=id}]&#10;Capabilities {acceptInsecureCerts: false, browserName: chrome, browserVersion: 126.0.6478.57, chrome: {chromedriverVersion: 126.0.6478.126 (d36ace6122e..., userDataDir: C:\Users\KAJALS~1\AppData\L...}, fedcm:accounts: true, goog:chromeOptions: {debuggerAddress: localhost:65121}, networkConnectionEnabled: false, pageLoadStrategy: normal, platformName: windows, proxy: Proxy(), se:cdp: ws://localhost:65121/devtoo..., se:cdpVersion: 126.0.6478.57, setWindowRect: true, strictFileInteractability: false, timeouts: {implicit: 0, pageLoad: 300000, script: 30000}, unhandledPromptBehavior: dismiss and notify, webauthn:extension:credBlob: true, webauthn:extension:largeBlob: true, webauthn:extension:minPinLength: true, webauthn:extension:prf: true, webauthn:virtualAuthenticators: true}&#10;Session ID: 1f56e95d6f707bd6649fad7f7b45f988"/>
    <system-out><![CDATA[ Test case started: verifyHamBurgerLogoutOption
]]></system-out>
  </testcase>
  <testcase name="verifyHamBurgerLogoutOption" classname="zapcg.Capillary.EarnPointPageTestCases.EarnPoint_Valid_TestCases" time="1.313">
    <system-out><![CDATA[The name of the testcase passed is : verifyForDisabledLoginButtonForEmptyUsernamePassword_TestCase10
Test execution completed on ChromeDriver with device: Galaxy S20 Landscape
 Test case started: verifyHamBurgerLogoutOption
Hamburger icon clicked successfully.
Logout option from Hamburger icon clicked successfully.
Successfully navigated to the Login screen
]]></system-out>
  </testcase>
  <testcase name="verifyHamBurgerLogoutOption" classname="zapcg.Capillary.EarnPointPageTestCases.EarnPoint_Valid_TestCases" time="1.553">
    <system-out><![CDATA[The name of the testcase passed is : verifyForDisabledLoginButtonForEmptyUsernamePassword_TestCase10
Test execution completed on FirefoxDriver with device: Tablet Portrait
 Test case started: verifyHamBurgerLogoutOption
Hamburger icon clicked successfully.
Logout option from Hamburger icon clicked successfully.
Successfully navigated to the Login screen
]]></system-out>
  </testcase>
  <testcase name="verifyHamBurgerLogoutOption" classname="zapcg.Capillary.EarnPointPageTestCases.EarnPoint_Valid_TestCases" time="1.556">
    <system-out><![CDATA[The name of the testcase passed is : verifyForDisabledLoginButtonForEmptyUsernamePassword_TestCase10
Test execution completed on FirefoxDriver with device: Tablet Landscape
 Test case started: verifyHamBurgerLogoutOption
Hamburger icon clicked successfully.
Logout option from Hamburger icon clicked successfully.
Successfully navigated to the Login screen
]]></system-out>
  </testcase>
  <testcase name="verifyHamBurgerLogoutOption" classname="zapcg.Capillary.EarnPointPageTestCases.EarnPoint_Valid_TestCases" time="0">
    <skipped message="Unable to locate element: #MS016IN&#10;For documentation on this error, please visit: https://www.selenium.dev/documentation/webdriver/troubleshooting/errors#no-such-element-exception&#10;Build info: version: &apos;4.22.0&apos;, revision: &apos;c5f3146703*&apos;&#10;System info: os.name: &apos;Windows 10&apos;, os.arch: &apos;amd64&apos;, os.version: &apos;10.0&apos;, java.version: &apos;15.0.2&apos;&#10;Driver info: org.openqa.selenium.firefox.FirefoxDriver&#10;Command: [58917e30-005a-4e0a-9646-9ba182850487, findElement {value=MS016IN, using=id}]&#10;Capabilities {acceptInsecureCerts: true, browserName: firefox, browserVersion: 128.0, moz:accessibilityChecks: false, moz:buildID: 20240628091536, moz:debuggerAddress: 127.0.0.1:24998, moz:geckodriverVersion: 0.34.0, moz:headless: false, moz:platformVersion: 10.0, moz:processID: 58832, moz:profile: C:\Users\KAJALS~1\AppData\L..., moz:shutdownTimeout: 60000, moz:webdriverClick: true, moz:windowless: false, pageLoadStrategy: normal, platformName: windows, proxy: Proxy(), se:cdp: ws://127.0.0.1:24998/devtoo..., se:cdpVersion: 85.0, setWindowRect: true, strictFileInteractability: false, timeouts: {implicit: 0, pageLoad: 300000, script: 30000}, unhandledPromptBehavior: dismiss and notify, userAgent: Mozilla/5.0 (Windows NT 10....}&#10;Session ID: 58917e30-005a-4e0a-9646-9ba182850487"/>
    <system-out><![CDATA[ Test case started: verifyHamBurgerLogoutOption
]]></system-out>
  </testcase>
  <testcase name="verifyHamBurgerLogoutOption" classname="zapcg.Capillary.EarnPointPageTestCases.EarnPoint_Valid_TestCases" time="0">
    <skipped message="Unable to locate element: #MS016IN&#10;For documentation on this error, please visit: https://www.selenium.dev/documentation/webdriver/troubleshooting/errors#no-such-element-exception&#10;Build info: version: &apos;4.22.0&apos;, revision: &apos;c5f3146703*&apos;&#10;System info: os.name: &apos;Windows 10&apos;, os.arch: &apos;amd64&apos;, os.version: &apos;10.0&apos;, java.version: &apos;15.0.2&apos;&#10;Driver info: org.openqa.selenium.firefox.FirefoxDriver&#10;Command: [6695fe23-675b-4da8-b878-ddaf312e2452, findElement {value=MS016IN, using=id}]&#10;Capabilities {acceptInsecureCerts: true, browserName: firefox, browserVersion: 128.0, moz:accessibilityChecks: false, moz:buildID: 20240628091536, moz:debuggerAddress: 127.0.0.1:22100, moz:geckodriverVersion: 0.34.0, moz:headless: false, moz:platformVersion: 10.0, moz:processID: 24856, moz:profile: C:\Users\KAJALS~1\AppData\L..., moz:shutdownTimeout: 60000, moz:webdriverClick: true, moz:windowless: false, pageLoadStrategy: normal, platformName: windows, proxy: Proxy(), se:cdp: ws://127.0.0.1:22100/devtoo..., se:cdpVersion: 85.0, setWindowRect: true, strictFileInteractability: false, timeouts: {implicit: 0, pageLoad: 300000, script: 30000}, unhandledPromptBehavior: dismiss and notify, userAgent: Mozilla/5.0 (Windows NT 10....}&#10;Session ID: 6695fe23-675b-4da8-b878-ddaf312e2452"/>
    <system-out><![CDATA[ Test case started: verifyHamBurgerLogoutOption
]]></system-out>
  </testcase>
  <testcase name="verifyHamBurgerLogoutOption" classname="zapcg.Capillary.EarnPointPageTestCases.EarnPoint_Valid_TestCases" time="0">
    <skipped message="Unable to locate element: #MS016IN&#10;For documentation on this error, please visit: https://www.selenium.dev/documentation/webdriver/troubleshooting/errors#no-such-element-exception&#10;Build info: version: &apos;4.22.0&apos;, revision: &apos;c5f3146703*&apos;&#10;System info: os.name: &apos;Windows 10&apos;, os.arch: &apos;amd64&apos;, os.version: &apos;10.0&apos;, java.version: &apos;15.0.2&apos;&#10;Driver info: org.openqa.selenium.firefox.FirefoxDriver&#10;Command: [c55c92ea-39ca-4da0-9cdd-df6ab23fb5e5, findElement {value=MS016IN, using=id}]&#10;Capabilities {acceptInsecureCerts: true, browserName: firefox, browserVersion: 128.0, moz:accessibilityChecks: false, moz:buildID: 20240628091536, moz:debuggerAddress: 127.0.0.1:2102, moz:geckodriverVersion: 0.34.0, moz:headless: false, moz:platformVersion: 10.0, moz:processID: 19408, moz:profile: C:\Users\KAJALS~1\AppData\L..., moz:shutdownTimeout: 60000, moz:webdriverClick: true, moz:windowless: false, pageLoadStrategy: normal, platformName: windows, proxy: Proxy(), se:cdp: ws://127.0.0.1:2102/devtool..., se:cdpVersion: 85.0, setWindowRect: true, strictFileInteractability: false, timeouts: {implicit: 0, pageLoad: 300000, script: 30000}, unhandledPromptBehavior: dismiss and notify, userAgent: Mozilla/5.0 (Windows NT 10....}&#10;Session ID: c55c92ea-39ca-4da0-9cdd-df6ab23fb5e5"/>
    <system-out><![CDATA[ Test case started: verifyHamBurgerLogoutOption
]]></system-out>
  </testcase>
  <testcase name="verifyHamBurgerLogoutOption" classname="zapcg.Capillary.EarnPointPageTestCases.EarnPoint_Valid_TestCases" time="0">
    <skipped message="Unable to locate element: #MS016IN&#10;For documentation on this error, please visit: https://www.selenium.dev/documentation/webdriver/troubleshooting/errors#no-such-element-exception&#10;Build info: version: &apos;4.22.0&apos;, revision: &apos;c5f3146703*&apos;&#10;System info: os.name: &apos;Windows 10&apos;, os.arch: &apos;amd64&apos;, os.version: &apos;10.0&apos;, java.version: &apos;15.0.2&apos;&#10;Driver info: org.openqa.selenium.firefox.FirefoxDriver&#10;Command: [4503da74-b064-4a06-a9bd-c1b9bc440d96, findElement {value=MS016IN, using=id}]&#10;Capabilities {acceptInsecureCerts: true, browserName: firefox, browserVersion: 128.0, moz:accessibilityChecks: false, moz:buildID: 20240628091536, moz:debuggerAddress: 127.0.0.1:41321, moz:geckodriverVersion: 0.34.0, moz:headless: false, moz:platformVersion: 10.0, moz:processID: 28688, moz:profile: C:\Users\KAJALS~1\AppData\L..., moz:shutdownTimeout: 60000, moz:webdriverClick: true, moz:windowless: false, pageLoadStrategy: normal, platformName: windows, proxy: Proxy(), se:cdp: ws://127.0.0.1:41321/devtoo..., se:cdpVersion: 85.0, setWindowRect: true, strictFileInteractability: false, timeouts: {implicit: 0, pageLoad: 300000, script: 30000}, unhandledPromptBehavior: dismiss and notify, userAgent: Mozilla/5.0 (Windows NT 10....}&#10;Session ID: 4503da74-b064-4a06-a9bd-c1b9bc440d96"/>
    <system-out><![CDATA[ Test case started: verifyHamBurgerLogoutOption
]]></system-out>
  </testcase>
  <testcase name="verifyDateEqualToSystemCurrentDate" classname="zapcg.Capillary.EarnPointPageTestCases.EarnPoint_Valid_TestCases" time="0.047">
    <system-out><![CDATA[The name of the testcase passed is : chooseValidLocationForNewUser
Test execution completed on ChromeDriver with device: Tablet Portrait
 Test case started: verifyDateEqualToSystemCurrentDate
The date displayed in the field is: 2024/07/06
The system date is: 2024/07/06
The date in the field matches the system date.
]]></system-out>
  </testcase>
  <testcase name="verifyDateEqualToSystemCurrentDate" classname="zapcg.Capillary.EarnPointPageTestCases.EarnPoint_Valid_TestCases" time="0.035">
    <system-out><![CDATA[The name of the testcase passed is : chooseValidLocationForNewUser
Test execution completed on ChromeDriver with device: Tablet Landscape
 Test case started: verifyDateEqualToSystemCurrentDate
The date displayed in the field is: 2024/07/06
The system date is: 2024/07/06
The date in the field matches the system date.
]]></system-out>
  </testcase>
  <testcase name="verifyDateEqualToSystemCurrentDate" classname="zapcg.Capillary.EarnPointPageTestCases.EarnPoint_Valid_TestCases" time="0.031">
    <system-out><![CDATA[The name of the testcase passed is : chooseValidLocationForNewUser
Test execution completed on ChromeDriver with device: iPhone 11 Pro Portrait
 Test case started: verifyDateEqualToSystemCurrentDate
The date displayed in the field is: 2024/07/06
The system date is: 2024/07/06
The date in the field matches the system date.
]]></system-out>
  </testcase>
  <testcase name="verifyDateEqualToSystemCurrentDate" classname="zapcg.Capillary.EarnPointPageTestCases.EarnPoint_Valid_TestCases" time="0">
    <skipped message="no such element: Unable to locate element: {&quot;method&quot;:&quot;css selector&quot;,&quot;selector&quot;:&quot;#MS016IN&quot;}&#10;  (Session info: chrome=126.0.6478.57)&#10;For documentation on this error, please visit: https://www.selenium.dev/documentation/webdriver/troubleshooting/errors#no-such-element-exception&#10;Build info: version: &apos;4.22.0&apos;, revision: &apos;c5f3146703*&apos;&#10;System info: os.name: &apos;Windows 10&apos;, os.arch: &apos;amd64&apos;, os.version: &apos;10.0&apos;, java.version: &apos;15.0.2&apos;&#10;Driver info: org.openqa.selenium.chrome.ChromeDriver&#10;Command: [7ecc2eb227f7f096dc03533e5818ad50, findElement {value=MS016IN, using=id}]&#10;Capabilities {acceptInsecureCerts: false, browserName: chrome, browserVersion: 126.0.6478.57, chrome: {chromedriverVersion: 126.0.6478.126 (d36ace6122e..., userDataDir: C:\Users\KAJALS~1\AppData\L...}, fedcm:accounts: true, goog:chromeOptions: {debuggerAddress: localhost:64536}, networkConnectionEnabled: false, pageLoadStrategy: normal, platformName: windows, proxy: Proxy(), se:cdp: ws://localhost:64536/devtoo..., se:cdpVersion: 126.0.6478.57, setWindowRect: true, strictFileInteractability: false, timeouts: {implicit: 0, pageLoad: 300000, script: 30000}, unhandledPromptBehavior: dismiss and notify, webauthn:extension:credBlob: true, webauthn:extension:largeBlob: true, webauthn:extension:minPinLength: true, webauthn:extension:prf: true, webauthn:virtualAuthenticators: true}&#10;Session ID: 7ecc2eb227f7f096dc03533e5818ad50"/>
    <system-out><![CDATA[ Test case started: verifyDateEqualToSystemCurrentDate
]]></system-out>
  </testcase>
  <testcase name="verifyDateEqualToSystemCurrentDate" classname="zapcg.Capillary.EarnPointPageTestCases.EarnPoint_Valid_TestCases" time="0">
    <skipped message="no such element: Unable to locate element: {&quot;method&quot;:&quot;css selector&quot;,&quot;selector&quot;:&quot;#MS016IN&quot;}&#10;  (Session info: chrome=126.0.6478.57)&#10;For documentation on this error, please visit: https://www.selenium.dev/documentation/webdriver/troubleshooting/errors#no-such-element-exception&#10;Build info: version: &apos;4.22.0&apos;, revision: &apos;c5f3146703*&apos;&#10;System info: os.name: &apos;Windows 10&apos;, os.arch: &apos;amd64&apos;, os.version: &apos;10.0&apos;, java.version: &apos;15.0.2&apos;&#10;Driver info: org.openqa.selenium.chrome.ChromeDriver&#10;Command: [1f56e95d6f707bd6649fad7f7b45f988, findElement {value=MS016IN, using=id}]&#10;Capabilities {acceptInsecureCerts: false, browserName: chrome, browserVersion: 126.0.6478.57, chrome: {chromedriverVersion: 126.0.6478.126 (d36ace6122e..., userDataDir: C:\Users\KAJALS~1\AppData\L...}, fedcm:accounts: true, goog:chromeOptions: {debuggerAddress: localhost:65121}, networkConnectionEnabled: false, pageLoadStrategy: normal, platformName: windows, proxy: Proxy(), se:cdp: ws://localhost:65121/devtoo..., se:cdpVersion: 126.0.6478.57, setWindowRect: true, strictFileInteractability: false, timeouts: {implicit: 0, pageLoad: 300000, script: 30000}, unhandledPromptBehavior: dismiss and notify, webauthn:extension:credBlob: true, webauthn:extension:largeBlob: true, webauthn:extension:minPinLength: true, webauthn:extension:prf: true, webauthn:virtualAuthenticators: true}&#10;Session ID: 1f56e95d6f707bd6649fad7f7b45f988"/>
    <system-out><![CDATA[ Test case started: verifyDateEqualToSystemCurrentDate
]]></system-out>
  </testcase>
  <testcase name="verifyDateEqualToSystemCurrentDate" classname="zapcg.Capillary.EarnPointPageTestCases.EarnPoint_Valid_TestCases" time="0.034">
    <system-out><![CDATA[The name of the testcase passed is : chooseValidLocationForNewUser
Test execution completed on ChromeDriver with device: Galaxy S20 Landscape
 Test case started: verifyDateEqualToSystemCurrentDate
The date displayed in the field is: 2024/07/06
The system date is: 2024/07/06
The date in the field matches the system date.
]]></system-out>
  </testcase>
  <testcase name="verifyDateEqualToSystemCurrentDate" classname="zapcg.Capillary.EarnPointPageTestCases.EarnPoint_Valid_TestCases" time="0.008">
    <system-out><![CDATA[The name of the testcase failed is : chooseValidLocationForNewUser
Test execution completed on FirefoxDriver with device: Tablet Portrait
 Test case started: verifyDateEqualToSystemCurrentDate
The date displayed in the field is: 2024/07/06
The system date is: 2024/07/06
The date in the field matches the system date.
]]></system-out>
  </testcase>
  <testcase name="verifyDateEqualToSystemCurrentDate" classname="zapcg.Capillary.EarnPointPageTestCases.EarnPoint_Valid_TestCases" time="0">
    <skipped message="Unable to locate element: #MS016IN&#10;For documentation on this error, please visit: https://www.selenium.dev/documentation/webdriver/troubleshooting/errors#no-such-element-exception&#10;Build info: version: &apos;4.22.0&apos;, revision: &apos;c5f3146703*&apos;&#10;System info: os.name: &apos;Windows 10&apos;, os.arch: &apos;amd64&apos;, os.version: &apos;10.0&apos;, java.version: &apos;15.0.2&apos;&#10;Driver info: org.openqa.selenium.firefox.FirefoxDriver&#10;Command: [0a977a7e-c72a-4f75-8b97-ea8e98741053, findElement {value=MS016IN, using=id}]&#10;Capabilities {acceptInsecureCerts: true, browserName: firefox, browserVersion: 128.0, moz:accessibilityChecks: false, moz:buildID: 20240628091536, moz:debuggerAddress: 127.0.0.1:41240, moz:geckodriverVersion: 0.34.0, moz:headless: false, moz:platformVersion: 10.0, moz:processID: 58116, moz:profile: C:\Users\KAJALS~1\AppData\L..., moz:shutdownTimeout: 60000, moz:webdriverClick: true, moz:windowless: false, pageLoadStrategy: normal, platformName: windows, proxy: Proxy(), se:cdp: ws://127.0.0.1:41240/devtoo..., se:cdpVersion: 85.0, setWindowRect: true, strictFileInteractability: false, timeouts: {implicit: 0, pageLoad: 300000, script: 30000}, unhandledPromptBehavior: dismiss and notify, userAgent: Mozilla/5.0 (Windows NT 10....}&#10;Session ID: 0a977a7e-c72a-4f75-8b97-ea8e98741053"/>
    <system-out><![CDATA[ Test case started: verifyDateEqualToSystemCurrentDate
]]></system-out>
  </testcase>
  <testcase name="verifyDateEqualToSystemCurrentDate" classname="zapcg.Capillary.EarnPointPageTestCases.EarnPoint_Valid_TestCases" time="0">
    <skipped message="Unable to locate element: #MS016IN&#10;For documentation on this error, please visit: https://www.selenium.dev/documentation/webdriver/troubleshooting/errors#no-such-element-exception&#10;Build info: version: &apos;4.22.0&apos;, revision: &apos;c5f3146703*&apos;&#10;System info: os.name: &apos;Windows 10&apos;, os.arch: &apos;amd64&apos;, os.version: &apos;10.0&apos;, java.version: &apos;15.0.2&apos;&#10;Driver info: org.openqa.selenium.firefox.FirefoxDriver&#10;Command: [58917e30-005a-4e0a-9646-9ba182850487, findElement {value=MS016IN, using=id}]&#10;Capabilities {acceptInsecureCerts: true, browserName: firefox, browserVersion: 128.0, moz:accessibilityChecks: false, moz:buildID: 20240628091536, moz:debuggerAddress: 127.0.0.1:24998, moz:geckodriverVersion: 0.34.0, moz:headless: false, moz:platformVersion: 10.0, moz:processID: 58832, moz:profile: C:\Users\KAJALS~1\AppData\L..., moz:shutdownTimeout: 60000, moz:webdriverClick: true, moz:windowless: false, pageLoadStrategy: normal, platformName: windows, proxy: Proxy(), se:cdp: ws://127.0.0.1:24998/devtoo..., se:cdpVersion: 85.0, setWindowRect: true, strictFileInteractability: false, timeouts: {implicit: 0, pageLoad: 300000, script: 30000}, unhandledPromptBehavior: dismiss and notify, userAgent: Mozilla/5.0 (Windows NT 10....}&#10;Session ID: 58917e30-005a-4e0a-9646-9ba182850487"/>
    <system-out><![CDATA[ Test case started: verifyDateEqualToSystemCurrentDate
]]></system-out>
  </testcase>
  <testcase name="verifyDateEqualToSystemCurrentDate" classname="zapcg.Capillary.EarnPointPageTestCases.EarnPoint_Valid_TestCases" time="0">
    <skipped message="Unable to locate element: #MS016IN&#10;For documentation on this error, please visit: https://www.selenium.dev/documentation/webdriver/troubleshooting/errors#no-such-element-exception&#10;Build info: version: &apos;4.22.0&apos;, revision: &apos;c5f3146703*&apos;&#10;System info: os.name: &apos;Windows 10&apos;, os.arch: &apos;amd64&apos;, os.version: &apos;10.0&apos;, java.version: &apos;15.0.2&apos;&#10;Driver info: org.openqa.selenium.firefox.FirefoxDriver&#10;Command: [6695fe23-675b-4da8-b878-ddaf312e2452, findElement {value=MS016IN, using=id}]&#10;Capabilities {acceptInsecureCerts: true, browserName: firefox, browserVersion: 128.0, moz:accessibilityChecks: false, moz:buildID: 20240628091536, moz:debuggerAddress: 127.0.0.1:22100, moz:geckodriverVersion: 0.34.0, moz:headless: false, moz:platformVersion: 10.0, moz:processID: 24856, moz:profile: C:\Users\KAJALS~1\AppData\L..., moz:shutdownTimeout: 60000, moz:webdriverClick: true, moz:windowless: false, pageLoadStrategy: normal, platformName: windows, proxy: Proxy(), se:cdp: ws://127.0.0.1:22100/devtoo..., se:cdpVersion: 85.0, setWindowRect: true, strictFileInteractability: false, timeouts: {implicit: 0, pageLoad: 300000, script: 30000}, unhandledPromptBehavior: dismiss and notify, userAgent: Mozilla/5.0 (Windows NT 10....}&#10;Session ID: 6695fe23-675b-4da8-b878-ddaf312e2452"/>
    <system-out><![CDATA[ Test case started: verifyDateEqualToSystemCurrentDate
]]></system-out>
  </testcase>
  <testcase name="verifyDateEqualToSystemCurrentDate" classname="zapcg.Capillary.EarnPointPageTestCases.EarnPoint_Valid_TestCases" time="0">
    <skipped message="Unable to locate element: #MS016IN&#10;For documentation on this error, please visit: https://www.selenium.dev/documentation/webdriver/troubleshooting/errors#no-such-element-exception&#10;Build info: version: &apos;4.22.0&apos;, revision: &apos;c5f3146703*&apos;&#10;System info: os.name: &apos;Windows 10&apos;, os.arch: &apos;amd64&apos;, os.version: &apos;10.0&apos;, java.version: &apos;15.0.2&apos;&#10;Driver info: org.openqa.selenium.firefox.FirefoxDriver&#10;Command: [c55c92ea-39ca-4da0-9cdd-df6ab23fb5e5, findElement {value=MS016IN, using=id}]&#10;Capabilities {acceptInsecureCerts: true, browserName: firefox, browserVersion: 128.0, moz:accessibilityChecks: false, moz:buildID: 20240628091536, moz:debuggerAddress: 127.0.0.1:2102, moz:geckodriverVersion: 0.34.0, moz:headless: false, moz:platformVersion: 10.0, moz:processID: 19408, moz:profile: C:\Users\KAJALS~1\AppData\L..., moz:shutdownTimeout: 60000, moz:webdriverClick: true, moz:windowless: false, pageLoadStrategy: normal, platformName: windows, proxy: Proxy(), se:cdp: ws://127.0.0.1:2102/devtool..., se:cdpVersion: 85.0, setWindowRect: true, strictFileInteractability: false, timeouts: {implicit: 0, pageLoad: 300000, script: 30000}, unhandledPromptBehavior: dismiss and notify, userAgent: Mozilla/5.0 (Windows NT 10....}&#10;Session ID: c55c92ea-39ca-4da0-9cdd-df6ab23fb5e5"/>
    <system-out><![CDATA[ Test case started: verifyDateEqualToSystemCurrentDate
]]></system-out>
  </testcase>
  <testcase name="verifyDateEqualToSystemCurrentDate" classname="zapcg.Capillary.EarnPointPageTestCases.EarnPoint_Valid_TestCases" time="0">
    <skipped message="Unable to locate element: #MS016IN&#10;For documentation on this error, please visit: https://www.selenium.dev/documentation/webdriver/troubleshooting/errors#no-such-element-exception&#10;Build info: version: &apos;4.22.0&apos;, revision: &apos;c5f3146703*&apos;&#10;System info: os.name: &apos;Windows 10&apos;, os.arch: &apos;amd64&apos;, os.version: &apos;10.0&apos;, java.version: &apos;15.0.2&apos;&#10;Driver info: org.openqa.selenium.firefox.FirefoxDriver&#10;Command: [4503da74-b064-4a06-a9bd-c1b9bc440d96, findElement {value=MS016IN, using=id}]&#10;Capabilities {acceptInsecureCerts: true, browserName: firefox, browserVersion: 128.0, moz:accessibilityChecks: false, moz:buildID: 20240628091536, moz:debuggerAddress: 127.0.0.1:41321, moz:geckodriverVersion: 0.34.0, moz:headless: false, moz:platformVersion: 10.0, moz:processID: 28688, moz:profile: C:\Users\KAJALS~1\AppData\L..., moz:shutdownTimeout: 60000, moz:webdriverClick: true, moz:windowless: false, pageLoadStrategy: normal, platformName: windows, proxy: Proxy(), se:cdp: ws://127.0.0.1:41321/devtoo..., se:cdpVersion: 85.0, setWindowRect: true, strictFileInteractability: false, timeouts: {implicit: 0, pageLoad: 300000, script: 30000}, unhandledPromptBehavior: dismiss and notify, userAgent: Mozilla/5.0 (Windows NT 10....}&#10;Session ID: 4503da74-b064-4a06-a9bd-c1b9bc440d96"/>
    <system-out><![CDATA[ Test case started: verifyDateEqualToSystemCurrentDate
]]></system-out>
  </testcase>
  <testcase name="verifyTimeEqualToSystemCurrentTime" classname="zapcg.Capillary.EarnPointPageTestCases.EarnPoint_Valid_TestCases" time="0.035">
    <system-out><![CDATA[The name of the testcase passed is : verifyDropDownAvailability
Test execution completed on ChromeDriver with device: Tablet Portrait
 Test case started: verifyTimeEqualToSystemCurrentTime
The time displayed in the field is: 11:10:47
The system time is: 11:10:47
The time in the field matches the system time.
]]></system-out>
  </testcase>
  <testcase name="verifyTimeEqualToSystemCurrentTime" classname="zapcg.Capillary.EarnPointPageTestCases.EarnPoint_Valid_TestCases" time="0.035">
    <system-out><![CDATA[The name of the testcase passed is : verifyDropDownAvailability
Test execution completed on ChromeDriver with device: Tablet Landscape
 Test case started: verifyTimeEqualToSystemCurrentTime
The time displayed in the field is: 11:21:03
The system time is: 11:21:03
The time in the field matches the system time.
]]></system-out>
  </testcase>
  <testcase name="verifyTimeEqualToSystemCurrentTime" classname="zapcg.Capillary.EarnPointPageTestCases.EarnPoint_Valid_TestCases" time="0.033">
    <system-out><![CDATA[The name of the testcase passed is : verifyDropDownAvailability
Test execution completed on ChromeDriver with device: iPhone 11 Pro Portrait
 Test case started: verifyTimeEqualToSystemCurrentTime
The time displayed in the field is: 11:30:46
The system time is: 11:30:46
The time in the field matches the system time.
]]></system-out>
  </testcase>
  <testcase name="verifyTimeEqualToSystemCurrentTime" classname="zapcg.Capillary.EarnPointPageTestCases.EarnPoint_Valid_TestCases" time="0">
    <skipped message="no such element: Unable to locate element: {&quot;method&quot;:&quot;css selector&quot;,&quot;selector&quot;:&quot;#MS016IN&quot;}&#10;  (Session info: chrome=126.0.6478.57)&#10;For documentation on this error, please visit: https://www.selenium.dev/documentation/webdriver/troubleshooting/errors#no-such-element-exception&#10;Build info: version: &apos;4.22.0&apos;, revision: &apos;c5f3146703*&apos;&#10;System info: os.name: &apos;Windows 10&apos;, os.arch: &apos;amd64&apos;, os.version: &apos;10.0&apos;, java.version: &apos;15.0.2&apos;&#10;Driver info: org.openqa.selenium.chrome.ChromeDriver&#10;Command: [7ecc2eb227f7f096dc03533e5818ad50, findElement {value=MS016IN, using=id}]&#10;Capabilities {acceptInsecureCerts: false, browserName: chrome, browserVersion: 126.0.6478.57, chrome: {chromedriverVersion: 126.0.6478.126 (d36ace6122e..., userDataDir: C:\Users\KAJALS~1\AppData\L...}, fedcm:accounts: true, goog:chromeOptions: {debuggerAddress: localhost:64536}, networkConnectionEnabled: false, pageLoadStrategy: normal, platformName: windows, proxy: Proxy(), se:cdp: ws://localhost:64536/devtoo..., se:cdpVersion: 126.0.6478.57, setWindowRect: true, strictFileInteractability: false, timeouts: {implicit: 0, pageLoad: 300000, script: 30000}, unhandledPromptBehavior: dismiss and notify, webauthn:extension:credBlob: true, webauthn:extension:largeBlob: true, webauthn:extension:minPinLength: true, webauthn:extension:prf: true, webauthn:virtualAuthenticators: true}&#10;Session ID: 7ecc2eb227f7f096dc03533e5818ad50"/>
    <system-out><![CDATA[ Test case started: verifyTimeEqualToSystemCurrentTime
]]></system-out>
  </testcase>
  <testcase name="verifyTimeEqualToSystemCurrentTime" classname="zapcg.Capillary.EarnPointPageTestCases.EarnPoint_Valid_TestCases" time="0">
    <skipped message="no such element: Unable to locate element: {&quot;method&quot;:&quot;css selector&quot;,&quot;selector&quot;:&quot;#MS016IN&quot;}&#10;  (Session info: chrome=126.0.6478.57)&#10;For documentation on this error, please visit: https://www.selenium.dev/documentation/webdriver/troubleshooting/errors#no-such-element-exception&#10;Build info: version: &apos;4.22.0&apos;, revision: &apos;c5f3146703*&apos;&#10;System info: os.name: &apos;Windows 10&apos;, os.arch: &apos;amd64&apos;, os.version: &apos;10.0&apos;, java.version: &apos;15.0.2&apos;&#10;Driver info: org.openqa.selenium.chrome.ChromeDriver&#10;Command: [1f56e95d6f707bd6649fad7f7b45f988, findElement {value=MS016IN, using=id}]&#10;Capabilities {acceptInsecureCerts: false, browserName: chrome, browserVersion: 126.0.6478.57, chrome: {chromedriverVersion: 126.0.6478.126 (d36ace6122e..., userDataDir: C:\Users\KAJALS~1\AppData\L...}, fedcm:accounts: true, goog:chromeOptions: {debuggerAddress: localhost:65121}, networkConnectionEnabled: false, pageLoadStrategy: normal, platformName: windows, proxy: Proxy(), se:cdp: ws://localhost:65121/devtoo..., se:cdpVersion: 126.0.6478.57, setWindowRect: true, strictFileInteractability: false, timeouts: {implicit: 0, pageLoad: 300000, script: 30000}, unhandledPromptBehavior: dismiss and notify, webauthn:extension:credBlob: true, webauthn:extension:largeBlob: true, webauthn:extension:minPinLength: true, webauthn:extension:prf: true, webauthn:virtualAuthenticators: true}&#10;Session ID: 1f56e95d6f707bd6649fad7f7b45f988"/>
    <system-out><![CDATA[ Test case started: verifyTimeEqualToSystemCurrentTime
]]></system-out>
  </testcase>
  <testcase name="verifyTimeEqualToSystemCurrentTime" classname="zapcg.Capillary.EarnPointPageTestCases.EarnPoint_Valid_TestCases" time="0.035">
    <system-out><![CDATA[The name of the testcase passed is : verifyDropDownAvailability
Test execution completed on ChromeDriver with device: Galaxy S20 Landscape
 Test case started: verifyTimeEqualToSystemCurrentTime
The time displayed in the field is: 12:02:07
The system time is: 12:02:07
The time in the field matches the system time.
]]></system-out>
  </testcase>
  <testcase name="verifyTimeEqualToSystemCurrentTime" classname="zapcg.Capillary.EarnPointPageTestCases.EarnPoint_Valid_TestCases" time="0.024">
    <failure message="The time in the field should match the system time expected [12:15:02] but found [12:15:01]" type="java.lang.AssertionError"><![CDATA[java.lang.AssertionError: The time in the field should match the system time expected [12:15:02] but found [12:15:01]
	at zapcg.Capillary.EarnPointPageTestCases.EarnPoint_Valid_TestCases.verifyTimeEqualToSystemCurrentTime(EarnPoint_Valid_TestCases.java:155)
]]></failure>
    <system-out><![CDATA[The name of the testcase passed is : verifyDropDownAvailability
Test execution completed on FirefoxDriver with device: Tablet Portrait
 Test case started: verifyTimeEqualToSystemCurrentTime
The time displayed in the field is: 12:15:01
The system time is: 12:15:02
The time in the field does not match the system time.
]]></system-out>
  </testcase>
  <testcase name="verifyTimeEqualToSystemCurrentTime" classname="zapcg.Capillary.EarnPointPageTestCases.EarnPoint_Valid_TestCases" time="0">
    <skipped message="Unable to locate element: #MS016IN&#10;For documentation on this error, please visit: https://www.selenium.dev/documentation/webdriver/troubleshooting/errors#no-such-element-exception&#10;Build info: version: &apos;4.22.0&apos;, revision: &apos;c5f3146703*&apos;&#10;System info: os.name: &apos;Windows 10&apos;, os.arch: &apos;amd64&apos;, os.version: &apos;10.0&apos;, java.version: &apos;15.0.2&apos;&#10;Driver info: org.openqa.selenium.firefox.FirefoxDriver&#10;Command: [0a977a7e-c72a-4f75-8b97-ea8e98741053, findElement {value=MS016IN, using=id}]&#10;Capabilities {acceptInsecureCerts: true, browserName: firefox, browserVersion: 128.0, moz:accessibilityChecks: false, moz:buildID: 20240628091536, moz:debuggerAddress: 127.0.0.1:41240, moz:geckodriverVersion: 0.34.0, moz:headless: false, moz:platformVersion: 10.0, moz:processID: 58116, moz:profile: C:\Users\KAJALS~1\AppData\L..., moz:shutdownTimeout: 60000, moz:webdriverClick: true, moz:windowless: false, pageLoadStrategy: normal, platformName: windows, proxy: Proxy(), se:cdp: ws://127.0.0.1:41240/devtoo..., se:cdpVersion: 85.0, setWindowRect: true, strictFileInteractability: false, timeouts: {implicit: 0, pageLoad: 300000, script: 30000}, unhandledPromptBehavior: dismiss and notify, userAgent: Mozilla/5.0 (Windows NT 10....}&#10;Session ID: 0a977a7e-c72a-4f75-8b97-ea8e98741053"/>
    <system-out><![CDATA[ Test case started: verifyTimeEqualToSystemCurrentTime
]]></system-out>
  </testcase>
  <testcase name="verifyTimeEqualToSystemCurrentTime" classname="zapcg.Capillary.EarnPointPageTestCases.EarnPoint_Valid_TestCases" time="0">
    <skipped message="Unable to locate element: #MS016IN&#10;For documentation on this error, please visit: https://www.selenium.dev/documentation/webdriver/troubleshooting/errors#no-such-element-exception&#10;Build info: version: &apos;4.22.0&apos;, revision: &apos;c5f3146703*&apos;&#10;System info: os.name: &apos;Windows 10&apos;, os.arch: &apos;amd64&apos;, os.version: &apos;10.0&apos;, java.version: &apos;15.0.2&apos;&#10;Driver info: org.openqa.selenium.firefox.FirefoxDriver&#10;Command: [58917e30-005a-4e0a-9646-9ba182850487, findElement {value=MS016IN, using=id}]&#10;Capabilities {acceptInsecureCerts: true, browserName: firefox, browserVersion: 128.0, moz:accessibilityChecks: false, moz:buildID: 20240628091536, moz:debuggerAddress: 127.0.0.1:24998, moz:geckodriverVersion: 0.34.0, moz:headless: false, moz:platformVersion: 10.0, moz:processID: 58832, moz:profile: C:\Users\KAJALS~1\AppData\L..., moz:shutdownTimeout: 60000, moz:webdriverClick: true, moz:windowless: false, pageLoadStrategy: normal, platformName: windows, proxy: Proxy(), se:cdp: ws://127.0.0.1:24998/devtoo..., se:cdpVersion: 85.0, setWindowRect: true, strictFileInteractability: false, timeouts: {implicit: 0, pageLoad: 300000, script: 30000}, unhandledPromptBehavior: dismiss and notify, userAgent: Mozilla/5.0 (Windows NT 10....}&#10;Session ID: 58917e30-005a-4e0a-9646-9ba182850487"/>
    <system-out><![CDATA[ Test case started: verifyTimeEqualToSystemCurrentTime
]]></system-out>
  </testcase>
  <testcase name="verifyTimeEqualToSystemCurrentTime" classname="zapcg.Capillary.EarnPointPageTestCases.EarnPoint_Valid_TestCases" time="0">
    <skipped message="Unable to locate element: #MS016IN&#10;For documentation on this error, please visit: https://www.selenium.dev/documentation/webdriver/troubleshooting/errors#no-such-element-exception&#10;Build info: version: &apos;4.22.0&apos;, revision: &apos;c5f3146703*&apos;&#10;System info: os.name: &apos;Windows 10&apos;, os.arch: &apos;amd64&apos;, os.version: &apos;10.0&apos;, java.version: &apos;15.0.2&apos;&#10;Driver info: org.openqa.selenium.firefox.FirefoxDriver&#10;Command: [6695fe23-675b-4da8-b878-ddaf312e2452, findElement {value=MS016IN, using=id}]&#10;Capabilities {acceptInsecureCerts: true, browserName: firefox, browserVersion: 128.0, moz:accessibilityChecks: false, moz:buildID: 20240628091536, moz:debuggerAddress: 127.0.0.1:22100, moz:geckodriverVersion: 0.34.0, moz:headless: false, moz:platformVersion: 10.0, moz:processID: 24856, moz:profile: C:\Users\KAJALS~1\AppData\L..., moz:shutdownTimeout: 60000, moz:webdriverClick: true, moz:windowless: false, pageLoadStrategy: normal, platformName: windows, proxy: Proxy(), se:cdp: ws://127.0.0.1:22100/devtoo..., se:cdpVersion: 85.0, setWindowRect: true, strictFileInteractability: false, timeouts: {implicit: 0, pageLoad: 300000, script: 30000}, unhandledPromptBehavior: dismiss and notify, userAgent: Mozilla/5.0 (Windows NT 10....}&#10;Session ID: 6695fe23-675b-4da8-b878-ddaf312e2452"/>
    <system-out><![CDATA[ Test case started: verifyTimeEqualToSystemCurrentTime
]]></system-out>
  </testcase>
  <testcase name="verifyTimeEqualToSystemCurrentTime" classname="zapcg.Capillary.EarnPointPageTestCases.EarnPoint_Valid_TestCases" time="0">
    <skipped message="Unable to locate element: #MS016IN&#10;For documentation on this error, please visit: https://www.selenium.dev/documentation/webdriver/troubleshooting/errors#no-such-element-exception&#10;Build info: version: &apos;4.22.0&apos;, revision: &apos;c5f3146703*&apos;&#10;System info: os.name: &apos;Windows 10&apos;, os.arch: &apos;amd64&apos;, os.version: &apos;10.0&apos;, java.version: &apos;15.0.2&apos;&#10;Driver info: org.openqa.selenium.firefox.FirefoxDriver&#10;Command: [c55c92ea-39ca-4da0-9cdd-df6ab23fb5e5, findElement {value=MS016IN, using=id}]&#10;Capabilities {acceptInsecureCerts: true, browserName: firefox, browserVersion: 128.0, moz:accessibilityChecks: false, moz:buildID: 20240628091536, moz:debuggerAddress: 127.0.0.1:2102, moz:geckodriverVersion: 0.34.0, moz:headless: false, moz:platformVersion: 10.0, moz:processID: 19408, moz:profile: C:\Users\KAJALS~1\AppData\L..., moz:shutdownTimeout: 60000, moz:webdriverClick: true, moz:windowless: false, pageLoadStrategy: normal, platformName: windows, proxy: Proxy(), se:cdp: ws://127.0.0.1:2102/devtool..., se:cdpVersion: 85.0, setWindowRect: true, strictFileInteractability: false, timeouts: {implicit: 0, pageLoad: 300000, script: 30000}, unhandledPromptBehavior: dismiss and notify, userAgent: Mozilla/5.0 (Windows NT 10....}&#10;Session ID: c55c92ea-39ca-4da0-9cdd-df6ab23fb5e5"/>
    <system-out><![CDATA[ Test case started: verifyTimeEqualToSystemCurrentTime
]]></system-out>
  </testcase>
  <testcase name="verifyTimeEqualToSystemCurrentTime" classname="zapcg.Capillary.EarnPointPageTestCases.EarnPoint_Valid_TestCases" time="0">
    <skipped message="Unable to locate element: #MS016IN&#10;For documentation on this error, please visit: https://www.selenium.dev/documentation/webdriver/troubleshooting/errors#no-such-element-exception&#10;Build info: version: &apos;4.22.0&apos;, revision: &apos;c5f3146703*&apos;&#10;System info: os.name: &apos;Windows 10&apos;, os.arch: &apos;amd64&apos;, os.version: &apos;10.0&apos;, java.version: &apos;15.0.2&apos;&#10;Driver info: org.openqa.selenium.firefox.FirefoxDriver&#10;Command: [4503da74-b064-4a06-a9bd-c1b9bc440d96, findElement {value=MS016IN, using=id}]&#10;Capabilities {acceptInsecureCerts: true, browserName: firefox, browserVersion: 128.0, moz:accessibilityChecks: false, moz:buildID: 20240628091536, moz:debuggerAddress: 127.0.0.1:41321, moz:geckodriverVersion: 0.34.0, moz:headless: false, moz:platformVersion: 10.0, moz:processID: 28688, moz:profile: C:\Users\KAJALS~1\AppData\L..., moz:shutdownTimeout: 60000, moz:webdriverClick: true, moz:windowless: false, pageLoadStrategy: normal, platformName: windows, proxy: Proxy(), se:cdp: ws://127.0.0.1:41321/devtoo..., se:cdpVersion: 85.0, setWindowRect: true, strictFileInteractability: false, timeouts: {implicit: 0, pageLoad: 300000, script: 30000}, unhandledPromptBehavior: dismiss and notify, userAgent: Mozilla/5.0 (Windows NT 10....}&#10;Session ID: 4503da74-b064-4a06-a9bd-c1b9bc440d96"/>
    <system-out><![CDATA[ Test case started: verifyTimeEqualToSystemCurrentTime
]]></system-out>
  </testcase>
  <testcase name="verifyTransactionAmountShouldNotBeEmpty" classname="zapcg.Capillary.EarnPointPageTestCases.EarnPoint_Valid_TestCases" time="0.184">
    <system-out><![CDATA[The name of the testcase passed is : verifyIfAbleToSelectOptionFromDropDown
Test execution completed on ChromeDriver with device: Tablet Portrait
 Test case started: verifyTransactionAmountShouldNotBeEmpty
Sumit button clicked successfully
Border color of the txn amount field is: rgb(46, 56, 35)
The transaction amount field is highlighted in red color.
]]></system-out>
  </testcase>
  <testcase name="verifyTransactionAmountShouldNotBeEmpty" classname="zapcg.Capillary.EarnPointPageTestCases.EarnPoint_Valid_TestCases" time="0.187">
    <system-out><![CDATA[The name of the testcase passed is : verifyIfAbleToSelectOptionFromDropDown
Test execution completed on ChromeDriver with device: Tablet Landscape
 Test case started: verifyTransactionAmountShouldNotBeEmpty
Sumit button clicked successfully
Border color of the txn amount field is: rgb(46, 56, 35)
The transaction amount field is highlighted in red color.
]]></system-out>
  </testcase>
  <testcase name="verifyTransactionAmountShouldNotBeEmpty" classname="zapcg.Capillary.EarnPointPageTestCases.EarnPoint_Valid_TestCases" time="0.153">
    <system-out><![CDATA[The name of the testcase passed is : verifyIfAbleToSelectOptionFromDropDown
Test execution completed on ChromeDriver with device: iPhone 11 Pro Portrait
 Test case started: verifyTransactionAmountShouldNotBeEmpty
Sumit button clicked successfully
Border color of the txn amount field is: rgb(46, 56, 35)
The transaction amount field is highlighted in red color.
]]></system-out>
  </testcase>
  <testcase name="verifyTransactionAmountShouldNotBeEmpty" classname="zapcg.Capillary.EarnPointPageTestCases.EarnPoint_Valid_TestCases" time="0">
    <skipped message="no such element: Unable to locate element: {&quot;method&quot;:&quot;css selector&quot;,&quot;selector&quot;:&quot;#MS016IN&quot;}&#10;  (Session info: chrome=126.0.6478.57)&#10;For documentation on this error, please visit: https://www.selenium.dev/documentation/webdriver/troubleshooting/errors#no-such-element-exception&#10;Build info: version: &apos;4.22.0&apos;, revision: &apos;c5f3146703*&apos;&#10;System info: os.name: &apos;Windows 10&apos;, os.arch: &apos;amd64&apos;, os.version: &apos;10.0&apos;, java.version: &apos;15.0.2&apos;&#10;Driver info: org.openqa.selenium.chrome.ChromeDriver&#10;Command: [7ecc2eb227f7f096dc03533e5818ad50, findElement {value=MS016IN, using=id}]&#10;Capabilities {acceptInsecureCerts: false, browserName: chrome, browserVersion: 126.0.6478.57, chrome: {chromedriverVersion: 126.0.6478.126 (d36ace6122e..., userDataDir: C:\Users\KAJALS~1\AppData\L...}, fedcm:accounts: true, goog:chromeOptions: {debuggerAddress: localhost:64536}, networkConnectionEnabled: false, pageLoadStrategy: normal, platformName: windows, proxy: Proxy(), se:cdp: ws://localhost:64536/devtoo..., se:cdpVersion: 126.0.6478.57, setWindowRect: true, strictFileInteractability: false, timeouts: {implicit: 0, pageLoad: 300000, script: 30000}, unhandledPromptBehavior: dismiss and notify, webauthn:extension:credBlob: true, webauthn:extension:largeBlob: true, webauthn:extension:minPinLength: true, webauthn:extension:prf: true, webauthn:virtualAuthenticators: true}&#10;Session ID: 7ecc2eb227f7f096dc03533e5818ad50"/>
    <system-out><![CDATA[ Test case started: verifyTransactionAmountShouldNotBeEmpty
]]></system-out>
  </testcase>
  <testcase name="verifyTransactionAmountShouldNotBeEmpty" classname="zapcg.Capillary.EarnPointPageTestCases.EarnPoint_Valid_TestCases" time="0">
    <skipped message="no such element: Unable to locate element: {&quot;method&quot;:&quot;css selector&quot;,&quot;selector&quot;:&quot;#MS016IN&quot;}&#10;  (Session info: chrome=126.0.6478.57)&#10;For documentation on this error, please visit: https://www.selenium.dev/documentation/webdriver/troubleshooting/errors#no-such-element-exception&#10;Build info: version: &apos;4.22.0&apos;, revision: &apos;c5f3146703*&apos;&#10;System info: os.name: &apos;Windows 10&apos;, os.arch: &apos;amd64&apos;, os.version: &apos;10.0&apos;, java.version: &apos;15.0.2&apos;&#10;Driver info: org.openqa.selenium.chrome.ChromeDriver&#10;Command: [1f56e95d6f707bd6649fad7f7b45f988, findElement {value=MS016IN, using=id}]&#10;Capabilities {acceptInsecureCerts: false, browserName: chrome, browserVersion: 126.0.6478.57, chrome: {chromedriverVersion: 126.0.6478.126 (d36ace6122e..., userDataDir: C:\Users\KAJALS~1\AppData\L...}, fedcm:accounts: true, goog:chromeOptions: {debuggerAddress: localhost:65121}, networkConnectionEnabled: false, pageLoadStrategy: normal, platformName: windows, proxy: Proxy(), se:cdp: ws://localhost:65121/devtoo..., se:cdpVersion: 126.0.6478.57, setWindowRect: true, strictFileInteractability: false, timeouts: {implicit: 0, pageLoad: 300000, script: 30000}, unhandledPromptBehavior: dismiss and notify, webauthn:extension:credBlob: true, webauthn:extension:largeBlob: true, webauthn:extension:minPinLength: true, webauthn:extension:prf: true, webauthn:virtualAuthenticators: true}&#10;Session ID: 1f56e95d6f707bd6649fad7f7b45f988"/>
    <system-out><![CDATA[ Test case started: verifyTransactionAmountShouldNotBeEmpty
]]></system-out>
  </testcase>
  <testcase name="verifyTransactionAmountShouldNotBeEmpty" classname="zapcg.Capillary.EarnPointPageTestCases.EarnPoint_Valid_TestCases" time="0.158">
    <system-out><![CDATA[The name of the testcase passed is : verifyIfAbleToSelectOptionFromDropDown
Test execution completed on ChromeDriver with device: Galaxy S20 Landscape
 Test case started: verifyTransactionAmountShouldNotBeEmpty
Sumit button clicked successfully
Border color of the txn amount field is: rgb(46, 56, 35)
The transaction amount field is highlighted in red color.
]]></system-out>
  </testcase>
  <testcase name="verifyTransactionAmountShouldNotBeEmpty" classname="zapcg.Capillary.EarnPointPageTestCases.EarnPoint_Valid_TestCases" time="0.273">
    <system-out><![CDATA[The name of the testcase passed is : verifyIfAbleToSelectOptionFromDropDown
Test execution completed on FirefoxDriver with device: Tablet Portrait
 Test case started: verifyTransactionAmountShouldNotBeEmpty
Sumit button clicked successfully
Border color of the txn amount field is: rgb(46, 56, 35)
The transaction amount field is highlighted in red color.
]]></system-out>
  </testcase>
  <testcase name="verifyTransactionAmountShouldNotBeEmpty" classname="zapcg.Capillary.EarnPointPageTestCases.EarnPoint_Valid_TestCases" time="0">
    <skipped message="Unable to locate element: #MS016IN&#10;For documentation on this error, please visit: https://www.selenium.dev/documentation/webdriver/troubleshooting/errors#no-such-element-exception&#10;Build info: version: &apos;4.22.0&apos;, revision: &apos;c5f3146703*&apos;&#10;System info: os.name: &apos;Windows 10&apos;, os.arch: &apos;amd64&apos;, os.version: &apos;10.0&apos;, java.version: &apos;15.0.2&apos;&#10;Driver info: org.openqa.selenium.firefox.FirefoxDriver&#10;Command: [0a977a7e-c72a-4f75-8b97-ea8e98741053, findElement {value=MS016IN, using=id}]&#10;Capabilities {acceptInsecureCerts: true, browserName: firefox, browserVersion: 128.0, moz:accessibilityChecks: false, moz:buildID: 20240628091536, moz:debuggerAddress: 127.0.0.1:41240, moz:geckodriverVersion: 0.34.0, moz:headless: false, moz:platformVersion: 10.0, moz:processID: 58116, moz:profile: C:\Users\KAJALS~1\AppData\L..., moz:shutdownTimeout: 60000, moz:webdriverClick: true, moz:windowless: false, pageLoadStrategy: normal, platformName: windows, proxy: Proxy(), se:cdp: ws://127.0.0.1:41240/devtoo..., se:cdpVersion: 85.0, setWindowRect: true, strictFileInteractability: false, timeouts: {implicit: 0, pageLoad: 300000, script: 30000}, unhandledPromptBehavior: dismiss and notify, userAgent: Mozilla/5.0 (Windows NT 10....}&#10;Session ID: 0a977a7e-c72a-4f75-8b97-ea8e98741053"/>
    <system-out><![CDATA[ Test case started: verifyTransactionAmountShouldNotBeEmpty
]]></system-out>
  </testcase>
  <testcase name="verifyTransactionAmountShouldNotBeEmpty" classname="zapcg.Capillary.EarnPointPageTestCases.EarnPoint_Valid_TestCases" time="0">
    <skipped message="Unable to locate element: #MS016IN&#10;For documentation on this error, please visit: https://www.selenium.dev/documentation/webdriver/troubleshooting/errors#no-such-element-exception&#10;Build info: version: &apos;4.22.0&apos;, revision: &apos;c5f3146703*&apos;&#10;System info: os.name: &apos;Windows 10&apos;, os.arch: &apos;amd64&apos;, os.version: &apos;10.0&apos;, java.version: &apos;15.0.2&apos;&#10;Driver info: org.openqa.selenium.firefox.FirefoxDriver&#10;Command: [58917e30-005a-4e0a-9646-9ba182850487, findElement {value=MS016IN, using=id}]&#10;Capabilities {acceptInsecureCerts: true, browserName: firefox, browserVersion: 128.0, moz:accessibilityChecks: false, moz:buildID: 20240628091536, moz:debuggerAddress: 127.0.0.1:24998, moz:geckodriverVersion: 0.34.0, moz:headless: false, moz:platformVersion: 10.0, moz:processID: 58832, moz:profile: C:\Users\KAJALS~1\AppData\L..., moz:shutdownTimeout: 60000, moz:webdriverClick: true, moz:windowless: false, pageLoadStrategy: normal, platformName: windows, proxy: Proxy(), se:cdp: ws://127.0.0.1:24998/devtoo..., se:cdpVersion: 85.0, setWindowRect: true, strictFileInteractability: false, timeouts: {implicit: 0, pageLoad: 300000, script: 30000}, unhandledPromptBehavior: dismiss and notify, userAgent: Mozilla/5.0 (Windows NT 10....}&#10;Session ID: 58917e30-005a-4e0a-9646-9ba182850487"/>
    <system-out><![CDATA[ Test case started: verifyTransactionAmountShouldNotBeEmpty
]]></system-out>
  </testcase>
  <testcase name="verifyTransactionAmountShouldNotBeEmpty" classname="zapcg.Capillary.EarnPointPageTestCases.EarnPoint_Valid_TestCases" time="0">
    <skipped message="Unable to locate element: #MS016IN&#10;For documentation on this error, please visit: https://www.selenium.dev/documentation/webdriver/troubleshooting/errors#no-such-element-exception&#10;Build info: version: &apos;4.22.0&apos;, revision: &apos;c5f3146703*&apos;&#10;System info: os.name: &apos;Windows 10&apos;, os.arch: &apos;amd64&apos;, os.version: &apos;10.0&apos;, java.version: &apos;15.0.2&apos;&#10;Driver info: org.openqa.selenium.firefox.FirefoxDriver&#10;Command: [6695fe23-675b-4da8-b878-ddaf312e2452, findElement {value=MS016IN, using=id}]&#10;Capabilities {acceptInsecureCerts: true, browserName: firefox, browserVersion: 128.0, moz:accessibilityChecks: false, moz:buildID: 20240628091536, moz:debuggerAddress: 127.0.0.1:22100, moz:geckodriverVersion: 0.34.0, moz:headless: false, moz:platformVersion: 10.0, moz:processID: 24856, moz:profile: C:\Users\KAJALS~1\AppData\L..., moz:shutdownTimeout: 60000, moz:webdriverClick: true, moz:windowless: false, pageLoadStrategy: normal, platformName: windows, proxy: Proxy(), se:cdp: ws://127.0.0.1:22100/devtoo..., se:cdpVersion: 85.0, setWindowRect: true, strictFileInteractability: false, timeouts: {implicit: 0, pageLoad: 300000, script: 30000}, unhandledPromptBehavior: dismiss and notify, userAgent: Mozilla/5.0 (Windows NT 10....}&#10;Session ID: 6695fe23-675b-4da8-b878-ddaf312e2452"/>
    <system-out><![CDATA[ Test case started: verifyTransactionAmountShouldNotBeEmpty
]]></system-out>
  </testcase>
  <testcase name="verifyTransactionAmountShouldNotBeEmpty" classname="zapcg.Capillary.EarnPointPageTestCases.EarnPoint_Valid_TestCases" time="0">
    <skipped message="Unable to locate element: #MS016IN&#10;For documentation on this error, please visit: https://www.selenium.dev/documentation/webdriver/troubleshooting/errors#no-such-element-exception&#10;Build info: version: &apos;4.22.0&apos;, revision: &apos;c5f3146703*&apos;&#10;System info: os.name: &apos;Windows 10&apos;, os.arch: &apos;amd64&apos;, os.version: &apos;10.0&apos;, java.version: &apos;15.0.2&apos;&#10;Driver info: org.openqa.selenium.firefox.FirefoxDriver&#10;Command: [c55c92ea-39ca-4da0-9cdd-df6ab23fb5e5, findElement {value=MS016IN, using=id}]&#10;Capabilities {acceptInsecureCerts: true, browserName: firefox, browserVersion: 128.0, moz:accessibilityChecks: false, moz:buildID: 20240628091536, moz:debuggerAddress: 127.0.0.1:2102, moz:geckodriverVersion: 0.34.0, moz:headless: false, moz:platformVersion: 10.0, moz:processID: 19408, moz:profile: C:\Users\KAJALS~1\AppData\L..., moz:shutdownTimeout: 60000, moz:webdriverClick: true, moz:windowless: false, pageLoadStrategy: normal, platformName: windows, proxy: Proxy(), se:cdp: ws://127.0.0.1:2102/devtool..., se:cdpVersion: 85.0, setWindowRect: true, strictFileInteractability: false, timeouts: {implicit: 0, pageLoad: 300000, script: 30000}, unhandledPromptBehavior: dismiss and notify, userAgent: Mozilla/5.0 (Windows NT 10....}&#10;Session ID: c55c92ea-39ca-4da0-9cdd-df6ab23fb5e5"/>
    <system-out><![CDATA[ Test case started: verifyTransactionAmountShouldNotBeEmpty
]]></system-out>
  </testcase>
  <testcase name="verifyTransactionAmountShouldNotBeEmpty" classname="zapcg.Capillary.EarnPointPageTestCases.EarnPoint_Valid_TestCases" time="0">
    <skipped message="Unable to locate element: #MS016IN&#10;For documentation on this error, please visit: https://www.selenium.dev/documentation/webdriver/troubleshooting/errors#no-such-element-exception&#10;Build info: version: &apos;4.22.0&apos;, revision: &apos;c5f3146703*&apos;&#10;System info: os.name: &apos;Windows 10&apos;, os.arch: &apos;amd64&apos;, os.version: &apos;10.0&apos;, java.version: &apos;15.0.2&apos;&#10;Driver info: org.openqa.selenium.firefox.FirefoxDriver&#10;Command: [4503da74-b064-4a06-a9bd-c1b9bc440d96, findElement {value=MS016IN, using=id}]&#10;Capabilities {acceptInsecureCerts: true, browserName: firefox, browserVersion: 128.0, moz:accessibilityChecks: false, moz:buildID: 20240628091536, moz:debuggerAddress: 127.0.0.1:41321, moz:geckodriverVersion: 0.34.0, moz:headless: false, moz:platformVersion: 10.0, moz:processID: 28688, moz:profile: C:\Users\KAJALS~1\AppData\L..., moz:shutdownTimeout: 60000, moz:webdriverClick: true, moz:windowless: false, pageLoadStrategy: normal, platformName: windows, proxy: Proxy(), se:cdp: ws://127.0.0.1:41321/devtoo..., se:cdpVersion: 85.0, setWindowRect: true, strictFileInteractability: false, timeouts: {implicit: 0, pageLoad: 300000, script: 30000}, unhandledPromptBehavior: dismiss and notify, userAgent: Mozilla/5.0 (Windows NT 10....}&#10;Session ID: 4503da74-b064-4a06-a9bd-c1b9bc440d96"/>
    <system-out><![CDATA[ Test case started: verifyTransactionAmountShouldNotBeEmpty
]]></system-out>
  </testcase>
  <testcase name="emptyTxnAmountButGoToPassPointValue" classname="zapcg.Capillary.EarnPointPageTestCases.EarnPoint_Valid_TestCases" time="0.332">
    <system-out><![CDATA[The name of the testcase passed is : verifyTransactionAmountShouldNotBeEmpty
Test execution completed on ChromeDriver with device: Tablet Portrait
 Test case started: emptyTxnAmountButGoToPassPointValue
Sumit button clicked successfully
Border color of the 'Go To Pass Point' field is: rgb(46, 56, 35)
The 'Go to Pass Point' field is highlighted in red color.
]]></system-out>
  </testcase>
  <testcase name="emptyTxnAmountButGoToPassPointValue" classname="zapcg.Capillary.EarnPointPageTestCases.EarnPoint_Valid_TestCases" time="0.335">
    <system-out><![CDATA[The name of the testcase passed is : verifyTransactionAmountShouldNotBeEmpty
Test execution completed on ChromeDriver with device: Tablet Landscape
 Test case started: emptyTxnAmountButGoToPassPointValue
Sumit button clicked successfully
Border color of the 'Go To Pass Point' field is: rgb(46, 56, 35)
The 'Go to Pass Point' field is highlighted in red color.
]]></system-out>
  </testcase>
  <testcase name="emptyTxnAmountButGoToPassPointValue" classname="zapcg.Capillary.EarnPointPageTestCases.EarnPoint_Valid_TestCases" time="0.298">
    <system-out><![CDATA[The name of the testcase passed is : verifyTransactionAmountShouldNotBeEmpty
Test execution completed on ChromeDriver with device: iPhone 11 Pro Portrait
 Test case started: emptyTxnAmountButGoToPassPointValue
Sumit button clicked successfully
Border color of the 'Go To Pass Point' field is: rgb(46, 56, 35)
The 'Go to Pass Point' field is highlighted in red color.
]]></system-out>
  </testcase>
  <testcase name="emptyTxnAmountButGoToPassPointValue" classname="zapcg.Capillary.EarnPointPageTestCases.EarnPoint_Valid_TestCases" time="0">
    <skipped message="no such element: Unable to locate element: {&quot;method&quot;:&quot;css selector&quot;,&quot;selector&quot;:&quot;#MS016IN&quot;}&#10;  (Session info: chrome=126.0.6478.57)&#10;For documentation on this error, please visit: https://www.selenium.dev/documentation/webdriver/troubleshooting/errors#no-such-element-exception&#10;Build info: version: &apos;4.22.0&apos;, revision: &apos;c5f3146703*&apos;&#10;System info: os.name: &apos;Windows 10&apos;, os.arch: &apos;amd64&apos;, os.version: &apos;10.0&apos;, java.version: &apos;15.0.2&apos;&#10;Driver info: org.openqa.selenium.chrome.ChromeDriver&#10;Command: [7ecc2eb227f7f096dc03533e5818ad50, findElement {value=MS016IN, using=id}]&#10;Capabilities {acceptInsecureCerts: false, browserName: chrome, browserVersion: 126.0.6478.57, chrome: {chromedriverVersion: 126.0.6478.126 (d36ace6122e..., userDataDir: C:\Users\KAJALS~1\AppData\L...}, fedcm:accounts: true, goog:chromeOptions: {debuggerAddress: localhost:64536}, networkConnectionEnabled: false, pageLoadStrategy: normal, platformName: windows, proxy: Proxy(), se:cdp: ws://localhost:64536/devtoo..., se:cdpVersion: 126.0.6478.57, setWindowRect: true, strictFileInteractability: false, timeouts: {implicit: 0, pageLoad: 300000, script: 30000}, unhandledPromptBehavior: dismiss and notify, webauthn:extension:credBlob: true, webauthn:extension:largeBlob: true, webauthn:extension:minPinLength: true, webauthn:extension:prf: true, webauthn:virtualAuthenticators: true}&#10;Session ID: 7ecc2eb227f7f096dc03533e5818ad50"/>
    <system-out><![CDATA[ Test case started: emptyTxnAmountButGoToPassPointValue
]]></system-out>
  </testcase>
  <testcase name="emptyTxnAmountButGoToPassPointValue" classname="zapcg.Capillary.EarnPointPageTestCases.EarnPoint_Valid_TestCases" time="0">
    <skipped message="no such element: Unable to locate element: {&quot;method&quot;:&quot;css selector&quot;,&quot;selector&quot;:&quot;#MS016IN&quot;}&#10;  (Session info: chrome=126.0.6478.57)&#10;For documentation on this error, please visit: https://www.selenium.dev/documentation/webdriver/troubleshooting/errors#no-such-element-exception&#10;Build info: version: &apos;4.22.0&apos;, revision: &apos;c5f3146703*&apos;&#10;System info: os.name: &apos;Windows 10&apos;, os.arch: &apos;amd64&apos;, os.version: &apos;10.0&apos;, java.version: &apos;15.0.2&apos;&#10;Driver info: org.openqa.selenium.chrome.ChromeDriver&#10;Command: [1f56e95d6f707bd6649fad7f7b45f988, findElement {value=MS016IN, using=id}]&#10;Capabilities {acceptInsecureCerts: false, browserName: chrome, browserVersion: 126.0.6478.57, chrome: {chromedriverVersion: 126.0.6478.126 (d36ace6122e..., userDataDir: C:\Users\KAJALS~1\AppData\L...}, fedcm:accounts: true, goog:chromeOptions: {debuggerAddress: localhost:65121}, networkConnectionEnabled: false, pageLoadStrategy: normal, platformName: windows, proxy: Proxy(), se:cdp: ws://localhost:65121/devtoo..., se:cdpVersion: 126.0.6478.57, setWindowRect: true, strictFileInteractability: false, timeouts: {implicit: 0, pageLoad: 300000, script: 30000}, unhandledPromptBehavior: dismiss and notify, webauthn:extension:credBlob: true, webauthn:extension:largeBlob: true, webauthn:extension:minPinLength: true, webauthn:extension:prf: true, webauthn:virtualAuthenticators: true}&#10;Session ID: 1f56e95d6f707bd6649fad7f7b45f988"/>
    <system-out><![CDATA[ Test case started: emptyTxnAmountButGoToPassPointValue
]]></system-out>
  </testcase>
  <testcase name="emptyTxnAmountButGoToPassPointValue" classname="zapcg.Capillary.EarnPointPageTestCases.EarnPoint_Valid_TestCases" time="0.336">
    <system-out><![CDATA[The name of the testcase passed is : verifyTransactionAmountShouldNotBeEmpty
Test execution completed on ChromeDriver with device: Galaxy S20 Landscape
 Test case started: emptyTxnAmountButGoToPassPointValue
Sumit button clicked successfully
Border color of the 'Go To Pass Point' field is: rgb(46, 56, 35)
The 'Go to Pass Point' field is highlighted in red color.
]]></system-out>
  </testcase>
  <testcase name="emptyTxnAmountButGoToPassPointValue" classname="zapcg.Capillary.EarnPointPageTestCases.EarnPoint_Valid_TestCases" time="0.368">
    <system-out><![CDATA[The name of the testcase passed is : verifyTransactionAmountShouldNotBeEmpty
Test execution completed on FirefoxDriver with device: Tablet Portrait
 Test case started: emptyTxnAmountButGoToPassPointValue
Sumit button clicked successfully
Border color of the 'Go To Pass Point' field is: rgb(46, 56, 35)
The 'Go to Pass Point' field is highlighted in red color.
]]></system-out>
  </testcase>
  <testcase name="emptyTxnAmountButGoToPassPointValue" classname="zapcg.Capillary.EarnPointPageTestCases.EarnPoint_Valid_TestCases" time="0">
    <skipped message="Unable to locate element: #MS016IN&#10;For documentation on this error, please visit: https://www.selenium.dev/documentation/webdriver/troubleshooting/errors#no-such-element-exception&#10;Build info: version: &apos;4.22.0&apos;, revision: &apos;c5f3146703*&apos;&#10;System info: os.name: &apos;Windows 10&apos;, os.arch: &apos;amd64&apos;, os.version: &apos;10.0&apos;, java.version: &apos;15.0.2&apos;&#10;Driver info: org.openqa.selenium.firefox.FirefoxDriver&#10;Command: [0a977a7e-c72a-4f75-8b97-ea8e98741053, findElement {value=MS016IN, using=id}]&#10;Capabilities {acceptInsecureCerts: true, browserName: firefox, browserVersion: 128.0, moz:accessibilityChecks: false, moz:buildID: 20240628091536, moz:debuggerAddress: 127.0.0.1:41240, moz:geckodriverVersion: 0.34.0, moz:headless: false, moz:platformVersion: 10.0, moz:processID: 58116, moz:profile: C:\Users\KAJALS~1\AppData\L..., moz:shutdownTimeout: 60000, moz:webdriverClick: true, moz:windowless: false, pageLoadStrategy: normal, platformName: windows, proxy: Proxy(), se:cdp: ws://127.0.0.1:41240/devtoo..., se:cdpVersion: 85.0, setWindowRect: true, strictFileInteractability: false, timeouts: {implicit: 0, pageLoad: 300000, script: 30000}, unhandledPromptBehavior: dismiss and notify, userAgent: Mozilla/5.0 (Windows NT 10....}&#10;Session ID: 0a977a7e-c72a-4f75-8b97-ea8e98741053"/>
    <system-out><![CDATA[ Test case started: emptyTxnAmountButGoToPassPointValue
]]></system-out>
  </testcase>
  <testcase name="emptyTxnAmountButGoToPassPointValue" classname="zapcg.Capillary.EarnPointPageTestCases.EarnPoint_Valid_TestCases" time="0">
    <skipped message="Unable to locate element: #MS016IN&#10;For documentation on this error, please visit: https://www.selenium.dev/documentation/webdriver/troubleshooting/errors#no-such-element-exception&#10;Build info: version: &apos;4.22.0&apos;, revision: &apos;c5f3146703*&apos;&#10;System info: os.name: &apos;Windows 10&apos;, os.arch: &apos;amd64&apos;, os.version: &apos;10.0&apos;, java.version: &apos;15.0.2&apos;&#10;Driver info: org.openqa.selenium.firefox.FirefoxDriver&#10;Command: [58917e30-005a-4e0a-9646-9ba182850487, findElement {value=MS016IN, using=id}]&#10;Capabilities {acceptInsecureCerts: true, browserName: firefox, browserVersion: 128.0, moz:accessibilityChecks: false, moz:buildID: 20240628091536, moz:debuggerAddress: 127.0.0.1:24998, moz:geckodriverVersion: 0.34.0, moz:headless: false, moz:platformVersion: 10.0, moz:processID: 58832, moz:profile: C:\Users\KAJALS~1\AppData\L..., moz:shutdownTimeout: 60000, moz:webdriverClick: true, moz:windowless: false, pageLoadStrategy: normal, platformName: windows, proxy: Proxy(), se:cdp: ws://127.0.0.1:24998/devtoo..., se:cdpVersion: 85.0, setWindowRect: true, strictFileInteractability: false, timeouts: {implicit: 0, pageLoad: 300000, script: 30000}, unhandledPromptBehavior: dismiss and notify, userAgent: Mozilla/5.0 (Windows NT 10....}&#10;Session ID: 58917e30-005a-4e0a-9646-9ba182850487"/>
    <system-out><![CDATA[ Test case started: emptyTxnAmountButGoToPassPointValue
]]></system-out>
  </testcase>
  <testcase name="emptyTxnAmountButGoToPassPointValue" classname="zapcg.Capillary.EarnPointPageTestCases.EarnPoint_Valid_TestCases" time="0">
    <skipped message="Unable to locate element: #MS016IN&#10;For documentation on this error, please visit: https://www.selenium.dev/documentation/webdriver/troubleshooting/errors#no-such-element-exception&#10;Build info: version: &apos;4.22.0&apos;, revision: &apos;c5f3146703*&apos;&#10;System info: os.name: &apos;Windows 10&apos;, os.arch: &apos;amd64&apos;, os.version: &apos;10.0&apos;, java.version: &apos;15.0.2&apos;&#10;Driver info: org.openqa.selenium.firefox.FirefoxDriver&#10;Command: [6695fe23-675b-4da8-b878-ddaf312e2452, findElement {value=MS016IN, using=id}]&#10;Capabilities {acceptInsecureCerts: true, browserName: firefox, browserVersion: 128.0, moz:accessibilityChecks: false, moz:buildID: 20240628091536, moz:debuggerAddress: 127.0.0.1:22100, moz:geckodriverVersion: 0.34.0, moz:headless: false, moz:platformVersion: 10.0, moz:processID: 24856, moz:profile: C:\Users\KAJALS~1\AppData\L..., moz:shutdownTimeout: 60000, moz:webdriverClick: true, moz:windowless: false, pageLoadStrategy: normal, platformName: windows, proxy: Proxy(), se:cdp: ws://127.0.0.1:22100/devtoo..., se:cdpVersion: 85.0, setWindowRect: true, strictFileInteractability: false, timeouts: {implicit: 0, pageLoad: 300000, script: 30000}, unhandledPromptBehavior: dismiss and notify, userAgent: Mozilla/5.0 (Windows NT 10....}&#10;Session ID: 6695fe23-675b-4da8-b878-ddaf312e2452"/>
    <system-out><![CDATA[ Test case started: emptyTxnAmountButGoToPassPointValue
]]></system-out>
  </testcase>
  <testcase name="emptyTxnAmountButGoToPassPointValue" classname="zapcg.Capillary.EarnPointPageTestCases.EarnPoint_Valid_TestCases" time="0">
    <skipped message="Unable to locate element: #MS016IN&#10;For documentation on this error, please visit: https://www.selenium.dev/documentation/webdriver/troubleshooting/errors#no-such-element-exception&#10;Build info: version: &apos;4.22.0&apos;, revision: &apos;c5f3146703*&apos;&#10;System info: os.name: &apos;Windows 10&apos;, os.arch: &apos;amd64&apos;, os.version: &apos;10.0&apos;, java.version: &apos;15.0.2&apos;&#10;Driver info: org.openqa.selenium.firefox.FirefoxDriver&#10;Command: [c55c92ea-39ca-4da0-9cdd-df6ab23fb5e5, findElement {value=MS016IN, using=id}]&#10;Capabilities {acceptInsecureCerts: true, browserName: firefox, browserVersion: 128.0, moz:accessibilityChecks: false, moz:buildID: 20240628091536, moz:debuggerAddress: 127.0.0.1:2102, moz:geckodriverVersion: 0.34.0, moz:headless: false, moz:platformVersion: 10.0, moz:processID: 19408, moz:profile: C:\Users\KAJALS~1\AppData\L..., moz:shutdownTimeout: 60000, moz:webdriverClick: true, moz:windowless: false, pageLoadStrategy: normal, platformName: windows, proxy: Proxy(), se:cdp: ws://127.0.0.1:2102/devtool..., se:cdpVersion: 85.0, setWindowRect: true, strictFileInteractability: false, timeouts: {implicit: 0, pageLoad: 300000, script: 30000}, unhandledPromptBehavior: dismiss and notify, userAgent: Mozilla/5.0 (Windows NT 10....}&#10;Session ID: c55c92ea-39ca-4da0-9cdd-df6ab23fb5e5"/>
    <system-out><![CDATA[ Test case started: emptyTxnAmountButGoToPassPointValue
]]></system-out>
  </testcase>
  <testcase name="emptyTxnAmountButGoToPassPointValue" classname="zapcg.Capillary.EarnPointPageTestCases.EarnPoint_Valid_TestCases" time="0">
    <skipped message="Unable to locate element: #MS016IN&#10;For documentation on this error, please visit: https://www.selenium.dev/documentation/webdriver/troubleshooting/errors#no-such-element-exception&#10;Build info: version: &apos;4.22.0&apos;, revision: &apos;c5f3146703*&apos;&#10;System info: os.name: &apos;Windows 10&apos;, os.arch: &apos;amd64&apos;, os.version: &apos;10.0&apos;, java.version: &apos;15.0.2&apos;&#10;Driver info: org.openqa.selenium.firefox.FirefoxDriver&#10;Command: [4503da74-b064-4a06-a9bd-c1b9bc440d96, findElement {value=MS016IN, using=id}]&#10;Capabilities {acceptInsecureCerts: true, browserName: firefox, browserVersion: 128.0, moz:accessibilityChecks: false, moz:buildID: 20240628091536, moz:debuggerAddress: 127.0.0.1:41321, moz:geckodriverVersion: 0.34.0, moz:headless: false, moz:platformVersion: 10.0, moz:processID: 28688, moz:profile: C:\Users\KAJALS~1\AppData\L..., moz:shutdownTimeout: 60000, moz:webdriverClick: true, moz:windowless: false, pageLoadStrategy: normal, platformName: windows, proxy: Proxy(), se:cdp: ws://127.0.0.1:41321/devtoo..., se:cdpVersion: 85.0, setWindowRect: true, strictFileInteractability: false, timeouts: {implicit: 0, pageLoad: 300000, script: 30000}, unhandledPromptBehavior: dismiss and notify, userAgent: Mozilla/5.0 (Windows NT 10....}&#10;Session ID: 4503da74-b064-4a06-a9bd-c1b9bc440d96"/>
    <system-out><![CDATA[ Test case started: emptyTxnAmountButGoToPassPointValue
]]></system-out>
  </testcase>
  <testcase name="verifyEligibleEarningPoints" classname="zapcg.Capillary.EarnPointPageTestCases.EarnPoint_Valid_TestCases" time="0.392">
    <system-out><![CDATA[The name of the testcase passed is : verifyChooseLocationButtonAvailability
Test execution completed on ChromeDriver with device: Tablet Portrait
 Test case started: verifyEligibleEarningPoints
Transaction Amount: 50
Tax Assumed Amount: 5
Go To Pass Points Used: 1
Actual Eligible Earning Points: 44
Expected Eligible Earning Points: 44
Test Passed: Actual Eligible Earning Points match the Expected Eligible Earning Points.
]]></system-out>
  </testcase>
  <testcase name="verifyEligibleEarningPoints" classname="zapcg.Capillary.EarnPointPageTestCases.EarnPoint_Valid_TestCases" time="0.436">
    <system-out><![CDATA[The name of the testcase passed is : verifyChooseLocationButtonAvailability
Test execution completed on ChromeDriver with device: Tablet Landscape
 Test case started: verifyEligibleEarningPoints
Transaction Amount: 50
Tax Assumed Amount: 5
Go To Pass Points Used: 1
Actual Eligible Earning Points: 44
Expected Eligible Earning Points: 44
Test Passed: Actual Eligible Earning Points match the Expected Eligible Earning Points.
]]></system-out>
  </testcase>
  <testcase name="verifyEligibleEarningPoints" classname="zapcg.Capillary.EarnPointPageTestCases.EarnPoint_Valid_TestCases" time="0.414">
    <system-out><![CDATA[The name of the testcase passed is : verifyChooseLocationButtonAvailability
Test execution completed on ChromeDriver with device: iPhone 11 Pro Portrait
 Test case started: verifyEligibleEarningPoints
Transaction Amount: 50
Tax Assumed Amount: 5
Go To Pass Points Used: 1
Actual Eligible Earning Points: 44
Expected Eligible Earning Points: 44
Test Passed: Actual Eligible Earning Points match the Expected Eligible Earning Points.
]]></system-out>
  </testcase>
  <testcase name="verifyEligibleEarningPoints" classname="zapcg.Capillary.EarnPointPageTestCases.EarnPoint_Valid_TestCases" time="0">
    <skipped message="no such element: Unable to locate element: {&quot;method&quot;:&quot;css selector&quot;,&quot;selector&quot;:&quot;#MS016IN&quot;}&#10;  (Session info: chrome=126.0.6478.57)&#10;For documentation on this error, please visit: https://www.selenium.dev/documentation/webdriver/troubleshooting/errors#no-such-element-exception&#10;Build info: version: &apos;4.22.0&apos;, revision: &apos;c5f3146703*&apos;&#10;System info: os.name: &apos;Windows 10&apos;, os.arch: &apos;amd64&apos;, os.version: &apos;10.0&apos;, java.version: &apos;15.0.2&apos;&#10;Driver info: org.openqa.selenium.chrome.ChromeDriver&#10;Command: [7ecc2eb227f7f096dc03533e5818ad50, findElement {value=MS016IN, using=id}]&#10;Capabilities {acceptInsecureCerts: false, browserName: chrome, browserVersion: 126.0.6478.57, chrome: {chromedriverVersion: 126.0.6478.126 (d36ace6122e..., userDataDir: C:\Users\KAJALS~1\AppData\L...}, fedcm:accounts: true, goog:chromeOptions: {debuggerAddress: localhost:64536}, networkConnectionEnabled: false, pageLoadStrategy: normal, platformName: windows, proxy: Proxy(), se:cdp: ws://localhost:64536/devtoo..., se:cdpVersion: 126.0.6478.57, setWindowRect: true, strictFileInteractability: false, timeouts: {implicit: 0, pageLoad: 300000, script: 30000}, unhandledPromptBehavior: dismiss and notify, webauthn:extension:credBlob: true, webauthn:extension:largeBlob: true, webauthn:extension:minPinLength: true, webauthn:extension:prf: true, webauthn:virtualAuthenticators: true}&#10;Session ID: 7ecc2eb227f7f096dc03533e5818ad50"/>
    <system-out><![CDATA[ Test case started: verifyEligibleEarningPoints
]]></system-out>
  </testcase>
  <testcase name="verifyEligibleEarningPoints" classname="zapcg.Capillary.EarnPointPageTestCases.EarnPoint_Valid_TestCases" time="0">
    <skipped message="no such element: Unable to locate element: {&quot;method&quot;:&quot;css selector&quot;,&quot;selector&quot;:&quot;#MS016IN&quot;}&#10;  (Session info: chrome=126.0.6478.57)&#10;For documentation on this error, please visit: https://www.selenium.dev/documentation/webdriver/troubleshooting/errors#no-such-element-exception&#10;Build info: version: &apos;4.22.0&apos;, revision: &apos;c5f3146703*&apos;&#10;System info: os.name: &apos;Windows 10&apos;, os.arch: &apos;amd64&apos;, os.version: &apos;10.0&apos;, java.version: &apos;15.0.2&apos;&#10;Driver info: org.openqa.selenium.chrome.ChromeDriver&#10;Command: [1f56e95d6f707bd6649fad7f7b45f988, findElement {value=MS016IN, using=id}]&#10;Capabilities {acceptInsecureCerts: false, browserName: chrome, browserVersion: 126.0.6478.57, chrome: {chromedriverVersion: 126.0.6478.126 (d36ace6122e..., userDataDir: C:\Users\KAJALS~1\AppData\L...}, fedcm:accounts: true, goog:chromeOptions: {debuggerAddress: localhost:65121}, networkConnectionEnabled: false, pageLoadStrategy: normal, platformName: windows, proxy: Proxy(), se:cdp: ws://localhost:65121/devtoo..., se:cdpVersion: 126.0.6478.57, setWindowRect: true, strictFileInteractability: false, timeouts: {implicit: 0, pageLoad: 300000, script: 30000}, unhandledPromptBehavior: dismiss and notify, webauthn:extension:credBlob: true, webauthn:extension:largeBlob: true, webauthn:extension:minPinLength: true, webauthn:extension:prf: true, webauthn:virtualAuthenticators: true}&#10;Session ID: 1f56e95d6f707bd6649fad7f7b45f988"/>
    <system-out><![CDATA[ Test case started: verifyEligibleEarningPoints
]]></system-out>
  </testcase>
  <testcase name="verifyEligibleEarningPoints" classname="zapcg.Capillary.EarnPointPageTestCases.EarnPoint_Valid_TestCases" time="0.389">
    <system-out><![CDATA[The name of the testcase passed is : verifyChooseLocationButtonAvailability
Test execution completed on ChromeDriver with device: Galaxy S20 Landscape
 Test case started: verifyEligibleEarningPoints
Transaction Amount: 50
Tax Assumed Amount: 5
Go To Pass Points Used: 1
Actual Eligible Earning Points: 44
Expected Eligible Earning Points: 44
Test Passed: Actual Eligible Earning Points match the Expected Eligible Earning Points.
]]></system-out>
  </testcase>
  <testcase name="verifyEligibleEarningPoints" classname="zapcg.Capillary.EarnPointPageTestCases.EarnPoint_Valid_TestCases" time="0.189">
    <system-out><![CDATA[The name of the testcase passed is : verifyChooseLocationButtonAvailability
Test execution completed on FirefoxDriver with device: Tablet Portrait
 Test case started: verifyEligibleEarningPoints
Transaction Amount: 50
Tax Assumed Amount: 5
Go To Pass Points Used: 1
Actual Eligible Earning Points: 44
Expected Eligible Earning Points: 44
Test Passed: Actual Eligible Earning Points match the Expected Eligible Earning Points.
]]></system-out>
  </testcase>
  <testcase name="verifyEligibleEarningPoints" classname="zapcg.Capillary.EarnPointPageTestCases.EarnPoint_Valid_TestCases" time="0">
    <skipped message="Unable to locate element: #MS016IN&#10;For documentation on this error, please visit: https://www.selenium.dev/documentation/webdriver/troubleshooting/errors#no-such-element-exception&#10;Build info: version: &apos;4.22.0&apos;, revision: &apos;c5f3146703*&apos;&#10;System info: os.name: &apos;Windows 10&apos;, os.arch: &apos;amd64&apos;, os.version: &apos;10.0&apos;, java.version: &apos;15.0.2&apos;&#10;Driver info: org.openqa.selenium.firefox.FirefoxDriver&#10;Command: [0a977a7e-c72a-4f75-8b97-ea8e98741053, findElement {value=MS016IN, using=id}]&#10;Capabilities {acceptInsecureCerts: true, browserName: firefox, browserVersion: 128.0, moz:accessibilityChecks: false, moz:buildID: 20240628091536, moz:debuggerAddress: 127.0.0.1:41240, moz:geckodriverVersion: 0.34.0, moz:headless: false, moz:platformVersion: 10.0, moz:processID: 58116, moz:profile: C:\Users\KAJALS~1\AppData\L..., moz:shutdownTimeout: 60000, moz:webdriverClick: true, moz:windowless: false, pageLoadStrategy: normal, platformName: windows, proxy: Proxy(), se:cdp: ws://127.0.0.1:41240/devtoo..., se:cdpVersion: 85.0, setWindowRect: true, strictFileInteractability: false, timeouts: {implicit: 0, pageLoad: 300000, script: 30000}, unhandledPromptBehavior: dismiss and notify, userAgent: Mozilla/5.0 (Windows NT 10....}&#10;Session ID: 0a977a7e-c72a-4f75-8b97-ea8e98741053"/>
    <system-out><![CDATA[ Test case started: verifyEligibleEarningPoints
]]></system-out>
  </testcase>
  <testcase name="verifyEligibleEarningPoints" classname="zapcg.Capillary.EarnPointPageTestCases.EarnPoint_Valid_TestCases" time="0">
    <skipped message="Unable to locate element: #MS016IN&#10;For documentation on this error, please visit: https://www.selenium.dev/documentation/webdriver/troubleshooting/errors#no-such-element-exception&#10;Build info: version: &apos;4.22.0&apos;, revision: &apos;c5f3146703*&apos;&#10;System info: os.name: &apos;Windows 10&apos;, os.arch: &apos;amd64&apos;, os.version: &apos;10.0&apos;, java.version: &apos;15.0.2&apos;&#10;Driver info: org.openqa.selenium.firefox.FirefoxDriver&#10;Command: [58917e30-005a-4e0a-9646-9ba182850487, findElement {value=MS016IN, using=id}]&#10;Capabilities {acceptInsecureCerts: true, browserName: firefox, browserVersion: 128.0, moz:accessibilityChecks: false, moz:buildID: 20240628091536, moz:debuggerAddress: 127.0.0.1:24998, moz:geckodriverVersion: 0.34.0, moz:headless: false, moz:platformVersion: 10.0, moz:processID: 58832, moz:profile: C:\Users\KAJALS~1\AppData\L..., moz:shutdownTimeout: 60000, moz:webdriverClick: true, moz:windowless: false, pageLoadStrategy: normal, platformName: windows, proxy: Proxy(), se:cdp: ws://127.0.0.1:24998/devtoo..., se:cdpVersion: 85.0, setWindowRect: true, strictFileInteractability: false, timeouts: {implicit: 0, pageLoad: 300000, script: 30000}, unhandledPromptBehavior: dismiss and notify, userAgent: Mozilla/5.0 (Windows NT 10....}&#10;Session ID: 58917e30-005a-4e0a-9646-9ba182850487"/>
    <system-out><![CDATA[ Test case started: verifyEligibleEarningPoints
]]></system-out>
  </testcase>
  <testcase name="verifyEligibleEarningPoints" classname="zapcg.Capillary.EarnPointPageTestCases.EarnPoint_Valid_TestCases" time="0">
    <skipped message="Unable to locate element: #MS016IN&#10;For documentation on this error, please visit: https://www.selenium.dev/documentation/webdriver/troubleshooting/errors#no-such-element-exception&#10;Build info: version: &apos;4.22.0&apos;, revision: &apos;c5f3146703*&apos;&#10;System info: os.name: &apos;Windows 10&apos;, os.arch: &apos;amd64&apos;, os.version: &apos;10.0&apos;, java.version: &apos;15.0.2&apos;&#10;Driver info: org.openqa.selenium.firefox.FirefoxDriver&#10;Command: [6695fe23-675b-4da8-b878-ddaf312e2452, findElement {value=MS016IN, using=id}]&#10;Capabilities {acceptInsecureCerts: true, browserName: firefox, browserVersion: 128.0, moz:accessibilityChecks: false, moz:buildID: 20240628091536, moz:debuggerAddress: 127.0.0.1:22100, moz:geckodriverVersion: 0.34.0, moz:headless: false, moz:platformVersion: 10.0, moz:processID: 24856, moz:profile: C:\Users\KAJALS~1\AppData\L..., moz:shutdownTimeout: 60000, moz:webdriverClick: true, moz:windowless: false, pageLoadStrategy: normal, platformName: windows, proxy: Proxy(), se:cdp: ws://127.0.0.1:22100/devtoo..., se:cdpVersion: 85.0, setWindowRect: true, strictFileInteractability: false, timeouts: {implicit: 0, pageLoad: 300000, script: 30000}, unhandledPromptBehavior: dismiss and notify, userAgent: Mozilla/5.0 (Windows NT 10....}&#10;Session ID: 6695fe23-675b-4da8-b878-ddaf312e2452"/>
    <system-out><![CDATA[ Test case started: verifyEligibleEarningPoints
]]></system-out>
  </testcase>
  <testcase name="verifyEligibleEarningPoints" classname="zapcg.Capillary.EarnPointPageTestCases.EarnPoint_Valid_TestCases" time="0">
    <skipped message="Unable to locate element: #MS016IN&#10;For documentation on this error, please visit: https://www.selenium.dev/documentation/webdriver/troubleshooting/errors#no-such-element-exception&#10;Build info: version: &apos;4.22.0&apos;, revision: &apos;c5f3146703*&apos;&#10;System info: os.name: &apos;Windows 10&apos;, os.arch: &apos;amd64&apos;, os.version: &apos;10.0&apos;, java.version: &apos;15.0.2&apos;&#10;Driver info: org.openqa.selenium.firefox.FirefoxDriver&#10;Command: [c55c92ea-39ca-4da0-9cdd-df6ab23fb5e5, findElement {value=MS016IN, using=id}]&#10;Capabilities {acceptInsecureCerts: true, browserName: firefox, browserVersion: 128.0, moz:accessibilityChecks: false, moz:buildID: 20240628091536, moz:debuggerAddress: 127.0.0.1:2102, moz:geckodriverVersion: 0.34.0, moz:headless: false, moz:platformVersion: 10.0, moz:processID: 19408, moz:profile: C:\Users\KAJALS~1\AppData\L..., moz:shutdownTimeout: 60000, moz:webdriverClick: true, moz:windowless: false, pageLoadStrategy: normal, platformName: windows, proxy: Proxy(), se:cdp: ws://127.0.0.1:2102/devtool..., se:cdpVersion: 85.0, setWindowRect: true, strictFileInteractability: false, timeouts: {implicit: 0, pageLoad: 300000, script: 30000}, unhandledPromptBehavior: dismiss and notify, userAgent: Mozilla/5.0 (Windows NT 10....}&#10;Session ID: c55c92ea-39ca-4da0-9cdd-df6ab23fb5e5"/>
    <system-out><![CDATA[ Test case started: verifyEligibleEarningPoints
]]></system-out>
  </testcase>
  <testcase name="verifyEligibleEarningPoints" classname="zapcg.Capillary.EarnPointPageTestCases.EarnPoint_Valid_TestCases" time="0">
    <skipped message="Unable to locate element: #MS016IN&#10;For documentation on this error, please visit: https://www.selenium.dev/documentation/webdriver/troubleshooting/errors#no-such-element-exception&#10;Build info: version: &apos;4.22.0&apos;, revision: &apos;c5f3146703*&apos;&#10;System info: os.name: &apos;Windows 10&apos;, os.arch: &apos;amd64&apos;, os.version: &apos;10.0&apos;, java.version: &apos;15.0.2&apos;&#10;Driver info: org.openqa.selenium.firefox.FirefoxDriver&#10;Command: [4503da74-b064-4a06-a9bd-c1b9bc440d96, findElement {value=MS016IN, using=id}]&#10;Capabilities {acceptInsecureCerts: true, browserName: firefox, browserVersion: 128.0, moz:accessibilityChecks: false, moz:buildID: 20240628091536, moz:debuggerAddress: 127.0.0.1:41321, moz:geckodriverVersion: 0.34.0, moz:headless: false, moz:platformVersion: 10.0, moz:processID: 28688, moz:profile: C:\Users\KAJALS~1\AppData\L..., moz:shutdownTimeout: 60000, moz:webdriverClick: true, moz:windowless: false, pageLoadStrategy: normal, platformName: windows, proxy: Proxy(), se:cdp: ws://127.0.0.1:41321/devtoo..., se:cdpVersion: 85.0, setWindowRect: true, strictFileInteractability: false, timeouts: {implicit: 0, pageLoad: 300000, script: 30000}, unhandledPromptBehavior: dismiss and notify, userAgent: Mozilla/5.0 (Windows NT 10....}&#10;Session ID: 4503da74-b064-4a06-a9bd-c1b9bc440d96"/>
    <system-out><![CDATA[ Test case started: verifyEligibleEarningPoints
]]></system-out>
  </testcase>
  <testcase name="verifySuccessMessageForOnlyTransactionAmount" classname="zapcg.Capillary.EarnPointPageTestCases.EarnPoint_Valid_TestCases" time="2.205">
    <system-out><![CDATA[The name of the testcase passed is : verifyHeaderOfMemberLookupScreen
Test execution completed on ChromeDriver with device: Tablet Portrait
 Test case started: verifySuccessMessageForOnlyTransactionAmount
Sumit button clicked successfully
Actual success message after Only transaction amount submitted :Akasaka Sawyer's transaction has been successfully submitted. They have earned 81 points.
Success message is displayed correctly.
]]></system-out>
  </testcase>
  <testcase name="verifySuccessMessageForOnlyTransactionAmount" classname="zapcg.Capillary.EarnPointPageTestCases.EarnPoint_Valid_TestCases" time="2.521">
    <system-out><![CDATA[The name of the testcase passed is : verifyHeaderOfMemberLookupScreen
Test execution completed on ChromeDriver with device: Tablet Landscape
 Test case started: verifySuccessMessageForOnlyTransactionAmount
Sumit button clicked successfully
Actual success message after Only transaction amount submitted :Akasaka Sawyer's transaction has been successfully submitted. They have earned 81 points.
Success message is displayed correctly.
]]></system-out>
  </testcase>
  <testcase name="verifySuccessMessageForOnlyTransactionAmount" classname="zapcg.Capillary.EarnPointPageTestCases.EarnPoint_Valid_TestCases" time="2.691">
    <system-out><![CDATA[The name of the testcase passed is : verifyHeaderOfMemberLookupScreen
Test execution completed on ChromeDriver with device: iPhone 11 Pro Portrait
 Test case started: verifySuccessMessageForOnlyTransactionAmount
Sumit button clicked successfully
Actual success message after Only transaction amount submitted :Akasaka Sawyer's transaction has been successfully submitted. They have earned 81 points.
Success message is displayed correctly.
]]></system-out>
  </testcase>
  <testcase name="verifySuccessMessageForOnlyTransactionAmount" classname="zapcg.Capillary.EarnPointPageTestCases.EarnPoint_Valid_TestCases" time="0">
    <skipped message="no such element: Unable to locate element: {&quot;method&quot;:&quot;css selector&quot;,&quot;selector&quot;:&quot;#MS016IN&quot;}&#10;  (Session info: chrome=126.0.6478.57)&#10;For documentation on this error, please visit: https://www.selenium.dev/documentation/webdriver/troubleshooting/errors#no-such-element-exception&#10;Build info: version: &apos;4.22.0&apos;, revision: &apos;c5f3146703*&apos;&#10;System info: os.name: &apos;Windows 10&apos;, os.arch: &apos;amd64&apos;, os.version: &apos;10.0&apos;, java.version: &apos;15.0.2&apos;&#10;Driver info: org.openqa.selenium.chrome.ChromeDriver&#10;Command: [7ecc2eb227f7f096dc03533e5818ad50, findElement {value=MS016IN, using=id}]&#10;Capabilities {acceptInsecureCerts: false, browserName: chrome, browserVersion: 126.0.6478.57, chrome: {chromedriverVersion: 126.0.6478.126 (d36ace6122e..., userDataDir: C:\Users\KAJALS~1\AppData\L...}, fedcm:accounts: true, goog:chromeOptions: {debuggerAddress: localhost:64536}, networkConnectionEnabled: false, pageLoadStrategy: normal, platformName: windows, proxy: Proxy(), se:cdp: ws://localhost:64536/devtoo..., se:cdpVersion: 126.0.6478.57, setWindowRect: true, strictFileInteractability: false, timeouts: {implicit: 0, pageLoad: 300000, script: 30000}, unhandledPromptBehavior: dismiss and notify, webauthn:extension:credBlob: true, webauthn:extension:largeBlob: true, webauthn:extension:minPinLength: true, webauthn:extension:prf: true, webauthn:virtualAuthenticators: true}&#10;Session ID: 7ecc2eb227f7f096dc03533e5818ad50"/>
    <system-out><![CDATA[ Test case started: verifySuccessMessageForOnlyTransactionAmount
]]></system-out>
  </testcase>
  <testcase name="verifySuccessMessageForOnlyTransactionAmount" classname="zapcg.Capillary.EarnPointPageTestCases.EarnPoint_Valid_TestCases" time="0">
    <skipped message="no such element: Unable to locate element: {&quot;method&quot;:&quot;css selector&quot;,&quot;selector&quot;:&quot;#MS016IN&quot;}&#10;  (Session info: chrome=126.0.6478.57)&#10;For documentation on this error, please visit: https://www.selenium.dev/documentation/webdriver/troubleshooting/errors#no-such-element-exception&#10;Build info: version: &apos;4.22.0&apos;, revision: &apos;c5f3146703*&apos;&#10;System info: os.name: &apos;Windows 10&apos;, os.arch: &apos;amd64&apos;, os.version: &apos;10.0&apos;, java.version: &apos;15.0.2&apos;&#10;Driver info: org.openqa.selenium.chrome.ChromeDriver&#10;Command: [1f56e95d6f707bd6649fad7f7b45f988, findElement {value=MS016IN, using=id}]&#10;Capabilities {acceptInsecureCerts: false, browserName: chrome, browserVersion: 126.0.6478.57, chrome: {chromedriverVersion: 126.0.6478.126 (d36ace6122e..., userDataDir: C:\Users\KAJALS~1\AppData\L...}, fedcm:accounts: true, goog:chromeOptions: {debuggerAddress: localhost:65121}, networkConnectionEnabled: false, pageLoadStrategy: normal, platformName: windows, proxy: Proxy(), se:cdp: ws://localhost:65121/devtoo..., se:cdpVersion: 126.0.6478.57, setWindowRect: true, strictFileInteractability: false, timeouts: {implicit: 0, pageLoad: 300000, script: 30000}, unhandledPromptBehavior: dismiss and notify, webauthn:extension:credBlob: true, webauthn:extension:largeBlob: true, webauthn:extension:minPinLength: true, webauthn:extension:prf: true, webauthn:virtualAuthenticators: true}&#10;Session ID: 1f56e95d6f707bd6649fad7f7b45f988"/>
    <system-out><![CDATA[ Test case started: verifySuccessMessageForOnlyTransactionAmount
]]></system-out>
  </testcase>
  <testcase name="verifySuccessMessageForOnlyTransactionAmount" classname="zapcg.Capillary.EarnPointPageTestCases.EarnPoint_Valid_TestCases" time="2.078">
    <system-out><![CDATA[The name of the testcase failed is : verifyHeaderOfMemberLookupScreen
Test execution completed on ChromeDriver with device: Galaxy S20 Landscape
 Test case started: verifySuccessMessageForOnlyTransactionAmount
Sumit button clicked successfully
Actual success message after Only transaction amount submitted :Akasaka Sawyer's transaction has been successfully submitted. They have earned 81 points.
Success message is displayed correctly.
]]></system-out>
  </testcase>
  <testcase name="verifySuccessMessageForOnlyTransactionAmount" classname="zapcg.Capillary.EarnPointPageTestCases.EarnPoint_Valid_TestCases" time="2.56">
    <system-out><![CDATA[The name of the testcase failed is : verifyHeaderOfMemberLookupScreen
Test execution completed on FirefoxDriver with device: Tablet Portrait
 Test case started: verifySuccessMessageForOnlyTransactionAmount
Sumit button clicked successfully
Actual success message after Only transaction amount submitted :Akasaka Sawyer's transaction has been successfully submitted. They have earned 81 points.
Success message is displayed correctly.
]]></system-out>
  </testcase>
  <testcase name="verifySuccessMessageForOnlyTransactionAmount" classname="zapcg.Capillary.EarnPointPageTestCases.EarnPoint_Valid_TestCases" time="0">
    <skipped message="Unable to locate element: #MS016IN&#10;For documentation on this error, please visit: https://www.selenium.dev/documentation/webdriver/troubleshooting/errors#no-such-element-exception&#10;Build info: version: &apos;4.22.0&apos;, revision: &apos;c5f3146703*&apos;&#10;System info: os.name: &apos;Windows 10&apos;, os.arch: &apos;amd64&apos;, os.version: &apos;10.0&apos;, java.version: &apos;15.0.2&apos;&#10;Driver info: org.openqa.selenium.firefox.FirefoxDriver&#10;Command: [0a977a7e-c72a-4f75-8b97-ea8e98741053, findElement {value=MS016IN, using=id}]&#10;Capabilities {acceptInsecureCerts: true, browserName: firefox, browserVersion: 128.0, moz:accessibilityChecks: false, moz:buildID: 20240628091536, moz:debuggerAddress: 127.0.0.1:41240, moz:geckodriverVersion: 0.34.0, moz:headless: false, moz:platformVersion: 10.0, moz:processID: 58116, moz:profile: C:\Users\KAJALS~1\AppData\L..., moz:shutdownTimeout: 60000, moz:webdriverClick: true, moz:windowless: false, pageLoadStrategy: normal, platformName: windows, proxy: Proxy(), se:cdp: ws://127.0.0.1:41240/devtoo..., se:cdpVersion: 85.0, setWindowRect: true, strictFileInteractability: false, timeouts: {implicit: 0, pageLoad: 300000, script: 30000}, unhandledPromptBehavior: dismiss and notify, userAgent: Mozilla/5.0 (Windows NT 10....}&#10;Session ID: 0a977a7e-c72a-4f75-8b97-ea8e98741053"/>
    <system-out><![CDATA[ Test case started: verifySuccessMessageForOnlyTransactionAmount
]]></system-out>
  </testcase>
  <testcase name="verifySuccessMessageForOnlyTransactionAmount" classname="zapcg.Capillary.EarnPointPageTestCases.EarnPoint_Valid_TestCases" time="0">
    <skipped message="Unable to locate element: #MS016IN&#10;For documentation on this error, please visit: https://www.selenium.dev/documentation/webdriver/troubleshooting/errors#no-such-element-exception&#10;Build info: version: &apos;4.22.0&apos;, revision: &apos;c5f3146703*&apos;&#10;System info: os.name: &apos;Windows 10&apos;, os.arch: &apos;amd64&apos;, os.version: &apos;10.0&apos;, java.version: &apos;15.0.2&apos;&#10;Driver info: org.openqa.selenium.firefox.FirefoxDriver&#10;Command: [58917e30-005a-4e0a-9646-9ba182850487, findElement {value=MS016IN, using=id}]&#10;Capabilities {acceptInsecureCerts: true, browserName: firefox, browserVersion: 128.0, moz:accessibilityChecks: false, moz:buildID: 20240628091536, moz:debuggerAddress: 127.0.0.1:24998, moz:geckodriverVersion: 0.34.0, moz:headless: false, moz:platformVersion: 10.0, moz:processID: 58832, moz:profile: C:\Users\KAJALS~1\AppData\L..., moz:shutdownTimeout: 60000, moz:webdriverClick: true, moz:windowless: false, pageLoadStrategy: normal, platformName: windows, proxy: Proxy(), se:cdp: ws://127.0.0.1:24998/devtoo..., se:cdpVersion: 85.0, setWindowRect: true, strictFileInteractability: false, timeouts: {implicit: 0, pageLoad: 300000, script: 30000}, unhandledPromptBehavior: dismiss and notify, userAgent: Mozilla/5.0 (Windows NT 10....}&#10;Session ID: 58917e30-005a-4e0a-9646-9ba182850487"/>
    <system-out><![CDATA[ Test case started: verifySuccessMessageForOnlyTransactionAmount
]]></system-out>
  </testcase>
  <testcase name="verifySuccessMessageForOnlyTransactionAmount" classname="zapcg.Capillary.EarnPointPageTestCases.EarnPoint_Valid_TestCases" time="0">
    <skipped message="Unable to locate element: #MS016IN&#10;For documentation on this error, please visit: https://www.selenium.dev/documentation/webdriver/troubleshooting/errors#no-such-element-exception&#10;Build info: version: &apos;4.22.0&apos;, revision: &apos;c5f3146703*&apos;&#10;System info: os.name: &apos;Windows 10&apos;, os.arch: &apos;amd64&apos;, os.version: &apos;10.0&apos;, java.version: &apos;15.0.2&apos;&#10;Driver info: org.openqa.selenium.firefox.FirefoxDriver&#10;Command: [6695fe23-675b-4da8-b878-ddaf312e2452, findElement {value=MS016IN, using=id}]&#10;Capabilities {acceptInsecureCerts: true, browserName: firefox, browserVersion: 128.0, moz:accessibilityChecks: false, moz:buildID: 20240628091536, moz:debuggerAddress: 127.0.0.1:22100, moz:geckodriverVersion: 0.34.0, moz:headless: false, moz:platformVersion: 10.0, moz:processID: 24856, moz:profile: C:\Users\KAJALS~1\AppData\L..., moz:shutdownTimeout: 60000, moz:webdriverClick: true, moz:windowless: false, pageLoadStrategy: normal, platformName: windows, proxy: Proxy(), se:cdp: ws://127.0.0.1:22100/devtoo..., se:cdpVersion: 85.0, setWindowRect: true, strictFileInteractability: false, timeouts: {implicit: 0, pageLoad: 300000, script: 30000}, unhandledPromptBehavior: dismiss and notify, userAgent: Mozilla/5.0 (Windows NT 10....}&#10;Session ID: 6695fe23-675b-4da8-b878-ddaf312e2452"/>
    <system-out><![CDATA[ Test case started: verifySuccessMessageForOnlyTransactionAmount
]]></system-out>
  </testcase>
  <testcase name="verifySuccessMessageForOnlyTransactionAmount" classname="zapcg.Capillary.EarnPointPageTestCases.EarnPoint_Valid_TestCases" time="0">
    <skipped message="Unable to locate element: #MS016IN&#10;For documentation on this error, please visit: https://www.selenium.dev/documentation/webdriver/troubleshooting/errors#no-such-element-exception&#10;Build info: version: &apos;4.22.0&apos;, revision: &apos;c5f3146703*&apos;&#10;System info: os.name: &apos;Windows 10&apos;, os.arch: &apos;amd64&apos;, os.version: &apos;10.0&apos;, java.version: &apos;15.0.2&apos;&#10;Driver info: org.openqa.selenium.firefox.FirefoxDriver&#10;Command: [c55c92ea-39ca-4da0-9cdd-df6ab23fb5e5, findElement {value=MS016IN, using=id}]&#10;Capabilities {acceptInsecureCerts: true, browserName: firefox, browserVersion: 128.0, moz:accessibilityChecks: false, moz:buildID: 20240628091536, moz:debuggerAddress: 127.0.0.1:2102, moz:geckodriverVersion: 0.34.0, moz:headless: false, moz:platformVersion: 10.0, moz:processID: 19408, moz:profile: C:\Users\KAJALS~1\AppData\L..., moz:shutdownTimeout: 60000, moz:webdriverClick: true, moz:windowless: false, pageLoadStrategy: normal, platformName: windows, proxy: Proxy(), se:cdp: ws://127.0.0.1:2102/devtool..., se:cdpVersion: 85.0, setWindowRect: true, strictFileInteractability: false, timeouts: {implicit: 0, pageLoad: 300000, script: 30000}, unhandledPromptBehavior: dismiss and notify, userAgent: Mozilla/5.0 (Windows NT 10....}&#10;Session ID: c55c92ea-39ca-4da0-9cdd-df6ab23fb5e5"/>
    <system-out><![CDATA[ Test case started: verifySuccessMessageForOnlyTransactionAmount
]]></system-out>
  </testcase>
  <testcase name="verifySuccessMessageForOnlyTransactionAmount" classname="zapcg.Capillary.EarnPointPageTestCases.EarnPoint_Valid_TestCases" time="0">
    <skipped message="Unable to locate element: #MS016IN&#10;For documentation on this error, please visit: https://www.selenium.dev/documentation/webdriver/troubleshooting/errors#no-such-element-exception&#10;Build info: version: &apos;4.22.0&apos;, revision: &apos;c5f3146703*&apos;&#10;System info: os.name: &apos;Windows 10&apos;, os.arch: &apos;amd64&apos;, os.version: &apos;10.0&apos;, java.version: &apos;15.0.2&apos;&#10;Driver info: org.openqa.selenium.firefox.FirefoxDriver&#10;Command: [4503da74-b064-4a06-a9bd-c1b9bc440d96, findElement {value=MS016IN, using=id}]&#10;Capabilities {acceptInsecureCerts: true, browserName: firefox, browserVersion: 128.0, moz:accessibilityChecks: false, moz:buildID: 20240628091536, moz:debuggerAddress: 127.0.0.1:41321, moz:geckodriverVersion: 0.34.0, moz:headless: false, moz:platformVersion: 10.0, moz:processID: 28688, moz:profile: C:\Users\KAJALS~1\AppData\L..., moz:shutdownTimeout: 60000, moz:webdriverClick: true, moz:windowless: false, pageLoadStrategy: normal, platformName: windows, proxy: Proxy(), se:cdp: ws://127.0.0.1:41321/devtoo..., se:cdpVersion: 85.0, setWindowRect: true, strictFileInteractability: false, timeouts: {implicit: 0, pageLoad: 300000, script: 30000}, unhandledPromptBehavior: dismiss and notify, userAgent: Mozilla/5.0 (Windows NT 10....}&#10;Session ID: 4503da74-b064-4a06-a9bd-c1b9bc440d96"/>
    <system-out><![CDATA[ Test case started: verifySuccessMessageForOnlyTransactionAmount
]]></system-out>
  </testcase>
  <testcase name="verifySuccessMessageForRedeemPoint" classname="zapcg.Capillary.EarnPointPageTestCases.EarnPoint_Valid_TestCases" time="60.627">
    <failure message="An error occurred while verifying the success message: Expected condition failed: waiting for visibility of Proxy element for: DefaultElementLocator &apos;By.xpath: //p[@id=&apos;EPMDLMSG&apos; and contains(text(), &apos;transaction has been successfully submitted. They have earned 35 points and have spent 1 points.&apos;)]&apos; (tried for 10 second(s) with 500 milliseconds interval)" type="java.lang.AssertionError"><![CDATA[java.lang.AssertionError: An error occurred while verifying the success message: Expected condition failed: waiting for visibility of Proxy element for: DefaultElementLocator 'By.xpath: //p[@id='EPMDLMSG' and contains(text(), 'transaction has been successfully submitted. They have earned 35 points and have spent 1 points.')]' (tried for 10 second(s) with 500 milliseconds interval)
	at zapcg.Capillary.EarnPointPageTestCases.EarnPoint_Valid_TestCases.verifySuccessMessageForRedeemPoint(EarnPoint_Valid_TestCases.java:232)
]]></failure>
    <system-out><![CDATA[The name of the testcase passed is : verifySuccessMessageForOnlyTransactionAmount
Test execution completed on ChromeDriver with device: Tablet Portrait
 Test case started: verifySuccessMessageForRedeemPoint
Sumit button clicked successfully
An error occurred while verifying the success message: Expected condition failed: waiting for visibility of Proxy element for: DefaultElementLocator 'By.xpath: //p[@id='EPMDLMSG' and contains(text(), 'transaction has been successfully submitted. They have earned 35 points and have spent 1 points.')]' (tried for 10 second(s) with 500 milliseconds interval)
]]></system-out>
  </testcase>
  <testcase name="verifySuccessMessageForRedeemPoint" classname="zapcg.Capillary.EarnPointPageTestCases.EarnPoint_Valid_TestCases" time="60.582">
    <failure message="An error occurred while verifying the success message: Expected condition failed: waiting for visibility of Proxy element for: DefaultElementLocator &apos;By.xpath: //p[@id=&apos;EPMDLMSG&apos; and contains(text(), &apos;transaction has been successfully submitted. They have earned 35 points and have spent 1 points.&apos;)]&apos; (tried for 10 second(s) with 500 milliseconds interval)" type="java.lang.AssertionError"><![CDATA[java.lang.AssertionError: An error occurred while verifying the success message: Expected condition failed: waiting for visibility of Proxy element for: DefaultElementLocator 'By.xpath: //p[@id='EPMDLMSG' and contains(text(), 'transaction has been successfully submitted. They have earned 35 points and have spent 1 points.')]' (tried for 10 second(s) with 500 milliseconds interval)
	at zapcg.Capillary.EarnPointPageTestCases.EarnPoint_Valid_TestCases.verifySuccessMessageForRedeemPoint(EarnPoint_Valid_TestCases.java:232)
]]></failure>
    <system-out><![CDATA[The name of the testcase passed is : verifySuccessMessageForOnlyTransactionAmount
Test execution completed on ChromeDriver with device: Tablet Landscape
 Test case started: verifySuccessMessageForRedeemPoint
Sumit button clicked successfully
An error occurred while verifying the success message: Expected condition failed: waiting for visibility of Proxy element for: DefaultElementLocator 'By.xpath: //p[@id='EPMDLMSG' and contains(text(), 'transaction has been successfully submitted. They have earned 35 points and have spent 1 points.')]' (tried for 10 second(s) with 500 milliseconds interval)
]]></system-out>
  </testcase>
  <testcase name="verifySuccessMessageForRedeemPoint" classname="zapcg.Capillary.EarnPointPageTestCases.EarnPoint_Valid_TestCases" time="60.499">
    <failure message="An error occurred while verifying the success message: Expected condition failed: waiting for visibility of Proxy element for: DefaultElementLocator &apos;By.xpath: //p[@id=&apos;EPMDLMSG&apos; and contains(text(), &apos;transaction has been successfully submitted. They have earned 35 points and have spent 1 points.&apos;)]&apos; (tried for 10 second(s) with 500 milliseconds interval)" type="java.lang.AssertionError"><![CDATA[java.lang.AssertionError: An error occurred while verifying the success message: Expected condition failed: waiting for visibility of Proxy element for: DefaultElementLocator 'By.xpath: //p[@id='EPMDLMSG' and contains(text(), 'transaction has been successfully submitted. They have earned 35 points and have spent 1 points.')]' (tried for 10 second(s) with 500 milliseconds interval)
	at zapcg.Capillary.EarnPointPageTestCases.EarnPoint_Valid_TestCases.verifySuccessMessageForRedeemPoint(EarnPoint_Valid_TestCases.java:232)
]]></failure>
    <system-out><![CDATA[The name of the testcase passed is : verifySuccessMessageForOnlyTransactionAmount
Test execution completed on ChromeDriver with device: iPhone 11 Pro Portrait
 Test case started: verifySuccessMessageForRedeemPoint
Sumit button clicked successfully
An error occurred while verifying the success message: Expected condition failed: waiting for visibility of Proxy element for: DefaultElementLocator 'By.xpath: //p[@id='EPMDLMSG' and contains(text(), 'transaction has been successfully submitted. They have earned 35 points and have spent 1 points.')]' (tried for 10 second(s) with 500 milliseconds interval)
]]></system-out>
  </testcase>
  <testcase name="verifySuccessMessageForRedeemPoint" classname="zapcg.Capillary.EarnPointPageTestCases.EarnPoint_Valid_TestCases" time="0">
    <skipped message="no such element: Unable to locate element: {&quot;method&quot;:&quot;css selector&quot;,&quot;selector&quot;:&quot;#MS016IN&quot;}&#10;  (Session info: chrome=126.0.6478.57)&#10;For documentation on this error, please visit: https://www.selenium.dev/documentation/webdriver/troubleshooting/errors#no-such-element-exception&#10;Build info: version: &apos;4.22.0&apos;, revision: &apos;c5f3146703*&apos;&#10;System info: os.name: &apos;Windows 10&apos;, os.arch: &apos;amd64&apos;, os.version: &apos;10.0&apos;, java.version: &apos;15.0.2&apos;&#10;Driver info: org.openqa.selenium.chrome.ChromeDriver&#10;Command: [7ecc2eb227f7f096dc03533e5818ad50, findElement {value=MS016IN, using=id}]&#10;Capabilities {acceptInsecureCerts: false, browserName: chrome, browserVersion: 126.0.6478.57, chrome: {chromedriverVersion: 126.0.6478.126 (d36ace6122e..., userDataDir: C:\Users\KAJALS~1\AppData\L...}, fedcm:accounts: true, goog:chromeOptions: {debuggerAddress: localhost:64536}, networkConnectionEnabled: false, pageLoadStrategy: normal, platformName: windows, proxy: Proxy(), se:cdp: ws://localhost:64536/devtoo..., se:cdpVersion: 126.0.6478.57, setWindowRect: true, strictFileInteractability: false, timeouts: {implicit: 0, pageLoad: 300000, script: 30000}, unhandledPromptBehavior: dismiss and notify, webauthn:extension:credBlob: true, webauthn:extension:largeBlob: true, webauthn:extension:minPinLength: true, webauthn:extension:prf: true, webauthn:virtualAuthenticators: true}&#10;Session ID: 7ecc2eb227f7f096dc03533e5818ad50"/>
    <system-out><![CDATA[ Test case started: verifySuccessMessageForRedeemPoint
]]></system-out>
  </testcase>
  <testcase name="verifySuccessMessageForRedeemPoint" classname="zapcg.Capillary.EarnPointPageTestCases.EarnPoint_Valid_TestCases" time="0">
    <skipped message="no such element: Unable to locate element: {&quot;method&quot;:&quot;css selector&quot;,&quot;selector&quot;:&quot;#MS016IN&quot;}&#10;  (Session info: chrome=126.0.6478.57)&#10;For documentation on this error, please visit: https://www.selenium.dev/documentation/webdriver/troubleshooting/errors#no-such-element-exception&#10;Build info: version: &apos;4.22.0&apos;, revision: &apos;c5f3146703*&apos;&#10;System info: os.name: &apos;Windows 10&apos;, os.arch: &apos;amd64&apos;, os.version: &apos;10.0&apos;, java.version: &apos;15.0.2&apos;&#10;Driver info: org.openqa.selenium.chrome.ChromeDriver&#10;Command: [1f56e95d6f707bd6649fad7f7b45f988, findElement {value=MS016IN, using=id}]&#10;Capabilities {acceptInsecureCerts: false, browserName: chrome, browserVersion: 126.0.6478.57, chrome: {chromedriverVersion: 126.0.6478.126 (d36ace6122e..., userDataDir: C:\Users\KAJALS~1\AppData\L...}, fedcm:accounts: true, goog:chromeOptions: {debuggerAddress: localhost:65121}, networkConnectionEnabled: false, pageLoadStrategy: normal, platformName: windows, proxy: Proxy(), se:cdp: ws://localhost:65121/devtoo..., se:cdpVersion: 126.0.6478.57, setWindowRect: true, strictFileInteractability: false, timeouts: {implicit: 0, pageLoad: 300000, script: 30000}, unhandledPromptBehavior: dismiss and notify, webauthn:extension:credBlob: true, webauthn:extension:largeBlob: true, webauthn:extension:minPinLength: true, webauthn:extension:prf: true, webauthn:virtualAuthenticators: true}&#10;Session ID: 1f56e95d6f707bd6649fad7f7b45f988"/>
    <system-out><![CDATA[ Test case started: verifySuccessMessageForRedeemPoint
]]></system-out>
  </testcase>
  <testcase name="verifySuccessMessageForRedeemPoint" classname="zapcg.Capillary.EarnPointPageTestCases.EarnPoint_Valid_TestCases" time="60.601">
    <failure message="An error occurred while verifying the success message: Expected condition failed: waiting for visibility of Proxy element for: DefaultElementLocator &apos;By.xpath: //p[@id=&apos;EPMDLMSG&apos; and contains(text(), &apos;transaction has been successfully submitted. They have earned 35 points and have spent 1 points.&apos;)]&apos; (tried for 10 second(s) with 500 milliseconds interval)" type="java.lang.AssertionError"><![CDATA[java.lang.AssertionError: An error occurred while verifying the success message: Expected condition failed: waiting for visibility of Proxy element for: DefaultElementLocator 'By.xpath: //p[@id='EPMDLMSG' and contains(text(), 'transaction has been successfully submitted. They have earned 35 points and have spent 1 points.')]' (tried for 10 second(s) with 500 milliseconds interval)
	at zapcg.Capillary.EarnPointPageTestCases.EarnPoint_Valid_TestCases.verifySuccessMessageForRedeemPoint(EarnPoint_Valid_TestCases.java:232)
]]></failure>
    <system-out><![CDATA[The name of the testcase passed is : verifySuccessMessageForOnlyTransactionAmount
Test execution completed on ChromeDriver with device: Galaxy S20 Landscape
 Test case started: verifySuccessMessageForRedeemPoint
Sumit button clicked successfully
An error occurred while verifying the success message: Expected condition failed: waiting for visibility of Proxy element for: DefaultElementLocator 'By.xpath: //p[@id='EPMDLMSG' and contains(text(), 'transaction has been successfully submitted. They have earned 35 points and have spent 1 points.')]' (tried for 10 second(s) with 500 milliseconds interval)
]]></system-out>
  </testcase>
  <testcase name="verifySuccessMessageForRedeemPoint" classname="zapcg.Capillary.EarnPointPageTestCases.EarnPoint_Valid_TestCases" time="60.491">
    <failure message="An error occurred while verifying the success message: Expected condition failed: waiting for visibility of Proxy element for: DefaultElementLocator &apos;By.xpath: //p[@id=&apos;EPMDLMSG&apos; and contains(text(), &apos;transaction has been successfully submitted. They have earned 35 points and have spent 1 points.&apos;)]&apos; (tried for 10 second(s) with 500 milliseconds interval)" type="java.lang.AssertionError"><![CDATA[java.lang.AssertionError: An error occurred while verifying the success message: Expected condition failed: waiting for visibility of Proxy element for: DefaultElementLocator 'By.xpath: //p[@id='EPMDLMSG' and contains(text(), 'transaction has been successfully submitted. They have earned 35 points and have spent 1 points.')]' (tried for 10 second(s) with 500 milliseconds interval)
	at zapcg.Capillary.EarnPointPageTestCases.EarnPoint_Valid_TestCases.verifySuccessMessageForRedeemPoint(EarnPoint_Valid_TestCases.java:232)
]]></failure>
    <system-out><![CDATA[The name of the testcase passed is : verifySuccessMessageForOnlyTransactionAmount
Test execution completed on FirefoxDriver with device: Tablet Portrait
 Test case started: verifySuccessMessageForRedeemPoint
Sumit button clicked successfully
An error occurred while verifying the success message: Expected condition failed: waiting for visibility of Proxy element for: DefaultElementLocator 'By.xpath: //p[@id='EPMDLMSG' and contains(text(), 'transaction has been successfully submitted. They have earned 35 points and have spent 1 points.')]' (tried for 10 second(s) with 500 milliseconds interval)
]]></system-out>
  </testcase>
  <testcase name="verifySuccessMessageForRedeemPoint" classname="zapcg.Capillary.EarnPointPageTestCases.EarnPoint_Valid_TestCases" time="0">
    <skipped message="Unable to locate element: #MS016IN&#10;For documentation on this error, please visit: https://www.selenium.dev/documentation/webdriver/troubleshooting/errors#no-such-element-exception&#10;Build info: version: &apos;4.22.0&apos;, revision: &apos;c5f3146703*&apos;&#10;System info: os.name: &apos;Windows 10&apos;, os.arch: &apos;amd64&apos;, os.version: &apos;10.0&apos;, java.version: &apos;15.0.2&apos;&#10;Driver info: org.openqa.selenium.firefox.FirefoxDriver&#10;Command: [0a977a7e-c72a-4f75-8b97-ea8e98741053, findElement {value=MS016IN, using=id}]&#10;Capabilities {acceptInsecureCerts: true, browserName: firefox, browserVersion: 128.0, moz:accessibilityChecks: false, moz:buildID: 20240628091536, moz:debuggerAddress: 127.0.0.1:41240, moz:geckodriverVersion: 0.34.0, moz:headless: false, moz:platformVersion: 10.0, moz:processID: 58116, moz:profile: C:\Users\KAJALS~1\AppData\L..., moz:shutdownTimeout: 60000, moz:webdriverClick: true, moz:windowless: false, pageLoadStrategy: normal, platformName: windows, proxy: Proxy(), se:cdp: ws://127.0.0.1:41240/devtoo..., se:cdpVersion: 85.0, setWindowRect: true, strictFileInteractability: false, timeouts: {implicit: 0, pageLoad: 300000, script: 30000}, unhandledPromptBehavior: dismiss and notify, userAgent: Mozilla/5.0 (Windows NT 10....}&#10;Session ID: 0a977a7e-c72a-4f75-8b97-ea8e98741053"/>
    <system-out><![CDATA[ Test case started: verifySuccessMessageForRedeemPoint
]]></system-out>
  </testcase>
  <testcase name="verifySuccessMessageForRedeemPoint" classname="zapcg.Capillary.EarnPointPageTestCases.EarnPoint_Valid_TestCases" time="0">
    <skipped message="Unable to locate element: #MS016IN&#10;For documentation on this error, please visit: https://www.selenium.dev/documentation/webdriver/troubleshooting/errors#no-such-element-exception&#10;Build info: version: &apos;4.22.0&apos;, revision: &apos;c5f3146703*&apos;&#10;System info: os.name: &apos;Windows 10&apos;, os.arch: &apos;amd64&apos;, os.version: &apos;10.0&apos;, java.version: &apos;15.0.2&apos;&#10;Driver info: org.openqa.selenium.firefox.FirefoxDriver&#10;Command: [58917e30-005a-4e0a-9646-9ba182850487, findElement {value=MS016IN, using=id}]&#10;Capabilities {acceptInsecureCerts: true, browserName: firefox, browserVersion: 128.0, moz:accessibilityChecks: false, moz:buildID: 20240628091536, moz:debuggerAddress: 127.0.0.1:24998, moz:geckodriverVersion: 0.34.0, moz:headless: false, moz:platformVersion: 10.0, moz:processID: 58832, moz:profile: C:\Users\KAJALS~1\AppData\L..., moz:shutdownTimeout: 60000, moz:webdriverClick: true, moz:windowless: false, pageLoadStrategy: normal, platformName: windows, proxy: Proxy(), se:cdp: ws://127.0.0.1:24998/devtoo..., se:cdpVersion: 85.0, setWindowRect: true, strictFileInteractability: false, timeouts: {implicit: 0, pageLoad: 300000, script: 30000}, unhandledPromptBehavior: dismiss and notify, userAgent: Mozilla/5.0 (Windows NT 10....}&#10;Session ID: 58917e30-005a-4e0a-9646-9ba182850487"/>
    <system-out><![CDATA[ Test case started: verifySuccessMessageForRedeemPoint
]]></system-out>
  </testcase>
  <testcase name="verifySuccessMessageForRedeemPoint" classname="zapcg.Capillary.EarnPointPageTestCases.EarnPoint_Valid_TestCases" time="0">
    <skipped message="Unable to locate element: #MS016IN&#10;For documentation on this error, please visit: https://www.selenium.dev/documentation/webdriver/troubleshooting/errors#no-such-element-exception&#10;Build info: version: &apos;4.22.0&apos;, revision: &apos;c5f3146703*&apos;&#10;System info: os.name: &apos;Windows 10&apos;, os.arch: &apos;amd64&apos;, os.version: &apos;10.0&apos;, java.version: &apos;15.0.2&apos;&#10;Driver info: org.openqa.selenium.firefox.FirefoxDriver&#10;Command: [6695fe23-675b-4da8-b878-ddaf312e2452, findElement {value=MS016IN, using=id}]&#10;Capabilities {acceptInsecureCerts: true, browserName: firefox, browserVersion: 128.0, moz:accessibilityChecks: false, moz:buildID: 20240628091536, moz:debuggerAddress: 127.0.0.1:22100, moz:geckodriverVersion: 0.34.0, moz:headless: false, moz:platformVersion: 10.0, moz:processID: 24856, moz:profile: C:\Users\KAJALS~1\AppData\L..., moz:shutdownTimeout: 60000, moz:webdriverClick: true, moz:windowless: false, pageLoadStrategy: normal, platformName: windows, proxy: Proxy(), se:cdp: ws://127.0.0.1:22100/devtoo..., se:cdpVersion: 85.0, setWindowRect: true, strictFileInteractability: false, timeouts: {implicit: 0, pageLoad: 300000, script: 30000}, unhandledPromptBehavior: dismiss and notify, userAgent: Mozilla/5.0 (Windows NT 10....}&#10;Session ID: 6695fe23-675b-4da8-b878-ddaf312e2452"/>
    <system-out><![CDATA[ Test case started: verifySuccessMessageForRedeemPoint
]]></system-out>
  </testcase>
  <testcase name="verifySuccessMessageForRedeemPoint" classname="zapcg.Capillary.EarnPointPageTestCases.EarnPoint_Valid_TestCases" time="0">
    <skipped message="Unable to locate element: #MS016IN&#10;For documentation on this error, please visit: https://www.selenium.dev/documentation/webdriver/troubleshooting/errors#no-such-element-exception&#10;Build info: version: &apos;4.22.0&apos;, revision: &apos;c5f3146703*&apos;&#10;System info: os.name: &apos;Windows 10&apos;, os.arch: &apos;amd64&apos;, os.version: &apos;10.0&apos;, java.version: &apos;15.0.2&apos;&#10;Driver info: org.openqa.selenium.firefox.FirefoxDriver&#10;Command: [c55c92ea-39ca-4da0-9cdd-df6ab23fb5e5, findElement {value=MS016IN, using=id}]&#10;Capabilities {acceptInsecureCerts: true, browserName: firefox, browserVersion: 128.0, moz:accessibilityChecks: false, moz:buildID: 20240628091536, moz:debuggerAddress: 127.0.0.1:2102, moz:geckodriverVersion: 0.34.0, moz:headless: false, moz:platformVersion: 10.0, moz:processID: 19408, moz:profile: C:\Users\KAJALS~1\AppData\L..., moz:shutdownTimeout: 60000, moz:webdriverClick: true, moz:windowless: false, pageLoadStrategy: normal, platformName: windows, proxy: Proxy(), se:cdp: ws://127.0.0.1:2102/devtool..., se:cdpVersion: 85.0, setWindowRect: true, strictFileInteractability: false, timeouts: {implicit: 0, pageLoad: 300000, script: 30000}, unhandledPromptBehavior: dismiss and notify, userAgent: Mozilla/5.0 (Windows NT 10....}&#10;Session ID: c55c92ea-39ca-4da0-9cdd-df6ab23fb5e5"/>
    <system-out><![CDATA[ Test case started: verifySuccessMessageForRedeemPoint
]]></system-out>
  </testcase>
  <testcase name="verifySuccessMessageForRedeemPoint" classname="zapcg.Capillary.EarnPointPageTestCases.EarnPoint_Valid_TestCases" time="0">
    <skipped message="Unable to locate element: #MS016IN&#10;For documentation on this error, please visit: https://www.selenium.dev/documentation/webdriver/troubleshooting/errors#no-such-element-exception&#10;Build info: version: &apos;4.22.0&apos;, revision: &apos;c5f3146703*&apos;&#10;System info: os.name: &apos;Windows 10&apos;, os.arch: &apos;amd64&apos;, os.version: &apos;10.0&apos;, java.version: &apos;15.0.2&apos;&#10;Driver info: org.openqa.selenium.firefox.FirefoxDriver&#10;Command: [4503da74-b064-4a06-a9bd-c1b9bc440d96, findElement {value=MS016IN, using=id}]&#10;Capabilities {acceptInsecureCerts: true, browserName: firefox, browserVersion: 128.0, moz:accessibilityChecks: false, moz:buildID: 20240628091536, moz:debuggerAddress: 127.0.0.1:41321, moz:geckodriverVersion: 0.34.0, moz:headless: false, moz:platformVersion: 10.0, moz:processID: 28688, moz:profile: C:\Users\KAJALS~1\AppData\L..., moz:shutdownTimeout: 60000, moz:webdriverClick: true, moz:windowless: false, pageLoadStrategy: normal, platformName: windows, proxy: Proxy(), se:cdp: ws://127.0.0.1:41321/devtoo..., se:cdpVersion: 85.0, setWindowRect: true, strictFileInteractability: false, timeouts: {implicit: 0, pageLoad: 300000, script: 30000}, unhandledPromptBehavior: dismiss and notify, userAgent: Mozilla/5.0 (Windows NT 10....}&#10;Session ID: 4503da74-b064-4a06-a9bd-c1b9bc440d96"/>
    <system-out><![CDATA[ Test case started: verifySuccessMessageForRedeemPoint
]]></system-out>
  </testcase>
  <testcase name="verifyExceedThresoldSuccessMessage" classname="zapcg.Capillary.EarnPointPageTestCases.EarnPoint_Valid_TestCases" time="2.614">
    <failure message="Cannot invoke &quot;org.openqa.selenium.SearchContext.findElement(org.openqa.selenium.By)&quot; because &quot;this.searchContext&quot; is null" type="java.lang.NullPointerException"><![CDATA[java.lang.NullPointerException: Cannot invoke "org.openqa.selenium.SearchContext.findElement(org.openqa.selenium.By)" because "this.searchContext" is null
	at zapcg.Capillary.EarnPointPageTestCases.EarnPoint_Valid_TestCases.verifyExceedThresoldSuccessMessage(EarnPoint_Valid_TestCases.java:288)
]]></failure>
    <system-out><![CDATA[The name of the testcase passed is : burgerIconMemberLookupNavigation
Test execution completed on ChromeDriver with device: Tablet Portrait
 Test case started: verifyExceedThresoldSuccessMessage
Sumit button clicked successfully
]]></system-out>
  </testcase>
  <testcase name="verifyExceedThresoldSuccessMessage" classname="zapcg.Capillary.EarnPointPageTestCases.EarnPoint_Valid_TestCases" time="2.635">
    <failure message="Cannot invoke &quot;org.openqa.selenium.SearchContext.findElement(org.openqa.selenium.By)&quot; because &quot;this.searchContext&quot; is null" type="java.lang.NullPointerException"><![CDATA[java.lang.NullPointerException: Cannot invoke "org.openqa.selenium.SearchContext.findElement(org.openqa.selenium.By)" because "this.searchContext" is null
	at zapcg.Capillary.EarnPointPageTestCases.EarnPoint_Valid_TestCases.verifyExceedThresoldSuccessMessage(EarnPoint_Valid_TestCases.java:288)
]]></failure>
    <system-out><![CDATA[The name of the testcase passed is : burgerIconMemberLookupNavigation
Test execution completed on ChromeDriver with device: Tablet Landscape
 Test case started: verifyExceedThresoldSuccessMessage
Sumit button clicked successfully
]]></system-out>
  </testcase>
  <testcase name="verifyExceedThresoldSuccessMessage" classname="zapcg.Capillary.EarnPointPageTestCases.EarnPoint_Valid_TestCases" time="2.336">
    <failure message="Cannot invoke &quot;org.openqa.selenium.SearchContext.findElement(org.openqa.selenium.By)&quot; because &quot;this.searchContext&quot; is null" type="java.lang.NullPointerException"><![CDATA[java.lang.NullPointerException: Cannot invoke "org.openqa.selenium.SearchContext.findElement(org.openqa.selenium.By)" because "this.searchContext" is null
	at zapcg.Capillary.EarnPointPageTestCases.EarnPoint_Valid_TestCases.verifyExceedThresoldSuccessMessage(EarnPoint_Valid_TestCases.java:288)
]]></failure>
    <system-out><![CDATA[The name of the testcase passed is : burgerIconMemberLookupNavigation
Test execution completed on ChromeDriver with device: iPhone 11 Pro Portrait
 Test case started: verifyExceedThresoldSuccessMessage
Sumit button clicked successfully
]]></system-out>
  </testcase>
  <testcase name="verifyExceedThresoldSuccessMessage" classname="zapcg.Capillary.EarnPointPageTestCases.EarnPoint_Valid_TestCases" time="0">
    <skipped message="no such element: Unable to locate element: {&quot;method&quot;:&quot;css selector&quot;,&quot;selector&quot;:&quot;#MS016IN&quot;}&#10;  (Session info: chrome=126.0.6478.57)&#10;For documentation on this error, please visit: https://www.selenium.dev/documentation/webdriver/troubleshooting/errors#no-such-element-exception&#10;Build info: version: &apos;4.22.0&apos;, revision: &apos;c5f3146703*&apos;&#10;System info: os.name: &apos;Windows 10&apos;, os.arch: &apos;amd64&apos;, os.version: &apos;10.0&apos;, java.version: &apos;15.0.2&apos;&#10;Driver info: org.openqa.selenium.chrome.ChromeDriver&#10;Command: [7ecc2eb227f7f096dc03533e5818ad50, findElement {value=MS016IN, using=id}]&#10;Capabilities {acceptInsecureCerts: false, browserName: chrome, browserVersion: 126.0.6478.57, chrome: {chromedriverVersion: 126.0.6478.126 (d36ace6122e..., userDataDir: C:\Users\KAJALS~1\AppData\L...}, fedcm:accounts: true, goog:chromeOptions: {debuggerAddress: localhost:64536}, networkConnectionEnabled: false, pageLoadStrategy: normal, platformName: windows, proxy: Proxy(), se:cdp: ws://localhost:64536/devtoo..., se:cdpVersion: 126.0.6478.57, setWindowRect: true, strictFileInteractability: false, timeouts: {implicit: 0, pageLoad: 300000, script: 30000}, unhandledPromptBehavior: dismiss and notify, webauthn:extension:credBlob: true, webauthn:extension:largeBlob: true, webauthn:extension:minPinLength: true, webauthn:extension:prf: true, webauthn:virtualAuthenticators: true}&#10;Session ID: 7ecc2eb227f7f096dc03533e5818ad50"/>
    <system-out><![CDATA[ Test case started: verifyExceedThresoldSuccessMessage
]]></system-out>
  </testcase>
  <testcase name="verifyExceedThresoldSuccessMessage" classname="zapcg.Capillary.EarnPointPageTestCases.EarnPoint_Valid_TestCases" time="0">
    <skipped message="no such element: Unable to locate element: {&quot;method&quot;:&quot;css selector&quot;,&quot;selector&quot;:&quot;#MS016IN&quot;}&#10;  (Session info: chrome=126.0.6478.57)&#10;For documentation on this error, please visit: https://www.selenium.dev/documentation/webdriver/troubleshooting/errors#no-such-element-exception&#10;Build info: version: &apos;4.22.0&apos;, revision: &apos;c5f3146703*&apos;&#10;System info: os.name: &apos;Windows 10&apos;, os.arch: &apos;amd64&apos;, os.version: &apos;10.0&apos;, java.version: &apos;15.0.2&apos;&#10;Driver info: org.openqa.selenium.chrome.ChromeDriver&#10;Command: [1f56e95d6f707bd6649fad7f7b45f988, findElement {value=MS016IN, using=id}]&#10;Capabilities {acceptInsecureCerts: false, browserName: chrome, browserVersion: 126.0.6478.57, chrome: {chromedriverVersion: 126.0.6478.126 (d36ace6122e..., userDataDir: C:\Users\KAJALS~1\AppData\L...}, fedcm:accounts: true, goog:chromeOptions: {debuggerAddress: localhost:65121}, networkConnectionEnabled: false, pageLoadStrategy: normal, platformName: windows, proxy: Proxy(), se:cdp: ws://localhost:65121/devtoo..., se:cdpVersion: 126.0.6478.57, setWindowRect: true, strictFileInteractability: false, timeouts: {implicit: 0, pageLoad: 300000, script: 30000}, unhandledPromptBehavior: dismiss and notify, webauthn:extension:credBlob: true, webauthn:extension:largeBlob: true, webauthn:extension:minPinLength: true, webauthn:extension:prf: true, webauthn:virtualAuthenticators: true}&#10;Session ID: 1f56e95d6f707bd6649fad7f7b45f988"/>
    <system-out><![CDATA[ Test case started: verifyExceedThresoldSuccessMessage
]]></system-out>
  </testcase>
  <testcase name="verifyExceedThresoldSuccessMessage" classname="zapcg.Capillary.EarnPointPageTestCases.EarnPoint_Valid_TestCases" time="1.954">
    <failure message="Cannot invoke &quot;org.openqa.selenium.SearchContext.findElement(org.openqa.selenium.By)&quot; because &quot;this.searchContext&quot; is null" type="java.lang.NullPointerException"><![CDATA[java.lang.NullPointerException: Cannot invoke "org.openqa.selenium.SearchContext.findElement(org.openqa.selenium.By)" because "this.searchContext" is null
	at zapcg.Capillary.EarnPointPageTestCases.EarnPoint_Valid_TestCases.verifyExceedThresoldSuccessMessage(EarnPoint_Valid_TestCases.java:288)
]]></failure>
    <system-out><![CDATA[The name of the testcase passed is : burgerIconMemberLookupNavigation
Test execution completed on ChromeDriver with device: Galaxy S20 Landscape
 Test case started: verifyExceedThresoldSuccessMessage
Sumit button clicked successfully
]]></system-out>
  </testcase>
  <testcase name="verifyExceedThresoldSuccessMessage" classname="zapcg.Capillary.EarnPointPageTestCases.EarnPoint_Valid_TestCases" time="2.676">
    <failure message="Cannot invoke &quot;org.openqa.selenium.SearchContext.findElement(org.openqa.selenium.By)&quot; because &quot;this.searchContext&quot; is null" type="java.lang.NullPointerException"><![CDATA[java.lang.NullPointerException: Cannot invoke "org.openqa.selenium.SearchContext.findElement(org.openqa.selenium.By)" because "this.searchContext" is null
	at zapcg.Capillary.EarnPointPageTestCases.EarnPoint_Valid_TestCases.verifyExceedThresoldSuccessMessage(EarnPoint_Valid_TestCases.java:288)
]]></failure>
    <system-out><![CDATA[The name of the testcase passed is : burgerIconMemberLookupNavigation
Test execution completed on FirefoxDriver with device: Tablet Portrait
 Test case started: verifyExceedThresoldSuccessMessage
Sumit button clicked successfully
]]></system-out>
  </testcase>
  <testcase name="verifyExceedThresoldSuccessMessage" classname="zapcg.Capillary.EarnPointPageTestCases.EarnPoint_Valid_TestCases" time="0">
    <skipped message="Unable to locate element: #MS016IN&#10;For documentation on this error, please visit: https://www.selenium.dev/documentation/webdriver/troubleshooting/errors#no-such-element-exception&#10;Build info: version: &apos;4.22.0&apos;, revision: &apos;c5f3146703*&apos;&#10;System info: os.name: &apos;Windows 10&apos;, os.arch: &apos;amd64&apos;, os.version: &apos;10.0&apos;, java.version: &apos;15.0.2&apos;&#10;Driver info: org.openqa.selenium.firefox.FirefoxDriver&#10;Command: [0a977a7e-c72a-4f75-8b97-ea8e98741053, findElement {value=MS016IN, using=id}]&#10;Capabilities {acceptInsecureCerts: true, browserName: firefox, browserVersion: 128.0, moz:accessibilityChecks: false, moz:buildID: 20240628091536, moz:debuggerAddress: 127.0.0.1:41240, moz:geckodriverVersion: 0.34.0, moz:headless: false, moz:platformVersion: 10.0, moz:processID: 58116, moz:profile: C:\Users\KAJALS~1\AppData\L..., moz:shutdownTimeout: 60000, moz:webdriverClick: true, moz:windowless: false, pageLoadStrategy: normal, platformName: windows, proxy: Proxy(), se:cdp: ws://127.0.0.1:41240/devtoo..., se:cdpVersion: 85.0, setWindowRect: true, strictFileInteractability: false, timeouts: {implicit: 0, pageLoad: 300000, script: 30000}, unhandledPromptBehavior: dismiss and notify, userAgent: Mozilla/5.0 (Windows NT 10....}&#10;Session ID: 0a977a7e-c72a-4f75-8b97-ea8e98741053"/>
    <system-out><![CDATA[ Test case started: verifyExceedThresoldSuccessMessage
]]></system-out>
  </testcase>
  <testcase name="verifyExceedThresoldSuccessMessage" classname="zapcg.Capillary.EarnPointPageTestCases.EarnPoint_Valid_TestCases" time="0">
    <skipped message="Unable to locate element: #MS016IN&#10;For documentation on this error, please visit: https://www.selenium.dev/documentation/webdriver/troubleshooting/errors#no-such-element-exception&#10;Build info: version: &apos;4.22.0&apos;, revision: &apos;c5f3146703*&apos;&#10;System info: os.name: &apos;Windows 10&apos;, os.arch: &apos;amd64&apos;, os.version: &apos;10.0&apos;, java.version: &apos;15.0.2&apos;&#10;Driver info: org.openqa.selenium.firefox.FirefoxDriver&#10;Command: [58917e30-005a-4e0a-9646-9ba182850487, findElement {value=MS016IN, using=id}]&#10;Capabilities {acceptInsecureCerts: true, browserName: firefox, browserVersion: 128.0, moz:accessibilityChecks: false, moz:buildID: 20240628091536, moz:debuggerAddress: 127.0.0.1:24998, moz:geckodriverVersion: 0.34.0, moz:headless: false, moz:platformVersion: 10.0, moz:processID: 58832, moz:profile: C:\Users\KAJALS~1\AppData\L..., moz:shutdownTimeout: 60000, moz:webdriverClick: true, moz:windowless: false, pageLoadStrategy: normal, platformName: windows, proxy: Proxy(), se:cdp: ws://127.0.0.1:24998/devtoo..., se:cdpVersion: 85.0, setWindowRect: true, strictFileInteractability: false, timeouts: {implicit: 0, pageLoad: 300000, script: 30000}, unhandledPromptBehavior: dismiss and notify, userAgent: Mozilla/5.0 (Windows NT 10....}&#10;Session ID: 58917e30-005a-4e0a-9646-9ba182850487"/>
    <system-out><![CDATA[ Test case started: verifyExceedThresoldSuccessMessage
]]></system-out>
  </testcase>
  <testcase name="verifyExceedThresoldSuccessMessage" classname="zapcg.Capillary.EarnPointPageTestCases.EarnPoint_Valid_TestCases" time="0">
    <skipped message="Unable to locate element: #MS016IN&#10;For documentation on this error, please visit: https://www.selenium.dev/documentation/webdriver/troubleshooting/errors#no-such-element-exception&#10;Build info: version: &apos;4.22.0&apos;, revision: &apos;c5f3146703*&apos;&#10;System info: os.name: &apos;Windows 10&apos;, os.arch: &apos;amd64&apos;, os.version: &apos;10.0&apos;, java.version: &apos;15.0.2&apos;&#10;Driver info: org.openqa.selenium.firefox.FirefoxDriver&#10;Command: [6695fe23-675b-4da8-b878-ddaf312e2452, findElement {value=MS016IN, using=id}]&#10;Capabilities {acceptInsecureCerts: true, browserName: firefox, browserVersion: 128.0, moz:accessibilityChecks: false, moz:buildID: 20240628091536, moz:debuggerAddress: 127.0.0.1:22100, moz:geckodriverVersion: 0.34.0, moz:headless: false, moz:platformVersion: 10.0, moz:processID: 24856, moz:profile: C:\Users\KAJALS~1\AppData\L..., moz:shutdownTimeout: 60000, moz:webdriverClick: true, moz:windowless: false, pageLoadStrategy: normal, platformName: windows, proxy: Proxy(), se:cdp: ws://127.0.0.1:22100/devtoo..., se:cdpVersion: 85.0, setWindowRect: true, strictFileInteractability: false, timeouts: {implicit: 0, pageLoad: 300000, script: 30000}, unhandledPromptBehavior: dismiss and notify, userAgent: Mozilla/5.0 (Windows NT 10....}&#10;Session ID: 6695fe23-675b-4da8-b878-ddaf312e2452"/>
    <system-out><![CDATA[ Test case started: verifyExceedThresoldSuccessMessage
]]></system-out>
  </testcase>
  <testcase name="verifyExceedThresoldSuccessMessage" classname="zapcg.Capillary.EarnPointPageTestCases.EarnPoint_Valid_TestCases" time="0">
    <skipped message="Unable to locate element: #MS016IN&#10;For documentation on this error, please visit: https://www.selenium.dev/documentation/webdriver/troubleshooting/errors#no-such-element-exception&#10;Build info: version: &apos;4.22.0&apos;, revision: &apos;c5f3146703*&apos;&#10;System info: os.name: &apos;Windows 10&apos;, os.arch: &apos;amd64&apos;, os.version: &apos;10.0&apos;, java.version: &apos;15.0.2&apos;&#10;Driver info: org.openqa.selenium.firefox.FirefoxDriver&#10;Command: [c55c92ea-39ca-4da0-9cdd-df6ab23fb5e5, findElement {value=MS016IN, using=id}]&#10;Capabilities {acceptInsecureCerts: true, browserName: firefox, browserVersion: 128.0, moz:accessibilityChecks: false, moz:buildID: 20240628091536, moz:debuggerAddress: 127.0.0.1:2102, moz:geckodriverVersion: 0.34.0, moz:headless: false, moz:platformVersion: 10.0, moz:processID: 19408, moz:profile: C:\Users\KAJALS~1\AppData\L..., moz:shutdownTimeout: 60000, moz:webdriverClick: true, moz:windowless: false, pageLoadStrategy: normal, platformName: windows, proxy: Proxy(), se:cdp: ws://127.0.0.1:2102/devtool..., se:cdpVersion: 85.0, setWindowRect: true, strictFileInteractability: false, timeouts: {implicit: 0, pageLoad: 300000, script: 30000}, unhandledPromptBehavior: dismiss and notify, userAgent: Mozilla/5.0 (Windows NT 10....}&#10;Session ID: c55c92ea-39ca-4da0-9cdd-df6ab23fb5e5"/>
    <system-out><![CDATA[ Test case started: verifyExceedThresoldSuccessMessage
]]></system-out>
  </testcase>
  <testcase name="verifyExceedThresoldSuccessMessage" classname="zapcg.Capillary.EarnPointPageTestCases.EarnPoint_Valid_TestCases" time="0">
    <skipped message="Unable to locate element: #MS016IN&#10;For documentation on this error, please visit: https://www.selenium.dev/documentation/webdriver/troubleshooting/errors#no-such-element-exception&#10;Build info: version: &apos;4.22.0&apos;, revision: &apos;c5f3146703*&apos;&#10;System info: os.name: &apos;Windows 10&apos;, os.arch: &apos;amd64&apos;, os.version: &apos;10.0&apos;, java.version: &apos;15.0.2&apos;&#10;Driver info: org.openqa.selenium.firefox.FirefoxDriver&#10;Command: [4503da74-b064-4a06-a9bd-c1b9bc440d96, findElement {value=MS016IN, using=id}]&#10;Capabilities {acceptInsecureCerts: true, browserName: firefox, browserVersion: 128.0, moz:accessibilityChecks: false, moz:buildID: 20240628091536, moz:debuggerAddress: 127.0.0.1:41321, moz:geckodriverVersion: 0.34.0, moz:headless: false, moz:platformVersion: 10.0, moz:processID: 28688, moz:profile: C:\Users\KAJALS~1\AppData\L..., moz:shutdownTimeout: 60000, moz:webdriverClick: true, moz:windowless: false, pageLoadStrategy: normal, platformName: windows, proxy: Proxy(), se:cdp: ws://127.0.0.1:41321/devtoo..., se:cdpVersion: 85.0, setWindowRect: true, strictFileInteractability: false, timeouts: {implicit: 0, pageLoad: 300000, script: 30000}, unhandledPromptBehavior: dismiss and notify, userAgent: Mozilla/5.0 (Windows NT 10....}&#10;Session ID: 4503da74-b064-4a06-a9bd-c1b9bc440d96"/>
    <system-out><![CDATA[ Test case started: verifyExceedThresoldSuccessMessage
]]></system-out>
  </testcase>
  <testcase name="verifyTaxAssumedAmount" classname="zapcg.Capillary.EarnPointPageTestCases.EarnPoint_Valid_TestCases" time="0.233">
    <system-out><![CDATA[The name of the testcase failed is : verifyExceedThresoldSuccessMessage
Test execution completed on ChromeDriver with device: Tablet Portrait
 Test case started: verifyTaxAssumedAmount
Transaction Amount: 50.0
Tax Assumed Amount: 5
Expected Tax Assumed Amount: 5
Test Passed: Actual Tax Assumed Amount matches the Expected Tax Assumed Amount.
]]></system-out>
  </testcase>
  <testcase name="verifyTaxAssumedAmount" classname="zapcg.Capillary.EarnPointPageTestCases.EarnPoint_Valid_TestCases" time="0.212">
    <system-out><![CDATA[The name of the testcase failed is : verifyExceedThresoldSuccessMessage
Test execution completed on ChromeDriver with device: Tablet Landscape
 Test case started: verifyTaxAssumedAmount
Transaction Amount: 50.0
Tax Assumed Amount: 5
Expected Tax Assumed Amount: 5
Test Passed: Actual Tax Assumed Amount matches the Expected Tax Assumed Amount.
]]></system-out>
  </testcase>
  <testcase name="verifyTaxAssumedAmount" classname="zapcg.Capillary.EarnPointPageTestCases.EarnPoint_Valid_TestCases" time="0.195">
    <system-out><![CDATA[The name of the testcase failed is : verifyExceedThresoldSuccessMessage
Test execution completed on ChromeDriver with device: iPhone 11 Pro Portrait
 Test case started: verifyTaxAssumedAmount
Transaction Amount: 50.0
Tax Assumed Amount: 5
Expected Tax Assumed Amount: 5
Test Passed: Actual Tax Assumed Amount matches the Expected Tax Assumed Amount.
]]></system-out>
  </testcase>
  <testcase name="verifyTaxAssumedAmount" classname="zapcg.Capillary.EarnPointPageTestCases.EarnPoint_Valid_TestCases" time="0">
    <skipped message="no such element: Unable to locate element: {&quot;method&quot;:&quot;css selector&quot;,&quot;selector&quot;:&quot;#MS016IN&quot;}&#10;  (Session info: chrome=126.0.6478.57)&#10;For documentation on this error, please visit: https://www.selenium.dev/documentation/webdriver/troubleshooting/errors#no-such-element-exception&#10;Build info: version: &apos;4.22.0&apos;, revision: &apos;c5f3146703*&apos;&#10;System info: os.name: &apos;Windows 10&apos;, os.arch: &apos;amd64&apos;, os.version: &apos;10.0&apos;, java.version: &apos;15.0.2&apos;&#10;Driver info: org.openqa.selenium.chrome.ChromeDriver&#10;Command: [7ecc2eb227f7f096dc03533e5818ad50, findElement {value=MS016IN, using=id}]&#10;Capabilities {acceptInsecureCerts: false, browserName: chrome, browserVersion: 126.0.6478.57, chrome: {chromedriverVersion: 126.0.6478.126 (d36ace6122e..., userDataDir: C:\Users\KAJALS~1\AppData\L...}, fedcm:accounts: true, goog:chromeOptions: {debuggerAddress: localhost:64536}, networkConnectionEnabled: false, pageLoadStrategy: normal, platformName: windows, proxy: Proxy(), se:cdp: ws://localhost:64536/devtoo..., se:cdpVersion: 126.0.6478.57, setWindowRect: true, strictFileInteractability: false, timeouts: {implicit: 0, pageLoad: 300000, script: 30000}, unhandledPromptBehavior: dismiss and notify, webauthn:extension:credBlob: true, webauthn:extension:largeBlob: true, webauthn:extension:minPinLength: true, webauthn:extension:prf: true, webauthn:virtualAuthenticators: true}&#10;Session ID: 7ecc2eb227f7f096dc03533e5818ad50"/>
    <system-out><![CDATA[ Test case started: verifyTaxAssumedAmount
]]></system-out>
  </testcase>
  <testcase name="verifyTaxAssumedAmount" classname="zapcg.Capillary.EarnPointPageTestCases.EarnPoint_Valid_TestCases" time="0">
    <skipped message="no such element: Unable to locate element: {&quot;method&quot;:&quot;css selector&quot;,&quot;selector&quot;:&quot;#MS016IN&quot;}&#10;  (Session info: chrome=126.0.6478.57)&#10;For documentation on this error, please visit: https://www.selenium.dev/documentation/webdriver/troubleshooting/errors#no-such-element-exception&#10;Build info: version: &apos;4.22.0&apos;, revision: &apos;c5f3146703*&apos;&#10;System info: os.name: &apos;Windows 10&apos;, os.arch: &apos;amd64&apos;, os.version: &apos;10.0&apos;, java.version: &apos;15.0.2&apos;&#10;Driver info: org.openqa.selenium.chrome.ChromeDriver&#10;Command: [1f56e95d6f707bd6649fad7f7b45f988, findElement {value=MS016IN, using=id}]&#10;Capabilities {acceptInsecureCerts: false, browserName: chrome, browserVersion: 126.0.6478.57, chrome: {chromedriverVersion: 126.0.6478.126 (d36ace6122e..., userDataDir: C:\Users\KAJALS~1\AppData\L...}, fedcm:accounts: true, goog:chromeOptions: {debuggerAddress: localhost:65121}, networkConnectionEnabled: false, pageLoadStrategy: normal, platformName: windows, proxy: Proxy(), se:cdp: ws://localhost:65121/devtoo..., se:cdpVersion: 126.0.6478.57, setWindowRect: true, strictFileInteractability: false, timeouts: {implicit: 0, pageLoad: 300000, script: 30000}, unhandledPromptBehavior: dismiss and notify, webauthn:extension:credBlob: true, webauthn:extension:largeBlob: true, webauthn:extension:minPinLength: true, webauthn:extension:prf: true, webauthn:virtualAuthenticators: true}&#10;Session ID: 1f56e95d6f707bd6649fad7f7b45f988"/>
    <system-out><![CDATA[ Test case started: verifyTaxAssumedAmount
]]></system-out>
  </testcase>
  <testcase name="verifyTaxAssumedAmount" classname="zapcg.Capillary.EarnPointPageTestCases.EarnPoint_Valid_TestCases" time="0.281">
    <system-out><![CDATA[The name of the testcase failed is : verifyExceedThresoldSuccessMessage
Test execution completed on ChromeDriver with device: Galaxy S20 Landscape
 Test case started: verifyTaxAssumedAmount
Transaction Amount: 50.0
Tax Assumed Amount: 5
Expected Tax Assumed Amount: 5
Test Passed: Actual Tax Assumed Amount matches the Expected Tax Assumed Amount.
]]></system-out>
  </testcase>
  <testcase name="verifyTaxAssumedAmount" classname="zapcg.Capillary.EarnPointPageTestCases.EarnPoint_Valid_TestCases" time="0.123">
    <system-out><![CDATA[The name of the testcase failed is : verifyExceedThresoldSuccessMessage
Test execution completed on FirefoxDriver with device: Tablet Portrait
 Test case started: verifyTaxAssumedAmount
Transaction Amount: 50.0
Tax Assumed Amount: 5
Expected Tax Assumed Amount: 5
Test Passed: Actual Tax Assumed Amount matches the Expected Tax Assumed Amount.
]]></system-out>
  </testcase>
  <testcase name="verifyTaxAssumedAmount" classname="zapcg.Capillary.EarnPointPageTestCases.EarnPoint_Valid_TestCases" time="0">
    <skipped message="Unable to locate element: #MS016IN&#10;For documentation on this error, please visit: https://www.selenium.dev/documentation/webdriver/troubleshooting/errors#no-such-element-exception&#10;Build info: version: &apos;4.22.0&apos;, revision: &apos;c5f3146703*&apos;&#10;System info: os.name: &apos;Windows 10&apos;, os.arch: &apos;amd64&apos;, os.version: &apos;10.0&apos;, java.version: &apos;15.0.2&apos;&#10;Driver info: org.openqa.selenium.firefox.FirefoxDriver&#10;Command: [0a977a7e-c72a-4f75-8b97-ea8e98741053, findElement {value=MS016IN, using=id}]&#10;Capabilities {acceptInsecureCerts: true, browserName: firefox, browserVersion: 128.0, moz:accessibilityChecks: false, moz:buildID: 20240628091536, moz:debuggerAddress: 127.0.0.1:41240, moz:geckodriverVersion: 0.34.0, moz:headless: false, moz:platformVersion: 10.0, moz:processID: 58116, moz:profile: C:\Users\KAJALS~1\AppData\L..., moz:shutdownTimeout: 60000, moz:webdriverClick: true, moz:windowless: false, pageLoadStrategy: normal, platformName: windows, proxy: Proxy(), se:cdp: ws://127.0.0.1:41240/devtoo..., se:cdpVersion: 85.0, setWindowRect: true, strictFileInteractability: false, timeouts: {implicit: 0, pageLoad: 300000, script: 30000}, unhandledPromptBehavior: dismiss and notify, userAgent: Mozilla/5.0 (Windows NT 10....}&#10;Session ID: 0a977a7e-c72a-4f75-8b97-ea8e98741053"/>
    <system-out><![CDATA[ Test case started: verifyTaxAssumedAmount
]]></system-out>
  </testcase>
  <testcase name="verifyTaxAssumedAmount" classname="zapcg.Capillary.EarnPointPageTestCases.EarnPoint_Valid_TestCases" time="0">
    <skipped message="Unable to locate element: #MS016IN&#10;For documentation on this error, please visit: https://www.selenium.dev/documentation/webdriver/troubleshooting/errors#no-such-element-exception&#10;Build info: version: &apos;4.22.0&apos;, revision: &apos;c5f3146703*&apos;&#10;System info: os.name: &apos;Windows 10&apos;, os.arch: &apos;amd64&apos;, os.version: &apos;10.0&apos;, java.version: &apos;15.0.2&apos;&#10;Driver info: org.openqa.selenium.firefox.FirefoxDriver&#10;Command: [58917e30-005a-4e0a-9646-9ba182850487, findElement {value=MS016IN, using=id}]&#10;Capabilities {acceptInsecureCerts: true, browserName: firefox, browserVersion: 128.0, moz:accessibilityChecks: false, moz:buildID: 20240628091536, moz:debuggerAddress: 127.0.0.1:24998, moz:geckodriverVersion: 0.34.0, moz:headless: false, moz:platformVersion: 10.0, moz:processID: 58832, moz:profile: C:\Users\KAJALS~1\AppData\L..., moz:shutdownTimeout: 60000, moz:webdriverClick: true, moz:windowless: false, pageLoadStrategy: normal, platformName: windows, proxy: Proxy(), se:cdp: ws://127.0.0.1:24998/devtoo..., se:cdpVersion: 85.0, setWindowRect: true, strictFileInteractability: false, timeouts: {implicit: 0, pageLoad: 300000, script: 30000}, unhandledPromptBehavior: dismiss and notify, userAgent: Mozilla/5.0 (Windows NT 10....}&#10;Session ID: 58917e30-005a-4e0a-9646-9ba182850487"/>
    <system-out><![CDATA[ Test case started: verifyTaxAssumedAmount
]]></system-out>
  </testcase>
  <testcase name="verifyTaxAssumedAmount" classname="zapcg.Capillary.EarnPointPageTestCases.EarnPoint_Valid_TestCases" time="0">
    <skipped message="Unable to locate element: #MS016IN&#10;For documentation on this error, please visit: https://www.selenium.dev/documentation/webdriver/troubleshooting/errors#no-such-element-exception&#10;Build info: version: &apos;4.22.0&apos;, revision: &apos;c5f3146703*&apos;&#10;System info: os.name: &apos;Windows 10&apos;, os.arch: &apos;amd64&apos;, os.version: &apos;10.0&apos;, java.version: &apos;15.0.2&apos;&#10;Driver info: org.openqa.selenium.firefox.FirefoxDriver&#10;Command: [6695fe23-675b-4da8-b878-ddaf312e2452, findElement {value=MS016IN, using=id}]&#10;Capabilities {acceptInsecureCerts: true, browserName: firefox, browserVersion: 128.0, moz:accessibilityChecks: false, moz:buildID: 20240628091536, moz:debuggerAddress: 127.0.0.1:22100, moz:geckodriverVersion: 0.34.0, moz:headless: false, moz:platformVersion: 10.0, moz:processID: 24856, moz:profile: C:\Users\KAJALS~1\AppData\L..., moz:shutdownTimeout: 60000, moz:webdriverClick: true, moz:windowless: false, pageLoadStrategy: normal, platformName: windows, proxy: Proxy(), se:cdp: ws://127.0.0.1:22100/devtoo..., se:cdpVersion: 85.0, setWindowRect: true, strictFileInteractability: false, timeouts: {implicit: 0, pageLoad: 300000, script: 30000}, unhandledPromptBehavior: dismiss and notify, userAgent: Mozilla/5.0 (Windows NT 10....}&#10;Session ID: 6695fe23-675b-4da8-b878-ddaf312e2452"/>
    <system-out><![CDATA[ Test case started: verifyTaxAssumedAmount
]]></system-out>
  </testcase>
  <testcase name="verifyTaxAssumedAmount" classname="zapcg.Capillary.EarnPointPageTestCases.EarnPoint_Valid_TestCases" time="0">
    <skipped message="Unable to locate element: #MS016IN&#10;For documentation on this error, please visit: https://www.selenium.dev/documentation/webdriver/troubleshooting/errors#no-such-element-exception&#10;Build info: version: &apos;4.22.0&apos;, revision: &apos;c5f3146703*&apos;&#10;System info: os.name: &apos;Windows 10&apos;, os.arch: &apos;amd64&apos;, os.version: &apos;10.0&apos;, java.version: &apos;15.0.2&apos;&#10;Driver info: org.openqa.selenium.firefox.FirefoxDriver&#10;Command: [c55c92ea-39ca-4da0-9cdd-df6ab23fb5e5, findElement {value=MS016IN, using=id}]&#10;Capabilities {acceptInsecureCerts: true, browserName: firefox, browserVersion: 128.0, moz:accessibilityChecks: false, moz:buildID: 20240628091536, moz:debuggerAddress: 127.0.0.1:2102, moz:geckodriverVersion: 0.34.0, moz:headless: false, moz:platformVersion: 10.0, moz:processID: 19408, moz:profile: C:\Users\KAJALS~1\AppData\L..., moz:shutdownTimeout: 60000, moz:webdriverClick: true, moz:windowless: false, pageLoadStrategy: normal, platformName: windows, proxy: Proxy(), se:cdp: ws://127.0.0.1:2102/devtool..., se:cdpVersion: 85.0, setWindowRect: true, strictFileInteractability: false, timeouts: {implicit: 0, pageLoad: 300000, script: 30000}, unhandledPromptBehavior: dismiss and notify, userAgent: Mozilla/5.0 (Windows NT 10....}&#10;Session ID: c55c92ea-39ca-4da0-9cdd-df6ab23fb5e5"/>
    <system-out><![CDATA[ Test case started: verifyTaxAssumedAmount
]]></system-out>
  </testcase>
  <testcase name="verifyTaxAssumedAmount" classname="zapcg.Capillary.EarnPointPageTestCases.EarnPoint_Valid_TestCases" time="0">
    <skipped message="Unable to locate element: #MS016IN&#10;For documentation on this error, please visit: https://www.selenium.dev/documentation/webdriver/troubleshooting/errors#no-such-element-exception&#10;Build info: version: &apos;4.22.0&apos;, revision: &apos;c5f3146703*&apos;&#10;System info: os.name: &apos;Windows 10&apos;, os.arch: &apos;amd64&apos;, os.version: &apos;10.0&apos;, java.version: &apos;15.0.2&apos;&#10;Driver info: org.openqa.selenium.firefox.FirefoxDriver&#10;Command: [4503da74-b064-4a06-a9bd-c1b9bc440d96, findElement {value=MS016IN, using=id}]&#10;Capabilities {acceptInsecureCerts: true, browserName: firefox, browserVersion: 128.0, moz:accessibilityChecks: false, moz:buildID: 20240628091536, moz:debuggerAddress: 127.0.0.1:41321, moz:geckodriverVersion: 0.34.0, moz:headless: false, moz:platformVersion: 10.0, moz:processID: 28688, moz:profile: C:\Users\KAJALS~1\AppData\L..., moz:shutdownTimeout: 60000, moz:webdriverClick: true, moz:windowless: false, pageLoadStrategy: normal, platformName: windows, proxy: Proxy(), se:cdp: ws://127.0.0.1:41321/devtoo..., se:cdpVersion: 85.0, setWindowRect: true, strictFileInteractability: false, timeouts: {implicit: 0, pageLoad: 300000, script: 30000}, unhandledPromptBehavior: dismiss and notify, userAgent: Mozilla/5.0 (Windows NT 10....}&#10;Session ID: 4503da74-b064-4a06-a9bd-c1b9bc440d96"/>
    <system-out><![CDATA[ Test case started: verifyTaxAssumedAmount
]]></system-out>
  </testcase>
  <testcase name="initialize[chrome, iPhone 11 Pro Landscape](0)" classname="zapcg.Capillary.EarnPointPageTestCases.EarnPoint_Valid_TestCases" time="33.896">
    <failure message="no such element: Unable to locate element: {&quot;method&quot;:&quot;css selector&quot;,&quot;selector&quot;:&quot;#MS016IN&quot;}&#10;  (Session info: chrome=126.0.6478.57)&#10;For documentation on this error, please visit: https://www.selenium.dev/documentation/webdriver/troubleshooting/errors#no-such-element-exception&#10;Build info: version: &apos;4.22.0&apos;, revision: &apos;c5f3146703*&apos;&#10;System info: os.name: &apos;Windows 10&apos;, os.arch: &apos;amd64&apos;, os.version: &apos;10.0&apos;, java.version: &apos;15.0.2&apos;&#10;Driver info: org.openqa.selenium.chrome.ChromeDriver&#10;Command: [7ecc2eb227f7f096dc03533e5818ad50, findElement {value=MS016IN, using=id}]&#10;Capabilities {acceptInsecureCerts: false, browserName: chrome, browserVersion: 126.0.6478.57, chrome: {chromedriverVersion: 126.0.6478.126 (d36ace6122e..., userDataDir: C:\Users\KAJALS~1\AppData\L...}, fedcm:accounts: true, goog:chromeOptions: {debuggerAddress: localhost:64536}, networkConnectionEnabled: false, pageLoadStrategy: normal, platformName: windows, proxy: Proxy(), se:cdp: ws://localhost:64536/devtoo..., se:cdpVersion: 126.0.6478.57, setWindowRect: true, strictFileInteractability: false, timeouts: {implicit: 0, pageLoad: 300000, script: 30000}, unhandledPromptBehavior: dismiss and notify, webauthn:extension:credBlob: true, webauthn:extension:largeBlob: true, webauthn:extension:minPinLength: true, webauthn:extension:prf: true, webauthn:virtualAuthenticators: true}&#10;Session ID: 7ecc2eb227f7f096dc03533e5818ad50" type="org.openqa.selenium.NoSuchElementException"><![CDATA[org.openqa.selenium.NoSuchElementException: 
no such element: Unable to locate element: {"method":"css selector","selector":"#MS016IN"}
  (Session info: chrome=126.0.6478.57)
For documentation on this error, please visit: https://www.selenium.dev/documentation/webdriver/troubleshooting/errors#no-such-element-exception
Build info: version: '4.22.0', revision: 'c5f3146703*'
System info: os.name: 'Windows 10', os.arch: 'amd64', os.version: '10.0', java.version: '15.0.2'
Driver info: org.openqa.selenium.chrome.ChromeDriver
Command: [7ecc2eb227f7f096dc03533e5818ad50, findElement {value=MS016IN, using=id}]
Capabilities {acceptInsecureCerts: false, browserName: chrome, browserVersion: 126.0.6478.57, chrome: {chromedriverVersion: 126.0.6478.126 (d36ace6122e..., userDataDir: C:\Users\KAJALS~1\AppData\L...}, fedcm:accounts: true, goog:chromeOptions: {debuggerAddress: localhost:64536}, networkConnectionEnabled: false, pageLoadStrategy: normal, platformName: windows, proxy: Proxy(), se:cdp: ws://localhost:64536/devtoo..., se:cdpVersion: 126.0.6478.57, setWindowRect: true, strictFileInteractability: false, timeouts: {implicit: 0, pageLoad: 300000, script: 30000}, unhandledPromptBehavior: dismiss and notify, webauthn:extension:credBlob: true, webauthn:extension:largeBlob: true, webauthn:extension:minPinLength: true, webauthn:extension:prf: true, webauthn:virtualAuthenticators: true}
Session ID: 7ecc2eb227f7f096dc03533e5818ad50
	at zapcg.Capillary.EarnPointPageTestCases.EarnPoint_Valid_TestCases.initialize(EarnPoint_Valid_TestCases.java:40)
]]></failure>
  </testcase>
  <testcase name="tearDown" classname="zapcg.Capillary.EarnPointPageTestCases.EarnPoint_Valid_TestCases" time="0">
    <skipped/>
    <system-out><![CDATA[The name of the testcase Skipped is : verifyDateEqualToSystemCurrentDate
]]></system-out>
  </testcase>
  <testcase name="tearDown" classname="zapcg.Capillary.EarnPointPageTestCases.EarnPoint_Valid_TestCases" time="0">
    <skipped/>
    <system-out><![CDATA[The name of the testcase Skipped is : verifyTimeEqualToSystemCurrentTime
]]></system-out>
  </testcase>
  <testcase name="tearDown" classname="zapcg.Capillary.EarnPointPageTestCases.EarnPoint_Valid_TestCases" time="0">
    <skipped/>
    <system-out><![CDATA[The name of the testcase Skipped is : verifyTransactionAmountShouldNotBeEmpty
]]></system-out>
  </testcase>
  <testcase name="tearDown" classname="zapcg.Capillary.EarnPointPageTestCases.EarnPoint_Valid_TestCases" time="0">
    <skipped/>
    <system-out><![CDATA[The name of the testcase Skipped is : emptyTxnAmountButGoToPassPointValue
]]></system-out>
  </testcase>
  <testcase name="tearDown" classname="zapcg.Capillary.EarnPointPageTestCases.EarnPoint_Valid_TestCases" time="0">
    <skipped/>
    <system-out><![CDATA[The name of the testcase Skipped is : verifyEligibleEarningPoints
]]></system-out>
  </testcase>
  <testcase name="tearDown" classname="zapcg.Capillary.EarnPointPageTestCases.EarnPoint_Valid_TestCases" time="0">
    <skipped/>
    <system-out><![CDATA[The name of the testcase Skipped is : verifySuccessMessageForOnlyTransactionAmount
]]></system-out>
  </testcase>
  <testcase name="tearDown" classname="zapcg.Capillary.EarnPointPageTestCases.EarnPoint_Valid_TestCases" time="0">
    <skipped/>
    <system-out><![CDATA[The name of the testcase Skipped is : verifySuccessMessageForRedeemPoint
]]></system-out>
  </testcase>
  <testcase name="tearDown" classname="zapcg.Capillary.EarnPointPageTestCases.EarnPoint_Valid_TestCases" time="0">
    <skipped/>
    <system-out><![CDATA[The name of the testcase Skipped is : verifyExceedThresoldSuccessMessage
]]></system-out>
  </testcase>
  <testcase name="tearDown" classname="zapcg.Capillary.EarnPointPageTestCases.EarnPoint_Valid_TestCases" time="0">
    <skipped/>
    <system-out><![CDATA[The name of the testcase Skipped is : verifyTaxAssumedAmount
]]></system-out>
  </testcase>
  <testcase name="tearDown" classname="zapcg.Capillary.EarnPointPageTestCases.EarnPoint_Valid_TestCases" time="0">
    <skipped/>
    <system-out><![CDATA[The name of the testcase Skipped is : verifyNonEditableLocationField
]]></system-out>
  </testcase>
  <testcase name="tearDown" classname="zapcg.Capillary.EarnPointPageTestCases.EarnPoint_Valid_TestCases" time="0">
    <skipped/>
    <system-out><![CDATA[The name of the testcase Skipped is : verifyNonEditableDateField
]]></system-out>
  </testcase>
  <testcase name="tearDown" classname="zapcg.Capillary.EarnPointPageTestCases.EarnPoint_Valid_TestCases" time="0">
    <skipped/>
    <system-out><![CDATA[The name of the testcase Skipped is : verifyNonEditableTimeField
]]></system-out>
  </testcase>
  <testcase name="tearDown" classname="zapcg.Capillary.EarnPointPageTestCases.EarnPoint_Valid_TestCases" time="0">
    <skipped/>
    <system-out><![CDATA[The name of the testcase Skipped is : verifyEarnPointsNavigationFromMeberDetailsScreen
]]></system-out>
  </testcase>
  <testcase name="tearDown" classname="zapcg.Capillary.EarnPointPageTestCases.EarnPoint_Valid_TestCases" time="0">
    <skipped/>
    <system-out><![CDATA[The name of the testcase Skipped is : verifyMemberDetailsContentDisplayingOnEarnPointScreen
]]></system-out>
  </testcase>
  <testcase name="tearDown" classname="zapcg.Capillary.EarnPointPageTestCases.EarnPoint_Valid_TestCases" time="0">
    <skipped/>
    <system-out><![CDATA[The name of the testcase Skipped is : verifyHeaderHyperlink
]]></system-out>
  </testcase>
  <testcase name="tearDown" classname="zapcg.Capillary.EarnPointPageTestCases.EarnPoint_Valid_TestCases" time="0">
    <skipped/>
    <system-out><![CDATA[The name of the testcase Skipped is : verifyBackButtonNavigation
]]></system-out>
  </testcase>
  <testcase name="tearDown" classname="zapcg.Capillary.EarnPointPageTestCases.EarnPoint_Valid_TestCases" time="0">
    <skipped/>
    <system-out><![CDATA[The name of the testcase Skipped is : verifyHamBurgerMemberLookupOption
]]></system-out>
  </testcase>
  <testcase name="tearDown" classname="zapcg.Capillary.EarnPointPageTestCases.EarnPoint_Valid_TestCases" time="0">
    <skipped/>
    <system-out><![CDATA[The name of the testcase Skipped is : verifyHamBurgerLocationOption
]]></system-out>
  </testcase>
  <testcase name="tearDown" classname="zapcg.Capillary.EarnPointPageTestCases.EarnPoint_Valid_TestCases" time="0">
    <skipped/>
    <system-out><![CDATA[The name of the testcase Skipped is : verifyHamBurgerLogoutOption
]]></system-out>
  </testcase>
  <testcase name="tearDown" classname="zapcg.Capillary.EarnPointPageTestCases.EarnPoint_Valid_TestCases" time="0">
    <skipped/>
    <system-out><![CDATA[The name of the testcase Skipped is : verifyDateEqualToSystemCurrentDate
]]></system-out>
  </testcase>
  <testcase name="tearDown" classname="zapcg.Capillary.EarnPointPageTestCases.EarnPoint_Valid_TestCases" time="0">
    <skipped/>
    <system-out><![CDATA[The name of the testcase Skipped is : verifyTimeEqualToSystemCurrentTime
]]></system-out>
  </testcase>
  <testcase name="tearDown" classname="zapcg.Capillary.EarnPointPageTestCases.EarnPoint_Valid_TestCases" time="0">
    <skipped/>
    <system-out><![CDATA[The name of the testcase Skipped is : verifyTransactionAmountShouldNotBeEmpty
]]></system-out>
  </testcase>
  <testcase name="tearDown" classname="zapcg.Capillary.EarnPointPageTestCases.EarnPoint_Valid_TestCases" time="0">
    <skipped/>
    <system-out><![CDATA[The name of the testcase Skipped is : emptyTxnAmountButGoToPassPointValue
]]></system-out>
  </testcase>
  <testcase name="tearDown" classname="zapcg.Capillary.EarnPointPageTestCases.EarnPoint_Valid_TestCases" time="0">
    <skipped/>
    <system-out><![CDATA[The name of the testcase Skipped is : verifyEligibleEarningPoints
]]></system-out>
  </testcase>
  <testcase name="tearDown" classname="zapcg.Capillary.EarnPointPageTestCases.EarnPoint_Valid_TestCases" time="0">
    <skipped/>
    <system-out><![CDATA[The name of the testcase Skipped is : verifySuccessMessageForOnlyTransactionAmount
]]></system-out>
  </testcase>
  <testcase name="tearDown" classname="zapcg.Capillary.EarnPointPageTestCases.EarnPoint_Valid_TestCases" time="0">
    <skipped/>
    <system-out><![CDATA[The name of the testcase Skipped is : verifySuccessMessageForRedeemPoint
]]></system-out>
  </testcase>
  <testcase name="tearDown" classname="zapcg.Capillary.EarnPointPageTestCases.EarnPoint_Valid_TestCases" time="0">
    <skipped/>
    <system-out><![CDATA[The name of the testcase Skipped is : verifyExceedThresoldSuccessMessage
]]></system-out>
  </testcase>
  <testcase name="tearDown" classname="zapcg.Capillary.EarnPointPageTestCases.EarnPoint_Valid_TestCases" time="0">
    <skipped/>
    <system-out><![CDATA[The name of the testcase Skipped is : verifyTaxAssumedAmount
]]></system-out>
  </testcase>
  <testcase name="tearDown" classname="zapcg.Capillary.EarnPointPageTestCases.EarnPoint_Valid_TestCases" time="0">
    <skipped/>
    <system-out><![CDATA[The name of the testcase Skipped is : verifyDateEqualToSystemCurrentDate
]]></system-out>
  </testcase>
  <testcase name="tearDown" classname="zapcg.Capillary.EarnPointPageTestCases.EarnPoint_Valid_TestCases" time="0">
    <skipped/>
    <system-out><![CDATA[The name of the testcase Skipped is : verifyTimeEqualToSystemCurrentTime
]]></system-out>
  </testcase>
  <testcase name="tearDown" classname="zapcg.Capillary.EarnPointPageTestCases.EarnPoint_Valid_TestCases" time="0">
    <skipped/>
    <system-out><![CDATA[The name of the testcase Skipped is : verifyTransactionAmountShouldNotBeEmpty
]]></system-out>
  </testcase>
  <testcase name="tearDown" classname="zapcg.Capillary.EarnPointPageTestCases.EarnPoint_Valid_TestCases" time="0">
    <skipped/>
    <system-out><![CDATA[The name of the testcase Skipped is : emptyTxnAmountButGoToPassPointValue
]]></system-out>
  </testcase>
  <testcase name="tearDown" classname="zapcg.Capillary.EarnPointPageTestCases.EarnPoint_Valid_TestCases" time="0">
    <skipped/>
    <system-out><![CDATA[The name of the testcase Skipped is : verifyEligibleEarningPoints
]]></system-out>
  </testcase>
  <testcase name="tearDown" classname="zapcg.Capillary.EarnPointPageTestCases.EarnPoint_Valid_TestCases" time="0">
    <skipped/>
    <system-out><![CDATA[The name of the testcase Skipped is : verifySuccessMessageForOnlyTransactionAmount
]]></system-out>
  </testcase>
  <testcase name="tearDown" classname="zapcg.Capillary.EarnPointPageTestCases.EarnPoint_Valid_TestCases" time="0">
    <skipped/>
    <system-out><![CDATA[The name of the testcase Skipped is : verifySuccessMessageForRedeemPoint
]]></system-out>
  </testcase>
  <testcase name="tearDown" classname="zapcg.Capillary.EarnPointPageTestCases.EarnPoint_Valid_TestCases" time="0">
    <skipped/>
    <system-out><![CDATA[The name of the testcase Skipped is : verifyExceedThresoldSuccessMessage
]]></system-out>
  </testcase>
  <testcase name="tearDown" classname="zapcg.Capillary.EarnPointPageTestCases.EarnPoint_Valid_TestCases" time="0">
    <skipped/>
    <system-out><![CDATA[The name of the testcase Skipped is : verifyTaxAssumedAmount
]]></system-out>
  </testcase>
  <testcase name="tearDown" classname="zapcg.Capillary.EarnPointPageTestCases.EarnPoint_Valid_TestCases" time="0">
    <skipped/>
    <system-out><![CDATA[The name of the testcase Skipped is : verifyNonEditableLocationField
]]></system-out>
  </testcase>
  <testcase name="tearDown" classname="zapcg.Capillary.EarnPointPageTestCases.EarnPoint_Valid_TestCases" time="0">
    <skipped/>
    <system-out><![CDATA[The name of the testcase Skipped is : verifyNonEditableDateField
]]></system-out>
  </testcase>
  <testcase name="tearDown" classname="zapcg.Capillary.EarnPointPageTestCases.EarnPoint_Valid_TestCases" time="0">
    <skipped/>
    <system-out><![CDATA[The name of the testcase Skipped is : verifyNonEditableTimeField
]]></system-out>
  </testcase>
  <testcase name="tearDown" classname="zapcg.Capillary.EarnPointPageTestCases.EarnPoint_Valid_TestCases" time="0">
    <skipped/>
    <system-out><![CDATA[The name of the testcase Skipped is : verifyEarnPointsNavigationFromMeberDetailsScreen
]]></system-out>
  </testcase>
  <testcase name="tearDown" classname="zapcg.Capillary.EarnPointPageTestCases.EarnPoint_Valid_TestCases" time="0">
    <skipped/>
    <system-out><![CDATA[The name of the testcase Skipped is : verifyMemberDetailsContentDisplayingOnEarnPointScreen
]]></system-out>
  </testcase>
  <testcase name="tearDown" classname="zapcg.Capillary.EarnPointPageTestCases.EarnPoint_Valid_TestCases" time="0">
    <skipped/>
    <system-out><![CDATA[The name of the testcase Skipped is : verifyHeaderHyperlink
]]></system-out>
  </testcase>
  <testcase name="tearDown" classname="zapcg.Capillary.EarnPointPageTestCases.EarnPoint_Valid_TestCases" time="0">
    <skipped/>
    <system-out><![CDATA[The name of the testcase Skipped is : verifyBackButtonNavigation
]]></system-out>
  </testcase>
  <testcase name="tearDown" classname="zapcg.Capillary.EarnPointPageTestCases.EarnPoint_Valid_TestCases" time="0">
    <skipped/>
    <system-out><![CDATA[The name of the testcase Skipped is : verifyHamBurgerMemberLookupOption
]]></system-out>
  </testcase>
  <testcase name="tearDown" classname="zapcg.Capillary.EarnPointPageTestCases.EarnPoint_Valid_TestCases" time="0">
    <skipped/>
    <system-out><![CDATA[The name of the testcase Skipped is : verifyHamBurgerLocationOption
]]></system-out>
  </testcase>
  <testcase name="tearDown" classname="zapcg.Capillary.EarnPointPageTestCases.EarnPoint_Valid_TestCases" time="0">
    <skipped/>
    <system-out><![CDATA[The name of the testcase Skipped is : verifyHamBurgerLogoutOption
]]></system-out>
  </testcase>
  <testcase name="tearDown" classname="zapcg.Capillary.EarnPointPageTestCases.EarnPoint_Valid_TestCases" time="0">
    <skipped/>
    <system-out><![CDATA[The name of the testcase Skipped is : verifyDateEqualToSystemCurrentDate
]]></system-out>
  </testcase>
  <testcase name="tearDown" classname="zapcg.Capillary.EarnPointPageTestCases.EarnPoint_Valid_TestCases" time="0">
    <skipped/>
    <system-out><![CDATA[The name of the testcase Skipped is : verifyTimeEqualToSystemCurrentTime
]]></system-out>
  </testcase>
  <testcase name="tearDown" classname="zapcg.Capillary.EarnPointPageTestCases.EarnPoint_Valid_TestCases" time="0">
    <skipped/>
    <system-out><![CDATA[The name of the testcase Skipped is : verifyTransactionAmountShouldNotBeEmpty
]]></system-out>
  </testcase>
  <testcase name="tearDown" classname="zapcg.Capillary.EarnPointPageTestCases.EarnPoint_Valid_TestCases" time="0">
    <skipped/>
    <system-out><![CDATA[The name of the testcase Skipped is : emptyTxnAmountButGoToPassPointValue
]]></system-out>
  </testcase>
  <testcase name="tearDown" classname="zapcg.Capillary.EarnPointPageTestCases.EarnPoint_Valid_TestCases" time="0">
    <skipped/>
    <system-out><![CDATA[The name of the testcase Skipped is : verifyEligibleEarningPoints
]]></system-out>
  </testcase>
  <testcase name="tearDown" classname="zapcg.Capillary.EarnPointPageTestCases.EarnPoint_Valid_TestCases" time="0">
    <skipped/>
    <system-out><![CDATA[The name of the testcase Skipped is : verifySuccessMessageForOnlyTransactionAmount
]]></system-out>
  </testcase>
  <testcase name="tearDown" classname="zapcg.Capillary.EarnPointPageTestCases.EarnPoint_Valid_TestCases" time="0">
    <skipped/>
    <system-out><![CDATA[The name of the testcase Skipped is : verifySuccessMessageForRedeemPoint
]]></system-out>
  </testcase>
  <testcase name="tearDown" classname="zapcg.Capillary.EarnPointPageTestCases.EarnPoint_Valid_TestCases" time="0">
    <skipped/>
    <system-out><![CDATA[The name of the testcase Skipped is : verifyExceedThresoldSuccessMessage
]]></system-out>
  </testcase>
  <testcase name="tearDown" classname="zapcg.Capillary.EarnPointPageTestCases.EarnPoint_Valid_TestCases" time="0">
    <skipped/>
    <system-out><![CDATA[The name of the testcase Skipped is : verifyTaxAssumedAmount
]]></system-out>
  </testcase>
  <testcase name="tearDown" classname="zapcg.Capillary.EarnPointPageTestCases.EarnPoint_Valid_TestCases" time="0">
    <skipped/>
    <system-out><![CDATA[The name of the testcase Skipped is : verifyNonEditableLocationField
]]></system-out>
  </testcase>
  <testcase name="tearDown" classname="zapcg.Capillary.EarnPointPageTestCases.EarnPoint_Valid_TestCases" time="0">
    <skipped/>
    <system-out><![CDATA[The name of the testcase Skipped is : verifyNonEditableDateField
]]></system-out>
  </testcase>
  <testcase name="tearDown" classname="zapcg.Capillary.EarnPointPageTestCases.EarnPoint_Valid_TestCases" time="0">
    <skipped/>
    <system-out><![CDATA[The name of the testcase Skipped is : verifyNonEditableTimeField
]]></system-out>
  </testcase>
  <testcase name="tearDown" classname="zapcg.Capillary.EarnPointPageTestCases.EarnPoint_Valid_TestCases" time="0">
    <skipped/>
    <system-out><![CDATA[The name of the testcase Skipped is : verifyEarnPointsNavigationFromMeberDetailsScreen
]]></system-out>
  </testcase>
  <testcase name="tearDown" classname="zapcg.Capillary.EarnPointPageTestCases.EarnPoint_Valid_TestCases" time="0">
    <skipped/>
    <system-out><![CDATA[The name of the testcase Skipped is : verifyMemberDetailsContentDisplayingOnEarnPointScreen
]]></system-out>
  </testcase>
  <testcase name="tearDown" classname="zapcg.Capillary.EarnPointPageTestCases.EarnPoint_Valid_TestCases" time="0">
    <skipped/>
    <system-out><![CDATA[The name of the testcase Skipped is : verifyHeaderHyperlink
]]></system-out>
  </testcase>
  <testcase name="tearDown" classname="zapcg.Capillary.EarnPointPageTestCases.EarnPoint_Valid_TestCases" time="0">
    <skipped/>
    <system-out><![CDATA[The name of the testcase Skipped is : verifyBackButtonNavigation
]]></system-out>
  </testcase>
  <testcase name="tearDown" classname="zapcg.Capillary.EarnPointPageTestCases.EarnPoint_Valid_TestCases" time="0">
    <skipped/>
    <system-out><![CDATA[The name of the testcase Skipped is : verifyHamBurgerMemberLookupOption
]]></system-out>
  </testcase>
  <testcase name="tearDown" classname="zapcg.Capillary.EarnPointPageTestCases.EarnPoint_Valid_TestCases" time="0">
    <skipped/>
    <system-out><![CDATA[The name of the testcase Skipped is : verifyHamBurgerLocationOption
]]></system-out>
  </testcase>
  <testcase name="tearDown" classname="zapcg.Capillary.EarnPointPageTestCases.EarnPoint_Valid_TestCases" time="0">
    <skipped/>
    <system-out><![CDATA[The name of the testcase Skipped is : verifyHamBurgerLogoutOption
]]></system-out>
  </testcase>
  <testcase name="tearDown" classname="zapcg.Capillary.EarnPointPageTestCases.EarnPoint_Valid_TestCases" time="0">
    <skipped/>
    <system-out><![CDATA[The name of the testcase Skipped is : verifyDateEqualToSystemCurrentDate
]]></system-out>
  </testcase>
  <testcase name="tearDown" classname="zapcg.Capillary.EarnPointPageTestCases.EarnPoint_Valid_TestCases" time="0">
    <skipped/>
    <system-out><![CDATA[The name of the testcase Skipped is : verifyTimeEqualToSystemCurrentTime
]]></system-out>
  </testcase>
  <testcase name="tearDown" classname="zapcg.Capillary.EarnPointPageTestCases.EarnPoint_Valid_TestCases" time="0">
    <skipped/>
    <system-out><![CDATA[The name of the testcase Skipped is : verifyTransactionAmountShouldNotBeEmpty
]]></system-out>
  </testcase>
  <testcase name="tearDown" classname="zapcg.Capillary.EarnPointPageTestCases.EarnPoint_Valid_TestCases" time="0">
    <skipped/>
    <system-out><![CDATA[The name of the testcase Skipped is : emptyTxnAmountButGoToPassPointValue
]]></system-out>
  </testcase>
  <testcase name="tearDown" classname="zapcg.Capillary.EarnPointPageTestCases.EarnPoint_Valid_TestCases" time="0">
    <skipped/>
    <system-out><![CDATA[The name of the testcase Skipped is : verifyEligibleEarningPoints
]]></system-out>
  </testcase>
  <testcase name="tearDown" classname="zapcg.Capillary.EarnPointPageTestCases.EarnPoint_Valid_TestCases" time="0">
    <skipped/>
    <system-out><![CDATA[The name of the testcase Skipped is : verifySuccessMessageForOnlyTransactionAmount
]]></system-out>
  </testcase>
  <testcase name="tearDown" classname="zapcg.Capillary.EarnPointPageTestCases.EarnPoint_Valid_TestCases" time="0">
    <skipped/>
    <system-out><![CDATA[The name of the testcase Skipped is : verifySuccessMessageForRedeemPoint
]]></system-out>
  </testcase>
  <testcase name="tearDown" classname="zapcg.Capillary.EarnPointPageTestCases.EarnPoint_Valid_TestCases" time="0">
    <skipped/>
    <system-out><![CDATA[The name of the testcase Skipped is : verifyExceedThresoldSuccessMessage
]]></system-out>
  </testcase>
  <testcase name="tearDown" classname="zapcg.Capillary.EarnPointPageTestCases.EarnPoint_Valid_TestCases" time="0">
    <skipped/>
    <system-out><![CDATA[The name of the testcase Skipped is : verifyTaxAssumedAmount
]]></system-out>
  </testcase>
  <testcase name="tearDown" classname="zapcg.Capillary.EarnPointPageTestCases.EarnPoint_Valid_TestCases" time="0">
    <skipped/>
    <system-out><![CDATA[The name of the testcase Skipped is : verifyNonEditableLocationField
]]></system-out>
  </testcase>
  <testcase name="tearDown" classname="zapcg.Capillary.EarnPointPageTestCases.EarnPoint_Valid_TestCases" time="0">
    <skipped/>
    <system-out><![CDATA[The name of the testcase Skipped is : verifyNonEditableDateField
]]></system-out>
  </testcase>
  <testcase name="tearDown" classname="zapcg.Capillary.EarnPointPageTestCases.EarnPoint_Valid_TestCases" time="0">
    <skipped/>
    <system-out><![CDATA[The name of the testcase Skipped is : verifyNonEditableTimeField
]]></system-out>
  </testcase>
  <testcase name="tearDown" classname="zapcg.Capillary.EarnPointPageTestCases.EarnPoint_Valid_TestCases" time="0">
    <skipped/>
    <system-out><![CDATA[The name of the testcase Skipped is : verifyEarnPointsNavigationFromMeberDetailsScreen
]]></system-out>
  </testcase>
  <testcase name="tearDown" classname="zapcg.Capillary.EarnPointPageTestCases.EarnPoint_Valid_TestCases" time="0">
    <skipped/>
    <system-out><![CDATA[The name of the testcase Skipped is : verifyMemberDetailsContentDisplayingOnEarnPointScreen
]]></system-out>
  </testcase>
  <testcase name="tearDown" classname="zapcg.Capillary.EarnPointPageTestCases.EarnPoint_Valid_TestCases" time="0">
    <skipped/>
    <system-out><![CDATA[The name of the testcase Skipped is : verifyHeaderHyperlink
]]></system-out>
  </testcase>
  <testcase name="tearDown" classname="zapcg.Capillary.EarnPointPageTestCases.EarnPoint_Valid_TestCases" time="0">
    <skipped/>
    <system-out><![CDATA[The name of the testcase Skipped is : verifyBackButtonNavigation
]]></system-out>
  </testcase>
  <testcase name="tearDown" classname="zapcg.Capillary.EarnPointPageTestCases.EarnPoint_Valid_TestCases" time="0">
    <skipped/>
    <system-out><![CDATA[The name of the testcase Skipped is : verifyHamBurgerMemberLookupOption
]]></system-out>
  </testcase>
  <testcase name="tearDown" classname="zapcg.Capillary.EarnPointPageTestCases.EarnPoint_Valid_TestCases" time="0">
    <skipped/>
    <system-out><![CDATA[The name of the testcase Skipped is : verifyHamBurgerLocationOption
]]></system-out>
  </testcase>
  <testcase name="tearDown" classname="zapcg.Capillary.EarnPointPageTestCases.EarnPoint_Valid_TestCases" time="0">
    <skipped/>
    <system-out><![CDATA[The name of the testcase Skipped is : verifyHamBurgerLogoutOption
]]></system-out>
  </testcase>
  <testcase name="tearDown" classname="zapcg.Capillary.EarnPointPageTestCases.EarnPoint_Valid_TestCases" time="0">
    <skipped/>
    <system-out><![CDATA[The name of the testcase Skipped is : verifyDateEqualToSystemCurrentDate
]]></system-out>
  </testcase>
  <testcase name="tearDown" classname="zapcg.Capillary.EarnPointPageTestCases.EarnPoint_Valid_TestCases" time="0">
    <skipped/>
    <system-out><![CDATA[The name of the testcase Skipped is : verifyTimeEqualToSystemCurrentTime
]]></system-out>
  </testcase>
  <testcase name="tearDown" classname="zapcg.Capillary.EarnPointPageTestCases.EarnPoint_Valid_TestCases" time="0">
    <skipped/>
    <system-out><![CDATA[The name of the testcase Skipped is : verifyTransactionAmountShouldNotBeEmpty
]]></system-out>
  </testcase>
  <testcase name="tearDown" classname="zapcg.Capillary.EarnPointPageTestCases.EarnPoint_Valid_TestCases" time="0">
    <skipped/>
    <system-out><![CDATA[The name of the testcase Skipped is : emptyTxnAmountButGoToPassPointValue
]]></system-out>
  </testcase>
  <testcase name="tearDown" classname="zapcg.Capillary.EarnPointPageTestCases.EarnPoint_Valid_TestCases" time="0">
    <skipped/>
    <system-out><![CDATA[The name of the testcase Skipped is : verifyEligibleEarningPoints
]]></system-out>
  </testcase>
  <testcase name="tearDown" classname="zapcg.Capillary.EarnPointPageTestCases.EarnPoint_Valid_TestCases" time="0">
    <skipped/>
    <system-out><![CDATA[The name of the testcase Skipped is : verifySuccessMessageForOnlyTransactionAmount
]]></system-out>
  </testcase>
  <testcase name="tearDown" classname="zapcg.Capillary.EarnPointPageTestCases.EarnPoint_Valid_TestCases" time="0">
    <skipped/>
    <system-out><![CDATA[The name of the testcase Skipped is : verifySuccessMessageForRedeemPoint
]]></system-out>
  </testcase>
  <testcase name="tearDown" classname="zapcg.Capillary.EarnPointPageTestCases.EarnPoint_Valid_TestCases" time="0">
    <skipped/>
    <system-out><![CDATA[The name of the testcase Skipped is : verifyExceedThresoldSuccessMessage
]]></system-out>
  </testcase>
  <testcase name="tearDown" classname="zapcg.Capillary.EarnPointPageTestCases.EarnPoint_Valid_TestCases" time="0">
    <skipped/>
    <system-out><![CDATA[The name of the testcase Skipped is : verifyTaxAssumedAmount
]]></system-out>
  </testcase>
  <testcase name="tearDown" classname="zapcg.Capillary.EarnPointPageTestCases.EarnPoint_Valid_TestCases" time="0">
    <skipped/>
    <system-out><![CDATA[The name of the testcase Skipped is : verifyNonEditableLocationField
]]></system-out>
  </testcase>
  <testcase name="tearDown" classname="zapcg.Capillary.EarnPointPageTestCases.EarnPoint_Valid_TestCases" time="0">
    <skipped/>
    <system-out><![CDATA[The name of the testcase Skipped is : verifyNonEditableDateField
]]></system-out>
  </testcase>
  <testcase name="tearDown" classname="zapcg.Capillary.EarnPointPageTestCases.EarnPoint_Valid_TestCases" time="0">
    <skipped/>
    <system-out><![CDATA[The name of the testcase Skipped is : verifyNonEditableTimeField
]]></system-out>
  </testcase>
  <testcase name="tearDown" classname="zapcg.Capillary.EarnPointPageTestCases.EarnPoint_Valid_TestCases" time="0">
    <skipped/>
    <system-out><![CDATA[The name of the testcase Skipped is : verifyEarnPointsNavigationFromMeberDetailsScreen
]]></system-out>
  </testcase>
  <testcase name="tearDown" classname="zapcg.Capillary.EarnPointPageTestCases.EarnPoint_Valid_TestCases" time="0">
    <skipped/>
    <system-out><![CDATA[The name of the testcase Skipped is : verifyMemberDetailsContentDisplayingOnEarnPointScreen
]]></system-out>
  </testcase>
  <testcase name="tearDown" classname="zapcg.Capillary.EarnPointPageTestCases.EarnPoint_Valid_TestCases" time="0">
    <skipped/>
    <system-out><![CDATA[The name of the testcase Skipped is : verifyHeaderHyperlink
]]></system-out>
  </testcase>
  <testcase name="tearDown" classname="zapcg.Capillary.EarnPointPageTestCases.EarnPoint_Valid_TestCases" time="0">
    <skipped/>
    <system-out><![CDATA[The name of the testcase Skipped is : verifyBackButtonNavigation
]]></system-out>
  </testcase>
  <testcase name="tearDown" classname="zapcg.Capillary.EarnPointPageTestCases.EarnPoint_Valid_TestCases" time="0">
    <skipped/>
    <system-out><![CDATA[The name of the testcase Skipped is : verifyHamBurgerMemberLookupOption
]]></system-out>
  </testcase>
  <testcase name="tearDown" classname="zapcg.Capillary.EarnPointPageTestCases.EarnPoint_Valid_TestCases" time="0">
    <skipped/>
    <system-out><![CDATA[The name of the testcase Skipped is : verifyHamBurgerLocationOption
]]></system-out>
  </testcase>
  <testcase name="tearDown" classname="zapcg.Capillary.EarnPointPageTestCases.EarnPoint_Valid_TestCases" time="0">
    <skipped/>
    <system-out><![CDATA[The name of the testcase Skipped is : verifyHamBurgerLogoutOption
]]></system-out>
  </testcase>
  <testcase name="tearDown" classname="zapcg.Capillary.EarnPointPageTestCases.EarnPoint_Valid_TestCases" time="0">
    <skipped/>
    <system-out><![CDATA[The name of the testcase Skipped is : verifyDateEqualToSystemCurrentDate
]]></system-out>
  </testcase>
  <testcase name="tearDown" classname="zapcg.Capillary.EarnPointPageTestCases.EarnPoint_Valid_TestCases" time="0">
    <skipped/>
    <system-out><![CDATA[The name of the testcase Skipped is : verifyTimeEqualToSystemCurrentTime
]]></system-out>
  </testcase>
  <testcase name="tearDown" classname="zapcg.Capillary.EarnPointPageTestCases.EarnPoint_Valid_TestCases" time="0">
    <skipped/>
    <system-out><![CDATA[The name of the testcase Skipped is : verifyTransactionAmountShouldNotBeEmpty
]]></system-out>
  </testcase>
  <testcase name="tearDown" classname="zapcg.Capillary.EarnPointPageTestCases.EarnPoint_Valid_TestCases" time="0">
    <skipped/>
    <system-out><![CDATA[The name of the testcase Skipped is : emptyTxnAmountButGoToPassPointValue
]]></system-out>
  </testcase>
  <testcase name="tearDown" classname="zapcg.Capillary.EarnPointPageTestCases.EarnPoint_Valid_TestCases" time="0">
    <skipped/>
    <system-out><![CDATA[The name of the testcase Skipped is : verifyEligibleEarningPoints
]]></system-out>
  </testcase>
  <testcase name="tearDown" classname="zapcg.Capillary.EarnPointPageTestCases.EarnPoint_Valid_TestCases" time="0">
    <skipped/>
    <system-out><![CDATA[The name of the testcase Skipped is : verifySuccessMessageForOnlyTransactionAmount
]]></system-out>
  </testcase>
  <testcase name="tearDown" classname="zapcg.Capillary.EarnPointPageTestCases.EarnPoint_Valid_TestCases" time="0">
    <skipped/>
    <system-out><![CDATA[The name of the testcase Skipped is : verifySuccessMessageForRedeemPoint
]]></system-out>
  </testcase>
  <testcase name="tearDown" classname="zapcg.Capillary.EarnPointPageTestCases.EarnPoint_Valid_TestCases" time="0">
    <skipped/>
    <system-out><![CDATA[The name of the testcase Skipped is : verifyExceedThresoldSuccessMessage
]]></system-out>
  </testcase>
  <testcase name="tearDown" classname="zapcg.Capillary.EarnPointPageTestCases.EarnPoint_Valid_TestCases" time="0">
    <skipped/>
    <system-out><![CDATA[The name of the testcase Skipped is : verifyTaxAssumedAmount
]]></system-out>
  </testcase>
  <testcase name="initialize" classname="zapcg.Capillary.EarnPointPageTestCases.EarnPoint_Valid_TestCases" time="0">
    <skipped/>
  </testcase>
  <testcase name="initialize" classname="zapcg.Capillary.EarnPointPageTestCases.EarnPoint_Valid_TestCases" time="0">
    <skipped/>
  </testcase>
  <testcase name="initialize" classname="zapcg.Capillary.EarnPointPageTestCases.EarnPoint_Valid_TestCases" time="0">
    <skipped/>
  </testcase>
  <testcase name="initialize" classname="zapcg.Capillary.EarnPointPageTestCases.EarnPoint_Valid_TestCases" time="0">
    <skipped/>
  </testcase>
  <testcase name="initialize" classname="zapcg.Capillary.EarnPointPageTestCases.EarnPoint_Valid_TestCases" time="0">
    <skipped/>
  </testcase>
  <testcase name="initialize" classname="zapcg.Capillary.EarnPointPageTestCases.EarnPoint_Valid_TestCases" time="0">
    <skipped/>
  </testcase>
  <testcase name="initialize" classname="zapcg.Capillary.EarnPointPageTestCases.EarnPoint_Valid_TestCases" time="0">
    <skipped/>
  </testcase>
  <testcase name="initialize" classname="zapcg.Capillary.EarnPointPageTestCases.EarnPoint_Valid_TestCases" time="0">
    <skipped/>
  </testcase>
  <testcase name="initialize" classname="zapcg.Capillary.EarnPointPageTestCases.EarnPoint_Valid_TestCases" time="0">
    <skipped/>
  </testcase>
  <testcase name="initialize" classname="zapcg.Capillary.EarnPointPageTestCases.EarnPoint_Valid_TestCases" time="0">
    <skipped/>
  </testcase>
  <testcase name="initialize" classname="zapcg.Capillary.EarnPointPageTestCases.EarnPoint_Valid_TestCases" time="0">
    <skipped/>
    <system-out><![CDATA[The name of the testcase passed is : testTooLongUsername_TestCase4
Test execution completed on ChromeDriver with device: Galaxy S20 Portrait
]]></system-out>
  </testcase>
  <testcase name="initialize" classname="zapcg.Capillary.EarnPointPageTestCases.EarnPoint_Valid_TestCases" time="0">
    <skipped/>
  </testcase>
  <testcase name="initialize" classname="zapcg.Capillary.EarnPointPageTestCases.EarnPoint_Valid_TestCases" time="0">
    <skipped/>
  </testcase>
  <testcase name="initialize" classname="zapcg.Capillary.EarnPointPageTestCases.EarnPoint_Valid_TestCases" time="0">
    <skipped/>
  </testcase>
  <testcase name="initialize" classname="zapcg.Capillary.EarnPointPageTestCases.EarnPoint_Valid_TestCases" time="0">
    <skipped/>
  </testcase>
  <testcase name="initialize" classname="zapcg.Capillary.EarnPointPageTestCases.EarnPoint_Valid_TestCases" time="0">
    <skipped/>
    <system-out><![CDATA[The name of the testcase passed is : verifyForDisabledLoginButtonForEmptyPassword_TestCase9
Test execution completed on ChromeDriver with device: Galaxy S20 Portrait
]]></system-out>
  </testcase>
  <testcase name="initialize" classname="zapcg.Capillary.EarnPointPageTestCases.EarnPoint_Valid_TestCases" time="0">
    <skipped/>
    <system-out><![CDATA[The name of the testcase passed is : verifyForDisabledLoginButtonForEmptyUsernamePassword_TestCase10
Test execution completed on ChromeDriver with device: Galaxy S20 Portrait
]]></system-out>
  </testcase>
  <testcase name="initialize" classname="zapcg.Capillary.EarnPointPageTestCases.EarnPoint_Valid_TestCases" time="0">
    <skipped/>
    <system-out><![CDATA[The name of the testcase passed is : chooseValidLocationForNewUser
Test execution completed on ChromeDriver with device: Galaxy S20 Portrait
]]></system-out>
  </testcase>
  <testcase name="initialize" classname="zapcg.Capillary.EarnPointPageTestCases.EarnPoint_Valid_TestCases" time="0">
    <skipped/>
    <system-out><![CDATA[The name of the testcase passed is : verifyDropDownAvailability
Test execution completed on ChromeDriver with device: Galaxy S20 Portrait
]]></system-out>
  </testcase>
  <testcase name="initialize" classname="zapcg.Capillary.EarnPointPageTestCases.EarnPoint_Valid_TestCases" time="0">
    <skipped/>
    <system-out><![CDATA[The name of the testcase passed is : verifyIfAbleToSelectOptionFromDropDown
Test execution completed on ChromeDriver with device: Galaxy S20 Portrait
]]></system-out>
  </testcase>
  <testcase name="initialize" classname="zapcg.Capillary.EarnPointPageTestCases.EarnPoint_Valid_TestCases" time="0">
    <skipped/>
  </testcase>
  <testcase name="initialize" classname="zapcg.Capillary.EarnPointPageTestCases.EarnPoint_Valid_TestCases" time="0">
    <skipped/>
  </testcase>
  <testcase name="initialize" classname="zapcg.Capillary.EarnPointPageTestCases.EarnPoint_Valid_TestCases" time="0">
    <skipped/>
  </testcase>
  <testcase name="initialize" classname="zapcg.Capillary.EarnPointPageTestCases.EarnPoint_Valid_TestCases" time="0">
    <skipped/>
  </testcase>
  <testcase name="initialize" classname="zapcg.Capillary.EarnPointPageTestCases.EarnPoint_Valid_TestCases" time="0">
    <skipped/>
  </testcase>
  <testcase name="initialize" classname="zapcg.Capillary.EarnPointPageTestCases.EarnPoint_Valid_TestCases" time="0">
    <skipped/>
  </testcase>
  <testcase name="initialize" classname="zapcg.Capillary.EarnPointPageTestCases.EarnPoint_Valid_TestCases" time="0">
    <skipped/>
  </testcase>
  <testcase name="initialize" classname="zapcg.Capillary.EarnPointPageTestCases.EarnPoint_Valid_TestCases" time="0">
    <skipped/>
  </testcase>
  <testcase name="initialize" classname="zapcg.Capillary.EarnPointPageTestCases.EarnPoint_Valid_TestCases" time="0">
    <skipped/>
  </testcase>
  <testcase name="initialize" classname="zapcg.Capillary.EarnPointPageTestCases.EarnPoint_Valid_TestCases" time="0">
    <skipped/>
  </testcase>
  <testcase name="initialize" classname="zapcg.Capillary.EarnPointPageTestCases.EarnPoint_Valid_TestCases" time="0">
    <skipped/>
  </testcase>
  <testcase name="initialize" classname="zapcg.Capillary.EarnPointPageTestCases.EarnPoint_Valid_TestCases" time="0">
    <skipped/>
  </testcase>
  <testcase name="initialize" classname="zapcg.Capillary.EarnPointPageTestCases.EarnPoint_Valid_TestCases" time="0">
    <skipped/>
  </testcase>
  <testcase name="initialize" classname="zapcg.Capillary.EarnPointPageTestCases.EarnPoint_Valid_TestCases" time="0">
    <skipped/>
  </testcase>
  <testcase name="initialize" classname="zapcg.Capillary.EarnPointPageTestCases.EarnPoint_Valid_TestCases" time="0">
    <skipped/>
  </testcase>
  <testcase name="initialize" classname="zapcg.Capillary.EarnPointPageTestCases.EarnPoint_Valid_TestCases" time="0">
    <skipped/>
  </testcase>
  <testcase name="initialize" classname="zapcg.Capillary.EarnPointPageTestCases.EarnPoint_Valid_TestCases" time="0">
    <skipped/>
    <system-out><![CDATA[The name of the testcase passed is : testTooLongUsername_TestCase4
Test execution completed on FirefoxDriver with device: iPhone 11 Pro Portrait
]]></system-out>
  </testcase>
  <testcase name="initialize" classname="zapcg.Capillary.EarnPointPageTestCases.EarnPoint_Valid_TestCases" time="0">
    <skipped/>
  </testcase>
  <testcase name="initialize" classname="zapcg.Capillary.EarnPointPageTestCases.EarnPoint_Valid_TestCases" time="0">
    <skipped/>
  </testcase>
  <testcase name="initialize" classname="zapcg.Capillary.EarnPointPageTestCases.EarnPoint_Valid_TestCases" time="0">
    <skipped/>
  </testcase>
  <testcase name="initialize" classname="zapcg.Capillary.EarnPointPageTestCases.EarnPoint_Valid_TestCases" time="0">
    <skipped/>
  </testcase>
  <testcase name="initialize" classname="zapcg.Capillary.EarnPointPageTestCases.EarnPoint_Valid_TestCases" time="0">
    <skipped/>
    <system-out><![CDATA[The name of the testcase passed is : verifyForDisabledLoginButtonForEmptyPassword_TestCase9
Test execution completed on FirefoxDriver with device: iPhone 11 Pro Portrait
]]></system-out>
  </testcase>
  <testcase name="initialize" classname="zapcg.Capillary.EarnPointPageTestCases.EarnPoint_Valid_TestCases" time="0">
    <skipped/>
    <system-out><![CDATA[The name of the testcase passed is : verifyForDisabledLoginButtonForEmptyUsernamePassword_TestCase10
Test execution completed on FirefoxDriver with device: iPhone 11 Pro Portrait
]]></system-out>
  </testcase>
  <testcase name="initialize" classname="zapcg.Capillary.EarnPointPageTestCases.EarnPoint_Valid_TestCases" time="0">
    <skipped/>
  </testcase>
  <testcase name="initialize" classname="zapcg.Capillary.EarnPointPageTestCases.EarnPoint_Valid_TestCases" time="0">
    <skipped/>
  </testcase>
  <testcase name="initialize" classname="zapcg.Capillary.EarnPointPageTestCases.EarnPoint_Valid_TestCases" time="0">
    <skipped/>
  </testcase>
  <testcase name="initialize" classname="zapcg.Capillary.EarnPointPageTestCases.EarnPoint_Valid_TestCases" time="0">
    <skipped/>
  </testcase>
  <testcase name="initialize" classname="zapcg.Capillary.EarnPointPageTestCases.EarnPoint_Valid_TestCases" time="0">
    <skipped/>
  </testcase>
  <testcase name="initialize" classname="zapcg.Capillary.EarnPointPageTestCases.EarnPoint_Valid_TestCases" time="0">
    <skipped/>
  </testcase>
  <testcase name="initialize" classname="zapcg.Capillary.EarnPointPageTestCases.EarnPoint_Valid_TestCases" time="0">
    <skipped/>
  </testcase>
  <testcase name="initialize" classname="zapcg.Capillary.EarnPointPageTestCases.EarnPoint_Valid_TestCases" time="0">
    <skipped/>
  </testcase>
  <testcase name="initialize" classname="zapcg.Capillary.EarnPointPageTestCases.EarnPoint_Valid_TestCases" time="0">
    <skipped/>
  </testcase>
  <testcase name="initialize" classname="zapcg.Capillary.EarnPointPageTestCases.EarnPoint_Valid_TestCases" time="0">
    <skipped/>
  </testcase>
  <testcase name="initialize" classname="zapcg.Capillary.EarnPointPageTestCases.EarnPoint_Valid_TestCases" time="0">
    <skipped/>
  </testcase>
  <testcase name="initialize" classname="zapcg.Capillary.EarnPointPageTestCases.EarnPoint_Valid_TestCases" time="0">
    <skipped/>
    <system-out><![CDATA[The name of the testcase passed is : testTooLongUsername_TestCase4
Test execution completed on FirefoxDriver with device: iPhone 11 Pro Landscape
]]></system-out>
  </testcase>
  <testcase name="initialize" classname="zapcg.Capillary.EarnPointPageTestCases.EarnPoint_Valid_TestCases" time="0">
    <skipped/>
  </testcase>
  <testcase name="initialize" classname="zapcg.Capillary.EarnPointPageTestCases.EarnPoint_Valid_TestCases" time="0">
    <skipped/>
  </testcase>
  <testcase name="initialize" classname="zapcg.Capillary.EarnPointPageTestCases.EarnPoint_Valid_TestCases" time="0">
    <skipped/>
  </testcase>
  <testcase name="initialize" classname="zapcg.Capillary.EarnPointPageTestCases.EarnPoint_Valid_TestCases" time="0">
    <skipped/>
  </testcase>
  <testcase name="initialize" classname="zapcg.Capillary.EarnPointPageTestCases.EarnPoint_Valid_TestCases" time="0">
    <skipped/>
    <system-out><![CDATA[The name of the testcase passed is : verifyForDisabledLoginButtonForEmptyPassword_TestCase9
Test execution completed on FirefoxDriver with device: iPhone 11 Pro Landscape
]]></system-out>
  </testcase>
  <testcase name="initialize" classname="zapcg.Capillary.EarnPointPageTestCases.EarnPoint_Valid_TestCases" time="0">
    <skipped/>
    <system-out><![CDATA[The name of the testcase passed is : verifyForDisabledLoginButtonForEmptyUsernamePassword_TestCase10
Test execution completed on FirefoxDriver with device: iPhone 11 Pro Landscape
]]></system-out>
  </testcase>
  <testcase name="initialize" classname="zapcg.Capillary.EarnPointPageTestCases.EarnPoint_Valid_TestCases" time="0">
    <skipped/>
  </testcase>
  <testcase name="initialize" classname="zapcg.Capillary.EarnPointPageTestCases.EarnPoint_Valid_TestCases" time="0">
    <skipped/>
  </testcase>
  <testcase name="initialize" classname="zapcg.Capillary.EarnPointPageTestCases.EarnPoint_Valid_TestCases" time="0">
    <skipped/>
  </testcase>
  <testcase name="initialize" classname="zapcg.Capillary.EarnPointPageTestCases.EarnPoint_Valid_TestCases" time="0">
    <skipped/>
  </testcase>
  <testcase name="initialize" classname="zapcg.Capillary.EarnPointPageTestCases.EarnPoint_Valid_TestCases" time="0">
    <skipped/>
  </testcase>
  <testcase name="initialize" classname="zapcg.Capillary.EarnPointPageTestCases.EarnPoint_Valid_TestCases" time="0">
    <skipped/>
  </testcase>
  <testcase name="initialize" classname="zapcg.Capillary.EarnPointPageTestCases.EarnPoint_Valid_TestCases" time="0">
    <skipped/>
  </testcase>
  <testcase name="initialize" classname="zapcg.Capillary.EarnPointPageTestCases.EarnPoint_Valid_TestCases" time="0">
    <skipped/>
  </testcase>
  <testcase name="initialize" classname="zapcg.Capillary.EarnPointPageTestCases.EarnPoint_Valid_TestCases" time="0">
    <skipped/>
  </testcase>
  <testcase name="initialize" classname="zapcg.Capillary.EarnPointPageTestCases.EarnPoint_Valid_TestCases" time="0">
    <skipped/>
  </testcase>
  <testcase name="initialize" classname="zapcg.Capillary.EarnPointPageTestCases.EarnPoint_Valid_TestCases" time="0">
    <skipped/>
  </testcase>
  <testcase name="initialize" classname="zapcg.Capillary.EarnPointPageTestCases.EarnPoint_Valid_TestCases" time="0">
    <skipped/>
    <system-out><![CDATA[The name of the testcase passed is : testTooLongUsername_TestCase4
Test execution completed on FirefoxDriver with device: Galaxy S20 Portrait
]]></system-out>
  </testcase>
  <testcase name="initialize" classname="zapcg.Capillary.EarnPointPageTestCases.EarnPoint_Valid_TestCases" time="0">
    <skipped/>
  </testcase>
  <testcase name="initialize" classname="zapcg.Capillary.EarnPointPageTestCases.EarnPoint_Valid_TestCases" time="0">
    <skipped/>
  </testcase>
  <testcase name="initialize" classname="zapcg.Capillary.EarnPointPageTestCases.EarnPoint_Valid_TestCases" time="0">
    <skipped/>
  </testcase>
  <testcase name="initialize" classname="zapcg.Capillary.EarnPointPageTestCases.EarnPoint_Valid_TestCases" time="0">
    <skipped/>
  </testcase>
  <testcase name="initialize" classname="zapcg.Capillary.EarnPointPageTestCases.EarnPoint_Valid_TestCases" time="0">
    <skipped/>
    <system-out><![CDATA[The name of the testcase passed is : verifyForDisabledLoginButtonForEmptyPassword_TestCase9
Test execution completed on FirefoxDriver with device: Galaxy S20 Portrait
]]></system-out>
  </testcase>
  <testcase name="initialize" classname="zapcg.Capillary.EarnPointPageTestCases.EarnPoint_Valid_TestCases" time="0">
    <skipped/>
    <system-out><![CDATA[The name of the testcase passed is : verifyForDisabledLoginButtonForEmptyUsernamePassword_TestCase10
Test execution completed on FirefoxDriver with device: Galaxy S20 Portrait
]]></system-out>
  </testcase>
  <testcase name="initialize" classname="zapcg.Capillary.EarnPointPageTestCases.EarnPoint_Valid_TestCases" time="0">
    <skipped/>
  </testcase>
  <testcase name="initialize" classname="zapcg.Capillary.EarnPointPageTestCases.EarnPoint_Valid_TestCases" time="0">
    <skipped/>
  </testcase>
  <testcase name="initialize" classname="zapcg.Capillary.EarnPointPageTestCases.EarnPoint_Valid_TestCases" time="0">
    <skipped/>
  </testcase>
  <testcase name="initialize" classname="zapcg.Capillary.EarnPointPageTestCases.EarnPoint_Valid_TestCases" time="0">
    <skipped/>
  </testcase>
  <testcase name="initialize" classname="zapcg.Capillary.EarnPointPageTestCases.EarnPoint_Valid_TestCases" time="0">
    <skipped/>
  </testcase>
  <testcase name="initialize" classname="zapcg.Capillary.EarnPointPageTestCases.EarnPoint_Valid_TestCases" time="0">
    <skipped/>
  </testcase>
  <testcase name="initialize" classname="zapcg.Capillary.EarnPointPageTestCases.EarnPoint_Valid_TestCases" time="0">
    <skipped/>
  </testcase>
  <testcase name="initialize" classname="zapcg.Capillary.EarnPointPageTestCases.EarnPoint_Valid_TestCases" time="0">
    <skipped/>
  </testcase>
  <testcase name="initialize" classname="zapcg.Capillary.EarnPointPageTestCases.EarnPoint_Valid_TestCases" time="0">
    <skipped/>
  </testcase>
  <testcase name="initialize" classname="zapcg.Capillary.EarnPointPageTestCases.EarnPoint_Valid_TestCases" time="0">
    <skipped/>
  </testcase>
  <testcase name="initialize" classname="zapcg.Capillary.EarnPointPageTestCases.EarnPoint_Valid_TestCases" time="0">
    <skipped/>
  </testcase>
  <testcase name="initialize" classname="zapcg.Capillary.EarnPointPageTestCases.EarnPoint_Valid_TestCases" time="0">
    <skipped/>
    <system-out><![CDATA[The name of the testcase passed is : testTooLongUsername_TestCase4
Test execution completed on FirefoxDriver with device: Galaxy S20 Landscape
]]></system-out>
  </testcase>
  <testcase name="initialize" classname="zapcg.Capillary.EarnPointPageTestCases.EarnPoint_Valid_TestCases" time="0">
    <skipped/>
  </testcase>
  <testcase name="initialize" classname="zapcg.Capillary.EarnPointPageTestCases.EarnPoint_Valid_TestCases" time="0">
    <skipped/>
  </testcase>
  <testcase name="initialize" classname="zapcg.Capillary.EarnPointPageTestCases.EarnPoint_Valid_TestCases" time="0">
    <skipped/>
  </testcase>
  <testcase name="initialize" classname="zapcg.Capillary.EarnPointPageTestCases.EarnPoint_Valid_TestCases" time="0">
    <skipped/>
  </testcase>
  <testcase name="initialize" classname="zapcg.Capillary.EarnPointPageTestCases.EarnPoint_Valid_TestCases" time="0">
    <skipped/>
    <system-out><![CDATA[The name of the testcase passed is : verifyForDisabledLoginButtonForEmptyPassword_TestCase9
Test execution completed on FirefoxDriver with device: Galaxy S20 Landscape
]]></system-out>
  </testcase>
  <testcase name="initialize" classname="zapcg.Capillary.EarnPointPageTestCases.EarnPoint_Valid_TestCases" time="0">
    <skipped/>
    <system-out><![CDATA[The name of the testcase passed is : verifyForDisabledLoginButtonForEmptyUsernamePassword_TestCase10
Test execution completed on FirefoxDriver with device: Galaxy S20 Landscape
]]></system-out>
  </testcase>
  <testcase name="initialize" classname="zapcg.Capillary.EarnPointPageTestCases.EarnPoint_Valid_TestCases" time="0">
    <skipped/>
  </testcase>
  <testcase name="initialize" classname="zapcg.Capillary.EarnPointPageTestCases.EarnPoint_Valid_TestCases" time="0">
    <skipped/>
  </testcase>
  <testcase name="initialize" classname="zapcg.Capillary.EarnPointPageTestCases.EarnPoint_Valid_TestCases" time="0">
    <skipped/>
  </testcase>
  <testcase name="initialize" classname="zapcg.Capillary.EarnPointPageTestCases.EarnPoint_Valid_TestCases" time="0">
    <skipped/>
  </testcase>
  <testcase name="initialize" classname="zapcg.Capillary.EarnPointPageTestCases.EarnPoint_Valid_TestCases" time="0">
    <skipped/>
  </testcase>
  <testcase name="initialize" classname="zapcg.Capillary.EarnPointPageTestCases.EarnPoint_Valid_TestCases" time="0">
    <skipped/>
  </testcase>
  <testcase name="initialize" classname="zapcg.Capillary.EarnPointPageTestCases.EarnPoint_Valid_TestCases" time="0">
    <skipped/>
  </testcase>
  <testcase name="initialize" classname="zapcg.Capillary.EarnPointPageTestCases.EarnPoint_Valid_TestCases" time="0">
    <skipped/>
  </testcase>
  <testcase name="initialize" classname="zapcg.Capillary.EarnPointPageTestCases.EarnPoint_Valid_TestCases" time="0">
    <skipped/>
  </testcase>
  <testcase name="initialize[chrome, Galaxy S20 Portrait](0)" classname="zapcg.Capillary.EarnPointPageTestCases.EarnPoint_Valid_TestCases" time="33.771">
    <failure message="no such element: Unable to locate element: {&quot;method&quot;:&quot;css selector&quot;,&quot;selector&quot;:&quot;#MS016IN&quot;}&#10;  (Session info: chrome=126.0.6478.57)&#10;For documentation on this error, please visit: https://www.selenium.dev/documentation/webdriver/troubleshooting/errors#no-such-element-exception&#10;Build info: version: &apos;4.22.0&apos;, revision: &apos;c5f3146703*&apos;&#10;System info: os.name: &apos;Windows 10&apos;, os.arch: &apos;amd64&apos;, os.version: &apos;10.0&apos;, java.version: &apos;15.0.2&apos;&#10;Driver info: org.openqa.selenium.chrome.ChromeDriver&#10;Command: [1f56e95d6f707bd6649fad7f7b45f988, findElement {value=MS016IN, using=id}]&#10;Capabilities {acceptInsecureCerts: false, browserName: chrome, browserVersion: 126.0.6478.57, chrome: {chromedriverVersion: 126.0.6478.126 (d36ace6122e..., userDataDir: C:\Users\KAJALS~1\AppData\L...}, fedcm:accounts: true, goog:chromeOptions: {debuggerAddress: localhost:65121}, networkConnectionEnabled: false, pageLoadStrategy: normal, platformName: windows, proxy: Proxy(), se:cdp: ws://localhost:65121/devtoo..., se:cdpVersion: 126.0.6478.57, setWindowRect: true, strictFileInteractability: false, timeouts: {implicit: 0, pageLoad: 300000, script: 30000}, unhandledPromptBehavior: dismiss and notify, webauthn:extension:credBlob: true, webauthn:extension:largeBlob: true, webauthn:extension:minPinLength: true, webauthn:extension:prf: true, webauthn:virtualAuthenticators: true}&#10;Session ID: 1f56e95d6f707bd6649fad7f7b45f988" type="org.openqa.selenium.NoSuchElementException"><![CDATA[org.openqa.selenium.NoSuchElementException: 
no such element: Unable to locate element: {"method":"css selector","selector":"#MS016IN"}
  (Session info: chrome=126.0.6478.57)
For documentation on this error, please visit: https://www.selenium.dev/documentation/webdriver/troubleshooting/errors#no-such-element-exception
Build info: version: '4.22.0', revision: 'c5f3146703*'
System info: os.name: 'Windows 10', os.arch: 'amd64', os.version: '10.0', java.version: '15.0.2'
Driver info: org.openqa.selenium.chrome.ChromeDriver
Command: [1f56e95d6f707bd6649fad7f7b45f988, findElement {value=MS016IN, using=id}]
Capabilities {acceptInsecureCerts: false, browserName: chrome, browserVersion: 126.0.6478.57, chrome: {chromedriverVersion: 126.0.6478.126 (d36ace6122e..., userDataDir: C:\Users\KAJALS~1\AppData\L...}, fedcm:accounts: true, goog:chromeOptions: {debuggerAddress: localhost:65121}, networkConnectionEnabled: false, pageLoadStrategy: normal, platformName: windows, proxy: Proxy(), se:cdp: ws://localhost:65121/devtoo..., se:cdpVersion: 126.0.6478.57, setWindowRect: true, strictFileInteractability: false, timeouts: {implicit: 0, pageLoad: 300000, script: 30000}, unhandledPromptBehavior: dismiss and notify, webauthn:extension:credBlob: true, webauthn:extension:largeBlob: true, webauthn:extension:minPinLength: true, webauthn:extension:prf: true, webauthn:virtualAuthenticators: true}
Session ID: 1f56e95d6f707bd6649fad7f7b45f988
	at zapcg.Capillary.EarnPointPageTestCases.EarnPoint_Valid_TestCases.initialize(EarnPoint_Valid_TestCases.java:40)
]]></failure>
  </testcase>
  <testcase name="initialize[firefox, Tablet Landscape](0)" classname="zapcg.Capillary.EarnPointPageTestCases.EarnPoint_Valid_TestCases" time="38.595">
    <failure message="Unable to locate element: #MS016IN&#10;For documentation on this error, please visit: https://www.selenium.dev/documentation/webdriver/troubleshooting/errors#no-such-element-exception&#10;Build info: version: &apos;4.22.0&apos;, revision: &apos;c5f3146703*&apos;&#10;System info: os.name: &apos;Windows 10&apos;, os.arch: &apos;amd64&apos;, os.version: &apos;10.0&apos;, java.version: &apos;15.0.2&apos;&#10;Driver info: org.openqa.selenium.firefox.FirefoxDriver&#10;Command: [0a977a7e-c72a-4f75-8b97-ea8e98741053, findElement {value=MS016IN, using=id}]&#10;Capabilities {acceptInsecureCerts: true, browserName: firefox, browserVersion: 128.0, moz:accessibilityChecks: false, moz:buildID: 20240628091536, moz:debuggerAddress: 127.0.0.1:41240, moz:geckodriverVersion: 0.34.0, moz:headless: false, moz:platformVersion: 10.0, moz:processID: 58116, moz:profile: C:\Users\KAJALS~1\AppData\L..., moz:shutdownTimeout: 60000, moz:webdriverClick: true, moz:windowless: false, pageLoadStrategy: normal, platformName: windows, proxy: Proxy(), se:cdp: ws://127.0.0.1:41240/devtoo..., se:cdpVersion: 85.0, setWindowRect: true, strictFileInteractability: false, timeouts: {implicit: 0, pageLoad: 300000, script: 30000}, unhandledPromptBehavior: dismiss and notify, userAgent: Mozilla/5.0 (Windows NT 10....}&#10;Session ID: 0a977a7e-c72a-4f75-8b97-ea8e98741053" type="org.openqa.selenium.NoSuchElementException"><![CDATA[org.openqa.selenium.NoSuchElementException: 
Unable to locate element: #MS016IN
For documentation on this error, please visit: https://www.selenium.dev/documentation/webdriver/troubleshooting/errors#no-such-element-exception
Build info: version: '4.22.0', revision: 'c5f3146703*'
System info: os.name: 'Windows 10', os.arch: 'amd64', os.version: '10.0', java.version: '15.0.2'
Driver info: org.openqa.selenium.firefox.FirefoxDriver
Command: [0a977a7e-c72a-4f75-8b97-ea8e98741053, findElement {value=MS016IN, using=id}]
Capabilities {acceptInsecureCerts: true, browserName: firefox, browserVersion: 128.0, moz:accessibilityChecks: false, moz:buildID: 20240628091536, moz:debuggerAddress: 127.0.0.1:41240, moz:geckodriverVersion: 0.34.0, moz:headless: false, moz:platformVersion: 10.0, moz:processID: 58116, moz:profile: C:\Users\KAJALS~1\AppData\L..., moz:shutdownTimeout: 60000, moz:webdriverClick: true, moz:windowless: false, pageLoadStrategy: normal, platformName: windows, proxy: Proxy(), se:cdp: ws://127.0.0.1:41240/devtoo..., se:cdpVersion: 85.0, setWindowRect: true, strictFileInteractability: false, timeouts: {implicit: 0, pageLoad: 300000, script: 30000}, unhandledPromptBehavior: dismiss and notify, userAgent: Mozilla/5.0 (Windows NT 10....}
Session ID: 0a977a7e-c72a-4f75-8b97-ea8e98741053
	at zapcg.Capillary.EarnPointPageTestCases.EarnPoint_Valid_TestCases.initialize(EarnPoint_Valid_TestCases.java:40)
]]></failure>
  </testcase>
  <testcase name="initialize[firefox, iPhone 11 Pro Portrait](0)" classname="zapcg.Capillary.EarnPointPageTestCases.EarnPoint_Valid_TestCases" time="38.509">
    <failure message="Unable to locate element: #MS016IN&#10;For documentation on this error, please visit: https://www.selenium.dev/documentation/webdriver/troubleshooting/errors#no-such-element-exception&#10;Build info: version: &apos;4.22.0&apos;, revision: &apos;c5f3146703*&apos;&#10;System info: os.name: &apos;Windows 10&apos;, os.arch: &apos;amd64&apos;, os.version: &apos;10.0&apos;, java.version: &apos;15.0.2&apos;&#10;Driver info: org.openqa.selenium.firefox.FirefoxDriver&#10;Command: [58917e30-005a-4e0a-9646-9ba182850487, findElement {value=MS016IN, using=id}]&#10;Capabilities {acceptInsecureCerts: true, browserName: firefox, browserVersion: 128.0, moz:accessibilityChecks: false, moz:buildID: 20240628091536, moz:debuggerAddress: 127.0.0.1:24998, moz:geckodriverVersion: 0.34.0, moz:headless: false, moz:platformVersion: 10.0, moz:processID: 58832, moz:profile: C:\Users\KAJALS~1\AppData\L..., moz:shutdownTimeout: 60000, moz:webdriverClick: true, moz:windowless: false, pageLoadStrategy: normal, platformName: windows, proxy: Proxy(), se:cdp: ws://127.0.0.1:24998/devtoo..., se:cdpVersion: 85.0, setWindowRect: true, strictFileInteractability: false, timeouts: {implicit: 0, pageLoad: 300000, script: 30000}, unhandledPromptBehavior: dismiss and notify, userAgent: Mozilla/5.0 (Windows NT 10....}&#10;Session ID: 58917e30-005a-4e0a-9646-9ba182850487" type="org.openqa.selenium.NoSuchElementException"><![CDATA[org.openqa.selenium.NoSuchElementException: 
Unable to locate element: #MS016IN
For documentation on this error, please visit: https://www.selenium.dev/documentation/webdriver/troubleshooting/errors#no-such-element-exception
Build info: version: '4.22.0', revision: 'c5f3146703*'
System info: os.name: 'Windows 10', os.arch: 'amd64', os.version: '10.0', java.version: '15.0.2'
Driver info: org.openqa.selenium.firefox.FirefoxDriver
Command: [58917e30-005a-4e0a-9646-9ba182850487, findElement {value=MS016IN, using=id}]
Capabilities {acceptInsecureCerts: true, browserName: firefox, browserVersion: 128.0, moz:accessibilityChecks: false, moz:buildID: 20240628091536, moz:debuggerAddress: 127.0.0.1:24998, moz:geckodriverVersion: 0.34.0, moz:headless: false, moz:platformVersion: 10.0, moz:processID: 58832, moz:profile: C:\Users\KAJALS~1\AppData\L..., moz:shutdownTimeout: 60000, moz:webdriverClick: true, moz:windowless: false, pageLoadStrategy: normal, platformName: windows, proxy: Proxy(), se:cdp: ws://127.0.0.1:24998/devtoo..., se:cdpVersion: 85.0, setWindowRect: true, strictFileInteractability: false, timeouts: {implicit: 0, pageLoad: 300000, script: 30000}, unhandledPromptBehavior: dismiss and notify, userAgent: Mozilla/5.0 (Windows NT 10....}
Session ID: 58917e30-005a-4e0a-9646-9ba182850487
	at zapcg.Capillary.EarnPointPageTestCases.EarnPoint_Valid_TestCases.initialize(EarnPoint_Valid_TestCases.java:40)
]]></failure>
  </testcase>
  <testcase name="initialize[firefox, iPhone 11 Pro Landscape](0)" classname="zapcg.Capillary.EarnPointPageTestCases.EarnPoint_Valid_TestCases" time="37.278">
    <failure message="Unable to locate element: #MS016IN&#10;For documentation on this error, please visit: https://www.selenium.dev/documentation/webdriver/troubleshooting/errors#no-such-element-exception&#10;Build info: version: &apos;4.22.0&apos;, revision: &apos;c5f3146703*&apos;&#10;System info: os.name: &apos;Windows 10&apos;, os.arch: &apos;amd64&apos;, os.version: &apos;10.0&apos;, java.version: &apos;15.0.2&apos;&#10;Driver info: org.openqa.selenium.firefox.FirefoxDriver&#10;Command: [6695fe23-675b-4da8-b878-ddaf312e2452, findElement {value=MS016IN, using=id}]&#10;Capabilities {acceptInsecureCerts: true, browserName: firefox, browserVersion: 128.0, moz:accessibilityChecks: false, moz:buildID: 20240628091536, moz:debuggerAddress: 127.0.0.1:22100, moz:geckodriverVersion: 0.34.0, moz:headless: false, moz:platformVersion: 10.0, moz:processID: 24856, moz:profile: C:\Users\KAJALS~1\AppData\L..., moz:shutdownTimeout: 60000, moz:webdriverClick: true, moz:windowless: false, pageLoadStrategy: normal, platformName: windows, proxy: Proxy(), se:cdp: ws://127.0.0.1:22100/devtoo..., se:cdpVersion: 85.0, setWindowRect: true, strictFileInteractability: false, timeouts: {implicit: 0, pageLoad: 300000, script: 30000}, unhandledPromptBehavior: dismiss and notify, userAgent: Mozilla/5.0 (Windows NT 10....}&#10;Session ID: 6695fe23-675b-4da8-b878-ddaf312e2452" type="org.openqa.selenium.NoSuchElementException"><![CDATA[org.openqa.selenium.NoSuchElementException: 
Unable to locate element: #MS016IN
For documentation on this error, please visit: https://www.selenium.dev/documentation/webdriver/troubleshooting/errors#no-such-element-exception
Build info: version: '4.22.0', revision: 'c5f3146703*'
System info: os.name: 'Windows 10', os.arch: 'amd64', os.version: '10.0', java.version: '15.0.2'
Driver info: org.openqa.selenium.firefox.FirefoxDriver
Command: [6695fe23-675b-4da8-b878-ddaf312e2452, findElement {value=MS016IN, using=id}]
Capabilities {acceptInsecureCerts: true, browserName: firefox, browserVersion: 128.0, moz:accessibilityChecks: false, moz:buildID: 20240628091536, moz:debuggerAddress: 127.0.0.1:22100, moz:geckodriverVersion: 0.34.0, moz:headless: false, moz:platformVersion: 10.0, moz:processID: 24856, moz:profile: C:\Users\KAJALS~1\AppData\L..., moz:shutdownTimeout: 60000, moz:webdriverClick: true, moz:windowless: false, pageLoadStrategy: normal, platformName: windows, proxy: Proxy(), se:cdp: ws://127.0.0.1:22100/devtoo..., se:cdpVersion: 85.0, setWindowRect: true, strictFileInteractability: false, timeouts: {implicit: 0, pageLoad: 300000, script: 30000}, unhandledPromptBehavior: dismiss and notify, userAgent: Mozilla/5.0 (Windows NT 10....}
Session ID: 6695fe23-675b-4da8-b878-ddaf312e2452
	at zapcg.Capillary.EarnPointPageTestCases.EarnPoint_Valid_TestCases.initialize(EarnPoint_Valid_TestCases.java:40)
]]></failure>
  </testcase>
  <testcase name="initialize[firefox, Galaxy S20 Portrait](0)" classname="zapcg.Capillary.EarnPointPageTestCases.EarnPoint_Valid_TestCases" time="38.897">
    <failure message="Unable to locate element: #MS016IN&#10;For documentation on this error, please visit: https://www.selenium.dev/documentation/webdriver/troubleshooting/errors#no-such-element-exception&#10;Build info: version: &apos;4.22.0&apos;, revision: &apos;c5f3146703*&apos;&#10;System info: os.name: &apos;Windows 10&apos;, os.arch: &apos;amd64&apos;, os.version: &apos;10.0&apos;, java.version: &apos;15.0.2&apos;&#10;Driver info: org.openqa.selenium.firefox.FirefoxDriver&#10;Command: [c55c92ea-39ca-4da0-9cdd-df6ab23fb5e5, findElement {value=MS016IN, using=id}]&#10;Capabilities {acceptInsecureCerts: true, browserName: firefox, browserVersion: 128.0, moz:accessibilityChecks: false, moz:buildID: 20240628091536, moz:debuggerAddress: 127.0.0.1:2102, moz:geckodriverVersion: 0.34.0, moz:headless: false, moz:platformVersion: 10.0, moz:processID: 19408, moz:profile: C:\Users\KAJALS~1\AppData\L..., moz:shutdownTimeout: 60000, moz:webdriverClick: true, moz:windowless: false, pageLoadStrategy: normal, platformName: windows, proxy: Proxy(), se:cdp: ws://127.0.0.1:2102/devtool..., se:cdpVersion: 85.0, setWindowRect: true, strictFileInteractability: false, timeouts: {implicit: 0, pageLoad: 300000, script: 30000}, unhandledPromptBehavior: dismiss and notify, userAgent: Mozilla/5.0 (Windows NT 10....}&#10;Session ID: c55c92ea-39ca-4da0-9cdd-df6ab23fb5e5" type="org.openqa.selenium.NoSuchElementException"><![CDATA[org.openqa.selenium.NoSuchElementException: 
Unable to locate element: #MS016IN
For documentation on this error, please visit: https://www.selenium.dev/documentation/webdriver/troubleshooting/errors#no-such-element-exception
Build info: version: '4.22.0', revision: 'c5f3146703*'
System info: os.name: 'Windows 10', os.arch: 'amd64', os.version: '10.0', java.version: '15.0.2'
Driver info: org.openqa.selenium.firefox.FirefoxDriver
Command: [c55c92ea-39ca-4da0-9cdd-df6ab23fb5e5, findElement {value=MS016IN, using=id}]
Capabilities {acceptInsecureCerts: true, browserName: firefox, browserVersion: 128.0, moz:accessibilityChecks: false, moz:buildID: 20240628091536, moz:debuggerAddress: 127.0.0.1:2102, moz:geckodriverVersion: 0.34.0, moz:headless: false, moz:platformVersion: 10.0, moz:processID: 19408, moz:profile: C:\Users\KAJALS~1\AppData\L..., moz:shutdownTimeout: 60000, moz:webdriverClick: true, moz:windowless: false, pageLoadStrategy: normal, platformName: windows, proxy: Proxy(), se:cdp: ws://127.0.0.1:2102/devtool..., se:cdpVersion: 85.0, setWindowRect: true, strictFileInteractability: false, timeouts: {implicit: 0, pageLoad: 300000, script: 30000}, unhandledPromptBehavior: dismiss and notify, userAgent: Mozilla/5.0 (Windows NT 10....}
Session ID: c55c92ea-39ca-4da0-9cdd-df6ab23fb5e5
	at zapcg.Capillary.EarnPointPageTestCases.EarnPoint_Valid_TestCases.initialize(EarnPoint_Valid_TestCases.java:40)
]]></failure>
  </testcase>
  <testcase name="initialize[firefox, Galaxy S20 Landscape](0)" classname="zapcg.Capillary.EarnPointPageTestCases.EarnPoint_Valid_TestCases" time="39.623">
    <failure message="Unable to locate element: #MS016IN&#10;For documentation on this error, please visit: https://www.selenium.dev/documentation/webdriver/troubleshooting/errors#no-such-element-exception&#10;Build info: version: &apos;4.22.0&apos;, revision: &apos;c5f3146703*&apos;&#10;System info: os.name: &apos;Windows 10&apos;, os.arch: &apos;amd64&apos;, os.version: &apos;10.0&apos;, java.version: &apos;15.0.2&apos;&#10;Driver info: org.openqa.selenium.firefox.FirefoxDriver&#10;Command: [4503da74-b064-4a06-a9bd-c1b9bc440d96, findElement {value=MS016IN, using=id}]&#10;Capabilities {acceptInsecureCerts: true, browserName: firefox, browserVersion: 128.0, moz:accessibilityChecks: false, moz:buildID: 20240628091536, moz:debuggerAddress: 127.0.0.1:41321, moz:geckodriverVersion: 0.34.0, moz:headless: false, moz:platformVersion: 10.0, moz:processID: 28688, moz:profile: C:\Users\KAJALS~1\AppData\L..., moz:shutdownTimeout: 60000, moz:webdriverClick: true, moz:windowless: false, pageLoadStrategy: normal, platformName: windows, proxy: Proxy(), se:cdp: ws://127.0.0.1:41321/devtoo..., se:cdpVersion: 85.0, setWindowRect: true, strictFileInteractability: false, timeouts: {implicit: 0, pageLoad: 300000, script: 30000}, unhandledPromptBehavior: dismiss and notify, userAgent: Mozilla/5.0 (Windows NT 10....}&#10;Session ID: 4503da74-b064-4a06-a9bd-c1b9bc440d96" type="org.openqa.selenium.NoSuchElementException"><![CDATA[org.openqa.selenium.NoSuchElementException: 
Unable to locate element: #MS016IN
For documentation on this error, please visit: https://www.selenium.dev/documentation/webdriver/troubleshooting/errors#no-such-element-exception
Build info: version: '4.22.0', revision: 'c5f3146703*'
System info: os.name: 'Windows 10', os.arch: 'amd64', os.version: '10.0', java.version: '15.0.2'
Driver info: org.openqa.selenium.firefox.FirefoxDriver
Command: [4503da74-b064-4a06-a9bd-c1b9bc440d96, findElement {value=MS016IN, using=id}]
Capabilities {acceptInsecureCerts: true, browserName: firefox, browserVersion: 128.0, moz:accessibilityChecks: false, moz:buildID: 20240628091536, moz:debuggerAddress: 127.0.0.1:41321, moz:geckodriverVersion: 0.34.0, moz:headless: false, moz:platformVersion: 10.0, moz:processID: 28688, moz:profile: C:\Users\KAJALS~1\AppData\L..., moz:shutdownTimeout: 60000, moz:webdriverClick: true, moz:windowless: false, pageLoadStrategy: normal, platformName: windows, proxy: Proxy(), se:cdp: ws://127.0.0.1:41321/devtoo..., se:cdpVersion: 85.0, setWindowRect: true, strictFileInteractability: false, timeouts: {implicit: 0, pageLoad: 300000, script: 30000}, unhandledPromptBehavior: dismiss and notify, userAgent: Mozilla/5.0 (Windows NT 10....}
Session ID: 4503da74-b064-4a06-a9bd-c1b9bc440d96
	at zapcg.Capillary.EarnPointPageTestCases.EarnPoint_Valid_TestCases.initialize(EarnPoint_Valid_TestCases.java:40)
]]></failure>
  </testcase>
  <testcase name="verifyTransactionAmountShouldNotBeEmpty" classname="zapcg.Capillary.EarnPointPageTestCases.EarnPoint_Invalid_TestCases" time="0.152">
    <system-out><![CDATA[The name of the testcase passed is : verifyNonEditableLocationField
Test execution completed on ChromeDriver with device: Tablet Portrait
 Test case started: verifyTransactionAmountShouldNotBeEmpty
Sumit button clicked successfully
Border color of the txn amount field is: rgb(46, 56, 35)
The transaction amount field is highlighted in red color.
]]></system-out>
  </testcase>
  <testcase name="verifyTransactionAmountShouldNotBeEmpty" classname="zapcg.Capillary.EarnPointPageTestCases.EarnPoint_Invalid_TestCases" time="0.176">
    <system-out><![CDATA[The name of the testcase passed is : verifyNonEditableLocationField
Test execution completed on ChromeDriver with device: Tablet Landscape
 Test case started: verifyTransactionAmountShouldNotBeEmpty
Sumit button clicked successfully
Border color of the txn amount field is: rgb(46, 56, 35)
The transaction amount field is highlighted in red color.
]]></system-out>
  </testcase>
  <testcase name="verifyTransactionAmountShouldNotBeEmpty" classname="zapcg.Capillary.EarnPointPageTestCases.EarnPoint_Invalid_TestCases" time="0.146">
    <system-out><![CDATA[The name of the testcase passed is : verifyNonEditableLocationField
Test execution completed on ChromeDriver with device: iPhone 11 Pro Portrait
 Test case started: verifyTransactionAmountShouldNotBeEmpty
Sumit button clicked successfully
Border color of the txn amount field is: rgb(46, 56, 35)
The transaction amount field is highlighted in red color.
]]></system-out>
  </testcase>
  <testcase name="verifyTransactionAmountShouldNotBeEmpty" classname="zapcg.Capillary.EarnPointPageTestCases.EarnPoint_Invalid_TestCases" time="0.177">
    <system-out><![CDATA[The name of the testcase passed is : verifyNonEditableLocationField
Test execution completed on ChromeDriver with device: iPhone 11 Pro Landscape
 Test case started: verifyTransactionAmountShouldNotBeEmpty
Sumit button clicked successfully
Border color of the txn amount field is: rgb(46, 56, 35)
The transaction amount field is highlighted in red color.
]]></system-out>
  </testcase>
  <testcase name="verifyTransactionAmountShouldNotBeEmpty" classname="zapcg.Capillary.EarnPointPageTestCases.EarnPoint_Invalid_TestCases" time="0">
    <skipped message="no such element: Unable to locate element: {&quot;method&quot;:&quot;css selector&quot;,&quot;selector&quot;:&quot;#MS016IN&quot;}&#10;  (Session info: chrome=126.0.6478.57)&#10;For documentation on this error, please visit: https://www.selenium.dev/documentation/webdriver/troubleshooting/errors#no-such-element-exception&#10;Build info: version: &apos;4.22.0&apos;, revision: &apos;c5f3146703*&apos;&#10;System info: os.name: &apos;Windows 10&apos;, os.arch: &apos;amd64&apos;, os.version: &apos;10.0&apos;, java.version: &apos;15.0.2&apos;&#10;Driver info: org.openqa.selenium.chrome.ChromeDriver&#10;Command: [71b959ec3c1852e756cec8670a63fe22, findElement {value=MS016IN, using=id}]&#10;Capabilities {acceptInsecureCerts: false, browserName: chrome, browserVersion: 126.0.6478.57, chrome: {chromedriverVersion: 126.0.6478.126 (d36ace6122e..., userDataDir: C:\Users\KAJALS~1\AppData\L...}, fedcm:accounts: true, goog:chromeOptions: {debuggerAddress: localhost:65149}, networkConnectionEnabled: false, pageLoadStrategy: normal, platformName: windows, proxy: Proxy(), se:cdp: ws://localhost:65149/devtoo..., se:cdpVersion: 126.0.6478.57, setWindowRect: true, strictFileInteractability: false, timeouts: {implicit: 0, pageLoad: 300000, script: 30000}, unhandledPromptBehavior: dismiss and notify, webauthn:extension:credBlob: true, webauthn:extension:largeBlob: true, webauthn:extension:minPinLength: true, webauthn:extension:prf: true, webauthn:virtualAuthenticators: true}&#10;Session ID: 71b959ec3c1852e756cec8670a63fe22"/>
    <system-out><![CDATA[ Test case started: verifyTransactionAmountShouldNotBeEmpty
]]></system-out>
  </testcase>
  <testcase name="verifyTransactionAmountShouldNotBeEmpty" classname="zapcg.Capillary.EarnPointPageTestCases.EarnPoint_Invalid_TestCases" time="0.149">
    <system-out><![CDATA[The name of the testcase passed is : verifyNonEditableLocationField
Test execution completed on ChromeDriver with device: Galaxy S20 Landscape
 Test case started: verifyTransactionAmountShouldNotBeEmpty
Sumit button clicked successfully
Border color of the txn amount field is: rgb(46, 56, 35)
The transaction amount field is highlighted in red color.
]]></system-out>
  </testcase>
  <testcase name="verifyTransactionAmountShouldNotBeEmpty" classname="zapcg.Capillary.EarnPointPageTestCases.EarnPoint_Invalid_TestCases" time="0.26">
    <system-out><![CDATA[The name of the testcase passed is : verifyNonEditableLocationField
Test execution completed on FirefoxDriver with device: Tablet Portrait
 Test case started: verifyTransactionAmountShouldNotBeEmpty
Sumit button clicked successfully
Border color of the txn amount field is: rgb(46, 56, 35)
The transaction amount field is highlighted in red color.
]]></system-out>
  </testcase>
  <testcase name="verifyTransactionAmountShouldNotBeEmpty" classname="zapcg.Capillary.EarnPointPageTestCases.EarnPoint_Invalid_TestCases" time="0.258">
    <system-out><![CDATA[The name of the testcase passed is : verifyNonEditableLocationField
Test execution completed on FirefoxDriver with device: Tablet Landscape
 Test case started: verifyTransactionAmountShouldNotBeEmpty
Sumit button clicked successfully
Border color of the txn amount field is: rgb(46, 56, 35)
The transaction amount field is highlighted in red color.
]]></system-out>
  </testcase>
  <testcase name="verifyTransactionAmountShouldNotBeEmpty" classname="zapcg.Capillary.EarnPointPageTestCases.EarnPoint_Invalid_TestCases" time="0">
    <skipped message="Unable to locate element: #MS016IN&#10;For documentation on this error, please visit: https://www.selenium.dev/documentation/webdriver/troubleshooting/errors#no-such-element-exception&#10;Build info: version: &apos;4.22.0&apos;, revision: &apos;c5f3146703*&apos;&#10;System info: os.name: &apos;Windows 10&apos;, os.arch: &apos;amd64&apos;, os.version: &apos;10.0&apos;, java.version: &apos;15.0.2&apos;&#10;Driver info: org.openqa.selenium.firefox.FirefoxDriver&#10;Command: [24ccf3be-f649-452a-aba3-752008239fc2, findElement {value=MS016IN, using=id}]&#10;Capabilities {acceptInsecureCerts: true, browserName: firefox, browserVersion: 128.0, moz:accessibilityChecks: false, moz:buildID: 20240628091536, moz:debuggerAddress: 127.0.0.1:43541, moz:geckodriverVersion: 0.34.0, moz:headless: false, moz:platformVersion: 10.0, moz:processID: 59532, moz:profile: C:\Users\KAJALS~1\AppData\L..., moz:shutdownTimeout: 60000, moz:webdriverClick: true, moz:windowless: false, pageLoadStrategy: normal, platformName: windows, proxy: Proxy(), se:cdp: ws://127.0.0.1:43541/devtoo..., se:cdpVersion: 85.0, setWindowRect: true, strictFileInteractability: false, timeouts: {implicit: 0, pageLoad: 300000, script: 30000}, unhandledPromptBehavior: dismiss and notify, userAgent: Mozilla/5.0 (Windows NT 10....}&#10;Session ID: 24ccf3be-f649-452a-aba3-752008239fc2"/>
    <system-out><![CDATA[ Test case started: verifyTransactionAmountShouldNotBeEmpty
]]></system-out>
  </testcase>
  <testcase name="verifyTransactionAmountShouldNotBeEmpty" classname="zapcg.Capillary.EarnPointPageTestCases.EarnPoint_Invalid_TestCases" time="0">
    <skipped message="Unable to locate element: #MS016IN&#10;For documentation on this error, please visit: https://www.selenium.dev/documentation/webdriver/troubleshooting/errors#no-such-element-exception&#10;Build info: version: &apos;4.22.0&apos;, revision: &apos;c5f3146703*&apos;&#10;System info: os.name: &apos;Windows 10&apos;, os.arch: &apos;amd64&apos;, os.version: &apos;10.0&apos;, java.version: &apos;15.0.2&apos;&#10;Driver info: org.openqa.selenium.firefox.FirefoxDriver&#10;Command: [4cbfa314-921a-43cb-8edd-f7fdba341ef2, findElement {value=MS016IN, using=id}]&#10;Capabilities {acceptInsecureCerts: true, browserName: firefox, browserVersion: 128.0, moz:accessibilityChecks: false, moz:buildID: 20240628091536, moz:debuggerAddress: 127.0.0.1:1080, moz:geckodriverVersion: 0.34.0, moz:headless: false, moz:platformVersion: 10.0, moz:processID: 46368, moz:profile: C:\Users\KAJALS~1\AppData\L..., moz:shutdownTimeout: 60000, moz:webdriverClick: true, moz:windowless: false, pageLoadStrategy: normal, platformName: windows, proxy: Proxy(), se:cdp: ws://127.0.0.1:1080/devtool..., se:cdpVersion: 85.0, setWindowRect: true, strictFileInteractability: false, timeouts: {implicit: 0, pageLoad: 300000, script: 30000}, unhandledPromptBehavior: dismiss and notify, userAgent: Mozilla/5.0 (Windows NT 10....}&#10;Session ID: 4cbfa314-921a-43cb-8edd-f7fdba341ef2"/>
    <system-out><![CDATA[ Test case started: verifyTransactionAmountShouldNotBeEmpty
]]></system-out>
  </testcase>
  <testcase name="verifyTransactionAmountShouldNotBeEmpty" classname="zapcg.Capillary.EarnPointPageTestCases.EarnPoint_Invalid_TestCases" time="0">
    <skipped message="Unable to locate element: #MS016IN&#10;For documentation on this error, please visit: https://www.selenium.dev/documentation/webdriver/troubleshooting/errors#no-such-element-exception&#10;Build info: version: &apos;4.22.0&apos;, revision: &apos;c5f3146703*&apos;&#10;System info: os.name: &apos;Windows 10&apos;, os.arch: &apos;amd64&apos;, os.version: &apos;10.0&apos;, java.version: &apos;15.0.2&apos;&#10;Driver info: org.openqa.selenium.firefox.FirefoxDriver&#10;Command: [8b48ea9a-518b-443c-8082-6cabc4a1c7da, findElement {value=MS016IN, using=id}]&#10;Capabilities {acceptInsecureCerts: true, browserName: firefox, browserVersion: 128.0, moz:accessibilityChecks: false, moz:buildID: 20240628091536, moz:debuggerAddress: 127.0.0.1:15701, moz:geckodriverVersion: 0.34.0, moz:headless: false, moz:platformVersion: 10.0, moz:processID: 61544, moz:profile: C:\Users\KAJALS~1\AppData\L..., moz:shutdownTimeout: 60000, moz:webdriverClick: true, moz:windowless: false, pageLoadStrategy: normal, platformName: windows, proxy: Proxy(), se:cdp: ws://127.0.0.1:15701/devtoo..., se:cdpVersion: 85.0, setWindowRect: true, strictFileInteractability: false, timeouts: {implicit: 0, pageLoad: 300000, script: 30000}, unhandledPromptBehavior: dismiss and notify, userAgent: Mozilla/5.0 (Windows NT 10....}&#10;Session ID: 8b48ea9a-518b-443c-8082-6cabc4a1c7da"/>
    <system-out><![CDATA[ Test case started: verifyTransactionAmountShouldNotBeEmpty
]]></system-out>
  </testcase>
  <testcase name="verifyTransactionAmountShouldNotBeEmpty" classname="zapcg.Capillary.EarnPointPageTestCases.EarnPoint_Invalid_TestCases" time="0.258">
    <system-out><![CDATA[ Test case started: verifyTransactionAmountShouldNotBeEmpty
Sumit button clicked successfully
Border color of the txn amount field is: rgb(46, 56, 35)
The transaction amount field is highlighted in red color.
]]></system-out>
  </testcase>
  <testcase name="emptyTxnAmountButGoToPassPointValue" classname="zapcg.Capillary.EarnPointPageTestCases.EarnPoint_Invalid_TestCases" time="0.319">
    <system-out><![CDATA[The name of the testcase passed is : verifyTransactionAmountShouldNotBeEmpty
Test execution completed on ChromeDriver with device: Tablet Portrait
 Test case started: emptyTxnAmountButGoToPassPointValue
Sumit button clicked successfully
Border color of the 'Go To Pass Point' field is: rgb(46, 56, 35)
The 'Go to Pass Point' field is highlighted in red color.
]]></system-out>
  </testcase>
  <testcase name="emptyTxnAmountButGoToPassPointValue" classname="zapcg.Capillary.EarnPointPageTestCases.EarnPoint_Invalid_TestCases" time="0.369">
    <system-out><![CDATA[The name of the testcase passed is : verifyTransactionAmountShouldNotBeEmpty
Test execution completed on ChromeDriver with device: Tablet Landscape
 Test case started: emptyTxnAmountButGoToPassPointValue
Sumit button clicked successfully
Border color of the 'Go To Pass Point' field is: rgb(46, 56, 35)
The 'Go to Pass Point' field is highlighted in red color.
]]></system-out>
  </testcase>
  <testcase name="emptyTxnAmountButGoToPassPointValue" classname="zapcg.Capillary.EarnPointPageTestCases.EarnPoint_Invalid_TestCases" time="0.319">
    <system-out><![CDATA[The name of the testcase passed is : verifyTransactionAmountShouldNotBeEmpty
Test execution completed on ChromeDriver with device: iPhone 11 Pro Portrait
 Test case started: emptyTxnAmountButGoToPassPointValue
Sumit button clicked successfully
Border color of the 'Go To Pass Point' field is: rgb(46, 56, 35)
The 'Go to Pass Point' field is highlighted in red color.
]]></system-out>
  </testcase>
  <testcase name="emptyTxnAmountButGoToPassPointValue" classname="zapcg.Capillary.EarnPointPageTestCases.EarnPoint_Invalid_TestCases" time="0.323">
    <system-out><![CDATA[The name of the testcase passed is : verifyTransactionAmountShouldNotBeEmpty
Test execution completed on ChromeDriver with device: iPhone 11 Pro Landscape
 Test case started: emptyTxnAmountButGoToPassPointValue
Sumit button clicked successfully
Border color of the 'Go To Pass Point' field is: rgb(46, 56, 35)
The 'Go to Pass Point' field is highlighted in red color.
]]></system-out>
  </testcase>
  <testcase name="emptyTxnAmountButGoToPassPointValue" classname="zapcg.Capillary.EarnPointPageTestCases.EarnPoint_Invalid_TestCases" time="0">
    <skipped message="no such element: Unable to locate element: {&quot;method&quot;:&quot;css selector&quot;,&quot;selector&quot;:&quot;#MS016IN&quot;}&#10;  (Session info: chrome=126.0.6478.57)&#10;For documentation on this error, please visit: https://www.selenium.dev/documentation/webdriver/troubleshooting/errors#no-such-element-exception&#10;Build info: version: &apos;4.22.0&apos;, revision: &apos;c5f3146703*&apos;&#10;System info: os.name: &apos;Windows 10&apos;, os.arch: &apos;amd64&apos;, os.version: &apos;10.0&apos;, java.version: &apos;15.0.2&apos;&#10;Driver info: org.openqa.selenium.chrome.ChromeDriver&#10;Command: [71b959ec3c1852e756cec8670a63fe22, findElement {value=MS016IN, using=id}]&#10;Capabilities {acceptInsecureCerts: false, browserName: chrome, browserVersion: 126.0.6478.57, chrome: {chromedriverVersion: 126.0.6478.126 (d36ace6122e..., userDataDir: C:\Users\KAJALS~1\AppData\L...}, fedcm:accounts: true, goog:chromeOptions: {debuggerAddress: localhost:65149}, networkConnectionEnabled: false, pageLoadStrategy: normal, platformName: windows, proxy: Proxy(), se:cdp: ws://localhost:65149/devtoo..., se:cdpVersion: 126.0.6478.57, setWindowRect: true, strictFileInteractability: false, timeouts: {implicit: 0, pageLoad: 300000, script: 30000}, unhandledPromptBehavior: dismiss and notify, webauthn:extension:credBlob: true, webauthn:extension:largeBlob: true, webauthn:extension:minPinLength: true, webauthn:extension:prf: true, webauthn:virtualAuthenticators: true}&#10;Session ID: 71b959ec3c1852e756cec8670a63fe22"/>
    <system-out><![CDATA[ Test case started: emptyTxnAmountButGoToPassPointValue
]]></system-out>
  </testcase>
  <testcase name="emptyTxnAmountButGoToPassPointValue" classname="zapcg.Capillary.EarnPointPageTestCases.EarnPoint_Invalid_TestCases" time="0.328">
    <system-out><![CDATA[The name of the testcase passed is : verifyTransactionAmountShouldNotBeEmpty
Test execution completed on ChromeDriver with device: Galaxy S20 Landscape
 Test case started: emptyTxnAmountButGoToPassPointValue
Sumit button clicked successfully
Border color of the 'Go To Pass Point' field is: rgb(46, 56, 35)
The 'Go to Pass Point' field is highlighted in red color.
]]></system-out>
  </testcase>
  <testcase name="emptyTxnAmountButGoToPassPointValue" classname="zapcg.Capillary.EarnPointPageTestCases.EarnPoint_Invalid_TestCases" time="0.347">
    <system-out><![CDATA[The name of the testcase passed is : verifyTransactionAmountShouldNotBeEmpty
Test execution completed on FirefoxDriver with device: Tablet Portrait
 Test case started: emptyTxnAmountButGoToPassPointValue
Sumit button clicked successfully
Border color of the 'Go To Pass Point' field is: rgb(46, 56, 35)
The 'Go to Pass Point' field is highlighted in red color.
]]></system-out>
  </testcase>
  <testcase name="emptyTxnAmountButGoToPassPointValue" classname="zapcg.Capillary.EarnPointPageTestCases.EarnPoint_Invalid_TestCases" time="0.344">
    <system-out><![CDATA[The name of the testcase passed is : verifyTransactionAmountShouldNotBeEmpty
Test execution completed on FirefoxDriver with device: Tablet Landscape
 Test case started: emptyTxnAmountButGoToPassPointValue
Sumit button clicked successfully
Border color of the 'Go To Pass Point' field is: rgb(46, 56, 35)
The 'Go to Pass Point' field is highlighted in red color.
]]></system-out>
  </testcase>
  <testcase name="emptyTxnAmountButGoToPassPointValue" classname="zapcg.Capillary.EarnPointPageTestCases.EarnPoint_Invalid_TestCases" time="0">
    <skipped message="Unable to locate element: #MS016IN&#10;For documentation on this error, please visit: https://www.selenium.dev/documentation/webdriver/troubleshooting/errors#no-such-element-exception&#10;Build info: version: &apos;4.22.0&apos;, revision: &apos;c5f3146703*&apos;&#10;System info: os.name: &apos;Windows 10&apos;, os.arch: &apos;amd64&apos;, os.version: &apos;10.0&apos;, java.version: &apos;15.0.2&apos;&#10;Driver info: org.openqa.selenium.firefox.FirefoxDriver&#10;Command: [24ccf3be-f649-452a-aba3-752008239fc2, findElement {value=MS016IN, using=id}]&#10;Capabilities {acceptInsecureCerts: true, browserName: firefox, browserVersion: 128.0, moz:accessibilityChecks: false, moz:buildID: 20240628091536, moz:debuggerAddress: 127.0.0.1:43541, moz:geckodriverVersion: 0.34.0, moz:headless: false, moz:platformVersion: 10.0, moz:processID: 59532, moz:profile: C:\Users\KAJALS~1\AppData\L..., moz:shutdownTimeout: 60000, moz:webdriverClick: true, moz:windowless: false, pageLoadStrategy: normal, platformName: windows, proxy: Proxy(), se:cdp: ws://127.0.0.1:43541/devtoo..., se:cdpVersion: 85.0, setWindowRect: true, strictFileInteractability: false, timeouts: {implicit: 0, pageLoad: 300000, script: 30000}, unhandledPromptBehavior: dismiss and notify, userAgent: Mozilla/5.0 (Windows NT 10....}&#10;Session ID: 24ccf3be-f649-452a-aba3-752008239fc2"/>
    <system-out><![CDATA[ Test case started: emptyTxnAmountButGoToPassPointValue
]]></system-out>
  </testcase>
  <testcase name="emptyTxnAmountButGoToPassPointValue" classname="zapcg.Capillary.EarnPointPageTestCases.EarnPoint_Invalid_TestCases" time="0">
    <skipped message="Unable to locate element: #MS016IN&#10;For documentation on this error, please visit: https://www.selenium.dev/documentation/webdriver/troubleshooting/errors#no-such-element-exception&#10;Build info: version: &apos;4.22.0&apos;, revision: &apos;c5f3146703*&apos;&#10;System info: os.name: &apos;Windows 10&apos;, os.arch: &apos;amd64&apos;, os.version: &apos;10.0&apos;, java.version: &apos;15.0.2&apos;&#10;Driver info: org.openqa.selenium.firefox.FirefoxDriver&#10;Command: [4cbfa314-921a-43cb-8edd-f7fdba341ef2, findElement {value=MS016IN, using=id}]&#10;Capabilities {acceptInsecureCerts: true, browserName: firefox, browserVersion: 128.0, moz:accessibilityChecks: false, moz:buildID: 20240628091536, moz:debuggerAddress: 127.0.0.1:1080, moz:geckodriverVersion: 0.34.0, moz:headless: false, moz:platformVersion: 10.0, moz:processID: 46368, moz:profile: C:\Users\KAJALS~1\AppData\L..., moz:shutdownTimeout: 60000, moz:webdriverClick: true, moz:windowless: false, pageLoadStrategy: normal, platformName: windows, proxy: Proxy(), se:cdp: ws://127.0.0.1:1080/devtool..., se:cdpVersion: 85.0, setWindowRect: true, strictFileInteractability: false, timeouts: {implicit: 0, pageLoad: 300000, script: 30000}, unhandledPromptBehavior: dismiss and notify, userAgent: Mozilla/5.0 (Windows NT 10....}&#10;Session ID: 4cbfa314-921a-43cb-8edd-f7fdba341ef2"/>
    <system-out><![CDATA[ Test case started: emptyTxnAmountButGoToPassPointValue
]]></system-out>
  </testcase>
  <testcase name="emptyTxnAmountButGoToPassPointValue" classname="zapcg.Capillary.EarnPointPageTestCases.EarnPoint_Invalid_TestCases" time="0">
    <skipped message="Unable to locate element: #MS016IN&#10;For documentation on this error, please visit: https://www.selenium.dev/documentation/webdriver/troubleshooting/errors#no-such-element-exception&#10;Build info: version: &apos;4.22.0&apos;, revision: &apos;c5f3146703*&apos;&#10;System info: os.name: &apos;Windows 10&apos;, os.arch: &apos;amd64&apos;, os.version: &apos;10.0&apos;, java.version: &apos;15.0.2&apos;&#10;Driver info: org.openqa.selenium.firefox.FirefoxDriver&#10;Command: [8b48ea9a-518b-443c-8082-6cabc4a1c7da, findElement {value=MS016IN, using=id}]&#10;Capabilities {acceptInsecureCerts: true, browserName: firefox, browserVersion: 128.0, moz:accessibilityChecks: false, moz:buildID: 20240628091536, moz:debuggerAddress: 127.0.0.1:15701, moz:geckodriverVersion: 0.34.0, moz:headless: false, moz:platformVersion: 10.0, moz:processID: 61544, moz:profile: C:\Users\KAJALS~1\AppData\L..., moz:shutdownTimeout: 60000, moz:webdriverClick: true, moz:windowless: false, pageLoadStrategy: normal, platformName: windows, proxy: Proxy(), se:cdp: ws://127.0.0.1:15701/devtoo..., se:cdpVersion: 85.0, setWindowRect: true, strictFileInteractability: false, timeouts: {implicit: 0, pageLoad: 300000, script: 30000}, unhandledPromptBehavior: dismiss and notify, userAgent: Mozilla/5.0 (Windows NT 10....}&#10;Session ID: 8b48ea9a-518b-443c-8082-6cabc4a1c7da"/>
    <system-out><![CDATA[ Test case started: emptyTxnAmountButGoToPassPointValue
]]></system-out>
  </testcase>
  <testcase name="emptyTxnAmountButGoToPassPointValue" classname="zapcg.Capillary.EarnPointPageTestCases.EarnPoint_Invalid_TestCases" time="0">
    <skipped message="Unable to locate element: #MS016IN&#10;For documentation on this error, please visit: https://www.selenium.dev/documentation/webdriver/troubleshooting/errors#no-such-element-exception&#10;Build info: version: &apos;4.22.0&apos;, revision: &apos;c5f3146703*&apos;&#10;System info: os.name: &apos;Windows 10&apos;, os.arch: &apos;amd64&apos;, os.version: &apos;10.0&apos;, java.version: &apos;15.0.2&apos;&#10;Driver info: org.openqa.selenium.firefox.FirefoxDriver&#10;Command: [10c8e325-d91d-48ef-9084-1e011170c1dd, findElement {value=MS016IN, using=id}]&#10;Capabilities {acceptInsecureCerts: true, browserName: firefox, browserVersion: 128.0, moz:accessibilityChecks: false, moz:buildID: 20240628091536, moz:debuggerAddress: 127.0.0.1:12286, moz:geckodriverVersion: 0.34.0, moz:headless: false, moz:platformVersion: 10.0, moz:processID: 64436, moz:profile: C:\Users\KAJALS~1\AppData\L..., moz:shutdownTimeout: 60000, moz:webdriverClick: true, moz:windowless: false, pageLoadStrategy: normal, platformName: windows, proxy: Proxy(), se:cdp: ws://127.0.0.1:12286/devtoo..., se:cdpVersion: 85.0, setWindowRect: true, strictFileInteractability: false, timeouts: {implicit: 0, pageLoad: 300000, script: 30000}, unhandledPromptBehavior: dismiss and notify, userAgent: Mozilla/5.0 (Windows NT 10....}&#10;Session ID: 10c8e325-d91d-48ef-9084-1e011170c1dd"/>
    <system-out><![CDATA[ Test case started: emptyTxnAmountButGoToPassPointValue
]]></system-out>
  </testcase>
  <testcase name="goTOPassPointMoreThanTransactionAmount" classname="zapcg.Capillary.EarnPointPageTestCases.EarnPoint_Invalid_TestCases" time="0.525">
    <system-out><![CDATA[The name of the testcase passed is : verifyNonEditableDateField
Test execution completed on ChromeDriver with device: Tablet Portrait
 Test case started: goTOPassPointMoreThanTransactionAmount
Sumit button clicked successfully
Actual validation message :Entered Go To Pass points used is more than the Transaction Amount
Validation message is displayed correctly.
]]></system-out>
  </testcase>
  <testcase name="goTOPassPointMoreThanTransactionAmount" classname="zapcg.Capillary.EarnPointPageTestCases.EarnPoint_Invalid_TestCases" time="0.483">
    <system-out><![CDATA[The name of the testcase passed is : verifyNonEditableDateField
Test execution completed on ChromeDriver with device: Tablet Landscape
 Test case started: goTOPassPointMoreThanTransactionAmount
Sumit button clicked successfully
Actual validation message :Entered Go To Pass points used is more than the Transaction Amount
Validation message is displayed correctly.
]]></system-out>
  </testcase>
  <testcase name="goTOPassPointMoreThanTransactionAmount" classname="zapcg.Capillary.EarnPointPageTestCases.EarnPoint_Invalid_TestCases" time="0.486">
    <system-out><![CDATA[The name of the testcase passed is : verifyNonEditableDateField
Test execution completed on ChromeDriver with device: iPhone 11 Pro Portrait
 Test case started: goTOPassPointMoreThanTransactionAmount
Sumit button clicked successfully
Actual validation message :Entered Go To Pass points used is more than the Transaction Amount
Validation message is displayed correctly.
]]></system-out>
  </testcase>
  <testcase name="goTOPassPointMoreThanTransactionAmount" classname="zapcg.Capillary.EarnPointPageTestCases.EarnPoint_Invalid_TestCases" time="0.55">
    <system-out><![CDATA[The name of the testcase passed is : verifyNonEditableDateField
Test execution completed on ChromeDriver with device: iPhone 11 Pro Landscape
 Test case started: goTOPassPointMoreThanTransactionAmount
Sumit button clicked successfully
Actual validation message :Entered Go To Pass points used is more than the Transaction Amount
Validation message is displayed correctly.
]]></system-out>
  </testcase>
  <testcase name="goTOPassPointMoreThanTransactionAmount" classname="zapcg.Capillary.EarnPointPageTestCases.EarnPoint_Invalid_TestCases" time="0">
    <skipped message="no such element: Unable to locate element: {&quot;method&quot;:&quot;css selector&quot;,&quot;selector&quot;:&quot;#MS016IN&quot;}&#10;  (Session info: chrome=126.0.6478.57)&#10;For documentation on this error, please visit: https://www.selenium.dev/documentation/webdriver/troubleshooting/errors#no-such-element-exception&#10;Build info: version: &apos;4.22.0&apos;, revision: &apos;c5f3146703*&apos;&#10;System info: os.name: &apos;Windows 10&apos;, os.arch: &apos;amd64&apos;, os.version: &apos;10.0&apos;, java.version: &apos;15.0.2&apos;&#10;Driver info: org.openqa.selenium.chrome.ChromeDriver&#10;Command: [71b959ec3c1852e756cec8670a63fe22, findElement {value=MS016IN, using=id}]&#10;Capabilities {acceptInsecureCerts: false, browserName: chrome, browserVersion: 126.0.6478.57, chrome: {chromedriverVersion: 126.0.6478.126 (d36ace6122e..., userDataDir: C:\Users\KAJALS~1\AppData\L...}, fedcm:accounts: true, goog:chromeOptions: {debuggerAddress: localhost:65149}, networkConnectionEnabled: false, pageLoadStrategy: normal, platformName: windows, proxy: Proxy(), se:cdp: ws://localhost:65149/devtoo..., se:cdpVersion: 126.0.6478.57, setWindowRect: true, strictFileInteractability: false, timeouts: {implicit: 0, pageLoad: 300000, script: 30000}, unhandledPromptBehavior: dismiss and notify, webauthn:extension:credBlob: true, webauthn:extension:largeBlob: true, webauthn:extension:minPinLength: true, webauthn:extension:prf: true, webauthn:virtualAuthenticators: true}&#10;Session ID: 71b959ec3c1852e756cec8670a63fe22"/>
    <system-out><![CDATA[ Test case started: goTOPassPointMoreThanTransactionAmount
]]></system-out>
  </testcase>
  <testcase name="goTOPassPointMoreThanTransactionAmount" classname="zapcg.Capillary.EarnPointPageTestCases.EarnPoint_Invalid_TestCases" time="0.583">
    <system-out><![CDATA[The name of the testcase passed is : verifyNonEditableDateField
Test execution completed on ChromeDriver with device: Galaxy S20 Landscape
 Test case started: goTOPassPointMoreThanTransactionAmount
Sumit button clicked successfully
Actual validation message :Entered Go To Pass points used is more than the Transaction Amount
Validation message is displayed correctly.
]]></system-out>
  </testcase>
  <testcase name="goTOPassPointMoreThanTransactionAmount" classname="zapcg.Capillary.EarnPointPageTestCases.EarnPoint_Invalid_TestCases" time="0.41">
    <system-out><![CDATA[The name of the testcase passed is : verifyNonEditableDateField
Test execution completed on FirefoxDriver with device: Tablet Portrait
 Test case started: goTOPassPointMoreThanTransactionAmount
Sumit button clicked successfully
Actual validation message :Entered Go To Pass points used is more than the Transaction Amount
Validation message is displayed correctly.
]]></system-out>
  </testcase>
  <testcase name="goTOPassPointMoreThanTransactionAmount" classname="zapcg.Capillary.EarnPointPageTestCases.EarnPoint_Invalid_TestCases" time="60.445">
    <failure message="An error occurred while verifying the Validation message: Expected condition failed: waiting for visibility of Proxy element for: DefaultElementLocator &apos;By.xpath: //p[@id=&apos;EP041-helper-text&apos; and contains(text(),&apos;Entered Go To Pass points used is more than the Transaction Amount&apos;)]&apos; (tried for 10 second(s) with 500 milliseconds interval)" type="java.lang.AssertionError"><![CDATA[java.lang.AssertionError: An error occurred while verifying the Validation message: Expected condition failed: waiting for visibility of Proxy element for: DefaultElementLocator 'By.xpath: //p[@id='EP041-helper-text' and contains(text(),'Entered Go To Pass points used is more than the Transaction Amount')]' (tried for 10 second(s) with 500 milliseconds interval)
	at zapcg.Capillary.EarnPointPageTestCases.EarnPoint_Invalid_TestCases.goTOPassPointMoreThanTransactionAmount(EarnPoint_Invalid_TestCases.java:79)
]]></failure>
    <system-out><![CDATA[The name of the testcase passed is : verifyNonEditableDateField
Test execution completed on FirefoxDriver with device: Tablet Landscape
 Test case started: goTOPassPointMoreThanTransactionAmount
Sumit button clicked successfully
An error occurred while verifying the Validation message: Expected condition failed: waiting for visibility of Proxy element for: DefaultElementLocator 'By.xpath: //p[@id='EP041-helper-text' and contains(text(),'Entered Go To Pass points used is more than the Transaction Amount')]' (tried for 10 second(s) with 500 milliseconds interval)
]]></system-out>
  </testcase>
  <testcase name="goTOPassPointMoreThanTransactionAmount" classname="zapcg.Capillary.EarnPointPageTestCases.EarnPoint_Invalid_TestCases" time="0">
    <skipped message="Unable to locate element: #MS016IN&#10;For documentation on this error, please visit: https://www.selenium.dev/documentation/webdriver/troubleshooting/errors#no-such-element-exception&#10;Build info: version: &apos;4.22.0&apos;, revision: &apos;c5f3146703*&apos;&#10;System info: os.name: &apos;Windows 10&apos;, os.arch: &apos;amd64&apos;, os.version: &apos;10.0&apos;, java.version: &apos;15.0.2&apos;&#10;Driver info: org.openqa.selenium.firefox.FirefoxDriver&#10;Command: [24ccf3be-f649-452a-aba3-752008239fc2, findElement {value=MS016IN, using=id}]&#10;Capabilities {acceptInsecureCerts: true, browserName: firefox, browserVersion: 128.0, moz:accessibilityChecks: false, moz:buildID: 20240628091536, moz:debuggerAddress: 127.0.0.1:43541, moz:geckodriverVersion: 0.34.0, moz:headless: false, moz:platformVersion: 10.0, moz:processID: 59532, moz:profile: C:\Users\KAJALS~1\AppData\L..., moz:shutdownTimeout: 60000, moz:webdriverClick: true, moz:windowless: false, pageLoadStrategy: normal, platformName: windows, proxy: Proxy(), se:cdp: ws://127.0.0.1:43541/devtoo..., se:cdpVersion: 85.0, setWindowRect: true, strictFileInteractability: false, timeouts: {implicit: 0, pageLoad: 300000, script: 30000}, unhandledPromptBehavior: dismiss and notify, userAgent: Mozilla/5.0 (Windows NT 10....}&#10;Session ID: 24ccf3be-f649-452a-aba3-752008239fc2"/>
    <system-out><![CDATA[ Test case started: goTOPassPointMoreThanTransactionAmount
]]></system-out>
  </testcase>
  <testcase name="goTOPassPointMoreThanTransactionAmount" classname="zapcg.Capillary.EarnPointPageTestCases.EarnPoint_Invalid_TestCases" time="0">
    <skipped message="Unable to locate element: #MS016IN&#10;For documentation on this error, please visit: https://www.selenium.dev/documentation/webdriver/troubleshooting/errors#no-such-element-exception&#10;Build info: version: &apos;4.22.0&apos;, revision: &apos;c5f3146703*&apos;&#10;System info: os.name: &apos;Windows 10&apos;, os.arch: &apos;amd64&apos;, os.version: &apos;10.0&apos;, java.version: &apos;15.0.2&apos;&#10;Driver info: org.openqa.selenium.firefox.FirefoxDriver&#10;Command: [4cbfa314-921a-43cb-8edd-f7fdba341ef2, findElement {value=MS016IN, using=id}]&#10;Capabilities {acceptInsecureCerts: true, browserName: firefox, browserVersion: 128.0, moz:accessibilityChecks: false, moz:buildID: 20240628091536, moz:debuggerAddress: 127.0.0.1:1080, moz:geckodriverVersion: 0.34.0, moz:headless: false, moz:platformVersion: 10.0, moz:processID: 46368, moz:profile: C:\Users\KAJALS~1\AppData\L..., moz:shutdownTimeout: 60000, moz:webdriverClick: true, moz:windowless: false, pageLoadStrategy: normal, platformName: windows, proxy: Proxy(), se:cdp: ws://127.0.0.1:1080/devtool..., se:cdpVersion: 85.0, setWindowRect: true, strictFileInteractability: false, timeouts: {implicit: 0, pageLoad: 300000, script: 30000}, unhandledPromptBehavior: dismiss and notify, userAgent: Mozilla/5.0 (Windows NT 10....}&#10;Session ID: 4cbfa314-921a-43cb-8edd-f7fdba341ef2"/>
    <system-out><![CDATA[ Test case started: goTOPassPointMoreThanTransactionAmount
]]></system-out>
  </testcase>
  <testcase name="goTOPassPointMoreThanTransactionAmount" classname="zapcg.Capillary.EarnPointPageTestCases.EarnPoint_Invalid_TestCases" time="0">
    <skipped message="Unable to locate element: #MS016IN&#10;For documentation on this error, please visit: https://www.selenium.dev/documentation/webdriver/troubleshooting/errors#no-such-element-exception&#10;Build info: version: &apos;4.22.0&apos;, revision: &apos;c5f3146703*&apos;&#10;System info: os.name: &apos;Windows 10&apos;, os.arch: &apos;amd64&apos;, os.version: &apos;10.0&apos;, java.version: &apos;15.0.2&apos;&#10;Driver info: org.openqa.selenium.firefox.FirefoxDriver&#10;Command: [8b48ea9a-518b-443c-8082-6cabc4a1c7da, findElement {value=MS016IN, using=id}]&#10;Capabilities {acceptInsecureCerts: true, browserName: firefox, browserVersion: 128.0, moz:accessibilityChecks: false, moz:buildID: 20240628091536, moz:debuggerAddress: 127.0.0.1:15701, moz:geckodriverVersion: 0.34.0, moz:headless: false, moz:platformVersion: 10.0, moz:processID: 61544, moz:profile: C:\Users\KAJALS~1\AppData\L..., moz:shutdownTimeout: 60000, moz:webdriverClick: true, moz:windowless: false, pageLoadStrategy: normal, platformName: windows, proxy: Proxy(), se:cdp: ws://127.0.0.1:15701/devtoo..., se:cdpVersion: 85.0, setWindowRect: true, strictFileInteractability: false, timeouts: {implicit: 0, pageLoad: 300000, script: 30000}, unhandledPromptBehavior: dismiss and notify, userAgent: Mozilla/5.0 (Windows NT 10....}&#10;Session ID: 8b48ea9a-518b-443c-8082-6cabc4a1c7da"/>
    <system-out><![CDATA[ Test case started: goTOPassPointMoreThanTransactionAmount
]]></system-out>
  </testcase>
  <testcase name="goTOPassPointMoreThanTransactionAmount" classname="zapcg.Capillary.EarnPointPageTestCases.EarnPoint_Invalid_TestCases" time="0">
    <skipped message="Unable to locate element: #MS016IN&#10;For documentation on this error, please visit: https://www.selenium.dev/documentation/webdriver/troubleshooting/errors#no-such-element-exception&#10;Build info: version: &apos;4.22.0&apos;, revision: &apos;c5f3146703*&apos;&#10;System info: os.name: &apos;Windows 10&apos;, os.arch: &apos;amd64&apos;, os.version: &apos;10.0&apos;, java.version: &apos;15.0.2&apos;&#10;Driver info: org.openqa.selenium.firefox.FirefoxDriver&#10;Command: [10c8e325-d91d-48ef-9084-1e011170c1dd, findElement {value=MS016IN, using=id}]&#10;Capabilities {acceptInsecureCerts: true, browserName: firefox, browserVersion: 128.0, moz:accessibilityChecks: false, moz:buildID: 20240628091536, moz:debuggerAddress: 127.0.0.1:12286, moz:geckodriverVersion: 0.34.0, moz:headless: false, moz:platformVersion: 10.0, moz:processID: 64436, moz:profile: C:\Users\KAJALS~1\AppData\L..., moz:shutdownTimeout: 60000, moz:webdriverClick: true, moz:windowless: false, pageLoadStrategy: normal, platformName: windows, proxy: Proxy(), se:cdp: ws://127.0.0.1:12286/devtoo..., se:cdpVersion: 85.0, setWindowRect: true, strictFileInteractability: false, timeouts: {implicit: 0, pageLoad: 300000, script: 30000}, unhandledPromptBehavior: dismiss and notify, userAgent: Mozilla/5.0 (Windows NT 10....}&#10;Session ID: 10c8e325-d91d-48ef-9084-1e011170c1dd"/>
    <system-out><![CDATA[ Test case started: goTOPassPointMoreThanTransactionAmount
]]></system-out>
  </testcase>
  <testcase name="initialize[chrome, Galaxy S20 Portrait](0)" classname="zapcg.Capillary.EarnPointPageTestCases.EarnPoint_Invalid_TestCases" time="33.851">
    <failure message="no such element: Unable to locate element: {&quot;method&quot;:&quot;css selector&quot;,&quot;selector&quot;:&quot;#MS016IN&quot;}&#10;  (Session info: chrome=126.0.6478.57)&#10;For documentation on this error, please visit: https://www.selenium.dev/documentation/webdriver/troubleshooting/errors#no-such-element-exception&#10;Build info: version: &apos;4.22.0&apos;, revision: &apos;c5f3146703*&apos;&#10;System info: os.name: &apos;Windows 10&apos;, os.arch: &apos;amd64&apos;, os.version: &apos;10.0&apos;, java.version: &apos;15.0.2&apos;&#10;Driver info: org.openqa.selenium.chrome.ChromeDriver&#10;Command: [71b959ec3c1852e756cec8670a63fe22, findElement {value=MS016IN, using=id}]&#10;Capabilities {acceptInsecureCerts: false, browserName: chrome, browserVersion: 126.0.6478.57, chrome: {chromedriverVersion: 126.0.6478.126 (d36ace6122e..., userDataDir: C:\Users\KAJALS~1\AppData\L...}, fedcm:accounts: true, goog:chromeOptions: {debuggerAddress: localhost:65149}, networkConnectionEnabled: false, pageLoadStrategy: normal, platformName: windows, proxy: Proxy(), se:cdp: ws://localhost:65149/devtoo..., se:cdpVersion: 126.0.6478.57, setWindowRect: true, strictFileInteractability: false, timeouts: {implicit: 0, pageLoad: 300000, script: 30000}, unhandledPromptBehavior: dismiss and notify, webauthn:extension:credBlob: true, webauthn:extension:largeBlob: true, webauthn:extension:minPinLength: true, webauthn:extension:prf: true, webauthn:virtualAuthenticators: true}&#10;Session ID: 71b959ec3c1852e756cec8670a63fe22" type="org.openqa.selenium.NoSuchElementException"><![CDATA[org.openqa.selenium.NoSuchElementException: 
no such element: Unable to locate element: {"method":"css selector","selector":"#MS016IN"}
  (Session info: chrome=126.0.6478.57)
For documentation on this error, please visit: https://www.selenium.dev/documentation/webdriver/troubleshooting/errors#no-such-element-exception
Build info: version: '4.22.0', revision: 'c5f3146703*'
System info: os.name: 'Windows 10', os.arch: 'amd64', os.version: '10.0', java.version: '15.0.2'
Driver info: org.openqa.selenium.chrome.ChromeDriver
Command: [71b959ec3c1852e756cec8670a63fe22, findElement {value=MS016IN, using=id}]
Capabilities {acceptInsecureCerts: false, browserName: chrome, browserVersion: 126.0.6478.57, chrome: {chromedriverVersion: 126.0.6478.126 (d36ace6122e..., userDataDir: C:\Users\KAJALS~1\AppData\L...}, fedcm:accounts: true, goog:chromeOptions: {debuggerAddress: localhost:65149}, networkConnectionEnabled: false, pageLoadStrategy: normal, platformName: windows, proxy: Proxy(), se:cdp: ws://localhost:65149/devtoo..., se:cdpVersion: 126.0.6478.57, setWindowRect: true, strictFileInteractability: false, timeouts: {implicit: 0, pageLoad: 300000, script: 30000}, unhandledPromptBehavior: dismiss and notify, webauthn:extension:credBlob: true, webauthn:extension:largeBlob: true, webauthn:extension:minPinLength: true, webauthn:extension:prf: true, webauthn:virtualAuthenticators: true}
Session ID: 71b959ec3c1852e756cec8670a63fe22
	at zapcg.Capillary.EarnPointPageTestCases.EarnPoint_Invalid_TestCases.initialize(EarnPoint_Invalid_TestCases.java:40)
]]></failure>
  </testcase>
  <testcase name="tearDown" classname="zapcg.Capillary.EarnPointPageTestCases.EarnPoint_Invalid_TestCases" time="0">
    <skipped/>
    <system-out><![CDATA[The name of the testcase Skipped is : verifyTransactionAmountShouldNotBeEmpty
]]></system-out>
  </testcase>
  <testcase name="tearDown" classname="zapcg.Capillary.EarnPointPageTestCases.EarnPoint_Invalid_TestCases" time="0">
    <skipped/>
    <system-out><![CDATA[The name of the testcase Skipped is : emptyTxnAmountButGoToPassPointValue
]]></system-out>
  </testcase>
  <testcase name="tearDown" classname="zapcg.Capillary.EarnPointPageTestCases.EarnPoint_Invalid_TestCases" time="0">
    <skipped/>
    <system-out><![CDATA[The name of the testcase Skipped is : goTOPassPointMoreThanTransactionAmount
]]></system-out>
  </testcase>
  <testcase name="tearDown" classname="zapcg.Capillary.EarnPointPageTestCases.EarnPoint_Invalid_TestCases" time="0">
    <skipped/>
    <system-out><![CDATA[The name of the testcase Skipped is : verifyTransactionAmountShouldNotBeEmpty
]]></system-out>
  </testcase>
  <testcase name="tearDown" classname="zapcg.Capillary.EarnPointPageTestCases.EarnPoint_Invalid_TestCases" time="0">
    <skipped/>
    <system-out><![CDATA[The name of the testcase Skipped is : emptyTxnAmountButGoToPassPointValue
]]></system-out>
  </testcase>
  <testcase name="tearDown" classname="zapcg.Capillary.EarnPointPageTestCases.EarnPoint_Invalid_TestCases" time="0">
    <skipped/>
    <system-out><![CDATA[The name of the testcase Skipped is : goTOPassPointMoreThanTransactionAmount
]]></system-out>
  </testcase>
  <testcase name="tearDown" classname="zapcg.Capillary.EarnPointPageTestCases.EarnPoint_Invalid_TestCases" time="0">
    <skipped/>
    <system-out><![CDATA[The name of the testcase Skipped is : verifyTransactionAmountShouldNotBeEmpty
]]></system-out>
  </testcase>
  <testcase name="tearDown" classname="zapcg.Capillary.EarnPointPageTestCases.EarnPoint_Invalid_TestCases" time="0">
    <skipped/>
    <system-out><![CDATA[The name of the testcase Skipped is : emptyTxnAmountButGoToPassPointValue
]]></system-out>
  </testcase>
  <testcase name="tearDown" classname="zapcg.Capillary.EarnPointPageTestCases.EarnPoint_Invalid_TestCases" time="0">
    <skipped/>
    <system-out><![CDATA[The name of the testcase Skipped is : goTOPassPointMoreThanTransactionAmount
]]></system-out>
  </testcase>
  <testcase name="tearDown" classname="zapcg.Capillary.EarnPointPageTestCases.EarnPoint_Invalid_TestCases" time="0">
    <skipped/>
    <system-out><![CDATA[The name of the testcase Skipped is : verifyTransactionAmountShouldNotBeEmpty
]]></system-out>
  </testcase>
  <testcase name="tearDown" classname="zapcg.Capillary.EarnPointPageTestCases.EarnPoint_Invalid_TestCases" time="0">
    <skipped/>
    <system-out><![CDATA[The name of the testcase Skipped is : emptyTxnAmountButGoToPassPointValue
]]></system-out>
  </testcase>
  <testcase name="tearDown" classname="zapcg.Capillary.EarnPointPageTestCases.EarnPoint_Invalid_TestCases" time="0">
    <skipped/>
    <system-out><![CDATA[The name of the testcase Skipped is : goTOPassPointMoreThanTransactionAmount
]]></system-out>
  </testcase>
  <testcase name="tearDown" classname="zapcg.Capillary.EarnPointPageTestCases.EarnPoint_Invalid_TestCases" time="0">
    <skipped/>
    <system-out><![CDATA[The name of the testcase Skipped is : emptyTxnAmountButGoToPassPointValue
]]></system-out>
  </testcase>
  <testcase name="tearDown" classname="zapcg.Capillary.EarnPointPageTestCases.EarnPoint_Invalid_TestCases" time="0">
    <skipped/>
    <system-out><![CDATA[The name of the testcase Skipped is : goTOPassPointMoreThanTransactionAmount
]]></system-out>
  </testcase>
  <testcase name="initialize" classname="zapcg.Capillary.EarnPointPageTestCases.EarnPoint_Invalid_TestCases" time="0">
    <skipped/>
  </testcase>
  <testcase name="initialize" classname="zapcg.Capillary.EarnPointPageTestCases.EarnPoint_Invalid_TestCases" time="0">
    <skipped/>
  </testcase>
  <testcase name="initialize" classname="zapcg.Capillary.EarnPointPageTestCases.EarnPoint_Invalid_TestCases" time="0">
    <skipped/>
  </testcase>
  <testcase name="initialize" classname="zapcg.Capillary.EarnPointPageTestCases.EarnPoint_Invalid_TestCases" time="0">
    <skipped/>
  </testcase>
  <testcase name="initialize" classname="zapcg.Capillary.EarnPointPageTestCases.EarnPoint_Invalid_TestCases" time="0">
    <skipped/>
  </testcase>
  <testcase name="initialize" classname="zapcg.Capillary.EarnPointPageTestCases.EarnPoint_Invalid_TestCases" time="0">
    <skipped/>
  </testcase>
  <testcase name="initialize" classname="zapcg.Capillary.EarnPointPageTestCases.EarnPoint_Invalid_TestCases" time="0">
    <skipped/>
  </testcase>
  <testcase name="initialize" classname="zapcg.Capillary.EarnPointPageTestCases.EarnPoint_Invalid_TestCases" time="0">
    <skipped/>
  </testcase>
  <testcase name="initialize" classname="zapcg.Capillary.EarnPointPageTestCases.EarnPoint_Invalid_TestCases" time="0">
    <skipped/>
  </testcase>
  <testcase name="initialize[firefox, iPhone 11 Pro Portrait](0)" classname="zapcg.Capillary.EarnPointPageTestCases.EarnPoint_Invalid_TestCases" time="39.52">
    <failure message="Unable to locate element: #MS016IN&#10;For documentation on this error, please visit: https://www.selenium.dev/documentation/webdriver/troubleshooting/errors#no-such-element-exception&#10;Build info: version: &apos;4.22.0&apos;, revision: &apos;c5f3146703*&apos;&#10;System info: os.name: &apos;Windows 10&apos;, os.arch: &apos;amd64&apos;, os.version: &apos;10.0&apos;, java.version: &apos;15.0.2&apos;&#10;Driver info: org.openqa.selenium.firefox.FirefoxDriver&#10;Command: [24ccf3be-f649-452a-aba3-752008239fc2, findElement {value=MS016IN, using=id}]&#10;Capabilities {acceptInsecureCerts: true, browserName: firefox, browserVersion: 128.0, moz:accessibilityChecks: false, moz:buildID: 20240628091536, moz:debuggerAddress: 127.0.0.1:43541, moz:geckodriverVersion: 0.34.0, moz:headless: false, moz:platformVersion: 10.0, moz:processID: 59532, moz:profile: C:\Users\KAJALS~1\AppData\L..., moz:shutdownTimeout: 60000, moz:webdriverClick: true, moz:windowless: false, pageLoadStrategy: normal, platformName: windows, proxy: Proxy(), se:cdp: ws://127.0.0.1:43541/devtoo..., se:cdpVersion: 85.0, setWindowRect: true, strictFileInteractability: false, timeouts: {implicit: 0, pageLoad: 300000, script: 30000}, unhandledPromptBehavior: dismiss and notify, userAgent: Mozilla/5.0 (Windows NT 10....}&#10;Session ID: 24ccf3be-f649-452a-aba3-752008239fc2" type="org.openqa.selenium.NoSuchElementException"><![CDATA[org.openqa.selenium.NoSuchElementException: 
Unable to locate element: #MS016IN
For documentation on this error, please visit: https://www.selenium.dev/documentation/webdriver/troubleshooting/errors#no-such-element-exception
Build info: version: '4.22.0', revision: 'c5f3146703*'
System info: os.name: 'Windows 10', os.arch: 'amd64', os.version: '10.0', java.version: '15.0.2'
Driver info: org.openqa.selenium.firefox.FirefoxDriver
Command: [24ccf3be-f649-452a-aba3-752008239fc2, findElement {value=MS016IN, using=id}]
Capabilities {acceptInsecureCerts: true, browserName: firefox, browserVersion: 128.0, moz:accessibilityChecks: false, moz:buildID: 20240628091536, moz:debuggerAddress: 127.0.0.1:43541, moz:geckodriverVersion: 0.34.0, moz:headless: false, moz:platformVersion: 10.0, moz:processID: 59532, moz:profile: C:\Users\KAJALS~1\AppData\L..., moz:shutdownTimeout: 60000, moz:webdriverClick: true, moz:windowless: false, pageLoadStrategy: normal, platformName: windows, proxy: Proxy(), se:cdp: ws://127.0.0.1:43541/devtoo..., se:cdpVersion: 85.0, setWindowRect: true, strictFileInteractability: false, timeouts: {implicit: 0, pageLoad: 300000, script: 30000}, unhandledPromptBehavior: dismiss and notify, userAgent: Mozilla/5.0 (Windows NT 10....}
Session ID: 24ccf3be-f649-452a-aba3-752008239fc2
	at zapcg.Capillary.EarnPointPageTestCases.EarnPoint_Invalid_TestCases.initialize(EarnPoint_Invalid_TestCases.java:40)
]]></failure>
  </testcase>
  <testcase name="initialize[firefox, iPhone 11 Pro Landscape](0)" classname="zapcg.Capillary.EarnPointPageTestCases.EarnPoint_Invalid_TestCases" time="37.388">
    <failure message="Unable to locate element: #MS016IN&#10;For documentation on this error, please visit: https://www.selenium.dev/documentation/webdriver/troubleshooting/errors#no-such-element-exception&#10;Build info: version: &apos;4.22.0&apos;, revision: &apos;c5f3146703*&apos;&#10;System info: os.name: &apos;Windows 10&apos;, os.arch: &apos;amd64&apos;, os.version: &apos;10.0&apos;, java.version: &apos;15.0.2&apos;&#10;Driver info: org.openqa.selenium.firefox.FirefoxDriver&#10;Command: [4cbfa314-921a-43cb-8edd-f7fdba341ef2, findElement {value=MS016IN, using=id}]&#10;Capabilities {acceptInsecureCerts: true, browserName: firefox, browserVersion: 128.0, moz:accessibilityChecks: false, moz:buildID: 20240628091536, moz:debuggerAddress: 127.0.0.1:1080, moz:geckodriverVersion: 0.34.0, moz:headless: false, moz:platformVersion: 10.0, moz:processID: 46368, moz:profile: C:\Users\KAJALS~1\AppData\L..., moz:shutdownTimeout: 60000, moz:webdriverClick: true, moz:windowless: false, pageLoadStrategy: normal, platformName: windows, proxy: Proxy(), se:cdp: ws://127.0.0.1:1080/devtool..., se:cdpVersion: 85.0, setWindowRect: true, strictFileInteractability: false, timeouts: {implicit: 0, pageLoad: 300000, script: 30000}, unhandledPromptBehavior: dismiss and notify, userAgent: Mozilla/5.0 (Windows NT 10....}&#10;Session ID: 4cbfa314-921a-43cb-8edd-f7fdba341ef2" type="org.openqa.selenium.NoSuchElementException"><![CDATA[org.openqa.selenium.NoSuchElementException: 
Unable to locate element: #MS016IN
For documentation on this error, please visit: https://www.selenium.dev/documentation/webdriver/troubleshooting/errors#no-such-element-exception
Build info: version: '4.22.0', revision: 'c5f3146703*'
System info: os.name: 'Windows 10', os.arch: 'amd64', os.version: '10.0', java.version: '15.0.2'
Driver info: org.openqa.selenium.firefox.FirefoxDriver
Command: [4cbfa314-921a-43cb-8edd-f7fdba341ef2, findElement {value=MS016IN, using=id}]
Capabilities {acceptInsecureCerts: true, browserName: firefox, browserVersion: 128.0, moz:accessibilityChecks: false, moz:buildID: 20240628091536, moz:debuggerAddress: 127.0.0.1:1080, moz:geckodriverVersion: 0.34.0, moz:headless: false, moz:platformVersion: 10.0, moz:processID: 46368, moz:profile: C:\Users\KAJALS~1\AppData\L..., moz:shutdownTimeout: 60000, moz:webdriverClick: true, moz:windowless: false, pageLoadStrategy: normal, platformName: windows, proxy: Proxy(), se:cdp: ws://127.0.0.1:1080/devtool..., se:cdpVersion: 85.0, setWindowRect: true, strictFileInteractability: false, timeouts: {implicit: 0, pageLoad: 300000, script: 30000}, unhandledPromptBehavior: dismiss and notify, userAgent: Mozilla/5.0 (Windows NT 10....}
Session ID: 4cbfa314-921a-43cb-8edd-f7fdba341ef2
	at zapcg.Capillary.EarnPointPageTestCases.EarnPoint_Invalid_TestCases.initialize(EarnPoint_Invalid_TestCases.java:40)
]]></failure>
  </testcase>
  <testcase name="initialize[firefox, Galaxy S20 Portrait](0)" classname="zapcg.Capillary.EarnPointPageTestCases.EarnPoint_Invalid_TestCases" time="38.374">
    <failure message="Unable to locate element: #MS016IN&#10;For documentation on this error, please visit: https://www.selenium.dev/documentation/webdriver/troubleshooting/errors#no-such-element-exception&#10;Build info: version: &apos;4.22.0&apos;, revision: &apos;c5f3146703*&apos;&#10;System info: os.name: &apos;Windows 10&apos;, os.arch: &apos;amd64&apos;, os.version: &apos;10.0&apos;, java.version: &apos;15.0.2&apos;&#10;Driver info: org.openqa.selenium.firefox.FirefoxDriver&#10;Command: [8b48ea9a-518b-443c-8082-6cabc4a1c7da, findElement {value=MS016IN, using=id}]&#10;Capabilities {acceptInsecureCerts: true, browserName: firefox, browserVersion: 128.0, moz:accessibilityChecks: false, moz:buildID: 20240628091536, moz:debuggerAddress: 127.0.0.1:15701, moz:geckodriverVersion: 0.34.0, moz:headless: false, moz:platformVersion: 10.0, moz:processID: 61544, moz:profile: C:\Users\KAJALS~1\AppData\L..., moz:shutdownTimeout: 60000, moz:webdriverClick: true, moz:windowless: false, pageLoadStrategy: normal, platformName: windows, proxy: Proxy(), se:cdp: ws://127.0.0.1:15701/devtoo..., se:cdpVersion: 85.0, setWindowRect: true, strictFileInteractability: false, timeouts: {implicit: 0, pageLoad: 300000, script: 30000}, unhandledPromptBehavior: dismiss and notify, userAgent: Mozilla/5.0 (Windows NT 10....}&#10;Session ID: 8b48ea9a-518b-443c-8082-6cabc4a1c7da" type="org.openqa.selenium.NoSuchElementException"><![CDATA[org.openqa.selenium.NoSuchElementException: 
Unable to locate element: #MS016IN
For documentation on this error, please visit: https://www.selenium.dev/documentation/webdriver/troubleshooting/errors#no-such-element-exception
Build info: version: '4.22.0', revision: 'c5f3146703*'
System info: os.name: 'Windows 10', os.arch: 'amd64', os.version: '10.0', java.version: '15.0.2'
Driver info: org.openqa.selenium.firefox.FirefoxDriver
Command: [8b48ea9a-518b-443c-8082-6cabc4a1c7da, findElement {value=MS016IN, using=id}]
Capabilities {acceptInsecureCerts: true, browserName: firefox, browserVersion: 128.0, moz:accessibilityChecks: false, moz:buildID: 20240628091536, moz:debuggerAddress: 127.0.0.1:15701, moz:geckodriverVersion: 0.34.0, moz:headless: false, moz:platformVersion: 10.0, moz:processID: 61544, moz:profile: C:\Users\KAJALS~1\AppData\L..., moz:shutdownTimeout: 60000, moz:webdriverClick: true, moz:windowless: false, pageLoadStrategy: normal, platformName: windows, proxy: Proxy(), se:cdp: ws://127.0.0.1:15701/devtoo..., se:cdpVersion: 85.0, setWindowRect: true, strictFileInteractability: false, timeouts: {implicit: 0, pageLoad: 300000, script: 30000}, unhandledPromptBehavior: dismiss and notify, userAgent: Mozilla/5.0 (Windows NT 10....}
Session ID: 8b48ea9a-518b-443c-8082-6cabc4a1c7da
	at zapcg.Capillary.EarnPointPageTestCases.EarnPoint_Invalid_TestCases.initialize(EarnPoint_Invalid_TestCases.java:40)
]]></failure>
  </testcase>
  <testcase name="initialize[firefox, Galaxy S20 Landscape](0)" classname="zapcg.Capillary.EarnPointPageTestCases.EarnPoint_Invalid_TestCases" time="39.518">
    <failure message="Unable to locate element: #MS016IN&#10;For documentation on this error, please visit: https://www.selenium.dev/documentation/webdriver/troubleshooting/errors#no-such-element-exception&#10;Build info: version: &apos;4.22.0&apos;, revision: &apos;c5f3146703*&apos;&#10;System info: os.name: &apos;Windows 10&apos;, os.arch: &apos;amd64&apos;, os.version: &apos;10.0&apos;, java.version: &apos;15.0.2&apos;&#10;Driver info: org.openqa.selenium.firefox.FirefoxDriver&#10;Command: [10c8e325-d91d-48ef-9084-1e011170c1dd, findElement {value=MS016IN, using=id}]&#10;Capabilities {acceptInsecureCerts: true, browserName: firefox, browserVersion: 128.0, moz:accessibilityChecks: false, moz:buildID: 20240628091536, moz:debuggerAddress: 127.0.0.1:12286, moz:geckodriverVersion: 0.34.0, moz:headless: false, moz:platformVersion: 10.0, moz:processID: 64436, moz:profile: C:\Users\KAJALS~1\AppData\L..., moz:shutdownTimeout: 60000, moz:webdriverClick: true, moz:windowless: false, pageLoadStrategy: normal, platformName: windows, proxy: Proxy(), se:cdp: ws://127.0.0.1:12286/devtoo..., se:cdpVersion: 85.0, setWindowRect: true, strictFileInteractability: false, timeouts: {implicit: 0, pageLoad: 300000, script: 30000}, unhandledPromptBehavior: dismiss and notify, userAgent: Mozilla/5.0 (Windows NT 10....}&#10;Session ID: 10c8e325-d91d-48ef-9084-1e011170c1dd" type="org.openqa.selenium.NoSuchElementException"><![CDATA[org.openqa.selenium.NoSuchElementException: 
Unable to locate element: #MS016IN
For documentation on this error, please visit: https://www.selenium.dev/documentation/webdriver/troubleshooting/errors#no-such-element-exception
Build info: version: '4.22.0', revision: 'c5f3146703*'
System info: os.name: 'Windows 10', os.arch: 'amd64', os.version: '10.0', java.version: '15.0.2'
Driver info: org.openqa.selenium.firefox.FirefoxDriver
Command: [10c8e325-d91d-48ef-9084-1e011170c1dd, findElement {value=MS016IN, using=id}]
Capabilities {acceptInsecureCerts: true, browserName: firefox, browserVersion: 128.0, moz:accessibilityChecks: false, moz:buildID: 20240628091536, moz:debuggerAddress: 127.0.0.1:12286, moz:geckodriverVersion: 0.34.0, moz:headless: false, moz:platformVersion: 10.0, moz:processID: 64436, moz:profile: C:\Users\KAJALS~1\AppData\L..., moz:shutdownTimeout: 60000, moz:webdriverClick: true, moz:windowless: false, pageLoadStrategy: normal, platformName: windows, proxy: Proxy(), se:cdp: ws://127.0.0.1:12286/devtoo..., se:cdpVersion: 85.0, setWindowRect: true, strictFileInteractability: false, timeouts: {implicit: 0, pageLoad: 300000, script: 30000}, unhandledPromptBehavior: dismiss and notify, userAgent: Mozilla/5.0 (Windows NT 10....}
Session ID: 10c8e325-d91d-48ef-9084-1e011170c1dd
	at zapcg.Capillary.EarnPointPageTestCases.EarnPoint_Invalid_TestCases.initialize(EarnPoint_Invalid_TestCases.java:40)
]]></failure>
    <system-out><![CDATA[The name of the testcase passed is : verifyTransactionAmountShouldNotBeEmpty
Test execution completed on FirefoxDriver with device: Galaxy S20 Landscape
]]></system-out>
  </testcase>
  <testcase name="testInvalidUsername_TestCase2" classname="zapcg.Capillary.LoginTestCases.Login_Invalid_TestCases" time="2.177">
    <system-out><![CDATA[The name of the testcase passed is : emptyTxnAmountButGoToPassPointValue
Test execution completed on ChromeDriver with device: Tablet Portrait
 Test case started: testInvalidUsername_TestCase2
Error message is displayed.
Actual error message for Invalid Username:Invalid Username or Password. Try again.
]]></system-out>
  </testcase>
  <testcase name="testInvalidUsername_TestCase2" classname="zapcg.Capillary.LoginTestCases.Login_Invalid_TestCases" time="1.679">
    <system-out><![CDATA[The name of the testcase passed is : emptyTxnAmountButGoToPassPointValue
Test execution completed on ChromeDriver with device: Tablet Landscape
 Test case started: testInvalidUsername_TestCase2
Error message is displayed.
Actual error message for Invalid Username:Invalid Username or Password. Try again.
]]></system-out>
  </testcase>
  <testcase name="testInvalidUsername_TestCase2" classname="zapcg.Capillary.LoginTestCases.Login_Invalid_TestCases" time="1.705">
    <system-out><![CDATA[The name of the testcase passed is : emptyTxnAmountButGoToPassPointValue
Test execution completed on ChromeDriver with device: iPhone 11 Pro Portrait
 Test case started: testInvalidUsername_TestCase2
Error message is displayed.
Actual error message for Invalid Username:Invalid Username or Password. Try again.
]]></system-out>
  </testcase>
  <testcase name="testInvalidUsername_TestCase2" classname="zapcg.Capillary.LoginTestCases.Login_Invalid_TestCases" time="1.827">
    <system-out><![CDATA[The name of the testcase passed is : emptyTxnAmountButGoToPassPointValue
Test execution completed on ChromeDriver with device: iPhone 11 Pro Landscape
 Test case started: testInvalidUsername_TestCase2
Error message is displayed.
Actual error message for Invalid Username:Invalid Username or Password. Try again.
]]></system-out>
  </testcase>
  <testcase name="testInvalidUsername_TestCase2" classname="zapcg.Capillary.LoginTestCases.Login_Invalid_TestCases" time="2.335">
    <system-out><![CDATA[ Test case started: testInvalidUsername_TestCase2
Error message is displayed.
Actual error message for Invalid Username:Your account is locked. Ask your manager to unlock the account.
]]></system-out>
  </testcase>
  <testcase name="testInvalidUsername_TestCase2" classname="zapcg.Capillary.LoginTestCases.Login_Invalid_TestCases" time="1.284">
    <system-out><![CDATA[The name of the testcase passed is : emptyTxnAmountButGoToPassPointValue
Test execution completed on ChromeDriver with device: Galaxy S20 Landscape
 Test case started: testInvalidUsername_TestCase2
Error message is displayed.
Actual error message for Invalid Username:Your account is locked. Ask your manager to unlock the account.
]]></system-out>
  </testcase>
  <testcase name="testInvalidUsername_TestCase2" classname="zapcg.Capillary.LoginTestCases.Login_Invalid_TestCases" time="1.674">
    <system-out><![CDATA[The name of the testcase passed is : emptyTxnAmountButGoToPassPointValue
Test execution completed on FirefoxDriver with device: Tablet Portrait
 Test case started: testInvalidUsername_TestCase2
Error message is displayed.
Actual error message for Invalid Username:Your account is locked. Ask your manager to unlock the account.
]]></system-out>
  </testcase>
  <testcase name="testInvalidUsername_TestCase2" classname="zapcg.Capillary.LoginTestCases.Login_Invalid_TestCases" time="1.873">
    <system-out><![CDATA[The name of the testcase passed is : emptyTxnAmountButGoToPassPointValue
Test execution completed on FirefoxDriver with device: Tablet Landscape
 Test case started: testInvalidUsername_TestCase2
Error message is displayed.
Actual error message for Invalid Username:Invalid Username or Password. Try again.
]]></system-out>
  </testcase>
  <testcase name="testInvalidUsername_TestCase2" classname="zapcg.Capillary.LoginTestCases.Login_Invalid_TestCases" time="1.403">
    <system-out><![CDATA[ Test case started: testInvalidUsername_TestCase2
Error message is displayed.
Actual error message for Invalid Username:Invalid Username or Password. Try again.
]]></system-out>
  </testcase>
  <testcase name="testInvalidUsername_TestCase2" classname="zapcg.Capillary.LoginTestCases.Login_Invalid_TestCases" time="1.755">
    <system-out><![CDATA[ Test case started: testInvalidUsername_TestCase2
Error message is displayed.
Actual error message for Invalid Username:Invalid Username or Password. Try again.
]]></system-out>
  </testcase>
  <testcase name="testInvalidUsername_TestCase2" classname="zapcg.Capillary.LoginTestCases.Login_Invalid_TestCases" time="1.492">
    <system-out><![CDATA[ Test case started: testInvalidUsername_TestCase2
Error message is displayed.
Actual error message for Invalid Username:Invalid Username or Password. Try again.
]]></system-out>
  </testcase>
  <testcase name="testInvalidUsername_TestCase2" classname="zapcg.Capillary.LoginTestCases.Login_Invalid_TestCases" time="1.656">
    <system-out><![CDATA[ Test case started: testInvalidUsername_TestCase2
Error message is displayed.
Actual error message for Invalid Username:Invalid Username or Password. Try again.
]]></system-out>
  </testcase>
  <testcase name="testInvalidPassword_TestCase3" classname="zapcg.Capillary.LoginTestCases.Login_Invalid_TestCases" time="2.085">
    <system-out><![CDATA[The name of the testcase passed is : goTOPassPointMoreThanTransactionAmount
Test execution completed on ChromeDriver with device: Tablet Portrait
 Test case started: testInvalidPassword_TestCase3
Error message is displayed.
Actual error message for Invalid Password:Invalid Username or Password. Try again.
]]></system-out>
  </testcase>
  <testcase name="testInvalidPassword_TestCase3" classname="zapcg.Capillary.LoginTestCases.Login_Invalid_TestCases" time="1.941">
    <system-out><![CDATA[The name of the testcase passed is : goTOPassPointMoreThanTransactionAmount
Test execution completed on ChromeDriver with device: Tablet Landscape
 Test case started: testInvalidPassword_TestCase3
Error message is displayed.
Actual error message for Invalid Password:Invalid Username or Password. Try again.
]]></system-out>
  </testcase>
  <testcase name="testInvalidPassword_TestCase3" classname="zapcg.Capillary.LoginTestCases.Login_Invalid_TestCases" time="1.694">
    <system-out><![CDATA[The name of the testcase passed is : goTOPassPointMoreThanTransactionAmount
Test execution completed on ChromeDriver with device: iPhone 11 Pro Portrait
 Test case started: testInvalidPassword_TestCase3
Error message is displayed.
Actual error message for Invalid Password:Invalid Username or Password. Try again.
]]></system-out>
  </testcase>
  <testcase name="testInvalidPassword_TestCase3" classname="zapcg.Capillary.LoginTestCases.Login_Invalid_TestCases" time="1.866">
    <system-out><![CDATA[The name of the testcase passed is : goTOPassPointMoreThanTransactionAmount
Test execution completed on ChromeDriver with device: iPhone 11 Pro Landscape
 Test case started: testInvalidPassword_TestCase3
Error message is displayed.
Actual error message for Invalid Password:Invalid Username or Password. Try again.
]]></system-out>
  </testcase>
  <testcase name="testInvalidPassword_TestCase3" classname="zapcg.Capillary.LoginTestCases.Login_Invalid_TestCases" time="1.494">
    <system-out><![CDATA[ Test case started: testInvalidPassword_TestCase3
Error message is displayed.
Actual error message for Invalid Password:Invalid Username or Password. Try again.
]]></system-out>
  </testcase>
  <testcase name="testInvalidPassword_TestCase3" classname="zapcg.Capillary.LoginTestCases.Login_Invalid_TestCases" time="1.933">
    <system-out><![CDATA[The name of the testcase passed is : goTOPassPointMoreThanTransactionAmount
Test execution completed on ChromeDriver with device: Galaxy S20 Landscape
 Test case started: testInvalidPassword_TestCase3
Error message is displayed.
Actual error message for Invalid Password:Invalid Username or Password. Try again.
]]></system-out>
  </testcase>
  <testcase name="testInvalidPassword_TestCase3" classname="zapcg.Capillary.LoginTestCases.Login_Invalid_TestCases" time="6.004">
    <system-out><![CDATA[The name of the testcase passed is : goTOPassPointMoreThanTransactionAmount
Test execution completed on FirefoxDriver with device: Tablet Portrait
 Test case started: testInvalidPassword_TestCase3
Error message is displayed.
Actual error message for Invalid Password:Invalid Username or Password. Try again.
]]></system-out>
  </testcase>
  <testcase name="testInvalidPassword_TestCase3" classname="zapcg.Capillary.LoginTestCases.Login_Invalid_TestCases" time="1.343">
    <system-out><![CDATA[The name of the testcase failed is : goTOPassPointMoreThanTransactionAmount
Test execution completed on FirefoxDriver with device: Tablet Landscape
 Test case started: testInvalidPassword_TestCase3
Error message is displayed.
Actual error message for Invalid Password:Invalid Username or Password. Try again.
]]></system-out>
  </testcase>
  <testcase name="testInvalidPassword_TestCase3" classname="zapcg.Capillary.LoginTestCases.Login_Invalid_TestCases" time="2.096">
    <system-out><![CDATA[ Test case started: testInvalidPassword_TestCase3
Error message is displayed.
Actual error message for Invalid Password:Invalid Username or Password. Try again.
]]></system-out>
  </testcase>
  <testcase name="testInvalidPassword_TestCase3" classname="zapcg.Capillary.LoginTestCases.Login_Invalid_TestCases" time="1.741">
    <system-out><![CDATA[ Test case started: testInvalidPassword_TestCase3
Error message is displayed.
Actual error message for Invalid Password:Invalid Username or Password. Try again.
]]></system-out>
  </testcase>
  <testcase name="testInvalidPassword_TestCase3" classname="zapcg.Capillary.LoginTestCases.Login_Invalid_TestCases" time="1.774">
    <system-out><![CDATA[ Test case started: testInvalidPassword_TestCase3
Error message is displayed.
Actual error message for Invalid Password:Invalid Username or Password. Try again.
]]></system-out>
  </testcase>
  <testcase name="testInvalidPassword_TestCase3" classname="zapcg.Capillary.LoginTestCases.Login_Invalid_TestCases" time="1.822">
    <system-out><![CDATA[ Test case started: testInvalidPassword_TestCase3
Error message is displayed.
Actual error message for Invalid Password:Invalid Username or Password. Try again.
]]></system-out>
  </testcase>
  <testcase name="testTooLongUsername_TestCase4" classname="zapcg.Capillary.LoginTestCases.Login_Invalid_TestCases" time="0.727">
    <system-out><![CDATA[The name of the testcase passed is : verifyNonEditableTimeField
Test execution completed on ChromeDriver with device: Tablet Portrait
 Test case started: testTooLongUsername_TestCase4
Actual error message for max length username:Username must be less than 50 characters
The error message is displayed.
]]></system-out>
  </testcase>
  <testcase name="testTooLongUsername_TestCase4" classname="zapcg.Capillary.LoginTestCases.Login_Invalid_TestCases" time="0.835">
    <system-out><![CDATA[The name of the testcase passed is : verifyNonEditableTimeField
Test execution completed on ChromeDriver with device: Tablet Landscape
 Test case started: testTooLongUsername_TestCase4
Actual error message for max length username:Username must be less than 50 characters
The error message is displayed.
]]></system-out>
  </testcase>
  <testcase name="testTooLongUsername_TestCase4" classname="zapcg.Capillary.LoginTestCases.Login_Invalid_TestCases" time="0.604">
    <system-out><![CDATA[The name of the testcase passed is : verifyNonEditableTimeField
Test execution completed on ChromeDriver with device: iPhone 11 Pro Portrait
 Test case started: testTooLongUsername_TestCase4
Actual error message for max length username:Username must be less than 50 characters
The error message is displayed.
]]></system-out>
  </testcase>
  <testcase name="testTooLongUsername_TestCase4" classname="zapcg.Capillary.LoginTestCases.Login_Invalid_TestCases" time="0.716">
    <system-out><![CDATA[The name of the testcase passed is : verifyNonEditableTimeField
Test execution completed on ChromeDriver with device: iPhone 11 Pro Landscape
 Test case started: testTooLongUsername_TestCase4
Actual error message for max length username:Username must be less than 50 characters
The error message is displayed.
]]></system-out>
  </testcase>
  <testcase name="testTooLongUsername_TestCase4" classname="zapcg.Capillary.LoginTestCases.Login_Invalid_TestCases" time="0.694">
    <system-out><![CDATA[ Test case started: testTooLongUsername_TestCase4
Actual error message for max length username:Username must be less than 50 characters
The error message is displayed.
]]></system-out>
  </testcase>
  <testcase name="testTooLongUsername_TestCase4" classname="zapcg.Capillary.LoginTestCases.Login_Invalid_TestCases" time="0.604">
    <system-out><![CDATA[The name of the testcase passed is : verifyNonEditableTimeField
Test execution completed on ChromeDriver with device: Galaxy S20 Landscape
 Test case started: testTooLongUsername_TestCase4
Actual error message for max length username:Username must be less than 50 characters
The error message is displayed.
]]></system-out>
  </testcase>
  <testcase name="testTooLongUsername_TestCase4" classname="zapcg.Capillary.LoginTestCases.Login_Invalid_TestCases" time="0.598">
    <system-out><![CDATA[The name of the testcase passed is : verifyNonEditableTimeField
Test execution completed on FirefoxDriver with device: Tablet Portrait
 Test case started: testTooLongUsername_TestCase4
Actual error message for max length username:Username must be less than 50 characters
The error message is displayed.
]]></system-out>
  </testcase>
  <testcase name="testTooLongUsername_TestCase4" classname="zapcg.Capillary.LoginTestCases.Login_Invalid_TestCases" time="0.564">
    <system-out><![CDATA[The name of the testcase passed is : verifyNonEditableTimeField
Test execution completed on FirefoxDriver with device: Tablet Landscape
 Test case started: testTooLongUsername_TestCase4
Actual error message for max length username:Username must be less than 50 characters
The error message is displayed.
]]></system-out>
  </testcase>
  <testcase name="testTooLongUsername_TestCase4" classname="zapcg.Capillary.LoginTestCases.Login_Invalid_TestCases" time="0.599">
    <system-out><![CDATA[ Test case started: testTooLongUsername_TestCase4
Actual error message for max length username:Username must be less than 50 characters
The error message is displayed.
]]></system-out>
  </testcase>
  <testcase name="testTooLongUsername_TestCase4" classname="zapcg.Capillary.LoginTestCases.Login_Invalid_TestCases" time="0.685">
    <system-out><![CDATA[ Test case started: testTooLongUsername_TestCase4
Actual error message for max length username:Username must be less than 50 characters
The error message is displayed.
]]></system-out>
  </testcase>
  <testcase name="testTooLongUsername_TestCase4" classname="zapcg.Capillary.LoginTestCases.Login_Invalid_TestCases" time="0.696">
    <system-out><![CDATA[ Test case started: testTooLongUsername_TestCase4
Actual error message for max length username:Username must be less than 50 characters
The error message is displayed.
]]></system-out>
  </testcase>
  <testcase name="testTooLongUsername_TestCase4" classname="zapcg.Capillary.LoginTestCases.Login_Invalid_TestCases" time="0.947">
    <system-out><![CDATA[ Test case started: testTooLongUsername_TestCase4
Actual error message for max length username:Username must be less than 50 characters
The error message is displayed.
]]></system-out>
  </testcase>
  <testcase name="testMinLengthPassword_TestCase5" classname="zapcg.Capillary.LoginTestCases.Login_Invalid_TestCases" time="0.527">
    <system-out><![CDATA[The name of the testcase passed is : verifyEnabledOfEnterReceiptDetailsButton
Test execution completed on ChromeDriver with device: Tablet Portrait
 Test case started: testMinLengthPassword_TestCase5
Actual error message for min password length:Password must be at least 8 characters
The error message is displayed.
]]></system-out>
  </testcase>
  <testcase name="testMinLengthPassword_TestCase5" classname="zapcg.Capillary.LoginTestCases.Login_Invalid_TestCases" time="0.452">
    <system-out><![CDATA[The name of the testcase passed is : verifyEnabledOfEnterReceiptDetailsButton
Test execution completed on ChromeDriver with device: Tablet Landscape
 Test case started: testMinLengthPassword_TestCase5
Actual error message for min password length:Password must be at least 8 characters
The error message is displayed.
]]></system-out>
  </testcase>
  <testcase name="testMinLengthPassword_TestCase5" classname="zapcg.Capillary.LoginTestCases.Login_Invalid_TestCases" time="0.493">
    <system-out><![CDATA[The name of the testcase passed is : verifyEnabledOfEnterReceiptDetailsButton
Test execution completed on ChromeDriver with device: iPhone 11 Pro Portrait
 Test case started: testMinLengthPassword_TestCase5
Actual error message for min password length:Password must be at least 8 characters
The error message is displayed.
]]></system-out>
  </testcase>
  <testcase name="testMinLengthPassword_TestCase5" classname="zapcg.Capillary.LoginTestCases.Login_Invalid_TestCases" time="0.418">
    <system-out><![CDATA[The name of the testcase passed is : verifyEnabledOfEnterReceiptDetailsButton
Test execution completed on ChromeDriver with device: iPhone 11 Pro Landscape
 Test case started: testMinLengthPassword_TestCase5
Actual error message for min password length:Password must be at least 8 characters
The error message is displayed.
]]></system-out>
  </testcase>
  <testcase name="testMinLengthPassword_TestCase5" classname="zapcg.Capillary.LoginTestCases.Login_Invalid_TestCases" time="0.447">
    <system-out><![CDATA[ Test case started: testMinLengthPassword_TestCase5
Actual error message for min password length:Password must be at least 8 characters
The error message is displayed.
]]></system-out>
  </testcase>
  <testcase name="testMinLengthPassword_TestCase5" classname="zapcg.Capillary.LoginTestCases.Login_Invalid_TestCases" time="0.472">
    <system-out><![CDATA[The name of the testcase passed is : verifyEnabledOfEnterReceiptDetailsButton
Test execution completed on ChromeDriver with device: Galaxy S20 Landscape
 Test case started: testMinLengthPassword_TestCase5
Actual error message for min password length:Password must be at least 8 characters
The error message is displayed.
]]></system-out>
  </testcase>
  <testcase name="testMinLengthPassword_TestCase5" classname="zapcg.Capillary.LoginTestCases.Login_Invalid_TestCases" time="0.423">
    <system-out><![CDATA[ Test case started: testMinLengthPassword_TestCase5
Actual error message for min password length:Password must be at least 8 characters
The error message is displayed.
]]></system-out>
  </testcase>
  <testcase name="testMinLengthPassword_TestCase5" classname="zapcg.Capillary.LoginTestCases.Login_Invalid_TestCases" time="0.411">
    <system-out><![CDATA[The name of the testcase passed is : verifyEnabledOfEnterReceiptDetailsButton
Test execution completed on FirefoxDriver with device: Tablet Landscape
 Test case started: testMinLengthPassword_TestCase5
Actual error message for min password length:Password must be at least 8 characters
The error message is displayed.
]]></system-out>
  </testcase>
  <testcase name="testMinLengthPassword_TestCase5" classname="zapcg.Capillary.LoginTestCases.Login_Invalid_TestCases" time="0.465">
    <system-out><![CDATA[ Test case started: testMinLengthPassword_TestCase5
Actual error message for min password length:Password must be at least 8 characters
The error message is displayed.
]]></system-out>
  </testcase>
  <testcase name="testMinLengthPassword_TestCase5" classname="zapcg.Capillary.LoginTestCases.Login_Invalid_TestCases" time="0.429">
    <system-out><![CDATA[ Test case started: testMinLengthPassword_TestCase5
Actual error message for min password length:Password must be at least 8 characters
The error message is displayed.
]]></system-out>
  </testcase>
  <testcase name="testMinLengthPassword_TestCase5" classname="zapcg.Capillary.LoginTestCases.Login_Invalid_TestCases" time="0.476">
    <system-out><![CDATA[ Test case started: testMinLengthPassword_TestCase5
Actual error message for min password length:Password must be at least 8 characters
The error message is displayed.
]]></system-out>
  </testcase>
  <testcase name="testMinLengthPassword_TestCase5" classname="zapcg.Capillary.LoginTestCases.Login_Invalid_TestCases" time="0.751">
    <system-out><![CDATA[ Test case started: testMinLengthPassword_TestCase5
Actual error message for min password length:Password must be at least 8 characters
The error message is displayed.
]]></system-out>
  </testcase>
  <testcase name="testUsernameWithSpaces_TestCase6" classname="zapcg.Capillary.LoginTestCases.Login_Invalid_TestCases" time="0.492">
    <system-out><![CDATA[The name of the testcase passed is : verifyMemberDetailsContentDisplayingOnEarnPointScreen
Test execution completed on ChromeDriver with device: Tablet Portrait
 Test case started: testUsernameWithSpaces_TestCase6
Actual error message for space not allowed in username:Username must not contain any spaces
The error message is displayed.
]]></system-out>
  </testcase>
  <testcase name="testUsernameWithSpaces_TestCase6" classname="zapcg.Capillary.LoginTestCases.Login_Invalid_TestCases" time="0.556">
    <system-out><![CDATA[The name of the testcase passed is : verifyMemberDetailsContentDisplayingOnEarnPointScreen
Test execution completed on ChromeDriver with device: Tablet Landscape
 Test case started: testUsernameWithSpaces_TestCase6
Actual error message for space not allowed in username:Username must not contain any spaces
The error message is displayed.
]]></system-out>
  </testcase>
  <testcase name="testUsernameWithSpaces_TestCase6" classname="zapcg.Capillary.LoginTestCases.Login_Invalid_TestCases" time="0.535">
    <system-out><![CDATA[The name of the testcase passed is : verifyMemberDetailsContentDisplayingOnEarnPointScreen
Test execution completed on ChromeDriver with device: iPhone 11 Pro Portrait
 Test case started: testUsernameWithSpaces_TestCase6
Actual error message for space not allowed in username:Username must not contain any spaces
The error message is displayed.
]]></system-out>
  </testcase>
  <testcase name="testUsernameWithSpaces_TestCase6" classname="zapcg.Capillary.LoginTestCases.Login_Invalid_TestCases" time="0.509">
    <system-out><![CDATA[The name of the testcase passed is : verifyMemberDetailsContentDisplayingOnEarnPointScreen
Test execution completed on ChromeDriver with device: iPhone 11 Pro Landscape
 Test case started: testUsernameWithSpaces_TestCase6
Actual error message for space not allowed in username:Username must not contain any spaces
The error message is displayed.
]]></system-out>
  </testcase>
  <testcase name="testUsernameWithSpaces_TestCase6" classname="zapcg.Capillary.LoginTestCases.Login_Invalid_TestCases" time="0.458">
    <system-out><![CDATA[ Test case started: testUsernameWithSpaces_TestCase6
Actual error message for space not allowed in username:Username must not contain any spaces
The error message is displayed.
]]></system-out>
  </testcase>
  <testcase name="testUsernameWithSpaces_TestCase6" classname="zapcg.Capillary.LoginTestCases.Login_Invalid_TestCases" time="0.591">
    <system-out><![CDATA[The name of the testcase passed is : verifyMemberDetailsContentDisplayingOnEarnPointScreen
Test execution completed on ChromeDriver with device: Galaxy S20 Landscape
 Test case started: testUsernameWithSpaces_TestCase6
Actual error message for space not allowed in username:Username must not contain any spaces
The error message is displayed.
]]></system-out>
  </testcase>
  <testcase name="testUsernameWithSpaces_TestCase6" classname="zapcg.Capillary.LoginTestCases.Login_Invalid_TestCases" time="0.473">
    <system-out><![CDATA[The name of the testcase passed is : verifyMemberDetailsContentDisplayingOnEarnPointScreen
Test execution completed on FirefoxDriver with device: Tablet Portrait
 Test case started: testUsernameWithSpaces_TestCase6
Actual error message for space not allowed in username:Username must not contain any spaces
The error message is displayed.
]]></system-out>
  </testcase>
  <testcase name="testUsernameWithSpaces_TestCase6" classname="zapcg.Capillary.LoginTestCases.Login_Invalid_TestCases" time="0.428">
    <system-out><![CDATA[The name of the testcase passed is : verifyMemberDetailsContentDisplayingOnEarnPointScreen
Test execution completed on FirefoxDriver with device: Tablet Landscape
 Test case started: testUsernameWithSpaces_TestCase6
Actual error message for space not allowed in username:Username must not contain any spaces
The error message is displayed.
]]></system-out>
  </testcase>
  <testcase name="testUsernameWithSpaces_TestCase6" classname="zapcg.Capillary.LoginTestCases.Login_Invalid_TestCases" time="0.58">
    <system-out><![CDATA[ Test case started: testUsernameWithSpaces_TestCase6
Actual error message for space not allowed in username:Username must not contain any spaces
The error message is displayed.
]]></system-out>
  </testcase>
  <testcase name="testUsernameWithSpaces_TestCase6" classname="zapcg.Capillary.LoginTestCases.Login_Invalid_TestCases" time="0.412">
    <system-out><![CDATA[ Test case started: testUsernameWithSpaces_TestCase6
Actual error message for space not allowed in username:Username must not contain any spaces
The error message is displayed.
]]></system-out>
  </testcase>
  <testcase name="testUsernameWithSpaces_TestCase6" classname="zapcg.Capillary.LoginTestCases.Login_Invalid_TestCases" time="0.506">
    <system-out><![CDATA[ Test case started: testUsernameWithSpaces_TestCase6
Actual error message for space not allowed in username:Username must not contain any spaces
The error message is displayed.
]]></system-out>
  </testcase>
  <testcase name="testUsernameWithSpaces_TestCase6" classname="zapcg.Capillary.LoginTestCases.Login_Invalid_TestCases" time="0.489">
    <system-out><![CDATA[ Test case started: testUsernameWithSpaces_TestCase6
Actual error message for space not allowed in username:Username must not contain any spaces
The error message is displayed.
]]></system-out>
  </testcase>
  <testcase name="verifyForEnabledLoginButton_TestCase7" classname="zapcg.Capillary.LoginTestCases.Login_Invalid_TestCases" time="2.135">
    <system-out><![CDATA[The name of the testcase passed is : verifyBackButtonNavigation
Test execution completed on ChromeDriver with device: Tablet Portrait
 Test case started: verifyForEnabledLoginButton_TestCase7
The login button is enabled.
]]></system-out>
  </testcase>
  <testcase name="verifyForEnabledLoginButton_TestCase7" classname="zapcg.Capillary.LoginTestCases.Login_Invalid_TestCases" time="2.736">
    <system-out><![CDATA[The name of the testcase passed is : verifyBackButtonNavigation
Test execution completed on ChromeDriver with device: Tablet Landscape
 Test case started: verifyForEnabledLoginButton_TestCase7
The login button is enabled.
]]></system-out>
  </testcase>
  <testcase name="verifyForEnabledLoginButton_TestCase7" classname="zapcg.Capillary.LoginTestCases.Login_Invalid_TestCases" time="2.044">
    <system-out><![CDATA[The name of the testcase passed is : verifyBackButtonNavigation
Test execution completed on ChromeDriver with device: iPhone 11 Pro Portrait
 Test case started: verifyForEnabledLoginButton_TestCase7
The login button is enabled.
]]></system-out>
  </testcase>
  <testcase name="verifyForEnabledLoginButton_TestCase7" classname="zapcg.Capillary.LoginTestCases.Login_Invalid_TestCases" time="2.038">
    <system-out><![CDATA[The name of the testcase passed is : verifyBackButtonNavigation
Test execution completed on ChromeDriver with device: iPhone 11 Pro Landscape
 Test case started: verifyForEnabledLoginButton_TestCase7
The login button is enabled.
]]></system-out>
  </testcase>
  <testcase name="verifyForEnabledLoginButton_TestCase7" classname="zapcg.Capillary.LoginTestCases.Login_Invalid_TestCases" time="2.668">
    <system-out><![CDATA[ Test case started: verifyForEnabledLoginButton_TestCase7
The login button is enabled.
]]></system-out>
  </testcase>
  <testcase name="verifyForEnabledLoginButton_TestCase7" classname="zapcg.Capillary.LoginTestCases.Login_Invalid_TestCases" time="1.514">
    <system-out><![CDATA[The name of the testcase passed is : verifyBackButtonNavigation
Test execution completed on ChromeDriver with device: Galaxy S20 Landscape
 Test case started: verifyForEnabledLoginButton_TestCase7
The login button is enabled.
]]></system-out>
  </testcase>
  <testcase name="verifyForEnabledLoginButton_TestCase7" classname="zapcg.Capillary.LoginTestCases.Login_Invalid_TestCases" time="3.05">
    <system-out><![CDATA[The name of the testcase passed is : verifyBackButtonNavigation
Test execution completed on FirefoxDriver with device: Tablet Portrait
 Test case started: verifyForEnabledLoginButton_TestCase7
The login button is enabled.
]]></system-out>
  </testcase>
  <testcase name="verifyForEnabledLoginButton_TestCase7" classname="zapcg.Capillary.LoginTestCases.Login_Invalid_TestCases" time="1.501">
    <system-out><![CDATA[The name of the testcase passed is : verifyBackButtonNavigation
Test execution completed on FirefoxDriver with device: Tablet Landscape
 Test case started: verifyForEnabledLoginButton_TestCase7
The login button is enabled.
]]></system-out>
  </testcase>
  <testcase name="verifyForEnabledLoginButton_TestCase7" classname="zapcg.Capillary.LoginTestCases.Login_Invalid_TestCases" time="2.147">
    <system-out><![CDATA[ Test case started: verifyForEnabledLoginButton_TestCase7
The login button is enabled.
]]></system-out>
  </testcase>
  <testcase name="verifyForEnabledLoginButton_TestCase7" classname="zapcg.Capillary.LoginTestCases.Login_Invalid_TestCases" time="2.053">
    <system-out><![CDATA[ Test case started: verifyForEnabledLoginButton_TestCase7
The login button is enabled.
]]></system-out>
  </testcase>
  <testcase name="verifyForEnabledLoginButton_TestCase7" classname="zapcg.Capillary.LoginTestCases.Login_Invalid_TestCases" time="2.176">
    <system-out><![CDATA[ Test case started: verifyForEnabledLoginButton_TestCase7
The login button is enabled.
]]></system-out>
  </testcase>
  <testcase name="verifyForEnabledLoginButton_TestCase7" classname="zapcg.Capillary.LoginTestCases.Login_Invalid_TestCases" time="1.83">
    <system-out><![CDATA[ Test case started: verifyForEnabledLoginButton_TestCase7
The login button is enabled.
]]></system-out>
  </testcase>
  <testcase name="verifyForDisabledLoginButtonForEmptyUsername_TestCase8" classname="zapcg.Capillary.LoginTestCases.Login_Invalid_TestCases" time="0.259">
    <system-out><![CDATA[The name of the testcase passed is : verifyHamBurgerMemberLookupOption
Test execution completed on ChromeDriver with device: Tablet Portrait
 Test case started: verifyForDisabledLoginButtonForEmptyUsername_TestCase8
Button is disabled
]]></system-out>
  </testcase>
  <testcase name="verifyForDisabledLoginButtonForEmptyUsername_TestCase8" classname="zapcg.Capillary.LoginTestCases.Login_Invalid_TestCases" time="0.318">
    <system-out><![CDATA[The name of the testcase passed is : verifyHamBurgerMemberLookupOption
Test execution completed on ChromeDriver with device: Tablet Landscape
 Test case started: verifyForDisabledLoginButtonForEmptyUsername_TestCase8
Button is disabled
]]></system-out>
  </testcase>
  <testcase name="verifyForDisabledLoginButtonForEmptyUsername_TestCase8" classname="zapcg.Capillary.LoginTestCases.Login_Invalid_TestCases" time="0.185">
    <system-out><![CDATA[The name of the testcase passed is : verifyHamBurgerMemberLookupOption
Test execution completed on ChromeDriver with device: iPhone 11 Pro Portrait
 Test case started: verifyForDisabledLoginButtonForEmptyUsername_TestCase8
Button is disabled
]]></system-out>
  </testcase>
  <testcase name="verifyForDisabledLoginButtonForEmptyUsername_TestCase8" classname="zapcg.Capillary.LoginTestCases.Login_Invalid_TestCases" time="0.189">
    <system-out><![CDATA[The name of the testcase passed is : verifyHamBurgerMemberLookupOption
Test execution completed on ChromeDriver with device: iPhone 11 Pro Landscape
 Test case started: verifyForDisabledLoginButtonForEmptyUsername_TestCase8
Button is disabled
]]></system-out>
  </testcase>
  <testcase name="verifyForDisabledLoginButtonForEmptyUsername_TestCase8" classname="zapcg.Capillary.LoginTestCases.Login_Invalid_TestCases" time="0.206">
    <system-out><![CDATA[ Test case started: verifyForDisabledLoginButtonForEmptyUsername_TestCase8
Button is disabled
]]></system-out>
  </testcase>
  <testcase name="verifyForDisabledLoginButtonForEmptyUsername_TestCase8" classname="zapcg.Capillary.LoginTestCases.Login_Invalid_TestCases" time="0.268">
    <system-out><![CDATA[The name of the testcase passed is : verifyHamBurgerMemberLookupOption
Test execution completed on ChromeDriver with device: Galaxy S20 Landscape
 Test case started: verifyForDisabledLoginButtonForEmptyUsername_TestCase8
Button is disabled
]]></system-out>
  </testcase>
  <testcase name="verifyForDisabledLoginButtonForEmptyUsername_TestCase8" classname="zapcg.Capillary.LoginTestCases.Login_Invalid_TestCases" time="0.136">
    <system-out><![CDATA[ Test case started: verifyForDisabledLoginButtonForEmptyUsername_TestCase8
Button is disabled
]]></system-out>
  </testcase>
  <testcase name="verifyForDisabledLoginButtonForEmptyUsername_TestCase8" classname="zapcg.Capillary.LoginTestCases.Login_Invalid_TestCases" time="0.128">
    <system-out><![CDATA[The name of the testcase passed is : verifyHamBurgerMemberLookupOption
Test execution completed on FirefoxDriver with device: Tablet Landscape
 Test case started: verifyForDisabledLoginButtonForEmptyUsername_TestCase8
Button is disabled
]]></system-out>
  </testcase>
  <testcase name="verifyForDisabledLoginButtonForEmptyUsername_TestCase8" classname="zapcg.Capillary.LoginTestCases.Login_Invalid_TestCases" time="0.114">
    <system-out><![CDATA[ Test case started: verifyForDisabledLoginButtonForEmptyUsername_TestCase8
Button is disabled
]]></system-out>
  </testcase>
  <testcase name="verifyForDisabledLoginButtonForEmptyUsername_TestCase8" classname="zapcg.Capillary.LoginTestCases.Login_Invalid_TestCases" time="0.121">
    <system-out><![CDATA[ Test case started: verifyForDisabledLoginButtonForEmptyUsername_TestCase8
Button is disabled
]]></system-out>
  </testcase>
  <testcase name="verifyForDisabledLoginButtonForEmptyUsername_TestCase8" classname="zapcg.Capillary.LoginTestCases.Login_Invalid_TestCases" time="0.187">
    <system-out><![CDATA[ Test case started: verifyForDisabledLoginButtonForEmptyUsername_TestCase8
Button is disabled
]]></system-out>
  </testcase>
  <testcase name="verifyForDisabledLoginButtonForEmptyUsername_TestCase8" classname="zapcg.Capillary.LoginTestCases.Login_Invalid_TestCases" time="0.146">
    <system-out><![CDATA[ Test case started: verifyForDisabledLoginButtonForEmptyUsername_TestCase8
Button is disabled
]]></system-out>
  </testcase>
  <testcase name="verifyForDisabledLoginButtonForEmptyPassword_TestCase9" classname="zapcg.Capillary.LoginTestCases.Login_Invalid_TestCases" time="0.342">
    <system-out><![CDATA[The name of the testcase passed is : verifyHamBurgerMemberLookupOption
Test execution completed on ChromeDriver with device: Tablet Portrait
 Test case started: verifyForDisabledLoginButtonForEmptyPassword_TestCase9
Login button is disabled when username is empty: true
]]></system-out>
  </testcase>
  <testcase name="verifyForDisabledLoginButtonForEmptyPassword_TestCase9" classname="zapcg.Capillary.LoginTestCases.Login_Invalid_TestCases" time="0.368">
    <system-out><![CDATA[The name of the testcase passed is : verifyHamBurgerMemberLookupOption
Test execution completed on ChromeDriver with device: Tablet Landscape
 Test case started: verifyForDisabledLoginButtonForEmptyPassword_TestCase9
Login button is disabled when username is empty: true
]]></system-out>
  </testcase>
  <testcase name="verifyForDisabledLoginButtonForEmptyPassword_TestCase9" classname="zapcg.Capillary.LoginTestCases.Login_Invalid_TestCases" time="0.299">
    <system-out><![CDATA[The name of the testcase passed is : verifyHamBurgerMemberLookupOption
Test execution completed on ChromeDriver with device: iPhone 11 Pro Portrait
 Test case started: verifyForDisabledLoginButtonForEmptyPassword_TestCase9
Login button is disabled when username is empty: true
]]></system-out>
  </testcase>
  <testcase name="verifyForDisabledLoginButtonForEmptyPassword_TestCase9" classname="zapcg.Capillary.LoginTestCases.Login_Invalid_TestCases" time="0.361">
    <system-out><![CDATA[The name of the testcase passed is : verifyHamBurgerMemberLookupOption
Test execution completed on ChromeDriver with device: iPhone 11 Pro Landscape
 Test case started: verifyForDisabledLoginButtonForEmptyPassword_TestCase9
Login button is disabled when username is empty: true
]]></system-out>
  </testcase>
  <testcase name="verifyForDisabledLoginButtonForEmptyPassword_TestCase9" classname="zapcg.Capillary.LoginTestCases.Login_Invalid_TestCases" time="0.348">
    <system-out><![CDATA[ Test case started: verifyForDisabledLoginButtonForEmptyPassword_TestCase9
Login button is disabled when username is empty: true
]]></system-out>
  </testcase>
  <testcase name="verifyForDisabledLoginButtonForEmptyPassword_TestCase9" classname="zapcg.Capillary.LoginTestCases.Login_Invalid_TestCases" time="0.27">
    <system-out><![CDATA[The name of the testcase passed is : verifyHamBurgerMemberLookupOption
Test execution completed on ChromeDriver with device: Galaxy S20 Landscape
 Test case started: verifyForDisabledLoginButtonForEmptyPassword_TestCase9
Login button is disabled when username is empty: true
]]></system-out>
  </testcase>
  <testcase name="verifyForDisabledLoginButtonForEmptyPassword_TestCase9" classname="zapcg.Capillary.LoginTestCases.Login_Invalid_TestCases" time="0.151">
    <system-out><![CDATA[The name of the testcase passed is : verifyHamBurgerMemberLookupOption
Test execution completed on FirefoxDriver with device: Tablet Portrait
 Test case started: verifyForDisabledLoginButtonForEmptyPassword_TestCase9
Login button is disabled when username is empty: true
]]></system-out>
  </testcase>
  <testcase name="verifyForDisabledLoginButtonForEmptyPassword_TestCase9" classname="zapcg.Capillary.LoginTestCases.Login_Invalid_TestCases" time="0.149">
    <system-out><![CDATA[The name of the testcase passed is : verifyHamBurgerMemberLookupOption
Test execution completed on FirefoxDriver with device: Tablet Landscape
 Test case started: verifyForDisabledLoginButtonForEmptyPassword_TestCase9
Login button is disabled when username is empty: true
]]></system-out>
  </testcase>
  <testcase name="verifyForDisabledLoginButtonForEmptyPassword_TestCase9" classname="zapcg.Capillary.LoginTestCases.Login_Invalid_TestCases" time="0.148">
    <system-out><![CDATA[ Test case started: verifyForDisabledLoginButtonForEmptyPassword_TestCase9
Login button is disabled when username is empty: true
]]></system-out>
  </testcase>
  <testcase name="verifyForDisabledLoginButtonForEmptyPassword_TestCase9" classname="zapcg.Capillary.LoginTestCases.Login_Invalid_TestCases" time="0.13">
    <system-out><![CDATA[ Test case started: verifyForDisabledLoginButtonForEmptyPassword_TestCase9
Login button is disabled when username is empty: true
]]></system-out>
  </testcase>
  <testcase name="verifyForDisabledLoginButtonForEmptyPassword_TestCase9" classname="zapcg.Capillary.LoginTestCases.Login_Invalid_TestCases" time="0.226">
    <system-out><![CDATA[ Test case started: verifyForDisabledLoginButtonForEmptyPassword_TestCase9
Login button is disabled when username is empty: true
]]></system-out>
  </testcase>
  <testcase name="verifyForDisabledLoginButtonForEmptyPassword_TestCase9" classname="zapcg.Capillary.LoginTestCases.Login_Invalid_TestCases" time="0.187">
    <system-out><![CDATA[ Test case started: verifyForDisabledLoginButtonForEmptyPassword_TestCase9
Login button is disabled when username is empty: true
]]></system-out>
  </testcase>
  <testcase name="verifyForDisabledLoginButtonForEmptyUsernamePassword_TestCase10" classname="zapcg.Capillary.LoginTestCases.Login_Invalid_TestCases" time="0.222">
    <system-out><![CDATA[The name of the testcase passed is : verifyBackButton
Test execution completed on ChromeDriver with device: Tablet Portrait
 Test case started: verifyForDisabledLoginButtonForEmptyUsernamePassword_TestCase10
Login button is disabled when username is empty: true
]]></system-out>
  </testcase>
  <testcase name="verifyForDisabledLoginButtonForEmptyUsernamePassword_TestCase10" classname="zapcg.Capillary.LoginTestCases.Login_Invalid_TestCases" time="0.268">
    <system-out><![CDATA[The name of the testcase passed is : verifyBackButton
Test execution completed on ChromeDriver with device: Tablet Landscape
 Test case started: verifyForDisabledLoginButtonForEmptyUsernamePassword_TestCase10
Login button is disabled when username is empty: true
]]></system-out>
  </testcase>
  <testcase name="verifyForDisabledLoginButtonForEmptyUsernamePassword_TestCase10" classname="zapcg.Capillary.LoginTestCases.Login_Invalid_TestCases" time="0.214">
    <system-out><![CDATA[The name of the testcase passed is : verifyBackButton
Test execution completed on ChromeDriver with device: iPhone 11 Pro Portrait
 Test case started: verifyForDisabledLoginButtonForEmptyUsernamePassword_TestCase10
Login button is disabled when username is empty: true
]]></system-out>
  </testcase>
  <testcase name="verifyForDisabledLoginButtonForEmptyUsernamePassword_TestCase10" classname="zapcg.Capillary.LoginTestCases.Login_Invalid_TestCases" time="0.211">
    <system-out><![CDATA[The name of the testcase passed is : verifyBackButton
Test execution completed on ChromeDriver with device: iPhone 11 Pro Landscape
 Test case started: verifyForDisabledLoginButtonForEmptyUsernamePassword_TestCase10
Login button is disabled when username is empty: true
]]></system-out>
  </testcase>
  <testcase name="verifyForDisabledLoginButtonForEmptyUsernamePassword_TestCase10" classname="zapcg.Capillary.LoginTestCases.Login_Invalid_TestCases" time="0.281">
    <system-out><![CDATA[ Test case started: verifyForDisabledLoginButtonForEmptyUsernamePassword_TestCase10
Login button is disabled when username is empty: true
]]></system-out>
  </testcase>
  <testcase name="verifyForDisabledLoginButtonForEmptyUsernamePassword_TestCase10" classname="zapcg.Capillary.LoginTestCases.Login_Invalid_TestCases" time="0.498">
    <system-out><![CDATA[The name of the testcase passed is : verifyBackButton
Test execution completed on ChromeDriver with device: Galaxy S20 Landscape
 Test case started: verifyForDisabledLoginButtonForEmptyUsernamePassword_TestCase10
Login button is disabled when username is empty: true
]]></system-out>
  </testcase>
  <testcase name="verifyForDisabledLoginButtonForEmptyUsernamePassword_TestCase10" classname="zapcg.Capillary.LoginTestCases.Login_Invalid_TestCases" time="0.11">
    <system-out><![CDATA[ Test case started: verifyForDisabledLoginButtonForEmptyUsernamePassword_TestCase10
Login button is disabled when username is empty: true
]]></system-out>
  </testcase>
  <testcase name="verifyForDisabledLoginButtonForEmptyUsernamePassword_TestCase10" classname="zapcg.Capillary.LoginTestCases.Login_Invalid_TestCases" time="0.083">
    <system-out><![CDATA[The name of the testcase passed is : verifyBackButton
Test execution completed on FirefoxDriver with device: Tablet Landscape
 Test case started: verifyForDisabledLoginButtonForEmptyUsernamePassword_TestCase10
Login button is disabled when username is empty: true
]]></system-out>
  </testcase>
  <testcase name="verifyForDisabledLoginButtonForEmptyUsernamePassword_TestCase10" classname="zapcg.Capillary.LoginTestCases.Login_Invalid_TestCases" time="0.117">
    <system-out><![CDATA[ Test case started: verifyForDisabledLoginButtonForEmptyUsernamePassword_TestCase10
Login button is disabled when username is empty: true
]]></system-out>
  </testcase>
  <testcase name="verifyForDisabledLoginButtonForEmptyUsernamePassword_TestCase10" classname="zapcg.Capillary.LoginTestCases.Login_Invalid_TestCases" time="0.092">
    <system-out><![CDATA[ Test case started: verifyForDisabledLoginButtonForEmptyUsernamePassword_TestCase10
Login button is disabled when username is empty: true
]]></system-out>
  </testcase>
  <testcase name="verifyForDisabledLoginButtonForEmptyUsernamePassword_TestCase10" classname="zapcg.Capillary.LoginTestCases.Login_Invalid_TestCases" time="0.205">
    <system-out><![CDATA[ Test case started: verifyForDisabledLoginButtonForEmptyUsernamePassword_TestCase10
Login button is disabled when username is empty: true
]]></system-out>
  </testcase>
  <testcase name="verifyForDisabledLoginButtonForEmptyUsernamePassword_TestCase10" classname="zapcg.Capillary.LoginTestCases.Login_Invalid_TestCases" time="0.125">
    <system-out><![CDATA[ Test case started: verifyForDisabledLoginButtonForEmptyUsernamePassword_TestCase10
Login button is disabled when username is empty: true
]]></system-out>
  </testcase>
  <testcase name="chooseValidLocationForNewUser" classname="zapcg.Capillary.LocationPageTestCases.Location_ExistingUser_TestCases" time="1.583">
    <system-out><![CDATA[The name of the testcase passed is : verifyHamBurgerLogoutOption
Test execution completed on ChromeDriver with device: Tablet Portrait
 Test case started: chooseValidLocationForNewUser
Successfully navigated to the MemberLookup screen
The functionality of location screen working properly
]]></system-out>
  </testcase>
  <testcase name="chooseValidLocationForNewUser" classname="zapcg.Capillary.LocationPageTestCases.Location_ExistingUser_TestCases" time="2.182">
    <system-out><![CDATA[The name of the testcase passed is : verifyHamBurgerLogoutOption
Test execution completed on ChromeDriver with device: Tablet Landscape
 Test case started: chooseValidLocationForNewUser
Successfully navigated to the MemberLookup screen
The functionality of location screen working properly
]]></system-out>
  </testcase>
  <testcase name="chooseValidLocationForNewUser" classname="zapcg.Capillary.LocationPageTestCases.Location_ExistingUser_TestCases" time="1.591">
    <system-out><![CDATA[The name of the testcase passed is : verifyHamBurgerLogoutOption
Test execution completed on ChromeDriver with device: iPhone 11 Pro Portrait
 Test case started: chooseValidLocationForNewUser
Successfully navigated to the MemberLookup screen
The functionality of location screen working properly
]]></system-out>
  </testcase>
  <testcase name="chooseValidLocationForNewUser" classname="zapcg.Capillary.LocationPageTestCases.Location_ExistingUser_TestCases" time="0">
    <skipped message="no such element: Unable to locate element: {&quot;method&quot;:&quot;xpath&quot;,&quot;selector&quot;:&quot;//button[@id=&apos;MSMENUI3&apos;]&quot;}&#10;  (Session info: chrome=126.0.6478.57)&#10;For documentation on this error, please visit: https://www.selenium.dev/documentation/webdriver/troubleshooting/errors#no-such-element-exception&#10;Build info: version: &apos;4.22.0&apos;, revision: &apos;c5f3146703*&apos;&#10;System info: os.name: &apos;Windows 10&apos;, os.arch: &apos;amd64&apos;, os.version: &apos;10.0&apos;, java.version: &apos;15.0.2&apos;&#10;Driver info: org.openqa.selenium.chrome.ChromeDriver&#10;Command: [607795d46b2c3aaee0003743a8084fc8, findElement {value=//button[@id=&apos;MSMENUI3&apos;], using=xpath}]&#10;Capabilities {acceptInsecureCerts: false, browserName: chrome, browserVersion: 126.0.6478.57, chrome: {chromedriverVersion: 126.0.6478.126 (d36ace6122e..., userDataDir: C:\Users\KAJALS~1\AppData\L...}, fedcm:accounts: true, goog:chromeOptions: {debuggerAddress: localhost:64511}, networkConnectionEnabled: false, pageLoadStrategy: normal, platformName: windows, proxy: Proxy(), se:cdp: ws://localhost:64511/devtoo..., se:cdpVersion: 126.0.6478.57, setWindowRect: true, strictFileInteractability: false, timeouts: {implicit: 0, pageLoad: 300000, script: 30000}, unhandledPromptBehavior: dismiss and notify, webauthn:extension:credBlob: true, webauthn:extension:largeBlob: true, webauthn:extension:minPinLength: true, webauthn:extension:prf: true, webauthn:virtualAuthenticators: true}&#10;Session ID: 607795d46b2c3aaee0003743a8084fc8"/>
    <system-out><![CDATA[ Test case started: chooseValidLocationForNewUser
]]></system-out>
  </testcase>
  <testcase name="chooseValidLocationForNewUser" classname="zapcg.Capillary.LocationPageTestCases.Location_ExistingUser_TestCases" time="1.559">
    <system-out><![CDATA[ Test case started: chooseValidLocationForNewUser
Successfully navigated to the MemberLookup screen
The functionality of location screen working properly
]]></system-out>
  </testcase>
  <testcase name="chooseValidLocationForNewUser" classname="zapcg.Capillary.LocationPageTestCases.Location_ExistingUser_TestCases" time="1.64">
    <system-out><![CDATA[The name of the testcase passed is : verifyHamBurgerLogoutOption
Test execution completed on ChromeDriver with device: Galaxy S20 Landscape
 Test case started: chooseValidLocationForNewUser
Successfully navigated to the MemberLookup screen
The functionality of location screen working properly
]]></system-out>
  </testcase>
  <testcase name="chooseValidLocationForNewUser" classname="zapcg.Capillary.LocationPageTestCases.Location_ExistingUser_TestCases" time="1.556">
    <failure message="Element &lt;button id=&quot;LS014B&quot; class=&quot;MuiButtonBase-root MuiButton-root MuiButton-contained MuiButton-containedPrimary MuiButton-sizeMedium MuiButton-containedSizeMedium MuiButton-colorPrimary MuiButton-root MuiButton-contained MuiButton-containedPrimary MuiButton-sizeMedium MuiButton-containedSizeMedium MuiButton-colorPrimary css-y7km40&quot; type=&quot;button&quot;&gt; is not clickable at point (378,533) because another element &lt;li id=&quot;LS013OP1&quot; class=&quot;MuiAutocomplete-option&quot;&gt; obscures it&#10;Build info: version: &apos;4.22.0&apos;, revision: &apos;c5f3146703*&apos;&#10;System info: os.name: &apos;Windows 10&apos;, os.arch: &apos;amd64&apos;, os.version: &apos;10.0&apos;, java.version: &apos;15.0.2&apos;&#10;Driver info: org.openqa.selenium.firefox.FirefoxDriver&#10;Command: [448f6ee2-61bf-4406-8fa1-3e1b1eac6a2f, clickElement {id=b5e308dd-d9af-466e-af59-22e87a29bc3e}]&#10;Capabilities {acceptInsecureCerts: true, browserName: firefox, browserVersion: 128.0, moz:accessibilityChecks: false, moz:buildID: 20240628091536, moz:debuggerAddress: 127.0.0.1:25805, moz:geckodriverVersion: 0.34.0, moz:headless: false, moz:platformVersion: 10.0, moz:processID: 58064, moz:profile: C:\Users\KAJALS~1\AppData\L..., moz:shutdownTimeout: 60000, moz:webdriverClick: true, moz:windowless: false, pageLoadStrategy: normal, platformName: windows, proxy: Proxy(), se:cdp: ws://127.0.0.1:25805/devtoo..., se:cdpVersion: 85.0, setWindowRect: true, strictFileInteractability: false, timeouts: {implicit: 0, pageLoad: 300000, script: 30000}, unhandledPromptBehavior: dismiss and notify, userAgent: Mozilla/5.0 (Windows NT 10....}&#10;Element: [[FirefoxDriver: firefox on windows (448f6ee2-61bf-4406-8fa1-3e1b1eac6a2f)] -&gt; xpath: //button[@id=&apos;LS014B&apos;]]&#10;Session ID: 448f6ee2-61bf-4406-8fa1-3e1b1eac6a2f" type="org.openqa.selenium.ElementClickInterceptedException"><![CDATA[org.openqa.selenium.ElementClickInterceptedException: 
Element <button id="LS014B" class="MuiButtonBase-root MuiButton-root MuiButton-contained MuiButton-containedPrimary MuiButton-sizeMedium MuiButton-containedSizeMedium MuiButton-colorPrimary MuiButton-root MuiButton-contained MuiButton-containedPrimary MuiButton-sizeMedium MuiButton-containedSizeMedium MuiButton-colorPrimary css-y7km40" type="button"> is not clickable at point (378,533) because another element <li id="LS013OP1" class="MuiAutocomplete-option"> obscures it
Build info: version: '4.22.0', revision: 'c5f3146703*'
System info: os.name: 'Windows 10', os.arch: 'amd64', os.version: '10.0', java.version: '15.0.2'
Driver info: org.openqa.selenium.firefox.FirefoxDriver
Command: [448f6ee2-61bf-4406-8fa1-3e1b1eac6a2f, clickElement {id=b5e308dd-d9af-466e-af59-22e87a29bc3e}]
Capabilities {acceptInsecureCerts: true, browserName: firefox, browserVersion: 128.0, moz:accessibilityChecks: false, moz:buildID: 20240628091536, moz:debuggerAddress: 127.0.0.1:25805, moz:geckodriverVersion: 0.34.0, moz:headless: false, moz:platformVersion: 10.0, moz:processID: 58064, moz:profile: C:\Users\KAJALS~1\AppData\L..., moz:shutdownTimeout: 60000, moz:webdriverClick: true, moz:windowless: false, pageLoadStrategy: normal, platformName: windows, proxy: Proxy(), se:cdp: ws://127.0.0.1:25805/devtoo..., se:cdpVersion: 85.0, setWindowRect: true, strictFileInteractability: false, timeouts: {implicit: 0, pageLoad: 300000, script: 30000}, unhandledPromptBehavior: dismiss and notify, userAgent: Mozilla/5.0 (Windows NT 10....}
Element: [[FirefoxDriver: firefox on windows (448f6ee2-61bf-4406-8fa1-3e1b1eac6a2f)] -> xpath: //button[@id='LS014B']]
Session ID: 448f6ee2-61bf-4406-8fa1-3e1b1eac6a2f
	at zapcg.Capillary.LocationPageTestCases.Location_ExistingUser_TestCases.chooseValidLocationForNewUser(Location_ExistingUser_TestCases.java:54)
]]></failure>
    <system-out><![CDATA[The name of the testcase passed is : verifyHamBurgerLogoutOption
Test execution completed on FirefoxDriver with device: Tablet Portrait
 Test case started: chooseValidLocationForNewUser
]]></system-out>
  </testcase>
  <testcase name="chooseValidLocationForNewUser" classname="zapcg.Capillary.LocationPageTestCases.Location_ExistingUser_TestCases" time="0">
    <skipped message="Unable to locate element: //button[@id=&apos;MSMENUI3&apos;]&#10;For documentation on this error, please visit: https://www.selenium.dev/documentation/webdriver/troubleshooting/errors#no-such-element-exception&#10;Build info: version: &apos;4.22.0&apos;, revision: &apos;c5f3146703*&apos;&#10;System info: os.name: &apos;Windows 10&apos;, os.arch: &apos;amd64&apos;, os.version: &apos;10.0&apos;, java.version: &apos;15.0.2&apos;&#10;Driver info: org.openqa.selenium.firefox.FirefoxDriver&#10;Command: [3cdaba1b-184b-4e40-9f56-0f6504a99ed1, findElement {value=//button[@id=&apos;MSMENUI3&apos;], using=xpath}]&#10;Capabilities {acceptInsecureCerts: true, browserName: firefox, browserVersion: 128.0, moz:accessibilityChecks: false, moz:buildID: 20240628091536, moz:debuggerAddress: 127.0.0.1:22063, moz:geckodriverVersion: 0.34.0, moz:headless: false, moz:platformVersion: 10.0, moz:processID: 8820, moz:profile: C:\Users\KAJALS~1\AppData\L..., moz:shutdownTimeout: 60000, moz:webdriverClick: true, moz:windowless: false, pageLoadStrategy: normal, platformName: windows, proxy: Proxy(), se:cdp: ws://127.0.0.1:22063/devtoo..., se:cdpVersion: 85.0, setWindowRect: true, strictFileInteractability: false, timeouts: {implicit: 0, pageLoad: 300000, script: 30000}, unhandledPromptBehavior: dismiss and notify, userAgent: Mozilla/5.0 (Windows NT 10....}&#10;Session ID: 3cdaba1b-184b-4e40-9f56-0f6504a99ed1"/>
    <system-out><![CDATA[ Test case started: chooseValidLocationForNewUser
]]></system-out>
  </testcase>
  <testcase name="chooseValidLocationForNewUser" classname="zapcg.Capillary.LocationPageTestCases.Location_ExistingUser_TestCases" time="0">
    <skipped message="Unable to locate element: //button[@id=&apos;MSMENUI3&apos;]&#10;For documentation on this error, please visit: https://www.selenium.dev/documentation/webdriver/troubleshooting/errors#no-such-element-exception&#10;Build info: version: &apos;4.22.0&apos;, revision: &apos;c5f3146703*&apos;&#10;System info: os.name: &apos;Windows 10&apos;, os.arch: &apos;amd64&apos;, os.version: &apos;10.0&apos;, java.version: &apos;15.0.2&apos;&#10;Driver info: org.openqa.selenium.firefox.FirefoxDriver&#10;Command: [861a7a1c-55dd-43ea-a3df-4a808f741465, findElement {value=//button[@id=&apos;MSMENUI3&apos;], using=xpath}]&#10;Capabilities {acceptInsecureCerts: true, browserName: firefox, browserVersion: 128.0, moz:accessibilityChecks: false, moz:buildID: 20240628091536, moz:debuggerAddress: 127.0.0.1:26421, moz:geckodriverVersion: 0.34.0, moz:headless: false, moz:platformVersion: 10.0, moz:processID: 57604, moz:profile: C:\Users\KAJALS~1\AppData\L..., moz:shutdownTimeout: 60000, moz:webdriverClick: true, moz:windowless: false, pageLoadStrategy: normal, platformName: windows, proxy: Proxy(), se:cdp: ws://127.0.0.1:26421/devtoo..., se:cdpVersion: 85.0, setWindowRect: true, strictFileInteractability: false, timeouts: {implicit: 0, pageLoad: 300000, script: 30000}, unhandledPromptBehavior: dismiss and notify, userAgent: Mozilla/5.0 (Windows NT 10....}&#10;Session ID: 861a7a1c-55dd-43ea-a3df-4a808f741465"/>
    <system-out><![CDATA[ Test case started: chooseValidLocationForNewUser
]]></system-out>
  </testcase>
  <testcase name="chooseValidLocationForNewUser" classname="zapcg.Capillary.LocationPageTestCases.Location_ExistingUser_TestCases" time="0">
    <skipped message="Unable to locate element: //button[@id=&apos;MSMENUI3&apos;]&#10;For documentation on this error, please visit: https://www.selenium.dev/documentation/webdriver/troubleshooting/errors#no-such-element-exception&#10;Build info: version: &apos;4.22.0&apos;, revision: &apos;c5f3146703*&apos;&#10;System info: os.name: &apos;Windows 10&apos;, os.arch: &apos;amd64&apos;, os.version: &apos;10.0&apos;, java.version: &apos;15.0.2&apos;&#10;Driver info: org.openqa.selenium.firefox.FirefoxDriver&#10;Command: [64083c07-0b17-4920-be92-e72d2b56c7e5, findElement {value=//button[@id=&apos;MSMENUI3&apos;], using=xpath}]&#10;Capabilities {acceptInsecureCerts: true, browserName: firefox, browserVersion: 128.0, moz:accessibilityChecks: false, moz:buildID: 20240628091536, moz:debuggerAddress: 127.0.0.1:11794, moz:geckodriverVersion: 0.34.0, moz:headless: false, moz:platformVersion: 10.0, moz:processID: 50028, moz:profile: C:\Users\KAJALS~1\AppData\L..., moz:shutdownTimeout: 60000, moz:webdriverClick: true, moz:windowless: false, pageLoadStrategy: normal, platformName: windows, proxy: Proxy(), se:cdp: ws://127.0.0.1:11794/devtoo..., se:cdpVersion: 85.0, setWindowRect: true, strictFileInteractability: false, timeouts: {implicit: 0, pageLoad: 300000, script: 30000}, unhandledPromptBehavior: dismiss and notify, userAgent: Mozilla/5.0 (Windows NT 10....}&#10;Session ID: 64083c07-0b17-4920-be92-e72d2b56c7e5"/>
    <system-out><![CDATA[ Test case started: chooseValidLocationForNewUser
]]></system-out>
  </testcase>
  <testcase name="chooseValidLocationForNewUser" classname="zapcg.Capillary.LocationPageTestCases.Location_ExistingUser_TestCases" time="0">
    <skipped message="TypeError: can&apos;t access property &quot;getActor&quot;, browsingContext.currentWindowGlobal is null&#10;Build info: version: &apos;4.22.0&apos;, revision: &apos;c5f3146703*&apos;&#10;System info: os.name: &apos;Windows 10&apos;, os.arch: &apos;amd64&apos;, os.version: &apos;10.0&apos;, java.version: &apos;15.0.2&apos;&#10;Driver info: org.openqa.selenium.firefox.FirefoxDriver&#10;Command: [9a6a6583-681e-4853-93ab-b79102802bcc, findElement {value=//button[@id=&apos;MSMENUI3&apos;], using=xpath}]&#10;Capabilities {acceptInsecureCerts: true, browserName: firefox, browserVersion: 128.0, moz:accessibilityChecks: false, moz:buildID: 20240628091536, moz:debuggerAddress: 127.0.0.1:11867, moz:geckodriverVersion: 0.34.0, moz:headless: false, moz:platformVersion: 10.0, moz:processID: 65420, moz:profile: C:\Users\KAJALS~1\AppData\L..., moz:shutdownTimeout: 60000, moz:webdriverClick: true, moz:windowless: false, pageLoadStrategy: normal, platformName: windows, proxy: Proxy(), se:cdp: ws://127.0.0.1:11867/devtoo..., se:cdpVersion: 85.0, setWindowRect: true, strictFileInteractability: false, timeouts: {implicit: 0, pageLoad: 300000, script: 30000}, unhandledPromptBehavior: dismiss and notify, userAgent: Mozilla/5.0 (Windows NT 10....}&#10;Session ID: 9a6a6583-681e-4853-93ab-b79102802bcc"/>
    <system-out><![CDATA[ Test case started: chooseValidLocationForNewUser
]]></system-out>
  </testcase>
  <testcase name="chooseValidLocationForNewUser" classname="zapcg.Capillary.LocationPageTestCases.Location_ExistingUser_TestCases" time="0">
    <skipped message="Unable to locate element: //button[@id=&apos;MSMENUI3&apos;]&#10;For documentation on this error, please visit: https://www.selenium.dev/documentation/webdriver/troubleshooting/errors#no-such-element-exception&#10;Build info: version: &apos;4.22.0&apos;, revision: &apos;c5f3146703*&apos;&#10;System info: os.name: &apos;Windows 10&apos;, os.arch: &apos;amd64&apos;, os.version: &apos;10.0&apos;, java.version: &apos;15.0.2&apos;&#10;Driver info: org.openqa.selenium.firefox.FirefoxDriver&#10;Command: [217a7b38-d555-48b5-a4e0-76905db72f06, findElement {value=//button[@id=&apos;MSMENUI3&apos;], using=xpath}]&#10;Capabilities {acceptInsecureCerts: true, browserName: firefox, browserVersion: 128.0, moz:accessibilityChecks: false, moz:buildID: 20240628091536, moz:debuggerAddress: 127.0.0.1:31356, moz:geckodriverVersion: 0.34.0, moz:headless: false, moz:platformVersion: 10.0, moz:processID: 62788, moz:profile: C:\Users\KAJALS~1\AppData\L..., moz:shutdownTimeout: 60000, moz:webdriverClick: true, moz:windowless: false, pageLoadStrategy: normal, platformName: windows, proxy: Proxy(), se:cdp: ws://127.0.0.1:31356/devtoo..., se:cdpVersion: 85.0, setWindowRect: true, strictFileInteractability: false, timeouts: {implicit: 0, pageLoad: 300000, script: 30000}, unhandledPromptBehavior: dismiss and notify, userAgent: Mozilla/5.0 (Windows NT 10....}&#10;Session ID: 217a7b38-d555-48b5-a4e0-76905db72f06"/>
    <system-out><![CDATA[ Test case started: chooseValidLocationForNewUser
]]></system-out>
  </testcase>
  <testcase name="verifyDropDownAvailability" classname="zapcg.Capillary.LocationPageTestCases.Location_ExistingUser_TestCases" time="0.064">
    <system-out><![CDATA[The name of the testcase passed is : verifyDateEqualToSystemCurrentDate
Test execution completed on ChromeDriver with device: Tablet Portrait
 Test case started: verifyDropDownAvailability
]]></system-out>
  </testcase>
  <testcase name="verifyDropDownAvailability" classname="zapcg.Capillary.LocationPageTestCases.Location_ExistingUser_TestCases" time="0.087">
    <system-out><![CDATA[The name of the testcase passed is : verifyDateEqualToSystemCurrentDate
Test execution completed on ChromeDriver with device: Tablet Landscape
 Test case started: verifyDropDownAvailability
]]></system-out>
  </testcase>
  <testcase name="verifyDropDownAvailability" classname="zapcg.Capillary.LocationPageTestCases.Location_ExistingUser_TestCases" time="0.06">
    <system-out><![CDATA[The name of the testcase passed is : verifyDateEqualToSystemCurrentDate
Test execution completed on ChromeDriver with device: iPhone 11 Pro Portrait
 Test case started: verifyDropDownAvailability
]]></system-out>
  </testcase>
  <testcase name="verifyDropDownAvailability" classname="zapcg.Capillary.LocationPageTestCases.Location_ExistingUser_TestCases" time="0">
    <skipped message="no such element: Unable to locate element: {&quot;method&quot;:&quot;xpath&quot;,&quot;selector&quot;:&quot;//button[@id=&apos;MSMENUI3&apos;]&quot;}&#10;  (Session info: chrome=126.0.6478.57)&#10;For documentation on this error, please visit: https://www.selenium.dev/documentation/webdriver/troubleshooting/errors#no-such-element-exception&#10;Build info: version: &apos;4.22.0&apos;, revision: &apos;c5f3146703*&apos;&#10;System info: os.name: &apos;Windows 10&apos;, os.arch: &apos;amd64&apos;, os.version: &apos;10.0&apos;, java.version: &apos;15.0.2&apos;&#10;Driver info: org.openqa.selenium.chrome.ChromeDriver&#10;Command: [607795d46b2c3aaee0003743a8084fc8, findElement {value=//button[@id=&apos;MSMENUI3&apos;], using=xpath}]&#10;Capabilities {acceptInsecureCerts: false, browserName: chrome, browserVersion: 126.0.6478.57, chrome: {chromedriverVersion: 126.0.6478.126 (d36ace6122e..., userDataDir: C:\Users\KAJALS~1\AppData\L...}, fedcm:accounts: true, goog:chromeOptions: {debuggerAddress: localhost:64511}, networkConnectionEnabled: false, pageLoadStrategy: normal, platformName: windows, proxy: Proxy(), se:cdp: ws://localhost:64511/devtoo..., se:cdpVersion: 126.0.6478.57, setWindowRect: true, strictFileInteractability: false, timeouts: {implicit: 0, pageLoad: 300000, script: 30000}, unhandledPromptBehavior: dismiss and notify, webauthn:extension:credBlob: true, webauthn:extension:largeBlob: true, webauthn:extension:minPinLength: true, webauthn:extension:prf: true, webauthn:virtualAuthenticators: true}&#10;Session ID: 607795d46b2c3aaee0003743a8084fc8"/>
    <system-out><![CDATA[ Test case started: verifyDropDownAvailability
]]></system-out>
  </testcase>
  <testcase name="verifyDropDownAvailability" classname="zapcg.Capillary.LocationPageTestCases.Location_ExistingUser_TestCases" time="0.07">
    <system-out><![CDATA[ Test case started: verifyDropDownAvailability
]]></system-out>
  </testcase>
  <testcase name="verifyDropDownAvailability" classname="zapcg.Capillary.LocationPageTestCases.Location_ExistingUser_TestCases" time="0.064">
    <system-out><![CDATA[The name of the testcase passed is : verifyDateEqualToSystemCurrentDate
Test execution completed on ChromeDriver with device: Galaxy S20 Landscape
 Test case started: verifyDropDownAvailability
]]></system-out>
  </testcase>
  <testcase name="verifyDropDownAvailability" classname="zapcg.Capillary.LocationPageTestCases.Location_ExistingUser_TestCases" time="0.027">
    <system-out><![CDATA[The name of the testcase passed is : verifyDateEqualToSystemCurrentDate
Test execution completed on FirefoxDriver with device: Tablet Portrait
 Test case started: verifyDropDownAvailability
]]></system-out>
  </testcase>
  <testcase name="verifyDropDownAvailability" classname="zapcg.Capillary.LocationPageTestCases.Location_ExistingUser_TestCases" time="0">
    <skipped message="Unable to locate element: //button[@id=&apos;MSMENUI3&apos;]&#10;For documentation on this error, please visit: https://www.selenium.dev/documentation/webdriver/troubleshooting/errors#no-such-element-exception&#10;Build info: version: &apos;4.22.0&apos;, revision: &apos;c5f3146703*&apos;&#10;System info: os.name: &apos;Windows 10&apos;, os.arch: &apos;amd64&apos;, os.version: &apos;10.0&apos;, java.version: &apos;15.0.2&apos;&#10;Driver info: org.openqa.selenium.firefox.FirefoxDriver&#10;Command: [3cdaba1b-184b-4e40-9f56-0f6504a99ed1, findElement {value=//button[@id=&apos;MSMENUI3&apos;], using=xpath}]&#10;Capabilities {acceptInsecureCerts: true, browserName: firefox, browserVersion: 128.0, moz:accessibilityChecks: false, moz:buildID: 20240628091536, moz:debuggerAddress: 127.0.0.1:22063, moz:geckodriverVersion: 0.34.0, moz:headless: false, moz:platformVersion: 10.0, moz:processID: 8820, moz:profile: C:\Users\KAJALS~1\AppData\L..., moz:shutdownTimeout: 60000, moz:webdriverClick: true, moz:windowless: false, pageLoadStrategy: normal, platformName: windows, proxy: Proxy(), se:cdp: ws://127.0.0.1:22063/devtoo..., se:cdpVersion: 85.0, setWindowRect: true, strictFileInteractability: false, timeouts: {implicit: 0, pageLoad: 300000, script: 30000}, unhandledPromptBehavior: dismiss and notify, userAgent: Mozilla/5.0 (Windows NT 10....}&#10;Session ID: 3cdaba1b-184b-4e40-9f56-0f6504a99ed1"/>
    <system-out><![CDATA[ Test case started: verifyDropDownAvailability
]]></system-out>
  </testcase>
  <testcase name="verifyDropDownAvailability" classname="zapcg.Capillary.LocationPageTestCases.Location_ExistingUser_TestCases" time="0">
    <skipped message="Unable to locate element: //button[@id=&apos;MSMENUI3&apos;]&#10;For documentation on this error, please visit: https://www.selenium.dev/documentation/webdriver/troubleshooting/errors#no-such-element-exception&#10;Build info: version: &apos;4.22.0&apos;, revision: &apos;c5f3146703*&apos;&#10;System info: os.name: &apos;Windows 10&apos;, os.arch: &apos;amd64&apos;, os.version: &apos;10.0&apos;, java.version: &apos;15.0.2&apos;&#10;Driver info: org.openqa.selenium.firefox.FirefoxDriver&#10;Command: [861a7a1c-55dd-43ea-a3df-4a808f741465, findElement {value=//button[@id=&apos;MSMENUI3&apos;], using=xpath}]&#10;Capabilities {acceptInsecureCerts: true, browserName: firefox, browserVersion: 128.0, moz:accessibilityChecks: false, moz:buildID: 20240628091536, moz:debuggerAddress: 127.0.0.1:26421, moz:geckodriverVersion: 0.34.0, moz:headless: false, moz:platformVersion: 10.0, moz:processID: 57604, moz:profile: C:\Users\KAJALS~1\AppData\L..., moz:shutdownTimeout: 60000, moz:webdriverClick: true, moz:windowless: false, pageLoadStrategy: normal, platformName: windows, proxy: Proxy(), se:cdp: ws://127.0.0.1:26421/devtoo..., se:cdpVersion: 85.0, setWindowRect: true, strictFileInteractability: false, timeouts: {implicit: 0, pageLoad: 300000, script: 30000}, unhandledPromptBehavior: dismiss and notify, userAgent: Mozilla/5.0 (Windows NT 10....}&#10;Session ID: 861a7a1c-55dd-43ea-a3df-4a808f741465"/>
    <system-out><![CDATA[ Test case started: verifyDropDownAvailability
]]></system-out>
  </testcase>
  <testcase name="verifyDropDownAvailability" classname="zapcg.Capillary.LocationPageTestCases.Location_ExistingUser_TestCases" time="0">
    <skipped message="Unable to locate element: //button[@id=&apos;MSMENUI3&apos;]&#10;For documentation on this error, please visit: https://www.selenium.dev/documentation/webdriver/troubleshooting/errors#no-such-element-exception&#10;Build info: version: &apos;4.22.0&apos;, revision: &apos;c5f3146703*&apos;&#10;System info: os.name: &apos;Windows 10&apos;, os.arch: &apos;amd64&apos;, os.version: &apos;10.0&apos;, java.version: &apos;15.0.2&apos;&#10;Driver info: org.openqa.selenium.firefox.FirefoxDriver&#10;Command: [64083c07-0b17-4920-be92-e72d2b56c7e5, findElement {value=//button[@id=&apos;MSMENUI3&apos;], using=xpath}]&#10;Capabilities {acceptInsecureCerts: true, browserName: firefox, browserVersion: 128.0, moz:accessibilityChecks: false, moz:buildID: 20240628091536, moz:debuggerAddress: 127.0.0.1:11794, moz:geckodriverVersion: 0.34.0, moz:headless: false, moz:platformVersion: 10.0, moz:processID: 50028, moz:profile: C:\Users\KAJALS~1\AppData\L..., moz:shutdownTimeout: 60000, moz:webdriverClick: true, moz:windowless: false, pageLoadStrategy: normal, platformName: windows, proxy: Proxy(), se:cdp: ws://127.0.0.1:11794/devtoo..., se:cdpVersion: 85.0, setWindowRect: true, strictFileInteractability: false, timeouts: {implicit: 0, pageLoad: 300000, script: 30000}, unhandledPromptBehavior: dismiss and notify, userAgent: Mozilla/5.0 (Windows NT 10....}&#10;Session ID: 64083c07-0b17-4920-be92-e72d2b56c7e5"/>
    <system-out><![CDATA[ Test case started: verifyDropDownAvailability
]]></system-out>
  </testcase>
  <testcase name="verifyDropDownAvailability" classname="zapcg.Capillary.LocationPageTestCases.Location_ExistingUser_TestCases" time="0">
    <skipped message="TypeError: can&apos;t access property &quot;getActor&quot;, browsingContext.currentWindowGlobal is null&#10;Build info: version: &apos;4.22.0&apos;, revision: &apos;c5f3146703*&apos;&#10;System info: os.name: &apos;Windows 10&apos;, os.arch: &apos;amd64&apos;, os.version: &apos;10.0&apos;, java.version: &apos;15.0.2&apos;&#10;Driver info: org.openqa.selenium.firefox.FirefoxDriver&#10;Command: [9a6a6583-681e-4853-93ab-b79102802bcc, findElement {value=//button[@id=&apos;MSMENUI3&apos;], using=xpath}]&#10;Capabilities {acceptInsecureCerts: true, browserName: firefox, browserVersion: 128.0, moz:accessibilityChecks: false, moz:buildID: 20240628091536, moz:debuggerAddress: 127.0.0.1:11867, moz:geckodriverVersion: 0.34.0, moz:headless: false, moz:platformVersion: 10.0, moz:processID: 65420, moz:profile: C:\Users\KAJALS~1\AppData\L..., moz:shutdownTimeout: 60000, moz:webdriverClick: true, moz:windowless: false, pageLoadStrategy: normal, platformName: windows, proxy: Proxy(), se:cdp: ws://127.0.0.1:11867/devtoo..., se:cdpVersion: 85.0, setWindowRect: true, strictFileInteractability: false, timeouts: {implicit: 0, pageLoad: 300000, script: 30000}, unhandledPromptBehavior: dismiss and notify, userAgent: Mozilla/5.0 (Windows NT 10....}&#10;Session ID: 9a6a6583-681e-4853-93ab-b79102802bcc"/>
    <system-out><![CDATA[ Test case started: verifyDropDownAvailability
]]></system-out>
  </testcase>
  <testcase name="verifyDropDownAvailability" classname="zapcg.Capillary.LocationPageTestCases.Location_ExistingUser_TestCases" time="0">
    <skipped message="Unable to locate element: //button[@id=&apos;MSMENUI3&apos;]&#10;For documentation on this error, please visit: https://www.selenium.dev/documentation/webdriver/troubleshooting/errors#no-such-element-exception&#10;Build info: version: &apos;4.22.0&apos;, revision: &apos;c5f3146703*&apos;&#10;System info: os.name: &apos;Windows 10&apos;, os.arch: &apos;amd64&apos;, os.version: &apos;10.0&apos;, java.version: &apos;15.0.2&apos;&#10;Driver info: org.openqa.selenium.firefox.FirefoxDriver&#10;Command: [217a7b38-d555-48b5-a4e0-76905db72f06, findElement {value=//button[@id=&apos;MSMENUI3&apos;], using=xpath}]&#10;Capabilities {acceptInsecureCerts: true, browserName: firefox, browserVersion: 128.0, moz:accessibilityChecks: false, moz:buildID: 20240628091536, moz:debuggerAddress: 127.0.0.1:31356, moz:geckodriverVersion: 0.34.0, moz:headless: false, moz:platformVersion: 10.0, moz:processID: 62788, moz:profile: C:\Users\KAJALS~1\AppData\L..., moz:shutdownTimeout: 60000, moz:webdriverClick: true, moz:windowless: false, pageLoadStrategy: normal, platformName: windows, proxy: Proxy(), se:cdp: ws://127.0.0.1:31356/devtoo..., se:cdpVersion: 85.0, setWindowRect: true, strictFileInteractability: false, timeouts: {implicit: 0, pageLoad: 300000, script: 30000}, unhandledPromptBehavior: dismiss and notify, userAgent: Mozilla/5.0 (Windows NT 10....}&#10;Session ID: 217a7b38-d555-48b5-a4e0-76905db72f06"/>
    <system-out><![CDATA[ Test case started: verifyDropDownAvailability
]]></system-out>
  </testcase>
  <testcase name="verifyIfAbleToSelectOptionFromDropDown" classname="zapcg.Capillary.LocationPageTestCases.Location_ExistingUser_TestCases" time="0.25">
    <system-out><![CDATA[The name of the testcase passed is : verifyTimeEqualToSystemCurrentTime
Test execution completed on ChromeDriver with device: Tablet Portrait
 Test case started: verifyIfAbleToSelectOptionFromDropDown
]]></system-out>
  </testcase>
  <testcase name="verifyIfAbleToSelectOptionFromDropDown" classname="zapcg.Capillary.LocationPageTestCases.Location_ExistingUser_TestCases" time="0.384">
    <system-out><![CDATA[The name of the testcase passed is : verifyTimeEqualToSystemCurrentTime
Test execution completed on ChromeDriver with device: Tablet Landscape
 Test case started: verifyIfAbleToSelectOptionFromDropDown
]]></system-out>
  </testcase>
  <testcase name="verifyIfAbleToSelectOptionFromDropDown" classname="zapcg.Capillary.LocationPageTestCases.Location_ExistingUser_TestCases" time="0.315">
    <system-out><![CDATA[The name of the testcase passed is : verifyTimeEqualToSystemCurrentTime
Test execution completed on ChromeDriver with device: iPhone 11 Pro Portrait
 Test case started: verifyIfAbleToSelectOptionFromDropDown
]]></system-out>
  </testcase>
  <testcase name="verifyIfAbleToSelectOptionFromDropDown" classname="zapcg.Capillary.LocationPageTestCases.Location_ExistingUser_TestCases" time="0">
    <skipped message="no such element: Unable to locate element: {&quot;method&quot;:&quot;xpath&quot;,&quot;selector&quot;:&quot;//button[@id=&apos;MSMENUI3&apos;]&quot;}&#10;  (Session info: chrome=126.0.6478.57)&#10;For documentation on this error, please visit: https://www.selenium.dev/documentation/webdriver/troubleshooting/errors#no-such-element-exception&#10;Build info: version: &apos;4.22.0&apos;, revision: &apos;c5f3146703*&apos;&#10;System info: os.name: &apos;Windows 10&apos;, os.arch: &apos;amd64&apos;, os.version: &apos;10.0&apos;, java.version: &apos;15.0.2&apos;&#10;Driver info: org.openqa.selenium.chrome.ChromeDriver&#10;Command: [607795d46b2c3aaee0003743a8084fc8, findElement {value=//button[@id=&apos;MSMENUI3&apos;], using=xpath}]&#10;Capabilities {acceptInsecureCerts: false, browserName: chrome, browserVersion: 126.0.6478.57, chrome: {chromedriverVersion: 126.0.6478.126 (d36ace6122e..., userDataDir: C:\Users\KAJALS~1\AppData\L...}, fedcm:accounts: true, goog:chromeOptions: {debuggerAddress: localhost:64511}, networkConnectionEnabled: false, pageLoadStrategy: normal, platformName: windows, proxy: Proxy(), se:cdp: ws://localhost:64511/devtoo..., se:cdpVersion: 126.0.6478.57, setWindowRect: true, strictFileInteractability: false, timeouts: {implicit: 0, pageLoad: 300000, script: 30000}, unhandledPromptBehavior: dismiss and notify, webauthn:extension:credBlob: true, webauthn:extension:largeBlob: true, webauthn:extension:minPinLength: true, webauthn:extension:prf: true, webauthn:virtualAuthenticators: true}&#10;Session ID: 607795d46b2c3aaee0003743a8084fc8"/>
    <system-out><![CDATA[ Test case started: verifyIfAbleToSelectOptionFromDropDown
]]></system-out>
  </testcase>
  <testcase name="verifyIfAbleToSelectOptionFromDropDown" classname="zapcg.Capillary.LocationPageTestCases.Location_ExistingUser_TestCases" time="0.357">
    <system-out><![CDATA[ Test case started: verifyIfAbleToSelectOptionFromDropDown
]]></system-out>
  </testcase>
  <testcase name="verifyIfAbleToSelectOptionFromDropDown" classname="zapcg.Capillary.LocationPageTestCases.Location_ExistingUser_TestCases" time="0.407">
    <system-out><![CDATA[The name of the testcase passed is : verifyTimeEqualToSystemCurrentTime
Test execution completed on ChromeDriver with device: Galaxy S20 Landscape
 Test case started: verifyIfAbleToSelectOptionFromDropDown
]]></system-out>
  </testcase>
  <testcase name="verifyIfAbleToSelectOptionFromDropDown" classname="zapcg.Capillary.LocationPageTestCases.Location_ExistingUser_TestCases" time="0.486">
    <system-out><![CDATA[The name of the testcase failed is : verifyTimeEqualToSystemCurrentTime
Test execution completed on FirefoxDriver with device: Tablet Portrait
 Test case started: verifyIfAbleToSelectOptionFromDropDown
]]></system-out>
  </testcase>
  <testcase name="verifyIfAbleToSelectOptionFromDropDown" classname="zapcg.Capillary.LocationPageTestCases.Location_ExistingUser_TestCases" time="0">
    <skipped message="Unable to locate element: //button[@id=&apos;MSMENUI3&apos;]&#10;For documentation on this error, please visit: https://www.selenium.dev/documentation/webdriver/troubleshooting/errors#no-such-element-exception&#10;Build info: version: &apos;4.22.0&apos;, revision: &apos;c5f3146703*&apos;&#10;System info: os.name: &apos;Windows 10&apos;, os.arch: &apos;amd64&apos;, os.version: &apos;10.0&apos;, java.version: &apos;15.0.2&apos;&#10;Driver info: org.openqa.selenium.firefox.FirefoxDriver&#10;Command: [3cdaba1b-184b-4e40-9f56-0f6504a99ed1, findElement {value=//button[@id=&apos;MSMENUI3&apos;], using=xpath}]&#10;Capabilities {acceptInsecureCerts: true, browserName: firefox, browserVersion: 128.0, moz:accessibilityChecks: false, moz:buildID: 20240628091536, moz:debuggerAddress: 127.0.0.1:22063, moz:geckodriverVersion: 0.34.0, moz:headless: false, moz:platformVersion: 10.0, moz:processID: 8820, moz:profile: C:\Users\KAJALS~1\AppData\L..., moz:shutdownTimeout: 60000, moz:webdriverClick: true, moz:windowless: false, pageLoadStrategy: normal, platformName: windows, proxy: Proxy(), se:cdp: ws://127.0.0.1:22063/devtoo..., se:cdpVersion: 85.0, setWindowRect: true, strictFileInteractability: false, timeouts: {implicit: 0, pageLoad: 300000, script: 30000}, unhandledPromptBehavior: dismiss and notify, userAgent: Mozilla/5.0 (Windows NT 10....}&#10;Session ID: 3cdaba1b-184b-4e40-9f56-0f6504a99ed1"/>
    <system-out><![CDATA[ Test case started: verifyIfAbleToSelectOptionFromDropDown
]]></system-out>
  </testcase>
  <testcase name="verifyIfAbleToSelectOptionFromDropDown" classname="zapcg.Capillary.LocationPageTestCases.Location_ExistingUser_TestCases" time="0">
    <skipped message="Unable to locate element: //button[@id=&apos;MSMENUI3&apos;]&#10;For documentation on this error, please visit: https://www.selenium.dev/documentation/webdriver/troubleshooting/errors#no-such-element-exception&#10;Build info: version: &apos;4.22.0&apos;, revision: &apos;c5f3146703*&apos;&#10;System info: os.name: &apos;Windows 10&apos;, os.arch: &apos;amd64&apos;, os.version: &apos;10.0&apos;, java.version: &apos;15.0.2&apos;&#10;Driver info: org.openqa.selenium.firefox.FirefoxDriver&#10;Command: [861a7a1c-55dd-43ea-a3df-4a808f741465, findElement {value=//button[@id=&apos;MSMENUI3&apos;], using=xpath}]&#10;Capabilities {acceptInsecureCerts: true, browserName: firefox, browserVersion: 128.0, moz:accessibilityChecks: false, moz:buildID: 20240628091536, moz:debuggerAddress: 127.0.0.1:26421, moz:geckodriverVersion: 0.34.0, moz:headless: false, moz:platformVersion: 10.0, moz:processID: 57604, moz:profile: C:\Users\KAJALS~1\AppData\L..., moz:shutdownTimeout: 60000, moz:webdriverClick: true, moz:windowless: false, pageLoadStrategy: normal, platformName: windows, proxy: Proxy(), se:cdp: ws://127.0.0.1:26421/devtoo..., se:cdpVersion: 85.0, setWindowRect: true, strictFileInteractability: false, timeouts: {implicit: 0, pageLoad: 300000, script: 30000}, unhandledPromptBehavior: dismiss and notify, userAgent: Mozilla/5.0 (Windows NT 10....}&#10;Session ID: 861a7a1c-55dd-43ea-a3df-4a808f741465"/>
    <system-out><![CDATA[ Test case started: verifyIfAbleToSelectOptionFromDropDown
]]></system-out>
  </testcase>
  <testcase name="verifyIfAbleToSelectOptionFromDropDown" classname="zapcg.Capillary.LocationPageTestCases.Location_ExistingUser_TestCases" time="0">
    <skipped message="Unable to locate element: //button[@id=&apos;MSMENUI3&apos;]&#10;For documentation on this error, please visit: https://www.selenium.dev/documentation/webdriver/troubleshooting/errors#no-such-element-exception&#10;Build info: version: &apos;4.22.0&apos;, revision: &apos;c5f3146703*&apos;&#10;System info: os.name: &apos;Windows 10&apos;, os.arch: &apos;amd64&apos;, os.version: &apos;10.0&apos;, java.version: &apos;15.0.2&apos;&#10;Driver info: org.openqa.selenium.firefox.FirefoxDriver&#10;Command: [64083c07-0b17-4920-be92-e72d2b56c7e5, findElement {value=//button[@id=&apos;MSMENUI3&apos;], using=xpath}]&#10;Capabilities {acceptInsecureCerts: true, browserName: firefox, browserVersion: 128.0, moz:accessibilityChecks: false, moz:buildID: 20240628091536, moz:debuggerAddress: 127.0.0.1:11794, moz:geckodriverVersion: 0.34.0, moz:headless: false, moz:platformVersion: 10.0, moz:processID: 50028, moz:profile: C:\Users\KAJALS~1\AppData\L..., moz:shutdownTimeout: 60000, moz:webdriverClick: true, moz:windowless: false, pageLoadStrategy: normal, platformName: windows, proxy: Proxy(), se:cdp: ws://127.0.0.1:11794/devtoo..., se:cdpVersion: 85.0, setWindowRect: true, strictFileInteractability: false, timeouts: {implicit: 0, pageLoad: 300000, script: 30000}, unhandledPromptBehavior: dismiss and notify, userAgent: Mozilla/5.0 (Windows NT 10....}&#10;Session ID: 64083c07-0b17-4920-be92-e72d2b56c7e5"/>
    <system-out><![CDATA[ Test case started: verifyIfAbleToSelectOptionFromDropDown
]]></system-out>
  </testcase>
  <testcase name="verifyIfAbleToSelectOptionFromDropDown" classname="zapcg.Capillary.LocationPageTestCases.Location_ExistingUser_TestCases" time="0">
    <skipped message="TypeError: can&apos;t access property &quot;getActor&quot;, browsingContext.currentWindowGlobal is null&#10;Build info: version: &apos;4.22.0&apos;, revision: &apos;c5f3146703*&apos;&#10;System info: os.name: &apos;Windows 10&apos;, os.arch: &apos;amd64&apos;, os.version: &apos;10.0&apos;, java.version: &apos;15.0.2&apos;&#10;Driver info: org.openqa.selenium.firefox.FirefoxDriver&#10;Command: [9a6a6583-681e-4853-93ab-b79102802bcc, findElement {value=//button[@id=&apos;MSMENUI3&apos;], using=xpath}]&#10;Capabilities {acceptInsecureCerts: true, browserName: firefox, browserVersion: 128.0, moz:accessibilityChecks: false, moz:buildID: 20240628091536, moz:debuggerAddress: 127.0.0.1:11867, moz:geckodriverVersion: 0.34.0, moz:headless: false, moz:platformVersion: 10.0, moz:processID: 65420, moz:profile: C:\Users\KAJALS~1\AppData\L..., moz:shutdownTimeout: 60000, moz:webdriverClick: true, moz:windowless: false, pageLoadStrategy: normal, platformName: windows, proxy: Proxy(), se:cdp: ws://127.0.0.1:11867/devtoo..., se:cdpVersion: 85.0, setWindowRect: true, strictFileInteractability: false, timeouts: {implicit: 0, pageLoad: 300000, script: 30000}, unhandledPromptBehavior: dismiss and notify, userAgent: Mozilla/5.0 (Windows NT 10....}&#10;Session ID: 9a6a6583-681e-4853-93ab-b79102802bcc"/>
    <system-out><![CDATA[ Test case started: verifyIfAbleToSelectOptionFromDropDown
]]></system-out>
  </testcase>
  <testcase name="verifyIfAbleToSelectOptionFromDropDown" classname="zapcg.Capillary.LocationPageTestCases.Location_ExistingUser_TestCases" time="0">
    <skipped message="Unable to locate element: //button[@id=&apos;MSMENUI3&apos;]&#10;For documentation on this error, please visit: https://www.selenium.dev/documentation/webdriver/troubleshooting/errors#no-such-element-exception&#10;Build info: version: &apos;4.22.0&apos;, revision: &apos;c5f3146703*&apos;&#10;System info: os.name: &apos;Windows 10&apos;, os.arch: &apos;amd64&apos;, os.version: &apos;10.0&apos;, java.version: &apos;15.0.2&apos;&#10;Driver info: org.openqa.selenium.firefox.FirefoxDriver&#10;Command: [217a7b38-d555-48b5-a4e0-76905db72f06, findElement {value=//button[@id=&apos;MSMENUI3&apos;], using=xpath}]&#10;Capabilities {acceptInsecureCerts: true, browserName: firefox, browserVersion: 128.0, moz:accessibilityChecks: false, moz:buildID: 20240628091536, moz:debuggerAddress: 127.0.0.1:31356, moz:geckodriverVersion: 0.34.0, moz:headless: false, moz:platformVersion: 10.0, moz:processID: 62788, moz:profile: C:\Users\KAJALS~1\AppData\L..., moz:shutdownTimeout: 60000, moz:webdriverClick: true, moz:windowless: false, pageLoadStrategy: normal, platformName: windows, proxy: Proxy(), se:cdp: ws://127.0.0.1:31356/devtoo..., se:cdpVersion: 85.0, setWindowRect: true, strictFileInteractability: false, timeouts: {implicit: 0, pageLoad: 300000, script: 30000}, unhandledPromptBehavior: dismiss and notify, userAgent: Mozilla/5.0 (Windows NT 10....}&#10;Session ID: 217a7b38-d555-48b5-a4e0-76905db72f06"/>
    <system-out><![CDATA[ Test case started: verifyIfAbleToSelectOptionFromDropDown
]]></system-out>
  </testcase>
  <testcase name="verifyChooseLocationButtonAvailability" classname="zapcg.Capillary.LocationPageTestCases.Location_ExistingUser_TestCases" time="1.71">
    <system-out><![CDATA[The name of the testcase passed is : emptyTxnAmountButGoToPassPointValue
Test execution completed on ChromeDriver with device: Tablet Portrait
 Test case started: verifyChooseLocationButtonAvailability
Choose Location button is working fine 
]]></system-out>
  </testcase>
  <testcase name="verifyChooseLocationButtonAvailability" classname="zapcg.Capillary.LocationPageTestCases.Location_ExistingUser_TestCases" time="1.705">
    <system-out><![CDATA[The name of the testcase passed is : emptyTxnAmountButGoToPassPointValue
Test execution completed on ChromeDriver with device: Tablet Landscape
 Test case started: verifyChooseLocationButtonAvailability
Choose Location button is working fine 
]]></system-out>
  </testcase>
  <testcase name="verifyChooseLocationButtonAvailability" classname="zapcg.Capillary.LocationPageTestCases.Location_ExistingUser_TestCases" time="1.159">
    <system-out><![CDATA[The name of the testcase passed is : emptyTxnAmountButGoToPassPointValue
Test execution completed on ChromeDriver with device: iPhone 11 Pro Portrait
 Test case started: verifyChooseLocationButtonAvailability
Choose Location button is working fine 
]]></system-out>
  </testcase>
  <testcase name="verifyChooseLocationButtonAvailability" classname="zapcg.Capillary.LocationPageTestCases.Location_ExistingUser_TestCases" time="0">
    <skipped message="no such element: Unable to locate element: {&quot;method&quot;:&quot;xpath&quot;,&quot;selector&quot;:&quot;//button[@id=&apos;MSMENUI3&apos;]&quot;}&#10;  (Session info: chrome=126.0.6478.57)&#10;For documentation on this error, please visit: https://www.selenium.dev/documentation/webdriver/troubleshooting/errors#no-such-element-exception&#10;Build info: version: &apos;4.22.0&apos;, revision: &apos;c5f3146703*&apos;&#10;System info: os.name: &apos;Windows 10&apos;, os.arch: &apos;amd64&apos;, os.version: &apos;10.0&apos;, java.version: &apos;15.0.2&apos;&#10;Driver info: org.openqa.selenium.chrome.ChromeDriver&#10;Command: [607795d46b2c3aaee0003743a8084fc8, findElement {value=//button[@id=&apos;MSMENUI3&apos;], using=xpath}]&#10;Capabilities {acceptInsecureCerts: false, browserName: chrome, browserVersion: 126.0.6478.57, chrome: {chromedriverVersion: 126.0.6478.126 (d36ace6122e..., userDataDir: C:\Users\KAJALS~1\AppData\L...}, fedcm:accounts: true, goog:chromeOptions: {debuggerAddress: localhost:64511}, networkConnectionEnabled: false, pageLoadStrategy: normal, platformName: windows, proxy: Proxy(), se:cdp: ws://localhost:64511/devtoo..., se:cdpVersion: 126.0.6478.57, setWindowRect: true, strictFileInteractability: false, timeouts: {implicit: 0, pageLoad: 300000, script: 30000}, unhandledPromptBehavior: dismiss and notify, webauthn:extension:credBlob: true, webauthn:extension:largeBlob: true, webauthn:extension:minPinLength: true, webauthn:extension:prf: true, webauthn:virtualAuthenticators: true}&#10;Session ID: 607795d46b2c3aaee0003743a8084fc8"/>
    <system-out><![CDATA[ Test case started: verifyChooseLocationButtonAvailability
]]></system-out>
  </testcase>
  <testcase name="verifyChooseLocationButtonAvailability" classname="zapcg.Capillary.LocationPageTestCases.Location_ExistingUser_TestCases" time="0">
    <skipped message="no such element: Unable to locate element: {&quot;method&quot;:&quot;xpath&quot;,&quot;selector&quot;:&quot;//button[@id=&apos;MSMENUI3&apos;]&quot;}&#10;  (Session info: chrome=126.0.6478.57)&#10;For documentation on this error, please visit: https://www.selenium.dev/documentation/webdriver/troubleshooting/errors#no-such-element-exception&#10;Build info: version: &apos;4.22.0&apos;, revision: &apos;c5f3146703*&apos;&#10;System info: os.name: &apos;Windows 10&apos;, os.arch: &apos;amd64&apos;, os.version: &apos;10.0&apos;, java.version: &apos;15.0.2&apos;&#10;Driver info: org.openqa.selenium.chrome.ChromeDriver&#10;Command: [0314097ef25d954bb2cfd3e19f922b0e, findElement {value=//button[@id=&apos;MSMENUI3&apos;], using=xpath}]&#10;Capabilities {acceptInsecureCerts: false, browserName: chrome, browserVersion: 126.0.6478.57, chrome: {chromedriverVersion: 126.0.6478.126 (d36ace6122e..., userDataDir: C:\Users\KAJALS~1\AppData\L...}, fedcm:accounts: true, goog:chromeOptions: {debuggerAddress: localhost:65480}, networkConnectionEnabled: false, pageLoadStrategy: normal, platformName: windows, proxy: Proxy(), se:cdp: ws://localhost:65480/devtoo..., se:cdpVersion: 126.0.6478.57, setWindowRect: true, strictFileInteractability: false, timeouts: {implicit: 0, pageLoad: 300000, script: 30000}, unhandledPromptBehavior: dismiss and notify, webauthn:extension:credBlob: true, webauthn:extension:largeBlob: true, webauthn:extension:minPinLength: true, webauthn:extension:prf: true, webauthn:virtualAuthenticators: true}&#10;Session ID: 0314097ef25d954bb2cfd3e19f922b0e"/>
    <system-out><![CDATA[ Test case started: verifyChooseLocationButtonAvailability
]]></system-out>
  </testcase>
  <testcase name="verifyChooseLocationButtonAvailability" classname="zapcg.Capillary.LocationPageTestCases.Location_ExistingUser_TestCases" time="1.921">
    <system-out><![CDATA[The name of the testcase passed is : emptyTxnAmountButGoToPassPointValue
Test execution completed on ChromeDriver with device: Galaxy S20 Landscape
 Test case started: verifyChooseLocationButtonAvailability
Choose Location button is working fine 
]]></system-out>
  </testcase>
  <testcase name="verifyChooseLocationButtonAvailability" classname="zapcg.Capillary.LocationPageTestCases.Location_ExistingUser_TestCases" time="1.608">
    <system-out><![CDATA[The name of the testcase passed is : emptyTxnAmountButGoToPassPointValue
Test execution completed on FirefoxDriver with device: Tablet Portrait
 Test case started: verifyChooseLocationButtonAvailability
Choose Location button is working fine 
]]></system-out>
  </testcase>
  <testcase name="verifyChooseLocationButtonAvailability" classname="zapcg.Capillary.LocationPageTestCases.Location_ExistingUser_TestCases" time="0">
    <skipped message="Unable to locate element: //button[@id=&apos;MSMENUI3&apos;]&#10;For documentation on this error, please visit: https://www.selenium.dev/documentation/webdriver/troubleshooting/errors#no-such-element-exception&#10;Build info: version: &apos;4.22.0&apos;, revision: &apos;c5f3146703*&apos;&#10;System info: os.name: &apos;Windows 10&apos;, os.arch: &apos;amd64&apos;, os.version: &apos;10.0&apos;, java.version: &apos;15.0.2&apos;&#10;Driver info: org.openqa.selenium.firefox.FirefoxDriver&#10;Command: [3cdaba1b-184b-4e40-9f56-0f6504a99ed1, findElement {value=//button[@id=&apos;MSMENUI3&apos;], using=xpath}]&#10;Capabilities {acceptInsecureCerts: true, browserName: firefox, browserVersion: 128.0, moz:accessibilityChecks: false, moz:buildID: 20240628091536, moz:debuggerAddress: 127.0.0.1:22063, moz:geckodriverVersion: 0.34.0, moz:headless: false, moz:platformVersion: 10.0, moz:processID: 8820, moz:profile: C:\Users\KAJALS~1\AppData\L..., moz:shutdownTimeout: 60000, moz:webdriverClick: true, moz:windowless: false, pageLoadStrategy: normal, platformName: windows, proxy: Proxy(), se:cdp: ws://127.0.0.1:22063/devtoo..., se:cdpVersion: 85.0, setWindowRect: true, strictFileInteractability: false, timeouts: {implicit: 0, pageLoad: 300000, script: 30000}, unhandledPromptBehavior: dismiss and notify, userAgent: Mozilla/5.0 (Windows NT 10....}&#10;Session ID: 3cdaba1b-184b-4e40-9f56-0f6504a99ed1"/>
    <system-out><![CDATA[ Test case started: verifyChooseLocationButtonAvailability
]]></system-out>
  </testcase>
  <testcase name="verifyChooseLocationButtonAvailability" classname="zapcg.Capillary.LocationPageTestCases.Location_ExistingUser_TestCases" time="0">
    <skipped message="Unable to locate element: //button[@id=&apos;MSMENUI3&apos;]&#10;For documentation on this error, please visit: https://www.selenium.dev/documentation/webdriver/troubleshooting/errors#no-such-element-exception&#10;Build info: version: &apos;4.22.0&apos;, revision: &apos;c5f3146703*&apos;&#10;System info: os.name: &apos;Windows 10&apos;, os.arch: &apos;amd64&apos;, os.version: &apos;10.0&apos;, java.version: &apos;15.0.2&apos;&#10;Driver info: org.openqa.selenium.firefox.FirefoxDriver&#10;Command: [861a7a1c-55dd-43ea-a3df-4a808f741465, findElement {value=//button[@id=&apos;MSMENUI3&apos;], using=xpath}]&#10;Capabilities {acceptInsecureCerts: true, browserName: firefox, browserVersion: 128.0, moz:accessibilityChecks: false, moz:buildID: 20240628091536, moz:debuggerAddress: 127.0.0.1:26421, moz:geckodriverVersion: 0.34.0, moz:headless: false, moz:platformVersion: 10.0, moz:processID: 57604, moz:profile: C:\Users\KAJALS~1\AppData\L..., moz:shutdownTimeout: 60000, moz:webdriverClick: true, moz:windowless: false, pageLoadStrategy: normal, platformName: windows, proxy: Proxy(), se:cdp: ws://127.0.0.1:26421/devtoo..., se:cdpVersion: 85.0, setWindowRect: true, strictFileInteractability: false, timeouts: {implicit: 0, pageLoad: 300000, script: 30000}, unhandledPromptBehavior: dismiss and notify, userAgent: Mozilla/5.0 (Windows NT 10....}&#10;Session ID: 861a7a1c-55dd-43ea-a3df-4a808f741465"/>
    <system-out><![CDATA[ Test case started: verifyChooseLocationButtonAvailability
]]></system-out>
  </testcase>
  <testcase name="verifyChooseLocationButtonAvailability" classname="zapcg.Capillary.LocationPageTestCases.Location_ExistingUser_TestCases" time="0">
    <skipped message="Unable to locate element: //button[@id=&apos;MSMENUI3&apos;]&#10;For documentation on this error, please visit: https://www.selenium.dev/documentation/webdriver/troubleshooting/errors#no-such-element-exception&#10;Build info: version: &apos;4.22.0&apos;, revision: &apos;c5f3146703*&apos;&#10;System info: os.name: &apos;Windows 10&apos;, os.arch: &apos;amd64&apos;, os.version: &apos;10.0&apos;, java.version: &apos;15.0.2&apos;&#10;Driver info: org.openqa.selenium.firefox.FirefoxDriver&#10;Command: [64083c07-0b17-4920-be92-e72d2b56c7e5, findElement {value=//button[@id=&apos;MSMENUI3&apos;], using=xpath}]&#10;Capabilities {acceptInsecureCerts: true, browserName: firefox, browserVersion: 128.0, moz:accessibilityChecks: false, moz:buildID: 20240628091536, moz:debuggerAddress: 127.0.0.1:11794, moz:geckodriverVersion: 0.34.0, moz:headless: false, moz:platformVersion: 10.0, moz:processID: 50028, moz:profile: C:\Users\KAJALS~1\AppData\L..., moz:shutdownTimeout: 60000, moz:webdriverClick: true, moz:windowless: false, pageLoadStrategy: normal, platformName: windows, proxy: Proxy(), se:cdp: ws://127.0.0.1:11794/devtoo..., se:cdpVersion: 85.0, setWindowRect: true, strictFileInteractability: false, timeouts: {implicit: 0, pageLoad: 300000, script: 30000}, unhandledPromptBehavior: dismiss and notify, userAgent: Mozilla/5.0 (Windows NT 10....}&#10;Session ID: 64083c07-0b17-4920-be92-e72d2b56c7e5"/>
    <system-out><![CDATA[ Test case started: verifyChooseLocationButtonAvailability
]]></system-out>
  </testcase>
  <testcase name="verifyChooseLocationButtonAvailability" classname="zapcg.Capillary.LocationPageTestCases.Location_ExistingUser_TestCases" time="0">
    <skipped message="TypeError: can&apos;t access property &quot;getActor&quot;, browsingContext.currentWindowGlobal is null&#10;Build info: version: &apos;4.22.0&apos;, revision: &apos;c5f3146703*&apos;&#10;System info: os.name: &apos;Windows 10&apos;, os.arch: &apos;amd64&apos;, os.version: &apos;10.0&apos;, java.version: &apos;15.0.2&apos;&#10;Driver info: org.openqa.selenium.firefox.FirefoxDriver&#10;Command: [9a6a6583-681e-4853-93ab-b79102802bcc, findElement {value=//button[@id=&apos;MSMENUI3&apos;], using=xpath}]&#10;Capabilities {acceptInsecureCerts: true, browserName: firefox, browserVersion: 128.0, moz:accessibilityChecks: false, moz:buildID: 20240628091536, moz:debuggerAddress: 127.0.0.1:11867, moz:geckodriverVersion: 0.34.0, moz:headless: false, moz:platformVersion: 10.0, moz:processID: 65420, moz:profile: C:\Users\KAJALS~1\AppData\L..., moz:shutdownTimeout: 60000, moz:webdriverClick: true, moz:windowless: false, pageLoadStrategy: normal, platformName: windows, proxy: Proxy(), se:cdp: ws://127.0.0.1:11867/devtoo..., se:cdpVersion: 85.0, setWindowRect: true, strictFileInteractability: false, timeouts: {implicit: 0, pageLoad: 300000, script: 30000}, unhandledPromptBehavior: dismiss and notify, userAgent: Mozilla/5.0 (Windows NT 10....}&#10;Session ID: 9a6a6583-681e-4853-93ab-b79102802bcc"/>
    <system-out><![CDATA[ Test case started: verifyChooseLocationButtonAvailability
]]></system-out>
  </testcase>
  <testcase name="verifyChooseLocationButtonAvailability" classname="zapcg.Capillary.LocationPageTestCases.Location_ExistingUser_TestCases" time="0">
    <skipped message="Unable to locate element: //button[@id=&apos;MSMENUI3&apos;]&#10;For documentation on this error, please visit: https://www.selenium.dev/documentation/webdriver/troubleshooting/errors#no-such-element-exception&#10;Build info: version: &apos;4.22.0&apos;, revision: &apos;c5f3146703*&apos;&#10;System info: os.name: &apos;Windows 10&apos;, os.arch: &apos;amd64&apos;, os.version: &apos;10.0&apos;, java.version: &apos;15.0.2&apos;&#10;Driver info: org.openqa.selenium.firefox.FirefoxDriver&#10;Command: [217a7b38-d555-48b5-a4e0-76905db72f06, findElement {value=//button[@id=&apos;MSMENUI3&apos;], using=xpath}]&#10;Capabilities {acceptInsecureCerts: true, browserName: firefox, browserVersion: 128.0, moz:accessibilityChecks: false, moz:buildID: 20240628091536, moz:debuggerAddress: 127.0.0.1:31356, moz:geckodriverVersion: 0.34.0, moz:headless: false, moz:platformVersion: 10.0, moz:processID: 62788, moz:profile: C:\Users\KAJALS~1\AppData\L..., moz:shutdownTimeout: 60000, moz:webdriverClick: true, moz:windowless: false, pageLoadStrategy: normal, platformName: windows, proxy: Proxy(), se:cdp: ws://127.0.0.1:31356/devtoo..., se:cdpVersion: 85.0, setWindowRect: true, strictFileInteractability: false, timeouts: {implicit: 0, pageLoad: 300000, script: 30000}, unhandledPromptBehavior: dismiss and notify, userAgent: Mozilla/5.0 (Windows NT 10....}&#10;Session ID: 217a7b38-d555-48b5-a4e0-76905db72f06"/>
    <system-out><![CDATA[ Test case started: verifyChooseLocationButtonAvailability
]]></system-out>
  </testcase>
  <testcase name="verifyHeaderOfMemberLookupScreen" classname="zapcg.Capillary.LocationPageTestCases.Location_ExistingUser_TestCases" time="2.18">
    <system-out><![CDATA[The name of the testcase passed is : verifyEligibleEarningPoints
Test execution completed on ChromeDriver with device: Tablet Portrait
 Test case started: verifyHeaderOfMemberLookupScreen
Selected option: HMH01101 - MyStays Akasaka2
Header on Member Lookup screen: zapcom_test2
HMH01101
MyStays Akasaka2
The strings partially match.
]]></system-out>
  </testcase>
  <testcase name="verifyHeaderOfMemberLookupScreen" classname="zapcg.Capillary.LocationPageTestCases.Location_ExistingUser_TestCases" time="1.601">
    <system-out><![CDATA[The name of the testcase passed is : verifyEligibleEarningPoints
Test execution completed on ChromeDriver with device: Tablet Landscape
 Test case started: verifyHeaderOfMemberLookupScreen
Selected option: HMH01101 - MyStays Akasaka2
Header on Member Lookup screen: zapcom_test2
HMH01101
MyStays Akasaka2
The strings partially match.
]]></system-out>
  </testcase>
  <testcase name="verifyHeaderOfMemberLookupScreen" classname="zapcg.Capillary.LocationPageTestCases.Location_ExistingUser_TestCases" time="1.572">
    <system-out><![CDATA[The name of the testcase passed is : verifyEligibleEarningPoints
Test execution completed on ChromeDriver with device: iPhone 11 Pro Portrait
 Test case started: verifyHeaderOfMemberLookupScreen
Selected option: HMH01101 - MyStays Akasaka2
Header on Member Lookup screen: zapcom_test2
HMH01101
MyStays Akasaka2
The strings partially match.
]]></system-out>
  </testcase>
  <testcase name="verifyHeaderOfMemberLookupScreen" classname="zapcg.Capillary.LocationPageTestCases.Location_ExistingUser_TestCases" time="0">
    <skipped message="no such element: Unable to locate element: {&quot;method&quot;:&quot;xpath&quot;,&quot;selector&quot;:&quot;//button[@id=&apos;MSMENUI3&apos;]&quot;}&#10;  (Session info: chrome=126.0.6478.57)&#10;For documentation on this error, please visit: https://www.selenium.dev/documentation/webdriver/troubleshooting/errors#no-such-element-exception&#10;Build info: version: &apos;4.22.0&apos;, revision: &apos;c5f3146703*&apos;&#10;System info: os.name: &apos;Windows 10&apos;, os.arch: &apos;amd64&apos;, os.version: &apos;10.0&apos;, java.version: &apos;15.0.2&apos;&#10;Driver info: org.openqa.selenium.chrome.ChromeDriver&#10;Command: [607795d46b2c3aaee0003743a8084fc8, findElement {value=//button[@id=&apos;MSMENUI3&apos;], using=xpath}]&#10;Capabilities {acceptInsecureCerts: false, browserName: chrome, browserVersion: 126.0.6478.57, chrome: {chromedriverVersion: 126.0.6478.126 (d36ace6122e..., userDataDir: C:\Users\KAJALS~1\AppData\L...}, fedcm:accounts: true, goog:chromeOptions: {debuggerAddress: localhost:64511}, networkConnectionEnabled: false, pageLoadStrategy: normal, platformName: windows, proxy: Proxy(), se:cdp: ws://localhost:64511/devtoo..., se:cdpVersion: 126.0.6478.57, setWindowRect: true, strictFileInteractability: false, timeouts: {implicit: 0, pageLoad: 300000, script: 30000}, unhandledPromptBehavior: dismiss and notify, webauthn:extension:credBlob: true, webauthn:extension:largeBlob: true, webauthn:extension:minPinLength: true, webauthn:extension:prf: true, webauthn:virtualAuthenticators: true}&#10;Session ID: 607795d46b2c3aaee0003743a8084fc8"/>
    <system-out><![CDATA[ Test case started: verifyHeaderOfMemberLookupScreen
]]></system-out>
  </testcase>
  <testcase name="verifyHeaderOfMemberLookupScreen" classname="zapcg.Capillary.LocationPageTestCases.Location_ExistingUser_TestCases" time="0">
    <skipped message="no such element: Unable to locate element: {&quot;method&quot;:&quot;xpath&quot;,&quot;selector&quot;:&quot;//button[@id=&apos;MSMENUI3&apos;]&quot;}&#10;  (Session info: chrome=126.0.6478.57)&#10;For documentation on this error, please visit: https://www.selenium.dev/documentation/webdriver/troubleshooting/errors#no-such-element-exception&#10;Build info: version: &apos;4.22.0&apos;, revision: &apos;c5f3146703*&apos;&#10;System info: os.name: &apos;Windows 10&apos;, os.arch: &apos;amd64&apos;, os.version: &apos;10.0&apos;, java.version: &apos;15.0.2&apos;&#10;Driver info: org.openqa.selenium.chrome.ChromeDriver&#10;Command: [0314097ef25d954bb2cfd3e19f922b0e, findElement {value=//button[@id=&apos;MSMENUI3&apos;], using=xpath}]&#10;Capabilities {acceptInsecureCerts: false, browserName: chrome, browserVersion: 126.0.6478.57, chrome: {chromedriverVersion: 126.0.6478.126 (d36ace6122e..., userDataDir: C:\Users\KAJALS~1\AppData\L...}, fedcm:accounts: true, goog:chromeOptions: {debuggerAddress: localhost:65480}, networkConnectionEnabled: false, pageLoadStrategy: normal, platformName: windows, proxy: Proxy(), se:cdp: ws://localhost:65480/devtoo..., se:cdpVersion: 126.0.6478.57, setWindowRect: true, strictFileInteractability: false, timeouts: {implicit: 0, pageLoad: 300000, script: 30000}, unhandledPromptBehavior: dismiss and notify, webauthn:extension:credBlob: true, webauthn:extension:largeBlob: true, webauthn:extension:minPinLength: true, webauthn:extension:prf: true, webauthn:virtualAuthenticators: true}&#10;Session ID: 0314097ef25d954bb2cfd3e19f922b0e"/>
    <system-out><![CDATA[ Test case started: verifyHeaderOfMemberLookupScreen
]]></system-out>
  </testcase>
  <testcase name="verifyHeaderOfMemberLookupScreen" classname="zapcg.Capillary.LocationPageTestCases.Location_ExistingUser_TestCases" time="3.115">
    <failure message="An error occurred while verifying the dropdown selections: element click intercepted: Element &lt;button class=&quot;MuiButtonBase-root MuiButton-root MuiButton-contained MuiButton-containedPrimary MuiButton-sizeMedium MuiButton-containedSizeMedium MuiButton-colorPrimary MuiButton-root MuiButton-contained MuiButton-containedPrimary MuiButton-sizeMedium MuiButton-containedSizeMedium MuiButton-colorPrimary css-y7km40&quot; tabindex=&quot;0&quot; type=&quot;button&quot; data-testid=&quot;LS014B&quot; id=&quot;LS014B&quot;&gt;...&lt;/button&gt; is not clickable at point (384, 194). Other element would receive the click: &lt;li tabindex=&quot;-1&quot; role=&quot;option&quot; id=&quot;LS013OP1&quot; data-option-index=&quot;1&quot; aria-disabled=&quot;false&quot; aria-selected=&quot;false&quot; class=&quot;MuiAutocomplete-option&quot; data-testid=&quot;LS013OP1&quot;&gt;...&lt;/li&gt;&#10;  (Session info: chrome=126.0.6478.57)&#10;Build info: version: &apos;4.22.0&apos;, revision: &apos;c5f3146703*&apos;&#10;System info: os.name: &apos;Windows 10&apos;, os.arch: &apos;amd64&apos;, os.version: &apos;10.0&apos;, java.version: &apos;15.0.2&apos;&#10;Driver info: org.openqa.selenium.chrome.ChromeDriver&#10;Command: [28c1cd6b56dc6795e30e81ec95439270, clickElement {id=f.96F56A357CA61046CAF15EBA57845CBB.d.DF3B6B890EF01A5A54F5CDB8BC4E1843.e.236}]&#10;Capabilities {acceptInsecureCerts: false, browserName: chrome, browserVersion: 126.0.6478.57, chrome: {chromedriverVersion: 126.0.6478.126 (d36ace6122e..., userDataDir: C:\Users\KAJALS~1\AppData\L...}, fedcm:accounts: true, goog:chromeOptions: {debuggerAddress: localhost:50937}, networkConnectionEnabled: false, pageLoadStrategy: normal, platformName: windows, proxy: Proxy(), se:cdp: ws://localhost:50937/devtoo..., se:cdpVersion: 126.0.6478.57, setWindowRect: true, strictFileInteractability: false, timeouts: {implicit: 0, pageLoad: 300000, script: 30000}, unhandledPromptBehavior: dismiss and notify, webauthn:extension:credBlob: true, webauthn:extension:largeBlob: true, webauthn:extension:minPinLength: true, webauthn:extension:prf: true, webauthn:virtualAuthenticators: true}&#10;Element: [[ChromeDriver: chrome on windows (28c1cd6b56dc6795e30e81ec95439270)] -&gt; xpath: //button[@id=&apos;LS014B&apos;]]&#10;Session ID: 28c1cd6b56dc6795e30e81ec95439270" type="java.lang.AssertionError"><![CDATA[java.lang.AssertionError: 
An error occurred while verifying the dropdown selections: element click intercepted: Element <button class="MuiButtonBase-root MuiButton-root MuiButton-contained MuiButton-containedPrimary MuiButton-sizeMedium MuiButton-containedSizeMedium MuiButton-colorPrimary MuiButton-root MuiButton-contained MuiButton-containedPrimary MuiButton-sizeMedium MuiButton-containedSizeMedium MuiButton-colorPrimary css-y7km40" tabindex="0" type="button" data-testid="LS014B" id="LS014B">...</button> is not clickable at point (384, 194). Other element would receive the click: <li tabindex="-1" role="option" id="LS013OP1" data-option-index="1" aria-disabled="false" aria-selected="false" class="MuiAutocomplete-option" data-testid="LS013OP1">...</li>
  (Session info: chrome=126.0.6478.57)
Build info: version: '4.22.0', revision: 'c5f3146703*'
System info: os.name: 'Windows 10', os.arch: 'amd64', os.version: '10.0', java.version: '15.0.2'
Driver info: org.openqa.selenium.chrome.ChromeDriver
Command: [28c1cd6b56dc6795e30e81ec95439270, clickElement {id=f.96F56A357CA61046CAF15EBA57845CBB.d.DF3B6B890EF01A5A54F5CDB8BC4E1843.e.236}]
Capabilities {acceptInsecureCerts: false, browserName: chrome, browserVersion: 126.0.6478.57, chrome: {chromedriverVersion: 126.0.6478.126 (d36ace6122e..., userDataDir: C:\Users\KAJALS~1\AppData\L...}, fedcm:accounts: true, goog:chromeOptions: {debuggerAddress: localhost:50937}, networkConnectionEnabled: false, pageLoadStrategy: normal, platformName: windows, proxy: Proxy(), se:cdp: ws://localhost:50937/devtoo..., se:cdpVersion: 126.0.6478.57, setWindowRect: true, strictFileInteractability: false, timeouts: {implicit: 0, pageLoad: 300000, script: 30000}, unhandledPromptBehavior: dismiss and notify, webauthn:extension:credBlob: true, webauthn:extension:largeBlob: true, webauthn:extension:minPinLength: true, webauthn:extension:prf: true, webauthn:virtualAuthenticators: true}
Element: [[ChromeDriver: chrome on windows (28c1cd6b56dc6795e30e81ec95439270)] -> xpath: //button[@id='LS014B']]
Session ID: 28c1cd6b56dc6795e30e81ec95439270
	at zapcg.Capillary.LocationPageTestCases.Location_ExistingUser_TestCases.verifyHeaderOfMemberLookupScreen(Location_ExistingUser_TestCases.java:152)
]]></failure>
    <system-out><![CDATA[The name of the testcase passed is : verifyEligibleEarningPoints
Test execution completed on ChromeDriver with device: Galaxy S20 Landscape
 Test case started: verifyHeaderOfMemberLookupScreen
Selected option: HMH01101 - MyStays Akasaka2
]]></system-out>
  </testcase>
  <testcase name="verifyHeaderOfMemberLookupScreen" classname="zapcg.Capillary.LocationPageTestCases.Location_ExistingUser_TestCases" time="1.275">
    <failure message="An error occurred while verifying the dropdown selections: Element &lt;button id=&quot;LS014B&quot; class=&quot;MuiButtonBase-root MuiButton-root MuiButton-contained MuiButton-containedPrimary MuiButton-sizeMedium MuiButton-containedSizeMedium MuiButton-colorPrimary MuiButton-root MuiButton-contained MuiButton-containedPrimary MuiButton-sizeMedium MuiButton-containedSizeMedium MuiButton-colorPrimary css-y7km40&quot; type=&quot;button&quot;&gt; is not clickable at point (378,533) because another element &lt;li id=&quot;LS013OP1&quot; class=&quot;MuiAutocomplete-option&quot;&gt; obscures it&#10;Build info: version: &apos;4.22.0&apos;, revision: &apos;c5f3146703*&apos;&#10;System info: os.name: &apos;Windows 10&apos;, os.arch: &apos;amd64&apos;, os.version: &apos;10.0&apos;, java.version: &apos;15.0.2&apos;&#10;Driver info: org.openqa.selenium.firefox.FirefoxDriver&#10;Command: [16f9565c-98fe-4ae7-a632-1d7d24d163e5, clickElement {id=41ea3bd0-166e-4651-abcd-500946756e0b}]&#10;Capabilities {acceptInsecureCerts: true, browserName: firefox, browserVersion: 128.0, moz:accessibilityChecks: false, moz:buildID: 20240628091536, moz:debuggerAddress: 127.0.0.1:9561, moz:geckodriverVersion: 0.34.0, moz:headless: false, moz:platformVersion: 10.0, moz:processID: 59040, moz:profile: C:\Users\KAJALS~1\AppData\L..., moz:shutdownTimeout: 60000, moz:webdriverClick: true, moz:windowless: false, pageLoadStrategy: normal, platformName: windows, proxy: Proxy(), se:cdp: ws://127.0.0.1:9561/devtool..., se:cdpVersion: 85.0, setWindowRect: true, strictFileInteractability: false, timeouts: {implicit: 0, pageLoad: 300000, script: 30000}, unhandledPromptBehavior: dismiss and notify, userAgent: Mozilla/5.0 (Windows NT 10....}&#10;Element: [[FirefoxDriver: firefox on windows (16f9565c-98fe-4ae7-a632-1d7d24d163e5)] -&gt; xpath: //button[@id=&apos;LS014B&apos;]]&#10;Session ID: 16f9565c-98fe-4ae7-a632-1d7d24d163e5" type="java.lang.AssertionError"><![CDATA[java.lang.AssertionError: 
An error occurred while verifying the dropdown selections: Element <button id="LS014B" class="MuiButtonBase-root MuiButton-root MuiButton-contained MuiButton-containedPrimary MuiButton-sizeMedium MuiButton-containedSizeMedium MuiButton-colorPrimary MuiButton-root MuiButton-contained MuiButton-containedPrimary MuiButton-sizeMedium MuiButton-containedSizeMedium MuiButton-colorPrimary css-y7km40" type="button"> is not clickable at point (378,533) because another element <li id="LS013OP1" class="MuiAutocomplete-option"> obscures it
Build info: version: '4.22.0', revision: 'c5f3146703*'
System info: os.name: 'Windows 10', os.arch: 'amd64', os.version: '10.0', java.version: '15.0.2'
Driver info: org.openqa.selenium.firefox.FirefoxDriver
Command: [16f9565c-98fe-4ae7-a632-1d7d24d163e5, clickElement {id=41ea3bd0-166e-4651-abcd-500946756e0b}]
Capabilities {acceptInsecureCerts: true, browserName: firefox, browserVersion: 128.0, moz:accessibilityChecks: false, moz:buildID: 20240628091536, moz:debuggerAddress: 127.0.0.1:9561, moz:geckodriverVersion: 0.34.0, moz:headless: false, moz:platformVersion: 10.0, moz:processID: 59040, moz:profile: C:\Users\KAJALS~1\AppData\L..., moz:shutdownTimeout: 60000, moz:webdriverClick: true, moz:windowless: false, pageLoadStrategy: normal, platformName: windows, proxy: Proxy(), se:cdp: ws://127.0.0.1:9561/devtool..., se:cdpVersion: 85.0, setWindowRect: true, strictFileInteractability: false, timeouts: {implicit: 0, pageLoad: 300000, script: 30000}, unhandledPromptBehavior: dismiss and notify, userAgent: Mozilla/5.0 (Windows NT 10....}
Element: [[FirefoxDriver: firefox on windows (16f9565c-98fe-4ae7-a632-1d7d24d163e5)] -> xpath: //button[@id='LS014B']]
Session ID: 16f9565c-98fe-4ae7-a632-1d7d24d163e5
	at zapcg.Capillary.LocationPageTestCases.Location_ExistingUser_TestCases.verifyHeaderOfMemberLookupScreen(Location_ExistingUser_TestCases.java:152)
]]></failure>
    <system-out><![CDATA[The name of the testcase passed is : verifyEligibleEarningPoints
Test execution completed on FirefoxDriver with device: Tablet Portrait
 Test case started: verifyHeaderOfMemberLookupScreen
Selected option: HMH01101 - MyStays Akasaka2
]]></system-out>
  </testcase>
  <testcase name="verifyHeaderOfMemberLookupScreen" classname="zapcg.Capillary.LocationPageTestCases.Location_ExistingUser_TestCases" time="0">
    <skipped message="Unable to locate element: //button[@id=&apos;MSMENUI3&apos;]&#10;For documentation on this error, please visit: https://www.selenium.dev/documentation/webdriver/troubleshooting/errors#no-such-element-exception&#10;Build info: version: &apos;4.22.0&apos;, revision: &apos;c5f3146703*&apos;&#10;System info: os.name: &apos;Windows 10&apos;, os.arch: &apos;amd64&apos;, os.version: &apos;10.0&apos;, java.version: &apos;15.0.2&apos;&#10;Driver info: org.openqa.selenium.firefox.FirefoxDriver&#10;Command: [3cdaba1b-184b-4e40-9f56-0f6504a99ed1, findElement {value=//button[@id=&apos;MSMENUI3&apos;], using=xpath}]&#10;Capabilities {acceptInsecureCerts: true, browserName: firefox, browserVersion: 128.0, moz:accessibilityChecks: false, moz:buildID: 20240628091536, moz:debuggerAddress: 127.0.0.1:22063, moz:geckodriverVersion: 0.34.0, moz:headless: false, moz:platformVersion: 10.0, moz:processID: 8820, moz:profile: C:\Users\KAJALS~1\AppData\L..., moz:shutdownTimeout: 60000, moz:webdriverClick: true, moz:windowless: false, pageLoadStrategy: normal, platformName: windows, proxy: Proxy(), se:cdp: ws://127.0.0.1:22063/devtoo..., se:cdpVersion: 85.0, setWindowRect: true, strictFileInteractability: false, timeouts: {implicit: 0, pageLoad: 300000, script: 30000}, unhandledPromptBehavior: dismiss and notify, userAgent: Mozilla/5.0 (Windows NT 10....}&#10;Session ID: 3cdaba1b-184b-4e40-9f56-0f6504a99ed1"/>
    <system-out><![CDATA[ Test case started: verifyHeaderOfMemberLookupScreen
]]></system-out>
  </testcase>
  <testcase name="verifyHeaderOfMemberLookupScreen" classname="zapcg.Capillary.LocationPageTestCases.Location_ExistingUser_TestCases" time="0">
    <skipped message="Unable to locate element: //button[@id=&apos;MSMENUI3&apos;]&#10;For documentation on this error, please visit: https://www.selenium.dev/documentation/webdriver/troubleshooting/errors#no-such-element-exception&#10;Build info: version: &apos;4.22.0&apos;, revision: &apos;c5f3146703*&apos;&#10;System info: os.name: &apos;Windows 10&apos;, os.arch: &apos;amd64&apos;, os.version: &apos;10.0&apos;, java.version: &apos;15.0.2&apos;&#10;Driver info: org.openqa.selenium.firefox.FirefoxDriver&#10;Command: [861a7a1c-55dd-43ea-a3df-4a808f741465, findElement {value=//button[@id=&apos;MSMENUI3&apos;], using=xpath}]&#10;Capabilities {acceptInsecureCerts: true, browserName: firefox, browserVersion: 128.0, moz:accessibilityChecks: false, moz:buildID: 20240628091536, moz:debuggerAddress: 127.0.0.1:26421, moz:geckodriverVersion: 0.34.0, moz:headless: false, moz:platformVersion: 10.0, moz:processID: 57604, moz:profile: C:\Users\KAJALS~1\AppData\L..., moz:shutdownTimeout: 60000, moz:webdriverClick: true, moz:windowless: false, pageLoadStrategy: normal, platformName: windows, proxy: Proxy(), se:cdp: ws://127.0.0.1:26421/devtoo..., se:cdpVersion: 85.0, setWindowRect: true, strictFileInteractability: false, timeouts: {implicit: 0, pageLoad: 300000, script: 30000}, unhandledPromptBehavior: dismiss and notify, userAgent: Mozilla/5.0 (Windows NT 10....}&#10;Session ID: 861a7a1c-55dd-43ea-a3df-4a808f741465"/>
    <system-out><![CDATA[ Test case started: verifyHeaderOfMemberLookupScreen
]]></system-out>
  </testcase>
  <testcase name="verifyHeaderOfMemberLookupScreen" classname="zapcg.Capillary.LocationPageTestCases.Location_ExistingUser_TestCases" time="0">
    <skipped message="Unable to locate element: //button[@id=&apos;MSMENUI3&apos;]&#10;For documentation on this error, please visit: https://www.selenium.dev/documentation/webdriver/troubleshooting/errors#no-such-element-exception&#10;Build info: version: &apos;4.22.0&apos;, revision: &apos;c5f3146703*&apos;&#10;System info: os.name: &apos;Windows 10&apos;, os.arch: &apos;amd64&apos;, os.version: &apos;10.0&apos;, java.version: &apos;15.0.2&apos;&#10;Driver info: org.openqa.selenium.firefox.FirefoxDriver&#10;Command: [64083c07-0b17-4920-be92-e72d2b56c7e5, findElement {value=//button[@id=&apos;MSMENUI3&apos;], using=xpath}]&#10;Capabilities {acceptInsecureCerts: true, browserName: firefox, browserVersion: 128.0, moz:accessibilityChecks: false, moz:buildID: 20240628091536, moz:debuggerAddress: 127.0.0.1:11794, moz:geckodriverVersion: 0.34.0, moz:headless: false, moz:platformVersion: 10.0, moz:processID: 50028, moz:profile: C:\Users\KAJALS~1\AppData\L..., moz:shutdownTimeout: 60000, moz:webdriverClick: true, moz:windowless: false, pageLoadStrategy: normal, platformName: windows, proxy: Proxy(), se:cdp: ws://127.0.0.1:11794/devtoo..., se:cdpVersion: 85.0, setWindowRect: true, strictFileInteractability: false, timeouts: {implicit: 0, pageLoad: 300000, script: 30000}, unhandledPromptBehavior: dismiss and notify, userAgent: Mozilla/5.0 (Windows NT 10....}&#10;Session ID: 64083c07-0b17-4920-be92-e72d2b56c7e5"/>
    <system-out><![CDATA[ Test case started: verifyHeaderOfMemberLookupScreen
]]></system-out>
  </testcase>
  <testcase name="verifyHeaderOfMemberLookupScreen" classname="zapcg.Capillary.LocationPageTestCases.Location_ExistingUser_TestCases" time="0">
    <skipped message="TypeError: can&apos;t access property &quot;getActor&quot;, browsingContext.currentWindowGlobal is null&#10;Build info: version: &apos;4.22.0&apos;, revision: &apos;c5f3146703*&apos;&#10;System info: os.name: &apos;Windows 10&apos;, os.arch: &apos;amd64&apos;, os.version: &apos;10.0&apos;, java.version: &apos;15.0.2&apos;&#10;Driver info: org.openqa.selenium.firefox.FirefoxDriver&#10;Command: [9a6a6583-681e-4853-93ab-b79102802bcc, findElement {value=//button[@id=&apos;MSMENUI3&apos;], using=xpath}]&#10;Capabilities {acceptInsecureCerts: true, browserName: firefox, browserVersion: 128.0, moz:accessibilityChecks: false, moz:buildID: 20240628091536, moz:debuggerAddress: 127.0.0.1:11867, moz:geckodriverVersion: 0.34.0, moz:headless: false, moz:platformVersion: 10.0, moz:processID: 65420, moz:profile: C:\Users\KAJALS~1\AppData\L..., moz:shutdownTimeout: 60000, moz:webdriverClick: true, moz:windowless: false, pageLoadStrategy: normal, platformName: windows, proxy: Proxy(), se:cdp: ws://127.0.0.1:11867/devtoo..., se:cdpVersion: 85.0, setWindowRect: true, strictFileInteractability: false, timeouts: {implicit: 0, pageLoad: 300000, script: 30000}, unhandledPromptBehavior: dismiss and notify, userAgent: Mozilla/5.0 (Windows NT 10....}&#10;Session ID: 9a6a6583-681e-4853-93ab-b79102802bcc"/>
    <system-out><![CDATA[ Test case started: verifyHeaderOfMemberLookupScreen
]]></system-out>
  </testcase>
  <testcase name="verifyHeaderOfMemberLookupScreen" classname="zapcg.Capillary.LocationPageTestCases.Location_ExistingUser_TestCases" time="0">
    <skipped message="Unable to locate element: //button[@id=&apos;MSMENUI3&apos;]&#10;For documentation on this error, please visit: https://www.selenium.dev/documentation/webdriver/troubleshooting/errors#no-such-element-exception&#10;Build info: version: &apos;4.22.0&apos;, revision: &apos;c5f3146703*&apos;&#10;System info: os.name: &apos;Windows 10&apos;, os.arch: &apos;amd64&apos;, os.version: &apos;10.0&apos;, java.version: &apos;15.0.2&apos;&#10;Driver info: org.openqa.selenium.firefox.FirefoxDriver&#10;Command: [217a7b38-d555-48b5-a4e0-76905db72f06, findElement {value=//button[@id=&apos;MSMENUI3&apos;], using=xpath}]&#10;Capabilities {acceptInsecureCerts: true, browserName: firefox, browserVersion: 128.0, moz:accessibilityChecks: false, moz:buildID: 20240628091536, moz:debuggerAddress: 127.0.0.1:31356, moz:geckodriverVersion: 0.34.0, moz:headless: false, moz:platformVersion: 10.0, moz:processID: 62788, moz:profile: C:\Users\KAJALS~1\AppData\L..., moz:shutdownTimeout: 60000, moz:webdriverClick: true, moz:windowless: false, pageLoadStrategy: normal, platformName: windows, proxy: Proxy(), se:cdp: ws://127.0.0.1:31356/devtoo..., se:cdpVersion: 85.0, setWindowRect: true, strictFileInteractability: false, timeouts: {implicit: 0, pageLoad: 300000, script: 30000}, unhandledPromptBehavior: dismiss and notify, userAgent: Mozilla/5.0 (Windows NT 10....}&#10;Session ID: 217a7b38-d555-48b5-a4e0-76905db72f06"/>
    <system-out><![CDATA[ Test case started: verifyHeaderOfMemberLookupScreen
]]></system-out>
  </testcase>
  <testcase name="burgerIconMemberLookupNavigation" classname="zapcg.Capillary.LocationPageTestCases.Location_ExistingUser_TestCases" time="0.167">
    <system-out><![CDATA[The name of the testcase failed is : verifySuccessMessageForRedeemPoint
Test execution completed on ChromeDriver with device: Tablet Portrait
 Test case started: burgerIconMemberLookupNavigation
Successfully navigated to the member lookup screen
Navigation from Hamburger icon on Location screen working fine for 'Member Lookup Screen'
]]></system-out>
  </testcase>
  <testcase name="burgerIconMemberLookupNavigation" classname="zapcg.Capillary.LocationPageTestCases.Location_ExistingUser_TestCases" time="0.245">
    <system-out><![CDATA[The name of the testcase failed is : verifySuccessMessageForRedeemPoint
Test execution completed on ChromeDriver with device: Tablet Landscape
 Test case started: burgerIconMemberLookupNavigation
Successfully navigated to the member lookup screen
Navigation from Hamburger icon on Location screen working fine for 'Member Lookup Screen'
]]></system-out>
  </testcase>
  <testcase name="burgerIconMemberLookupNavigation" classname="zapcg.Capillary.LocationPageTestCases.Location_ExistingUser_TestCases" time="0.149">
    <system-out><![CDATA[The name of the testcase failed is : verifySuccessMessageForRedeemPoint
Test execution completed on ChromeDriver with device: iPhone 11 Pro Portrait
 Test case started: burgerIconMemberLookupNavigation
Successfully navigated to the member lookup screen
Navigation from Hamburger icon on Location screen working fine for 'Member Lookup Screen'
]]></system-out>
  </testcase>
  <testcase name="burgerIconMemberLookupNavigation" classname="zapcg.Capillary.LocationPageTestCases.Location_ExistingUser_TestCases" time="0">
    <skipped message="no such element: Unable to locate element: {&quot;method&quot;:&quot;xpath&quot;,&quot;selector&quot;:&quot;//button[@id=&apos;MSMENUI3&apos;]&quot;}&#10;  (Session info: chrome=126.0.6478.57)&#10;For documentation on this error, please visit: https://www.selenium.dev/documentation/webdriver/troubleshooting/errors#no-such-element-exception&#10;Build info: version: &apos;4.22.0&apos;, revision: &apos;c5f3146703*&apos;&#10;System info: os.name: &apos;Windows 10&apos;, os.arch: &apos;amd64&apos;, os.version: &apos;10.0&apos;, java.version: &apos;15.0.2&apos;&#10;Driver info: org.openqa.selenium.chrome.ChromeDriver&#10;Command: [607795d46b2c3aaee0003743a8084fc8, findElement {value=//button[@id=&apos;MSMENUI3&apos;], using=xpath}]&#10;Capabilities {acceptInsecureCerts: false, browserName: chrome, browserVersion: 126.0.6478.57, chrome: {chromedriverVersion: 126.0.6478.126 (d36ace6122e..., userDataDir: C:\Users\KAJALS~1\AppData\L...}, fedcm:accounts: true, goog:chromeOptions: {debuggerAddress: localhost:64511}, networkConnectionEnabled: false, pageLoadStrategy: normal, platformName: windows, proxy: Proxy(), se:cdp: ws://localhost:64511/devtoo..., se:cdpVersion: 126.0.6478.57, setWindowRect: true, strictFileInteractability: false, timeouts: {implicit: 0, pageLoad: 300000, script: 30000}, unhandledPromptBehavior: dismiss and notify, webauthn:extension:credBlob: true, webauthn:extension:largeBlob: true, webauthn:extension:minPinLength: true, webauthn:extension:prf: true, webauthn:virtualAuthenticators: true}&#10;Session ID: 607795d46b2c3aaee0003743a8084fc8"/>
    <system-out><![CDATA[ Test case started: burgerIconMemberLookupNavigation
]]></system-out>
  </testcase>
  <testcase name="burgerIconMemberLookupNavigation" classname="zapcg.Capillary.LocationPageTestCases.Location_ExistingUser_TestCases" time="0">
    <skipped message="no such element: Unable to locate element: {&quot;method&quot;:&quot;xpath&quot;,&quot;selector&quot;:&quot;//button[@id=&apos;MSMENUI3&apos;]&quot;}&#10;  (Session info: chrome=126.0.6478.57)&#10;For documentation on this error, please visit: https://www.selenium.dev/documentation/webdriver/troubleshooting/errors#no-such-element-exception&#10;Build info: version: &apos;4.22.0&apos;, revision: &apos;c5f3146703*&apos;&#10;System info: os.name: &apos;Windows 10&apos;, os.arch: &apos;amd64&apos;, os.version: &apos;10.0&apos;, java.version: &apos;15.0.2&apos;&#10;Driver info: org.openqa.selenium.chrome.ChromeDriver&#10;Command: [0314097ef25d954bb2cfd3e19f922b0e, findElement {value=//button[@id=&apos;MSMENUI3&apos;], using=xpath}]&#10;Capabilities {acceptInsecureCerts: false, browserName: chrome, browserVersion: 126.0.6478.57, chrome: {chromedriverVersion: 126.0.6478.126 (d36ace6122e..., userDataDir: C:\Users\KAJALS~1\AppData\L...}, fedcm:accounts: true, goog:chromeOptions: {debuggerAddress: localhost:65480}, networkConnectionEnabled: false, pageLoadStrategy: normal, platformName: windows, proxy: Proxy(), se:cdp: ws://localhost:65480/devtoo..., se:cdpVersion: 126.0.6478.57, setWindowRect: true, strictFileInteractability: false, timeouts: {implicit: 0, pageLoad: 300000, script: 30000}, unhandledPromptBehavior: dismiss and notify, webauthn:extension:credBlob: true, webauthn:extension:largeBlob: true, webauthn:extension:minPinLength: true, webauthn:extension:prf: true, webauthn:virtualAuthenticators: true}&#10;Session ID: 0314097ef25d954bb2cfd3e19f922b0e"/>
    <system-out><![CDATA[ Test case started: burgerIconMemberLookupNavigation
]]></system-out>
  </testcase>
  <testcase name="burgerIconMemberLookupNavigation" classname="zapcg.Capillary.LocationPageTestCases.Location_ExistingUser_TestCases" time="0.197">
    <system-out><![CDATA[The name of the testcase failed is : verifySuccessMessageForRedeemPoint
Test execution completed on ChromeDriver with device: Galaxy S20 Landscape
 Test case started: burgerIconMemberLookupNavigation
Successfully navigated to the member lookup screen
Navigation from Hamburger icon on Location screen working fine for 'Member Lookup Screen'
]]></system-out>
  </testcase>
  <testcase name="burgerIconMemberLookupNavigation" classname="zapcg.Capillary.LocationPageTestCases.Location_ExistingUser_TestCases" time="0.493">
    <system-out><![CDATA[The name of the testcase failed is : verifySuccessMessageForRedeemPoint
Test execution completed on FirefoxDriver with device: Tablet Portrait
 Test case started: burgerIconMemberLookupNavigation
Successfully navigated to the member lookup screen
Navigation from Hamburger icon on Location screen working fine for 'Member Lookup Screen'
]]></system-out>
  </testcase>
  <testcase name="burgerIconMemberLookupNavigation" classname="zapcg.Capillary.LocationPageTestCases.Location_ExistingUser_TestCases" time="0">
    <skipped message="Unable to locate element: //button[@id=&apos;MSMENUI3&apos;]&#10;For documentation on this error, please visit: https://www.selenium.dev/documentation/webdriver/troubleshooting/errors#no-such-element-exception&#10;Build info: version: &apos;4.22.0&apos;, revision: &apos;c5f3146703*&apos;&#10;System info: os.name: &apos;Windows 10&apos;, os.arch: &apos;amd64&apos;, os.version: &apos;10.0&apos;, java.version: &apos;15.0.2&apos;&#10;Driver info: org.openqa.selenium.firefox.FirefoxDriver&#10;Command: [3cdaba1b-184b-4e40-9f56-0f6504a99ed1, findElement {value=//button[@id=&apos;MSMENUI3&apos;], using=xpath}]&#10;Capabilities {acceptInsecureCerts: true, browserName: firefox, browserVersion: 128.0, moz:accessibilityChecks: false, moz:buildID: 20240628091536, moz:debuggerAddress: 127.0.0.1:22063, moz:geckodriverVersion: 0.34.0, moz:headless: false, moz:platformVersion: 10.0, moz:processID: 8820, moz:profile: C:\Users\KAJALS~1\AppData\L..., moz:shutdownTimeout: 60000, moz:webdriverClick: true, moz:windowless: false, pageLoadStrategy: normal, platformName: windows, proxy: Proxy(), se:cdp: ws://127.0.0.1:22063/devtoo..., se:cdpVersion: 85.0, setWindowRect: true, strictFileInteractability: false, timeouts: {implicit: 0, pageLoad: 300000, script: 30000}, unhandledPromptBehavior: dismiss and notify, userAgent: Mozilla/5.0 (Windows NT 10....}&#10;Session ID: 3cdaba1b-184b-4e40-9f56-0f6504a99ed1"/>
    <system-out><![CDATA[ Test case started: burgerIconMemberLookupNavigation
]]></system-out>
  </testcase>
  <testcase name="burgerIconMemberLookupNavigation" classname="zapcg.Capillary.LocationPageTestCases.Location_ExistingUser_TestCases" time="0">
    <skipped message="Unable to locate element: //button[@id=&apos;MSMENUI3&apos;]&#10;For documentation on this error, please visit: https://www.selenium.dev/documentation/webdriver/troubleshooting/errors#no-such-element-exception&#10;Build info: version: &apos;4.22.0&apos;, revision: &apos;c5f3146703*&apos;&#10;System info: os.name: &apos;Windows 10&apos;, os.arch: &apos;amd64&apos;, os.version: &apos;10.0&apos;, java.version: &apos;15.0.2&apos;&#10;Driver info: org.openqa.selenium.firefox.FirefoxDriver&#10;Command: [861a7a1c-55dd-43ea-a3df-4a808f741465, findElement {value=//button[@id=&apos;MSMENUI3&apos;], using=xpath}]&#10;Capabilities {acceptInsecureCerts: true, browserName: firefox, browserVersion: 128.0, moz:accessibilityChecks: false, moz:buildID: 20240628091536, moz:debuggerAddress: 127.0.0.1:26421, moz:geckodriverVersion: 0.34.0, moz:headless: false, moz:platformVersion: 10.0, moz:processID: 57604, moz:profile: C:\Users\KAJALS~1\AppData\L..., moz:shutdownTimeout: 60000, moz:webdriverClick: true, moz:windowless: false, pageLoadStrategy: normal, platformName: windows, proxy: Proxy(), se:cdp: ws://127.0.0.1:26421/devtoo..., se:cdpVersion: 85.0, setWindowRect: true, strictFileInteractability: false, timeouts: {implicit: 0, pageLoad: 300000, script: 30000}, unhandledPromptBehavior: dismiss and notify, userAgent: Mozilla/5.0 (Windows NT 10....}&#10;Session ID: 861a7a1c-55dd-43ea-a3df-4a808f741465"/>
    <system-out><![CDATA[ Test case started: burgerIconMemberLookupNavigation
]]></system-out>
  </testcase>
  <testcase name="burgerIconMemberLookupNavigation" classname="zapcg.Capillary.LocationPageTestCases.Location_ExistingUser_TestCases" time="0">
    <skipped message="Unable to locate element: //button[@id=&apos;MSMENUI3&apos;]&#10;For documentation on this error, please visit: https://www.selenium.dev/documentation/webdriver/troubleshooting/errors#no-such-element-exception&#10;Build info: version: &apos;4.22.0&apos;, revision: &apos;c5f3146703*&apos;&#10;System info: os.name: &apos;Windows 10&apos;, os.arch: &apos;amd64&apos;, os.version: &apos;10.0&apos;, java.version: &apos;15.0.2&apos;&#10;Driver info: org.openqa.selenium.firefox.FirefoxDriver&#10;Command: [64083c07-0b17-4920-be92-e72d2b56c7e5, findElement {value=//button[@id=&apos;MSMENUI3&apos;], using=xpath}]&#10;Capabilities {acceptInsecureCerts: true, browserName: firefox, browserVersion: 128.0, moz:accessibilityChecks: false, moz:buildID: 20240628091536, moz:debuggerAddress: 127.0.0.1:11794, moz:geckodriverVersion: 0.34.0, moz:headless: false, moz:platformVersion: 10.0, moz:processID: 50028, moz:profile: C:\Users\KAJALS~1\AppData\L..., moz:shutdownTimeout: 60000, moz:webdriverClick: true, moz:windowless: false, pageLoadStrategy: normal, platformName: windows, proxy: Proxy(), se:cdp: ws://127.0.0.1:11794/devtoo..., se:cdpVersion: 85.0, setWindowRect: true, strictFileInteractability: false, timeouts: {implicit: 0, pageLoad: 300000, script: 30000}, unhandledPromptBehavior: dismiss and notify, userAgent: Mozilla/5.0 (Windows NT 10....}&#10;Session ID: 64083c07-0b17-4920-be92-e72d2b56c7e5"/>
    <system-out><![CDATA[ Test case started: burgerIconMemberLookupNavigation
]]></system-out>
  </testcase>
  <testcase name="burgerIconMemberLookupNavigation" classname="zapcg.Capillary.LocationPageTestCases.Location_ExistingUser_TestCases" time="0">
    <skipped message="TypeError: can&apos;t access property &quot;getActor&quot;, browsingContext.currentWindowGlobal is null&#10;Build info: version: &apos;4.22.0&apos;, revision: &apos;c5f3146703*&apos;&#10;System info: os.name: &apos;Windows 10&apos;, os.arch: &apos;amd64&apos;, os.version: &apos;10.0&apos;, java.version: &apos;15.0.2&apos;&#10;Driver info: org.openqa.selenium.firefox.FirefoxDriver&#10;Command: [9a6a6583-681e-4853-93ab-b79102802bcc, findElement {value=//button[@id=&apos;MSMENUI3&apos;], using=xpath}]&#10;Capabilities {acceptInsecureCerts: true, browserName: firefox, browserVersion: 128.0, moz:accessibilityChecks: false, moz:buildID: 20240628091536, moz:debuggerAddress: 127.0.0.1:11867, moz:geckodriverVersion: 0.34.0, moz:headless: false, moz:platformVersion: 10.0, moz:processID: 65420, moz:profile: C:\Users\KAJALS~1\AppData\L..., moz:shutdownTimeout: 60000, moz:webdriverClick: true, moz:windowless: false, pageLoadStrategy: normal, platformName: windows, proxy: Proxy(), se:cdp: ws://127.0.0.1:11867/devtoo..., se:cdpVersion: 85.0, setWindowRect: true, strictFileInteractability: false, timeouts: {implicit: 0, pageLoad: 300000, script: 30000}, unhandledPromptBehavior: dismiss and notify, userAgent: Mozilla/5.0 (Windows NT 10....}&#10;Session ID: 9a6a6583-681e-4853-93ab-b79102802bcc"/>
    <system-out><![CDATA[ Test case started: burgerIconMemberLookupNavigation
]]></system-out>
  </testcase>
  <testcase name="burgerIconMemberLookupNavigation" classname="zapcg.Capillary.LocationPageTestCases.Location_ExistingUser_TestCases" time="0">
    <skipped message="Unable to locate element: //button[@id=&apos;MSMENUI3&apos;]&#10;For documentation on this error, please visit: https://www.selenium.dev/documentation/webdriver/troubleshooting/errors#no-such-element-exception&#10;Build info: version: &apos;4.22.0&apos;, revision: &apos;c5f3146703*&apos;&#10;System info: os.name: &apos;Windows 10&apos;, os.arch: &apos;amd64&apos;, os.version: &apos;10.0&apos;, java.version: &apos;15.0.2&apos;&#10;Driver info: org.openqa.selenium.firefox.FirefoxDriver&#10;Command: [217a7b38-d555-48b5-a4e0-76905db72f06, findElement {value=//button[@id=&apos;MSMENUI3&apos;], using=xpath}]&#10;Capabilities {acceptInsecureCerts: true, browserName: firefox, browserVersion: 128.0, moz:accessibilityChecks: false, moz:buildID: 20240628091536, moz:debuggerAddress: 127.0.0.1:31356, moz:geckodriverVersion: 0.34.0, moz:headless: false, moz:platformVersion: 10.0, moz:processID: 62788, moz:profile: C:\Users\KAJALS~1\AppData\L..., moz:shutdownTimeout: 60000, moz:webdriverClick: true, moz:windowless: false, pageLoadStrategy: normal, platformName: windows, proxy: Proxy(), se:cdp: ws://127.0.0.1:31356/devtoo..., se:cdpVersion: 85.0, setWindowRect: true, strictFileInteractability: false, timeouts: {implicit: 0, pageLoad: 300000, script: 30000}, unhandledPromptBehavior: dismiss and notify, userAgent: Mozilla/5.0 (Windows NT 10....}&#10;Session ID: 217a7b38-d555-48b5-a4e0-76905db72f06"/>
    <system-out><![CDATA[ Test case started: burgerIconMemberLookupNavigation
]]></system-out>
  </testcase>
  <testcase name="burgerIconMemberLocationNavigation" classname="zapcg.Capillary.LocationPageTestCases.Location_ExistingUser_TestCases" time="0.202">
    <system-out><![CDATA[The name of the testcase passed is : verifyTaxAssumedAmount
Test execution completed on ChromeDriver with device: Tablet Portrait
 Test case started: burgerIconMemberLocationNavigation
Successfully navigated to the Location screen
Navigation from Hamburger icon on Location screen working fine for 'Location option'
]]></system-out>
  </testcase>
  <testcase name="burgerIconMemberLocationNavigation" classname="zapcg.Capillary.LocationPageTestCases.Location_ExistingUser_TestCases" time="0.217">
    <system-out><![CDATA[The name of the testcase passed is : verifyTaxAssumedAmount
Test execution completed on ChromeDriver with device: Tablet Landscape
 Test case started: burgerIconMemberLocationNavigation
Successfully navigated to the Location screen
Navigation from Hamburger icon on Location screen working fine for 'Location option'
]]></system-out>
  </testcase>
  <testcase name="burgerIconMemberLocationNavigation" classname="zapcg.Capillary.LocationPageTestCases.Location_ExistingUser_TestCases" time="0.232">
    <system-out><![CDATA[The name of the testcase passed is : verifyTaxAssumedAmount
Test execution completed on ChromeDriver with device: iPhone 11 Pro Portrait
 Test case started: burgerIconMemberLocationNavigation
Successfully navigated to the Location screen
Navigation from Hamburger icon on Location screen working fine for 'Location option'
]]></system-out>
  </testcase>
  <testcase name="burgerIconMemberLocationNavigation" classname="zapcg.Capillary.LocationPageTestCases.Location_ExistingUser_TestCases" time="0">
    <skipped message="no such element: Unable to locate element: {&quot;method&quot;:&quot;xpath&quot;,&quot;selector&quot;:&quot;//button[@id=&apos;MSMENUI3&apos;]&quot;}&#10;  (Session info: chrome=126.0.6478.57)&#10;For documentation on this error, please visit: https://www.selenium.dev/documentation/webdriver/troubleshooting/errors#no-such-element-exception&#10;Build info: version: &apos;4.22.0&apos;, revision: &apos;c5f3146703*&apos;&#10;System info: os.name: &apos;Windows 10&apos;, os.arch: &apos;amd64&apos;, os.version: &apos;10.0&apos;, java.version: &apos;15.0.2&apos;&#10;Driver info: org.openqa.selenium.chrome.ChromeDriver&#10;Command: [607795d46b2c3aaee0003743a8084fc8, findElement {value=//button[@id=&apos;MSMENUI3&apos;], using=xpath}]&#10;Capabilities {acceptInsecureCerts: false, browserName: chrome, browserVersion: 126.0.6478.57, chrome: {chromedriverVersion: 126.0.6478.126 (d36ace6122e..., userDataDir: C:\Users\KAJALS~1\AppData\L...}, fedcm:accounts: true, goog:chromeOptions: {debuggerAddress: localhost:64511}, networkConnectionEnabled: false, pageLoadStrategy: normal, platformName: windows, proxy: Proxy(), se:cdp: ws://localhost:64511/devtoo..., se:cdpVersion: 126.0.6478.57, setWindowRect: true, strictFileInteractability: false, timeouts: {implicit: 0, pageLoad: 300000, script: 30000}, unhandledPromptBehavior: dismiss and notify, webauthn:extension:credBlob: true, webauthn:extension:largeBlob: true, webauthn:extension:minPinLength: true, webauthn:extension:prf: true, webauthn:virtualAuthenticators: true}&#10;Session ID: 607795d46b2c3aaee0003743a8084fc8"/>
    <system-out><![CDATA[ Test case started: burgerIconMemberLocationNavigation
]]></system-out>
  </testcase>
  <testcase name="burgerIconMemberLocationNavigation" classname="zapcg.Capillary.LocationPageTestCases.Location_ExistingUser_TestCases" time="0">
    <skipped message="no such element: Unable to locate element: {&quot;method&quot;:&quot;xpath&quot;,&quot;selector&quot;:&quot;//button[@id=&apos;MSMENUI3&apos;]&quot;}&#10;  (Session info: chrome=126.0.6478.57)&#10;For documentation on this error, please visit: https://www.selenium.dev/documentation/webdriver/troubleshooting/errors#no-such-element-exception&#10;Build info: version: &apos;4.22.0&apos;, revision: &apos;c5f3146703*&apos;&#10;System info: os.name: &apos;Windows 10&apos;, os.arch: &apos;amd64&apos;, os.version: &apos;10.0&apos;, java.version: &apos;15.0.2&apos;&#10;Driver info: org.openqa.selenium.chrome.ChromeDriver&#10;Command: [0314097ef25d954bb2cfd3e19f922b0e, findElement {value=//button[@id=&apos;MSMENUI3&apos;], using=xpath}]&#10;Capabilities {acceptInsecureCerts: false, browserName: chrome, browserVersion: 126.0.6478.57, chrome: {chromedriverVersion: 126.0.6478.126 (d36ace6122e..., userDataDir: C:\Users\KAJALS~1\AppData\L...}, fedcm:accounts: true, goog:chromeOptions: {debuggerAddress: localhost:65480}, networkConnectionEnabled: false, pageLoadStrategy: normal, platformName: windows, proxy: Proxy(), se:cdp: ws://localhost:65480/devtoo..., se:cdpVersion: 126.0.6478.57, setWindowRect: true, strictFileInteractability: false, timeouts: {implicit: 0, pageLoad: 300000, script: 30000}, unhandledPromptBehavior: dismiss and notify, webauthn:extension:credBlob: true, webauthn:extension:largeBlob: true, webauthn:extension:minPinLength: true, webauthn:extension:prf: true, webauthn:virtualAuthenticators: true}&#10;Session ID: 0314097ef25d954bb2cfd3e19f922b0e"/>
    <system-out><![CDATA[ Test case started: burgerIconMemberLocationNavigation
]]></system-out>
  </testcase>
  <testcase name="burgerIconMemberLocationNavigation" classname="zapcg.Capillary.LocationPageTestCases.Location_ExistingUser_TestCases" time="0.226">
    <system-out><![CDATA[The name of the testcase passed is : verifyTaxAssumedAmount
Test execution completed on ChromeDriver with device: Galaxy S20 Landscape
 Test case started: burgerIconMemberLocationNavigation
Successfully navigated to the Location screen
Navigation from Hamburger icon on Location screen working fine for 'Location option'
]]></system-out>
  </testcase>
  <testcase name="burgerIconMemberLocationNavigation" classname="zapcg.Capillary.LocationPageTestCases.Location_ExistingUser_TestCases" time="0.478">
    <system-out><![CDATA[The name of the testcase passed is : verifyTaxAssumedAmount
Test execution completed on FirefoxDriver with device: Tablet Portrait
 Test case started: burgerIconMemberLocationNavigation
Successfully navigated to the Location screen
Navigation from Hamburger icon on Location screen working fine for 'Location option'
]]></system-out>
  </testcase>
  <testcase name="burgerIconMemberLocationNavigation" classname="zapcg.Capillary.LocationPageTestCases.Location_ExistingUser_TestCases" time="0">
    <skipped message="Unable to locate element: //button[@id=&apos;MSMENUI3&apos;]&#10;For documentation on this error, please visit: https://www.selenium.dev/documentation/webdriver/troubleshooting/errors#no-such-element-exception&#10;Build info: version: &apos;4.22.0&apos;, revision: &apos;c5f3146703*&apos;&#10;System info: os.name: &apos;Windows 10&apos;, os.arch: &apos;amd64&apos;, os.version: &apos;10.0&apos;, java.version: &apos;15.0.2&apos;&#10;Driver info: org.openqa.selenium.firefox.FirefoxDriver&#10;Command: [3cdaba1b-184b-4e40-9f56-0f6504a99ed1, findElement {value=//button[@id=&apos;MSMENUI3&apos;], using=xpath}]&#10;Capabilities {acceptInsecureCerts: true, browserName: firefox, browserVersion: 128.0, moz:accessibilityChecks: false, moz:buildID: 20240628091536, moz:debuggerAddress: 127.0.0.1:22063, moz:geckodriverVersion: 0.34.0, moz:headless: false, moz:platformVersion: 10.0, moz:processID: 8820, moz:profile: C:\Users\KAJALS~1\AppData\L..., moz:shutdownTimeout: 60000, moz:webdriverClick: true, moz:windowless: false, pageLoadStrategy: normal, platformName: windows, proxy: Proxy(), se:cdp: ws://127.0.0.1:22063/devtoo..., se:cdpVersion: 85.0, setWindowRect: true, strictFileInteractability: false, timeouts: {implicit: 0, pageLoad: 300000, script: 30000}, unhandledPromptBehavior: dismiss and notify, userAgent: Mozilla/5.0 (Windows NT 10....}&#10;Session ID: 3cdaba1b-184b-4e40-9f56-0f6504a99ed1"/>
    <system-out><![CDATA[ Test case started: burgerIconMemberLocationNavigation
]]></system-out>
  </testcase>
  <testcase name="burgerIconMemberLocationNavigation" classname="zapcg.Capillary.LocationPageTestCases.Location_ExistingUser_TestCases" time="0">
    <skipped message="Unable to locate element: //button[@id=&apos;MSMENUI3&apos;]&#10;For documentation on this error, please visit: https://www.selenium.dev/documentation/webdriver/troubleshooting/errors#no-such-element-exception&#10;Build info: version: &apos;4.22.0&apos;, revision: &apos;c5f3146703*&apos;&#10;System info: os.name: &apos;Windows 10&apos;, os.arch: &apos;amd64&apos;, os.version: &apos;10.0&apos;, java.version: &apos;15.0.2&apos;&#10;Driver info: org.openqa.selenium.firefox.FirefoxDriver&#10;Command: [861a7a1c-55dd-43ea-a3df-4a808f741465, findElement {value=//button[@id=&apos;MSMENUI3&apos;], using=xpath}]&#10;Capabilities {acceptInsecureCerts: true, browserName: firefox, browserVersion: 128.0, moz:accessibilityChecks: false, moz:buildID: 20240628091536, moz:debuggerAddress: 127.0.0.1:26421, moz:geckodriverVersion: 0.34.0, moz:headless: false, moz:platformVersion: 10.0, moz:processID: 57604, moz:profile: C:\Users\KAJALS~1\AppData\L..., moz:shutdownTimeout: 60000, moz:webdriverClick: true, moz:windowless: false, pageLoadStrategy: normal, platformName: windows, proxy: Proxy(), se:cdp: ws://127.0.0.1:26421/devtoo..., se:cdpVersion: 85.0, setWindowRect: true, strictFileInteractability: false, timeouts: {implicit: 0, pageLoad: 300000, script: 30000}, unhandledPromptBehavior: dismiss and notify, userAgent: Mozilla/5.0 (Windows NT 10....}&#10;Session ID: 861a7a1c-55dd-43ea-a3df-4a808f741465"/>
    <system-out><![CDATA[ Test case started: burgerIconMemberLocationNavigation
]]></system-out>
  </testcase>
  <testcase name="burgerIconMemberLocationNavigation" classname="zapcg.Capillary.LocationPageTestCases.Location_ExistingUser_TestCases" time="0">
    <skipped message="Unable to locate element: //button[@id=&apos;MSMENUI3&apos;]&#10;For documentation on this error, please visit: https://www.selenium.dev/documentation/webdriver/troubleshooting/errors#no-such-element-exception&#10;Build info: version: &apos;4.22.0&apos;, revision: &apos;c5f3146703*&apos;&#10;System info: os.name: &apos;Windows 10&apos;, os.arch: &apos;amd64&apos;, os.version: &apos;10.0&apos;, java.version: &apos;15.0.2&apos;&#10;Driver info: org.openqa.selenium.firefox.FirefoxDriver&#10;Command: [64083c07-0b17-4920-be92-e72d2b56c7e5, findElement {value=//button[@id=&apos;MSMENUI3&apos;], using=xpath}]&#10;Capabilities {acceptInsecureCerts: true, browserName: firefox, browserVersion: 128.0, moz:accessibilityChecks: false, moz:buildID: 20240628091536, moz:debuggerAddress: 127.0.0.1:11794, moz:geckodriverVersion: 0.34.0, moz:headless: false, moz:platformVersion: 10.0, moz:processID: 50028, moz:profile: C:\Users\KAJALS~1\AppData\L..., moz:shutdownTimeout: 60000, moz:webdriverClick: true, moz:windowless: false, pageLoadStrategy: normal, platformName: windows, proxy: Proxy(), se:cdp: ws://127.0.0.1:11794/devtoo..., se:cdpVersion: 85.0, setWindowRect: true, strictFileInteractability: false, timeouts: {implicit: 0, pageLoad: 300000, script: 30000}, unhandledPromptBehavior: dismiss and notify, userAgent: Mozilla/5.0 (Windows NT 10....}&#10;Session ID: 64083c07-0b17-4920-be92-e72d2b56c7e5"/>
    <system-out><![CDATA[ Test case started: burgerIconMemberLocationNavigation
]]></system-out>
  </testcase>
  <testcase name="burgerIconMemberLocationNavigation" classname="zapcg.Capillary.LocationPageTestCases.Location_ExistingUser_TestCases" time="0">
    <skipped message="TypeError: can&apos;t access property &quot;getActor&quot;, browsingContext.currentWindowGlobal is null&#10;Build info: version: &apos;4.22.0&apos;, revision: &apos;c5f3146703*&apos;&#10;System info: os.name: &apos;Windows 10&apos;, os.arch: &apos;amd64&apos;, os.version: &apos;10.0&apos;, java.version: &apos;15.0.2&apos;&#10;Driver info: org.openqa.selenium.firefox.FirefoxDriver&#10;Command: [9a6a6583-681e-4853-93ab-b79102802bcc, findElement {value=//button[@id=&apos;MSMENUI3&apos;], using=xpath}]&#10;Capabilities {acceptInsecureCerts: true, browserName: firefox, browserVersion: 128.0, moz:accessibilityChecks: false, moz:buildID: 20240628091536, moz:debuggerAddress: 127.0.0.1:11867, moz:geckodriverVersion: 0.34.0, moz:headless: false, moz:platformVersion: 10.0, moz:processID: 65420, moz:profile: C:\Users\KAJALS~1\AppData\L..., moz:shutdownTimeout: 60000, moz:webdriverClick: true, moz:windowless: false, pageLoadStrategy: normal, platformName: windows, proxy: Proxy(), se:cdp: ws://127.0.0.1:11867/devtoo..., se:cdpVersion: 85.0, setWindowRect: true, strictFileInteractability: false, timeouts: {implicit: 0, pageLoad: 300000, script: 30000}, unhandledPromptBehavior: dismiss and notify, userAgent: Mozilla/5.0 (Windows NT 10....}&#10;Session ID: 9a6a6583-681e-4853-93ab-b79102802bcc"/>
    <system-out><![CDATA[ Test case started: burgerIconMemberLocationNavigation
]]></system-out>
  </testcase>
  <testcase name="burgerIconMemberLocationNavigation" classname="zapcg.Capillary.LocationPageTestCases.Location_ExistingUser_TestCases" time="0">
    <skipped message="Unable to locate element: //button[@id=&apos;MSMENUI3&apos;]&#10;For documentation on this error, please visit: https://www.selenium.dev/documentation/webdriver/troubleshooting/errors#no-such-element-exception&#10;Build info: version: &apos;4.22.0&apos;, revision: &apos;c5f3146703*&apos;&#10;System info: os.name: &apos;Windows 10&apos;, os.arch: &apos;amd64&apos;, os.version: &apos;10.0&apos;, java.version: &apos;15.0.2&apos;&#10;Driver info: org.openqa.selenium.firefox.FirefoxDriver&#10;Command: [217a7b38-d555-48b5-a4e0-76905db72f06, findElement {value=//button[@id=&apos;MSMENUI3&apos;], using=xpath}]&#10;Capabilities {acceptInsecureCerts: true, browserName: firefox, browserVersion: 128.0, moz:accessibilityChecks: false, moz:buildID: 20240628091536, moz:debuggerAddress: 127.0.0.1:31356, moz:geckodriverVersion: 0.34.0, moz:headless: false, moz:platformVersion: 10.0, moz:processID: 62788, moz:profile: C:\Users\KAJALS~1\AppData\L..., moz:shutdownTimeout: 60000, moz:webdriverClick: true, moz:windowless: false, pageLoadStrategy: normal, platformName: windows, proxy: Proxy(), se:cdp: ws://127.0.0.1:31356/devtoo..., se:cdpVersion: 85.0, setWindowRect: true, strictFileInteractability: false, timeouts: {implicit: 0, pageLoad: 300000, script: 30000}, unhandledPromptBehavior: dismiss and notify, userAgent: Mozilla/5.0 (Windows NT 10....}&#10;Session ID: 217a7b38-d555-48b5-a4e0-76905db72f06"/>
    <system-out><![CDATA[ Test case started: burgerIconMemberLocationNavigation
]]></system-out>
  </testcase>
  <testcase name="burgerIconLogout" classname="zapcg.Capillary.LocationPageTestCases.Location_ExistingUser_TestCases" time="0.248">
    <system-out><![CDATA[The name of the testcase passed is : burgerIconMemberLocationNavigation
Test execution completed on ChromeDriver with device: Tablet Portrait
 Test case started: burgerIconLogout
Successfully navigated to the Login screen
Logout option under Hamburger icon on Location screen working fine
]]></system-out>
  </testcase>
  <testcase name="burgerIconLogout" classname="zapcg.Capillary.LocationPageTestCases.Location_ExistingUser_TestCases" time="0.246">
    <system-out><![CDATA[The name of the testcase passed is : burgerIconMemberLocationNavigation
Test execution completed on ChromeDriver with device: Tablet Landscape
 Test case started: burgerIconLogout
Successfully navigated to the Login screen
Logout option under Hamburger icon on Location screen working fine
]]></system-out>
  </testcase>
  <testcase name="burgerIconLogout" classname="zapcg.Capillary.LocationPageTestCases.Location_ExistingUser_TestCases" time="0.223">
    <system-out><![CDATA[The name of the testcase passed is : burgerIconMemberLocationNavigation
Test execution completed on ChromeDriver with device: iPhone 11 Pro Portrait
 Test case started: burgerIconLogout
Successfully navigated to the Login screen
Logout option under Hamburger icon on Location screen working fine
]]></system-out>
  </testcase>
  <testcase name="burgerIconLogout" classname="zapcg.Capillary.LocationPageTestCases.Location_ExistingUser_TestCases" time="0">
    <skipped message="no such element: Unable to locate element: {&quot;method&quot;:&quot;xpath&quot;,&quot;selector&quot;:&quot;//button[@id=&apos;MSMENUI3&apos;]&quot;}&#10;  (Session info: chrome=126.0.6478.57)&#10;For documentation on this error, please visit: https://www.selenium.dev/documentation/webdriver/troubleshooting/errors#no-such-element-exception&#10;Build info: version: &apos;4.22.0&apos;, revision: &apos;c5f3146703*&apos;&#10;System info: os.name: &apos;Windows 10&apos;, os.arch: &apos;amd64&apos;, os.version: &apos;10.0&apos;, java.version: &apos;15.0.2&apos;&#10;Driver info: org.openqa.selenium.chrome.ChromeDriver&#10;Command: [607795d46b2c3aaee0003743a8084fc8, findElement {value=//button[@id=&apos;MSMENUI3&apos;], using=xpath}]&#10;Capabilities {acceptInsecureCerts: false, browserName: chrome, browserVersion: 126.0.6478.57, chrome: {chromedriverVersion: 126.0.6478.126 (d36ace6122e..., userDataDir: C:\Users\KAJALS~1\AppData\L...}, fedcm:accounts: true, goog:chromeOptions: {debuggerAddress: localhost:64511}, networkConnectionEnabled: false, pageLoadStrategy: normal, platformName: windows, proxy: Proxy(), se:cdp: ws://localhost:64511/devtoo..., se:cdpVersion: 126.0.6478.57, setWindowRect: true, strictFileInteractability: false, timeouts: {implicit: 0, pageLoad: 300000, script: 30000}, unhandledPromptBehavior: dismiss and notify, webauthn:extension:credBlob: true, webauthn:extension:largeBlob: true, webauthn:extension:minPinLength: true, webauthn:extension:prf: true, webauthn:virtualAuthenticators: true}&#10;Session ID: 607795d46b2c3aaee0003743a8084fc8"/>
    <system-out><![CDATA[ Test case started: burgerIconLogout
]]></system-out>
  </testcase>
  <testcase name="burgerIconLogout" classname="zapcg.Capillary.LocationPageTestCases.Location_ExistingUser_TestCases" time="0">
    <skipped message="no such element: Unable to locate element: {&quot;method&quot;:&quot;xpath&quot;,&quot;selector&quot;:&quot;//button[@id=&apos;MSMENUI3&apos;]&quot;}&#10;  (Session info: chrome=126.0.6478.57)&#10;For documentation on this error, please visit: https://www.selenium.dev/documentation/webdriver/troubleshooting/errors#no-such-element-exception&#10;Build info: version: &apos;4.22.0&apos;, revision: &apos;c5f3146703*&apos;&#10;System info: os.name: &apos;Windows 10&apos;, os.arch: &apos;amd64&apos;, os.version: &apos;10.0&apos;, java.version: &apos;15.0.2&apos;&#10;Driver info: org.openqa.selenium.chrome.ChromeDriver&#10;Command: [0314097ef25d954bb2cfd3e19f922b0e, findElement {value=//button[@id=&apos;MSMENUI3&apos;], using=xpath}]&#10;Capabilities {acceptInsecureCerts: false, browserName: chrome, browserVersion: 126.0.6478.57, chrome: {chromedriverVersion: 126.0.6478.126 (d36ace6122e..., userDataDir: C:\Users\KAJALS~1\AppData\L...}, fedcm:accounts: true, goog:chromeOptions: {debuggerAddress: localhost:65480}, networkConnectionEnabled: false, pageLoadStrategy: normal, platformName: windows, proxy: Proxy(), se:cdp: ws://localhost:65480/devtoo..., se:cdpVersion: 126.0.6478.57, setWindowRect: true, strictFileInteractability: false, timeouts: {implicit: 0, pageLoad: 300000, script: 30000}, unhandledPromptBehavior: dismiss and notify, webauthn:extension:credBlob: true, webauthn:extension:largeBlob: true, webauthn:extension:minPinLength: true, webauthn:extension:prf: true, webauthn:virtualAuthenticators: true}&#10;Session ID: 0314097ef25d954bb2cfd3e19f922b0e"/>
    <system-out><![CDATA[ Test case started: burgerIconLogout
]]></system-out>
  </testcase>
  <testcase name="burgerIconLogout" classname="zapcg.Capillary.LocationPageTestCases.Location_ExistingUser_TestCases" time="0.248">
    <system-out><![CDATA[The name of the testcase passed is : burgerIconMemberLocationNavigation
Test execution completed on ChromeDriver with device: Galaxy S20 Landscape
 Test case started: burgerIconLogout
Successfully navigated to the Login screen
Logout option under Hamburger icon on Location screen working fine
]]></system-out>
  </testcase>
  <testcase name="burgerIconLogout" classname="zapcg.Capillary.LocationPageTestCases.Location_ExistingUser_TestCases" time="0.511">
    <system-out><![CDATA[The name of the testcase passed is : burgerIconMemberLocationNavigation
Test execution completed on FirefoxDriver with device: Tablet Portrait
 Test case started: burgerIconLogout
Successfully navigated to the Login screen
Logout option under Hamburger icon on Location screen working fine
]]></system-out>
  </testcase>
  <testcase name="burgerIconLogout" classname="zapcg.Capillary.LocationPageTestCases.Location_ExistingUser_TestCases" time="0">
    <skipped message="Unable to locate element: //button[@id=&apos;MSMENUI3&apos;]&#10;For documentation on this error, please visit: https://www.selenium.dev/documentation/webdriver/troubleshooting/errors#no-such-element-exception&#10;Build info: version: &apos;4.22.0&apos;, revision: &apos;c5f3146703*&apos;&#10;System info: os.name: &apos;Windows 10&apos;, os.arch: &apos;amd64&apos;, os.version: &apos;10.0&apos;, java.version: &apos;15.0.2&apos;&#10;Driver info: org.openqa.selenium.firefox.FirefoxDriver&#10;Command: [3cdaba1b-184b-4e40-9f56-0f6504a99ed1, findElement {value=//button[@id=&apos;MSMENUI3&apos;], using=xpath}]&#10;Capabilities {acceptInsecureCerts: true, browserName: firefox, browserVersion: 128.0, moz:accessibilityChecks: false, moz:buildID: 20240628091536, moz:debuggerAddress: 127.0.0.1:22063, moz:geckodriverVersion: 0.34.0, moz:headless: false, moz:platformVersion: 10.0, moz:processID: 8820, moz:profile: C:\Users\KAJALS~1\AppData\L..., moz:shutdownTimeout: 60000, moz:webdriverClick: true, moz:windowless: false, pageLoadStrategy: normal, platformName: windows, proxy: Proxy(), se:cdp: ws://127.0.0.1:22063/devtoo..., se:cdpVersion: 85.0, setWindowRect: true, strictFileInteractability: false, timeouts: {implicit: 0, pageLoad: 300000, script: 30000}, unhandledPromptBehavior: dismiss and notify, userAgent: Mozilla/5.0 (Windows NT 10....}&#10;Session ID: 3cdaba1b-184b-4e40-9f56-0f6504a99ed1"/>
    <system-out><![CDATA[ Test case started: burgerIconLogout
]]></system-out>
  </testcase>
  <testcase name="burgerIconLogout" classname="zapcg.Capillary.LocationPageTestCases.Location_ExistingUser_TestCases" time="0">
    <skipped message="Unable to locate element: //button[@id=&apos;MSMENUI3&apos;]&#10;For documentation on this error, please visit: https://www.selenium.dev/documentation/webdriver/troubleshooting/errors#no-such-element-exception&#10;Build info: version: &apos;4.22.0&apos;, revision: &apos;c5f3146703*&apos;&#10;System info: os.name: &apos;Windows 10&apos;, os.arch: &apos;amd64&apos;, os.version: &apos;10.0&apos;, java.version: &apos;15.0.2&apos;&#10;Driver info: org.openqa.selenium.firefox.FirefoxDriver&#10;Command: [861a7a1c-55dd-43ea-a3df-4a808f741465, findElement {value=//button[@id=&apos;MSMENUI3&apos;], using=xpath}]&#10;Capabilities {acceptInsecureCerts: true, browserName: firefox, browserVersion: 128.0, moz:accessibilityChecks: false, moz:buildID: 20240628091536, moz:debuggerAddress: 127.0.0.1:26421, moz:geckodriverVersion: 0.34.0, moz:headless: false, moz:platformVersion: 10.0, moz:processID: 57604, moz:profile: C:\Users\KAJALS~1\AppData\L..., moz:shutdownTimeout: 60000, moz:webdriverClick: true, moz:windowless: false, pageLoadStrategy: normal, platformName: windows, proxy: Proxy(), se:cdp: ws://127.0.0.1:26421/devtoo..., se:cdpVersion: 85.0, setWindowRect: true, strictFileInteractability: false, timeouts: {implicit: 0, pageLoad: 300000, script: 30000}, unhandledPromptBehavior: dismiss and notify, userAgent: Mozilla/5.0 (Windows NT 10....}&#10;Session ID: 861a7a1c-55dd-43ea-a3df-4a808f741465"/>
    <system-out><![CDATA[ Test case started: burgerIconLogout
]]></system-out>
  </testcase>
  <testcase name="burgerIconLogout" classname="zapcg.Capillary.LocationPageTestCases.Location_ExistingUser_TestCases" time="0">
    <skipped message="Unable to locate element: //button[@id=&apos;MSMENUI3&apos;]&#10;For documentation on this error, please visit: https://www.selenium.dev/documentation/webdriver/troubleshooting/errors#no-such-element-exception&#10;Build info: version: &apos;4.22.0&apos;, revision: &apos;c5f3146703*&apos;&#10;System info: os.name: &apos;Windows 10&apos;, os.arch: &apos;amd64&apos;, os.version: &apos;10.0&apos;, java.version: &apos;15.0.2&apos;&#10;Driver info: org.openqa.selenium.firefox.FirefoxDriver&#10;Command: [64083c07-0b17-4920-be92-e72d2b56c7e5, findElement {value=//button[@id=&apos;MSMENUI3&apos;], using=xpath}]&#10;Capabilities {acceptInsecureCerts: true, browserName: firefox, browserVersion: 128.0, moz:accessibilityChecks: false, moz:buildID: 20240628091536, moz:debuggerAddress: 127.0.0.1:11794, moz:geckodriverVersion: 0.34.0, moz:headless: false, moz:platformVersion: 10.0, moz:processID: 50028, moz:profile: C:\Users\KAJALS~1\AppData\L..., moz:shutdownTimeout: 60000, moz:webdriverClick: true, moz:windowless: false, pageLoadStrategy: normal, platformName: windows, proxy: Proxy(), se:cdp: ws://127.0.0.1:11794/devtoo..., se:cdpVersion: 85.0, setWindowRect: true, strictFileInteractability: false, timeouts: {implicit: 0, pageLoad: 300000, script: 30000}, unhandledPromptBehavior: dismiss and notify, userAgent: Mozilla/5.0 (Windows NT 10....}&#10;Session ID: 64083c07-0b17-4920-be92-e72d2b56c7e5"/>
    <system-out><![CDATA[ Test case started: burgerIconLogout
]]></system-out>
  </testcase>
  <testcase name="burgerIconLogout" classname="zapcg.Capillary.LocationPageTestCases.Location_ExistingUser_TestCases" time="0">
    <skipped message="TypeError: can&apos;t access property &quot;getActor&quot;, browsingContext.currentWindowGlobal is null&#10;Build info: version: &apos;4.22.0&apos;, revision: &apos;c5f3146703*&apos;&#10;System info: os.name: &apos;Windows 10&apos;, os.arch: &apos;amd64&apos;, os.version: &apos;10.0&apos;, java.version: &apos;15.0.2&apos;&#10;Driver info: org.openqa.selenium.firefox.FirefoxDriver&#10;Command: [9a6a6583-681e-4853-93ab-b79102802bcc, findElement {value=//button[@id=&apos;MSMENUI3&apos;], using=xpath}]&#10;Capabilities {acceptInsecureCerts: true, browserName: firefox, browserVersion: 128.0, moz:accessibilityChecks: false, moz:buildID: 20240628091536, moz:debuggerAddress: 127.0.0.1:11867, moz:geckodriverVersion: 0.34.0, moz:headless: false, moz:platformVersion: 10.0, moz:processID: 65420, moz:profile: C:\Users\KAJALS~1\AppData\L..., moz:shutdownTimeout: 60000, moz:webdriverClick: true, moz:windowless: false, pageLoadStrategy: normal, platformName: windows, proxy: Proxy(), se:cdp: ws://127.0.0.1:11867/devtoo..., se:cdpVersion: 85.0, setWindowRect: true, strictFileInteractability: false, timeouts: {implicit: 0, pageLoad: 300000, script: 30000}, unhandledPromptBehavior: dismiss and notify, userAgent: Mozilla/5.0 (Windows NT 10....}&#10;Session ID: 9a6a6583-681e-4853-93ab-b79102802bcc"/>
    <system-out><![CDATA[ Test case started: burgerIconLogout
]]></system-out>
  </testcase>
  <testcase name="burgerIconLogout" classname="zapcg.Capillary.LocationPageTestCases.Location_ExistingUser_TestCases" time="0">
    <skipped message="Unable to locate element: //button[@id=&apos;MSMENUI3&apos;]&#10;For documentation on this error, please visit: https://www.selenium.dev/documentation/webdriver/troubleshooting/errors#no-such-element-exception&#10;Build info: version: &apos;4.22.0&apos;, revision: &apos;c5f3146703*&apos;&#10;System info: os.name: &apos;Windows 10&apos;, os.arch: &apos;amd64&apos;, os.version: &apos;10.0&apos;, java.version: &apos;15.0.2&apos;&#10;Driver info: org.openqa.selenium.firefox.FirefoxDriver&#10;Command: [217a7b38-d555-48b5-a4e0-76905db72f06, findElement {value=//button[@id=&apos;MSMENUI3&apos;], using=xpath}]&#10;Capabilities {acceptInsecureCerts: true, browserName: firefox, browserVersion: 128.0, moz:accessibilityChecks: false, moz:buildID: 20240628091536, moz:debuggerAddress: 127.0.0.1:31356, moz:geckodriverVersion: 0.34.0, moz:headless: false, moz:platformVersion: 10.0, moz:processID: 62788, moz:profile: C:\Users\KAJALS~1\AppData\L..., moz:shutdownTimeout: 60000, moz:webdriverClick: true, moz:windowless: false, pageLoadStrategy: normal, platformName: windows, proxy: Proxy(), se:cdp: ws://127.0.0.1:31356/devtoo..., se:cdpVersion: 85.0, setWindowRect: true, strictFileInteractability: false, timeouts: {implicit: 0, pageLoad: 300000, script: 30000}, unhandledPromptBehavior: dismiss and notify, userAgent: Mozilla/5.0 (Windows NT 10....}&#10;Session ID: 217a7b38-d555-48b5-a4e0-76905db72f06"/>
    <system-out><![CDATA[ Test case started: burgerIconLogout
]]></system-out>
  </testcase>
  <testcase name="navigatedFromLocationToLookupScreen" classname="zapcg.Capillary.LocationPageTestCases.Location_ExistingUser_TestCases" time="1.531">
    <system-out><![CDATA[The name of the testcase passed is : burgerIconLogout
Test execution completed on ChromeDriver with device: Tablet Portrait
 Test case started: navigatedFromLocationToLookupScreen
Successfully navigated to the MemberLookup screen
]]></system-out>
  </testcase>
  <testcase name="navigatedFromLocationToLookupScreen" classname="zapcg.Capillary.LocationPageTestCases.Location_ExistingUser_TestCases" time="2.069">
    <system-out><![CDATA[The name of the testcase passed is : burgerIconLogout
Test execution completed on ChromeDriver with device: Tablet Landscape
 Test case started: navigatedFromLocationToLookupScreen
Successfully navigated to the MemberLookup screen
]]></system-out>
  </testcase>
  <testcase name="navigatedFromLocationToLookupScreen" classname="zapcg.Capillary.LocationPageTestCases.Location_ExistingUser_TestCases" time="1.999">
    <system-out><![CDATA[The name of the testcase passed is : burgerIconLogout
Test execution completed on ChromeDriver with device: iPhone 11 Pro Portrait
 Test case started: navigatedFromLocationToLookupScreen
Successfully navigated to the MemberLookup screen
]]></system-out>
  </testcase>
  <testcase name="navigatedFromLocationToLookupScreen" classname="zapcg.Capillary.LocationPageTestCases.Location_ExistingUser_TestCases" time="0">
    <skipped message="no such element: Unable to locate element: {&quot;method&quot;:&quot;xpath&quot;,&quot;selector&quot;:&quot;//button[@id=&apos;MSMENUI3&apos;]&quot;}&#10;  (Session info: chrome=126.0.6478.57)&#10;For documentation on this error, please visit: https://www.selenium.dev/documentation/webdriver/troubleshooting/errors#no-such-element-exception&#10;Build info: version: &apos;4.22.0&apos;, revision: &apos;c5f3146703*&apos;&#10;System info: os.name: &apos;Windows 10&apos;, os.arch: &apos;amd64&apos;, os.version: &apos;10.0&apos;, java.version: &apos;15.0.2&apos;&#10;Driver info: org.openqa.selenium.chrome.ChromeDriver&#10;Command: [607795d46b2c3aaee0003743a8084fc8, findElement {value=//button[@id=&apos;MSMENUI3&apos;], using=xpath}]&#10;Capabilities {acceptInsecureCerts: false, browserName: chrome, browserVersion: 126.0.6478.57, chrome: {chromedriverVersion: 126.0.6478.126 (d36ace6122e..., userDataDir: C:\Users\KAJALS~1\AppData\L...}, fedcm:accounts: true, goog:chromeOptions: {debuggerAddress: localhost:64511}, networkConnectionEnabled: false, pageLoadStrategy: normal, platformName: windows, proxy: Proxy(), se:cdp: ws://localhost:64511/devtoo..., se:cdpVersion: 126.0.6478.57, setWindowRect: true, strictFileInteractability: false, timeouts: {implicit: 0, pageLoad: 300000, script: 30000}, unhandledPromptBehavior: dismiss and notify, webauthn:extension:credBlob: true, webauthn:extension:largeBlob: true, webauthn:extension:minPinLength: true, webauthn:extension:prf: true, webauthn:virtualAuthenticators: true}&#10;Session ID: 607795d46b2c3aaee0003743a8084fc8"/>
    <system-out><![CDATA[ Test case started: navigatedFromLocationToLookupScreen
]]></system-out>
  </testcase>
  <testcase name="navigatedFromLocationToLookupScreen" classname="zapcg.Capillary.LocationPageTestCases.Location_ExistingUser_TestCases" time="0">
    <skipped message="no such element: Unable to locate element: {&quot;method&quot;:&quot;xpath&quot;,&quot;selector&quot;:&quot;//button[@id=&apos;MSMENUI3&apos;]&quot;}&#10;  (Session info: chrome=126.0.6478.57)&#10;For documentation on this error, please visit: https://www.selenium.dev/documentation/webdriver/troubleshooting/errors#no-such-element-exception&#10;Build info: version: &apos;4.22.0&apos;, revision: &apos;c5f3146703*&apos;&#10;System info: os.name: &apos;Windows 10&apos;, os.arch: &apos;amd64&apos;, os.version: &apos;10.0&apos;, java.version: &apos;15.0.2&apos;&#10;Driver info: org.openqa.selenium.chrome.ChromeDriver&#10;Command: [0314097ef25d954bb2cfd3e19f922b0e, findElement {value=//button[@id=&apos;MSMENUI3&apos;], using=xpath}]&#10;Capabilities {acceptInsecureCerts: false, browserName: chrome, browserVersion: 126.0.6478.57, chrome: {chromedriverVersion: 126.0.6478.126 (d36ace6122e..., userDataDir: C:\Users\KAJALS~1\AppData\L...}, fedcm:accounts: true, goog:chromeOptions: {debuggerAddress: localhost:65480}, networkConnectionEnabled: false, pageLoadStrategy: normal, platformName: windows, proxy: Proxy(), se:cdp: ws://localhost:65480/devtoo..., se:cdpVersion: 126.0.6478.57, setWindowRect: true, strictFileInteractability: false, timeouts: {implicit: 0, pageLoad: 300000, script: 30000}, unhandledPromptBehavior: dismiss and notify, webauthn:extension:credBlob: true, webauthn:extension:largeBlob: true, webauthn:extension:minPinLength: true, webauthn:extension:prf: true, webauthn:virtualAuthenticators: true}&#10;Session ID: 0314097ef25d954bb2cfd3e19f922b0e"/>
    <system-out><![CDATA[ Test case started: navigatedFromLocationToLookupScreen
]]></system-out>
  </testcase>
  <testcase name="navigatedFromLocationToLookupScreen" classname="zapcg.Capillary.LocationPageTestCases.Location_ExistingUser_TestCases" time="2.158">
    <system-out><![CDATA[The name of the testcase passed is : burgerIconLogout
Test execution completed on ChromeDriver with device: Galaxy S20 Landscape
 Test case started: navigatedFromLocationToLookupScreen
Successfully navigated to the MemberLookup screen
]]></system-out>
  </testcase>
  <testcase name="navigatedFromLocationToLookupScreen" classname="zapcg.Capillary.LocationPageTestCases.Location_ExistingUser_TestCases" time="1.559">
    <failure message="Element &lt;button id=&quot;LS014B&quot; class=&quot;MuiButtonBase-root MuiButton-root MuiButton-contained MuiButton-containedPrimary MuiButton-sizeMedium MuiButton-containedSizeMedium MuiButton-colorPrimary MuiButton-root MuiButton-contained MuiButton-containedPrimary MuiButton-sizeMedium MuiButton-containedSizeMedium MuiButton-colorPrimary css-y7km40&quot; type=&quot;button&quot;&gt; is not clickable at point (378,533) because another element &lt;li id=&quot;LS013OP1&quot; class=&quot;MuiAutocomplete-option&quot;&gt; obscures it&#10;Build info: version: &apos;4.22.0&apos;, revision: &apos;c5f3146703*&apos;&#10;System info: os.name: &apos;Windows 10&apos;, os.arch: &apos;amd64&apos;, os.version: &apos;10.0&apos;, java.version: &apos;15.0.2&apos;&#10;Driver info: org.openqa.selenium.firefox.FirefoxDriver&#10;Command: [93bff3ef-3b4a-416e-848f-fdb21af27698, clickElement {id=d1c837a7-f717-4976-9279-2d878e917dc0}]&#10;Capabilities {acceptInsecureCerts: true, browserName: firefox, browserVersion: 128.0, moz:accessibilityChecks: false, moz:buildID: 20240628091536, moz:debuggerAddress: 127.0.0.1:47331, moz:geckodriverVersion: 0.34.0, moz:headless: false, moz:platformVersion: 10.0, moz:processID: 51892, moz:profile: C:\Users\KAJALS~1\AppData\L..., moz:shutdownTimeout: 60000, moz:webdriverClick: true, moz:windowless: false, pageLoadStrategy: normal, platformName: windows, proxy: Proxy(), se:cdp: ws://127.0.0.1:47331/devtoo..., se:cdpVersion: 85.0, setWindowRect: true, strictFileInteractability: false, timeouts: {implicit: 0, pageLoad: 300000, script: 30000}, unhandledPromptBehavior: dismiss and notify, userAgent: Mozilla/5.0 (Windows NT 10....}&#10;Element: [[FirefoxDriver: firefox on windows (93bff3ef-3b4a-416e-848f-fdb21af27698)] -&gt; xpath: //button[@id=&apos;LS014B&apos;]]&#10;Session ID: 93bff3ef-3b4a-416e-848f-fdb21af27698" type="org.openqa.selenium.ElementClickInterceptedException"><![CDATA[org.openqa.selenium.ElementClickInterceptedException: 
Element <button id="LS014B" class="MuiButtonBase-root MuiButton-root MuiButton-contained MuiButton-containedPrimary MuiButton-sizeMedium MuiButton-containedSizeMedium MuiButton-colorPrimary MuiButton-root MuiButton-contained MuiButton-containedPrimary MuiButton-sizeMedium MuiButton-containedSizeMedium MuiButton-colorPrimary css-y7km40" type="button"> is not clickable at point (378,533) because another element <li id="LS013OP1" class="MuiAutocomplete-option"> obscures it
Build info: version: '4.22.0', revision: 'c5f3146703*'
System info: os.name: 'Windows 10', os.arch: 'amd64', os.version: '10.0', java.version: '15.0.2'
Driver info: org.openqa.selenium.firefox.FirefoxDriver
Command: [93bff3ef-3b4a-416e-848f-fdb21af27698, clickElement {id=d1c837a7-f717-4976-9279-2d878e917dc0}]
Capabilities {acceptInsecureCerts: true, browserName: firefox, browserVersion: 128.0, moz:accessibilityChecks: false, moz:buildID: 20240628091536, moz:debuggerAddress: 127.0.0.1:47331, moz:geckodriverVersion: 0.34.0, moz:headless: false, moz:platformVersion: 10.0, moz:processID: 51892, moz:profile: C:\Users\KAJALS~1\AppData\L..., moz:shutdownTimeout: 60000, moz:webdriverClick: true, moz:windowless: false, pageLoadStrategy: normal, platformName: windows, proxy: Proxy(), se:cdp: ws://127.0.0.1:47331/devtoo..., se:cdpVersion: 85.0, setWindowRect: true, strictFileInteractability: false, timeouts: {implicit: 0, pageLoad: 300000, script: 30000}, unhandledPromptBehavior: dismiss and notify, userAgent: Mozilla/5.0 (Windows NT 10....}
Element: [[FirefoxDriver: firefox on windows (93bff3ef-3b4a-416e-848f-fdb21af27698)] -> xpath: //button[@id='LS014B']]
Session ID: 93bff3ef-3b4a-416e-848f-fdb21af27698
	at zapcg.Capillary.LocationPageTestCases.Location_ExistingUser_TestCases.navigatedFromLocationToLookupScreen(Location_ExistingUser_TestCases.java:208)
]]></failure>
    <system-out><![CDATA[The name of the testcase passed is : burgerIconLogout
Test execution completed on FirefoxDriver with device: Tablet Portrait
 Test case started: navigatedFromLocationToLookupScreen
]]></system-out>
  </testcase>
  <testcase name="navigatedFromLocationToLookupScreen" classname="zapcg.Capillary.LocationPageTestCases.Location_ExistingUser_TestCases" time="0">
    <skipped message="Unable to locate element: //button[@id=&apos;MSMENUI3&apos;]&#10;For documentation on this error, please visit: https://www.selenium.dev/documentation/webdriver/troubleshooting/errors#no-such-element-exception&#10;Build info: version: &apos;4.22.0&apos;, revision: &apos;c5f3146703*&apos;&#10;System info: os.name: &apos;Windows 10&apos;, os.arch: &apos;amd64&apos;, os.version: &apos;10.0&apos;, java.version: &apos;15.0.2&apos;&#10;Driver info: org.openqa.selenium.firefox.FirefoxDriver&#10;Command: [3cdaba1b-184b-4e40-9f56-0f6504a99ed1, findElement {value=//button[@id=&apos;MSMENUI3&apos;], using=xpath}]&#10;Capabilities {acceptInsecureCerts: true, browserName: firefox, browserVersion: 128.0, moz:accessibilityChecks: false, moz:buildID: 20240628091536, moz:debuggerAddress: 127.0.0.1:22063, moz:geckodriverVersion: 0.34.0, moz:headless: false, moz:platformVersion: 10.0, moz:processID: 8820, moz:profile: C:\Users\KAJALS~1\AppData\L..., moz:shutdownTimeout: 60000, moz:webdriverClick: true, moz:windowless: false, pageLoadStrategy: normal, platformName: windows, proxy: Proxy(), se:cdp: ws://127.0.0.1:22063/devtoo..., se:cdpVersion: 85.0, setWindowRect: true, strictFileInteractability: false, timeouts: {implicit: 0, pageLoad: 300000, script: 30000}, unhandledPromptBehavior: dismiss and notify, userAgent: Mozilla/5.0 (Windows NT 10....}&#10;Session ID: 3cdaba1b-184b-4e40-9f56-0f6504a99ed1"/>
    <system-out><![CDATA[ Test case started: navigatedFromLocationToLookupScreen
]]></system-out>
  </testcase>
  <testcase name="navigatedFromLocationToLookupScreen" classname="zapcg.Capillary.LocationPageTestCases.Location_ExistingUser_TestCases" time="0">
    <skipped message="Unable to locate element: //button[@id=&apos;MSMENUI3&apos;]&#10;For documentation on this error, please visit: https://www.selenium.dev/documentation/webdriver/troubleshooting/errors#no-such-element-exception&#10;Build info: version: &apos;4.22.0&apos;, revision: &apos;c5f3146703*&apos;&#10;System info: os.name: &apos;Windows 10&apos;, os.arch: &apos;amd64&apos;, os.version: &apos;10.0&apos;, java.version: &apos;15.0.2&apos;&#10;Driver info: org.openqa.selenium.firefox.FirefoxDriver&#10;Command: [861a7a1c-55dd-43ea-a3df-4a808f741465, findElement {value=//button[@id=&apos;MSMENUI3&apos;], using=xpath}]&#10;Capabilities {acceptInsecureCerts: true, browserName: firefox, browserVersion: 128.0, moz:accessibilityChecks: false, moz:buildID: 20240628091536, moz:debuggerAddress: 127.0.0.1:26421, moz:geckodriverVersion: 0.34.0, moz:headless: false, moz:platformVersion: 10.0, moz:processID: 57604, moz:profile: C:\Users\KAJALS~1\AppData\L..., moz:shutdownTimeout: 60000, moz:webdriverClick: true, moz:windowless: false, pageLoadStrategy: normal, platformName: windows, proxy: Proxy(), se:cdp: ws://127.0.0.1:26421/devtoo..., se:cdpVersion: 85.0, setWindowRect: true, strictFileInteractability: false, timeouts: {implicit: 0, pageLoad: 300000, script: 30000}, unhandledPromptBehavior: dismiss and notify, userAgent: Mozilla/5.0 (Windows NT 10....}&#10;Session ID: 861a7a1c-55dd-43ea-a3df-4a808f741465"/>
    <system-out><![CDATA[ Test case started: navigatedFromLocationToLookupScreen
]]></system-out>
  </testcase>
  <testcase name="navigatedFromLocationToLookupScreen" classname="zapcg.Capillary.LocationPageTestCases.Location_ExistingUser_TestCases" time="0">
    <skipped message="Unable to locate element: //button[@id=&apos;MSMENUI3&apos;]&#10;For documentation on this error, please visit: https://www.selenium.dev/documentation/webdriver/troubleshooting/errors#no-such-element-exception&#10;Build info: version: &apos;4.22.0&apos;, revision: &apos;c5f3146703*&apos;&#10;System info: os.name: &apos;Windows 10&apos;, os.arch: &apos;amd64&apos;, os.version: &apos;10.0&apos;, java.version: &apos;15.0.2&apos;&#10;Driver info: org.openqa.selenium.firefox.FirefoxDriver&#10;Command: [64083c07-0b17-4920-be92-e72d2b56c7e5, findElement {value=//button[@id=&apos;MSMENUI3&apos;], using=xpath}]&#10;Capabilities {acceptInsecureCerts: true, browserName: firefox, browserVersion: 128.0, moz:accessibilityChecks: false, moz:buildID: 20240628091536, moz:debuggerAddress: 127.0.0.1:11794, moz:geckodriverVersion: 0.34.0, moz:headless: false, moz:platformVersion: 10.0, moz:processID: 50028, moz:profile: C:\Users\KAJALS~1\AppData\L..., moz:shutdownTimeout: 60000, moz:webdriverClick: true, moz:windowless: false, pageLoadStrategy: normal, platformName: windows, proxy: Proxy(), se:cdp: ws://127.0.0.1:11794/devtoo..., se:cdpVersion: 85.0, setWindowRect: true, strictFileInteractability: false, timeouts: {implicit: 0, pageLoad: 300000, script: 30000}, unhandledPromptBehavior: dismiss and notify, userAgent: Mozilla/5.0 (Windows NT 10....}&#10;Session ID: 64083c07-0b17-4920-be92-e72d2b56c7e5"/>
    <system-out><![CDATA[ Test case started: navigatedFromLocationToLookupScreen
]]></system-out>
  </testcase>
  <testcase name="navigatedFromLocationToLookupScreen" classname="zapcg.Capillary.LocationPageTestCases.Location_ExistingUser_TestCases" time="0">
    <skipped message="TypeError: can&apos;t access property &quot;getActor&quot;, browsingContext.currentWindowGlobal is null&#10;Build info: version: &apos;4.22.0&apos;, revision: &apos;c5f3146703*&apos;&#10;System info: os.name: &apos;Windows 10&apos;, os.arch: &apos;amd64&apos;, os.version: &apos;10.0&apos;, java.version: &apos;15.0.2&apos;&#10;Driver info: org.openqa.selenium.firefox.FirefoxDriver&#10;Command: [9a6a6583-681e-4853-93ab-b79102802bcc, findElement {value=//button[@id=&apos;MSMENUI3&apos;], using=xpath}]&#10;Capabilities {acceptInsecureCerts: true, browserName: firefox, browserVersion: 128.0, moz:accessibilityChecks: false, moz:buildID: 20240628091536, moz:debuggerAddress: 127.0.0.1:11867, moz:geckodriverVersion: 0.34.0, moz:headless: false, moz:platformVersion: 10.0, moz:processID: 65420, moz:profile: C:\Users\KAJALS~1\AppData\L..., moz:shutdownTimeout: 60000, moz:webdriverClick: true, moz:windowless: false, pageLoadStrategy: normal, platformName: windows, proxy: Proxy(), se:cdp: ws://127.0.0.1:11867/devtoo..., se:cdpVersion: 85.0, setWindowRect: true, strictFileInteractability: false, timeouts: {implicit: 0, pageLoad: 300000, script: 30000}, unhandledPromptBehavior: dismiss and notify, userAgent: Mozilla/5.0 (Windows NT 10....}&#10;Session ID: 9a6a6583-681e-4853-93ab-b79102802bcc"/>
    <system-out><![CDATA[ Test case started: navigatedFromLocationToLookupScreen
]]></system-out>
  </testcase>
  <testcase name="navigatedFromLocationToLookupScreen" classname="zapcg.Capillary.LocationPageTestCases.Location_ExistingUser_TestCases" time="0">
    <skipped message="Unable to locate element: //button[@id=&apos;MSMENUI3&apos;]&#10;For documentation on this error, please visit: https://www.selenium.dev/documentation/webdriver/troubleshooting/errors#no-such-element-exception&#10;Build info: version: &apos;4.22.0&apos;, revision: &apos;c5f3146703*&apos;&#10;System info: os.name: &apos;Windows 10&apos;, os.arch: &apos;amd64&apos;, os.version: &apos;10.0&apos;, java.version: &apos;15.0.2&apos;&#10;Driver info: org.openqa.selenium.firefox.FirefoxDriver&#10;Command: [217a7b38-d555-48b5-a4e0-76905db72f06, findElement {value=//button[@id=&apos;MSMENUI3&apos;], using=xpath}]&#10;Capabilities {acceptInsecureCerts: true, browserName: firefox, browserVersion: 128.0, moz:accessibilityChecks: false, moz:buildID: 20240628091536, moz:debuggerAddress: 127.0.0.1:31356, moz:geckodriverVersion: 0.34.0, moz:headless: false, moz:platformVersion: 10.0, moz:processID: 62788, moz:profile: C:\Users\KAJALS~1\AppData\L..., moz:shutdownTimeout: 60000, moz:webdriverClick: true, moz:windowless: false, pageLoadStrategy: normal, platformName: windows, proxy: Proxy(), se:cdp: ws://127.0.0.1:31356/devtoo..., se:cdpVersion: 85.0, setWindowRect: true, strictFileInteractability: false, timeouts: {implicit: 0, pageLoad: 300000, script: 30000}, unhandledPromptBehavior: dismiss and notify, userAgent: Mozilla/5.0 (Windows NT 10....}&#10;Session ID: 217a7b38-d555-48b5-a4e0-76905db72f06"/>
    <system-out><![CDATA[ Test case started: navigatedFromLocationToLookupScreen
]]></system-out>
  </testcase>
  <testcase name="initialize[chrome, iPhone 11 Pro Landscape](0)" classname="zapcg.Capillary.LocationPageTestCases.Location_ExistingUser_TestCases" time="36.091">
    <failure message="no such element: Unable to locate element: {&quot;method&quot;:&quot;xpath&quot;,&quot;selector&quot;:&quot;//button[@id=&apos;MSMENUI3&apos;]&quot;}&#10;  (Session info: chrome=126.0.6478.57)&#10;For documentation on this error, please visit: https://www.selenium.dev/documentation/webdriver/troubleshooting/errors#no-such-element-exception&#10;Build info: version: &apos;4.22.0&apos;, revision: &apos;c5f3146703*&apos;&#10;System info: os.name: &apos;Windows 10&apos;, os.arch: &apos;amd64&apos;, os.version: &apos;10.0&apos;, java.version: &apos;15.0.2&apos;&#10;Driver info: org.openqa.selenium.chrome.ChromeDriver&#10;Command: [607795d46b2c3aaee0003743a8084fc8, findElement {value=//button[@id=&apos;MSMENUI3&apos;], using=xpath}]&#10;Capabilities {acceptInsecureCerts: false, browserName: chrome, browserVersion: 126.0.6478.57, chrome: {chromedriverVersion: 126.0.6478.126 (d36ace6122e..., userDataDir: C:\Users\KAJALS~1\AppData\L...}, fedcm:accounts: true, goog:chromeOptions: {debuggerAddress: localhost:64511}, networkConnectionEnabled: false, pageLoadStrategy: normal, platformName: windows, proxy: Proxy(), se:cdp: ws://localhost:64511/devtoo..., se:cdpVersion: 126.0.6478.57, setWindowRect: true, strictFileInteractability: false, timeouts: {implicit: 0, pageLoad: 300000, script: 30000}, unhandledPromptBehavior: dismiss and notify, webauthn:extension:credBlob: true, webauthn:extension:largeBlob: true, webauthn:extension:minPinLength: true, webauthn:extension:prf: true, webauthn:virtualAuthenticators: true}&#10;Session ID: 607795d46b2c3aaee0003743a8084fc8" type="org.openqa.selenium.NoSuchElementException"><![CDATA[org.openqa.selenium.NoSuchElementException: 
no such element: Unable to locate element: {"method":"xpath","selector":"//button[@id='MSMENUI3']"}
  (Session info: chrome=126.0.6478.57)
For documentation on this error, please visit: https://www.selenium.dev/documentation/webdriver/troubleshooting/errors#no-such-element-exception
Build info: version: '4.22.0', revision: 'c5f3146703*'
System info: os.name: 'Windows 10', os.arch: 'amd64', os.version: '10.0', java.version: '15.0.2'
Driver info: org.openqa.selenium.chrome.ChromeDriver
Command: [607795d46b2c3aaee0003743a8084fc8, findElement {value=//button[@id='MSMENUI3'], using=xpath}]
Capabilities {acceptInsecureCerts: false, browserName: chrome, browserVersion: 126.0.6478.57, chrome: {chromedriverVersion: 126.0.6478.126 (d36ace6122e..., userDataDir: C:\Users\KAJALS~1\AppData\L...}, fedcm:accounts: true, goog:chromeOptions: {debuggerAddress: localhost:64511}, networkConnectionEnabled: false, pageLoadStrategy: normal, platformName: windows, proxy: Proxy(), se:cdp: ws://localhost:64511/devtoo..., se:cdpVersion: 126.0.6478.57, setWindowRect: true, strictFileInteractability: false, timeouts: {implicit: 0, pageLoad: 300000, script: 30000}, unhandledPromptBehavior: dismiss and notify, webauthn:extension:credBlob: true, webauthn:extension:largeBlob: true, webauthn:extension:minPinLength: true, webauthn:extension:prf: true, webauthn:virtualAuthenticators: true}
Session ID: 607795d46b2c3aaee0003743a8084fc8
	at zapcg.Capillary.LocationPageTestCases.Location_ExistingUser_TestCases.initialize(Location_ExistingUser_TestCases.java:36)
]]></failure>
    <system-out><![CDATA[The name of the testcase passed is : verifyHamBurgerLogoutOption
Test execution completed on ChromeDriver with device: iPhone 11 Pro Landscape
]]></system-out>
  </testcase>
  <testcase name="tearDown" classname="zapcg.Capillary.LocationPageTestCases.Location_ExistingUser_TestCases" time="0">
    <skipped/>
    <system-out><![CDATA[The name of the testcase Skipped is : chooseValidLocationForNewUser
]]></system-out>
  </testcase>
  <testcase name="tearDown" classname="zapcg.Capillary.LocationPageTestCases.Location_ExistingUser_TestCases" time="0">
    <skipped/>
    <system-out><![CDATA[The name of the testcase Skipped is : verifyDropDownAvailability
]]></system-out>
  </testcase>
  <testcase name="tearDown" classname="zapcg.Capillary.LocationPageTestCases.Location_ExistingUser_TestCases" time="0">
    <skipped/>
    <system-out><![CDATA[The name of the testcase Skipped is : verifyIfAbleToSelectOptionFromDropDown
]]></system-out>
  </testcase>
  <testcase name="tearDown" classname="zapcg.Capillary.LocationPageTestCases.Location_ExistingUser_TestCases" time="0">
    <skipped/>
    <system-out><![CDATA[The name of the testcase Skipped is : verifyChooseLocationButtonAvailability
]]></system-out>
  </testcase>
  <testcase name="tearDown" classname="zapcg.Capillary.LocationPageTestCases.Location_ExistingUser_TestCases" time="0">
    <skipped/>
    <system-out><![CDATA[The name of the testcase Skipped is : verifyHeaderOfMemberLookupScreen
]]></system-out>
  </testcase>
  <testcase name="tearDown" classname="zapcg.Capillary.LocationPageTestCases.Location_ExistingUser_TestCases" time="0">
    <skipped/>
    <system-out><![CDATA[The name of the testcase Skipped is : burgerIconMemberLookupNavigation
]]></system-out>
  </testcase>
  <testcase name="tearDown" classname="zapcg.Capillary.LocationPageTestCases.Location_ExistingUser_TestCases" time="0">
    <skipped/>
    <system-out><![CDATA[The name of the testcase Skipped is : burgerIconMemberLocationNavigation
]]></system-out>
  </testcase>
  <testcase name="tearDown" classname="zapcg.Capillary.LocationPageTestCases.Location_ExistingUser_TestCases" time="0">
    <skipped/>
    <system-out><![CDATA[The name of the testcase Skipped is : burgerIconLogout
]]></system-out>
  </testcase>
  <testcase name="tearDown" classname="zapcg.Capillary.LocationPageTestCases.Location_ExistingUser_TestCases" time="0">
    <skipped/>
    <system-out><![CDATA[The name of the testcase Skipped is : navigatedFromLocationToLookupScreen
]]></system-out>
  </testcase>
  <testcase name="tearDown" classname="zapcg.Capillary.LocationPageTestCases.Location_ExistingUser_TestCases" time="0">
    <skipped/>
    <system-out><![CDATA[The name of the testcase Skipped is : verifyChooseLocationButtonAvailability
]]></system-out>
  </testcase>
  <testcase name="tearDown" classname="zapcg.Capillary.LocationPageTestCases.Location_ExistingUser_TestCases" time="0">
    <skipped/>
    <system-out><![CDATA[The name of the testcase Skipped is : verifyHeaderOfMemberLookupScreen
]]></system-out>
  </testcase>
  <testcase name="tearDown" classname="zapcg.Capillary.LocationPageTestCases.Location_ExistingUser_TestCases" time="0">
    <skipped/>
    <system-out><![CDATA[The name of the testcase Skipped is : burgerIconMemberLookupNavigation
]]></system-out>
  </testcase>
  <testcase name="tearDown" classname="zapcg.Capillary.LocationPageTestCases.Location_ExistingUser_TestCases" time="0">
    <skipped/>
    <system-out><![CDATA[The name of the testcase Skipped is : burgerIconMemberLocationNavigation
]]></system-out>
  </testcase>
  <testcase name="tearDown" classname="zapcg.Capillary.LocationPageTestCases.Location_ExistingUser_TestCases" time="0">
    <skipped/>
    <system-out><![CDATA[The name of the testcase Skipped is : burgerIconLogout
]]></system-out>
  </testcase>
  <testcase name="tearDown" classname="zapcg.Capillary.LocationPageTestCases.Location_ExistingUser_TestCases" time="0">
    <skipped/>
    <system-out><![CDATA[The name of the testcase Skipped is : navigatedFromLocationToLookupScreen
]]></system-out>
  </testcase>
  <testcase name="tearDown" classname="zapcg.Capillary.LocationPageTestCases.Location_ExistingUser_TestCases" time="0">
    <skipped/>
    <system-out><![CDATA[The name of the testcase Skipped is : chooseValidLocationForNewUser
]]></system-out>
  </testcase>
  <testcase name="tearDown" classname="zapcg.Capillary.LocationPageTestCases.Location_ExistingUser_TestCases" time="0">
    <skipped/>
    <system-out><![CDATA[The name of the testcase Skipped is : verifyDropDownAvailability
]]></system-out>
  </testcase>
  <testcase name="tearDown" classname="zapcg.Capillary.LocationPageTestCases.Location_ExistingUser_TestCases" time="0">
    <skipped/>
    <system-out><![CDATA[The name of the testcase Skipped is : verifyIfAbleToSelectOptionFromDropDown
]]></system-out>
  </testcase>
  <testcase name="tearDown" classname="zapcg.Capillary.LocationPageTestCases.Location_ExistingUser_TestCases" time="0">
    <skipped/>
    <system-out><![CDATA[The name of the testcase Skipped is : verifyChooseLocationButtonAvailability
]]></system-out>
  </testcase>
  <testcase name="tearDown" classname="zapcg.Capillary.LocationPageTestCases.Location_ExistingUser_TestCases" time="0">
    <skipped/>
    <system-out><![CDATA[The name of the testcase Skipped is : verifyHeaderOfMemberLookupScreen
]]></system-out>
  </testcase>
  <testcase name="tearDown" classname="zapcg.Capillary.LocationPageTestCases.Location_ExistingUser_TestCases" time="0">
    <skipped/>
    <system-out><![CDATA[The name of the testcase Skipped is : burgerIconMemberLookupNavigation
]]></system-out>
  </testcase>
  <testcase name="tearDown" classname="zapcg.Capillary.LocationPageTestCases.Location_ExistingUser_TestCases" time="0">
    <skipped/>
    <system-out><![CDATA[The name of the testcase Skipped is : burgerIconMemberLocationNavigation
]]></system-out>
  </testcase>
  <testcase name="tearDown" classname="zapcg.Capillary.LocationPageTestCases.Location_ExistingUser_TestCases" time="0">
    <skipped/>
    <system-out><![CDATA[The name of the testcase Skipped is : burgerIconLogout
]]></system-out>
  </testcase>
  <testcase name="tearDown" classname="zapcg.Capillary.LocationPageTestCases.Location_ExistingUser_TestCases" time="0">
    <skipped/>
    <system-out><![CDATA[The name of the testcase Skipped is : navigatedFromLocationToLookupScreen
]]></system-out>
  </testcase>
  <testcase name="tearDown" classname="zapcg.Capillary.LocationPageTestCases.Location_ExistingUser_TestCases" time="0">
    <skipped/>
    <system-out><![CDATA[The name of the testcase Skipped is : chooseValidLocationForNewUser
]]></system-out>
  </testcase>
  <testcase name="tearDown" classname="zapcg.Capillary.LocationPageTestCases.Location_ExistingUser_TestCases" time="0">
    <skipped/>
    <system-out><![CDATA[The name of the testcase Skipped is : verifyDropDownAvailability
]]></system-out>
  </testcase>
  <testcase name="tearDown" classname="zapcg.Capillary.LocationPageTestCases.Location_ExistingUser_TestCases" time="0">
    <skipped/>
    <system-out><![CDATA[The name of the testcase Skipped is : verifyIfAbleToSelectOptionFromDropDown
]]></system-out>
  </testcase>
  <testcase name="tearDown" classname="zapcg.Capillary.LocationPageTestCases.Location_ExistingUser_TestCases" time="0">
    <skipped/>
    <system-out><![CDATA[The name of the testcase Skipped is : verifyChooseLocationButtonAvailability
]]></system-out>
  </testcase>
  <testcase name="tearDown" classname="zapcg.Capillary.LocationPageTestCases.Location_ExistingUser_TestCases" time="0">
    <skipped/>
    <system-out><![CDATA[The name of the testcase Skipped is : verifyHeaderOfMemberLookupScreen
]]></system-out>
  </testcase>
  <testcase name="tearDown" classname="zapcg.Capillary.LocationPageTestCases.Location_ExistingUser_TestCases" time="0">
    <skipped/>
    <system-out><![CDATA[The name of the testcase Skipped is : burgerIconMemberLookupNavigation
]]></system-out>
  </testcase>
  <testcase name="tearDown" classname="zapcg.Capillary.LocationPageTestCases.Location_ExistingUser_TestCases" time="0">
    <skipped/>
    <system-out><![CDATA[The name of the testcase Skipped is : burgerIconMemberLocationNavigation
]]></system-out>
  </testcase>
  <testcase name="tearDown" classname="zapcg.Capillary.LocationPageTestCases.Location_ExistingUser_TestCases" time="0">
    <skipped/>
    <system-out><![CDATA[The name of the testcase Skipped is : burgerIconLogout
]]></system-out>
  </testcase>
  <testcase name="tearDown" classname="zapcg.Capillary.LocationPageTestCases.Location_ExistingUser_TestCases" time="0">
    <skipped/>
    <system-out><![CDATA[The name of the testcase Skipped is : navigatedFromLocationToLookupScreen
]]></system-out>
  </testcase>
  <testcase name="tearDown" classname="zapcg.Capillary.LocationPageTestCases.Location_ExistingUser_TestCases" time="0">
    <skipped/>
    <system-out><![CDATA[The name of the testcase Skipped is : chooseValidLocationForNewUser
]]></system-out>
  </testcase>
  <testcase name="tearDown" classname="zapcg.Capillary.LocationPageTestCases.Location_ExistingUser_TestCases" time="0">
    <skipped/>
    <system-out><![CDATA[The name of the testcase Skipped is : verifyDropDownAvailability
]]></system-out>
  </testcase>
  <testcase name="tearDown" classname="zapcg.Capillary.LocationPageTestCases.Location_ExistingUser_TestCases" time="0">
    <skipped/>
    <system-out><![CDATA[The name of the testcase Skipped is : verifyIfAbleToSelectOptionFromDropDown
]]></system-out>
  </testcase>
  <testcase name="tearDown" classname="zapcg.Capillary.LocationPageTestCases.Location_ExistingUser_TestCases" time="0">
    <skipped/>
    <system-out><![CDATA[The name of the testcase Skipped is : verifyChooseLocationButtonAvailability
]]></system-out>
  </testcase>
  <testcase name="tearDown" classname="zapcg.Capillary.LocationPageTestCases.Location_ExistingUser_TestCases" time="0">
    <skipped/>
    <system-out><![CDATA[The name of the testcase Skipped is : verifyHeaderOfMemberLookupScreen
]]></system-out>
  </testcase>
  <testcase name="tearDown" classname="zapcg.Capillary.LocationPageTestCases.Location_ExistingUser_TestCases" time="0">
    <skipped/>
    <system-out><![CDATA[The name of the testcase Skipped is : burgerIconMemberLookupNavigation
]]></system-out>
  </testcase>
  <testcase name="tearDown" classname="zapcg.Capillary.LocationPageTestCases.Location_ExistingUser_TestCases" time="0">
    <skipped/>
    <system-out><![CDATA[The name of the testcase Skipped is : burgerIconMemberLocationNavigation
]]></system-out>
  </testcase>
  <testcase name="tearDown" classname="zapcg.Capillary.LocationPageTestCases.Location_ExistingUser_TestCases" time="0">
    <skipped/>
    <system-out><![CDATA[The name of the testcase Skipped is : burgerIconLogout
]]></system-out>
  </testcase>
  <testcase name="tearDown" classname="zapcg.Capillary.LocationPageTestCases.Location_ExistingUser_TestCases" time="0">
    <skipped/>
    <system-out><![CDATA[The name of the testcase Skipped is : navigatedFromLocationToLookupScreen
]]></system-out>
  </testcase>
  <testcase name="tearDown" classname="zapcg.Capillary.LocationPageTestCases.Location_ExistingUser_TestCases" time="0">
    <skipped/>
    <system-out><![CDATA[The name of the testcase Skipped is : chooseValidLocationForNewUser
]]></system-out>
  </testcase>
  <testcase name="tearDown" classname="zapcg.Capillary.LocationPageTestCases.Location_ExistingUser_TestCases" time="0">
    <skipped/>
    <system-out><![CDATA[The name of the testcase Skipped is : verifyDropDownAvailability
]]></system-out>
  </testcase>
  <testcase name="tearDown" classname="zapcg.Capillary.LocationPageTestCases.Location_ExistingUser_TestCases" time="0">
    <skipped/>
    <system-out><![CDATA[The name of the testcase Skipped is : verifyIfAbleToSelectOptionFromDropDown
]]></system-out>
  </testcase>
  <testcase name="tearDown" classname="zapcg.Capillary.LocationPageTestCases.Location_ExistingUser_TestCases" time="0">
    <skipped/>
    <system-out><![CDATA[The name of the testcase Skipped is : verifyChooseLocationButtonAvailability
]]></system-out>
  </testcase>
  <testcase name="tearDown" classname="zapcg.Capillary.LocationPageTestCases.Location_ExistingUser_TestCases" time="0">
    <skipped/>
    <system-out><![CDATA[The name of the testcase Skipped is : verifyHeaderOfMemberLookupScreen
]]></system-out>
  </testcase>
  <testcase name="tearDown" classname="zapcg.Capillary.LocationPageTestCases.Location_ExistingUser_TestCases" time="0">
    <skipped/>
    <system-out><![CDATA[The name of the testcase Skipped is : burgerIconMemberLookupNavigation
]]></system-out>
  </testcase>
  <testcase name="tearDown" classname="zapcg.Capillary.LocationPageTestCases.Location_ExistingUser_TestCases" time="0">
    <skipped/>
    <system-out><![CDATA[The name of the testcase Skipped is : burgerIconMemberLocationNavigation
]]></system-out>
  </testcase>
  <testcase name="tearDown" classname="zapcg.Capillary.LocationPageTestCases.Location_ExistingUser_TestCases" time="0">
    <skipped/>
    <system-out><![CDATA[The name of the testcase Skipped is : burgerIconLogout
]]></system-out>
  </testcase>
  <testcase name="tearDown" classname="zapcg.Capillary.LocationPageTestCases.Location_ExistingUser_TestCases" time="0">
    <skipped/>
    <system-out><![CDATA[The name of the testcase Skipped is : navigatedFromLocationToLookupScreen
]]></system-out>
  </testcase>
  <testcase name="tearDown" classname="zapcg.Capillary.LocationPageTestCases.Location_ExistingUser_TestCases" time="0">
    <skipped/>
    <system-out><![CDATA[The name of the testcase Skipped is : chooseValidLocationForNewUser
]]></system-out>
  </testcase>
  <testcase name="tearDown" classname="zapcg.Capillary.LocationPageTestCases.Location_ExistingUser_TestCases" time="0">
    <skipped/>
    <system-out><![CDATA[The name of the testcase Skipped is : verifyDropDownAvailability
]]></system-out>
  </testcase>
  <testcase name="tearDown" classname="zapcg.Capillary.LocationPageTestCases.Location_ExistingUser_TestCases" time="0">
    <skipped/>
    <system-out><![CDATA[The name of the testcase Skipped is : verifyIfAbleToSelectOptionFromDropDown
]]></system-out>
  </testcase>
  <testcase name="tearDown" classname="zapcg.Capillary.LocationPageTestCases.Location_ExistingUser_TestCases" time="0">
    <skipped/>
    <system-out><![CDATA[The name of the testcase Skipped is : verifyChooseLocationButtonAvailability
]]></system-out>
  </testcase>
  <testcase name="tearDown" classname="zapcg.Capillary.LocationPageTestCases.Location_ExistingUser_TestCases" time="0">
    <skipped/>
    <system-out><![CDATA[The name of the testcase Skipped is : verifyHeaderOfMemberLookupScreen
]]></system-out>
  </testcase>
  <testcase name="tearDown" classname="zapcg.Capillary.LocationPageTestCases.Location_ExistingUser_TestCases" time="0">
    <skipped/>
    <system-out><![CDATA[The name of the testcase Skipped is : burgerIconMemberLookupNavigation
]]></system-out>
  </testcase>
  <testcase name="tearDown" classname="zapcg.Capillary.LocationPageTestCases.Location_ExistingUser_TestCases" time="0">
    <skipped/>
    <system-out><![CDATA[The name of the testcase Skipped is : burgerIconMemberLocationNavigation
]]></system-out>
  </testcase>
  <testcase name="tearDown" classname="zapcg.Capillary.LocationPageTestCases.Location_ExistingUser_TestCases" time="0">
    <skipped/>
    <system-out><![CDATA[The name of the testcase Skipped is : burgerIconLogout
]]></system-out>
  </testcase>
  <testcase name="tearDown" classname="zapcg.Capillary.LocationPageTestCases.Location_ExistingUser_TestCases" time="0">
    <skipped/>
    <system-out><![CDATA[The name of the testcase Skipped is : navigatedFromLocationToLookupScreen
]]></system-out>
  </testcase>
  <testcase name="initialize" classname="zapcg.Capillary.LocationPageTestCases.Location_ExistingUser_TestCases" time="0">
    <skipped/>
  </testcase>
  <testcase name="initialize" classname="zapcg.Capillary.LocationPageTestCases.Location_ExistingUser_TestCases" time="0">
    <skipped/>
  </testcase>
  <testcase name="initialize" classname="zapcg.Capillary.LocationPageTestCases.Location_ExistingUser_TestCases" time="0">
    <skipped/>
  </testcase>
  <testcase name="initialize" classname="zapcg.Capillary.LocationPageTestCases.Location_ExistingUser_TestCases" time="0">
    <skipped/>
  </testcase>
  <testcase name="initialize" classname="zapcg.Capillary.LocationPageTestCases.Location_ExistingUser_TestCases" time="0">
    <skipped/>
  </testcase>
  <testcase name="initialize" classname="zapcg.Capillary.LocationPageTestCases.Location_ExistingUser_TestCases" time="0">
    <skipped/>
  </testcase>
  <testcase name="initialize" classname="zapcg.Capillary.LocationPageTestCases.Location_ExistingUser_TestCases" time="0">
    <skipped/>
  </testcase>
  <testcase name="initialize" classname="zapcg.Capillary.LocationPageTestCases.Location_ExistingUser_TestCases" time="0">
    <skipped/>
  </testcase>
  <testcase name="initialize" classname="zapcg.Capillary.LocationPageTestCases.Location_ExistingUser_TestCases" time="0">
    <skipped/>
  </testcase>
  <testcase name="initialize" classname="zapcg.Capillary.LocationPageTestCases.Location_ExistingUser_TestCases" time="0">
    <skipped/>
  </testcase>
  <testcase name="initialize" classname="zapcg.Capillary.LocationPageTestCases.Location_ExistingUser_TestCases" time="0">
    <skipped/>
  </testcase>
  <testcase name="initialize" classname="zapcg.Capillary.LocationPageTestCases.Location_ExistingUser_TestCases" time="0">
    <skipped/>
  </testcase>
  <testcase name="initialize" classname="zapcg.Capillary.LocationPageTestCases.Location_ExistingUser_TestCases" time="0">
    <skipped/>
  </testcase>
  <testcase name="initialize" classname="zapcg.Capillary.LocationPageTestCases.Location_ExistingUser_TestCases" time="0">
    <skipped/>
  </testcase>
  <testcase name="initialize" classname="zapcg.Capillary.LocationPageTestCases.Location_ExistingUser_TestCases" time="0">
    <skipped/>
  </testcase>
  <testcase name="initialize" classname="zapcg.Capillary.LocationPageTestCases.Location_ExistingUser_TestCases" time="0">
    <skipped/>
  </testcase>
  <testcase name="initialize" classname="zapcg.Capillary.LocationPageTestCases.Location_ExistingUser_TestCases" time="0">
    <skipped/>
  </testcase>
  <testcase name="initialize" classname="zapcg.Capillary.LocationPageTestCases.Location_ExistingUser_TestCases" time="0">
    <skipped/>
  </testcase>
  <testcase name="initialize" classname="zapcg.Capillary.LocationPageTestCases.Location_ExistingUser_TestCases" time="0">
    <skipped/>
  </testcase>
  <testcase name="initialize" classname="zapcg.Capillary.LocationPageTestCases.Location_ExistingUser_TestCases" time="0">
    <skipped/>
  </testcase>
  <testcase name="initialize" classname="zapcg.Capillary.LocationPageTestCases.Location_ExistingUser_TestCases" time="0">
    <skipped/>
  </testcase>
  <testcase name="initialize" classname="zapcg.Capillary.LocationPageTestCases.Location_ExistingUser_TestCases" time="0">
    <skipped/>
  </testcase>
  <testcase name="initialize" classname="zapcg.Capillary.LocationPageTestCases.Location_ExistingUser_TestCases" time="0">
    <skipped/>
  </testcase>
  <testcase name="initialize" classname="zapcg.Capillary.LocationPageTestCases.Location_ExistingUser_TestCases" time="0">
    <skipped/>
  </testcase>
  <testcase name="initialize" classname="zapcg.Capillary.LocationPageTestCases.Location_ExistingUser_TestCases" time="0">
    <skipped/>
  </testcase>
  <testcase name="initialize" classname="zapcg.Capillary.LocationPageTestCases.Location_ExistingUser_TestCases" time="0">
    <skipped/>
  </testcase>
  <testcase name="initialize" classname="zapcg.Capillary.LocationPageTestCases.Location_ExistingUser_TestCases" time="0">
    <skipped/>
  </testcase>
  <testcase name="initialize" classname="zapcg.Capillary.LocationPageTestCases.Location_ExistingUser_TestCases" time="0">
    <skipped/>
  </testcase>
  <testcase name="initialize" classname="zapcg.Capillary.LocationPageTestCases.Location_ExistingUser_TestCases" time="0">
    <skipped/>
  </testcase>
  <testcase name="initialize" classname="zapcg.Capillary.LocationPageTestCases.Location_ExistingUser_TestCases" time="0">
    <skipped/>
  </testcase>
  <testcase name="initialize" classname="zapcg.Capillary.LocationPageTestCases.Location_ExistingUser_TestCases" time="0">
    <skipped/>
  </testcase>
  <testcase name="initialize" classname="zapcg.Capillary.LocationPageTestCases.Location_ExistingUser_TestCases" time="0">
    <skipped/>
  </testcase>
  <testcase name="initialize" classname="zapcg.Capillary.LocationPageTestCases.Location_ExistingUser_TestCases" time="0">
    <skipped/>
  </testcase>
  <testcase name="initialize" classname="zapcg.Capillary.LocationPageTestCases.Location_ExistingUser_TestCases" time="0">
    <skipped/>
  </testcase>
  <testcase name="initialize" classname="zapcg.Capillary.LocationPageTestCases.Location_ExistingUser_TestCases" time="0">
    <skipped/>
  </testcase>
  <testcase name="initialize" classname="zapcg.Capillary.LocationPageTestCases.Location_ExistingUser_TestCases" time="0">
    <skipped/>
  </testcase>
  <testcase name="initialize" classname="zapcg.Capillary.LocationPageTestCases.Location_ExistingUser_TestCases" time="0">
    <skipped/>
  </testcase>
  <testcase name="initialize" classname="zapcg.Capillary.LocationPageTestCases.Location_ExistingUser_TestCases" time="0">
    <skipped/>
  </testcase>
  <testcase name="initialize" classname="zapcg.Capillary.LocationPageTestCases.Location_ExistingUser_TestCases" time="0">
    <skipped/>
  </testcase>
  <testcase name="initialize" classname="zapcg.Capillary.LocationPageTestCases.Location_ExistingUser_TestCases" time="0">
    <skipped/>
  </testcase>
  <testcase name="initialize" classname="zapcg.Capillary.LocationPageTestCases.Location_ExistingUser_TestCases" time="0">
    <skipped/>
  </testcase>
  <testcase name="initialize" classname="zapcg.Capillary.LocationPageTestCases.Location_ExistingUser_TestCases" time="0">
    <skipped/>
  </testcase>
  <testcase name="initialize" classname="zapcg.Capillary.LocationPageTestCases.Location_ExistingUser_TestCases" time="0">
    <skipped/>
  </testcase>
  <testcase name="initialize" classname="zapcg.Capillary.LocationPageTestCases.Location_ExistingUser_TestCases" time="0">
    <skipped/>
  </testcase>
  <testcase name="initialize" classname="zapcg.Capillary.LocationPageTestCases.Location_ExistingUser_TestCases" time="0">
    <skipped/>
  </testcase>
  <testcase name="initialize" classname="zapcg.Capillary.LocationPageTestCases.Location_ExistingUser_TestCases" time="0">
    <skipped/>
  </testcase>
  <testcase name="initialize" classname="zapcg.Capillary.LocationPageTestCases.Location_ExistingUser_TestCases" time="0">
    <skipped/>
  </testcase>
  <testcase name="initialize" classname="zapcg.Capillary.LocationPageTestCases.Location_ExistingUser_TestCases" time="0">
    <skipped/>
  </testcase>
  <testcase name="initialize" classname="zapcg.Capillary.LocationPageTestCases.Location_ExistingUser_TestCases" time="0">
    <skipped/>
  </testcase>
  <testcase name="initialize" classname="zapcg.Capillary.LocationPageTestCases.Location_ExistingUser_TestCases" time="0">
    <skipped/>
  </testcase>
  <testcase name="initialize" classname="zapcg.Capillary.LocationPageTestCases.Location_ExistingUser_TestCases" time="0">
    <skipped/>
  </testcase>
  <testcase name="initialize" classname="zapcg.Capillary.LocationPageTestCases.Location_ExistingUser_TestCases" time="0">
    <skipped/>
  </testcase>
  <testcase name="initialize" classname="zapcg.Capillary.LocationPageTestCases.Location_ExistingUser_TestCases" time="0">
    <skipped/>
  </testcase>
  <testcase name="initialize[chrome, Galaxy S20 Portrait](0)" classname="zapcg.Capillary.LocationPageTestCases.Location_ExistingUser_TestCases" time="35.095">
    <failure message="no such element: Unable to locate element: {&quot;method&quot;:&quot;xpath&quot;,&quot;selector&quot;:&quot;//button[@id=&apos;MSMENUI3&apos;]&quot;}&#10;  (Session info: chrome=126.0.6478.57)&#10;For documentation on this error, please visit: https://www.selenium.dev/documentation/webdriver/troubleshooting/errors#no-such-element-exception&#10;Build info: version: &apos;4.22.0&apos;, revision: &apos;c5f3146703*&apos;&#10;System info: os.name: &apos;Windows 10&apos;, os.arch: &apos;amd64&apos;, os.version: &apos;10.0&apos;, java.version: &apos;15.0.2&apos;&#10;Driver info: org.openqa.selenium.chrome.ChromeDriver&#10;Command: [0314097ef25d954bb2cfd3e19f922b0e, findElement {value=//button[@id=&apos;MSMENUI3&apos;], using=xpath}]&#10;Capabilities {acceptInsecureCerts: false, browserName: chrome, browserVersion: 126.0.6478.57, chrome: {chromedriverVersion: 126.0.6478.126 (d36ace6122e..., userDataDir: C:\Users\KAJALS~1\AppData\L...}, fedcm:accounts: true, goog:chromeOptions: {debuggerAddress: localhost:65480}, networkConnectionEnabled: false, pageLoadStrategy: normal, platformName: windows, proxy: Proxy(), se:cdp: ws://localhost:65480/devtoo..., se:cdpVersion: 126.0.6478.57, setWindowRect: true, strictFileInteractability: false, timeouts: {implicit: 0, pageLoad: 300000, script: 30000}, unhandledPromptBehavior: dismiss and notify, webauthn:extension:credBlob: true, webauthn:extension:largeBlob: true, webauthn:extension:minPinLength: true, webauthn:extension:prf: true, webauthn:virtualAuthenticators: true}&#10;Session ID: 0314097ef25d954bb2cfd3e19f922b0e" type="org.openqa.selenium.NoSuchElementException"><![CDATA[org.openqa.selenium.NoSuchElementException: 
no such element: Unable to locate element: {"method":"xpath","selector":"//button[@id='MSMENUI3']"}
  (Session info: chrome=126.0.6478.57)
For documentation on this error, please visit: https://www.selenium.dev/documentation/webdriver/troubleshooting/errors#no-such-element-exception
Build info: version: '4.22.0', revision: 'c5f3146703*'
System info: os.name: 'Windows 10', os.arch: 'amd64', os.version: '10.0', java.version: '15.0.2'
Driver info: org.openqa.selenium.chrome.ChromeDriver
Command: [0314097ef25d954bb2cfd3e19f922b0e, findElement {value=//button[@id='MSMENUI3'], using=xpath}]
Capabilities {acceptInsecureCerts: false, browserName: chrome, browserVersion: 126.0.6478.57, chrome: {chromedriverVersion: 126.0.6478.126 (d36ace6122e..., userDataDir: C:\Users\KAJALS~1\AppData\L...}, fedcm:accounts: true, goog:chromeOptions: {debuggerAddress: localhost:65480}, networkConnectionEnabled: false, pageLoadStrategy: normal, platformName: windows, proxy: Proxy(), se:cdp: ws://localhost:65480/devtoo..., se:cdpVersion: 126.0.6478.57, setWindowRect: true, strictFileInteractability: false, timeouts: {implicit: 0, pageLoad: 300000, script: 30000}, unhandledPromptBehavior: dismiss and notify, webauthn:extension:credBlob: true, webauthn:extension:largeBlob: true, webauthn:extension:minPinLength: true, webauthn:extension:prf: true, webauthn:virtualAuthenticators: true}
Session ID: 0314097ef25d954bb2cfd3e19f922b0e
	at zapcg.Capillary.LocationPageTestCases.Location_ExistingUser_TestCases.initialize(Location_ExistingUser_TestCases.java:36)
]]></failure>
  </testcase>
  <testcase name="initialize[firefox, Tablet Landscape](0)" classname="zapcg.Capillary.LocationPageTestCases.Location_ExistingUser_TestCases" time="40.763">
    <failure message="Unable to locate element: //button[@id=&apos;MSMENUI3&apos;]&#10;For documentation on this error, please visit: https://www.selenium.dev/documentation/webdriver/troubleshooting/errors#no-such-element-exception&#10;Build info: version: &apos;4.22.0&apos;, revision: &apos;c5f3146703*&apos;&#10;System info: os.name: &apos;Windows 10&apos;, os.arch: &apos;amd64&apos;, os.version: &apos;10.0&apos;, java.version: &apos;15.0.2&apos;&#10;Driver info: org.openqa.selenium.firefox.FirefoxDriver&#10;Command: [3cdaba1b-184b-4e40-9f56-0f6504a99ed1, findElement {value=//button[@id=&apos;MSMENUI3&apos;], using=xpath}]&#10;Capabilities {acceptInsecureCerts: true, browserName: firefox, browserVersion: 128.0, moz:accessibilityChecks: false, moz:buildID: 20240628091536, moz:debuggerAddress: 127.0.0.1:22063, moz:geckodriverVersion: 0.34.0, moz:headless: false, moz:platformVersion: 10.0, moz:processID: 8820, moz:profile: C:\Users\KAJALS~1\AppData\L..., moz:shutdownTimeout: 60000, moz:webdriverClick: true, moz:windowless: false, pageLoadStrategy: normal, platformName: windows, proxy: Proxy(), se:cdp: ws://127.0.0.1:22063/devtoo..., se:cdpVersion: 85.0, setWindowRect: true, strictFileInteractability: false, timeouts: {implicit: 0, pageLoad: 300000, script: 30000}, unhandledPromptBehavior: dismiss and notify, userAgent: Mozilla/5.0 (Windows NT 10....}&#10;Session ID: 3cdaba1b-184b-4e40-9f56-0f6504a99ed1" type="org.openqa.selenium.NoSuchElementException"><![CDATA[org.openqa.selenium.NoSuchElementException: 
Unable to locate element: //button[@id='MSMENUI3']
For documentation on this error, please visit: https://www.selenium.dev/documentation/webdriver/troubleshooting/errors#no-such-element-exception
Build info: version: '4.22.0', revision: 'c5f3146703*'
System info: os.name: 'Windows 10', os.arch: 'amd64', os.version: '10.0', java.version: '15.0.2'
Driver info: org.openqa.selenium.firefox.FirefoxDriver
Command: [3cdaba1b-184b-4e40-9f56-0f6504a99ed1, findElement {value=//button[@id='MSMENUI3'], using=xpath}]
Capabilities {acceptInsecureCerts: true, browserName: firefox, browserVersion: 128.0, moz:accessibilityChecks: false, moz:buildID: 20240628091536, moz:debuggerAddress: 127.0.0.1:22063, moz:geckodriverVersion: 0.34.0, moz:headless: false, moz:platformVersion: 10.0, moz:processID: 8820, moz:profile: C:\Users\KAJALS~1\AppData\L..., moz:shutdownTimeout: 60000, moz:webdriverClick: true, moz:windowless: false, pageLoadStrategy: normal, platformName: windows, proxy: Proxy(), se:cdp: ws://127.0.0.1:22063/devtoo..., se:cdpVersion: 85.0, setWindowRect: true, strictFileInteractability: false, timeouts: {implicit: 0, pageLoad: 300000, script: 30000}, unhandledPromptBehavior: dismiss and notify, userAgent: Mozilla/5.0 (Windows NT 10....}
Session ID: 3cdaba1b-184b-4e40-9f56-0f6504a99ed1
	at zapcg.Capillary.LocationPageTestCases.Location_ExistingUser_TestCases.initialize(Location_ExistingUser_TestCases.java:36)
]]></failure>
    <system-out><![CDATA[The name of the testcase passed is : verifyHamBurgerLogoutOption
Test execution completed on FirefoxDriver with device: Tablet Landscape
]]></system-out>
  </testcase>
  <testcase name="initialize[firefox, iPhone 11 Pro Portrait](0)" classname="zapcg.Capillary.LocationPageTestCases.Location_ExistingUser_TestCases" time="39.137">
    <failure message="Unable to locate element: //button[@id=&apos;MSMENUI3&apos;]&#10;For documentation on this error, please visit: https://www.selenium.dev/documentation/webdriver/troubleshooting/errors#no-such-element-exception&#10;Build info: version: &apos;4.22.0&apos;, revision: &apos;c5f3146703*&apos;&#10;System info: os.name: &apos;Windows 10&apos;, os.arch: &apos;amd64&apos;, os.version: &apos;10.0&apos;, java.version: &apos;15.0.2&apos;&#10;Driver info: org.openqa.selenium.firefox.FirefoxDriver&#10;Command: [861a7a1c-55dd-43ea-a3df-4a808f741465, findElement {value=//button[@id=&apos;MSMENUI3&apos;], using=xpath}]&#10;Capabilities {acceptInsecureCerts: true, browserName: firefox, browserVersion: 128.0, moz:accessibilityChecks: false, moz:buildID: 20240628091536, moz:debuggerAddress: 127.0.0.1:26421, moz:geckodriverVersion: 0.34.0, moz:headless: false, moz:platformVersion: 10.0, moz:processID: 57604, moz:profile: C:\Users\KAJALS~1\AppData\L..., moz:shutdownTimeout: 60000, moz:webdriverClick: true, moz:windowless: false, pageLoadStrategy: normal, platformName: windows, proxy: Proxy(), se:cdp: ws://127.0.0.1:26421/devtoo..., se:cdpVersion: 85.0, setWindowRect: true, strictFileInteractability: false, timeouts: {implicit: 0, pageLoad: 300000, script: 30000}, unhandledPromptBehavior: dismiss and notify, userAgent: Mozilla/5.0 (Windows NT 10....}&#10;Session ID: 861a7a1c-55dd-43ea-a3df-4a808f741465" type="org.openqa.selenium.NoSuchElementException"><![CDATA[org.openqa.selenium.NoSuchElementException: 
Unable to locate element: //button[@id='MSMENUI3']
For documentation on this error, please visit: https://www.selenium.dev/documentation/webdriver/troubleshooting/errors#no-such-element-exception
Build info: version: '4.22.0', revision: 'c5f3146703*'
System info: os.name: 'Windows 10', os.arch: 'amd64', os.version: '10.0', java.version: '15.0.2'
Driver info: org.openqa.selenium.firefox.FirefoxDriver
Command: [861a7a1c-55dd-43ea-a3df-4a808f741465, findElement {value=//button[@id='MSMENUI3'], using=xpath}]
Capabilities {acceptInsecureCerts: true, browserName: firefox, browserVersion: 128.0, moz:accessibilityChecks: false, moz:buildID: 20240628091536, moz:debuggerAddress: 127.0.0.1:26421, moz:geckodriverVersion: 0.34.0, moz:headless: false, moz:platformVersion: 10.0, moz:processID: 57604, moz:profile: C:\Users\KAJALS~1\AppData\L..., moz:shutdownTimeout: 60000, moz:webdriverClick: true, moz:windowless: false, pageLoadStrategy: normal, platformName: windows, proxy: Proxy(), se:cdp: ws://127.0.0.1:26421/devtoo..., se:cdpVersion: 85.0, setWindowRect: true, strictFileInteractability: false, timeouts: {implicit: 0, pageLoad: 300000, script: 30000}, unhandledPromptBehavior: dismiss and notify, userAgent: Mozilla/5.0 (Windows NT 10....}
Session ID: 861a7a1c-55dd-43ea-a3df-4a808f741465
	at zapcg.Capillary.LocationPageTestCases.Location_ExistingUser_TestCases.initialize(Location_ExistingUser_TestCases.java:36)
]]></failure>
  </testcase>
  <testcase name="initialize[firefox, iPhone 11 Pro Landscape](0)" classname="zapcg.Capillary.LocationPageTestCases.Location_ExistingUser_TestCases" time="37.597">
    <failure message="Unable to locate element: //button[@id=&apos;MSMENUI3&apos;]&#10;For documentation on this error, please visit: https://www.selenium.dev/documentation/webdriver/troubleshooting/errors#no-such-element-exception&#10;Build info: version: &apos;4.22.0&apos;, revision: &apos;c5f3146703*&apos;&#10;System info: os.name: &apos;Windows 10&apos;, os.arch: &apos;amd64&apos;, os.version: &apos;10.0&apos;, java.version: &apos;15.0.2&apos;&#10;Driver info: org.openqa.selenium.firefox.FirefoxDriver&#10;Command: [64083c07-0b17-4920-be92-e72d2b56c7e5, findElement {value=//button[@id=&apos;MSMENUI3&apos;], using=xpath}]&#10;Capabilities {acceptInsecureCerts: true, browserName: firefox, browserVersion: 128.0, moz:accessibilityChecks: false, moz:buildID: 20240628091536, moz:debuggerAddress: 127.0.0.1:11794, moz:geckodriverVersion: 0.34.0, moz:headless: false, moz:platformVersion: 10.0, moz:processID: 50028, moz:profile: C:\Users\KAJALS~1\AppData\L..., moz:shutdownTimeout: 60000, moz:webdriverClick: true, moz:windowless: false, pageLoadStrategy: normal, platformName: windows, proxy: Proxy(), se:cdp: ws://127.0.0.1:11794/devtoo..., se:cdpVersion: 85.0, setWindowRect: true, strictFileInteractability: false, timeouts: {implicit: 0, pageLoad: 300000, script: 30000}, unhandledPromptBehavior: dismiss and notify, userAgent: Mozilla/5.0 (Windows NT 10....}&#10;Session ID: 64083c07-0b17-4920-be92-e72d2b56c7e5" type="org.openqa.selenium.NoSuchElementException"><![CDATA[org.openqa.selenium.NoSuchElementException: 
Unable to locate element: //button[@id='MSMENUI3']
For documentation on this error, please visit: https://www.selenium.dev/documentation/webdriver/troubleshooting/errors#no-such-element-exception
Build info: version: '4.22.0', revision: 'c5f3146703*'
System info: os.name: 'Windows 10', os.arch: 'amd64', os.version: '10.0', java.version: '15.0.2'
Driver info: org.openqa.selenium.firefox.FirefoxDriver
Command: [64083c07-0b17-4920-be92-e72d2b56c7e5, findElement {value=//button[@id='MSMENUI3'], using=xpath}]
Capabilities {acceptInsecureCerts: true, browserName: firefox, browserVersion: 128.0, moz:accessibilityChecks: false, moz:buildID: 20240628091536, moz:debuggerAddress: 127.0.0.1:11794, moz:geckodriverVersion: 0.34.0, moz:headless: false, moz:platformVersion: 10.0, moz:processID: 50028, moz:profile: C:\Users\KAJALS~1\AppData\L..., moz:shutdownTimeout: 60000, moz:webdriverClick: true, moz:windowless: false, pageLoadStrategy: normal, platformName: windows, proxy: Proxy(), se:cdp: ws://127.0.0.1:11794/devtoo..., se:cdpVersion: 85.0, setWindowRect: true, strictFileInteractability: false, timeouts: {implicit: 0, pageLoad: 300000, script: 30000}, unhandledPromptBehavior: dismiss and notify, userAgent: Mozilla/5.0 (Windows NT 10....}
Session ID: 64083c07-0b17-4920-be92-e72d2b56c7e5
	at zapcg.Capillary.LocationPageTestCases.Location_ExistingUser_TestCases.initialize(Location_ExistingUser_TestCases.java:36)
]]></failure>
  </testcase>
  <testcase name="initialize[firefox, Galaxy S20 Portrait](0)" classname="zapcg.Capillary.LocationPageTestCases.Location_ExistingUser_TestCases" time="39.336">
    <failure message="TypeError: can&apos;t access property &quot;getActor&quot;, browsingContext.currentWindowGlobal is null&#10;Build info: version: &apos;4.22.0&apos;, revision: &apos;c5f3146703*&apos;&#10;System info: os.name: &apos;Windows 10&apos;, os.arch: &apos;amd64&apos;, os.version: &apos;10.0&apos;, java.version: &apos;15.0.2&apos;&#10;Driver info: org.openqa.selenium.firefox.FirefoxDriver&#10;Command: [9a6a6583-681e-4853-93ab-b79102802bcc, findElement {value=//button[@id=&apos;MSMENUI3&apos;], using=xpath}]&#10;Capabilities {acceptInsecureCerts: true, browserName: firefox, browserVersion: 128.0, moz:accessibilityChecks: false, moz:buildID: 20240628091536, moz:debuggerAddress: 127.0.0.1:11867, moz:geckodriverVersion: 0.34.0, moz:headless: false, moz:platformVersion: 10.0, moz:processID: 65420, moz:profile: C:\Users\KAJALS~1\AppData\L..., moz:shutdownTimeout: 60000, moz:webdriverClick: true, moz:windowless: false, pageLoadStrategy: normal, platformName: windows, proxy: Proxy(), se:cdp: ws://127.0.0.1:11867/devtoo..., se:cdpVersion: 85.0, setWindowRect: true, strictFileInteractability: false, timeouts: {implicit: 0, pageLoad: 300000, script: 30000}, unhandledPromptBehavior: dismiss and notify, userAgent: Mozilla/5.0 (Windows NT 10....}&#10;Session ID: 9a6a6583-681e-4853-93ab-b79102802bcc" type="org.openqa.selenium.WebDriverException"><![CDATA[org.openqa.selenium.WebDriverException: 
TypeError: can't access property "getActor", browsingContext.currentWindowGlobal is null
Build info: version: '4.22.0', revision: 'c5f3146703*'
System info: os.name: 'Windows 10', os.arch: 'amd64', os.version: '10.0', java.version: '15.0.2'
Driver info: org.openqa.selenium.firefox.FirefoxDriver
Command: [9a6a6583-681e-4853-93ab-b79102802bcc, findElement {value=//button[@id='MSMENUI3'], using=xpath}]
Capabilities {acceptInsecureCerts: true, browserName: firefox, browserVersion: 128.0, moz:accessibilityChecks: false, moz:buildID: 20240628091536, moz:debuggerAddress: 127.0.0.1:11867, moz:geckodriverVersion: 0.34.0, moz:headless: false, moz:platformVersion: 10.0, moz:processID: 65420, moz:profile: C:\Users\KAJALS~1\AppData\L..., moz:shutdownTimeout: 60000, moz:webdriverClick: true, moz:windowless: false, pageLoadStrategy: normal, platformName: windows, proxy: Proxy(), se:cdp: ws://127.0.0.1:11867/devtoo..., se:cdpVersion: 85.0, setWindowRect: true, strictFileInteractability: false, timeouts: {implicit: 0, pageLoad: 300000, script: 30000}, unhandledPromptBehavior: dismiss and notify, userAgent: Mozilla/5.0 (Windows NT 10....}
Session ID: 9a6a6583-681e-4853-93ab-b79102802bcc
	at zapcg.Capillary.LocationPageTestCases.Location_ExistingUser_TestCases.initialize(Location_ExistingUser_TestCases.java:36)
]]></failure>
  </testcase>
  <testcase name="initialize[firefox, Galaxy S20 Landscape](0)" classname="zapcg.Capillary.LocationPageTestCases.Location_ExistingUser_TestCases" time="37.646">
    <failure message="Unable to locate element: //button[@id=&apos;MSMENUI3&apos;]&#10;For documentation on this error, please visit: https://www.selenium.dev/documentation/webdriver/troubleshooting/errors#no-such-element-exception&#10;Build info: version: &apos;4.22.0&apos;, revision: &apos;c5f3146703*&apos;&#10;System info: os.name: &apos;Windows 10&apos;, os.arch: &apos;amd64&apos;, os.version: &apos;10.0&apos;, java.version: &apos;15.0.2&apos;&#10;Driver info: org.openqa.selenium.firefox.FirefoxDriver&#10;Command: [217a7b38-d555-48b5-a4e0-76905db72f06, findElement {value=//button[@id=&apos;MSMENUI3&apos;], using=xpath}]&#10;Capabilities {acceptInsecureCerts: true, browserName: firefox, browserVersion: 128.0, moz:accessibilityChecks: false, moz:buildID: 20240628091536, moz:debuggerAddress: 127.0.0.1:31356, moz:geckodriverVersion: 0.34.0, moz:headless: false, moz:platformVersion: 10.0, moz:processID: 62788, moz:profile: C:\Users\KAJALS~1\AppData\L..., moz:shutdownTimeout: 60000, moz:webdriverClick: true, moz:windowless: false, pageLoadStrategy: normal, platformName: windows, proxy: Proxy(), se:cdp: ws://127.0.0.1:31356/devtoo..., se:cdpVersion: 85.0, setWindowRect: true, strictFileInteractability: false, timeouts: {implicit: 0, pageLoad: 300000, script: 30000}, unhandledPromptBehavior: dismiss and notify, userAgent: Mozilla/5.0 (Windows NT 10....}&#10;Session ID: 217a7b38-d555-48b5-a4e0-76905db72f06" type="org.openqa.selenium.NoSuchElementException"><![CDATA[org.openqa.selenium.NoSuchElementException: 
Unable to locate element: //button[@id='MSMENUI3']
For documentation on this error, please visit: https://www.selenium.dev/documentation/webdriver/troubleshooting/errors#no-such-element-exception
Build info: version: '4.22.0', revision: 'c5f3146703*'
System info: os.name: 'Windows 10', os.arch: 'amd64', os.version: '10.0', java.version: '15.0.2'
Driver info: org.openqa.selenium.firefox.FirefoxDriver
Command: [217a7b38-d555-48b5-a4e0-76905db72f06, findElement {value=//button[@id='MSMENUI3'], using=xpath}]
Capabilities {acceptInsecureCerts: true, browserName: firefox, browserVersion: 128.0, moz:accessibilityChecks: false, moz:buildID: 20240628091536, moz:debuggerAddress: 127.0.0.1:31356, moz:geckodriverVersion: 0.34.0, moz:headless: false, moz:platformVersion: 10.0, moz:processID: 62788, moz:profile: C:\Users\KAJALS~1\AppData\L..., moz:shutdownTimeout: 60000, moz:webdriverClick: true, moz:windowless: false, pageLoadStrategy: normal, platformName: windows, proxy: Proxy(), se:cdp: ws://127.0.0.1:31356/devtoo..., se:cdpVersion: 85.0, setWindowRect: true, strictFileInteractability: false, timeouts: {implicit: 0, pageLoad: 300000, script: 30000}, unhandledPromptBehavior: dismiss and notify, userAgent: Mozilla/5.0 (Windows NT 10....}
Session ID: 217a7b38-d555-48b5-a4e0-76905db72f06
	at zapcg.Capillary.LocationPageTestCases.Location_ExistingUser_TestCases.initialize(Location_ExistingUser_TestCases.java:36)
]]></failure>
  </testcase>
  <testcase name="verifyScanButtonAvailability" classname="zapcg.Capillary.MemberLookupTestCases.MemberLookup_TestCases" time="1.622">
    <system-out><![CDATA[The name of the testcase passed is : navigatedFromLocationToLookupScreen
Test execution completed on ChromeDriver with device: Tablet Portrait
 Test case started: verifyScanButtonAvailability
The scan QR button is enabled.
]]></system-out>
  </testcase>
  <testcase name="verifyScanButtonAvailability" classname="zapcg.Capillary.MemberLookupTestCases.MemberLookup_TestCases" time="1.56">
    <system-out><![CDATA[The name of the testcase passed is : navigatedFromLocationToLookupScreen
Test execution completed on ChromeDriver with device: Tablet Landscape
 Test case started: verifyScanButtonAvailability
The scan QR button is enabled.
]]></system-out>
  </testcase>
  <testcase name="verifyScanButtonAvailability" classname="zapcg.Capillary.MemberLookupTestCases.MemberLookup_TestCases" time="1.584">
    <system-out><![CDATA[The name of the testcase passed is : navigatedFromLocationToLookupScreen
Test execution completed on ChromeDriver with device: iPhone 11 Pro Portrait
 Test case started: verifyScanButtonAvailability
The scan QR button is enabled.
]]></system-out>
  </testcase>
  <testcase name="verifyScanButtonAvailability" classname="zapcg.Capillary.MemberLookupTestCases.MemberLookup_TestCases" time="60.117">
    <failure message="An unexpected error occurred: Expected condition failed: waiting for element to be clickable: Proxy element for: DefaultElementLocator &apos;By.xpath: //button[@id=&apos;MS020B&apos;]&apos; (tried for 10 second(s) with 500 milliseconds interval)" type="java.lang.AssertionError"><![CDATA[java.lang.AssertionError: An unexpected error occurred: Expected condition failed: waiting for element to be clickable: Proxy element for: DefaultElementLocator 'By.xpath: //button[@id='MS020B']' (tried for 10 second(s) with 500 milliseconds interval)
	at zapcg.Capillary.MemberLookupTestCases.MemberLookup_TestCases.verifyScanButtonAvailability(MemberLookup_TestCases.java:54)
]]></failure>
    <system-out><![CDATA[ Test case started: verifyScanButtonAvailability
An unexpected error occurred: Expected condition failed: waiting for element to be clickable: Proxy element for: DefaultElementLocator 'By.xpath: //button[@id='MS020B']' (tried for 10 second(s) with 500 milliseconds interval)
]]></system-out>
  </testcase>
  <testcase name="verifyScanButtonAvailability" classname="zapcg.Capillary.MemberLookupTestCases.MemberLookup_TestCases" time="60.07">
    <failure message="An unexpected error occurred: Expected condition failed: waiting for element to be clickable: Proxy element for: DefaultElementLocator &apos;By.xpath: //button[@id=&apos;MS020B&apos;]&apos; (tried for 10 second(s) with 500 milliseconds interval)" type="java.lang.AssertionError"><![CDATA[java.lang.AssertionError: An unexpected error occurred: Expected condition failed: waiting for element to be clickable: Proxy element for: DefaultElementLocator 'By.xpath: //button[@id='MS020B']' (tried for 10 second(s) with 500 milliseconds interval)
	at zapcg.Capillary.MemberLookupTestCases.MemberLookup_TestCases.verifyScanButtonAvailability(MemberLookup_TestCases.java:54)
]]></failure>
    <system-out><![CDATA[ Test case started: verifyScanButtonAvailability
An unexpected error occurred: Expected condition failed: waiting for element to be clickable: Proxy element for: DefaultElementLocator 'By.xpath: //button[@id='MS020B']' (tried for 10 second(s) with 500 milliseconds interval)
]]></system-out>
  </testcase>
  <testcase name="verifyScanButtonAvailability" classname="zapcg.Capillary.MemberLookupTestCases.MemberLookup_TestCases" time="1.303">
    <system-out><![CDATA[The name of the testcase passed is : navigatedFromLocationToLookupScreen
Test execution completed on ChromeDriver with device: Galaxy S20 Landscape
 Test case started: verifyScanButtonAvailability
The scan QR button is enabled.
]]></system-out>
  </testcase>
  <testcase name="verifyScanButtonAvailability" classname="zapcg.Capillary.MemberLookupTestCases.MemberLookup_TestCases" time="0.959">
    <system-out><![CDATA[The name of the testcase failed is : navigatedFromLocationToLookupScreen
Test execution completed on FirefoxDriver with device: Tablet Portrait
 Test case started: verifyScanButtonAvailability
The scan QR button is enabled.
]]></system-out>
  </testcase>
  <testcase name="verifyScanButtonAvailability" classname="zapcg.Capillary.MemberLookupTestCases.MemberLookup_TestCases" time="60.019">
    <failure message="An unexpected error occurred: Expected condition failed: waiting for element to be clickable: Proxy element for: DefaultElementLocator &apos;By.xpath: //button[@id=&apos;MS020B&apos;]&apos; (tried for 10 second(s) with 500 milliseconds interval)" type="java.lang.AssertionError"><![CDATA[java.lang.AssertionError: An unexpected error occurred: Expected condition failed: waiting for element to be clickable: Proxy element for: DefaultElementLocator 'By.xpath: //button[@id='MS020B']' (tried for 10 second(s) with 500 milliseconds interval)
	at zapcg.Capillary.MemberLookupTestCases.MemberLookup_TestCases.verifyScanButtonAvailability(MemberLookup_TestCases.java:54)
]]></failure>
    <system-out><![CDATA[ Test case started: verifyScanButtonAvailability
An unexpected error occurred: Expected condition failed: waiting for element to be clickable: Proxy element for: DefaultElementLocator 'By.xpath: //button[@id='MS020B']' (tried for 10 second(s) with 500 milliseconds interval)
]]></system-out>
  </testcase>
  <testcase name="verifyScanButtonAvailability" classname="zapcg.Capillary.MemberLookupTestCases.MemberLookup_TestCases" time="60.031">
    <failure message="An unexpected error occurred: Expected condition failed: waiting for element to be clickable: Proxy element for: DefaultElementLocator &apos;By.xpath: //button[@id=&apos;MS020B&apos;]&apos; (tried for 10 second(s) with 500 milliseconds interval)" type="java.lang.AssertionError"><![CDATA[java.lang.AssertionError: An unexpected error occurred: Expected condition failed: waiting for element to be clickable: Proxy element for: DefaultElementLocator 'By.xpath: //button[@id='MS020B']' (tried for 10 second(s) with 500 milliseconds interval)
	at zapcg.Capillary.MemberLookupTestCases.MemberLookup_TestCases.verifyScanButtonAvailability(MemberLookup_TestCases.java:54)
]]></failure>
    <system-out><![CDATA[ Test case started: verifyScanButtonAvailability
An unexpected error occurred: Expected condition failed: waiting for element to be clickable: Proxy element for: DefaultElementLocator 'By.xpath: //button[@id='MS020B']' (tried for 10 second(s) with 500 milliseconds interval)
]]></system-out>
  </testcase>
  <testcase name="verifyScanButtonAvailability" classname="zapcg.Capillary.MemberLookupTestCases.MemberLookup_TestCases" time="60.023">
    <failure message="An unexpected error occurred: Expected condition failed: waiting for element to be clickable: Proxy element for: DefaultElementLocator &apos;By.xpath: //button[@id=&apos;MS020B&apos;]&apos; (tried for 10 second(s) with 500 milliseconds interval)" type="java.lang.AssertionError"><![CDATA[java.lang.AssertionError: An unexpected error occurred: Expected condition failed: waiting for element to be clickable: Proxy element for: DefaultElementLocator 'By.xpath: //button[@id='MS020B']' (tried for 10 second(s) with 500 milliseconds interval)
	at zapcg.Capillary.MemberLookupTestCases.MemberLookup_TestCases.verifyScanButtonAvailability(MemberLookup_TestCases.java:54)
]]></failure>
    <system-out><![CDATA[ Test case started: verifyScanButtonAvailability
An unexpected error occurred: Expected condition failed: waiting for element to be clickable: Proxy element for: DefaultElementLocator 'By.xpath: //button[@id='MS020B']' (tried for 10 second(s) with 500 milliseconds interval)
]]></system-out>
  </testcase>
  <testcase name="verifyScanButtonAvailability" classname="zapcg.Capillary.MemberLookupTestCases.MemberLookup_TestCases" time="60.04">
    <failure message="An unexpected error occurred: Expected condition failed: waiting for element to be clickable: Proxy element for: DefaultElementLocator &apos;By.xpath: //button[@id=&apos;MS020B&apos;]&apos; (tried for 10 second(s) with 500 milliseconds interval)" type="java.lang.AssertionError"><![CDATA[java.lang.AssertionError: An unexpected error occurred: Expected condition failed: waiting for element to be clickable: Proxy element for: DefaultElementLocator 'By.xpath: //button[@id='MS020B']' (tried for 10 second(s) with 500 milliseconds interval)
	at zapcg.Capillary.MemberLookupTestCases.MemberLookup_TestCases.verifyScanButtonAvailability(MemberLookup_TestCases.java:54)
]]></failure>
    <system-out><![CDATA[ Test case started: verifyScanButtonAvailability
An unexpected error occurred: Expected condition failed: waiting for element to be clickable: Proxy element for: DefaultElementLocator 'By.xpath: //button[@id='MS020B']' (tried for 10 second(s) with 500 milliseconds interval)
]]></system-out>
  </testcase>
  <testcase name="verifyScanButtonAvailability" classname="zapcg.Capillary.MemberLookupTestCases.MemberLookup_TestCases" time="60.015">
    <failure message="An unexpected error occurred: Expected condition failed: waiting for element to be clickable: Proxy element for: DefaultElementLocator &apos;By.xpath: //button[@id=&apos;MS020B&apos;]&apos; (tried for 10 second(s) with 500 milliseconds interval)" type="java.lang.AssertionError"><![CDATA[java.lang.AssertionError: An unexpected error occurred: Expected condition failed: waiting for element to be clickable: Proxy element for: DefaultElementLocator 'By.xpath: //button[@id='MS020B']' (tried for 10 second(s) with 500 milliseconds interval)
	at zapcg.Capillary.MemberLookupTestCases.MemberLookup_TestCases.verifyScanButtonAvailability(MemberLookup_TestCases.java:54)
]]></failure>
    <system-out><![CDATA[ Test case started: verifyScanButtonAvailability
An unexpected error occurred: Expected condition failed: waiting for element to be clickable: Proxy element for: DefaultElementLocator 'By.xpath: //button[@id='MS020B']' (tried for 10 second(s) with 500 milliseconds interval)
]]></system-out>
  </testcase>
  <testcase name="enterValidMemberId" classname="zapcg.Capillary.MemberLookupTestCases.MemberLookup_TestCases" time="61.44">
    <failure message="An error occurred during navigation verification: Expected condition failed: waiting for visibility of Proxy element for: DefaultElementLocator &apos;By.xpath: //div[@id=&apos;EPCONT&apos;]&apos; (tried for 20 second(s) with 500 milliseconds interval)" type="java.lang.AssertionError"><![CDATA[java.lang.AssertionError: An error occurred during navigation verification: Expected condition failed: waiting for visibility of Proxy element for: DefaultElementLocator 'By.xpath: //div[@id='EPCONT']' (tried for 20 second(s) with 500 milliseconds interval)
	at zapcg.Capillary.MemberLookupTestCases.MemberLookup_TestCases.enterValidMemberId(MemberLookup_TestCases.java:63)
]]></failure>
    <system-out><![CDATA[The name of the testcase passed is : verifyScanButtonAvailability
Test execution completed on ChromeDriver with device: Tablet Portrait
 Test case started: enterValidMemberId
An error occurred during navigation: Expected condition failed: waiting for visibility of Proxy element for: DefaultElementLocator 'By.xpath: //div[@id='EPCONT']' (tried for 20 second(s) with 500 milliseconds interval)
]]></system-out>
  </testcase>
  <testcase name="enterValidMemberId" classname="zapcg.Capillary.MemberLookupTestCases.MemberLookup_TestCases" time="61.769">
    <failure message="An error occurred during navigation verification: Expected condition failed: waiting for visibility of Proxy element for: DefaultElementLocator &apos;By.xpath: //div[@id=&apos;EPCONT&apos;]&apos; (tried for 20 second(s) with 500 milliseconds interval)" type="java.lang.AssertionError"><![CDATA[java.lang.AssertionError: An error occurred during navigation verification: Expected condition failed: waiting for visibility of Proxy element for: DefaultElementLocator 'By.xpath: //div[@id='EPCONT']' (tried for 20 second(s) with 500 milliseconds interval)
	at zapcg.Capillary.MemberLookupTestCases.MemberLookup_TestCases.enterValidMemberId(MemberLookup_TestCases.java:63)
]]></failure>
    <system-out><![CDATA[The name of the testcase passed is : verifyScanButtonAvailability
Test execution completed on ChromeDriver with device: Tablet Landscape
 Test case started: enterValidMemberId
An error occurred during navigation: Expected condition failed: waiting for visibility of Proxy element for: DefaultElementLocator 'By.xpath: //div[@id='EPCONT']' (tried for 20 second(s) with 500 milliseconds interval)
]]></system-out>
  </testcase>
  <testcase name="enterValidMemberId" classname="zapcg.Capillary.MemberLookupTestCases.MemberLookup_TestCases" time="61.79">
    <failure message="An error occurred during navigation verification: Expected condition failed: waiting for visibility of Proxy element for: DefaultElementLocator &apos;By.xpath: //div[@id=&apos;EPCONT&apos;]&apos; (tried for 20 second(s) with 500 milliseconds interval)" type="java.lang.AssertionError"><![CDATA[java.lang.AssertionError: An error occurred during navigation verification: Expected condition failed: waiting for visibility of Proxy element for: DefaultElementLocator 'By.xpath: //div[@id='EPCONT']' (tried for 20 second(s) with 500 milliseconds interval)
	at zapcg.Capillary.MemberLookupTestCases.MemberLookup_TestCases.enterValidMemberId(MemberLookup_TestCases.java:63)
]]></failure>
    <system-out><![CDATA[The name of the testcase passed is : verifyScanButtonAvailability
Test execution completed on ChromeDriver with device: iPhone 11 Pro Portrait
 Test case started: enterValidMemberId
An error occurred during navigation: Expected condition failed: waiting for visibility of Proxy element for: DefaultElementLocator 'By.xpath: //div[@id='EPCONT']' (tried for 20 second(s) with 500 milliseconds interval)
]]></system-out>
  </testcase>
  <testcase name="enterValidMemberId" classname="zapcg.Capillary.MemberLookupTestCases.MemberLookup_TestCases" time="30.007">
    <failure message="no such element: Unable to locate element: {&quot;method&quot;:&quot;css selector&quot;,&quot;selector&quot;:&quot;#MS016IN&quot;}&#10;  (Session info: chrome=126.0.6478.57)&#10;For documentation on this error, please visit: https://www.selenium.dev/documentation/webdriver/troubleshooting/errors#no-such-element-exception&#10;Build info: version: &apos;4.22.0&apos;, revision: &apos;c5f3146703*&apos;&#10;System info: os.name: &apos;Windows 10&apos;, os.arch: &apos;amd64&apos;, os.version: &apos;10.0&apos;, java.version: &apos;15.0.2&apos;&#10;Driver info: org.openqa.selenium.chrome.ChromeDriver&#10;Command: [f497bb0fdf779a5bcdb1e02066c3810a, findElement {value=MS016IN, using=id}]&#10;Capabilities {acceptInsecureCerts: false, browserName: chrome, browserVersion: 126.0.6478.57, chrome: {chromedriverVersion: 126.0.6478.126 (d36ace6122e..., userDataDir: C:\Users\KAJALS~1\AppData\L...}, fedcm:accounts: true, goog:chromeOptions: {debuggerAddress: localhost:64597}, networkConnectionEnabled: false, pageLoadStrategy: normal, platformName: windows, proxy: Proxy(), se:cdp: ws://localhost:64597/devtoo..., se:cdpVersion: 126.0.6478.57, setWindowRect: true, strictFileInteractability: false, timeouts: {implicit: 0, pageLoad: 300000, script: 30000}, unhandledPromptBehavior: dismiss and notify, webauthn:extension:credBlob: true, webauthn:extension:largeBlob: true, webauthn:extension:minPinLength: true, webauthn:extension:prf: true, webauthn:virtualAuthenticators: true}&#10;Session ID: f497bb0fdf779a5bcdb1e02066c3810a" type="org.openqa.selenium.NoSuchElementException"><![CDATA[org.openqa.selenium.NoSuchElementException: 
no such element: Unable to locate element: {"method":"css selector","selector":"#MS016IN"}
  (Session info: chrome=126.0.6478.57)
For documentation on this error, please visit: https://www.selenium.dev/documentation/webdriver/troubleshooting/errors#no-such-element-exception
Build info: version: '4.22.0', revision: 'c5f3146703*'
System info: os.name: 'Windows 10', os.arch: 'amd64', os.version: '10.0', java.version: '15.0.2'
Driver info: org.openqa.selenium.chrome.ChromeDriver
Command: [f497bb0fdf779a5bcdb1e02066c3810a, findElement {value=MS016IN, using=id}]
Capabilities {acceptInsecureCerts: false, browserName: chrome, browserVersion: 126.0.6478.57, chrome: {chromedriverVersion: 126.0.6478.126 (d36ace6122e..., userDataDir: C:\Users\KAJALS~1\AppData\L...}, fedcm:accounts: true, goog:chromeOptions: {debuggerAddress: localhost:64597}, networkConnectionEnabled: false, pageLoadStrategy: normal, platformName: windows, proxy: Proxy(), se:cdp: ws://localhost:64597/devtoo..., se:cdpVersion: 126.0.6478.57, setWindowRect: true, strictFileInteractability: false, timeouts: {implicit: 0, pageLoad: 300000, script: 30000}, unhandledPromptBehavior: dismiss and notify, webauthn:extension:credBlob: true, webauthn:extension:largeBlob: true, webauthn:extension:minPinLength: true, webauthn:extension:prf: true, webauthn:virtualAuthenticators: true}
Session ID: f497bb0fdf779a5bcdb1e02066c3810a
	at zapcg.Capillary.MemberLookupTestCases.MemberLookup_TestCases.enterValidMemberId(MemberLookup_TestCases.java:61)
]]></failure>
    <system-out><![CDATA[The name of the testcase failed is : verifyScanButtonAvailability
Test execution completed on ChromeDriver with device: iPhone 11 Pro Landscape
 Test case started: enterValidMemberId
]]></system-out>
  </testcase>
  <testcase name="enterValidMemberId" classname="zapcg.Capillary.MemberLookupTestCases.MemberLookup_TestCases" time="10.376">
    <failure message="Unable to find element with locator By.id: MS016IN&#10;For documentation on this error, please visit: https://www.selenium.dev/documentation/webdriver/troubleshooting/errors#no-such-element-exception&#10;Build info: version: &apos;4.22.0&apos;, revision: &apos;c5f3146703*&apos;&#10;System info: os.name: &apos;Windows 10&apos;, os.arch: &apos;amd64&apos;, os.version: &apos;10.0&apos;, java.version: &apos;15.0.2&apos;&#10;Driver info: driver.version: RemoteWebDriver" type="org.openqa.selenium.NoSuchElementException"><![CDATA[org.openqa.selenium.NoSuchElementException: 
Unable to find element with locator By.id: MS016IN
For documentation on this error, please visit: https://www.selenium.dev/documentation/webdriver/troubleshooting/errors#no-such-element-exception
Build info: version: '4.22.0', revision: 'c5f3146703*'
System info: os.name: 'Windows 10', os.arch: 'amd64', os.version: '10.0', java.version: '15.0.2'
Driver info: driver.version: RemoteWebDriver
	at zapcg.Capillary.MemberLookupTestCases.MemberLookup_TestCases.enterValidMemberId(MemberLookup_TestCases.java:61)
]]></failure>
    <system-out><![CDATA[The name of the testcase failed is : verifyScanButtonAvailability
Test execution completed on ChromeDriver with device: Galaxy S20 Portrait
 Test case started: enterValidMemberId
]]></system-out>
  </testcase>
  <testcase name="enterValidMemberId" classname="zapcg.Capillary.MemberLookupTestCases.MemberLookup_TestCases" time="62.251">
    <failure message="An error occurred during navigation verification: Expected condition failed: waiting for visibility of Proxy element for: DefaultElementLocator &apos;By.xpath: //div[@id=&apos;EPCONT&apos;]&apos; (tried for 20 second(s) with 500 milliseconds interval)" type="java.lang.AssertionError"><![CDATA[java.lang.AssertionError: An error occurred during navigation verification: Expected condition failed: waiting for visibility of Proxy element for: DefaultElementLocator 'By.xpath: //div[@id='EPCONT']' (tried for 20 second(s) with 500 milliseconds interval)
	at zapcg.Capillary.MemberLookupTestCases.MemberLookup_TestCases.enterValidMemberId(MemberLookup_TestCases.java:63)
]]></failure>
    <system-out><![CDATA[The name of the testcase passed is : verifyScanButtonAvailability
Test execution completed on ChromeDriver with device: Galaxy S20 Landscape
 Test case started: enterValidMemberId
An error occurred during navigation: Expected condition failed: waiting for visibility of Proxy element for: DefaultElementLocator 'By.xpath: //div[@id='EPCONT']' (tried for 20 second(s) with 500 milliseconds interval)
]]></system-out>
  </testcase>
  <testcase name="enterValidMemberId" classname="zapcg.Capillary.MemberLookupTestCases.MemberLookup_TestCases" time="61.874">
    <failure message="An error occurred during navigation verification: Expected condition failed: waiting for visibility of Proxy element for: DefaultElementLocator &apos;By.xpath: //div[@id=&apos;EPCONT&apos;]&apos; (tried for 20 second(s) with 500 milliseconds interval)" type="java.lang.AssertionError"><![CDATA[java.lang.AssertionError: An error occurred during navigation verification: Expected condition failed: waiting for visibility of Proxy element for: DefaultElementLocator 'By.xpath: //div[@id='EPCONT']' (tried for 20 second(s) with 500 milliseconds interval)
	at zapcg.Capillary.MemberLookupTestCases.MemberLookup_TestCases.enterValidMemberId(MemberLookup_TestCases.java:63)
]]></failure>
    <system-out><![CDATA[The name of the testcase passed is : verifyScanButtonAvailability
Test execution completed on FirefoxDriver with device: Tablet Portrait
 Test case started: enterValidMemberId
An error occurred during navigation: Expected condition failed: waiting for visibility of Proxy element for: DefaultElementLocator 'By.xpath: //div[@id='EPCONT']' (tried for 20 second(s) with 500 milliseconds interval)
]]></system-out>
  </testcase>
  <testcase name="enterValidMemberId" classname="zapcg.Capillary.MemberLookupTestCases.MemberLookup_TestCases" time="30.01">
    <failure message="Unable to locate element: #MS016IN&#10;For documentation on this error, please visit: https://www.selenium.dev/documentation/webdriver/troubleshooting/errors#no-such-element-exception&#10;Build info: version: &apos;4.22.0&apos;, revision: &apos;c5f3146703*&apos;&#10;System info: os.name: &apos;Windows 10&apos;, os.arch: &apos;amd64&apos;, os.version: &apos;10.0&apos;, java.version: &apos;15.0.2&apos;&#10;Driver info: org.openqa.selenium.firefox.FirefoxDriver&#10;Command: [9899837a-b5bb-498b-a91c-438f30c5a3e4, findElement {value=MS016IN, using=id}]&#10;Capabilities {acceptInsecureCerts: true, browserName: firefox, browserVersion: 128.0, moz:accessibilityChecks: false, moz:buildID: 20240628091536, moz:debuggerAddress: 127.0.0.1:42429, moz:geckodriverVersion: 0.34.0, moz:headless: false, moz:platformVersion: 10.0, moz:processID: 60140, moz:profile: C:\Users\KAJALS~1\AppData\L..., moz:shutdownTimeout: 60000, moz:webdriverClick: true, moz:windowless: false, pageLoadStrategy: normal, platformName: windows, proxy: Proxy(), se:cdp: ws://127.0.0.1:42429/devtoo..., se:cdpVersion: 85.0, setWindowRect: true, strictFileInteractability: false, timeouts: {implicit: 0, pageLoad: 300000, script: 30000}, unhandledPromptBehavior: dismiss and notify, userAgent: Mozilla/5.0 (Windows NT 10....}&#10;Session ID: 9899837a-b5bb-498b-a91c-438f30c5a3e4" type="org.openqa.selenium.NoSuchElementException"><![CDATA[org.openqa.selenium.NoSuchElementException: 
Unable to locate element: #MS016IN
For documentation on this error, please visit: https://www.selenium.dev/documentation/webdriver/troubleshooting/errors#no-such-element-exception
Build info: version: '4.22.0', revision: 'c5f3146703*'
System info: os.name: 'Windows 10', os.arch: 'amd64', os.version: '10.0', java.version: '15.0.2'
Driver info: org.openqa.selenium.firefox.FirefoxDriver
Command: [9899837a-b5bb-498b-a91c-438f30c5a3e4, findElement {value=MS016IN, using=id}]
Capabilities {acceptInsecureCerts: true, browserName: firefox, browserVersion: 128.0, moz:accessibilityChecks: false, moz:buildID: 20240628091536, moz:debuggerAddress: 127.0.0.1:42429, moz:geckodriverVersion: 0.34.0, moz:headless: false, moz:platformVersion: 10.0, moz:processID: 60140, moz:profile: C:\Users\KAJALS~1\AppData\L..., moz:shutdownTimeout: 60000, moz:webdriverClick: true, moz:windowless: false, pageLoadStrategy: normal, platformName: windows, proxy: Proxy(), se:cdp: ws://127.0.0.1:42429/devtoo..., se:cdpVersion: 85.0, setWindowRect: true, strictFileInteractability: false, timeouts: {implicit: 0, pageLoad: 300000, script: 30000}, unhandledPromptBehavior: dismiss and notify, userAgent: Mozilla/5.0 (Windows NT 10....}
Session ID: 9899837a-b5bb-498b-a91c-438f30c5a3e4
	at zapcg.Capillary.MemberLookupTestCases.MemberLookup_TestCases.enterValidMemberId(MemberLookup_TestCases.java:61)
]]></failure>
    <system-out><![CDATA[The name of the testcase failed is : verifyScanButtonAvailability
Test execution completed on FirefoxDriver with device: Tablet Landscape
 Test case started: enterValidMemberId
]]></system-out>
  </testcase>
  <testcase name="enterValidMemberId" classname="zapcg.Capillary.MemberLookupTestCases.MemberLookup_TestCases" time="30.021">
    <failure message="Unable to locate element: #MS016IN&#10;For documentation on this error, please visit: https://www.selenium.dev/documentation/webdriver/troubleshooting/errors#no-such-element-exception&#10;Build info: version: &apos;4.22.0&apos;, revision: &apos;c5f3146703*&apos;&#10;System info: os.name: &apos;Windows 10&apos;, os.arch: &apos;amd64&apos;, os.version: &apos;10.0&apos;, java.version: &apos;15.0.2&apos;&#10;Driver info: org.openqa.selenium.firefox.FirefoxDriver&#10;Command: [f43aa14b-c391-4752-8ba5-4a23b6590e42, findElement {value=MS016IN, using=id}]&#10;Capabilities {acceptInsecureCerts: true, browserName: firefox, browserVersion: 128.0, moz:accessibilityChecks: false, moz:buildID: 20240628091536, moz:debuggerAddress: 127.0.0.1:39794, moz:geckodriverVersion: 0.34.0, moz:headless: false, moz:platformVersion: 10.0, moz:processID: 45436, moz:profile: C:\Users\KAJALS~1\AppData\L..., moz:shutdownTimeout: 60000, moz:webdriverClick: true, moz:windowless: false, pageLoadStrategy: normal, platformName: windows, proxy: Proxy(), se:cdp: ws://127.0.0.1:39794/devtoo..., se:cdpVersion: 85.0, setWindowRect: true, strictFileInteractability: false, timeouts: {implicit: 0, pageLoad: 300000, script: 30000}, unhandledPromptBehavior: dismiss and notify, userAgent: Mozilla/5.0 (Windows NT 10....}&#10;Session ID: f43aa14b-c391-4752-8ba5-4a23b6590e42" type="org.openqa.selenium.NoSuchElementException"><![CDATA[org.openqa.selenium.NoSuchElementException: 
Unable to locate element: #MS016IN
For documentation on this error, please visit: https://www.selenium.dev/documentation/webdriver/troubleshooting/errors#no-such-element-exception
Build info: version: '4.22.0', revision: 'c5f3146703*'
System info: os.name: 'Windows 10', os.arch: 'amd64', os.version: '10.0', java.version: '15.0.2'
Driver info: org.openqa.selenium.firefox.FirefoxDriver
Command: [f43aa14b-c391-4752-8ba5-4a23b6590e42, findElement {value=MS016IN, using=id}]
Capabilities {acceptInsecureCerts: true, browserName: firefox, browserVersion: 128.0, moz:accessibilityChecks: false, moz:buildID: 20240628091536, moz:debuggerAddress: 127.0.0.1:39794, moz:geckodriverVersion: 0.34.0, moz:headless: false, moz:platformVersion: 10.0, moz:processID: 45436, moz:profile: C:\Users\KAJALS~1\AppData\L..., moz:shutdownTimeout: 60000, moz:webdriverClick: true, moz:windowless: false, pageLoadStrategy: normal, platformName: windows, proxy: Proxy(), se:cdp: ws://127.0.0.1:39794/devtoo..., se:cdpVersion: 85.0, setWindowRect: true, strictFileInteractability: false, timeouts: {implicit: 0, pageLoad: 300000, script: 30000}, unhandledPromptBehavior: dismiss and notify, userAgent: Mozilla/5.0 (Windows NT 10....}
Session ID: f43aa14b-c391-4752-8ba5-4a23b6590e42
	at zapcg.Capillary.MemberLookupTestCases.MemberLookup_TestCases.enterValidMemberId(MemberLookup_TestCases.java:61)
]]></failure>
    <system-out><![CDATA[The name of the testcase failed is : verifyScanButtonAvailability
Test execution completed on FirefoxDriver with device: iPhone 11 Pro Portrait
 Test case started: enterValidMemberId
]]></system-out>
  </testcase>
  <testcase name="enterValidMemberId" classname="zapcg.Capillary.MemberLookupTestCases.MemberLookup_TestCases" time="30.042">
    <failure message="Unable to locate element: #MS016IN&#10;For documentation on this error, please visit: https://www.selenium.dev/documentation/webdriver/troubleshooting/errors#no-such-element-exception&#10;Build info: version: &apos;4.22.0&apos;, revision: &apos;c5f3146703*&apos;&#10;System info: os.name: &apos;Windows 10&apos;, os.arch: &apos;amd64&apos;, os.version: &apos;10.0&apos;, java.version: &apos;15.0.2&apos;&#10;Driver info: org.openqa.selenium.firefox.FirefoxDriver&#10;Command: [e81c3883-7912-461f-801e-2a897f3efb07, findElement {value=MS016IN, using=id}]&#10;Capabilities {acceptInsecureCerts: true, browserName: firefox, browserVersion: 128.0, moz:accessibilityChecks: false, moz:buildID: 20240628091536, moz:debuggerAddress: 127.0.0.1:28378, moz:geckodriverVersion: 0.34.0, moz:headless: false, moz:platformVersion: 10.0, moz:processID: 61064, moz:profile: C:\Users\KAJALS~1\AppData\L..., moz:shutdownTimeout: 60000, moz:webdriverClick: true, moz:windowless: false, pageLoadStrategy: normal, platformName: windows, proxy: Proxy(), se:cdp: ws://127.0.0.1:28378/devtoo..., se:cdpVersion: 85.0, setWindowRect: true, strictFileInteractability: false, timeouts: {implicit: 0, pageLoad: 300000, script: 30000}, unhandledPromptBehavior: dismiss and notify, userAgent: Mozilla/5.0 (Windows NT 10....}&#10;Session ID: e81c3883-7912-461f-801e-2a897f3efb07" type="org.openqa.selenium.NoSuchElementException"><![CDATA[org.openqa.selenium.NoSuchElementException: 
Unable to locate element: #MS016IN
For documentation on this error, please visit: https://www.selenium.dev/documentation/webdriver/troubleshooting/errors#no-such-element-exception
Build info: version: '4.22.0', revision: 'c5f3146703*'
System info: os.name: 'Windows 10', os.arch: 'amd64', os.version: '10.0', java.version: '15.0.2'
Driver info: org.openqa.selenium.firefox.FirefoxDriver
Command: [e81c3883-7912-461f-801e-2a897f3efb07, findElement {value=MS016IN, using=id}]
Capabilities {acceptInsecureCerts: true, browserName: firefox, browserVersion: 128.0, moz:accessibilityChecks: false, moz:buildID: 20240628091536, moz:debuggerAddress: 127.0.0.1:28378, moz:geckodriverVersion: 0.34.0, moz:headless: false, moz:platformVersion: 10.0, moz:processID: 61064, moz:profile: C:\Users\KAJALS~1\AppData\L..., moz:shutdownTimeout: 60000, moz:webdriverClick: true, moz:windowless: false, pageLoadStrategy: normal, platformName: windows, proxy: Proxy(), se:cdp: ws://127.0.0.1:28378/devtoo..., se:cdpVersion: 85.0, setWindowRect: true, strictFileInteractability: false, timeouts: {implicit: 0, pageLoad: 300000, script: 30000}, unhandledPromptBehavior: dismiss and notify, userAgent: Mozilla/5.0 (Windows NT 10....}
Session ID: e81c3883-7912-461f-801e-2a897f3efb07
	at zapcg.Capillary.MemberLookupTestCases.MemberLookup_TestCases.enterValidMemberId(MemberLookup_TestCases.java:61)
]]></failure>
    <system-out><![CDATA[The name of the testcase failed is : verifyScanButtonAvailability
Test execution completed on FirefoxDriver with device: iPhone 11 Pro Landscape
 Test case started: enterValidMemberId
]]></system-out>
  </testcase>
  <testcase name="enterValidMemberId" classname="zapcg.Capillary.MemberLookupTestCases.MemberLookup_TestCases" time="30.017">
    <failure message="Unable to locate element: #MS016IN&#10;For documentation on this error, please visit: https://www.selenium.dev/documentation/webdriver/troubleshooting/errors#no-such-element-exception&#10;Build info: version: &apos;4.22.0&apos;, revision: &apos;c5f3146703*&apos;&#10;System info: os.name: &apos;Windows 10&apos;, os.arch: &apos;amd64&apos;, os.version: &apos;10.0&apos;, java.version: &apos;15.0.2&apos;&#10;Driver info: org.openqa.selenium.firefox.FirefoxDriver&#10;Command: [3d1bfb37-e537-435b-b6ea-23f7955635b2, findElement {value=MS016IN, using=id}]&#10;Capabilities {acceptInsecureCerts: true, browserName: firefox, browserVersion: 128.0, moz:accessibilityChecks: false, moz:buildID: 20240628091536, moz:debuggerAddress: 127.0.0.1:11924, moz:geckodriverVersion: 0.34.0, moz:headless: false, moz:platformVersion: 10.0, moz:processID: 48480, moz:profile: C:\Users\KAJALS~1\AppData\L..., moz:shutdownTimeout: 60000, moz:webdriverClick: true, moz:windowless: false, pageLoadStrategy: normal, platformName: windows, proxy: Proxy(), se:cdp: ws://127.0.0.1:11924/devtoo..., se:cdpVersion: 85.0, setWindowRect: true, strictFileInteractability: false, timeouts: {implicit: 0, pageLoad: 300000, script: 30000}, unhandledPromptBehavior: dismiss and notify, userAgent: Mozilla/5.0 (Windows NT 10....}&#10;Session ID: 3d1bfb37-e537-435b-b6ea-23f7955635b2" type="org.openqa.selenium.NoSuchElementException"><![CDATA[org.openqa.selenium.NoSuchElementException: 
Unable to locate element: #MS016IN
For documentation on this error, please visit: https://www.selenium.dev/documentation/webdriver/troubleshooting/errors#no-such-element-exception
Build info: version: '4.22.0', revision: 'c5f3146703*'
System info: os.name: 'Windows 10', os.arch: 'amd64', os.version: '10.0', java.version: '15.0.2'
Driver info: org.openqa.selenium.firefox.FirefoxDriver
Command: [3d1bfb37-e537-435b-b6ea-23f7955635b2, findElement {value=MS016IN, using=id}]
Capabilities {acceptInsecureCerts: true, browserName: firefox, browserVersion: 128.0, moz:accessibilityChecks: false, moz:buildID: 20240628091536, moz:debuggerAddress: 127.0.0.1:11924, moz:geckodriverVersion: 0.34.0, moz:headless: false, moz:platformVersion: 10.0, moz:processID: 48480, moz:profile: C:\Users\KAJALS~1\AppData\L..., moz:shutdownTimeout: 60000, moz:webdriverClick: true, moz:windowless: false, pageLoadStrategy: normal, platformName: windows, proxy: Proxy(), se:cdp: ws://127.0.0.1:11924/devtoo..., se:cdpVersion: 85.0, setWindowRect: true, strictFileInteractability: false, timeouts: {implicit: 0, pageLoad: 300000, script: 30000}, unhandledPromptBehavior: dismiss and notify, userAgent: Mozilla/5.0 (Windows NT 10....}
Session ID: 3d1bfb37-e537-435b-b6ea-23f7955635b2
	at zapcg.Capillary.MemberLookupTestCases.MemberLookup_TestCases.enterValidMemberId(MemberLookup_TestCases.java:61)
]]></failure>
    <system-out><![CDATA[The name of the testcase failed is : verifyScanButtonAvailability
Test execution completed on FirefoxDriver with device: Galaxy S20 Portrait
 Test case started: enterValidMemberId
]]></system-out>
  </testcase>
  <testcase name="enterValidMemberId" classname="zapcg.Capillary.MemberLookupTestCases.MemberLookup_TestCases" time="30.019">
    <failure message="Unable to locate element: #MS016IN&#10;For documentation on this error, please visit: https://www.selenium.dev/documentation/webdriver/troubleshooting/errors#no-such-element-exception&#10;Build info: version: &apos;4.22.0&apos;, revision: &apos;c5f3146703*&apos;&#10;System info: os.name: &apos;Windows 10&apos;, os.arch: &apos;amd64&apos;, os.version: &apos;10.0&apos;, java.version: &apos;15.0.2&apos;&#10;Driver info: org.openqa.selenium.firefox.FirefoxDriver&#10;Command: [ad8c6789-957e-48ba-80fb-c4ec6bd2aab5, findElement {value=MS016IN, using=id}]&#10;Capabilities {acceptInsecureCerts: true, browserName: firefox, browserVersion: 128.0, moz:accessibilityChecks: false, moz:buildID: 20240628091536, moz:debuggerAddress: 127.0.0.1:27835, moz:geckodriverVersion: 0.34.0, moz:headless: false, moz:platformVersion: 10.0, moz:processID: 43508, moz:profile: C:\Users\KAJALS~1\AppData\L..., moz:shutdownTimeout: 60000, moz:webdriverClick: true, moz:windowless: false, pageLoadStrategy: normal, platformName: windows, proxy: Proxy(), se:cdp: ws://127.0.0.1:27835/devtoo..., se:cdpVersion: 85.0, setWindowRect: true, strictFileInteractability: false, timeouts: {implicit: 0, pageLoad: 300000, script: 30000}, unhandledPromptBehavior: dismiss and notify, userAgent: Mozilla/5.0 (Windows NT 10....}&#10;Session ID: ad8c6789-957e-48ba-80fb-c4ec6bd2aab5" type="org.openqa.selenium.NoSuchElementException"><![CDATA[org.openqa.selenium.NoSuchElementException: 
Unable to locate element: #MS016IN
For documentation on this error, please visit: https://www.selenium.dev/documentation/webdriver/troubleshooting/errors#no-such-element-exception
Build info: version: '4.22.0', revision: 'c5f3146703*'
System info: os.name: 'Windows 10', os.arch: 'amd64', os.version: '10.0', java.version: '15.0.2'
Driver info: org.openqa.selenium.firefox.FirefoxDriver
Command: [ad8c6789-957e-48ba-80fb-c4ec6bd2aab5, findElement {value=MS016IN, using=id}]
Capabilities {acceptInsecureCerts: true, browserName: firefox, browserVersion: 128.0, moz:accessibilityChecks: false, moz:buildID: 20240628091536, moz:debuggerAddress: 127.0.0.1:27835, moz:geckodriverVersion: 0.34.0, moz:headless: false, moz:platformVersion: 10.0, moz:processID: 43508, moz:profile: C:\Users\KAJALS~1\AppData\L..., moz:shutdownTimeout: 60000, moz:webdriverClick: true, moz:windowless: false, pageLoadStrategy: normal, platformName: windows, proxy: Proxy(), se:cdp: ws://127.0.0.1:27835/devtoo..., se:cdpVersion: 85.0, setWindowRect: true, strictFileInteractability: false, timeouts: {implicit: 0, pageLoad: 300000, script: 30000}, unhandledPromptBehavior: dismiss and notify, userAgent: Mozilla/5.0 (Windows NT 10....}
Session ID: ad8c6789-957e-48ba-80fb-c4ec6bd2aab5
	at zapcg.Capillary.MemberLookupTestCases.MemberLookup_TestCases.enterValidMemberId(MemberLookup_TestCases.java:61)
]]></failure>
    <system-out><![CDATA[The name of the testcase failed is : verifyScanButtonAvailability
Test execution completed on FirefoxDriver with device: Galaxy S20 Landscape
 Test case started: enterValidMemberId
]]></system-out>
  </testcase>
  <testcase name="verifyHeaderHyperlink" classname="zapcg.Capillary.MemberLookupTestCases.MemberLookup_TestCases" time="1.857">
    <system-out><![CDATA[The name of the testcase failed is : enterValidMemberId
Test execution completed on ChromeDriver with device: Tablet Portrait
 Test case started: verifyHeaderHyperlink
Successfully navigated to the Location screen
]]></system-out>
  </testcase>
  <testcase name="verifyHeaderHyperlink" classname="zapcg.Capillary.MemberLookupTestCases.MemberLookup_TestCases" time="1.497">
    <system-out><![CDATA[The name of the testcase failed is : enterValidMemberId
Test execution completed on ChromeDriver with device: Tablet Landscape
 Test case started: verifyHeaderHyperlink
Successfully navigated to the Location screen
]]></system-out>
  </testcase>
  <testcase name="verifyHeaderHyperlink" classname="zapcg.Capillary.MemberLookupTestCases.MemberLookup_TestCases" time="1.305">
    <system-out><![CDATA[The name of the testcase failed is : enterValidMemberId
Test execution completed on ChromeDriver with device: iPhone 11 Pro Portrait
 Test case started: verifyHeaderHyperlink
Successfully navigated to the Location screen
]]></system-out>
  </testcase>
  <testcase name="verifyHeaderHyperlink" classname="zapcg.Capillary.MemberLookupTestCases.MemberLookup_TestCases" time="30.027">
    <failure message="no such element: Unable to locate element: {&quot;method&quot;:&quot;xpath&quot;,&quot;selector&quot;:&quot;//button[@id=&apos;MSMENUI2&apos;]&quot;}&#10;  (Session info: chrome=126.0.6478.57)&#10;For documentation on this error, please visit: https://www.selenium.dev/documentation/webdriver/troubleshooting/errors#no-such-element-exception&#10;Build info: version: &apos;4.22.0&apos;, revision: &apos;c5f3146703*&apos;&#10;System info: os.name: &apos;Windows 10&apos;, os.arch: &apos;amd64&apos;, os.version: &apos;10.0&apos;, java.version: &apos;15.0.2&apos;&#10;Driver info: org.openqa.selenium.chrome.ChromeDriver&#10;Command: [5553353170385f6c0d7c29d379456774, findElement {value=//button[@id=&apos;MSMENUI2&apos;], using=xpath}]&#10;Capabilities {acceptInsecureCerts: false, browserName: chrome, browserVersion: 126.0.6478.57, chrome: {chromedriverVersion: 126.0.6478.126 (d36ace6122e..., userDataDir: C:\Users\KAJALS~1\AppData\L...}, fedcm:accounts: true, goog:chromeOptions: {debuggerAddress: localhost:64623}, networkConnectionEnabled: false, pageLoadStrategy: normal, platformName: windows, proxy: Proxy(), se:cdp: ws://localhost:64623/devtoo..., se:cdpVersion: 126.0.6478.57, setWindowRect: true, strictFileInteractability: false, timeouts: {implicit: 0, pageLoad: 300000, script: 30000}, unhandledPromptBehavior: dismiss and notify, webauthn:extension:credBlob: true, webauthn:extension:largeBlob: true, webauthn:extension:minPinLength: true, webauthn:extension:prf: true, webauthn:virtualAuthenticators: true}&#10;Session ID: 5553353170385f6c0d7c29d379456774" type="org.openqa.selenium.NoSuchElementException"><![CDATA[org.openqa.selenium.NoSuchElementException: 
no such element: Unable to locate element: {"method":"xpath","selector":"//button[@id='MSMENUI2']"}
  (Session info: chrome=126.0.6478.57)
For documentation on this error, please visit: https://www.selenium.dev/documentation/webdriver/troubleshooting/errors#no-such-element-exception
Build info: version: '4.22.0', revision: 'c5f3146703*'
System info: os.name: 'Windows 10', os.arch: 'amd64', os.version: '10.0', java.version: '15.0.2'
Driver info: org.openqa.selenium.chrome.ChromeDriver
Command: [5553353170385f6c0d7c29d379456774, findElement {value=//button[@id='MSMENUI2'], using=xpath}]
Capabilities {acceptInsecureCerts: false, browserName: chrome, browserVersion: 126.0.6478.57, chrome: {chromedriverVersion: 126.0.6478.126 (d36ace6122e..., userDataDir: C:\Users\KAJALS~1\AppData\L...}, fedcm:accounts: true, goog:chromeOptions: {debuggerAddress: localhost:64623}, networkConnectionEnabled: false, pageLoadStrategy: normal, platformName: windows, proxy: Proxy(), se:cdp: ws://localhost:64623/devtoo..., se:cdpVersion: 126.0.6478.57, setWindowRect: true, strictFileInteractability: false, timeouts: {implicit: 0, pageLoad: 300000, script: 30000}, unhandledPromptBehavior: dismiss and notify, webauthn:extension:credBlob: true, webauthn:extension:largeBlob: true, webauthn:extension:minPinLength: true, webauthn:extension:prf: true, webauthn:virtualAuthenticators: true}
Session ID: 5553353170385f6c0d7c29d379456774
	at zapcg.Capillary.MemberLookupTestCases.MemberLookup_TestCases.verifyHeaderHyperlink(MemberLookup_TestCases.java:70)
]]></failure>
    <system-out><![CDATA[The name of the testcase failed is : enterValidMemberId
Test execution completed on ChromeDriver with device: iPhone 11 Pro Landscape
 Test case started: verifyHeaderHyperlink
]]></system-out>
  </testcase>
  <testcase name="verifyHeaderHyperlink" classname="zapcg.Capillary.MemberLookupTestCases.MemberLookup_TestCases" time="30.037">
    <failure message="no such element: Unable to locate element: {&quot;method&quot;:&quot;xpath&quot;,&quot;selector&quot;:&quot;//button[@id=&apos;MSMENUI2&apos;]&quot;}&#10;  (Session info: chrome=126.0.6478.57)&#10;For documentation on this error, please visit: https://www.selenium.dev/documentation/webdriver/troubleshooting/errors#no-such-element-exception&#10;Build info: version: &apos;4.22.0&apos;, revision: &apos;c5f3146703*&apos;&#10;System info: os.name: &apos;Windows 10&apos;, os.arch: &apos;amd64&apos;, os.version: &apos;10.0&apos;, java.version: &apos;15.0.2&apos;&#10;Driver info: org.openqa.selenium.chrome.ChromeDriver&#10;Command: [75346eede6fd6a1eef41231fb2201d22, findElement {value=//button[@id=&apos;MSMENUI2&apos;], using=xpath}]&#10;Capabilities {acceptInsecureCerts: false, browserName: chrome, browserVersion: 126.0.6478.57, chrome: {chromedriverVersion: 126.0.6478.126 (d36ace6122e..., userDataDir: C:\Users\KAJALS~1\AppData\L...}, fedcm:accounts: true, goog:chromeOptions: {debuggerAddress: localhost:49193}, networkConnectionEnabled: false, pageLoadStrategy: normal, platformName: windows, proxy: Proxy(), se:cdp: ws://localhost:49193/devtoo..., se:cdpVersion: 126.0.6478.57, setWindowRect: true, strictFileInteractability: false, timeouts: {implicit: 0, pageLoad: 300000, script: 30000}, unhandledPromptBehavior: dismiss and notify, webauthn:extension:credBlob: true, webauthn:extension:largeBlob: true, webauthn:extension:minPinLength: true, webauthn:extension:prf: true, webauthn:virtualAuthenticators: true}&#10;Session ID: 75346eede6fd6a1eef41231fb2201d22" type="org.openqa.selenium.NoSuchElementException"><![CDATA[org.openqa.selenium.NoSuchElementException: 
no such element: Unable to locate element: {"method":"xpath","selector":"//button[@id='MSMENUI2']"}
  (Session info: chrome=126.0.6478.57)
For documentation on this error, please visit: https://www.selenium.dev/documentation/webdriver/troubleshooting/errors#no-such-element-exception
Build info: version: '4.22.0', revision: 'c5f3146703*'
System info: os.name: 'Windows 10', os.arch: 'amd64', os.version: '10.0', java.version: '15.0.2'
Driver info: org.openqa.selenium.chrome.ChromeDriver
Command: [75346eede6fd6a1eef41231fb2201d22, findElement {value=//button[@id='MSMENUI2'], using=xpath}]
Capabilities {acceptInsecureCerts: false, browserName: chrome, browserVersion: 126.0.6478.57, chrome: {chromedriverVersion: 126.0.6478.126 (d36ace6122e..., userDataDir: C:\Users\KAJALS~1\AppData\L...}, fedcm:accounts: true, goog:chromeOptions: {debuggerAddress: localhost:49193}, networkConnectionEnabled: false, pageLoadStrategy: normal, platformName: windows, proxy: Proxy(), se:cdp: ws://localhost:49193/devtoo..., se:cdpVersion: 126.0.6478.57, setWindowRect: true, strictFileInteractability: false, timeouts: {implicit: 0, pageLoad: 300000, script: 30000}, unhandledPromptBehavior: dismiss and notify, webauthn:extension:credBlob: true, webauthn:extension:largeBlob: true, webauthn:extension:minPinLength: true, webauthn:extension:prf: true, webauthn:virtualAuthenticators: true}
Session ID: 75346eede6fd6a1eef41231fb2201d22
	at zapcg.Capillary.MemberLookupTestCases.MemberLookup_TestCases.verifyHeaderHyperlink(MemberLookup_TestCases.java:70)
]]></failure>
    <system-out><![CDATA[The name of the testcase failed is : enterValidMemberId
Test execution completed on ChromeDriver with device: Galaxy S20 Portrait
 Test case started: verifyHeaderHyperlink
]]></system-out>
  </testcase>
  <testcase name="verifyHeaderHyperlink" classname="zapcg.Capillary.MemberLookupTestCases.MemberLookup_TestCases" time="5.454">
    <system-out><![CDATA[The name of the testcase failed is : enterValidMemberId
Test execution completed on ChromeDriver with device: Galaxy S20 Landscape
 Test case started: verifyHeaderHyperlink
Successfully navigated to the Location screen
]]></system-out>
  </testcase>
  <testcase name="verifyHeaderHyperlink" classname="zapcg.Capillary.MemberLookupTestCases.MemberLookup_TestCases" time="1.956">
    <system-out><![CDATA[The name of the testcase failed is : enterValidMemberId
Test execution completed on FirefoxDriver with device: Tablet Portrait
 Test case started: verifyHeaderHyperlink
Successfully navigated to the Location screen
]]></system-out>
  </testcase>
  <testcase name="verifyHeaderHyperlink" classname="zapcg.Capillary.MemberLookupTestCases.MemberLookup_TestCases" time="30.006">
    <failure message="Unable to locate element: //button[@id=&apos;MSMENUI2&apos;]&#10;For documentation on this error, please visit: https://www.selenium.dev/documentation/webdriver/troubleshooting/errors#no-such-element-exception&#10;Build info: version: &apos;4.22.0&apos;, revision: &apos;c5f3146703*&apos;&#10;System info: os.name: &apos;Windows 10&apos;, os.arch: &apos;amd64&apos;, os.version: &apos;10.0&apos;, java.version: &apos;15.0.2&apos;&#10;Driver info: org.openqa.selenium.firefox.FirefoxDriver&#10;Command: [b26c3d3a-71d4-42c7-910e-b361f24c2756, findElement {value=//button[@id=&apos;MSMENUI2&apos;], using=xpath}]&#10;Capabilities {acceptInsecureCerts: true, browserName: firefox, browserVersion: 128.0, moz:accessibilityChecks: false, moz:buildID: 20240628091536, moz:debuggerAddress: 127.0.0.1:45494, moz:geckodriverVersion: 0.34.0, moz:headless: false, moz:platformVersion: 10.0, moz:processID: 43824, moz:profile: C:\Users\KAJALS~1\AppData\L..., moz:shutdownTimeout: 60000, moz:webdriverClick: true, moz:windowless: false, pageLoadStrategy: normal, platformName: windows, proxy: Proxy(), se:cdp: ws://127.0.0.1:45494/devtoo..., se:cdpVersion: 85.0, setWindowRect: true, strictFileInteractability: false, timeouts: {implicit: 0, pageLoad: 300000, script: 30000}, unhandledPromptBehavior: dismiss and notify, userAgent: Mozilla/5.0 (Windows NT 10....}&#10;Session ID: b26c3d3a-71d4-42c7-910e-b361f24c2756" type="org.openqa.selenium.NoSuchElementException"><![CDATA[org.openqa.selenium.NoSuchElementException: 
Unable to locate element: //button[@id='MSMENUI2']
For documentation on this error, please visit: https://www.selenium.dev/documentation/webdriver/troubleshooting/errors#no-such-element-exception
Build info: version: '4.22.0', revision: 'c5f3146703*'
System info: os.name: 'Windows 10', os.arch: 'amd64', os.version: '10.0', java.version: '15.0.2'
Driver info: org.openqa.selenium.firefox.FirefoxDriver
Command: [b26c3d3a-71d4-42c7-910e-b361f24c2756, findElement {value=//button[@id='MSMENUI2'], using=xpath}]
Capabilities {acceptInsecureCerts: true, browserName: firefox, browserVersion: 128.0, moz:accessibilityChecks: false, moz:buildID: 20240628091536, moz:debuggerAddress: 127.0.0.1:45494, moz:geckodriverVersion: 0.34.0, moz:headless: false, moz:platformVersion: 10.0, moz:processID: 43824, moz:profile: C:\Users\KAJALS~1\AppData\L..., moz:shutdownTimeout: 60000, moz:webdriverClick: true, moz:windowless: false, pageLoadStrategy: normal, platformName: windows, proxy: Proxy(), se:cdp: ws://127.0.0.1:45494/devtoo..., se:cdpVersion: 85.0, setWindowRect: true, strictFileInteractability: false, timeouts: {implicit: 0, pageLoad: 300000, script: 30000}, unhandledPromptBehavior: dismiss and notify, userAgent: Mozilla/5.0 (Windows NT 10....}
Session ID: b26c3d3a-71d4-42c7-910e-b361f24c2756
	at zapcg.Capillary.MemberLookupTestCases.MemberLookup_TestCases.verifyHeaderHyperlink(MemberLookup_TestCases.java:70)
]]></failure>
    <system-out><![CDATA[The name of the testcase failed is : enterValidMemberId
Test execution completed on FirefoxDriver with device: Tablet Landscape
 Test case started: verifyHeaderHyperlink
]]></system-out>
  </testcase>
  <testcase name="verifyHeaderHyperlink" classname="zapcg.Capillary.MemberLookupTestCases.MemberLookup_TestCases" time="30.021">
    <failure message="Unable to locate element: //button[@id=&apos;MSMENUI2&apos;]&#10;For documentation on this error, please visit: https://www.selenium.dev/documentation/webdriver/troubleshooting/errors#no-such-element-exception&#10;Build info: version: &apos;4.22.0&apos;, revision: &apos;c5f3146703*&apos;&#10;System info: os.name: &apos;Windows 10&apos;, os.arch: &apos;amd64&apos;, os.version: &apos;10.0&apos;, java.version: &apos;15.0.2&apos;&#10;Driver info: org.openqa.selenium.firefox.FirefoxDriver&#10;Command: [2cb838f9-000e-4830-a21f-7dca122a807f, findElement {value=//button[@id=&apos;MSMENUI2&apos;], using=xpath}]&#10;Capabilities {acceptInsecureCerts: true, browserName: firefox, browserVersion: 128.0, moz:accessibilityChecks: false, moz:buildID: 20240628091536, moz:debuggerAddress: 127.0.0.1:17110, moz:geckodriverVersion: 0.34.0, moz:headless: false, moz:platformVersion: 10.0, moz:processID: 58188, moz:profile: C:\Users\KAJALS~1\AppData\L..., moz:shutdownTimeout: 60000, moz:webdriverClick: true, moz:windowless: false, pageLoadStrategy: normal, platformName: windows, proxy: Proxy(), se:cdp: ws://127.0.0.1:17110/devtoo..., se:cdpVersion: 85.0, setWindowRect: true, strictFileInteractability: false, timeouts: {implicit: 0, pageLoad: 300000, script: 30000}, unhandledPromptBehavior: dismiss and notify, userAgent: Mozilla/5.0 (Windows NT 10....}&#10;Session ID: 2cb838f9-000e-4830-a21f-7dca122a807f" type="org.openqa.selenium.NoSuchElementException"><![CDATA[org.openqa.selenium.NoSuchElementException: 
Unable to locate element: //button[@id='MSMENUI2']
For documentation on this error, please visit: https://www.selenium.dev/documentation/webdriver/troubleshooting/errors#no-such-element-exception
Build info: version: '4.22.0', revision: 'c5f3146703*'
System info: os.name: 'Windows 10', os.arch: 'amd64', os.version: '10.0', java.version: '15.0.2'
Driver info: org.openqa.selenium.firefox.FirefoxDriver
Command: [2cb838f9-000e-4830-a21f-7dca122a807f, findElement {value=//button[@id='MSMENUI2'], using=xpath}]
Capabilities {acceptInsecureCerts: true, browserName: firefox, browserVersion: 128.0, moz:accessibilityChecks: false, moz:buildID: 20240628091536, moz:debuggerAddress: 127.0.0.1:17110, moz:geckodriverVersion: 0.34.0, moz:headless: false, moz:platformVersion: 10.0, moz:processID: 58188, moz:profile: C:\Users\KAJALS~1\AppData\L..., moz:shutdownTimeout: 60000, moz:webdriverClick: true, moz:windowless: false, pageLoadStrategy: normal, platformName: windows, proxy: Proxy(), se:cdp: ws://127.0.0.1:17110/devtoo..., se:cdpVersion: 85.0, setWindowRect: true, strictFileInteractability: false, timeouts: {implicit: 0, pageLoad: 300000, script: 30000}, unhandledPromptBehavior: dismiss and notify, userAgent: Mozilla/5.0 (Windows NT 10....}
Session ID: 2cb838f9-000e-4830-a21f-7dca122a807f
	at zapcg.Capillary.MemberLookupTestCases.MemberLookup_TestCases.verifyHeaderHyperlink(MemberLookup_TestCases.java:70)
]]></failure>
    <system-out><![CDATA[The name of the testcase failed is : enterValidMemberId
Test execution completed on FirefoxDriver with device: iPhone 11 Pro Portrait
 Test case started: verifyHeaderHyperlink
]]></system-out>
  </testcase>
  <testcase name="verifyHeaderHyperlink" classname="zapcg.Capillary.MemberLookupTestCases.MemberLookup_TestCases" time="30.011">
    <failure message="Unable to locate element: //button[@id=&apos;MSMENUI2&apos;]&#10;For documentation on this error, please visit: https://www.selenium.dev/documentation/webdriver/troubleshooting/errors#no-such-element-exception&#10;Build info: version: &apos;4.22.0&apos;, revision: &apos;c5f3146703*&apos;&#10;System info: os.name: &apos;Windows 10&apos;, os.arch: &apos;amd64&apos;, os.version: &apos;10.0&apos;, java.version: &apos;15.0.2&apos;&#10;Driver info: org.openqa.selenium.firefox.FirefoxDriver&#10;Command: [bd5cda43-78f9-43c8-ac62-0640e6c1b35d, findElement {value=//button[@id=&apos;MSMENUI2&apos;], using=xpath}]&#10;Capabilities {acceptInsecureCerts: true, browserName: firefox, browserVersion: 128.0, moz:accessibilityChecks: false, moz:buildID: 20240628091536, moz:debuggerAddress: 127.0.0.1:38332, moz:geckodriverVersion: 0.34.0, moz:headless: false, moz:platformVersion: 10.0, moz:processID: 61156, moz:profile: C:\Users\KAJALS~1\AppData\L..., moz:shutdownTimeout: 60000, moz:webdriverClick: true, moz:windowless: false, pageLoadStrategy: normal, platformName: windows, proxy: Proxy(), se:cdp: ws://127.0.0.1:38332/devtoo..., se:cdpVersion: 85.0, setWindowRect: true, strictFileInteractability: false, timeouts: {implicit: 0, pageLoad: 300000, script: 30000}, unhandledPromptBehavior: dismiss and notify, userAgent: Mozilla/5.0 (Windows NT 10....}&#10;Session ID: bd5cda43-78f9-43c8-ac62-0640e6c1b35d" type="org.openqa.selenium.NoSuchElementException"><![CDATA[org.openqa.selenium.NoSuchElementException: 
Unable to locate element: //button[@id='MSMENUI2']
For documentation on this error, please visit: https://www.selenium.dev/documentation/webdriver/troubleshooting/errors#no-such-element-exception
Build info: version: '4.22.0', revision: 'c5f3146703*'
System info: os.name: 'Windows 10', os.arch: 'amd64', os.version: '10.0', java.version: '15.0.2'
Driver info: org.openqa.selenium.firefox.FirefoxDriver
Command: [bd5cda43-78f9-43c8-ac62-0640e6c1b35d, findElement {value=//button[@id='MSMENUI2'], using=xpath}]
Capabilities {acceptInsecureCerts: true, browserName: firefox, browserVersion: 128.0, moz:accessibilityChecks: false, moz:buildID: 20240628091536, moz:debuggerAddress: 127.0.0.1:38332, moz:geckodriverVersion: 0.34.0, moz:headless: false, moz:platformVersion: 10.0, moz:processID: 61156, moz:profile: C:\Users\KAJALS~1\AppData\L..., moz:shutdownTimeout: 60000, moz:webdriverClick: true, moz:windowless: false, pageLoadStrategy: normal, platformName: windows, proxy: Proxy(), se:cdp: ws://127.0.0.1:38332/devtoo..., se:cdpVersion: 85.0, setWindowRect: true, strictFileInteractability: false, timeouts: {implicit: 0, pageLoad: 300000, script: 30000}, unhandledPromptBehavior: dismiss and notify, userAgent: Mozilla/5.0 (Windows NT 10....}
Session ID: bd5cda43-78f9-43c8-ac62-0640e6c1b35d
	at zapcg.Capillary.MemberLookupTestCases.MemberLookup_TestCases.verifyHeaderHyperlink(MemberLookup_TestCases.java:70)
]]></failure>
    <system-out><![CDATA[The name of the testcase failed is : enterValidMemberId
Test execution completed on FirefoxDriver with device: iPhone 11 Pro Landscape
 Test case started: verifyHeaderHyperlink
]]></system-out>
  </testcase>
  <testcase name="verifyHeaderHyperlink" classname="zapcg.Capillary.MemberLookupTestCases.MemberLookup_TestCases" time="30.026">
    <failure message="Unable to locate element: //button[@id=&apos;MSMENUI2&apos;]&#10;For documentation on this error, please visit: https://www.selenium.dev/documentation/webdriver/troubleshooting/errors#no-such-element-exception&#10;Build info: version: &apos;4.22.0&apos;, revision: &apos;c5f3146703*&apos;&#10;System info: os.name: &apos;Windows 10&apos;, os.arch: &apos;amd64&apos;, os.version: &apos;10.0&apos;, java.version: &apos;15.0.2&apos;&#10;Driver info: org.openqa.selenium.firefox.FirefoxDriver&#10;Command: [fef787ca-a00e-464d-906f-e49f80004a46, findElement {value=//button[@id=&apos;MSMENUI2&apos;], using=xpath}]&#10;Capabilities {acceptInsecureCerts: true, browserName: firefox, browserVersion: 128.0, moz:accessibilityChecks: false, moz:buildID: 20240628091536, moz:debuggerAddress: 127.0.0.1:40598, moz:geckodriverVersion: 0.34.0, moz:headless: false, moz:platformVersion: 10.0, moz:processID: 62056, moz:profile: C:\Users\KAJALS~1\AppData\L..., moz:shutdownTimeout: 60000, moz:webdriverClick: true, moz:windowless: false, pageLoadStrategy: normal, platformName: windows, proxy: Proxy(), se:cdp: ws://127.0.0.1:40598/devtoo..., se:cdpVersion: 85.0, setWindowRect: true, strictFileInteractability: false, timeouts: {implicit: 0, pageLoad: 300000, script: 30000}, unhandledPromptBehavior: dismiss and notify, userAgent: Mozilla/5.0 (Windows NT 10....}&#10;Session ID: fef787ca-a00e-464d-906f-e49f80004a46" type="org.openqa.selenium.NoSuchElementException"><![CDATA[org.openqa.selenium.NoSuchElementException: 
Unable to locate element: //button[@id='MSMENUI2']
For documentation on this error, please visit: https://www.selenium.dev/documentation/webdriver/troubleshooting/errors#no-such-element-exception
Build info: version: '4.22.0', revision: 'c5f3146703*'
System info: os.name: 'Windows 10', os.arch: 'amd64', os.version: '10.0', java.version: '15.0.2'
Driver info: org.openqa.selenium.firefox.FirefoxDriver
Command: [fef787ca-a00e-464d-906f-e49f80004a46, findElement {value=//button[@id='MSMENUI2'], using=xpath}]
Capabilities {acceptInsecureCerts: true, browserName: firefox, browserVersion: 128.0, moz:accessibilityChecks: false, moz:buildID: 20240628091536, moz:debuggerAddress: 127.0.0.1:40598, moz:geckodriverVersion: 0.34.0, moz:headless: false, moz:platformVersion: 10.0, moz:processID: 62056, moz:profile: C:\Users\KAJALS~1\AppData\L..., moz:shutdownTimeout: 60000, moz:webdriverClick: true, moz:windowless: false, pageLoadStrategy: normal, platformName: windows, proxy: Proxy(), se:cdp: ws://127.0.0.1:40598/devtoo..., se:cdpVersion: 85.0, setWindowRect: true, strictFileInteractability: false, timeouts: {implicit: 0, pageLoad: 300000, script: 30000}, unhandledPromptBehavior: dismiss and notify, userAgent: Mozilla/5.0 (Windows NT 10....}
Session ID: fef787ca-a00e-464d-906f-e49f80004a46
	at zapcg.Capillary.MemberLookupTestCases.MemberLookup_TestCases.verifyHeaderHyperlink(MemberLookup_TestCases.java:70)
]]></failure>
    <system-out><![CDATA[The name of the testcase failed is : enterValidMemberId
Test execution completed on FirefoxDriver with device: Galaxy S20 Portrait
 Test case started: verifyHeaderHyperlink
]]></system-out>
  </testcase>
  <testcase name="verifyHeaderHyperlink" classname="zapcg.Capillary.MemberLookupTestCases.MemberLookup_TestCases" time="30.017">
    <failure message="Unable to locate element: //button[@id=&apos;MSMENUI2&apos;]&#10;For documentation on this error, please visit: https://www.selenium.dev/documentation/webdriver/troubleshooting/errors#no-such-element-exception&#10;Build info: version: &apos;4.22.0&apos;, revision: &apos;c5f3146703*&apos;&#10;System info: os.name: &apos;Windows 10&apos;, os.arch: &apos;amd64&apos;, os.version: &apos;10.0&apos;, java.version: &apos;15.0.2&apos;&#10;Driver info: org.openqa.selenium.firefox.FirefoxDriver&#10;Command: [7df0690e-9665-4acf-a7c0-4c3358e9c584, findElement {value=//button[@id=&apos;MSMENUI2&apos;], using=xpath}]&#10;Capabilities {acceptInsecureCerts: true, browserName: firefox, browserVersion: 128.0, moz:accessibilityChecks: false, moz:buildID: 20240628091536, moz:debuggerAddress: 127.0.0.1:15030, moz:geckodriverVersion: 0.34.0, moz:headless: false, moz:platformVersion: 10.0, moz:processID: 48596, moz:profile: C:\Users\KAJALS~1\AppData\L..., moz:shutdownTimeout: 60000, moz:webdriverClick: true, moz:windowless: false, pageLoadStrategy: normal, platformName: windows, proxy: Proxy(), se:cdp: ws://127.0.0.1:15030/devtoo..., se:cdpVersion: 85.0, setWindowRect: true, strictFileInteractability: false, timeouts: {implicit: 0, pageLoad: 300000, script: 30000}, unhandledPromptBehavior: dismiss and notify, userAgent: Mozilla/5.0 (Windows NT 10....}&#10;Session ID: 7df0690e-9665-4acf-a7c0-4c3358e9c584" type="org.openqa.selenium.NoSuchElementException"><![CDATA[org.openqa.selenium.NoSuchElementException: 
Unable to locate element: //button[@id='MSMENUI2']
For documentation on this error, please visit: https://www.selenium.dev/documentation/webdriver/troubleshooting/errors#no-such-element-exception
Build info: version: '4.22.0', revision: 'c5f3146703*'
System info: os.name: 'Windows 10', os.arch: 'amd64', os.version: '10.0', java.version: '15.0.2'
Driver info: org.openqa.selenium.firefox.FirefoxDriver
Command: [7df0690e-9665-4acf-a7c0-4c3358e9c584, findElement {value=//button[@id='MSMENUI2'], using=xpath}]
Capabilities {acceptInsecureCerts: true, browserName: firefox, browserVersion: 128.0, moz:accessibilityChecks: false, moz:buildID: 20240628091536, moz:debuggerAddress: 127.0.0.1:15030, moz:geckodriverVersion: 0.34.0, moz:headless: false, moz:platformVersion: 10.0, moz:processID: 48596, moz:profile: C:\Users\KAJALS~1\AppData\L..., moz:shutdownTimeout: 60000, moz:webdriverClick: true, moz:windowless: false, pageLoadStrategy: normal, platformName: windows, proxy: Proxy(), se:cdp: ws://127.0.0.1:15030/devtoo..., se:cdpVersion: 85.0, setWindowRect: true, strictFileInteractability: false, timeouts: {implicit: 0, pageLoad: 300000, script: 30000}, unhandledPromptBehavior: dismiss and notify, userAgent: Mozilla/5.0 (Windows NT 10....}
Session ID: 7df0690e-9665-4acf-a7c0-4c3358e9c584
	at zapcg.Capillary.MemberLookupTestCases.MemberLookup_TestCases.verifyHeaderHyperlink(MemberLookup_TestCases.java:70)
]]></failure>
    <system-out><![CDATA[The name of the testcase failed is : enterValidMemberId
Test execution completed on FirefoxDriver with device: Galaxy S20 Landscape
 Test case started: verifyHeaderHyperlink
]]></system-out>
  </testcase>
  <testcase name="burgerIconMemberLookupNavigation" classname="zapcg.Capillary.MemberLookupTestCases.MemberLookup_TestCases" time="1.324">
    <system-out><![CDATA[The name of the testcase passed is : verifyHeaderHyperlink
Test execution completed on ChromeDriver with device: Tablet Portrait
 Test case started: burgerIconMemberLookupNavigation
Successfully navigated to the member lookup screen
Navigation from Hamburger icon on member lookup screen working fine for 'Member Lookup Screen'
]]></system-out>
  </testcase>
  <testcase name="burgerIconMemberLookupNavigation" classname="zapcg.Capillary.MemberLookupTestCases.MemberLookup_TestCases" time="1.723">
    <system-out><![CDATA[The name of the testcase passed is : verifyHeaderHyperlink
Test execution completed on ChromeDriver with device: Tablet Landscape
 Test case started: burgerIconMemberLookupNavigation
Successfully navigated to the member lookup screen
Navigation from Hamburger icon on member lookup screen working fine for 'Member Lookup Screen'
]]></system-out>
  </testcase>
  <testcase name="burgerIconMemberLookupNavigation" classname="zapcg.Capillary.MemberLookupTestCases.MemberLookup_TestCases" time="1.261">
    <system-out><![CDATA[The name of the testcase passed is : verifyHeaderHyperlink
Test execution completed on ChromeDriver with device: iPhone 11 Pro Portrait
 Test case started: burgerIconMemberLookupNavigation
Successfully navigated to the member lookup screen
Navigation from Hamburger icon on member lookup screen working fine for 'Member Lookup Screen'
]]></system-out>
  </testcase>
  <testcase name="burgerIconMemberLookupNavigation" classname="zapcg.Capillary.MemberLookupTestCases.MemberLookup_TestCases" time="30.012">
    <failure message="no such element: Unable to locate element: {&quot;method&quot;:&quot;xpath&quot;,&quot;selector&quot;:&quot;//button[@id=&apos;MSMENUI3&apos;]&quot;}&#10;  (Session info: chrome=126.0.6478.57)&#10;For documentation on this error, please visit: https://www.selenium.dev/documentation/webdriver/troubleshooting/errors#no-such-element-exception&#10;Build info: version: &apos;4.22.0&apos;, revision: &apos;c5f3146703*&apos;&#10;System info: os.name: &apos;Windows 10&apos;, os.arch: &apos;amd64&apos;, os.version: &apos;10.0&apos;, java.version: &apos;15.0.2&apos;&#10;Driver info: org.openqa.selenium.chrome.ChromeDriver&#10;Command: [cc588f99125eaff5debdd4da5463b015, findElement {value=//button[@id=&apos;MSMENUI3&apos;], using=xpath}]&#10;Capabilities {acceptInsecureCerts: false, browserName: chrome, browserVersion: 126.0.6478.57, chrome: {chromedriverVersion: 126.0.6478.126 (d36ace6122e..., userDataDir: C:\Users\KAJALS~1\AppData\L...}, fedcm:accounts: true, goog:chromeOptions: {debuggerAddress: localhost:64650}, networkConnectionEnabled: false, pageLoadStrategy: normal, platformName: windows, proxy: Proxy(), se:cdp: ws://localhost:64650/devtoo..., se:cdpVersion: 126.0.6478.57, setWindowRect: true, strictFileInteractability: false, timeouts: {implicit: 0, pageLoad: 300000, script: 30000}, unhandledPromptBehavior: dismiss and notify, webauthn:extension:credBlob: true, webauthn:extension:largeBlob: true, webauthn:extension:minPinLength: true, webauthn:extension:prf: true, webauthn:virtualAuthenticators: true}&#10;Session ID: cc588f99125eaff5debdd4da5463b015" type="org.openqa.selenium.NoSuchElementException"><![CDATA[org.openqa.selenium.NoSuchElementException: 
no such element: Unable to locate element: {"method":"xpath","selector":"//button[@id='MSMENUI3']"}
  (Session info: chrome=126.0.6478.57)
For documentation on this error, please visit: https://www.selenium.dev/documentation/webdriver/troubleshooting/errors#no-such-element-exception
Build info: version: '4.22.0', revision: 'c5f3146703*'
System info: os.name: 'Windows 10', os.arch: 'amd64', os.version: '10.0', java.version: '15.0.2'
Driver info: org.openqa.selenium.chrome.ChromeDriver
Command: [cc588f99125eaff5debdd4da5463b015, findElement {value=//button[@id='MSMENUI3'], using=xpath}]
Capabilities {acceptInsecureCerts: false, browserName: chrome, browserVersion: 126.0.6478.57, chrome: {chromedriverVersion: 126.0.6478.126 (d36ace6122e..., userDataDir: C:\Users\KAJALS~1\AppData\L...}, fedcm:accounts: true, goog:chromeOptions: {debuggerAddress: localhost:64650}, networkConnectionEnabled: false, pageLoadStrategy: normal, platformName: windows, proxy: Proxy(), se:cdp: ws://localhost:64650/devtoo..., se:cdpVersion: 126.0.6478.57, setWindowRect: true, strictFileInteractability: false, timeouts: {implicit: 0, pageLoad: 300000, script: 30000}, unhandledPromptBehavior: dismiss and notify, webauthn:extension:credBlob: true, webauthn:extension:largeBlob: true, webauthn:extension:minPinLength: true, webauthn:extension:prf: true, webauthn:virtualAuthenticators: true}
Session ID: cc588f99125eaff5debdd4da5463b015
	at zapcg.Capillary.MemberLookupTestCases.MemberLookup_TestCases.burgerIconMemberLookupNavigation(MemberLookup_TestCases.java:80)
]]></failure>
    <system-out><![CDATA[The name of the testcase failed is : verifyHeaderHyperlink
Test execution completed on ChromeDriver with device: iPhone 11 Pro Landscape
 Test case started: burgerIconMemberLookupNavigation
]]></system-out>
  </testcase>
  <testcase name="burgerIconMemberLookupNavigation" classname="zapcg.Capillary.MemberLookupTestCases.MemberLookup_TestCases" time="1.797">
    <system-out><![CDATA[The name of the testcase failed is : verifyHeaderHyperlink
Test execution completed on ChromeDriver with device: Galaxy S20 Portrait
 Test case started: burgerIconMemberLookupNavigation
Successfully navigated to the member lookup screen
Navigation from Hamburger icon on member lookup screen working fine for 'Member Lookup Screen'
]]></system-out>
  </testcase>
  <testcase name="burgerIconMemberLookupNavigation" classname="zapcg.Capillary.MemberLookupTestCases.MemberLookup_TestCases" time="2.233">
    <system-out><![CDATA[The name of the testcase passed is : verifyHeaderHyperlink
Test execution completed on ChromeDriver with device: Galaxy S20 Landscape
 Test case started: burgerIconMemberLookupNavigation
Successfully navigated to the member lookup screen
Navigation from Hamburger icon on member lookup screen working fine for 'Member Lookup Screen'
]]></system-out>
  </testcase>
  <testcase name="burgerIconMemberLookupNavigation" classname="zapcg.Capillary.MemberLookupTestCases.MemberLookup_TestCases" time="2.229">
    <system-out><![CDATA[The name of the testcase passed is : verifyHeaderHyperlink
Test execution completed on FirefoxDriver with device: Tablet Portrait
 Test case started: burgerIconMemberLookupNavigation
Successfully navigated to the member lookup screen
Navigation from Hamburger icon on member lookup screen working fine for 'Member Lookup Screen'
]]></system-out>
  </testcase>
  <testcase name="burgerIconMemberLookupNavigation" classname="zapcg.Capillary.MemberLookupTestCases.MemberLookup_TestCases" time="30.018">
    <failure message="Unable to locate element: //button[@id=&apos;MSMENUI3&apos;]&#10;For documentation on this error, please visit: https://www.selenium.dev/documentation/webdriver/troubleshooting/errors#no-such-element-exception&#10;Build info: version: &apos;4.22.0&apos;, revision: &apos;c5f3146703*&apos;&#10;System info: os.name: &apos;Windows 10&apos;, os.arch: &apos;amd64&apos;, os.version: &apos;10.0&apos;, java.version: &apos;15.0.2&apos;&#10;Driver info: org.openqa.selenium.firefox.FirefoxDriver&#10;Command: [d27dec0c-5e3c-418f-a94a-78ef5c16962e, findElement {value=//button[@id=&apos;MSMENUI3&apos;], using=xpath}]&#10;Capabilities {acceptInsecureCerts: true, browserName: firefox, browserVersion: 128.0, moz:accessibilityChecks: false, moz:buildID: 20240628091536, moz:debuggerAddress: 127.0.0.1:47891, moz:geckodriverVersion: 0.34.0, moz:headless: false, moz:platformVersion: 10.0, moz:processID: 55380, moz:profile: C:\Users\KAJALS~1\AppData\L..., moz:shutdownTimeout: 60000, moz:webdriverClick: true, moz:windowless: false, pageLoadStrategy: normal, platformName: windows, proxy: Proxy(), se:cdp: ws://127.0.0.1:47891/devtoo..., se:cdpVersion: 85.0, setWindowRect: true, strictFileInteractability: false, timeouts: {implicit: 0, pageLoad: 300000, script: 30000}, unhandledPromptBehavior: dismiss and notify, userAgent: Mozilla/5.0 (Windows NT 10....}&#10;Session ID: d27dec0c-5e3c-418f-a94a-78ef5c16962e" type="org.openqa.selenium.NoSuchElementException"><![CDATA[org.openqa.selenium.NoSuchElementException: 
Unable to locate element: //button[@id='MSMENUI3']
For documentation on this error, please visit: https://www.selenium.dev/documentation/webdriver/troubleshooting/errors#no-such-element-exception
Build info: version: '4.22.0', revision: 'c5f3146703*'
System info: os.name: 'Windows 10', os.arch: 'amd64', os.version: '10.0', java.version: '15.0.2'
Driver info: org.openqa.selenium.firefox.FirefoxDriver
Command: [d27dec0c-5e3c-418f-a94a-78ef5c16962e, findElement {value=//button[@id='MSMENUI3'], using=xpath}]
Capabilities {acceptInsecureCerts: true, browserName: firefox, browserVersion: 128.0, moz:accessibilityChecks: false, moz:buildID: 20240628091536, moz:debuggerAddress: 127.0.0.1:47891, moz:geckodriverVersion: 0.34.0, moz:headless: false, moz:platformVersion: 10.0, moz:processID: 55380, moz:profile: C:\Users\KAJALS~1\AppData\L..., moz:shutdownTimeout: 60000, moz:webdriverClick: true, moz:windowless: false, pageLoadStrategy: normal, platformName: windows, proxy: Proxy(), se:cdp: ws://127.0.0.1:47891/devtoo..., se:cdpVersion: 85.0, setWindowRect: true, strictFileInteractability: false, timeouts: {implicit: 0, pageLoad: 300000, script: 30000}, unhandledPromptBehavior: dismiss and notify, userAgent: Mozilla/5.0 (Windows NT 10....}
Session ID: d27dec0c-5e3c-418f-a94a-78ef5c16962e
	at zapcg.Capillary.MemberLookupTestCases.MemberLookup_TestCases.burgerIconMemberLookupNavigation(MemberLookup_TestCases.java:80)
]]></failure>
    <system-out><![CDATA[The name of the testcase failed is : verifyHeaderHyperlink
Test execution completed on FirefoxDriver with device: Tablet Landscape
 Test case started: burgerIconMemberLookupNavigation
]]></system-out>
  </testcase>
  <testcase name="burgerIconMemberLookupNavigation" classname="zapcg.Capillary.MemberLookupTestCases.MemberLookup_TestCases" time="30.02">
    <failure message="Unable to locate element: //button[@id=&apos;MSMENUI3&apos;]&#10;For documentation on this error, please visit: https://www.selenium.dev/documentation/webdriver/troubleshooting/errors#no-such-element-exception&#10;Build info: version: &apos;4.22.0&apos;, revision: &apos;c5f3146703*&apos;&#10;System info: os.name: &apos;Windows 10&apos;, os.arch: &apos;amd64&apos;, os.version: &apos;10.0&apos;, java.version: &apos;15.0.2&apos;&#10;Driver info: org.openqa.selenium.firefox.FirefoxDriver&#10;Command: [a6203ccf-6ede-4d2a-a30b-1697bb45fa26, findElement {value=//button[@id=&apos;MSMENUI3&apos;], using=xpath}]&#10;Capabilities {acceptInsecureCerts: true, browserName: firefox, browserVersion: 128.0, moz:accessibilityChecks: false, moz:buildID: 20240628091536, moz:debuggerAddress: 127.0.0.1:46946, moz:geckodriverVersion: 0.34.0, moz:headless: false, moz:platformVersion: 10.0, moz:processID: 26172, moz:profile: C:\Users\KAJALS~1\AppData\L..., moz:shutdownTimeout: 60000, moz:webdriverClick: true, moz:windowless: false, pageLoadStrategy: normal, platformName: windows, proxy: Proxy(), se:cdp: ws://127.0.0.1:46946/devtoo..., se:cdpVersion: 85.0, setWindowRect: true, strictFileInteractability: false, timeouts: {implicit: 0, pageLoad: 300000, script: 30000}, unhandledPromptBehavior: dismiss and notify, userAgent: Mozilla/5.0 (Windows NT 10....}&#10;Session ID: a6203ccf-6ede-4d2a-a30b-1697bb45fa26" type="org.openqa.selenium.NoSuchElementException"><![CDATA[org.openqa.selenium.NoSuchElementException: 
Unable to locate element: //button[@id='MSMENUI3']
For documentation on this error, please visit: https://www.selenium.dev/documentation/webdriver/troubleshooting/errors#no-such-element-exception
Build info: version: '4.22.0', revision: 'c5f3146703*'
System info: os.name: 'Windows 10', os.arch: 'amd64', os.version: '10.0', java.version: '15.0.2'
Driver info: org.openqa.selenium.firefox.FirefoxDriver
Command: [a6203ccf-6ede-4d2a-a30b-1697bb45fa26, findElement {value=//button[@id='MSMENUI3'], using=xpath}]
Capabilities {acceptInsecureCerts: true, browserName: firefox, browserVersion: 128.0, moz:accessibilityChecks: false, moz:buildID: 20240628091536, moz:debuggerAddress: 127.0.0.1:46946, moz:geckodriverVersion: 0.34.0, moz:headless: false, moz:platformVersion: 10.0, moz:processID: 26172, moz:profile: C:\Users\KAJALS~1\AppData\L..., moz:shutdownTimeout: 60000, moz:webdriverClick: true, moz:windowless: false, pageLoadStrategy: normal, platformName: windows, proxy: Proxy(), se:cdp: ws://127.0.0.1:46946/devtoo..., se:cdpVersion: 85.0, setWindowRect: true, strictFileInteractability: false, timeouts: {implicit: 0, pageLoad: 300000, script: 30000}, unhandledPromptBehavior: dismiss and notify, userAgent: Mozilla/5.0 (Windows NT 10....}
Session ID: a6203ccf-6ede-4d2a-a30b-1697bb45fa26
	at zapcg.Capillary.MemberLookupTestCases.MemberLookup_TestCases.burgerIconMemberLookupNavigation(MemberLookup_TestCases.java:80)
]]></failure>
    <system-out><![CDATA[The name of the testcase failed is : verifyHeaderHyperlink
Test execution completed on FirefoxDriver with device: iPhone 11 Pro Portrait
 Test case started: burgerIconMemberLookupNavigation
]]></system-out>
  </testcase>
  <testcase name="burgerIconMemberLookupNavigation" classname="zapcg.Capillary.MemberLookupTestCases.MemberLookup_TestCases" time="30.021">
    <failure message="Unable to locate element: //button[@id=&apos;MSMENUI3&apos;]&#10;For documentation on this error, please visit: https://www.selenium.dev/documentation/webdriver/troubleshooting/errors#no-such-element-exception&#10;Build info: version: &apos;4.22.0&apos;, revision: &apos;c5f3146703*&apos;&#10;System info: os.name: &apos;Windows 10&apos;, os.arch: &apos;amd64&apos;, os.version: &apos;10.0&apos;, java.version: &apos;15.0.2&apos;&#10;Driver info: org.openqa.selenium.firefox.FirefoxDriver&#10;Command: [5d7b67f9-7f52-4d72-a9e4-7204f265a544, findElement {value=//button[@id=&apos;MSMENUI3&apos;], using=xpath}]&#10;Capabilities {acceptInsecureCerts: true, browserName: firefox, browserVersion: 128.0, moz:accessibilityChecks: false, moz:buildID: 20240628091536, moz:debuggerAddress: 127.0.0.1:3781, moz:geckodriverVersion: 0.34.0, moz:headless: false, moz:platformVersion: 10.0, moz:processID: 29508, moz:profile: C:\Users\KAJALS~1\AppData\L..., moz:shutdownTimeout: 60000, moz:webdriverClick: true, moz:windowless: false, pageLoadStrategy: normal, platformName: windows, proxy: Proxy(), se:cdp: ws://127.0.0.1:3781/devtool..., se:cdpVersion: 85.0, setWindowRect: true, strictFileInteractability: false, timeouts: {implicit: 0, pageLoad: 300000, script: 30000}, unhandledPromptBehavior: dismiss and notify, userAgent: Mozilla/5.0 (Windows NT 10....}&#10;Session ID: 5d7b67f9-7f52-4d72-a9e4-7204f265a544" type="org.openqa.selenium.NoSuchElementException"><![CDATA[org.openqa.selenium.NoSuchElementException: 
Unable to locate element: //button[@id='MSMENUI3']
For documentation on this error, please visit: https://www.selenium.dev/documentation/webdriver/troubleshooting/errors#no-such-element-exception
Build info: version: '4.22.0', revision: 'c5f3146703*'
System info: os.name: 'Windows 10', os.arch: 'amd64', os.version: '10.0', java.version: '15.0.2'
Driver info: org.openqa.selenium.firefox.FirefoxDriver
Command: [5d7b67f9-7f52-4d72-a9e4-7204f265a544, findElement {value=//button[@id='MSMENUI3'], using=xpath}]
Capabilities {acceptInsecureCerts: true, browserName: firefox, browserVersion: 128.0, moz:accessibilityChecks: false, moz:buildID: 20240628091536, moz:debuggerAddress: 127.0.0.1:3781, moz:geckodriverVersion: 0.34.0, moz:headless: false, moz:platformVersion: 10.0, moz:processID: 29508, moz:profile: C:\Users\KAJALS~1\AppData\L..., moz:shutdownTimeout: 60000, moz:webdriverClick: true, moz:windowless: false, pageLoadStrategy: normal, platformName: windows, proxy: Proxy(), se:cdp: ws://127.0.0.1:3781/devtool..., se:cdpVersion: 85.0, setWindowRect: true, strictFileInteractability: false, timeouts: {implicit: 0, pageLoad: 300000, script: 30000}, unhandledPromptBehavior: dismiss and notify, userAgent: Mozilla/5.0 (Windows NT 10....}
Session ID: 5d7b67f9-7f52-4d72-a9e4-7204f265a544
	at zapcg.Capillary.MemberLookupTestCases.MemberLookup_TestCases.burgerIconMemberLookupNavigation(MemberLookup_TestCases.java:80)
]]></failure>
    <system-out><![CDATA[The name of the testcase failed is : verifyHeaderHyperlink
Test execution completed on FirefoxDriver with device: iPhone 11 Pro Landscape
 Test case started: burgerIconMemberLookupNavigation
]]></system-out>
  </testcase>
  <testcase name="burgerIconMemberLookupNavigation" classname="zapcg.Capillary.MemberLookupTestCases.MemberLookup_TestCases" time="30.018">
    <failure message="Unable to locate element: //button[@id=&apos;MSMENUI3&apos;]&#10;For documentation on this error, please visit: https://www.selenium.dev/documentation/webdriver/troubleshooting/errors#no-such-element-exception&#10;Build info: version: &apos;4.22.0&apos;, revision: &apos;c5f3146703*&apos;&#10;System info: os.name: &apos;Windows 10&apos;, os.arch: &apos;amd64&apos;, os.version: &apos;10.0&apos;, java.version: &apos;15.0.2&apos;&#10;Driver info: org.openqa.selenium.firefox.FirefoxDriver&#10;Command: [592ed548-d596-46f6-8867-bb18891fbcef, findElement {value=//button[@id=&apos;MSMENUI3&apos;], using=xpath}]&#10;Capabilities {acceptInsecureCerts: true, browserName: firefox, browserVersion: 128.0, moz:accessibilityChecks: false, moz:buildID: 20240628091536, moz:debuggerAddress: 127.0.0.1:2166, moz:geckodriverVersion: 0.34.0, moz:headless: false, moz:platformVersion: 10.0, moz:processID: 29548, moz:profile: C:\Users\KAJALS~1\AppData\L..., moz:shutdownTimeout: 60000, moz:webdriverClick: true, moz:windowless: false, pageLoadStrategy: normal, platformName: windows, proxy: Proxy(), se:cdp: ws://127.0.0.1:2166/devtool..., se:cdpVersion: 85.0, setWindowRect: true, strictFileInteractability: false, timeouts: {implicit: 0, pageLoad: 300000, script: 30000}, unhandledPromptBehavior: dismiss and notify, userAgent: Mozilla/5.0 (Windows NT 10....}&#10;Session ID: 592ed548-d596-46f6-8867-bb18891fbcef" type="org.openqa.selenium.NoSuchElementException"><![CDATA[org.openqa.selenium.NoSuchElementException: 
Unable to locate element: //button[@id='MSMENUI3']
For documentation on this error, please visit: https://www.selenium.dev/documentation/webdriver/troubleshooting/errors#no-such-element-exception
Build info: version: '4.22.0', revision: 'c5f3146703*'
System info: os.name: 'Windows 10', os.arch: 'amd64', os.version: '10.0', java.version: '15.0.2'
Driver info: org.openqa.selenium.firefox.FirefoxDriver
Command: [592ed548-d596-46f6-8867-bb18891fbcef, findElement {value=//button[@id='MSMENUI3'], using=xpath}]
Capabilities {acceptInsecureCerts: true, browserName: firefox, browserVersion: 128.0, moz:accessibilityChecks: false, moz:buildID: 20240628091536, moz:debuggerAddress: 127.0.0.1:2166, moz:geckodriverVersion: 0.34.0, moz:headless: false, moz:platformVersion: 10.0, moz:processID: 29548, moz:profile: C:\Users\KAJALS~1\AppData\L..., moz:shutdownTimeout: 60000, moz:webdriverClick: true, moz:windowless: false, pageLoadStrategy: normal, platformName: windows, proxy: Proxy(), se:cdp: ws://127.0.0.1:2166/devtool..., se:cdpVersion: 85.0, setWindowRect: true, strictFileInteractability: false, timeouts: {implicit: 0, pageLoad: 300000, script: 30000}, unhandledPromptBehavior: dismiss and notify, userAgent: Mozilla/5.0 (Windows NT 10....}
Session ID: 592ed548-d596-46f6-8867-bb18891fbcef
	at zapcg.Capillary.MemberLookupTestCases.MemberLookup_TestCases.burgerIconMemberLookupNavigation(MemberLookup_TestCases.java:80)
]]></failure>
    <system-out><![CDATA[The name of the testcase failed is : verifyHeaderHyperlink
Test execution completed on FirefoxDriver with device: Galaxy S20 Portrait
 Test case started: burgerIconMemberLookupNavigation
]]></system-out>
  </testcase>
  <testcase name="burgerIconMemberLookupNavigation" classname="zapcg.Capillary.MemberLookupTestCases.MemberLookup_TestCases" time="30.012">
    <failure message="Unable to locate element: //button[@id=&apos;MSMENUI3&apos;]&#10;For documentation on this error, please visit: https://www.selenium.dev/documentation/webdriver/troubleshooting/errors#no-such-element-exception&#10;Build info: version: &apos;4.22.0&apos;, revision: &apos;c5f3146703*&apos;&#10;System info: os.name: &apos;Windows 10&apos;, os.arch: &apos;amd64&apos;, os.version: &apos;10.0&apos;, java.version: &apos;15.0.2&apos;&#10;Driver info: org.openqa.selenium.firefox.FirefoxDriver&#10;Command: [d55ff908-e523-4eb3-b2f0-c3b2b742ba3f, findElement {value=//button[@id=&apos;MSMENUI3&apos;], using=xpath}]&#10;Capabilities {acceptInsecureCerts: true, browserName: firefox, browserVersion: 128.0, moz:accessibilityChecks: false, moz:buildID: 20240628091536, moz:debuggerAddress: 127.0.0.1:40188, moz:geckodriverVersion: 0.34.0, moz:headless: false, moz:platformVersion: 10.0, moz:processID: 18484, moz:profile: C:\Users\KAJALS~1\AppData\L..., moz:shutdownTimeout: 60000, moz:webdriverClick: true, moz:windowless: false, pageLoadStrategy: normal, platformName: windows, proxy: Proxy(), se:cdp: ws://127.0.0.1:40188/devtoo..., se:cdpVersion: 85.0, setWindowRect: true, strictFileInteractability: false, timeouts: {implicit: 0, pageLoad: 300000, script: 30000}, unhandledPromptBehavior: dismiss and notify, userAgent: Mozilla/5.0 (Windows NT 10....}&#10;Session ID: d55ff908-e523-4eb3-b2f0-c3b2b742ba3f" type="org.openqa.selenium.NoSuchElementException"><![CDATA[org.openqa.selenium.NoSuchElementException: 
Unable to locate element: //button[@id='MSMENUI3']
For documentation on this error, please visit: https://www.selenium.dev/documentation/webdriver/troubleshooting/errors#no-such-element-exception
Build info: version: '4.22.0', revision: 'c5f3146703*'
System info: os.name: 'Windows 10', os.arch: 'amd64', os.version: '10.0', java.version: '15.0.2'
Driver info: org.openqa.selenium.firefox.FirefoxDriver
Command: [d55ff908-e523-4eb3-b2f0-c3b2b742ba3f, findElement {value=//button[@id='MSMENUI3'], using=xpath}]
Capabilities {acceptInsecureCerts: true, browserName: firefox, browserVersion: 128.0, moz:accessibilityChecks: false, moz:buildID: 20240628091536, moz:debuggerAddress: 127.0.0.1:40188, moz:geckodriverVersion: 0.34.0, moz:headless: false, moz:platformVersion: 10.0, moz:processID: 18484, moz:profile: C:\Users\KAJALS~1\AppData\L..., moz:shutdownTimeout: 60000, moz:webdriverClick: true, moz:windowless: false, pageLoadStrategy: normal, platformName: windows, proxy: Proxy(), se:cdp: ws://127.0.0.1:40188/devtoo..., se:cdpVersion: 85.0, setWindowRect: true, strictFileInteractability: false, timeouts: {implicit: 0, pageLoad: 300000, script: 30000}, unhandledPromptBehavior: dismiss and notify, userAgent: Mozilla/5.0 (Windows NT 10....}
Session ID: d55ff908-e523-4eb3-b2f0-c3b2b742ba3f
	at zapcg.Capillary.MemberLookupTestCases.MemberLookup_TestCases.burgerIconMemberLookupNavigation(MemberLookup_TestCases.java:80)
]]></failure>
    <system-out><![CDATA[The name of the testcase failed is : verifyHeaderHyperlink
Test execution completed on FirefoxDriver with device: Galaxy S20 Landscape
 Test case started: burgerIconMemberLookupNavigation
]]></system-out>
  </testcase>
  <testcase name="burgerIconLocationNavigation" classname="zapcg.Capillary.MemberLookupTestCases.MemberLookup_TestCases" time="1.799">
    <system-out><![CDATA[The name of the testcase passed is : burgerIconMemberLookupNavigation
Test execution completed on ChromeDriver with device: Tablet Portrait
 Test case started: burgerIconLocationNavigation
Successfully navigated to the Location screen
Navigation from Hamburger icon on Location screen working fine for 'Location option'
]]></system-out>
  </testcase>
  <testcase name="burgerIconLocationNavigation" classname="zapcg.Capillary.MemberLookupTestCases.MemberLookup_TestCases" time="1.324">
    <system-out><![CDATA[The name of the testcase passed is : burgerIconMemberLookupNavigation
Test execution completed on ChromeDriver with device: Tablet Landscape
 Test case started: burgerIconLocationNavigation
Successfully navigated to the Location screen
Navigation from Hamburger icon on Location screen working fine for 'Location option'
]]></system-out>
  </testcase>
  <testcase name="burgerIconLocationNavigation" classname="zapcg.Capillary.MemberLookupTestCases.MemberLookup_TestCases" time="1.925">
    <system-out><![CDATA[The name of the testcase passed is : burgerIconMemberLookupNavigation
Test execution completed on ChromeDriver with device: iPhone 11 Pro Portrait
 Test case started: burgerIconLocationNavigation
Successfully navigated to the Location screen
Navigation from Hamburger icon on Location screen working fine for 'Location option'
]]></system-out>
  </testcase>
  <testcase name="burgerIconLocationNavigation" classname="zapcg.Capillary.MemberLookupTestCases.MemberLookup_TestCases" time="30.048">
    <failure message="no such element: Unable to locate element: {&quot;method&quot;:&quot;xpath&quot;,&quot;selector&quot;:&quot;//button[@id=&apos;MSMENUI3&apos;]&quot;}&#10;  (Session info: chrome=126.0.6478.57)&#10;For documentation on this error, please visit: https://www.selenium.dev/documentation/webdriver/troubleshooting/errors#no-such-element-exception&#10;Build info: version: &apos;4.22.0&apos;, revision: &apos;c5f3146703*&apos;&#10;System info: os.name: &apos;Windows 10&apos;, os.arch: &apos;amd64&apos;, os.version: &apos;10.0&apos;, java.version: &apos;15.0.2&apos;&#10;Driver info: org.openqa.selenium.chrome.ChromeDriver&#10;Command: [dea593f10e77e8b158a309492703000c, findElement {value=//button[@id=&apos;MSMENUI3&apos;], using=xpath}]&#10;Capabilities {acceptInsecureCerts: false, browserName: chrome, browserVersion: 126.0.6478.57, chrome: {chromedriverVersion: 126.0.6478.126 (d36ace6122e..., userDataDir: C:\Users\KAJALS~1\AppData\L...}, fedcm:accounts: true, goog:chromeOptions: {debuggerAddress: localhost:64682}, networkConnectionEnabled: false, pageLoadStrategy: normal, platformName: windows, proxy: Proxy(), se:cdp: ws://localhost:64682/devtoo..., se:cdpVersion: 126.0.6478.57, setWindowRect: true, strictFileInteractability: false, timeouts: {implicit: 0, pageLoad: 300000, script: 30000}, unhandledPromptBehavior: dismiss and notify, webauthn:extension:credBlob: true, webauthn:extension:largeBlob: true, webauthn:extension:minPinLength: true, webauthn:extension:prf: true, webauthn:virtualAuthenticators: true}&#10;Session ID: dea593f10e77e8b158a309492703000c" type="org.openqa.selenium.NoSuchElementException"><![CDATA[org.openqa.selenium.NoSuchElementException: 
no such element: Unable to locate element: {"method":"xpath","selector":"//button[@id='MSMENUI3']"}
  (Session info: chrome=126.0.6478.57)
For documentation on this error, please visit: https://www.selenium.dev/documentation/webdriver/troubleshooting/errors#no-such-element-exception
Build info: version: '4.22.0', revision: 'c5f3146703*'
System info: os.name: 'Windows 10', os.arch: 'amd64', os.version: '10.0', java.version: '15.0.2'
Driver info: org.openqa.selenium.chrome.ChromeDriver
Command: [dea593f10e77e8b158a309492703000c, findElement {value=//button[@id='MSMENUI3'], using=xpath}]
Capabilities {acceptInsecureCerts: false, browserName: chrome, browserVersion: 126.0.6478.57, chrome: {chromedriverVersion: 126.0.6478.126 (d36ace6122e..., userDataDir: C:\Users\KAJALS~1\AppData\L...}, fedcm:accounts: true, goog:chromeOptions: {debuggerAddress: localhost:64682}, networkConnectionEnabled: false, pageLoadStrategy: normal, platformName: windows, proxy: Proxy(), se:cdp: ws://localhost:64682/devtoo..., se:cdpVersion: 126.0.6478.57, setWindowRect: true, strictFileInteractability: false, timeouts: {implicit: 0, pageLoad: 300000, script: 30000}, unhandledPromptBehavior: dismiss and notify, webauthn:extension:credBlob: true, webauthn:extension:largeBlob: true, webauthn:extension:minPinLength: true, webauthn:extension:prf: true, webauthn:virtualAuthenticators: true}
Session ID: dea593f10e77e8b158a309492703000c
	at zapcg.Capillary.MemberLookupTestCases.MemberLookup_TestCases.burgerIconLocationNavigation(MemberLookup_TestCases.java:93)
]]></failure>
    <system-out><![CDATA[The name of the testcase failed is : burgerIconMemberLookupNavigation
Test execution completed on ChromeDriver with device: iPhone 11 Pro Landscape
 Test case started: burgerIconLocationNavigation
]]></system-out>
  </testcase>
  <testcase name="burgerIconLocationNavigation" classname="zapcg.Capillary.MemberLookupTestCases.MemberLookup_TestCases" time="1.376">
    <system-out><![CDATA[The name of the testcase passed is : burgerIconMemberLookupNavigation
Test execution completed on ChromeDriver with device: Galaxy S20 Portrait
 Test case started: burgerIconLocationNavigation
Successfully navigated to the Location screen
Navigation from Hamburger icon on Location screen working fine for 'Location option'
]]></system-out>
  </testcase>
  <testcase name="burgerIconLocationNavigation" classname="zapcg.Capillary.MemberLookupTestCases.MemberLookup_TestCases" time="2.394">
    <system-out><![CDATA[The name of the testcase passed is : burgerIconMemberLookupNavigation
Test execution completed on ChromeDriver with device: Galaxy S20 Landscape
 Test case started: burgerIconLocationNavigation
Successfully navigated to the Location screen
Navigation from Hamburger icon on Location screen working fine for 'Location option'
]]></system-out>
  </testcase>
  <testcase name="burgerIconLocationNavigation" classname="zapcg.Capillary.MemberLookupTestCases.MemberLookup_TestCases" time="2.435">
    <system-out><![CDATA[The name of the testcase passed is : burgerIconMemberLookupNavigation
Test execution completed on FirefoxDriver with device: Tablet Portrait
 Test case started: burgerIconLocationNavigation
Successfully navigated to the Location screen
Navigation from Hamburger icon on Location screen working fine for 'Location option'
]]></system-out>
  </testcase>
  <testcase name="burgerIconLocationNavigation" classname="zapcg.Capillary.MemberLookupTestCases.MemberLookup_TestCases" time="30.026">
    <failure message="Unable to locate element: //button[@id=&apos;MSMENUI3&apos;]&#10;For documentation on this error, please visit: https://www.selenium.dev/documentation/webdriver/troubleshooting/errors#no-such-element-exception&#10;Build info: version: &apos;4.22.0&apos;, revision: &apos;c5f3146703*&apos;&#10;System info: os.name: &apos;Windows 10&apos;, os.arch: &apos;amd64&apos;, os.version: &apos;10.0&apos;, java.version: &apos;15.0.2&apos;&#10;Driver info: org.openqa.selenium.firefox.FirefoxDriver&#10;Command: [e691e9b6-4f58-46d6-bfeb-9e053c65a838, findElement {value=//button[@id=&apos;MSMENUI3&apos;], using=xpath}]&#10;Capabilities {acceptInsecureCerts: true, browserName: firefox, browserVersion: 128.0, moz:accessibilityChecks: false, moz:buildID: 20240628091536, moz:debuggerAddress: 127.0.0.1:48406, moz:geckodriverVersion: 0.34.0, moz:headless: false, moz:platformVersion: 10.0, moz:processID: 57684, moz:profile: C:\Users\KAJALS~1\AppData\L..., moz:shutdownTimeout: 60000, moz:webdriverClick: true, moz:windowless: false, pageLoadStrategy: normal, platformName: windows, proxy: Proxy(), se:cdp: ws://127.0.0.1:48406/devtoo..., se:cdpVersion: 85.0, setWindowRect: true, strictFileInteractability: false, timeouts: {implicit: 0, pageLoad: 300000, script: 30000}, unhandledPromptBehavior: dismiss and notify, userAgent: Mozilla/5.0 (Windows NT 10....}&#10;Session ID: e691e9b6-4f58-46d6-bfeb-9e053c65a838" type="org.openqa.selenium.NoSuchElementException"><![CDATA[org.openqa.selenium.NoSuchElementException: 
Unable to locate element: //button[@id='MSMENUI3']
For documentation on this error, please visit: https://www.selenium.dev/documentation/webdriver/troubleshooting/errors#no-such-element-exception
Build info: version: '4.22.0', revision: 'c5f3146703*'
System info: os.name: 'Windows 10', os.arch: 'amd64', os.version: '10.0', java.version: '15.0.2'
Driver info: org.openqa.selenium.firefox.FirefoxDriver
Command: [e691e9b6-4f58-46d6-bfeb-9e053c65a838, findElement {value=//button[@id='MSMENUI3'], using=xpath}]
Capabilities {acceptInsecureCerts: true, browserName: firefox, browserVersion: 128.0, moz:accessibilityChecks: false, moz:buildID: 20240628091536, moz:debuggerAddress: 127.0.0.1:48406, moz:geckodriverVersion: 0.34.0, moz:headless: false, moz:platformVersion: 10.0, moz:processID: 57684, moz:profile: C:\Users\KAJALS~1\AppData\L..., moz:shutdownTimeout: 60000, moz:webdriverClick: true, moz:windowless: false, pageLoadStrategy: normal, platformName: windows, proxy: Proxy(), se:cdp: ws://127.0.0.1:48406/devtoo..., se:cdpVersion: 85.0, setWindowRect: true, strictFileInteractability: false, timeouts: {implicit: 0, pageLoad: 300000, script: 30000}, unhandledPromptBehavior: dismiss and notify, userAgent: Mozilla/5.0 (Windows NT 10....}
Session ID: e691e9b6-4f58-46d6-bfeb-9e053c65a838
	at zapcg.Capillary.MemberLookupTestCases.MemberLookup_TestCases.burgerIconLocationNavigation(MemberLookup_TestCases.java:93)
]]></failure>
    <system-out><![CDATA[The name of the testcase failed is : burgerIconMemberLookupNavigation
Test execution completed on FirefoxDriver with device: Tablet Landscape
 Test case started: burgerIconLocationNavigation
]]></system-out>
  </testcase>
  <testcase name="burgerIconLocationNavigation" classname="zapcg.Capillary.MemberLookupTestCases.MemberLookup_TestCases" time="30.015">
    <failure message="Unable to locate element: //button[@id=&apos;MSMENUI3&apos;]&#10;For documentation on this error, please visit: https://www.selenium.dev/documentation/webdriver/troubleshooting/errors#no-such-element-exception&#10;Build info: version: &apos;4.22.0&apos;, revision: &apos;c5f3146703*&apos;&#10;System info: os.name: &apos;Windows 10&apos;, os.arch: &apos;amd64&apos;, os.version: &apos;10.0&apos;, java.version: &apos;15.0.2&apos;&#10;Driver info: org.openqa.selenium.firefox.FirefoxDriver&#10;Command: [dd3bf870-14a9-4450-8185-1ef6a45a2b2b, findElement {value=//button[@id=&apos;MSMENUI3&apos;], using=xpath}]&#10;Capabilities {acceptInsecureCerts: true, browserName: firefox, browserVersion: 128.0, moz:accessibilityChecks: false, moz:buildID: 20240628091536, moz:debuggerAddress: 127.0.0.1:38616, moz:geckodriverVersion: 0.34.0, moz:headless: false, moz:platformVersion: 10.0, moz:processID: 54868, moz:profile: C:\Users\KAJALS~1\AppData\L..., moz:shutdownTimeout: 60000, moz:webdriverClick: true, moz:windowless: false, pageLoadStrategy: normal, platformName: windows, proxy: Proxy(), se:cdp: ws://127.0.0.1:38616/devtoo..., se:cdpVersion: 85.0, setWindowRect: true, strictFileInteractability: false, timeouts: {implicit: 0, pageLoad: 300000, script: 30000}, unhandledPromptBehavior: dismiss and notify, userAgent: Mozilla/5.0 (Windows NT 10....}&#10;Session ID: dd3bf870-14a9-4450-8185-1ef6a45a2b2b" type="org.openqa.selenium.NoSuchElementException"><![CDATA[org.openqa.selenium.NoSuchElementException: 
Unable to locate element: //button[@id='MSMENUI3']
For documentation on this error, please visit: https://www.selenium.dev/documentation/webdriver/troubleshooting/errors#no-such-element-exception
Build info: version: '4.22.0', revision: 'c5f3146703*'
System info: os.name: 'Windows 10', os.arch: 'amd64', os.version: '10.0', java.version: '15.0.2'
Driver info: org.openqa.selenium.firefox.FirefoxDriver
Command: [dd3bf870-14a9-4450-8185-1ef6a45a2b2b, findElement {value=//button[@id='MSMENUI3'], using=xpath}]
Capabilities {acceptInsecureCerts: true, browserName: firefox, browserVersion: 128.0, moz:accessibilityChecks: false, moz:buildID: 20240628091536, moz:debuggerAddress: 127.0.0.1:38616, moz:geckodriverVersion: 0.34.0, moz:headless: false, moz:platformVersion: 10.0, moz:processID: 54868, moz:profile: C:\Users\KAJALS~1\AppData\L..., moz:shutdownTimeout: 60000, moz:webdriverClick: true, moz:windowless: false, pageLoadStrategy: normal, platformName: windows, proxy: Proxy(), se:cdp: ws://127.0.0.1:38616/devtoo..., se:cdpVersion: 85.0, setWindowRect: true, strictFileInteractability: false, timeouts: {implicit: 0, pageLoad: 300000, script: 30000}, unhandledPromptBehavior: dismiss and notify, userAgent: Mozilla/5.0 (Windows NT 10....}
Session ID: dd3bf870-14a9-4450-8185-1ef6a45a2b2b
	at zapcg.Capillary.MemberLookupTestCases.MemberLookup_TestCases.burgerIconLocationNavigation(MemberLookup_TestCases.java:93)
]]></failure>
    <system-out><![CDATA[The name of the testcase failed is : burgerIconMemberLookupNavigation
Test execution completed on FirefoxDriver with device: iPhone 11 Pro Portrait
 Test case started: burgerIconLocationNavigation
]]></system-out>
  </testcase>
  <testcase name="burgerIconLocationNavigation" classname="zapcg.Capillary.MemberLookupTestCases.MemberLookup_TestCases" time="30.023">
    <failure message="Unable to locate element: //button[@id=&apos;MSMENUI3&apos;]&#10;For documentation on this error, please visit: https://www.selenium.dev/documentation/webdriver/troubleshooting/errors#no-such-element-exception&#10;Build info: version: &apos;4.22.0&apos;, revision: &apos;c5f3146703*&apos;&#10;System info: os.name: &apos;Windows 10&apos;, os.arch: &apos;amd64&apos;, os.version: &apos;10.0&apos;, java.version: &apos;15.0.2&apos;&#10;Driver info: org.openqa.selenium.firefox.FirefoxDriver&#10;Command: [cbcc52df-959c-4798-a864-07b2bef529ca, findElement {value=//button[@id=&apos;MSMENUI3&apos;], using=xpath}]&#10;Capabilities {acceptInsecureCerts: true, browserName: firefox, browserVersion: 128.0, moz:accessibilityChecks: false, moz:buildID: 20240628091536, moz:debuggerAddress: 127.0.0.1:38436, moz:geckodriverVersion: 0.34.0, moz:headless: false, moz:platformVersion: 10.0, moz:processID: 6648, moz:profile: C:\Users\KAJALS~1\AppData\L..., moz:shutdownTimeout: 60000, moz:webdriverClick: true, moz:windowless: false, pageLoadStrategy: normal, platformName: windows, proxy: Proxy(), se:cdp: ws://127.0.0.1:38436/devtoo..., se:cdpVersion: 85.0, setWindowRect: true, strictFileInteractability: false, timeouts: {implicit: 0, pageLoad: 300000, script: 30000}, unhandledPromptBehavior: dismiss and notify, userAgent: Mozilla/5.0 (Windows NT 10....}&#10;Session ID: cbcc52df-959c-4798-a864-07b2bef529ca" type="org.openqa.selenium.NoSuchElementException"><![CDATA[org.openqa.selenium.NoSuchElementException: 
Unable to locate element: //button[@id='MSMENUI3']
For documentation on this error, please visit: https://www.selenium.dev/documentation/webdriver/troubleshooting/errors#no-such-element-exception
Build info: version: '4.22.0', revision: 'c5f3146703*'
System info: os.name: 'Windows 10', os.arch: 'amd64', os.version: '10.0', java.version: '15.0.2'
Driver info: org.openqa.selenium.firefox.FirefoxDriver
Command: [cbcc52df-959c-4798-a864-07b2bef529ca, findElement {value=//button[@id='MSMENUI3'], using=xpath}]
Capabilities {acceptInsecureCerts: true, browserName: firefox, browserVersion: 128.0, moz:accessibilityChecks: false, moz:buildID: 20240628091536, moz:debuggerAddress: 127.0.0.1:38436, moz:geckodriverVersion: 0.34.0, moz:headless: false, moz:platformVersion: 10.0, moz:processID: 6648, moz:profile: C:\Users\KAJALS~1\AppData\L..., moz:shutdownTimeout: 60000, moz:webdriverClick: true, moz:windowless: false, pageLoadStrategy: normal, platformName: windows, proxy: Proxy(), se:cdp: ws://127.0.0.1:38436/devtoo..., se:cdpVersion: 85.0, setWindowRect: true, strictFileInteractability: false, timeouts: {implicit: 0, pageLoad: 300000, script: 30000}, unhandledPromptBehavior: dismiss and notify, userAgent: Mozilla/5.0 (Windows NT 10....}
Session ID: cbcc52df-959c-4798-a864-07b2bef529ca
	at zapcg.Capillary.MemberLookupTestCases.MemberLookup_TestCases.burgerIconLocationNavigation(MemberLookup_TestCases.java:93)
]]></failure>
    <system-out><![CDATA[The name of the testcase failed is : burgerIconMemberLookupNavigation
Test execution completed on FirefoxDriver with device: iPhone 11 Pro Landscape
 Test case started: burgerIconLocationNavigation
]]></system-out>
  </testcase>
  <testcase name="burgerIconLocationNavigation" classname="zapcg.Capillary.MemberLookupTestCases.MemberLookup_TestCases" time="30.009">
    <failure message="Unable to locate element: //button[@id=&apos;MSMENUI3&apos;]&#10;For documentation on this error, please visit: https://www.selenium.dev/documentation/webdriver/troubleshooting/errors#no-such-element-exception&#10;Build info: version: &apos;4.22.0&apos;, revision: &apos;c5f3146703*&apos;&#10;System info: os.name: &apos;Windows 10&apos;, os.arch: &apos;amd64&apos;, os.version: &apos;10.0&apos;, java.version: &apos;15.0.2&apos;&#10;Driver info: org.openqa.selenium.firefox.FirefoxDriver&#10;Command: [2e040ddf-90bf-4fea-8f7f-6782fa220ab7, findElement {value=//button[@id=&apos;MSMENUI3&apos;], using=xpath}]&#10;Capabilities {acceptInsecureCerts: true, browserName: firefox, browserVersion: 128.0, moz:accessibilityChecks: false, moz:buildID: 20240628091536, moz:debuggerAddress: 127.0.0.1:9559, moz:geckodriverVersion: 0.34.0, moz:headless: false, moz:platformVersion: 10.0, moz:processID: 47828, moz:profile: C:\Users\KAJALS~1\AppData\L..., moz:shutdownTimeout: 60000, moz:webdriverClick: true, moz:windowless: false, pageLoadStrategy: normal, platformName: windows, proxy: Proxy(), se:cdp: ws://127.0.0.1:9559/devtool..., se:cdpVersion: 85.0, setWindowRect: true, strictFileInteractability: false, timeouts: {implicit: 0, pageLoad: 300000, script: 30000}, unhandledPromptBehavior: dismiss and notify, userAgent: Mozilla/5.0 (Windows NT 10....}&#10;Session ID: 2e040ddf-90bf-4fea-8f7f-6782fa220ab7" type="org.openqa.selenium.NoSuchElementException"><![CDATA[org.openqa.selenium.NoSuchElementException: 
Unable to locate element: //button[@id='MSMENUI3']
For documentation on this error, please visit: https://www.selenium.dev/documentation/webdriver/troubleshooting/errors#no-such-element-exception
Build info: version: '4.22.0', revision: 'c5f3146703*'
System info: os.name: 'Windows 10', os.arch: 'amd64', os.version: '10.0', java.version: '15.0.2'
Driver info: org.openqa.selenium.firefox.FirefoxDriver
Command: [2e040ddf-90bf-4fea-8f7f-6782fa220ab7, findElement {value=//button[@id='MSMENUI3'], using=xpath}]
Capabilities {acceptInsecureCerts: true, browserName: firefox, browserVersion: 128.0, moz:accessibilityChecks: false, moz:buildID: 20240628091536, moz:debuggerAddress: 127.0.0.1:9559, moz:geckodriverVersion: 0.34.0, moz:headless: false, moz:platformVersion: 10.0, moz:processID: 47828, moz:profile: C:\Users\KAJALS~1\AppData\L..., moz:shutdownTimeout: 60000, moz:webdriverClick: true, moz:windowless: false, pageLoadStrategy: normal, platformName: windows, proxy: Proxy(), se:cdp: ws://127.0.0.1:9559/devtool..., se:cdpVersion: 85.0, setWindowRect: true, strictFileInteractability: false, timeouts: {implicit: 0, pageLoad: 300000, script: 30000}, unhandledPromptBehavior: dismiss and notify, userAgent: Mozilla/5.0 (Windows NT 10....}
Session ID: 2e040ddf-90bf-4fea-8f7f-6782fa220ab7
	at zapcg.Capillary.MemberLookupTestCases.MemberLookup_TestCases.burgerIconLocationNavigation(MemberLookup_TestCases.java:93)
]]></failure>
    <system-out><![CDATA[The name of the testcase failed is : burgerIconMemberLookupNavigation
Test execution completed on FirefoxDriver with device: Galaxy S20 Portrait
 Test case started: burgerIconLocationNavigation
]]></system-out>
  </testcase>
  <testcase name="burgerIconLocationNavigation" classname="zapcg.Capillary.MemberLookupTestCases.MemberLookup_TestCases" time="30.008">
    <failure message="Unable to locate element: //button[@id=&apos;MSMENUI3&apos;]&#10;For documentation on this error, please visit: https://www.selenium.dev/documentation/webdriver/troubleshooting/errors#no-such-element-exception&#10;Build info: version: &apos;4.22.0&apos;, revision: &apos;c5f3146703*&apos;&#10;System info: os.name: &apos;Windows 10&apos;, os.arch: &apos;amd64&apos;, os.version: &apos;10.0&apos;, java.version: &apos;15.0.2&apos;&#10;Driver info: org.openqa.selenium.firefox.FirefoxDriver&#10;Command: [ea3ed8cf-1732-443a-ad8d-1c563c87b6e8, findElement {value=//button[@id=&apos;MSMENUI3&apos;], using=xpath}]&#10;Capabilities {acceptInsecureCerts: true, browserName: firefox, browserVersion: 128.0, moz:accessibilityChecks: false, moz:buildID: 20240628091536, moz:debuggerAddress: 127.0.0.1:49078, moz:geckodriverVersion: 0.34.0, moz:headless: false, moz:platformVersion: 10.0, moz:processID: 40652, moz:profile: C:\Users\KAJALS~1\AppData\L..., moz:shutdownTimeout: 60000, moz:webdriverClick: true, moz:windowless: false, pageLoadStrategy: normal, platformName: windows, proxy: Proxy(), se:cdp: ws://127.0.0.1:49078/devtoo..., se:cdpVersion: 85.0, setWindowRect: true, strictFileInteractability: false, timeouts: {implicit: 0, pageLoad: 300000, script: 30000}, unhandledPromptBehavior: dismiss and notify, userAgent: Mozilla/5.0 (Windows NT 10....}&#10;Session ID: ea3ed8cf-1732-443a-ad8d-1c563c87b6e8" type="org.openqa.selenium.NoSuchElementException"><![CDATA[org.openqa.selenium.NoSuchElementException: 
Unable to locate element: //button[@id='MSMENUI3']
For documentation on this error, please visit: https://www.selenium.dev/documentation/webdriver/troubleshooting/errors#no-such-element-exception
Build info: version: '4.22.0', revision: 'c5f3146703*'
System info: os.name: 'Windows 10', os.arch: 'amd64', os.version: '10.0', java.version: '15.0.2'
Driver info: org.openqa.selenium.firefox.FirefoxDriver
Command: [ea3ed8cf-1732-443a-ad8d-1c563c87b6e8, findElement {value=//button[@id='MSMENUI3'], using=xpath}]
Capabilities {acceptInsecureCerts: true, browserName: firefox, browserVersion: 128.0, moz:accessibilityChecks: false, moz:buildID: 20240628091536, moz:debuggerAddress: 127.0.0.1:49078, moz:geckodriverVersion: 0.34.0, moz:headless: false, moz:platformVersion: 10.0, moz:processID: 40652, moz:profile: C:\Users\KAJALS~1\AppData\L..., moz:shutdownTimeout: 60000, moz:webdriverClick: true, moz:windowless: false, pageLoadStrategy: normal, platformName: windows, proxy: Proxy(), se:cdp: ws://127.0.0.1:49078/devtoo..., se:cdpVersion: 85.0, setWindowRect: true, strictFileInteractability: false, timeouts: {implicit: 0, pageLoad: 300000, script: 30000}, unhandledPromptBehavior: dismiss and notify, userAgent: Mozilla/5.0 (Windows NT 10....}
Session ID: ea3ed8cf-1732-443a-ad8d-1c563c87b6e8
	at zapcg.Capillary.MemberLookupTestCases.MemberLookup_TestCases.burgerIconLocationNavigation(MemberLookup_TestCases.java:93)
]]></failure>
    <system-out><![CDATA[The name of the testcase failed is : burgerIconMemberLookupNavigation
Test execution completed on FirefoxDriver with device: Galaxy S20 Landscape
 Test case started: burgerIconLocationNavigation
]]></system-out>
  </testcase>
  <testcase name="burgerIconLogout" classname="zapcg.Capillary.MemberLookupTestCases.MemberLookup_TestCases" time="1.648">
    <system-out><![CDATA[The name of the testcase passed is : burgerIconLocationNavigation
Test execution completed on ChromeDriver with device: Tablet Portrait
 Test case started: burgerIconLogout
Successfully navigated to the Login screen
Logout option under Hamburger icon on Location screen working fine
]]></system-out>
  </testcase>
  <testcase name="burgerIconLogout" classname="zapcg.Capillary.MemberLookupTestCases.MemberLookup_TestCases" time="1.695">
    <system-out><![CDATA[The name of the testcase passed is : burgerIconLocationNavigation
Test execution completed on ChromeDriver with device: Tablet Landscape
 Test case started: burgerIconLogout
Successfully navigated to the Login screen
Logout option under Hamburger icon on Location screen working fine
]]></system-out>
  </testcase>
  <testcase name="burgerIconLogout" classname="zapcg.Capillary.MemberLookupTestCases.MemberLookup_TestCases" time="1.781">
    <system-out><![CDATA[The name of the testcase passed is : burgerIconLocationNavigation
Test execution completed on ChromeDriver with device: iPhone 11 Pro Portrait
 Test case started: burgerIconLogout
Successfully navigated to the Login screen
Logout option under Hamburger icon on Location screen working fine
]]></system-out>
  </testcase>
  <testcase name="burgerIconLogout" classname="zapcg.Capillary.MemberLookupTestCases.MemberLookup_TestCases" time="30.05">
    <failure message="no such element: Unable to locate element: {&quot;method&quot;:&quot;xpath&quot;,&quot;selector&quot;:&quot;//button[@id=&apos;MSMENUI3&apos;]&quot;}&#10;  (Session info: chrome=126.0.6478.57)&#10;For documentation on this error, please visit: https://www.selenium.dev/documentation/webdriver/troubleshooting/errors#no-such-element-exception&#10;Build info: version: &apos;4.22.0&apos;, revision: &apos;c5f3146703*&apos;&#10;System info: os.name: &apos;Windows 10&apos;, os.arch: &apos;amd64&apos;, os.version: &apos;10.0&apos;, java.version: &apos;15.0.2&apos;&#10;Driver info: org.openqa.selenium.chrome.ChromeDriver&#10;Command: [586dad0967c60de103cd1b1845e518bd, findElement {value=//button[@id=&apos;MSMENUI3&apos;], using=xpath}]&#10;Capabilities {acceptInsecureCerts: false, browserName: chrome, browserVersion: 126.0.6478.57, chrome: {chromedriverVersion: 126.0.6478.126 (d36ace6122e..., userDataDir: C:\Users\KAJALS~1\AppData\L...}, fedcm:accounts: true, goog:chromeOptions: {debuggerAddress: localhost:64751}, networkConnectionEnabled: false, pageLoadStrategy: normal, platformName: windows, proxy: Proxy(), se:cdp: ws://localhost:64751/devtoo..., se:cdpVersion: 126.0.6478.57, setWindowRect: true, strictFileInteractability: false, timeouts: {implicit: 0, pageLoad: 300000, script: 30000}, unhandledPromptBehavior: dismiss and notify, webauthn:extension:credBlob: true, webauthn:extension:largeBlob: true, webauthn:extension:minPinLength: true, webauthn:extension:prf: true, webauthn:virtualAuthenticators: true}&#10;Session ID: 586dad0967c60de103cd1b1845e518bd" type="org.openqa.selenium.NoSuchElementException"><![CDATA[org.openqa.selenium.NoSuchElementException: 
no such element: Unable to locate element: {"method":"xpath","selector":"//button[@id='MSMENUI3']"}
  (Session info: chrome=126.0.6478.57)
For documentation on this error, please visit: https://www.selenium.dev/documentation/webdriver/troubleshooting/errors#no-such-element-exception
Build info: version: '4.22.0', revision: 'c5f3146703*'
System info: os.name: 'Windows 10', os.arch: 'amd64', os.version: '10.0', java.version: '15.0.2'
Driver info: org.openqa.selenium.chrome.ChromeDriver
Command: [586dad0967c60de103cd1b1845e518bd, findElement {value=//button[@id='MSMENUI3'], using=xpath}]
Capabilities {acceptInsecureCerts: false, browserName: chrome, browserVersion: 126.0.6478.57, chrome: {chromedriverVersion: 126.0.6478.126 (d36ace6122e..., userDataDir: C:\Users\KAJALS~1\AppData\L...}, fedcm:accounts: true, goog:chromeOptions: {debuggerAddress: localhost:64751}, networkConnectionEnabled: false, pageLoadStrategy: normal, platformName: windows, proxy: Proxy(), se:cdp: ws://localhost:64751/devtoo..., se:cdpVersion: 126.0.6478.57, setWindowRect: true, strictFileInteractability: false, timeouts: {implicit: 0, pageLoad: 300000, script: 30000}, unhandledPromptBehavior: dismiss and notify, webauthn:extension:credBlob: true, webauthn:extension:largeBlob: true, webauthn:extension:minPinLength: true, webauthn:extension:prf: true, webauthn:virtualAuthenticators: true}
Session ID: 586dad0967c60de103cd1b1845e518bd
	at zapcg.Capillary.MemberLookupTestCases.MemberLookup_TestCases.burgerIconLogout(MemberLookup_TestCases.java:104)
]]></failure>
    <system-out><![CDATA[The name of the testcase failed is : burgerIconLocationNavigation
Test execution completed on ChromeDriver with device: iPhone 11 Pro Landscape
 Test case started: burgerIconLogout
]]></system-out>
  </testcase>
  <testcase name="burgerIconLogout" classname="zapcg.Capillary.MemberLookupTestCases.MemberLookup_TestCases" time="1.876">
    <system-out><![CDATA[The name of the testcase passed is : burgerIconLocationNavigation
Test execution completed on ChromeDriver with device: Galaxy S20 Portrait
 Test case started: burgerIconLogout
Successfully navigated to the Login screen
Logout option under Hamburger icon on Location screen working fine
]]></system-out>
  </testcase>
  <testcase name="burgerIconLogout" classname="zapcg.Capillary.MemberLookupTestCases.MemberLookup_TestCases" time="1.726">
    <system-out><![CDATA[The name of the testcase passed is : burgerIconLocationNavigation
Test execution completed on ChromeDriver with device: Galaxy S20 Landscape
 Test case started: burgerIconLogout
Successfully navigated to the Login screen
Logout option under Hamburger icon on Location screen working fine
]]></system-out>
  </testcase>
  <testcase name="burgerIconLogout" classname="zapcg.Capillary.MemberLookupTestCases.MemberLookup_TestCases" time="1.975">
    <system-out><![CDATA[The name of the testcase passed is : burgerIconLocationNavigation
Test execution completed on FirefoxDriver with device: Tablet Portrait
 Test case started: burgerIconLogout
Successfully navigated to the Login screen
Logout option under Hamburger icon on Location screen working fine
]]></system-out>
  </testcase>
  <testcase name="burgerIconLogout" classname="zapcg.Capillary.MemberLookupTestCases.MemberLookup_TestCases" time="30.006">
    <failure message="Unable to locate element: //button[@id=&apos;MSMENUI3&apos;]&#10;For documentation on this error, please visit: https://www.selenium.dev/documentation/webdriver/troubleshooting/errors#no-such-element-exception&#10;Build info: version: &apos;4.22.0&apos;, revision: &apos;c5f3146703*&apos;&#10;System info: os.name: &apos;Windows 10&apos;, os.arch: &apos;amd64&apos;, os.version: &apos;10.0&apos;, java.version: &apos;15.0.2&apos;&#10;Driver info: org.openqa.selenium.firefox.FirefoxDriver&#10;Command: [0ebf2890-3d89-468f-aef8-3fe4188ec089, findElement {value=//button[@id=&apos;MSMENUI3&apos;], using=xpath}]&#10;Capabilities {acceptInsecureCerts: true, browserName: firefox, browserVersion: 128.0, moz:accessibilityChecks: false, moz:buildID: 20240628091536, moz:debuggerAddress: 127.0.0.1:6618, moz:geckodriverVersion: 0.34.0, moz:headless: false, moz:platformVersion: 10.0, moz:processID: 46004, moz:profile: C:\Users\KAJALS~1\AppData\L..., moz:shutdownTimeout: 60000, moz:webdriverClick: true, moz:windowless: false, pageLoadStrategy: normal, platformName: windows, proxy: Proxy(), se:cdp: ws://127.0.0.1:6618/devtool..., se:cdpVersion: 85.0, setWindowRect: true, strictFileInteractability: false, timeouts: {implicit: 0, pageLoad: 300000, script: 30000}, unhandledPromptBehavior: dismiss and notify, userAgent: Mozilla/5.0 (Windows NT 10....}&#10;Session ID: 0ebf2890-3d89-468f-aef8-3fe4188ec089" type="org.openqa.selenium.NoSuchElementException"><![CDATA[org.openqa.selenium.NoSuchElementException: 
Unable to locate element: //button[@id='MSMENUI3']
For documentation on this error, please visit: https://www.selenium.dev/documentation/webdriver/troubleshooting/errors#no-such-element-exception
Build info: version: '4.22.0', revision: 'c5f3146703*'
System info: os.name: 'Windows 10', os.arch: 'amd64', os.version: '10.0', java.version: '15.0.2'
Driver info: org.openqa.selenium.firefox.FirefoxDriver
Command: [0ebf2890-3d89-468f-aef8-3fe4188ec089, findElement {value=//button[@id='MSMENUI3'], using=xpath}]
Capabilities {acceptInsecureCerts: true, browserName: firefox, browserVersion: 128.0, moz:accessibilityChecks: false, moz:buildID: 20240628091536, moz:debuggerAddress: 127.0.0.1:6618, moz:geckodriverVersion: 0.34.0, moz:headless: false, moz:platformVersion: 10.0, moz:processID: 46004, moz:profile: C:\Users\KAJALS~1\AppData\L..., moz:shutdownTimeout: 60000, moz:webdriverClick: true, moz:windowless: false, pageLoadStrategy: normal, platformName: windows, proxy: Proxy(), se:cdp: ws://127.0.0.1:6618/devtool..., se:cdpVersion: 85.0, setWindowRect: true, strictFileInteractability: false, timeouts: {implicit: 0, pageLoad: 300000, script: 30000}, unhandledPromptBehavior: dismiss and notify, userAgent: Mozilla/5.0 (Windows NT 10....}
Session ID: 0ebf2890-3d89-468f-aef8-3fe4188ec089
	at zapcg.Capillary.MemberLookupTestCases.MemberLookup_TestCases.burgerIconLogout(MemberLookup_TestCases.java:104)
]]></failure>
    <system-out><![CDATA[The name of the testcase failed is : burgerIconLocationNavigation
Test execution completed on FirefoxDriver with device: Tablet Landscape
 Test case started: burgerIconLogout
]]></system-out>
  </testcase>
  <testcase name="burgerIconLogout" classname="zapcg.Capillary.MemberLookupTestCases.MemberLookup_TestCases" time="30.009">
    <failure message="Unable to locate element: //button[@id=&apos;MSMENUI3&apos;]&#10;For documentation on this error, please visit: https://www.selenium.dev/documentation/webdriver/troubleshooting/errors#no-such-element-exception&#10;Build info: version: &apos;4.22.0&apos;, revision: &apos;c5f3146703*&apos;&#10;System info: os.name: &apos;Windows 10&apos;, os.arch: &apos;amd64&apos;, os.version: &apos;10.0&apos;, java.version: &apos;15.0.2&apos;&#10;Driver info: org.openqa.selenium.firefox.FirefoxDriver&#10;Command: [44927062-631e-4be8-9518-b4467252fcf6, findElement {value=//button[@id=&apos;MSMENUI3&apos;], using=xpath}]&#10;Capabilities {acceptInsecureCerts: true, browserName: firefox, browserVersion: 128.0, moz:accessibilityChecks: false, moz:buildID: 20240628091536, moz:debuggerAddress: 127.0.0.1:20744, moz:geckodriverVersion: 0.34.0, moz:headless: false, moz:platformVersion: 10.0, moz:processID: 34136, moz:profile: C:\Users\KAJALS~1\AppData\L..., moz:shutdownTimeout: 60000, moz:webdriverClick: true, moz:windowless: false, pageLoadStrategy: normal, platformName: windows, proxy: Proxy(), se:cdp: ws://127.0.0.1:20744/devtoo..., se:cdpVersion: 85.0, setWindowRect: true, strictFileInteractability: false, timeouts: {implicit: 0, pageLoad: 300000, script: 30000}, unhandledPromptBehavior: dismiss and notify, userAgent: Mozilla/5.0 (Windows NT 10....}&#10;Session ID: 44927062-631e-4be8-9518-b4467252fcf6" type="org.openqa.selenium.NoSuchElementException"><![CDATA[org.openqa.selenium.NoSuchElementException: 
Unable to locate element: //button[@id='MSMENUI3']
For documentation on this error, please visit: https://www.selenium.dev/documentation/webdriver/troubleshooting/errors#no-such-element-exception
Build info: version: '4.22.0', revision: 'c5f3146703*'
System info: os.name: 'Windows 10', os.arch: 'amd64', os.version: '10.0', java.version: '15.0.2'
Driver info: org.openqa.selenium.firefox.FirefoxDriver
Command: [44927062-631e-4be8-9518-b4467252fcf6, findElement {value=//button[@id='MSMENUI3'], using=xpath}]
Capabilities {acceptInsecureCerts: true, browserName: firefox, browserVersion: 128.0, moz:accessibilityChecks: false, moz:buildID: 20240628091536, moz:debuggerAddress: 127.0.0.1:20744, moz:geckodriverVersion: 0.34.0, moz:headless: false, moz:platformVersion: 10.0, moz:processID: 34136, moz:profile: C:\Users\KAJALS~1\AppData\L..., moz:shutdownTimeout: 60000, moz:webdriverClick: true, moz:windowless: false, pageLoadStrategy: normal, platformName: windows, proxy: Proxy(), se:cdp: ws://127.0.0.1:20744/devtoo..., se:cdpVersion: 85.0, setWindowRect: true, strictFileInteractability: false, timeouts: {implicit: 0, pageLoad: 300000, script: 30000}, unhandledPromptBehavior: dismiss and notify, userAgent: Mozilla/5.0 (Windows NT 10....}
Session ID: 44927062-631e-4be8-9518-b4467252fcf6
	at zapcg.Capillary.MemberLookupTestCases.MemberLookup_TestCases.burgerIconLogout(MemberLookup_TestCases.java:104)
]]></failure>
    <system-out><![CDATA[The name of the testcase failed is : burgerIconLocationNavigation
Test execution completed on FirefoxDriver with device: iPhone 11 Pro Portrait
 Test case started: burgerIconLogout
]]></system-out>
  </testcase>
  <testcase name="burgerIconLogout" classname="zapcg.Capillary.MemberLookupTestCases.MemberLookup_TestCases" time="30.022">
    <failure message="Unable to locate element: //button[@id=&apos;MSMENUI3&apos;]&#10;For documentation on this error, please visit: https://www.selenium.dev/documentation/webdriver/troubleshooting/errors#no-such-element-exception&#10;Build info: version: &apos;4.22.0&apos;, revision: &apos;c5f3146703*&apos;&#10;System info: os.name: &apos;Windows 10&apos;, os.arch: &apos;amd64&apos;, os.version: &apos;10.0&apos;, java.version: &apos;15.0.2&apos;&#10;Driver info: org.openqa.selenium.firefox.FirefoxDriver&#10;Command: [9738099f-a061-4353-9353-47b74981a8f5, findElement {value=//button[@id=&apos;MSMENUI3&apos;], using=xpath}]&#10;Capabilities {acceptInsecureCerts: true, browserName: firefox, browserVersion: 128.0, moz:accessibilityChecks: false, moz:buildID: 20240628091536, moz:debuggerAddress: 127.0.0.1:16659, moz:geckodriverVersion: 0.34.0, moz:headless: false, moz:platformVersion: 10.0, moz:processID: 48848, moz:profile: C:\Users\KAJALS~1\AppData\L..., moz:shutdownTimeout: 60000, moz:webdriverClick: true, moz:windowless: false, pageLoadStrategy: normal, platformName: windows, proxy: Proxy(), se:cdp: ws://127.0.0.1:16659/devtoo..., se:cdpVersion: 85.0, setWindowRect: true, strictFileInteractability: false, timeouts: {implicit: 0, pageLoad: 300000, script: 30000}, unhandledPromptBehavior: dismiss and notify, userAgent: Mozilla/5.0 (Windows NT 10....}&#10;Session ID: 9738099f-a061-4353-9353-47b74981a8f5" type="org.openqa.selenium.NoSuchElementException"><![CDATA[org.openqa.selenium.NoSuchElementException: 
Unable to locate element: //button[@id='MSMENUI3']
For documentation on this error, please visit: https://www.selenium.dev/documentation/webdriver/troubleshooting/errors#no-such-element-exception
Build info: version: '4.22.0', revision: 'c5f3146703*'
System info: os.name: 'Windows 10', os.arch: 'amd64', os.version: '10.0', java.version: '15.0.2'
Driver info: org.openqa.selenium.firefox.FirefoxDriver
Command: [9738099f-a061-4353-9353-47b74981a8f5, findElement {value=//button[@id='MSMENUI3'], using=xpath}]
Capabilities {acceptInsecureCerts: true, browserName: firefox, browserVersion: 128.0, moz:accessibilityChecks: false, moz:buildID: 20240628091536, moz:debuggerAddress: 127.0.0.1:16659, moz:geckodriverVersion: 0.34.0, moz:headless: false, moz:platformVersion: 10.0, moz:processID: 48848, moz:profile: C:\Users\KAJALS~1\AppData\L..., moz:shutdownTimeout: 60000, moz:webdriverClick: true, moz:windowless: false, pageLoadStrategy: normal, platformName: windows, proxy: Proxy(), se:cdp: ws://127.0.0.1:16659/devtoo..., se:cdpVersion: 85.0, setWindowRect: true, strictFileInteractability: false, timeouts: {implicit: 0, pageLoad: 300000, script: 30000}, unhandledPromptBehavior: dismiss and notify, userAgent: Mozilla/5.0 (Windows NT 10....}
Session ID: 9738099f-a061-4353-9353-47b74981a8f5
	at zapcg.Capillary.MemberLookupTestCases.MemberLookup_TestCases.burgerIconLogout(MemberLookup_TestCases.java:104)
]]></failure>
    <system-out><![CDATA[The name of the testcase failed is : burgerIconLocationNavigation
Test execution completed on FirefoxDriver with device: iPhone 11 Pro Landscape
 Test case started: burgerIconLogout
]]></system-out>
  </testcase>
  <testcase name="burgerIconLogout" classname="zapcg.Capillary.MemberLookupTestCases.MemberLookup_TestCases" time="30.012">
    <failure message="Unable to locate element: //button[@id=&apos;MSMENUI3&apos;]&#10;For documentation on this error, please visit: https://www.selenium.dev/documentation/webdriver/troubleshooting/errors#no-such-element-exception&#10;Build info: version: &apos;4.22.0&apos;, revision: &apos;c5f3146703*&apos;&#10;System info: os.name: &apos;Windows 10&apos;, os.arch: &apos;amd64&apos;, os.version: &apos;10.0&apos;, java.version: &apos;15.0.2&apos;&#10;Driver info: org.openqa.selenium.firefox.FirefoxDriver&#10;Command: [3b43192d-161a-48ad-bc73-3846ce547dcf, findElement {value=//button[@id=&apos;MSMENUI3&apos;], using=xpath}]&#10;Capabilities {acceptInsecureCerts: true, browserName: firefox, browserVersion: 128.0, moz:accessibilityChecks: false, moz:buildID: 20240628091536, moz:debuggerAddress: 127.0.0.1:42982, moz:geckodriverVersion: 0.34.0, moz:headless: false, moz:platformVersion: 10.0, moz:processID: 36724, moz:profile: C:\Users\KAJALS~1\AppData\L..., moz:shutdownTimeout: 60000, moz:webdriverClick: true, moz:windowless: false, pageLoadStrategy: normal, platformName: windows, proxy: Proxy(), se:cdp: ws://127.0.0.1:42982/devtoo..., se:cdpVersion: 85.0, setWindowRect: true, strictFileInteractability: false, timeouts: {implicit: 0, pageLoad: 300000, script: 30000}, unhandledPromptBehavior: dismiss and notify, userAgent: Mozilla/5.0 (Windows NT 10....}&#10;Session ID: 3b43192d-161a-48ad-bc73-3846ce547dcf" type="org.openqa.selenium.NoSuchElementException"><![CDATA[org.openqa.selenium.NoSuchElementException: 
Unable to locate element: //button[@id='MSMENUI3']
For documentation on this error, please visit: https://www.selenium.dev/documentation/webdriver/troubleshooting/errors#no-such-element-exception
Build info: version: '4.22.0', revision: 'c5f3146703*'
System info: os.name: 'Windows 10', os.arch: 'amd64', os.version: '10.0', java.version: '15.0.2'
Driver info: org.openqa.selenium.firefox.FirefoxDriver
Command: [3b43192d-161a-48ad-bc73-3846ce547dcf, findElement {value=//button[@id='MSMENUI3'], using=xpath}]
Capabilities {acceptInsecureCerts: true, browserName: firefox, browserVersion: 128.0, moz:accessibilityChecks: false, moz:buildID: 20240628091536, moz:debuggerAddress: 127.0.0.1:42982, moz:geckodriverVersion: 0.34.0, moz:headless: false, moz:platformVersion: 10.0, moz:processID: 36724, moz:profile: C:\Users\KAJALS~1\AppData\L..., moz:shutdownTimeout: 60000, moz:webdriverClick: true, moz:windowless: false, pageLoadStrategy: normal, platformName: windows, proxy: Proxy(), se:cdp: ws://127.0.0.1:42982/devtoo..., se:cdpVersion: 85.0, setWindowRect: true, strictFileInteractability: false, timeouts: {implicit: 0, pageLoad: 300000, script: 30000}, unhandledPromptBehavior: dismiss and notify, userAgent: Mozilla/5.0 (Windows NT 10....}
Session ID: 3b43192d-161a-48ad-bc73-3846ce547dcf
	at zapcg.Capillary.MemberLookupTestCases.MemberLookup_TestCases.burgerIconLogout(MemberLookup_TestCases.java:104)
]]></failure>
    <system-out><![CDATA[The name of the testcase failed is : burgerIconLocationNavigation
Test execution completed on FirefoxDriver with device: Galaxy S20 Portrait
 Test case started: burgerIconLogout
]]></system-out>
  </testcase>
  <testcase name="burgerIconLogout" classname="zapcg.Capillary.MemberLookupTestCases.MemberLookup_TestCases" time="30.012">
    <failure message="Unable to locate element: //button[@id=&apos;MSMENUI3&apos;]&#10;For documentation on this error, please visit: https://www.selenium.dev/documentation/webdriver/troubleshooting/errors#no-such-element-exception&#10;Build info: version: &apos;4.22.0&apos;, revision: &apos;c5f3146703*&apos;&#10;System info: os.name: &apos;Windows 10&apos;, os.arch: &apos;amd64&apos;, os.version: &apos;10.0&apos;, java.version: &apos;15.0.2&apos;&#10;Driver info: org.openqa.selenium.firefox.FirefoxDriver&#10;Command: [e007b571-842e-4669-852a-781737375634, findElement {value=//button[@id=&apos;MSMENUI3&apos;], using=xpath}]&#10;Capabilities {acceptInsecureCerts: true, browserName: firefox, browserVersion: 128.0, moz:accessibilityChecks: false, moz:buildID: 20240628091536, moz:debuggerAddress: 127.0.0.1:40693, moz:geckodriverVersion: 0.34.0, moz:headless: false, moz:platformVersion: 10.0, moz:processID: 65360, moz:profile: C:\Users\KAJALS~1\AppData\L..., moz:shutdownTimeout: 60000, moz:webdriverClick: true, moz:windowless: false, pageLoadStrategy: normal, platformName: windows, proxy: Proxy(), se:cdp: ws://127.0.0.1:40693/devtoo..., se:cdpVersion: 85.0, setWindowRect: true, strictFileInteractability: false, timeouts: {implicit: 0, pageLoad: 300000, script: 30000}, unhandledPromptBehavior: dismiss and notify, userAgent: Mozilla/5.0 (Windows NT 10....}&#10;Session ID: e007b571-842e-4669-852a-781737375634" type="org.openqa.selenium.NoSuchElementException"><![CDATA[org.openqa.selenium.NoSuchElementException: 
Unable to locate element: //button[@id='MSMENUI3']
For documentation on this error, please visit: https://www.selenium.dev/documentation/webdriver/troubleshooting/errors#no-such-element-exception
Build info: version: '4.22.0', revision: 'c5f3146703*'
System info: os.name: 'Windows 10', os.arch: 'amd64', os.version: '10.0', java.version: '15.0.2'
Driver info: org.openqa.selenium.firefox.FirefoxDriver
Command: [e007b571-842e-4669-852a-781737375634, findElement {value=//button[@id='MSMENUI3'], using=xpath}]
Capabilities {acceptInsecureCerts: true, browserName: firefox, browserVersion: 128.0, moz:accessibilityChecks: false, moz:buildID: 20240628091536, moz:debuggerAddress: 127.0.0.1:40693, moz:geckodriverVersion: 0.34.0, moz:headless: false, moz:platformVersion: 10.0, moz:processID: 65360, moz:profile: C:\Users\KAJALS~1\AppData\L..., moz:shutdownTimeout: 60000, moz:webdriverClick: true, moz:windowless: false, pageLoadStrategy: normal, platformName: windows, proxy: Proxy(), se:cdp: ws://127.0.0.1:40693/devtoo..., se:cdpVersion: 85.0, setWindowRect: true, strictFileInteractability: false, timeouts: {implicit: 0, pageLoad: 300000, script: 30000}, unhandledPromptBehavior: dismiss and notify, userAgent: Mozilla/5.0 (Windows NT 10....}
Session ID: e007b571-842e-4669-852a-781737375634
	at zapcg.Capillary.MemberLookupTestCases.MemberLookup_TestCases.burgerIconLogout(MemberLookup_TestCases.java:104)
]]></failure>
    <system-out><![CDATA[The name of the testcase failed is : burgerIconLocationNavigation
Test execution completed on FirefoxDriver with device: Galaxy S20 Landscape
 Test case started: burgerIconLogout
]]></system-out>
  </testcase>
  <testcase name="verifyInvalidMemberID" classname="zapcg.Capillary.MemberLookupTestCases.memberLookup_Invalid_TestCases" time="3.464">
    <system-out><![CDATA[The name of the testcase passed is : burgerIconLogout
Test execution completed on ChromeDriver with device: Tablet Portrait
 Test case started: verifyInvalidMemberID
Actual error message for Invalid length of memberid:The Member/Card Number was not found.
The error message is displayed.
]]></system-out>
  </testcase>
  <testcase name="verifyInvalidMemberID" classname="zapcg.Capillary.MemberLookupTestCases.memberLookup_Invalid_TestCases" time="3.212">
    <system-out><![CDATA[The name of the testcase passed is : burgerIconLogout
Test execution completed on ChromeDriver with device: Tablet Landscape
 Test case started: verifyInvalidMemberID
Actual error message for Invalid length of memberid:The Member/Card Number was not found.
The error message is displayed.
]]></system-out>
  </testcase>
  <testcase name="verifyInvalidMemberID" classname="zapcg.Capillary.MemberLookupTestCases.memberLookup_Invalid_TestCases" time="3.472">
    <system-out><![CDATA[The name of the testcase passed is : burgerIconLogout
Test execution completed on ChromeDriver with device: iPhone 11 Pro Portrait
 Test case started: verifyInvalidMemberID
Actual error message for Invalid length of memberid:The Member/Card Number was not found.
The error message is displayed.
]]></system-out>
  </testcase>
  <testcase name="verifyInvalidMemberID" classname="zapcg.Capillary.MemberLookupTestCases.memberLookup_Invalid_TestCases" time="30.007">
    <failure message="no such element: Unable to locate element: {&quot;method&quot;:&quot;css selector&quot;,&quot;selector&quot;:&quot;#MS016IN&quot;}&#10;  (Session info: chrome=126.0.6478.57)&#10;For documentation on this error, please visit: https://www.selenium.dev/documentation/webdriver/troubleshooting/errors#no-such-element-exception&#10;Build info: version: &apos;4.22.0&apos;, revision: &apos;c5f3146703*&apos;&#10;System info: os.name: &apos;Windows 10&apos;, os.arch: &apos;amd64&apos;, os.version: &apos;10.0&apos;, java.version: &apos;15.0.2&apos;&#10;Driver info: org.openqa.selenium.chrome.ChromeDriver&#10;Command: [824aff70862a534fa7d1cbcb44c47629, findElement {value=MS016IN, using=id}]&#10;Capabilities {acceptInsecureCerts: false, browserName: chrome, browserVersion: 126.0.6478.57, chrome: {chromedriverVersion: 126.0.6478.126 (d36ace6122e..., userDataDir: C:\Users\KAJALS~1\AppData\L...}, fedcm:accounts: true, goog:chromeOptions: {debuggerAddress: localhost:64825}, networkConnectionEnabled: false, pageLoadStrategy: normal, platformName: windows, proxy: Proxy(), se:cdp: ws://localhost:64825/devtoo..., se:cdpVersion: 126.0.6478.57, setWindowRect: true, strictFileInteractability: false, timeouts: {implicit: 0, pageLoad: 300000, script: 30000}, unhandledPromptBehavior: dismiss and notify, webauthn:extension:credBlob: true, webauthn:extension:largeBlob: true, webauthn:extension:minPinLength: true, webauthn:extension:prf: true, webauthn:virtualAuthenticators: true}&#10;Session ID: 824aff70862a534fa7d1cbcb44c47629" type="org.openqa.selenium.NoSuchElementException"><![CDATA[org.openqa.selenium.NoSuchElementException: 
no such element: Unable to locate element: {"method":"css selector","selector":"#MS016IN"}
  (Session info: chrome=126.0.6478.57)
For documentation on this error, please visit: https://www.selenium.dev/documentation/webdriver/troubleshooting/errors#no-such-element-exception
Build info: version: '4.22.0', revision: 'c5f3146703*'
System info: os.name: 'Windows 10', os.arch: 'amd64', os.version: '10.0', java.version: '15.0.2'
Driver info: org.openqa.selenium.chrome.ChromeDriver
Command: [824aff70862a534fa7d1cbcb44c47629, findElement {value=MS016IN, using=id}]
Capabilities {acceptInsecureCerts: false, browserName: chrome, browserVersion: 126.0.6478.57, chrome: {chromedriverVersion: 126.0.6478.126 (d36ace6122e..., userDataDir: C:\Users\KAJALS~1\AppData\L...}, fedcm:accounts: true, goog:chromeOptions: {debuggerAddress: localhost:64825}, networkConnectionEnabled: false, pageLoadStrategy: normal, platformName: windows, proxy: Proxy(), se:cdp: ws://localhost:64825/devtoo..., se:cdpVersion: 126.0.6478.57, setWindowRect: true, strictFileInteractability: false, timeouts: {implicit: 0, pageLoad: 300000, script: 30000}, unhandledPromptBehavior: dismiss and notify, webauthn:extension:credBlob: true, webauthn:extension:largeBlob: true, webauthn:extension:minPinLength: true, webauthn:extension:prf: true, webauthn:virtualAuthenticators: true}
Session ID: 824aff70862a534fa7d1cbcb44c47629
	at zapcg.Capillary.MemberLookupTestCases.memberLookup_Invalid_TestCases.verifyInvalidMemberID(memberLookup_Invalid_TestCases.java:49)
]]></failure>
    <system-out><![CDATA[The name of the testcase failed is : burgerIconLogout
Test execution completed on ChromeDriver with device: iPhone 11 Pro Landscape
 Test case started: verifyInvalidMemberID
]]></system-out>
  </testcase>
  <testcase name="verifyInvalidMemberID" classname="zapcg.Capillary.MemberLookupTestCases.memberLookup_Invalid_TestCases" time="3.038">
    <system-out><![CDATA[The name of the testcase passed is : burgerIconLogout
Test execution completed on ChromeDriver with device: Galaxy S20 Portrait
 Test case started: verifyInvalidMemberID
Actual error message for Invalid length of memberid:The Member/Card Number was not found.
The error message is displayed.
]]></system-out>
  </testcase>
  <testcase name="verifyInvalidMemberID" classname="zapcg.Capillary.MemberLookupTestCases.memberLookup_Invalid_TestCases" time="4.887">
    <system-out><![CDATA[The name of the testcase passed is : burgerIconLogout
Test execution completed on ChromeDriver with device: Galaxy S20 Landscape
 Test case started: verifyInvalidMemberID
Actual error message for Invalid length of memberid:The Member/Card Number was not found.
The error message is displayed.
]]></system-out>
  </testcase>
  <testcase name="verifyInvalidMemberID" classname="zapcg.Capillary.MemberLookupTestCases.memberLookup_Invalid_TestCases" time="3.211">
    <system-out><![CDATA[The name of the testcase passed is : burgerIconLogout
Test execution completed on FirefoxDriver with device: Tablet Portrait
 Test case started: verifyInvalidMemberID
Actual error message for Invalid length of memberid:The Member/Card Number was not found.
The error message is displayed.
]]></system-out>
  </testcase>
  <testcase name="verifyInvalidMemberID" classname="zapcg.Capillary.MemberLookupTestCases.memberLookup_Invalid_TestCases" time="30.02">
    <failure message="Unable to locate element: #MS016IN&#10;For documentation on this error, please visit: https://www.selenium.dev/documentation/webdriver/troubleshooting/errors#no-such-element-exception&#10;Build info: version: &apos;4.22.0&apos;, revision: &apos;c5f3146703*&apos;&#10;System info: os.name: &apos;Windows 10&apos;, os.arch: &apos;amd64&apos;, os.version: &apos;10.0&apos;, java.version: &apos;15.0.2&apos;&#10;Driver info: org.openqa.selenium.firefox.FirefoxDriver&#10;Command: [2113ee0b-9adf-4751-9214-a6cfb3492d24, findElement {value=MS016IN, using=id}]&#10;Capabilities {acceptInsecureCerts: true, browserName: firefox, browserVersion: 128.0, moz:accessibilityChecks: false, moz:buildID: 20240628091536, moz:debuggerAddress: 127.0.0.1:25383, moz:geckodriverVersion: 0.34.0, moz:headless: false, moz:platformVersion: 10.0, moz:processID: 54452, moz:profile: C:\Users\KAJALS~1\AppData\L..., moz:shutdownTimeout: 60000, moz:webdriverClick: true, moz:windowless: false, pageLoadStrategy: normal, platformName: windows, proxy: Proxy(), se:cdp: ws://127.0.0.1:25383/devtoo..., se:cdpVersion: 85.0, setWindowRect: true, strictFileInteractability: false, timeouts: {implicit: 0, pageLoad: 300000, script: 30000}, unhandledPromptBehavior: dismiss and notify, userAgent: Mozilla/5.0 (Windows NT 10....}&#10;Session ID: 2113ee0b-9adf-4751-9214-a6cfb3492d24" type="org.openqa.selenium.NoSuchElementException"><![CDATA[org.openqa.selenium.NoSuchElementException: 
Unable to locate element: #MS016IN
For documentation on this error, please visit: https://www.selenium.dev/documentation/webdriver/troubleshooting/errors#no-such-element-exception
Build info: version: '4.22.0', revision: 'c5f3146703*'
System info: os.name: 'Windows 10', os.arch: 'amd64', os.version: '10.0', java.version: '15.0.2'
Driver info: org.openqa.selenium.firefox.FirefoxDriver
Command: [2113ee0b-9adf-4751-9214-a6cfb3492d24, findElement {value=MS016IN, using=id}]
Capabilities {acceptInsecureCerts: true, browserName: firefox, browserVersion: 128.0, moz:accessibilityChecks: false, moz:buildID: 20240628091536, moz:debuggerAddress: 127.0.0.1:25383, moz:geckodriverVersion: 0.34.0, moz:headless: false, moz:platformVersion: 10.0, moz:processID: 54452, moz:profile: C:\Users\KAJALS~1\AppData\L..., moz:shutdownTimeout: 60000, moz:webdriverClick: true, moz:windowless: false, pageLoadStrategy: normal, platformName: windows, proxy: Proxy(), se:cdp: ws://127.0.0.1:25383/devtoo..., se:cdpVersion: 85.0, setWindowRect: true, strictFileInteractability: false, timeouts: {implicit: 0, pageLoad: 300000, script: 30000}, unhandledPromptBehavior: dismiss and notify, userAgent: Mozilla/5.0 (Windows NT 10....}
Session ID: 2113ee0b-9adf-4751-9214-a6cfb3492d24
	at zapcg.Capillary.MemberLookupTestCases.memberLookup_Invalid_TestCases.verifyInvalidMemberID(memberLookup_Invalid_TestCases.java:49)
]]></failure>
    <system-out><![CDATA[The name of the testcase failed is : burgerIconLogout
Test execution completed on FirefoxDriver with device: Tablet Landscape
 Test case started: verifyInvalidMemberID
]]></system-out>
  </testcase>
  <testcase name="verifyInvalidMemberID" classname="zapcg.Capillary.MemberLookupTestCases.memberLookup_Invalid_TestCases" time="30.023">
    <failure message="Unable to locate element: #MS016IN&#10;For documentation on this error, please visit: https://www.selenium.dev/documentation/webdriver/troubleshooting/errors#no-such-element-exception&#10;Build info: version: &apos;4.22.0&apos;, revision: &apos;c5f3146703*&apos;&#10;System info: os.name: &apos;Windows 10&apos;, os.arch: &apos;amd64&apos;, os.version: &apos;10.0&apos;, java.version: &apos;15.0.2&apos;&#10;Driver info: org.openqa.selenium.firefox.FirefoxDriver&#10;Command: [f269dd1d-7ce9-47c1-b657-afc0986dacd7, findElement {value=MS016IN, using=id}]&#10;Capabilities {acceptInsecureCerts: true, browserName: firefox, browserVersion: 128.0, moz:accessibilityChecks: false, moz:buildID: 20240628091536, moz:debuggerAddress: 127.0.0.1:17896, moz:geckodriverVersion: 0.34.0, moz:headless: false, moz:platformVersion: 10.0, moz:processID: 3616, moz:profile: C:\Users\KAJALS~1\AppData\L..., moz:shutdownTimeout: 60000, moz:webdriverClick: true, moz:windowless: false, pageLoadStrategy: normal, platformName: windows, proxy: Proxy(), se:cdp: ws://127.0.0.1:17896/devtoo..., se:cdpVersion: 85.0, setWindowRect: true, strictFileInteractability: false, timeouts: {implicit: 0, pageLoad: 300000, script: 30000}, unhandledPromptBehavior: dismiss and notify, userAgent: Mozilla/5.0 (Windows NT 10....}&#10;Session ID: f269dd1d-7ce9-47c1-b657-afc0986dacd7" type="org.openqa.selenium.NoSuchElementException"><![CDATA[org.openqa.selenium.NoSuchElementException: 
Unable to locate element: #MS016IN
For documentation on this error, please visit: https://www.selenium.dev/documentation/webdriver/troubleshooting/errors#no-such-element-exception
Build info: version: '4.22.0', revision: 'c5f3146703*'
System info: os.name: 'Windows 10', os.arch: 'amd64', os.version: '10.0', java.version: '15.0.2'
Driver info: org.openqa.selenium.firefox.FirefoxDriver
Command: [f269dd1d-7ce9-47c1-b657-afc0986dacd7, findElement {value=MS016IN, using=id}]
Capabilities {acceptInsecureCerts: true, browserName: firefox, browserVersion: 128.0, moz:accessibilityChecks: false, moz:buildID: 20240628091536, moz:debuggerAddress: 127.0.0.1:17896, moz:geckodriverVersion: 0.34.0, moz:headless: false, moz:platformVersion: 10.0, moz:processID: 3616, moz:profile: C:\Users\KAJALS~1\AppData\L..., moz:shutdownTimeout: 60000, moz:webdriverClick: true, moz:windowless: false, pageLoadStrategy: normal, platformName: windows, proxy: Proxy(), se:cdp: ws://127.0.0.1:17896/devtoo..., se:cdpVersion: 85.0, setWindowRect: true, strictFileInteractability: false, timeouts: {implicit: 0, pageLoad: 300000, script: 30000}, unhandledPromptBehavior: dismiss and notify, userAgent: Mozilla/5.0 (Windows NT 10....}
Session ID: f269dd1d-7ce9-47c1-b657-afc0986dacd7
	at zapcg.Capillary.MemberLookupTestCases.memberLookup_Invalid_TestCases.verifyInvalidMemberID(memberLookup_Invalid_TestCases.java:49)
]]></failure>
    <system-out><![CDATA[The name of the testcase failed is : burgerIconLogout
Test execution completed on FirefoxDriver with device: iPhone 11 Pro Portrait
 Test case started: verifyInvalidMemberID
]]></system-out>
  </testcase>
  <testcase name="verifyInvalidMemberID" classname="zapcg.Capillary.MemberLookupTestCases.memberLookup_Invalid_TestCases" time="30.008">
    <failure message="Unable to locate element: #MS016IN&#10;For documentation on this error, please visit: https://www.selenium.dev/documentation/webdriver/troubleshooting/errors#no-such-element-exception&#10;Build info: version: &apos;4.22.0&apos;, revision: &apos;c5f3146703*&apos;&#10;System info: os.name: &apos;Windows 10&apos;, os.arch: &apos;amd64&apos;, os.version: &apos;10.0&apos;, java.version: &apos;15.0.2&apos;&#10;Driver info: org.openqa.selenium.firefox.FirefoxDriver&#10;Command: [ee90ca55-d857-4854-8dcf-8a516dab9ec6, findElement {value=MS016IN, using=id}]&#10;Capabilities {acceptInsecureCerts: true, browserName: firefox, browserVersion: 128.0, moz:accessibilityChecks: false, moz:buildID: 20240628091536, moz:debuggerAddress: 127.0.0.1:39386, moz:geckodriverVersion: 0.34.0, moz:headless: false, moz:platformVersion: 10.0, moz:processID: 32596, moz:profile: C:\Users\KAJALS~1\AppData\L..., moz:shutdownTimeout: 60000, moz:webdriverClick: true, moz:windowless: false, pageLoadStrategy: normal, platformName: windows, proxy: Proxy(), se:cdp: ws://127.0.0.1:39386/devtoo..., se:cdpVersion: 85.0, setWindowRect: true, strictFileInteractability: false, timeouts: {implicit: 0, pageLoad: 300000, script: 30000}, unhandledPromptBehavior: dismiss and notify, userAgent: Mozilla/5.0 (Windows NT 10....}&#10;Session ID: ee90ca55-d857-4854-8dcf-8a516dab9ec6" type="org.openqa.selenium.NoSuchElementException"><![CDATA[org.openqa.selenium.NoSuchElementException: 
Unable to locate element: #MS016IN
For documentation on this error, please visit: https://www.selenium.dev/documentation/webdriver/troubleshooting/errors#no-such-element-exception
Build info: version: '4.22.0', revision: 'c5f3146703*'
System info: os.name: 'Windows 10', os.arch: 'amd64', os.version: '10.0', java.version: '15.0.2'
Driver info: org.openqa.selenium.firefox.FirefoxDriver
Command: [ee90ca55-d857-4854-8dcf-8a516dab9ec6, findElement {value=MS016IN, using=id}]
Capabilities {acceptInsecureCerts: true, browserName: firefox, browserVersion: 128.0, moz:accessibilityChecks: false, moz:buildID: 20240628091536, moz:debuggerAddress: 127.0.0.1:39386, moz:geckodriverVersion: 0.34.0, moz:headless: false, moz:platformVersion: 10.0, moz:processID: 32596, moz:profile: C:\Users\KAJALS~1\AppData\L..., moz:shutdownTimeout: 60000, moz:webdriverClick: true, moz:windowless: false, pageLoadStrategy: normal, platformName: windows, proxy: Proxy(), se:cdp: ws://127.0.0.1:39386/devtoo..., se:cdpVersion: 85.0, setWindowRect: true, strictFileInteractability: false, timeouts: {implicit: 0, pageLoad: 300000, script: 30000}, unhandledPromptBehavior: dismiss and notify, userAgent: Mozilla/5.0 (Windows NT 10....}
Session ID: ee90ca55-d857-4854-8dcf-8a516dab9ec6
	at zapcg.Capillary.MemberLookupTestCases.memberLookup_Invalid_TestCases.verifyInvalidMemberID(memberLookup_Invalid_TestCases.java:49)
]]></failure>
    <system-out><![CDATA[The name of the testcase failed is : burgerIconLogout
Test execution completed on FirefoxDriver with device: iPhone 11 Pro Landscape
 Test case started: verifyInvalidMemberID
]]></system-out>
  </testcase>
  <testcase name="verifyInvalidMemberID" classname="zapcg.Capillary.MemberLookupTestCases.memberLookup_Invalid_TestCases" time="30.006">
    <failure message="Unable to locate element: #MS016IN&#10;For documentation on this error, please visit: https://www.selenium.dev/documentation/webdriver/troubleshooting/errors#no-such-element-exception&#10;Build info: version: &apos;4.22.0&apos;, revision: &apos;c5f3146703*&apos;&#10;System info: os.name: &apos;Windows 10&apos;, os.arch: &apos;amd64&apos;, os.version: &apos;10.0&apos;, java.version: &apos;15.0.2&apos;&#10;Driver info: org.openqa.selenium.firefox.FirefoxDriver&#10;Command: [b9747054-638c-49ab-915d-d04e97a79807, findElement {value=MS016IN, using=id}]&#10;Capabilities {acceptInsecureCerts: true, browserName: firefox, browserVersion: 128.0, moz:accessibilityChecks: false, moz:buildID: 20240628091536, moz:debuggerAddress: 127.0.0.1:31201, moz:geckodriverVersion: 0.34.0, moz:headless: false, moz:platformVersion: 10.0, moz:processID: 33484, moz:profile: C:\Users\KAJALS~1\AppData\L..., moz:shutdownTimeout: 60000, moz:webdriverClick: true, moz:windowless: false, pageLoadStrategy: normal, platformName: windows, proxy: Proxy(), se:cdp: ws://127.0.0.1:31201/devtoo..., se:cdpVersion: 85.0, setWindowRect: true, strictFileInteractability: false, timeouts: {implicit: 0, pageLoad: 300000, script: 30000}, unhandledPromptBehavior: dismiss and notify, userAgent: Mozilla/5.0 (Windows NT 10....}&#10;Session ID: b9747054-638c-49ab-915d-d04e97a79807" type="org.openqa.selenium.NoSuchElementException"><![CDATA[org.openqa.selenium.NoSuchElementException: 
Unable to locate element: #MS016IN
For documentation on this error, please visit: https://www.selenium.dev/documentation/webdriver/troubleshooting/errors#no-such-element-exception
Build info: version: '4.22.0', revision: 'c5f3146703*'
System info: os.name: 'Windows 10', os.arch: 'amd64', os.version: '10.0', java.version: '15.0.2'
Driver info: org.openqa.selenium.firefox.FirefoxDriver
Command: [b9747054-638c-49ab-915d-d04e97a79807, findElement {value=MS016IN, using=id}]
Capabilities {acceptInsecureCerts: true, browserName: firefox, browserVersion: 128.0, moz:accessibilityChecks: false, moz:buildID: 20240628091536, moz:debuggerAddress: 127.0.0.1:31201, moz:geckodriverVersion: 0.34.0, moz:headless: false, moz:platformVersion: 10.0, moz:processID: 33484, moz:profile: C:\Users\KAJALS~1\AppData\L..., moz:shutdownTimeout: 60000, moz:webdriverClick: true, moz:windowless: false, pageLoadStrategy: normal, platformName: windows, proxy: Proxy(), se:cdp: ws://127.0.0.1:31201/devtoo..., se:cdpVersion: 85.0, setWindowRect: true, strictFileInteractability: false, timeouts: {implicit: 0, pageLoad: 300000, script: 30000}, unhandledPromptBehavior: dismiss and notify, userAgent: Mozilla/5.0 (Windows NT 10....}
Session ID: b9747054-638c-49ab-915d-d04e97a79807
	at zapcg.Capillary.MemberLookupTestCases.memberLookup_Invalid_TestCases.verifyInvalidMemberID(memberLookup_Invalid_TestCases.java:49)
]]></failure>
    <system-out><![CDATA[The name of the testcase failed is : burgerIconLogout
Test execution completed on FirefoxDriver with device: Galaxy S20 Portrait
 Test case started: verifyInvalidMemberID
]]></system-out>
  </testcase>
  <testcase name="verifyInvalidMemberID" classname="zapcg.Capillary.MemberLookupTestCases.memberLookup_Invalid_TestCases" time="30.024">
    <failure message="Unable to locate element: #MS016IN&#10;For documentation on this error, please visit: https://www.selenium.dev/documentation/webdriver/troubleshooting/errors#no-such-element-exception&#10;Build info: version: &apos;4.22.0&apos;, revision: &apos;c5f3146703*&apos;&#10;System info: os.name: &apos;Windows 10&apos;, os.arch: &apos;amd64&apos;, os.version: &apos;10.0&apos;, java.version: &apos;15.0.2&apos;&#10;Driver info: org.openqa.selenium.firefox.FirefoxDriver&#10;Command: [52c75651-dce8-47d3-8e98-2063298af989, findElement {value=MS016IN, using=id}]&#10;Capabilities {acceptInsecureCerts: true, browserName: firefox, browserVersion: 128.0, moz:accessibilityChecks: false, moz:buildID: 20240628091536, moz:debuggerAddress: 127.0.0.1:10917, moz:geckodriverVersion: 0.34.0, moz:headless: false, moz:platformVersion: 10.0, moz:processID: 60884, moz:profile: C:\Users\KAJALS~1\AppData\L..., moz:shutdownTimeout: 60000, moz:webdriverClick: true, moz:windowless: false, pageLoadStrategy: normal, platformName: windows, proxy: Proxy(), se:cdp: ws://127.0.0.1:10917/devtoo..., se:cdpVersion: 85.0, setWindowRect: true, strictFileInteractability: false, timeouts: {implicit: 0, pageLoad: 300000, script: 30000}, unhandledPromptBehavior: dismiss and notify, userAgent: Mozilla/5.0 (Windows NT 10....}&#10;Session ID: 52c75651-dce8-47d3-8e98-2063298af989" type="org.openqa.selenium.NoSuchElementException"><![CDATA[org.openqa.selenium.NoSuchElementException: 
Unable to locate element: #MS016IN
For documentation on this error, please visit: https://www.selenium.dev/documentation/webdriver/troubleshooting/errors#no-such-element-exception
Build info: version: '4.22.0', revision: 'c5f3146703*'
System info: os.name: 'Windows 10', os.arch: 'amd64', os.version: '10.0', java.version: '15.0.2'
Driver info: org.openqa.selenium.firefox.FirefoxDriver
Command: [52c75651-dce8-47d3-8e98-2063298af989, findElement {value=MS016IN, using=id}]
Capabilities {acceptInsecureCerts: true, browserName: firefox, browserVersion: 128.0, moz:accessibilityChecks: false, moz:buildID: 20240628091536, moz:debuggerAddress: 127.0.0.1:10917, moz:geckodriverVersion: 0.34.0, moz:headless: false, moz:platformVersion: 10.0, moz:processID: 60884, moz:profile: C:\Users\KAJALS~1\AppData\L..., moz:shutdownTimeout: 60000, moz:webdriverClick: true, moz:windowless: false, pageLoadStrategy: normal, platformName: windows, proxy: Proxy(), se:cdp: ws://127.0.0.1:10917/devtoo..., se:cdpVersion: 85.0, setWindowRect: true, strictFileInteractability: false, timeouts: {implicit: 0, pageLoad: 300000, script: 30000}, unhandledPromptBehavior: dismiss and notify, userAgent: Mozilla/5.0 (Windows NT 10....}
Session ID: 52c75651-dce8-47d3-8e98-2063298af989
	at zapcg.Capillary.MemberLookupTestCases.memberLookup_Invalid_TestCases.verifyInvalidMemberID(memberLookup_Invalid_TestCases.java:49)
]]></failure>
    <system-out><![CDATA[The name of the testcase failed is : burgerIconLogout
Test execution completed on FirefoxDriver with device: Galaxy S20 Landscape
 Test case started: verifyInvalidMemberID
]]></system-out>
  </testcase>
  <testcase name="verifyMemberIdFieldMaxLength" classname="zapcg.Capillary.MemberLookupTestCases.memberLookup_Invalid_TestCases" time="3.308">
    <system-out><![CDATA[The name of the testcase passed is : verifyInvalidMemberID
Test execution completed on ChromeDriver with device: Tablet Portrait
 Test case started: verifyMemberIdFieldMaxLength
Actual error message for max length username:The Member/Card Number was not found.
The error message is displayed.
]]></system-out>
  </testcase>
  <testcase name="verifyMemberIdFieldMaxLength" classname="zapcg.Capillary.MemberLookupTestCases.memberLookup_Invalid_TestCases" time="3.072">
    <system-out><![CDATA[The name of the testcase passed is : verifyInvalidMemberID
Test execution completed on ChromeDriver with device: Tablet Landscape
 Test case started: verifyMemberIdFieldMaxLength
Actual error message for max length username:The Member/Card Number was not found.
The error message is displayed.
]]></system-out>
  </testcase>
  <testcase name="verifyMemberIdFieldMaxLength" classname="zapcg.Capillary.MemberLookupTestCases.memberLookup_Invalid_TestCases" time="2.588">
    <system-out><![CDATA[The name of the testcase passed is : verifyInvalidMemberID
Test execution completed on ChromeDriver with device: iPhone 11 Pro Portrait
 Test case started: verifyMemberIdFieldMaxLength
Actual error message for max length username:The Member/Card Number was not found.
The error message is displayed.
]]></system-out>
  </testcase>
  <testcase name="verifyMemberIdFieldMaxLength" classname="zapcg.Capillary.MemberLookupTestCases.memberLookup_Invalid_TestCases" time="30.061">
    <failure message="no such element: Unable to locate element: {&quot;method&quot;:&quot;css selector&quot;,&quot;selector&quot;:&quot;#MS016IN&quot;}&#10;  (Session info: chrome=126.0.6478.57)&#10;For documentation on this error, please visit: https://www.selenium.dev/documentation/webdriver/troubleshooting/errors#no-such-element-exception&#10;Build info: version: &apos;4.22.0&apos;, revision: &apos;c5f3146703*&apos;&#10;System info: os.name: &apos;Windows 10&apos;, os.arch: &apos;amd64&apos;, os.version: &apos;10.0&apos;, java.version: &apos;15.0.2&apos;&#10;Driver info: org.openqa.selenium.chrome.ChromeDriver&#10;Command: [7bbc85ab7a589d6d934a866a074f3fb8, findElement {value=MS016IN, using=id}]&#10;Capabilities {acceptInsecureCerts: false, browserName: chrome, browserVersion: 126.0.6478.57, chrome: {chromedriverVersion: 126.0.6478.126 (d36ace6122e..., userDataDir: C:\Users\KAJALS~1\AppData\L...}, fedcm:accounts: true, goog:chromeOptions: {debuggerAddress: localhost:64880}, networkConnectionEnabled: false, pageLoadStrategy: normal, platformName: windows, proxy: Proxy(), se:cdp: ws://localhost:64880/devtoo..., se:cdpVersion: 126.0.6478.57, setWindowRect: true, strictFileInteractability: false, timeouts: {implicit: 0, pageLoad: 300000, script: 30000}, unhandledPromptBehavior: dismiss and notify, webauthn:extension:credBlob: true, webauthn:extension:largeBlob: true, webauthn:extension:minPinLength: true, webauthn:extension:prf: true, webauthn:virtualAuthenticators: true}&#10;Session ID: 7bbc85ab7a589d6d934a866a074f3fb8" type="org.openqa.selenium.NoSuchElementException"><![CDATA[org.openqa.selenium.NoSuchElementException: 
no such element: Unable to locate element: {"method":"css selector","selector":"#MS016IN"}
  (Session info: chrome=126.0.6478.57)
For documentation on this error, please visit: https://www.selenium.dev/documentation/webdriver/troubleshooting/errors#no-such-element-exception
Build info: version: '4.22.0', revision: 'c5f3146703*'
System info: os.name: 'Windows 10', os.arch: 'amd64', os.version: '10.0', java.version: '15.0.2'
Driver info: org.openqa.selenium.chrome.ChromeDriver
Command: [7bbc85ab7a589d6d934a866a074f3fb8, findElement {value=MS016IN, using=id}]
Capabilities {acceptInsecureCerts: false, browserName: chrome, browserVersion: 126.0.6478.57, chrome: {chromedriverVersion: 126.0.6478.126 (d36ace6122e..., userDataDir: C:\Users\KAJALS~1\AppData\L...}, fedcm:accounts: true, goog:chromeOptions: {debuggerAddress: localhost:64880}, networkConnectionEnabled: false, pageLoadStrategy: normal, platformName: windows, proxy: Proxy(), se:cdp: ws://localhost:64880/devtoo..., se:cdpVersion: 126.0.6478.57, setWindowRect: true, strictFileInteractability: false, timeouts: {implicit: 0, pageLoad: 300000, script: 30000}, unhandledPromptBehavior: dismiss and notify, webauthn:extension:credBlob: true, webauthn:extension:largeBlob: true, webauthn:extension:minPinLength: true, webauthn:extension:prf: true, webauthn:virtualAuthenticators: true}
Session ID: 7bbc85ab7a589d6d934a866a074f3fb8
	at zapcg.Capillary.MemberLookupTestCases.memberLookup_Invalid_TestCases.verifyMemberIdFieldMaxLength(memberLookup_Invalid_TestCases.java:59)
]]></failure>
    <system-out><![CDATA[The name of the testcase failed is : verifyInvalidMemberID
Test execution completed on ChromeDriver with device: iPhone 11 Pro Landscape
 Test case started: verifyMemberIdFieldMaxLength
]]></system-out>
  </testcase>
  <testcase name="verifyMemberIdFieldMaxLength" classname="zapcg.Capillary.MemberLookupTestCases.memberLookup_Invalid_TestCases" time="3.567">
    <system-out><![CDATA[The name of the testcase passed is : verifyInvalidMemberID
Test execution completed on ChromeDriver with device: Galaxy S20 Portrait
 Test case started: verifyMemberIdFieldMaxLength
Actual error message for max length username:The Member/Card Number was not found.
The error message is displayed.
]]></system-out>
  </testcase>
  <testcase name="verifyMemberIdFieldMaxLength" classname="zapcg.Capillary.MemberLookupTestCases.memberLookup_Invalid_TestCases" time="3.285">
    <system-out><![CDATA[The name of the testcase passed is : verifyInvalidMemberID
Test execution completed on ChromeDriver with device: Galaxy S20 Landscape
 Test case started: verifyMemberIdFieldMaxLength
Actual error message for max length username:The Member/Card Number was not found.
The error message is displayed.
]]></system-out>
  </testcase>
  <testcase name="verifyMemberIdFieldMaxLength" classname="zapcg.Capillary.MemberLookupTestCases.memberLookup_Invalid_TestCases" time="3.376">
    <system-out><![CDATA[The name of the testcase passed is : verifyInvalidMemberID
Test execution completed on FirefoxDriver with device: Tablet Portrait
 Test case started: verifyMemberIdFieldMaxLength
Actual error message for max length username:The Member/Card Number was not found.
The error message is displayed.
]]></system-out>
  </testcase>
  <testcase name="verifyMemberIdFieldMaxLength" classname="zapcg.Capillary.MemberLookupTestCases.memberLookup_Invalid_TestCases" time="30.01">
    <failure message="Unable to locate element: #MS016IN&#10;For documentation on this error, please visit: https://www.selenium.dev/documentation/webdriver/troubleshooting/errors#no-such-element-exception&#10;Build info: version: &apos;4.22.0&apos;, revision: &apos;c5f3146703*&apos;&#10;System info: os.name: &apos;Windows 10&apos;, os.arch: &apos;amd64&apos;, os.version: &apos;10.0&apos;, java.version: &apos;15.0.2&apos;&#10;Driver info: org.openqa.selenium.firefox.FirefoxDriver&#10;Command: [81d61e85-70d6-4779-98f0-db5f4c22f150, findElement {value=MS016IN, using=id}]&#10;Capabilities {acceptInsecureCerts: true, browserName: firefox, browserVersion: 128.0, moz:accessibilityChecks: false, moz:buildID: 20240628091536, moz:debuggerAddress: 127.0.0.1:46541, moz:geckodriverVersion: 0.34.0, moz:headless: false, moz:platformVersion: 10.0, moz:processID: 59228, moz:profile: C:\Users\KAJALS~1\AppData\L..., moz:shutdownTimeout: 60000, moz:webdriverClick: true, moz:windowless: false, pageLoadStrategy: normal, platformName: windows, proxy: Proxy(), se:cdp: ws://127.0.0.1:46541/devtoo..., se:cdpVersion: 85.0, setWindowRect: true, strictFileInteractability: false, timeouts: {implicit: 0, pageLoad: 300000, script: 30000}, unhandledPromptBehavior: dismiss and notify, userAgent: Mozilla/5.0 (Windows NT 10....}&#10;Session ID: 81d61e85-70d6-4779-98f0-db5f4c22f150" type="org.openqa.selenium.NoSuchElementException"><![CDATA[org.openqa.selenium.NoSuchElementException: 
Unable to locate element: #MS016IN
For documentation on this error, please visit: https://www.selenium.dev/documentation/webdriver/troubleshooting/errors#no-such-element-exception
Build info: version: '4.22.0', revision: 'c5f3146703*'
System info: os.name: 'Windows 10', os.arch: 'amd64', os.version: '10.0', java.version: '15.0.2'
Driver info: org.openqa.selenium.firefox.FirefoxDriver
Command: [81d61e85-70d6-4779-98f0-db5f4c22f150, findElement {value=MS016IN, using=id}]
Capabilities {acceptInsecureCerts: true, browserName: firefox, browserVersion: 128.0, moz:accessibilityChecks: false, moz:buildID: 20240628091536, moz:debuggerAddress: 127.0.0.1:46541, moz:geckodriverVersion: 0.34.0, moz:headless: false, moz:platformVersion: 10.0, moz:processID: 59228, moz:profile: C:\Users\KAJALS~1\AppData\L..., moz:shutdownTimeout: 60000, moz:webdriverClick: true, moz:windowless: false, pageLoadStrategy: normal, platformName: windows, proxy: Proxy(), se:cdp: ws://127.0.0.1:46541/devtoo..., se:cdpVersion: 85.0, setWindowRect: true, strictFileInteractability: false, timeouts: {implicit: 0, pageLoad: 300000, script: 30000}, unhandledPromptBehavior: dismiss and notify, userAgent: Mozilla/5.0 (Windows NT 10....}
Session ID: 81d61e85-70d6-4779-98f0-db5f4c22f150
	at zapcg.Capillary.MemberLookupTestCases.memberLookup_Invalid_TestCases.verifyMemberIdFieldMaxLength(memberLookup_Invalid_TestCases.java:59)
]]></failure>
    <system-out><![CDATA[The name of the testcase failed is : verifyInvalidMemberID
Test execution completed on FirefoxDriver with device: Tablet Landscape
 Test case started: verifyMemberIdFieldMaxLength
]]></system-out>
  </testcase>
  <testcase name="verifyMemberIdFieldMaxLength" classname="zapcg.Capillary.MemberLookupTestCases.memberLookup_Invalid_TestCases" time="30.018">
    <failure message="Unable to locate element: #MS016IN&#10;For documentation on this error, please visit: https://www.selenium.dev/documentation/webdriver/troubleshooting/errors#no-such-element-exception&#10;Build info: version: &apos;4.22.0&apos;, revision: &apos;c5f3146703*&apos;&#10;System info: os.name: &apos;Windows 10&apos;, os.arch: &apos;amd64&apos;, os.version: &apos;10.0&apos;, java.version: &apos;15.0.2&apos;&#10;Driver info: org.openqa.selenium.firefox.FirefoxDriver&#10;Command: [e48222d2-2c9d-4a87-93bc-198650f5e988, findElement {value=MS016IN, using=id}]&#10;Capabilities {acceptInsecureCerts: true, browserName: firefox, browserVersion: 128.0, moz:accessibilityChecks: false, moz:buildID: 20240628091536, moz:debuggerAddress: 127.0.0.1:24225, moz:geckodriverVersion: 0.34.0, moz:headless: false, moz:platformVersion: 10.0, moz:processID: 59912, moz:profile: C:\Users\KAJALS~1\AppData\L..., moz:shutdownTimeout: 60000, moz:webdriverClick: true, moz:windowless: false, pageLoadStrategy: normal, platformName: windows, proxy: Proxy(), se:cdp: ws://127.0.0.1:24225/devtoo..., se:cdpVersion: 85.0, setWindowRect: true, strictFileInteractability: false, timeouts: {implicit: 0, pageLoad: 300000, script: 30000}, unhandledPromptBehavior: dismiss and notify, userAgent: Mozilla/5.0 (Windows NT 10....}&#10;Session ID: e48222d2-2c9d-4a87-93bc-198650f5e988" type="org.openqa.selenium.NoSuchElementException"><![CDATA[org.openqa.selenium.NoSuchElementException: 
Unable to locate element: #MS016IN
For documentation on this error, please visit: https://www.selenium.dev/documentation/webdriver/troubleshooting/errors#no-such-element-exception
Build info: version: '4.22.0', revision: 'c5f3146703*'
System info: os.name: 'Windows 10', os.arch: 'amd64', os.version: '10.0', java.version: '15.0.2'
Driver info: org.openqa.selenium.firefox.FirefoxDriver
Command: [e48222d2-2c9d-4a87-93bc-198650f5e988, findElement {value=MS016IN, using=id}]
Capabilities {acceptInsecureCerts: true, browserName: firefox, browserVersion: 128.0, moz:accessibilityChecks: false, moz:buildID: 20240628091536, moz:debuggerAddress: 127.0.0.1:24225, moz:geckodriverVersion: 0.34.0, moz:headless: false, moz:platformVersion: 10.0, moz:processID: 59912, moz:profile: C:\Users\KAJALS~1\AppData\L..., moz:shutdownTimeout: 60000, moz:webdriverClick: true, moz:windowless: false, pageLoadStrategy: normal, platformName: windows, proxy: Proxy(), se:cdp: ws://127.0.0.1:24225/devtoo..., se:cdpVersion: 85.0, setWindowRect: true, strictFileInteractability: false, timeouts: {implicit: 0, pageLoad: 300000, script: 30000}, unhandledPromptBehavior: dismiss and notify, userAgent: Mozilla/5.0 (Windows NT 10....}
Session ID: e48222d2-2c9d-4a87-93bc-198650f5e988
	at zapcg.Capillary.MemberLookupTestCases.memberLookup_Invalid_TestCases.verifyMemberIdFieldMaxLength(memberLookup_Invalid_TestCases.java:59)
]]></failure>
    <system-out><![CDATA[The name of the testcase failed is : verifyInvalidMemberID
Test execution completed on FirefoxDriver with device: iPhone 11 Pro Portrait
 Test case started: verifyMemberIdFieldMaxLength
]]></system-out>
  </testcase>
  <testcase name="verifyMemberIdFieldMaxLength" classname="zapcg.Capillary.MemberLookupTestCases.memberLookup_Invalid_TestCases" time="30.019">
    <failure message="Unable to locate element: #MS016IN&#10;For documentation on this error, please visit: https://www.selenium.dev/documentation/webdriver/troubleshooting/errors#no-such-element-exception&#10;Build info: version: &apos;4.22.0&apos;, revision: &apos;c5f3146703*&apos;&#10;System info: os.name: &apos;Windows 10&apos;, os.arch: &apos;amd64&apos;, os.version: &apos;10.0&apos;, java.version: &apos;15.0.2&apos;&#10;Driver info: org.openqa.selenium.firefox.FirefoxDriver&#10;Command: [228273e4-ec3e-4e78-9f68-a6bb5bae8260, findElement {value=MS016IN, using=id}]&#10;Capabilities {acceptInsecureCerts: true, browserName: firefox, browserVersion: 128.0, moz:accessibilityChecks: false, moz:buildID: 20240628091536, moz:debuggerAddress: 127.0.0.1:35305, moz:geckodriverVersion: 0.34.0, moz:headless: false, moz:platformVersion: 10.0, moz:processID: 39404, moz:profile: C:\Users\KAJALS~1\AppData\L..., moz:shutdownTimeout: 60000, moz:webdriverClick: true, moz:windowless: false, pageLoadStrategy: normal, platformName: windows, proxy: Proxy(), se:cdp: ws://127.0.0.1:35305/devtoo..., se:cdpVersion: 85.0, setWindowRect: true, strictFileInteractability: false, timeouts: {implicit: 0, pageLoad: 300000, script: 30000}, unhandledPromptBehavior: dismiss and notify, userAgent: Mozilla/5.0 (Windows NT 10....}&#10;Session ID: 228273e4-ec3e-4e78-9f68-a6bb5bae8260" type="org.openqa.selenium.NoSuchElementException"><![CDATA[org.openqa.selenium.NoSuchElementException: 
Unable to locate element: #MS016IN
For documentation on this error, please visit: https://www.selenium.dev/documentation/webdriver/troubleshooting/errors#no-such-element-exception
Build info: version: '4.22.0', revision: 'c5f3146703*'
System info: os.name: 'Windows 10', os.arch: 'amd64', os.version: '10.0', java.version: '15.0.2'
Driver info: org.openqa.selenium.firefox.FirefoxDriver
Command: [228273e4-ec3e-4e78-9f68-a6bb5bae8260, findElement {value=MS016IN, using=id}]
Capabilities {acceptInsecureCerts: true, browserName: firefox, browserVersion: 128.0, moz:accessibilityChecks: false, moz:buildID: 20240628091536, moz:debuggerAddress: 127.0.0.1:35305, moz:geckodriverVersion: 0.34.0, moz:headless: false, moz:platformVersion: 10.0, moz:processID: 39404, moz:profile: C:\Users\KAJALS~1\AppData\L..., moz:shutdownTimeout: 60000, moz:webdriverClick: true, moz:windowless: false, pageLoadStrategy: normal, platformName: windows, proxy: Proxy(), se:cdp: ws://127.0.0.1:35305/devtoo..., se:cdpVersion: 85.0, setWindowRect: true, strictFileInteractability: false, timeouts: {implicit: 0, pageLoad: 300000, script: 30000}, unhandledPromptBehavior: dismiss and notify, userAgent: Mozilla/5.0 (Windows NT 10....}
Session ID: 228273e4-ec3e-4e78-9f68-a6bb5bae8260
	at zapcg.Capillary.MemberLookupTestCases.memberLookup_Invalid_TestCases.verifyMemberIdFieldMaxLength(memberLookup_Invalid_TestCases.java:59)
]]></failure>
    <system-out><![CDATA[The name of the testcase failed is : verifyInvalidMemberID
Test execution completed on FirefoxDriver with device: iPhone 11 Pro Landscape
 Test case started: verifyMemberIdFieldMaxLength
]]></system-out>
  </testcase>
  <testcase name="verifyMemberIdFieldMaxLength" classname="zapcg.Capillary.MemberLookupTestCases.memberLookup_Invalid_TestCases" time="30.014">
    <failure message="Unable to locate element: #MS016IN&#10;For documentation on this error, please visit: https://www.selenium.dev/documentation/webdriver/troubleshooting/errors#no-such-element-exception&#10;Build info: version: &apos;4.22.0&apos;, revision: &apos;c5f3146703*&apos;&#10;System info: os.name: &apos;Windows 10&apos;, os.arch: &apos;amd64&apos;, os.version: &apos;10.0&apos;, java.version: &apos;15.0.2&apos;&#10;Driver info: org.openqa.selenium.firefox.FirefoxDriver&#10;Command: [b0359ad1-06ee-43f2-b2b1-9dd00c27a2e5, findElement {value=MS016IN, using=id}]&#10;Capabilities {acceptInsecureCerts: true, browserName: firefox, browserVersion: 128.0, moz:accessibilityChecks: false, moz:buildID: 20240628091536, moz:debuggerAddress: 127.0.0.1:19302, moz:geckodriverVersion: 0.34.0, moz:headless: false, moz:platformVersion: 10.0, moz:processID: 31396, moz:profile: C:\Users\KAJALS~1\AppData\L..., moz:shutdownTimeout: 60000, moz:webdriverClick: true, moz:windowless: false, pageLoadStrategy: normal, platformName: windows, proxy: Proxy(), se:cdp: ws://127.0.0.1:19302/devtoo..., se:cdpVersion: 85.0, setWindowRect: true, strictFileInteractability: false, timeouts: {implicit: 0, pageLoad: 300000, script: 30000}, unhandledPromptBehavior: dismiss and notify, userAgent: Mozilla/5.0 (Windows NT 10....}&#10;Session ID: b0359ad1-06ee-43f2-b2b1-9dd00c27a2e5" type="org.openqa.selenium.NoSuchElementException"><![CDATA[org.openqa.selenium.NoSuchElementException: 
Unable to locate element: #MS016IN
For documentation on this error, please visit: https://www.selenium.dev/documentation/webdriver/troubleshooting/errors#no-such-element-exception
Build info: version: '4.22.0', revision: 'c5f3146703*'
System info: os.name: 'Windows 10', os.arch: 'amd64', os.version: '10.0', java.version: '15.0.2'
Driver info: org.openqa.selenium.firefox.FirefoxDriver
Command: [b0359ad1-06ee-43f2-b2b1-9dd00c27a2e5, findElement {value=MS016IN, using=id}]
Capabilities {acceptInsecureCerts: true, browserName: firefox, browserVersion: 128.0, moz:accessibilityChecks: false, moz:buildID: 20240628091536, moz:debuggerAddress: 127.0.0.1:19302, moz:geckodriverVersion: 0.34.0, moz:headless: false, moz:platformVersion: 10.0, moz:processID: 31396, moz:profile: C:\Users\KAJALS~1\AppData\L..., moz:shutdownTimeout: 60000, moz:webdriverClick: true, moz:windowless: false, pageLoadStrategy: normal, platformName: windows, proxy: Proxy(), se:cdp: ws://127.0.0.1:19302/devtoo..., se:cdpVersion: 85.0, setWindowRect: true, strictFileInteractability: false, timeouts: {implicit: 0, pageLoad: 300000, script: 30000}, unhandledPromptBehavior: dismiss and notify, userAgent: Mozilla/5.0 (Windows NT 10....}
Session ID: b0359ad1-06ee-43f2-b2b1-9dd00c27a2e5
	at zapcg.Capillary.MemberLookupTestCases.memberLookup_Invalid_TestCases.verifyMemberIdFieldMaxLength(memberLookup_Invalid_TestCases.java:59)
]]></failure>
    <system-out><![CDATA[The name of the testcase failed is : verifyInvalidMemberID
Test execution completed on FirefoxDriver with device: Galaxy S20 Portrait
 Test case started: verifyMemberIdFieldMaxLength
]]></system-out>
  </testcase>
  <testcase name="verifyMemberIdFieldMaxLength" classname="zapcg.Capillary.MemberLookupTestCases.memberLookup_Invalid_TestCases" time="30.012">
    <failure message="Unable to locate element: #MS016IN&#10;For documentation on this error, please visit: https://www.selenium.dev/documentation/webdriver/troubleshooting/errors#no-such-element-exception&#10;Build info: version: &apos;4.22.0&apos;, revision: &apos;c5f3146703*&apos;&#10;System info: os.name: &apos;Windows 10&apos;, os.arch: &apos;amd64&apos;, os.version: &apos;10.0&apos;, java.version: &apos;15.0.2&apos;&#10;Driver info: org.openqa.selenium.firefox.FirefoxDriver&#10;Command: [b1e86d28-3e19-495d-85dd-51d18b25b958, findElement {value=MS016IN, using=id}]&#10;Capabilities {acceptInsecureCerts: true, browserName: firefox, browserVersion: 128.0, moz:accessibilityChecks: false, moz:buildID: 20240628091536, moz:debuggerAddress: 127.0.0.1:16439, moz:geckodriverVersion: 0.34.0, moz:headless: false, moz:platformVersion: 10.0, moz:processID: 47672, moz:profile: C:\Users\KAJALS~1\AppData\L..., moz:shutdownTimeout: 60000, moz:webdriverClick: true, moz:windowless: false, pageLoadStrategy: normal, platformName: windows, proxy: Proxy(), se:cdp: ws://127.0.0.1:16439/devtoo..., se:cdpVersion: 85.0, setWindowRect: true, strictFileInteractability: false, timeouts: {implicit: 0, pageLoad: 300000, script: 30000}, unhandledPromptBehavior: dismiss and notify, userAgent: Mozilla/5.0 (Windows NT 10....}&#10;Session ID: b1e86d28-3e19-495d-85dd-51d18b25b958" type="org.openqa.selenium.NoSuchElementException"><![CDATA[org.openqa.selenium.NoSuchElementException: 
Unable to locate element: #MS016IN
For documentation on this error, please visit: https://www.selenium.dev/documentation/webdriver/troubleshooting/errors#no-such-element-exception
Build info: version: '4.22.0', revision: 'c5f3146703*'
System info: os.name: 'Windows 10', os.arch: 'amd64', os.version: '10.0', java.version: '15.0.2'
Driver info: org.openqa.selenium.firefox.FirefoxDriver
Command: [b1e86d28-3e19-495d-85dd-51d18b25b958, findElement {value=MS016IN, using=id}]
Capabilities {acceptInsecureCerts: true, browserName: firefox, browserVersion: 128.0, moz:accessibilityChecks: false, moz:buildID: 20240628091536, moz:debuggerAddress: 127.0.0.1:16439, moz:geckodriverVersion: 0.34.0, moz:headless: false, moz:platformVersion: 10.0, moz:processID: 47672, moz:profile: C:\Users\KAJALS~1\AppData\L..., moz:shutdownTimeout: 60000, moz:webdriverClick: true, moz:windowless: false, pageLoadStrategy: normal, platformName: windows, proxy: Proxy(), se:cdp: ws://127.0.0.1:16439/devtoo..., se:cdpVersion: 85.0, setWindowRect: true, strictFileInteractability: false, timeouts: {implicit: 0, pageLoad: 300000, script: 30000}, unhandledPromptBehavior: dismiss and notify, userAgent: Mozilla/5.0 (Windows NT 10....}
Session ID: b1e86d28-3e19-495d-85dd-51d18b25b958
	at zapcg.Capillary.MemberLookupTestCases.memberLookup_Invalid_TestCases.verifyMemberIdFieldMaxLength(memberLookup_Invalid_TestCases.java:59)
]]></failure>
    <system-out><![CDATA[The name of the testcase failed is : verifyInvalidMemberID
Test execution completed on FirefoxDriver with device: Galaxy S20 Landscape
 Test case started: verifyMemberIdFieldMaxLength
]]></system-out>
  </testcase>
  <testcase name="verifyInvalidCardNumberMinLength" classname="zapcg.Capillary.MemberLookupTestCases.memberLookup_Invalid_TestCases" time="3.307">
    <system-out><![CDATA[The name of the testcase passed is : verifyMemberIdFieldMaxLength
Test execution completed on ChromeDriver with device: Tablet Portrait
 Test case started: verifyInvalidCardNumberMinLength
Actual error message for Invalid length of memberid:The Member/Card Number was not found.
The error message is displayed.
]]></system-out>
  </testcase>
  <testcase name="verifyInvalidCardNumberMinLength" classname="zapcg.Capillary.MemberLookupTestCases.memberLookup_Invalid_TestCases" time="3.196">
    <system-out><![CDATA[The name of the testcase passed is : verifyMemberIdFieldMaxLength
Test execution completed on ChromeDriver with device: Tablet Landscape
 Test case started: verifyInvalidCardNumberMinLength
Actual error message for Invalid length of memberid:The Member/Card Number was not found.
The error message is displayed.
]]></system-out>
  </testcase>
  <testcase name="verifyInvalidCardNumberMinLength" classname="zapcg.Capillary.MemberLookupTestCases.memberLookup_Invalid_TestCases" time="3.185">
    <system-out><![CDATA[The name of the testcase passed is : verifyMemberIdFieldMaxLength
Test execution completed on ChromeDriver with device: iPhone 11 Pro Portrait
 Test case started: verifyInvalidCardNumberMinLength
Actual error message for Invalid length of memberid:The Member/Card Number was not found.
The error message is displayed.
]]></system-out>
  </testcase>
  <testcase name="verifyInvalidCardNumberMinLength" classname="zapcg.Capillary.MemberLookupTestCases.memberLookup_Invalid_TestCases" time="30.012">
    <failure message="no such element: Unable to locate element: {&quot;method&quot;:&quot;css selector&quot;,&quot;selector&quot;:&quot;#MS016IN&quot;}&#10;  (Session info: chrome=126.0.6478.57)&#10;For documentation on this error, please visit: https://www.selenium.dev/documentation/webdriver/troubleshooting/errors#no-such-element-exception&#10;Build info: version: &apos;4.22.0&apos;, revision: &apos;c5f3146703*&apos;&#10;System info: os.name: &apos;Windows 10&apos;, os.arch: &apos;amd64&apos;, os.version: &apos;10.0&apos;, java.version: &apos;15.0.2&apos;&#10;Driver info: org.openqa.selenium.chrome.ChromeDriver&#10;Command: [6db7a58df48b420806a31c1709d7250a, findElement {value=MS016IN, using=id}]&#10;Capabilities {acceptInsecureCerts: false, browserName: chrome, browserVersion: 126.0.6478.57, chrome: {chromedriverVersion: 126.0.6478.126 (d36ace6122e..., userDataDir: C:\Users\KAJALS~1\AppData\L...}, fedcm:accounts: true, goog:chromeOptions: {debuggerAddress: localhost:64930}, networkConnectionEnabled: false, pageLoadStrategy: normal, platformName: windows, proxy: Proxy(), se:cdp: ws://localhost:64930/devtoo..., se:cdpVersion: 126.0.6478.57, setWindowRect: true, strictFileInteractability: false, timeouts: {implicit: 0, pageLoad: 300000, script: 30000}, unhandledPromptBehavior: dismiss and notify, webauthn:extension:credBlob: true, webauthn:extension:largeBlob: true, webauthn:extension:minPinLength: true, webauthn:extension:prf: true, webauthn:virtualAuthenticators: true}&#10;Session ID: 6db7a58df48b420806a31c1709d7250a" type="org.openqa.selenium.NoSuchElementException"><![CDATA[org.openqa.selenium.NoSuchElementException: 
no such element: Unable to locate element: {"method":"css selector","selector":"#MS016IN"}
  (Session info: chrome=126.0.6478.57)
For documentation on this error, please visit: https://www.selenium.dev/documentation/webdriver/troubleshooting/errors#no-such-element-exception
Build info: version: '4.22.0', revision: 'c5f3146703*'
System info: os.name: 'Windows 10', os.arch: 'amd64', os.version: '10.0', java.version: '15.0.2'
Driver info: org.openqa.selenium.chrome.ChromeDriver
Command: [6db7a58df48b420806a31c1709d7250a, findElement {value=MS016IN, using=id}]
Capabilities {acceptInsecureCerts: false, browserName: chrome, browserVersion: 126.0.6478.57, chrome: {chromedriverVersion: 126.0.6478.126 (d36ace6122e..., userDataDir: C:\Users\KAJALS~1\AppData\L...}, fedcm:accounts: true, goog:chromeOptions: {debuggerAddress: localhost:64930}, networkConnectionEnabled: false, pageLoadStrategy: normal, platformName: windows, proxy: Proxy(), se:cdp: ws://localhost:64930/devtoo..., se:cdpVersion: 126.0.6478.57, setWindowRect: true, strictFileInteractability: false, timeouts: {implicit: 0, pageLoad: 300000, script: 30000}, unhandledPromptBehavior: dismiss and notify, webauthn:extension:credBlob: true, webauthn:extension:largeBlob: true, webauthn:extension:minPinLength: true, webauthn:extension:prf: true, webauthn:virtualAuthenticators: true}
Session ID: 6db7a58df48b420806a31c1709d7250a
	at zapcg.Capillary.MemberLookupTestCases.memberLookup_Invalid_TestCases.verifyInvalidCardNumberMinLength(memberLookup_Invalid_TestCases.java:70)
]]></failure>
    <system-out><![CDATA[The name of the testcase failed is : verifyMemberIdFieldMaxLength
Test execution completed on ChromeDriver with device: iPhone 11 Pro Landscape
 Test case started: verifyInvalidCardNumberMinLength
]]></system-out>
  </testcase>
  <testcase name="verifyInvalidCardNumberMinLength" classname="zapcg.Capillary.MemberLookupTestCases.memberLookup_Invalid_TestCases" time="3.169">
    <system-out><![CDATA[The name of the testcase passed is : verifyMemberIdFieldMaxLength
Test execution completed on ChromeDriver with device: Galaxy S20 Portrait
 Test case started: verifyInvalidCardNumberMinLength
Actual error message for Invalid length of memberid:The Member/Card Number was not found.
The error message is displayed.
]]></system-out>
  </testcase>
  <testcase name="verifyInvalidCardNumberMinLength" classname="zapcg.Capillary.MemberLookupTestCases.memberLookup_Invalid_TestCases" time="3.155">
    <system-out><![CDATA[The name of the testcase passed is : verifyMemberIdFieldMaxLength
Test execution completed on ChromeDriver with device: Galaxy S20 Landscape
 Test case started: verifyInvalidCardNumberMinLength
Actual error message for Invalid length of memberid:The Member/Card Number was not found.
The error message is displayed.
]]></system-out>
  </testcase>
  <testcase name="verifyInvalidCardNumberMinLength" classname="zapcg.Capillary.MemberLookupTestCases.memberLookup_Invalid_TestCases" time="2.995">
    <system-out><![CDATA[The name of the testcase passed is : verifyMemberIdFieldMaxLength
Test execution completed on FirefoxDriver with device: Tablet Portrait
 Test case started: verifyInvalidCardNumberMinLength
Actual error message for Invalid length of memberid:The Member/Card Number was not found.
The error message is displayed.
]]></system-out>
  </testcase>
  <testcase name="verifyInvalidCardNumberMinLength" classname="zapcg.Capillary.MemberLookupTestCases.memberLookup_Invalid_TestCases" time="30.019">
    <failure message="Unable to locate element: #MS016IN&#10;For documentation on this error, please visit: https://www.selenium.dev/documentation/webdriver/troubleshooting/errors#no-such-element-exception&#10;Build info: version: &apos;4.22.0&apos;, revision: &apos;c5f3146703*&apos;&#10;System info: os.name: &apos;Windows 10&apos;, os.arch: &apos;amd64&apos;, os.version: &apos;10.0&apos;, java.version: &apos;15.0.2&apos;&#10;Driver info: org.openqa.selenium.firefox.FirefoxDriver&#10;Command: [5b95c225-5adc-4e19-b9dd-7dea4ed3d15b, findElement {value=MS016IN, using=id}]&#10;Capabilities {acceptInsecureCerts: true, browserName: firefox, browserVersion: 128.0, moz:accessibilityChecks: false, moz:buildID: 20240628091536, moz:debuggerAddress: 127.0.0.1:27557, moz:geckodriverVersion: 0.34.0, moz:headless: false, moz:platformVersion: 10.0, moz:processID: 46100, moz:profile: C:\Users\KAJALS~1\AppData\L..., moz:shutdownTimeout: 60000, moz:webdriverClick: true, moz:windowless: false, pageLoadStrategy: normal, platformName: windows, proxy: Proxy(), se:cdp: ws://127.0.0.1:27557/devtoo..., se:cdpVersion: 85.0, setWindowRect: true, strictFileInteractability: false, timeouts: {implicit: 0, pageLoad: 300000, script: 30000}, unhandledPromptBehavior: dismiss and notify, userAgent: Mozilla/5.0 (Windows NT 10....}&#10;Session ID: 5b95c225-5adc-4e19-b9dd-7dea4ed3d15b" type="org.openqa.selenium.NoSuchElementException"><![CDATA[org.openqa.selenium.NoSuchElementException: 
Unable to locate element: #MS016IN
For documentation on this error, please visit: https://www.selenium.dev/documentation/webdriver/troubleshooting/errors#no-such-element-exception
Build info: version: '4.22.0', revision: 'c5f3146703*'
System info: os.name: 'Windows 10', os.arch: 'amd64', os.version: '10.0', java.version: '15.0.2'
Driver info: org.openqa.selenium.firefox.FirefoxDriver
Command: [5b95c225-5adc-4e19-b9dd-7dea4ed3d15b, findElement {value=MS016IN, using=id}]
Capabilities {acceptInsecureCerts: true, browserName: firefox, browserVersion: 128.0, moz:accessibilityChecks: false, moz:buildID: 20240628091536, moz:debuggerAddress: 127.0.0.1:27557, moz:geckodriverVersion: 0.34.0, moz:headless: false, moz:platformVersion: 10.0, moz:processID: 46100, moz:profile: C:\Users\KAJALS~1\AppData\L..., moz:shutdownTimeout: 60000, moz:webdriverClick: true, moz:windowless: false, pageLoadStrategy: normal, platformName: windows, proxy: Proxy(), se:cdp: ws://127.0.0.1:27557/devtoo..., se:cdpVersion: 85.0, setWindowRect: true, strictFileInteractability: false, timeouts: {implicit: 0, pageLoad: 300000, script: 30000}, unhandledPromptBehavior: dismiss and notify, userAgent: Mozilla/5.0 (Windows NT 10....}
Session ID: 5b95c225-5adc-4e19-b9dd-7dea4ed3d15b
	at zapcg.Capillary.MemberLookupTestCases.memberLookup_Invalid_TestCases.verifyInvalidCardNumberMinLength(memberLookup_Invalid_TestCases.java:70)
]]></failure>
    <system-out><![CDATA[The name of the testcase failed is : verifyMemberIdFieldMaxLength
Test execution completed on FirefoxDriver with device: Tablet Landscape
 Test case started: verifyInvalidCardNumberMinLength
]]></system-out>
  </testcase>
  <testcase name="verifyInvalidCardNumberMinLength" classname="zapcg.Capillary.MemberLookupTestCases.memberLookup_Invalid_TestCases" time="30.013">
    <failure message="Unable to locate element: #MS016IN&#10;For documentation on this error, please visit: https://www.selenium.dev/documentation/webdriver/troubleshooting/errors#no-such-element-exception&#10;Build info: version: &apos;4.22.0&apos;, revision: &apos;c5f3146703*&apos;&#10;System info: os.name: &apos;Windows 10&apos;, os.arch: &apos;amd64&apos;, os.version: &apos;10.0&apos;, java.version: &apos;15.0.2&apos;&#10;Driver info: org.openqa.selenium.firefox.FirefoxDriver&#10;Command: [fd268b83-b0ec-45e7-a5c9-534708032620, findElement {value=MS016IN, using=id}]&#10;Capabilities {acceptInsecureCerts: true, browserName: firefox, browserVersion: 128.0, moz:accessibilityChecks: false, moz:buildID: 20240628091536, moz:debuggerAddress: 127.0.0.1:26561, moz:geckodriverVersion: 0.34.0, moz:headless: false, moz:platformVersion: 10.0, moz:processID: 26584, moz:profile: C:\Users\KAJALS~1\AppData\L..., moz:shutdownTimeout: 60000, moz:webdriverClick: true, moz:windowless: false, pageLoadStrategy: normal, platformName: windows, proxy: Proxy(), se:cdp: ws://127.0.0.1:26561/devtoo..., se:cdpVersion: 85.0, setWindowRect: true, strictFileInteractability: false, timeouts: {implicit: 0, pageLoad: 300000, script: 30000}, unhandledPromptBehavior: dismiss and notify, userAgent: Mozilla/5.0 (Windows NT 10....}&#10;Session ID: fd268b83-b0ec-45e7-a5c9-534708032620" type="org.openqa.selenium.NoSuchElementException"><![CDATA[org.openqa.selenium.NoSuchElementException: 
Unable to locate element: #MS016IN
For documentation on this error, please visit: https://www.selenium.dev/documentation/webdriver/troubleshooting/errors#no-such-element-exception
Build info: version: '4.22.0', revision: 'c5f3146703*'
System info: os.name: 'Windows 10', os.arch: 'amd64', os.version: '10.0', java.version: '15.0.2'
Driver info: org.openqa.selenium.firefox.FirefoxDriver
Command: [fd268b83-b0ec-45e7-a5c9-534708032620, findElement {value=MS016IN, using=id}]
Capabilities {acceptInsecureCerts: true, browserName: firefox, browserVersion: 128.0, moz:accessibilityChecks: false, moz:buildID: 20240628091536, moz:debuggerAddress: 127.0.0.1:26561, moz:geckodriverVersion: 0.34.0, moz:headless: false, moz:platformVersion: 10.0, moz:processID: 26584, moz:profile: C:\Users\KAJALS~1\AppData\L..., moz:shutdownTimeout: 60000, moz:webdriverClick: true, moz:windowless: false, pageLoadStrategy: normal, platformName: windows, proxy: Proxy(), se:cdp: ws://127.0.0.1:26561/devtoo..., se:cdpVersion: 85.0, setWindowRect: true, strictFileInteractability: false, timeouts: {implicit: 0, pageLoad: 300000, script: 30000}, unhandledPromptBehavior: dismiss and notify, userAgent: Mozilla/5.0 (Windows NT 10....}
Session ID: fd268b83-b0ec-45e7-a5c9-534708032620
	at zapcg.Capillary.MemberLookupTestCases.memberLookup_Invalid_TestCases.verifyInvalidCardNumberMinLength(memberLookup_Invalid_TestCases.java:70)
]]></failure>
    <system-out><![CDATA[The name of the testcase failed is : verifyMemberIdFieldMaxLength
Test execution completed on FirefoxDriver with device: iPhone 11 Pro Portrait
 Test case started: verifyInvalidCardNumberMinLength
]]></system-out>
  </testcase>
  <testcase name="verifyInvalidCardNumberMinLength" classname="zapcg.Capillary.MemberLookupTestCases.memberLookup_Invalid_TestCases" time="30.019">
    <failure message="Unable to locate element: #MS016IN&#10;For documentation on this error, please visit: https://www.selenium.dev/documentation/webdriver/troubleshooting/errors#no-such-element-exception&#10;Build info: version: &apos;4.22.0&apos;, revision: &apos;c5f3146703*&apos;&#10;System info: os.name: &apos;Windows 10&apos;, os.arch: &apos;amd64&apos;, os.version: &apos;10.0&apos;, java.version: &apos;15.0.2&apos;&#10;Driver info: org.openqa.selenium.firefox.FirefoxDriver&#10;Command: [ed6029d1-9a33-4d06-af1c-fe910d2a916d, findElement {value=MS016IN, using=id}]&#10;Capabilities {acceptInsecureCerts: true, browserName: firefox, browserVersion: 128.0, moz:accessibilityChecks: false, moz:buildID: 20240628091536, moz:debuggerAddress: 127.0.0.1:6763, moz:geckodriverVersion: 0.34.0, moz:headless: false, moz:platformVersion: 10.0, moz:processID: 59088, moz:profile: C:\Users\KAJALS~1\AppData\L..., moz:shutdownTimeout: 60000, moz:webdriverClick: true, moz:windowless: false, pageLoadStrategy: normal, platformName: windows, proxy: Proxy(), se:cdp: ws://127.0.0.1:6763/devtool..., se:cdpVersion: 85.0, setWindowRect: true, strictFileInteractability: false, timeouts: {implicit: 0, pageLoad: 300000, script: 30000}, unhandledPromptBehavior: dismiss and notify, userAgent: Mozilla/5.0 (Windows NT 10....}&#10;Session ID: ed6029d1-9a33-4d06-af1c-fe910d2a916d" type="org.openqa.selenium.NoSuchElementException"><![CDATA[org.openqa.selenium.NoSuchElementException: 
Unable to locate element: #MS016IN
For documentation on this error, please visit: https://www.selenium.dev/documentation/webdriver/troubleshooting/errors#no-such-element-exception
Build info: version: '4.22.0', revision: 'c5f3146703*'
System info: os.name: 'Windows 10', os.arch: 'amd64', os.version: '10.0', java.version: '15.0.2'
Driver info: org.openqa.selenium.firefox.FirefoxDriver
Command: [ed6029d1-9a33-4d06-af1c-fe910d2a916d, findElement {value=MS016IN, using=id}]
Capabilities {acceptInsecureCerts: true, browserName: firefox, browserVersion: 128.0, moz:accessibilityChecks: false, moz:buildID: 20240628091536, moz:debuggerAddress: 127.0.0.1:6763, moz:geckodriverVersion: 0.34.0, moz:headless: false, moz:platformVersion: 10.0, moz:processID: 59088, moz:profile: C:\Users\KAJALS~1\AppData\L..., moz:shutdownTimeout: 60000, moz:webdriverClick: true, moz:windowless: false, pageLoadStrategy: normal, platformName: windows, proxy: Proxy(), se:cdp: ws://127.0.0.1:6763/devtool..., se:cdpVersion: 85.0, setWindowRect: true, strictFileInteractability: false, timeouts: {implicit: 0, pageLoad: 300000, script: 30000}, unhandledPromptBehavior: dismiss and notify, userAgent: Mozilla/5.0 (Windows NT 10....}
Session ID: ed6029d1-9a33-4d06-af1c-fe910d2a916d
	at zapcg.Capillary.MemberLookupTestCases.memberLookup_Invalid_TestCases.verifyInvalidCardNumberMinLength(memberLookup_Invalid_TestCases.java:70)
]]></failure>
    <system-out><![CDATA[The name of the testcase failed is : verifyMemberIdFieldMaxLength
Test execution completed on FirefoxDriver with device: iPhone 11 Pro Landscape
 Test case started: verifyInvalidCardNumberMinLength
]]></system-out>
  </testcase>
  <testcase name="verifyInvalidCardNumberMinLength" classname="zapcg.Capillary.MemberLookupTestCases.memberLookup_Invalid_TestCases" time="30.02">
    <failure message="Unable to locate element: #MS016IN&#10;For documentation on this error, please visit: https://www.selenium.dev/documentation/webdriver/troubleshooting/errors#no-such-element-exception&#10;Build info: version: &apos;4.22.0&apos;, revision: &apos;c5f3146703*&apos;&#10;System info: os.name: &apos;Windows 10&apos;, os.arch: &apos;amd64&apos;, os.version: &apos;10.0&apos;, java.version: &apos;15.0.2&apos;&#10;Driver info: org.openqa.selenium.firefox.FirefoxDriver&#10;Command: [f12d2483-4895-4046-a19a-222397eb81dc, findElement {value=MS016IN, using=id}]&#10;Capabilities {acceptInsecureCerts: true, browserName: firefox, browserVersion: 128.0, moz:accessibilityChecks: false, moz:buildID: 20240628091536, moz:debuggerAddress: 127.0.0.1:33718, moz:geckodriverVersion: 0.34.0, moz:headless: false, moz:platformVersion: 10.0, moz:processID: 30580, moz:profile: C:\Users\KAJALS~1\AppData\L..., moz:shutdownTimeout: 60000, moz:webdriverClick: true, moz:windowless: false, pageLoadStrategy: normal, platformName: windows, proxy: Proxy(), se:cdp: ws://127.0.0.1:33718/devtoo..., se:cdpVersion: 85.0, setWindowRect: true, strictFileInteractability: false, timeouts: {implicit: 0, pageLoad: 300000, script: 30000}, unhandledPromptBehavior: dismiss and notify, userAgent: Mozilla/5.0 (Windows NT 10....}&#10;Session ID: f12d2483-4895-4046-a19a-222397eb81dc" type="org.openqa.selenium.NoSuchElementException"><![CDATA[org.openqa.selenium.NoSuchElementException: 
Unable to locate element: #MS016IN
For documentation on this error, please visit: https://www.selenium.dev/documentation/webdriver/troubleshooting/errors#no-such-element-exception
Build info: version: '4.22.0', revision: 'c5f3146703*'
System info: os.name: 'Windows 10', os.arch: 'amd64', os.version: '10.0', java.version: '15.0.2'
Driver info: org.openqa.selenium.firefox.FirefoxDriver
Command: [f12d2483-4895-4046-a19a-222397eb81dc, findElement {value=MS016IN, using=id}]
Capabilities {acceptInsecureCerts: true, browserName: firefox, browserVersion: 128.0, moz:accessibilityChecks: false, moz:buildID: 20240628091536, moz:debuggerAddress: 127.0.0.1:33718, moz:geckodriverVersion: 0.34.0, moz:headless: false, moz:platformVersion: 10.0, moz:processID: 30580, moz:profile: C:\Users\KAJALS~1\AppData\L..., moz:shutdownTimeout: 60000, moz:webdriverClick: true, moz:windowless: false, pageLoadStrategy: normal, platformName: windows, proxy: Proxy(), se:cdp: ws://127.0.0.1:33718/devtoo..., se:cdpVersion: 85.0, setWindowRect: true, strictFileInteractability: false, timeouts: {implicit: 0, pageLoad: 300000, script: 30000}, unhandledPromptBehavior: dismiss and notify, userAgent: Mozilla/5.0 (Windows NT 10....}
Session ID: f12d2483-4895-4046-a19a-222397eb81dc
	at zapcg.Capillary.MemberLookupTestCases.memberLookup_Invalid_TestCases.verifyInvalidCardNumberMinLength(memberLookup_Invalid_TestCases.java:70)
]]></failure>
    <system-out><![CDATA[The name of the testcase failed is : verifyMemberIdFieldMaxLength
Test execution completed on FirefoxDriver with device: Galaxy S20 Portrait
 Test case started: verifyInvalidCardNumberMinLength
]]></system-out>
  </testcase>
  <testcase name="verifyInvalidCardNumberMinLength" classname="zapcg.Capillary.MemberLookupTestCases.memberLookup_Invalid_TestCases" time="30.013">
    <failure message="Unable to locate element: #MS016IN&#10;For documentation on this error, please visit: https://www.selenium.dev/documentation/webdriver/troubleshooting/errors#no-such-element-exception&#10;Build info: version: &apos;4.22.0&apos;, revision: &apos;c5f3146703*&apos;&#10;System info: os.name: &apos;Windows 10&apos;, os.arch: &apos;amd64&apos;, os.version: &apos;10.0&apos;, java.version: &apos;15.0.2&apos;&#10;Driver info: org.openqa.selenium.firefox.FirefoxDriver&#10;Command: [57baf9e7-fdef-4b8f-928d-51133987a135, findElement {value=MS016IN, using=id}]&#10;Capabilities {acceptInsecureCerts: true, browserName: firefox, browserVersion: 128.0, moz:accessibilityChecks: false, moz:buildID: 20240628091536, moz:debuggerAddress: 127.0.0.1:6645, moz:geckodriverVersion: 0.34.0, moz:headless: false, moz:platformVersion: 10.0, moz:processID: 58472, moz:profile: C:\Users\KAJALS~1\AppData\L..., moz:shutdownTimeout: 60000, moz:webdriverClick: true, moz:windowless: false, pageLoadStrategy: normal, platformName: windows, proxy: Proxy(), se:cdp: ws://127.0.0.1:6645/devtool..., se:cdpVersion: 85.0, setWindowRect: true, strictFileInteractability: false, timeouts: {implicit: 0, pageLoad: 300000, script: 30000}, unhandledPromptBehavior: dismiss and notify, userAgent: Mozilla/5.0 (Windows NT 10....}&#10;Session ID: 57baf9e7-fdef-4b8f-928d-51133987a135" type="org.openqa.selenium.NoSuchElementException"><![CDATA[org.openqa.selenium.NoSuchElementException: 
Unable to locate element: #MS016IN
For documentation on this error, please visit: https://www.selenium.dev/documentation/webdriver/troubleshooting/errors#no-such-element-exception
Build info: version: '4.22.0', revision: 'c5f3146703*'
System info: os.name: 'Windows 10', os.arch: 'amd64', os.version: '10.0', java.version: '15.0.2'
Driver info: org.openqa.selenium.firefox.FirefoxDriver
Command: [57baf9e7-fdef-4b8f-928d-51133987a135, findElement {value=MS016IN, using=id}]
Capabilities {acceptInsecureCerts: true, browserName: firefox, browserVersion: 128.0, moz:accessibilityChecks: false, moz:buildID: 20240628091536, moz:debuggerAddress: 127.0.0.1:6645, moz:geckodriverVersion: 0.34.0, moz:headless: false, moz:platformVersion: 10.0, moz:processID: 58472, moz:profile: C:\Users\KAJALS~1\AppData\L..., moz:shutdownTimeout: 60000, moz:webdriverClick: true, moz:windowless: false, pageLoadStrategy: normal, platformName: windows, proxy: Proxy(), se:cdp: ws://127.0.0.1:6645/devtool..., se:cdpVersion: 85.0, setWindowRect: true, strictFileInteractability: false, timeouts: {implicit: 0, pageLoad: 300000, script: 30000}, unhandledPromptBehavior: dismiss and notify, userAgent: Mozilla/5.0 (Windows NT 10....}
Session ID: 57baf9e7-fdef-4b8f-928d-51133987a135
	at zapcg.Capillary.MemberLookupTestCases.memberLookup_Invalid_TestCases.verifyInvalidCardNumberMinLength(memberLookup_Invalid_TestCases.java:70)
]]></failure>
    <system-out><![CDATA[The name of the testcase failed is : verifyMemberIdFieldMaxLength
Test execution completed on FirefoxDriver with device: Galaxy S20 Landscape
 Test case started: verifyInvalidCardNumberMinLength
]]></system-out>
  </testcase>
  <testcase name="verifyCardNumberFieldMaxLength" classname="zapcg.Capillary.MemberLookupTestCases.memberLookup_Invalid_TestCases" time="2.891">
    <system-out><![CDATA[The name of the testcase passed is : verifyInvalidCardNumberMinLength
Test execution completed on ChromeDriver with device: Tablet Portrait
 Test case started: verifyCardNumberFieldMaxLength
Actual error message for max length username:The Member/Card Number was not found.
The error message is displayed.
]]></system-out>
  </testcase>
  <testcase name="verifyCardNumberFieldMaxLength" classname="zapcg.Capillary.MemberLookupTestCases.memberLookup_Invalid_TestCases" time="3.738">
    <system-out><![CDATA[The name of the testcase passed is : verifyInvalidCardNumberMinLength
Test execution completed on ChromeDriver with device: Tablet Landscape
 Test case started: verifyCardNumberFieldMaxLength
Actual error message for max length username:The Member/Card Number was not found.
The error message is displayed.
]]></system-out>
  </testcase>
  <testcase name="verifyCardNumberFieldMaxLength" classname="zapcg.Capillary.MemberLookupTestCases.memberLookup_Invalid_TestCases" time="3.043">
    <system-out><![CDATA[The name of the testcase passed is : verifyInvalidCardNumberMinLength
Test execution completed on ChromeDriver with device: iPhone 11 Pro Portrait
 Test case started: verifyCardNumberFieldMaxLength
Actual error message for max length username:The Member/Card Number was not found.
The error message is displayed.
]]></system-out>
  </testcase>
  <testcase name="verifyCardNumberFieldMaxLength" classname="zapcg.Capillary.MemberLookupTestCases.memberLookup_Invalid_TestCases" time="30.077">
    <failure message="no such element: Unable to locate element: {&quot;method&quot;:&quot;css selector&quot;,&quot;selector&quot;:&quot;#MS016IN&quot;}&#10;  (Session info: chrome=126.0.6478.57)&#10;For documentation on this error, please visit: https://www.selenium.dev/documentation/webdriver/troubleshooting/errors#no-such-element-exception&#10;Build info: version: &apos;4.22.0&apos;, revision: &apos;c5f3146703*&apos;&#10;System info: os.name: &apos;Windows 10&apos;, os.arch: &apos;amd64&apos;, os.version: &apos;10.0&apos;, java.version: &apos;15.0.2&apos;&#10;Driver info: org.openqa.selenium.chrome.ChromeDriver&#10;Command: [7841ba4a8b178b1d6e6c908f154a7aa6, findElement {value=MS016IN, using=id}]&#10;Capabilities {acceptInsecureCerts: false, browserName: chrome, browserVersion: 126.0.6478.57, chrome: {chromedriverVersion: 126.0.6478.126 (d36ace6122e..., userDataDir: C:\Users\KAJALS~1\AppData\L...}, fedcm:accounts: true, goog:chromeOptions: {debuggerAddress: localhost:64972}, networkConnectionEnabled: false, pageLoadStrategy: normal, platformName: windows, proxy: Proxy(), se:cdp: ws://localhost:64972/devtoo..., se:cdpVersion: 126.0.6478.57, setWindowRect: true, strictFileInteractability: false, timeouts: {implicit: 0, pageLoad: 300000, script: 30000}, unhandledPromptBehavior: dismiss and notify, webauthn:extension:credBlob: true, webauthn:extension:largeBlob: true, webauthn:extension:minPinLength: true, webauthn:extension:prf: true, webauthn:virtualAuthenticators: true}&#10;Session ID: 7841ba4a8b178b1d6e6c908f154a7aa6" type="org.openqa.selenium.NoSuchElementException"><![CDATA[org.openqa.selenium.NoSuchElementException: 
no such element: Unable to locate element: {"method":"css selector","selector":"#MS016IN"}
  (Session info: chrome=126.0.6478.57)
For documentation on this error, please visit: https://www.selenium.dev/documentation/webdriver/troubleshooting/errors#no-such-element-exception
Build info: version: '4.22.0', revision: 'c5f3146703*'
System info: os.name: 'Windows 10', os.arch: 'amd64', os.version: '10.0', java.version: '15.0.2'
Driver info: org.openqa.selenium.chrome.ChromeDriver
Command: [7841ba4a8b178b1d6e6c908f154a7aa6, findElement {value=MS016IN, using=id}]
Capabilities {acceptInsecureCerts: false, browserName: chrome, browserVersion: 126.0.6478.57, chrome: {chromedriverVersion: 126.0.6478.126 (d36ace6122e..., userDataDir: C:\Users\KAJALS~1\AppData\L...}, fedcm:accounts: true, goog:chromeOptions: {debuggerAddress: localhost:64972}, networkConnectionEnabled: false, pageLoadStrategy: normal, platformName: windows, proxy: Proxy(), se:cdp: ws://localhost:64972/devtoo..., se:cdpVersion: 126.0.6478.57, setWindowRect: true, strictFileInteractability: false, timeouts: {implicit: 0, pageLoad: 300000, script: 30000}, unhandledPromptBehavior: dismiss and notify, webauthn:extension:credBlob: true, webauthn:extension:largeBlob: true, webauthn:extension:minPinLength: true, webauthn:extension:prf: true, webauthn:virtualAuthenticators: true}
Session ID: 7841ba4a8b178b1d6e6c908f154a7aa6
	at zapcg.Capillary.MemberLookupTestCases.memberLookup_Invalid_TestCases.verifyCardNumberFieldMaxLength(memberLookup_Invalid_TestCases.java:81)
]]></failure>
    <system-out><![CDATA[The name of the testcase failed is : verifyInvalidCardNumberMinLength
Test execution completed on ChromeDriver with device: iPhone 11 Pro Landscape
 Test case started: verifyCardNumberFieldMaxLength
]]></system-out>
  </testcase>
  <testcase name="verifyCardNumberFieldMaxLength" classname="zapcg.Capillary.MemberLookupTestCases.memberLookup_Invalid_TestCases" time="3.476">
    <system-out><![CDATA[The name of the testcase passed is : verifyInvalidCardNumberMinLength
Test execution completed on ChromeDriver with device: Galaxy S20 Portrait
 Test case started: verifyCardNumberFieldMaxLength
Actual error message for max length username:The Member/Card Number was not found.
The error message is displayed.
]]></system-out>
  </testcase>
  <testcase name="verifyCardNumberFieldMaxLength" classname="zapcg.Capillary.MemberLookupTestCases.memberLookup_Invalid_TestCases" time="2.98">
    <system-out><![CDATA[The name of the testcase passed is : verifyInvalidCardNumberMinLength
Test execution completed on ChromeDriver with device: Galaxy S20 Landscape
 Test case started: verifyCardNumberFieldMaxLength
Actual error message for max length username:The Member/Card Number was not found.
The error message is displayed.
]]></system-out>
  </testcase>
  <testcase name="verifyCardNumberFieldMaxLength" classname="zapcg.Capillary.MemberLookupTestCases.memberLookup_Invalid_TestCases" time="3.047">
    <system-out><![CDATA[The name of the testcase passed is : verifyInvalidCardNumberMinLength
Test execution completed on FirefoxDriver with device: Tablet Portrait
 Test case started: verifyCardNumberFieldMaxLength
Actual error message for max length username:The Member/Card Number was not found.
The error message is displayed.
]]></system-out>
  </testcase>
  <testcase name="verifyCardNumberFieldMaxLength" classname="zapcg.Capillary.MemberLookupTestCases.memberLookup_Invalid_TestCases" time="30.005">
    <failure message="Unable to locate element: #MS016IN&#10;For documentation on this error, please visit: https://www.selenium.dev/documentation/webdriver/troubleshooting/errors#no-such-element-exception&#10;Build info: version: &apos;4.22.0&apos;, revision: &apos;c5f3146703*&apos;&#10;System info: os.name: &apos;Windows 10&apos;, os.arch: &apos;amd64&apos;, os.version: &apos;10.0&apos;, java.version: &apos;15.0.2&apos;&#10;Driver info: org.openqa.selenium.firefox.FirefoxDriver&#10;Command: [8ff94a60-bffd-4c30-96c0-9c13739d9309, findElement {value=MS016IN, using=id}]&#10;Capabilities {acceptInsecureCerts: true, browserName: firefox, browserVersion: 128.0, moz:accessibilityChecks: false, moz:buildID: 20240628091536, moz:debuggerAddress: 127.0.0.1:32180, moz:geckodriverVersion: 0.34.0, moz:headless: false, moz:platformVersion: 10.0, moz:processID: 34540, moz:profile: C:\Users\KAJALS~1\AppData\L..., moz:shutdownTimeout: 60000, moz:webdriverClick: true, moz:windowless: false, pageLoadStrategy: normal, platformName: windows, proxy: Proxy(), se:cdp: ws://127.0.0.1:32180/devtoo..., se:cdpVersion: 85.0, setWindowRect: true, strictFileInteractability: false, timeouts: {implicit: 0, pageLoad: 300000, script: 30000}, unhandledPromptBehavior: dismiss and notify, userAgent: Mozilla/5.0 (Windows NT 10....}&#10;Session ID: 8ff94a60-bffd-4c30-96c0-9c13739d9309" type="org.openqa.selenium.NoSuchElementException"><![CDATA[org.openqa.selenium.NoSuchElementException: 
Unable to locate element: #MS016IN
For documentation on this error, please visit: https://www.selenium.dev/documentation/webdriver/troubleshooting/errors#no-such-element-exception
Build info: version: '4.22.0', revision: 'c5f3146703*'
System info: os.name: 'Windows 10', os.arch: 'amd64', os.version: '10.0', java.version: '15.0.2'
Driver info: org.openqa.selenium.firefox.FirefoxDriver
Command: [8ff94a60-bffd-4c30-96c0-9c13739d9309, findElement {value=MS016IN, using=id}]
Capabilities {acceptInsecureCerts: true, browserName: firefox, browserVersion: 128.0, moz:accessibilityChecks: false, moz:buildID: 20240628091536, moz:debuggerAddress: 127.0.0.1:32180, moz:geckodriverVersion: 0.34.0, moz:headless: false, moz:platformVersion: 10.0, moz:processID: 34540, moz:profile: C:\Users\KAJALS~1\AppData\L..., moz:shutdownTimeout: 60000, moz:webdriverClick: true, moz:windowless: false, pageLoadStrategy: normal, platformName: windows, proxy: Proxy(), se:cdp: ws://127.0.0.1:32180/devtoo..., se:cdpVersion: 85.0, setWindowRect: true, strictFileInteractability: false, timeouts: {implicit: 0, pageLoad: 300000, script: 30000}, unhandledPromptBehavior: dismiss and notify, userAgent: Mozilla/5.0 (Windows NT 10....}
Session ID: 8ff94a60-bffd-4c30-96c0-9c13739d9309
	at zapcg.Capillary.MemberLookupTestCases.memberLookup_Invalid_TestCases.verifyCardNumberFieldMaxLength(memberLookup_Invalid_TestCases.java:81)
]]></failure>
    <system-out><![CDATA[The name of the testcase failed is : verifyInvalidCardNumberMinLength
Test execution completed on FirefoxDriver with device: Tablet Landscape
 Test case started: verifyCardNumberFieldMaxLength
]]></system-out>
  </testcase>
  <testcase name="verifyCardNumberFieldMaxLength" classname="zapcg.Capillary.MemberLookupTestCases.memberLookup_Invalid_TestCases" time="30.006">
    <failure message="Unable to locate element: #MS016IN&#10;For documentation on this error, please visit: https://www.selenium.dev/documentation/webdriver/troubleshooting/errors#no-such-element-exception&#10;Build info: version: &apos;4.22.0&apos;, revision: &apos;c5f3146703*&apos;&#10;System info: os.name: &apos;Windows 10&apos;, os.arch: &apos;amd64&apos;, os.version: &apos;10.0&apos;, java.version: &apos;15.0.2&apos;&#10;Driver info: org.openqa.selenium.firefox.FirefoxDriver&#10;Command: [5da8e088-3908-4cd6-8140-73e31cf6f5b4, findElement {value=MS016IN, using=id}]&#10;Capabilities {acceptInsecureCerts: true, browserName: firefox, browserVersion: 128.0, moz:accessibilityChecks: false, moz:buildID: 20240628091536, moz:debuggerAddress: 127.0.0.1:1117, moz:geckodriverVersion: 0.34.0, moz:headless: false, moz:platformVersion: 10.0, moz:processID: 59584, moz:profile: C:\Users\KAJALS~1\AppData\L..., moz:shutdownTimeout: 60000, moz:webdriverClick: true, moz:windowless: false, pageLoadStrategy: normal, platformName: windows, proxy: Proxy(), se:cdp: ws://127.0.0.1:1117/devtool..., se:cdpVersion: 85.0, setWindowRect: true, strictFileInteractability: false, timeouts: {implicit: 0, pageLoad: 300000, script: 30000}, unhandledPromptBehavior: dismiss and notify, userAgent: Mozilla/5.0 (Windows NT 10....}&#10;Session ID: 5da8e088-3908-4cd6-8140-73e31cf6f5b4" type="org.openqa.selenium.NoSuchElementException"><![CDATA[org.openqa.selenium.NoSuchElementException: 
Unable to locate element: #MS016IN
For documentation on this error, please visit: https://www.selenium.dev/documentation/webdriver/troubleshooting/errors#no-such-element-exception
Build info: version: '4.22.0', revision: 'c5f3146703*'
System info: os.name: 'Windows 10', os.arch: 'amd64', os.version: '10.0', java.version: '15.0.2'
Driver info: org.openqa.selenium.firefox.FirefoxDriver
Command: [5da8e088-3908-4cd6-8140-73e31cf6f5b4, findElement {value=MS016IN, using=id}]
Capabilities {acceptInsecureCerts: true, browserName: firefox, browserVersion: 128.0, moz:accessibilityChecks: false, moz:buildID: 20240628091536, moz:debuggerAddress: 127.0.0.1:1117, moz:geckodriverVersion: 0.34.0, moz:headless: false, moz:platformVersion: 10.0, moz:processID: 59584, moz:profile: C:\Users\KAJALS~1\AppData\L..., moz:shutdownTimeout: 60000, moz:webdriverClick: true, moz:windowless: false, pageLoadStrategy: normal, platformName: windows, proxy: Proxy(), se:cdp: ws://127.0.0.1:1117/devtool..., se:cdpVersion: 85.0, setWindowRect: true, strictFileInteractability: false, timeouts: {implicit: 0, pageLoad: 300000, script: 30000}, unhandledPromptBehavior: dismiss and notify, userAgent: Mozilla/5.0 (Windows NT 10....}
Session ID: 5da8e088-3908-4cd6-8140-73e31cf6f5b4
	at zapcg.Capillary.MemberLookupTestCases.memberLookup_Invalid_TestCases.verifyCardNumberFieldMaxLength(memberLookup_Invalid_TestCases.java:81)
]]></failure>
    <system-out><![CDATA[The name of the testcase failed is : verifyInvalidCardNumberMinLength
Test execution completed on FirefoxDriver with device: iPhone 11 Pro Portrait
 Test case started: verifyCardNumberFieldMaxLength
]]></system-out>
  </testcase>
  <testcase name="verifyCardNumberFieldMaxLength" classname="zapcg.Capillary.MemberLookupTestCases.memberLookup_Invalid_TestCases" time="30.021">
    <failure message="Unable to locate element: #MS016IN&#10;For documentation on this error, please visit: https://www.selenium.dev/documentation/webdriver/troubleshooting/errors#no-such-element-exception&#10;Build info: version: &apos;4.22.0&apos;, revision: &apos;c5f3146703*&apos;&#10;System info: os.name: &apos;Windows 10&apos;, os.arch: &apos;amd64&apos;, os.version: &apos;10.0&apos;, java.version: &apos;15.0.2&apos;&#10;Driver info: org.openqa.selenium.firefox.FirefoxDriver&#10;Command: [cc56f79a-0380-40dd-8983-b8cc95417b4f, findElement {value=MS016IN, using=id}]&#10;Capabilities {acceptInsecureCerts: true, browserName: firefox, browserVersion: 128.0, moz:accessibilityChecks: false, moz:buildID: 20240628091536, moz:debuggerAddress: 127.0.0.1:33801, moz:geckodriverVersion: 0.34.0, moz:headless: false, moz:platformVersion: 10.0, moz:processID: 47184, moz:profile: C:\Users\KAJALS~1\AppData\L..., moz:shutdownTimeout: 60000, moz:webdriverClick: true, moz:windowless: false, pageLoadStrategy: normal, platformName: windows, proxy: Proxy(), se:cdp: ws://127.0.0.1:33801/devtoo..., se:cdpVersion: 85.0, setWindowRect: true, strictFileInteractability: false, timeouts: {implicit: 0, pageLoad: 300000, script: 30000}, unhandledPromptBehavior: dismiss and notify, userAgent: Mozilla/5.0 (Windows NT 10....}&#10;Session ID: cc56f79a-0380-40dd-8983-b8cc95417b4f" type="org.openqa.selenium.NoSuchElementException"><![CDATA[org.openqa.selenium.NoSuchElementException: 
Unable to locate element: #MS016IN
For documentation on this error, please visit: https://www.selenium.dev/documentation/webdriver/troubleshooting/errors#no-such-element-exception
Build info: version: '4.22.0', revision: 'c5f3146703*'
System info: os.name: 'Windows 10', os.arch: 'amd64', os.version: '10.0', java.version: '15.0.2'
Driver info: org.openqa.selenium.firefox.FirefoxDriver
Command: [cc56f79a-0380-40dd-8983-b8cc95417b4f, findElement {value=MS016IN, using=id}]
Capabilities {acceptInsecureCerts: true, browserName: firefox, browserVersion: 128.0, moz:accessibilityChecks: false, moz:buildID: 20240628091536, moz:debuggerAddress: 127.0.0.1:33801, moz:geckodriverVersion: 0.34.0, moz:headless: false, moz:platformVersion: 10.0, moz:processID: 47184, moz:profile: C:\Users\KAJALS~1\AppData\L..., moz:shutdownTimeout: 60000, moz:webdriverClick: true, moz:windowless: false, pageLoadStrategy: normal, platformName: windows, proxy: Proxy(), se:cdp: ws://127.0.0.1:33801/devtoo..., se:cdpVersion: 85.0, setWindowRect: true, strictFileInteractability: false, timeouts: {implicit: 0, pageLoad: 300000, script: 30000}, unhandledPromptBehavior: dismiss and notify, userAgent: Mozilla/5.0 (Windows NT 10....}
Session ID: cc56f79a-0380-40dd-8983-b8cc95417b4f
	at zapcg.Capillary.MemberLookupTestCases.memberLookup_Invalid_TestCases.verifyCardNumberFieldMaxLength(memberLookup_Invalid_TestCases.java:81)
]]></failure>
    <system-out><![CDATA[The name of the testcase failed is : verifyInvalidCardNumberMinLength
Test execution completed on FirefoxDriver with device: iPhone 11 Pro Landscape
 Test case started: verifyCardNumberFieldMaxLength
]]></system-out>
  </testcase>
  <testcase name="verifyCardNumberFieldMaxLength" classname="zapcg.Capillary.MemberLookupTestCases.memberLookup_Invalid_TestCases" time="30.011">
    <failure message="Unable to locate element: #MS016IN&#10;For documentation on this error, please visit: https://www.selenium.dev/documentation/webdriver/troubleshooting/errors#no-such-element-exception&#10;Build info: version: &apos;4.22.0&apos;, revision: &apos;c5f3146703*&apos;&#10;System info: os.name: &apos;Windows 10&apos;, os.arch: &apos;amd64&apos;, os.version: &apos;10.0&apos;, java.version: &apos;15.0.2&apos;&#10;Driver info: org.openqa.selenium.firefox.FirefoxDriver&#10;Command: [02147559-37da-45e1-b887-c06d1c3b3c07, findElement {value=MS016IN, using=id}]&#10;Capabilities {acceptInsecureCerts: true, browserName: firefox, browserVersion: 128.0, moz:accessibilityChecks: false, moz:buildID: 20240628091536, moz:debuggerAddress: 127.0.0.1:17490, moz:geckodriverVersion: 0.34.0, moz:headless: false, moz:platformVersion: 10.0, moz:processID: 56516, moz:profile: C:\Users\KAJALS~1\AppData\L..., moz:shutdownTimeout: 60000, moz:webdriverClick: true, moz:windowless: false, pageLoadStrategy: normal, platformName: windows, proxy: Proxy(), se:cdp: ws://127.0.0.1:17490/devtoo..., se:cdpVersion: 85.0, setWindowRect: true, strictFileInteractability: false, timeouts: {implicit: 0, pageLoad: 300000, script: 30000}, unhandledPromptBehavior: dismiss and notify, userAgent: Mozilla/5.0 (Windows NT 10....}&#10;Session ID: 02147559-37da-45e1-b887-c06d1c3b3c07" type="org.openqa.selenium.NoSuchElementException"><![CDATA[org.openqa.selenium.NoSuchElementException: 
Unable to locate element: #MS016IN
For documentation on this error, please visit: https://www.selenium.dev/documentation/webdriver/troubleshooting/errors#no-such-element-exception
Build info: version: '4.22.0', revision: 'c5f3146703*'
System info: os.name: 'Windows 10', os.arch: 'amd64', os.version: '10.0', java.version: '15.0.2'
Driver info: org.openqa.selenium.firefox.FirefoxDriver
Command: [02147559-37da-45e1-b887-c06d1c3b3c07, findElement {value=MS016IN, using=id}]
Capabilities {acceptInsecureCerts: true, browserName: firefox, browserVersion: 128.0, moz:accessibilityChecks: false, moz:buildID: 20240628091536, moz:debuggerAddress: 127.0.0.1:17490, moz:geckodriverVersion: 0.34.0, moz:headless: false, moz:platformVersion: 10.0, moz:processID: 56516, moz:profile: C:\Users\KAJALS~1\AppData\L..., moz:shutdownTimeout: 60000, moz:webdriverClick: true, moz:windowless: false, pageLoadStrategy: normal, platformName: windows, proxy: Proxy(), se:cdp: ws://127.0.0.1:17490/devtoo..., se:cdpVersion: 85.0, setWindowRect: true, strictFileInteractability: false, timeouts: {implicit: 0, pageLoad: 300000, script: 30000}, unhandledPromptBehavior: dismiss and notify, userAgent: Mozilla/5.0 (Windows NT 10....}
Session ID: 02147559-37da-45e1-b887-c06d1c3b3c07
	at zapcg.Capillary.MemberLookupTestCases.memberLookup_Invalid_TestCases.verifyCardNumberFieldMaxLength(memberLookup_Invalid_TestCases.java:81)
]]></failure>
    <system-out><![CDATA[The name of the testcase failed is : verifyInvalidCardNumberMinLength
Test execution completed on FirefoxDriver with device: Galaxy S20 Portrait
 Test case started: verifyCardNumberFieldMaxLength
]]></system-out>
  </testcase>
  <testcase name="verifyCardNumberFieldMaxLength" classname="zapcg.Capillary.MemberLookupTestCases.memberLookup_Invalid_TestCases" time="30.013">
    <failure message="Unable to locate element: #MS016IN&#10;For documentation on this error, please visit: https://www.selenium.dev/documentation/webdriver/troubleshooting/errors#no-such-element-exception&#10;Build info: version: &apos;4.22.0&apos;, revision: &apos;c5f3146703*&apos;&#10;System info: os.name: &apos;Windows 10&apos;, os.arch: &apos;amd64&apos;, os.version: &apos;10.0&apos;, java.version: &apos;15.0.2&apos;&#10;Driver info: org.openqa.selenium.firefox.FirefoxDriver&#10;Command: [c795e926-24cc-49de-9c5e-f6e8bd2c3610, findElement {value=MS016IN, using=id}]&#10;Capabilities {acceptInsecureCerts: true, browserName: firefox, browserVersion: 128.0, moz:accessibilityChecks: false, moz:buildID: 20240628091536, moz:debuggerAddress: 127.0.0.1:10575, moz:geckodriverVersion: 0.34.0, moz:headless: false, moz:platformVersion: 10.0, moz:processID: 56444, moz:profile: C:\Users\KAJALS~1\AppData\L..., moz:shutdownTimeout: 60000, moz:webdriverClick: true, moz:windowless: false, pageLoadStrategy: normal, platformName: windows, proxy: Proxy(), se:cdp: ws://127.0.0.1:10575/devtoo..., se:cdpVersion: 85.0, setWindowRect: true, strictFileInteractability: false, timeouts: {implicit: 0, pageLoad: 300000, script: 30000}, unhandledPromptBehavior: dismiss and notify, userAgent: Mozilla/5.0 (Windows NT 10....}&#10;Session ID: c795e926-24cc-49de-9c5e-f6e8bd2c3610" type="org.openqa.selenium.NoSuchElementException"><![CDATA[org.openqa.selenium.NoSuchElementException: 
Unable to locate element: #MS016IN
For documentation on this error, please visit: https://www.selenium.dev/documentation/webdriver/troubleshooting/errors#no-such-element-exception
Build info: version: '4.22.0', revision: 'c5f3146703*'
System info: os.name: 'Windows 10', os.arch: 'amd64', os.version: '10.0', java.version: '15.0.2'
Driver info: org.openqa.selenium.firefox.FirefoxDriver
Command: [c795e926-24cc-49de-9c5e-f6e8bd2c3610, findElement {value=MS016IN, using=id}]
Capabilities {acceptInsecureCerts: true, browserName: firefox, browserVersion: 128.0, moz:accessibilityChecks: false, moz:buildID: 20240628091536, moz:debuggerAddress: 127.0.0.1:10575, moz:geckodriverVersion: 0.34.0, moz:headless: false, moz:platformVersion: 10.0, moz:processID: 56444, moz:profile: C:\Users\KAJALS~1\AppData\L..., moz:shutdownTimeout: 60000, moz:webdriverClick: true, moz:windowless: false, pageLoadStrategy: normal, platformName: windows, proxy: Proxy(), se:cdp: ws://127.0.0.1:10575/devtoo..., se:cdpVersion: 85.0, setWindowRect: true, strictFileInteractability: false, timeouts: {implicit: 0, pageLoad: 300000, script: 30000}, unhandledPromptBehavior: dismiss and notify, userAgent: Mozilla/5.0 (Windows NT 10....}
Session ID: c795e926-24cc-49de-9c5e-f6e8bd2c3610
	at zapcg.Capillary.MemberLookupTestCases.memberLookup_Invalid_TestCases.verifyCardNumberFieldMaxLength(memberLookup_Invalid_TestCases.java:81)
]]></failure>
    <system-out><![CDATA[The name of the testcase failed is : verifyInvalidCardNumberMinLength
Test execution completed on FirefoxDriver with device: Galaxy S20 Landscape
 Test case started: verifyCardNumberFieldMaxLength
]]></system-out>
  </testcase>
  <testcase name="verifyForEmptyCardNumberButtonIsDisabled" classname="zapcg.Capillary.MemberLookupTestCases.memberLookup_Invalid_TestCases" time="1.201">
    <system-out><![CDATA[The name of the testcase passed is : verifyCardNumberFieldMaxLength
Test execution completed on ChromeDriver with device: Tablet Portrait
 Test case started: verifyForEmptyCardNumberButtonIsDisabled
Search button is disabled when cardNumber or MemberId is empty: true
]]></system-out>
  </testcase>
  <testcase name="verifyForEmptyCardNumberButtonIsDisabled" classname="zapcg.Capillary.MemberLookupTestCases.memberLookup_Invalid_TestCases" time="1.622">
    <system-out><![CDATA[The name of the testcase passed is : verifyCardNumberFieldMaxLength
Test execution completed on ChromeDriver with device: Tablet Landscape
 Test case started: verifyForEmptyCardNumberButtonIsDisabled
Search button is disabled when cardNumber or MemberId is empty: true
]]></system-out>
  </testcase>
  <testcase name="verifyForEmptyCardNumberButtonIsDisabled" classname="zapcg.Capillary.MemberLookupTestCases.memberLookup_Invalid_TestCases" time="3.195">
    <system-out><![CDATA[The name of the testcase passed is : verifyCardNumberFieldMaxLength
Test execution completed on ChromeDriver with device: iPhone 11 Pro Portrait
 Test case started: verifyForEmptyCardNumberButtonIsDisabled
Search button is disabled when cardNumber or MemberId is empty: true
]]></system-out>
  </testcase>
  <testcase name="verifyForEmptyCardNumberButtonIsDisabled" classname="zapcg.Capillary.MemberLookupTestCases.memberLookup_Invalid_TestCases" time="30.02">
    <failure message="no such element: Unable to locate element: {&quot;method&quot;:&quot;css selector&quot;,&quot;selector&quot;:&quot;#MS016IN&quot;}&#10;  (Session info: chrome=126.0.6478.57)&#10;For documentation on this error, please visit: https://www.selenium.dev/documentation/webdriver/troubleshooting/errors#no-such-element-exception&#10;Build info: version: &apos;4.22.0&apos;, revision: &apos;c5f3146703*&apos;&#10;System info: os.name: &apos;Windows 10&apos;, os.arch: &apos;amd64&apos;, os.version: &apos;10.0&apos;, java.version: &apos;15.0.2&apos;&#10;Driver info: org.openqa.selenium.chrome.ChromeDriver&#10;Command: [971c169fec14a82e180753f181519258, findElement {value=MS016IN, using=id}]&#10;Capabilities {acceptInsecureCerts: false, browserName: chrome, browserVersion: 126.0.6478.57, chrome: {chromedriverVersion: 126.0.6478.126 (d36ace6122e..., userDataDir: C:\Users\KAJALS~1\AppData\L...}, fedcm:accounts: true, goog:chromeOptions: {debuggerAddress: localhost:65005}, networkConnectionEnabled: false, pageLoadStrategy: normal, platformName: windows, proxy: Proxy(), se:cdp: ws://localhost:65005/devtoo..., se:cdpVersion: 126.0.6478.57, setWindowRect: true, strictFileInteractability: false, timeouts: {implicit: 0, pageLoad: 300000, script: 30000}, unhandledPromptBehavior: dismiss and notify, webauthn:extension:credBlob: true, webauthn:extension:largeBlob: true, webauthn:extension:minPinLength: true, webauthn:extension:prf: true, webauthn:virtualAuthenticators: true}&#10;Session ID: 971c169fec14a82e180753f181519258" type="org.openqa.selenium.NoSuchElementException"><![CDATA[org.openqa.selenium.NoSuchElementException: 
no such element: Unable to locate element: {"method":"css selector","selector":"#MS016IN"}
  (Session info: chrome=126.0.6478.57)
For documentation on this error, please visit: https://www.selenium.dev/documentation/webdriver/troubleshooting/errors#no-such-element-exception
Build info: version: '4.22.0', revision: 'c5f3146703*'
System info: os.name: 'Windows 10', os.arch: 'amd64', os.version: '10.0', java.version: '15.0.2'
Driver info: org.openqa.selenium.chrome.ChromeDriver
Command: [971c169fec14a82e180753f181519258, findElement {value=MS016IN, using=id}]
Capabilities {acceptInsecureCerts: false, browserName: chrome, browserVersion: 126.0.6478.57, chrome: {chromedriverVersion: 126.0.6478.126 (d36ace6122e..., userDataDir: C:\Users\KAJALS~1\AppData\L...}, fedcm:accounts: true, goog:chromeOptions: {debuggerAddress: localhost:65005}, networkConnectionEnabled: false, pageLoadStrategy: normal, platformName: windows, proxy: Proxy(), se:cdp: ws://localhost:65005/devtoo..., se:cdpVersion: 126.0.6478.57, setWindowRect: true, strictFileInteractability: false, timeouts: {implicit: 0, pageLoad: 300000, script: 30000}, unhandledPromptBehavior: dismiss and notify, webauthn:extension:credBlob: true, webauthn:extension:largeBlob: true, webauthn:extension:minPinLength: true, webauthn:extension:prf: true, webauthn:virtualAuthenticators: true}
Session ID: 971c169fec14a82e180753f181519258
	at zapcg.Capillary.MemberLookupTestCases.memberLookup_Invalid_TestCases.verifyForEmptyCardNumberButtonIsDisabled(memberLookup_Invalid_TestCases.java:92)
]]></failure>
    <system-out><![CDATA[The name of the testcase failed is : verifyCardNumberFieldMaxLength
Test execution completed on ChromeDriver with device: iPhone 11 Pro Landscape
 Test case started: verifyForEmptyCardNumberButtonIsDisabled
]]></system-out>
  </testcase>
  <testcase name="verifyForEmptyCardNumberButtonIsDisabled" classname="zapcg.Capillary.MemberLookupTestCases.memberLookup_Invalid_TestCases" time="1.665">
    <system-out><![CDATA[The name of the testcase passed is : verifyCardNumberFieldMaxLength
Test execution completed on ChromeDriver with device: Galaxy S20 Portrait
 Test case started: verifyForEmptyCardNumberButtonIsDisabled
Search button is disabled when cardNumber or MemberId is empty: true
]]></system-out>
  </testcase>
  <testcase name="verifyForEmptyCardNumberButtonIsDisabled" classname="zapcg.Capillary.MemberLookupTestCases.memberLookup_Invalid_TestCases" time="1.367">
    <system-out><![CDATA[The name of the testcase passed is : verifyCardNumberFieldMaxLength
Test execution completed on ChromeDriver with device: Galaxy S20 Landscape
 Test case started: verifyForEmptyCardNumberButtonIsDisabled
Search button is disabled when cardNumber or MemberId is empty: true
]]></system-out>
  </testcase>
  <testcase name="verifyForEmptyCardNumberButtonIsDisabled" classname="zapcg.Capillary.MemberLookupTestCases.memberLookup_Invalid_TestCases" time="1.358">
    <system-out><![CDATA[The name of the testcase passed is : verifyCardNumberFieldMaxLength
Test execution completed on FirefoxDriver with device: Tablet Portrait
 Test case started: verifyForEmptyCardNumberButtonIsDisabled
Search button is disabled when cardNumber or MemberId is empty: true
]]></system-out>
  </testcase>
  <testcase name="verifyForEmptyCardNumberButtonIsDisabled" classname="zapcg.Capillary.MemberLookupTestCases.memberLookup_Invalid_TestCases" time="30.006">
    <failure message="Unable to locate element: #MS016IN&#10;For documentation on this error, please visit: https://www.selenium.dev/documentation/webdriver/troubleshooting/errors#no-such-element-exception&#10;Build info: version: &apos;4.22.0&apos;, revision: &apos;c5f3146703*&apos;&#10;System info: os.name: &apos;Windows 10&apos;, os.arch: &apos;amd64&apos;, os.version: &apos;10.0&apos;, java.version: &apos;15.0.2&apos;&#10;Driver info: org.openqa.selenium.firefox.FirefoxDriver&#10;Command: [368eeda2-c2f3-4c52-9680-1cbe6650efbe, findElement {value=MS016IN, using=id}]&#10;Capabilities {acceptInsecureCerts: true, browserName: firefox, browserVersion: 128.0, moz:accessibilityChecks: false, moz:buildID: 20240628091536, moz:debuggerAddress: 127.0.0.1:37002, moz:geckodriverVersion: 0.34.0, moz:headless: false, moz:platformVersion: 10.0, moz:processID: 56020, moz:profile: C:\Users\KAJALS~1\AppData\L..., moz:shutdownTimeout: 60000, moz:webdriverClick: true, moz:windowless: false, pageLoadStrategy: normal, platformName: windows, proxy: Proxy(), se:cdp: ws://127.0.0.1:37002/devtoo..., se:cdpVersion: 85.0, setWindowRect: true, strictFileInteractability: false, timeouts: {implicit: 0, pageLoad: 300000, script: 30000}, unhandledPromptBehavior: dismiss and notify, userAgent: Mozilla/5.0 (Windows NT 10....}&#10;Session ID: 368eeda2-c2f3-4c52-9680-1cbe6650efbe" type="org.openqa.selenium.NoSuchElementException"><![CDATA[org.openqa.selenium.NoSuchElementException: 
Unable to locate element: #MS016IN
For documentation on this error, please visit: https://www.selenium.dev/documentation/webdriver/troubleshooting/errors#no-such-element-exception
Build info: version: '4.22.0', revision: 'c5f3146703*'
System info: os.name: 'Windows 10', os.arch: 'amd64', os.version: '10.0', java.version: '15.0.2'
Driver info: org.openqa.selenium.firefox.FirefoxDriver
Command: [368eeda2-c2f3-4c52-9680-1cbe6650efbe, findElement {value=MS016IN, using=id}]
Capabilities {acceptInsecureCerts: true, browserName: firefox, browserVersion: 128.0, moz:accessibilityChecks: false, moz:buildID: 20240628091536, moz:debuggerAddress: 127.0.0.1:37002, moz:geckodriverVersion: 0.34.0, moz:headless: false, moz:platformVersion: 10.0, moz:processID: 56020, moz:profile: C:\Users\KAJALS~1\AppData\L..., moz:shutdownTimeout: 60000, moz:webdriverClick: true, moz:windowless: false, pageLoadStrategy: normal, platformName: windows, proxy: Proxy(), se:cdp: ws://127.0.0.1:37002/devtoo..., se:cdpVersion: 85.0, setWindowRect: true, strictFileInteractability: false, timeouts: {implicit: 0, pageLoad: 300000, script: 30000}, unhandledPromptBehavior: dismiss and notify, userAgent: Mozilla/5.0 (Windows NT 10....}
Session ID: 368eeda2-c2f3-4c52-9680-1cbe6650efbe
	at zapcg.Capillary.MemberLookupTestCases.memberLookup_Invalid_TestCases.verifyForEmptyCardNumberButtonIsDisabled(memberLookup_Invalid_TestCases.java:92)
]]></failure>
    <system-out><![CDATA[The name of the testcase failed is : verifyCardNumberFieldMaxLength
Test execution completed on FirefoxDriver with device: Tablet Landscape
 Test case started: verifyForEmptyCardNumberButtonIsDisabled
]]></system-out>
  </testcase>
  <testcase name="verifyForEmptyCardNumberButtonIsDisabled" classname="zapcg.Capillary.MemberLookupTestCases.memberLookup_Invalid_TestCases" time="30.009">
    <failure message="Unable to locate element: #MS016IN&#10;For documentation on this error, please visit: https://www.selenium.dev/documentation/webdriver/troubleshooting/errors#no-such-element-exception&#10;Build info: version: &apos;4.22.0&apos;, revision: &apos;c5f3146703*&apos;&#10;System info: os.name: &apos;Windows 10&apos;, os.arch: &apos;amd64&apos;, os.version: &apos;10.0&apos;, java.version: &apos;15.0.2&apos;&#10;Driver info: org.openqa.selenium.firefox.FirefoxDriver&#10;Command: [b5da99d0-8202-44f2-b4c1-5a914d74224d, findElement {value=MS016IN, using=id}]&#10;Capabilities {acceptInsecureCerts: true, browserName: firefox, browserVersion: 128.0, moz:accessibilityChecks: false, moz:buildID: 20240628091536, moz:debuggerAddress: 127.0.0.1:13344, moz:geckodriverVersion: 0.34.0, moz:headless: false, moz:platformVersion: 10.0, moz:processID: 11868, moz:profile: C:\Users\KAJALS~1\AppData\L..., moz:shutdownTimeout: 60000, moz:webdriverClick: true, moz:windowless: false, pageLoadStrategy: normal, platformName: windows, proxy: Proxy(), se:cdp: ws://127.0.0.1:13344/devtoo..., se:cdpVersion: 85.0, setWindowRect: true, strictFileInteractability: false, timeouts: {implicit: 0, pageLoad: 300000, script: 30000}, unhandledPromptBehavior: dismiss and notify, userAgent: Mozilla/5.0 (Windows NT 10....}&#10;Session ID: b5da99d0-8202-44f2-b4c1-5a914d74224d" type="org.openqa.selenium.NoSuchElementException"><![CDATA[org.openqa.selenium.NoSuchElementException: 
Unable to locate element: #MS016IN
For documentation on this error, please visit: https://www.selenium.dev/documentation/webdriver/troubleshooting/errors#no-such-element-exception
Build info: version: '4.22.0', revision: 'c5f3146703*'
System info: os.name: 'Windows 10', os.arch: 'amd64', os.version: '10.0', java.version: '15.0.2'
Driver info: org.openqa.selenium.firefox.FirefoxDriver
Command: [b5da99d0-8202-44f2-b4c1-5a914d74224d, findElement {value=MS016IN, using=id}]
Capabilities {acceptInsecureCerts: true, browserName: firefox, browserVersion: 128.0, moz:accessibilityChecks: false, moz:buildID: 20240628091536, moz:debuggerAddress: 127.0.0.1:13344, moz:geckodriverVersion: 0.34.0, moz:headless: false, moz:platformVersion: 10.0, moz:processID: 11868, moz:profile: C:\Users\KAJALS~1\AppData\L..., moz:shutdownTimeout: 60000, moz:webdriverClick: true, moz:windowless: false, pageLoadStrategy: normal, platformName: windows, proxy: Proxy(), se:cdp: ws://127.0.0.1:13344/devtoo..., se:cdpVersion: 85.0, setWindowRect: true, strictFileInteractability: false, timeouts: {implicit: 0, pageLoad: 300000, script: 30000}, unhandledPromptBehavior: dismiss and notify, userAgent: Mozilla/5.0 (Windows NT 10....}
Session ID: b5da99d0-8202-44f2-b4c1-5a914d74224d
	at zapcg.Capillary.MemberLookupTestCases.memberLookup_Invalid_TestCases.verifyForEmptyCardNumberButtonIsDisabled(memberLookup_Invalid_TestCases.java:92)
]]></failure>
    <system-out><![CDATA[The name of the testcase failed is : verifyCardNumberFieldMaxLength
Test execution completed on FirefoxDriver with device: iPhone 11 Pro Portrait
 Test case started: verifyForEmptyCardNumberButtonIsDisabled
]]></system-out>
  </testcase>
  <testcase name="verifyForEmptyCardNumberButtonIsDisabled" classname="zapcg.Capillary.MemberLookupTestCases.memberLookup_Invalid_TestCases" time="30.008">
    <failure message="Unable to locate element: #MS016IN&#10;For documentation on this error, please visit: https://www.selenium.dev/documentation/webdriver/troubleshooting/errors#no-such-element-exception&#10;Build info: version: &apos;4.22.0&apos;, revision: &apos;c5f3146703*&apos;&#10;System info: os.name: &apos;Windows 10&apos;, os.arch: &apos;amd64&apos;, os.version: &apos;10.0&apos;, java.version: &apos;15.0.2&apos;&#10;Driver info: org.openqa.selenium.firefox.FirefoxDriver&#10;Command: [879a191d-47b7-4c63-9572-836858d12b1c, findElement {value=MS016IN, using=id}]&#10;Capabilities {acceptInsecureCerts: true, browserName: firefox, browserVersion: 128.0, moz:accessibilityChecks: false, moz:buildID: 20240628091536, moz:debuggerAddress: 127.0.0.1:15177, moz:geckodriverVersion: 0.34.0, moz:headless: false, moz:platformVersion: 10.0, moz:processID: 61292, moz:profile: C:\Users\KAJALS~1\AppData\L..., moz:shutdownTimeout: 60000, moz:webdriverClick: true, moz:windowless: false, pageLoadStrategy: normal, platformName: windows, proxy: Proxy(), se:cdp: ws://127.0.0.1:15177/devtoo..., se:cdpVersion: 85.0, setWindowRect: true, strictFileInteractability: false, timeouts: {implicit: 0, pageLoad: 300000, script: 30000}, unhandledPromptBehavior: dismiss and notify, userAgent: Mozilla/5.0 (Windows NT 10....}&#10;Session ID: 879a191d-47b7-4c63-9572-836858d12b1c" type="org.openqa.selenium.NoSuchElementException"><![CDATA[org.openqa.selenium.NoSuchElementException: 
Unable to locate element: #MS016IN
For documentation on this error, please visit: https://www.selenium.dev/documentation/webdriver/troubleshooting/errors#no-such-element-exception
Build info: version: '4.22.0', revision: 'c5f3146703*'
System info: os.name: 'Windows 10', os.arch: 'amd64', os.version: '10.0', java.version: '15.0.2'
Driver info: org.openqa.selenium.firefox.FirefoxDriver
Command: [879a191d-47b7-4c63-9572-836858d12b1c, findElement {value=MS016IN, using=id}]
Capabilities {acceptInsecureCerts: true, browserName: firefox, browserVersion: 128.0, moz:accessibilityChecks: false, moz:buildID: 20240628091536, moz:debuggerAddress: 127.0.0.1:15177, moz:geckodriverVersion: 0.34.0, moz:headless: false, moz:platformVersion: 10.0, moz:processID: 61292, moz:profile: C:\Users\KAJALS~1\AppData\L..., moz:shutdownTimeout: 60000, moz:webdriverClick: true, moz:windowless: false, pageLoadStrategy: normal, platformName: windows, proxy: Proxy(), se:cdp: ws://127.0.0.1:15177/devtoo..., se:cdpVersion: 85.0, setWindowRect: true, strictFileInteractability: false, timeouts: {implicit: 0, pageLoad: 300000, script: 30000}, unhandledPromptBehavior: dismiss and notify, userAgent: Mozilla/5.0 (Windows NT 10....}
Session ID: 879a191d-47b7-4c63-9572-836858d12b1c
	at zapcg.Capillary.MemberLookupTestCases.memberLookup_Invalid_TestCases.verifyForEmptyCardNumberButtonIsDisabled(memberLookup_Invalid_TestCases.java:92)
]]></failure>
    <system-out><![CDATA[The name of the testcase failed is : verifyCardNumberFieldMaxLength
Test execution completed on FirefoxDriver with device: iPhone 11 Pro Landscape
 Test case started: verifyForEmptyCardNumberButtonIsDisabled
]]></system-out>
  </testcase>
  <testcase name="verifyForEmptyCardNumberButtonIsDisabled" classname="zapcg.Capillary.MemberLookupTestCases.memberLookup_Invalid_TestCases" time="30.022">
    <failure message="Unable to locate element: #MS016IN&#10;For documentation on this error, please visit: https://www.selenium.dev/documentation/webdriver/troubleshooting/errors#no-such-element-exception&#10;Build info: version: &apos;4.22.0&apos;, revision: &apos;c5f3146703*&apos;&#10;System info: os.name: &apos;Windows 10&apos;, os.arch: &apos;amd64&apos;, os.version: &apos;10.0&apos;, java.version: &apos;15.0.2&apos;&#10;Driver info: org.openqa.selenium.firefox.FirefoxDriver&#10;Command: [2e182af8-a0b3-4ea9-9a26-f329072a985e, findElement {value=MS016IN, using=id}]&#10;Capabilities {acceptInsecureCerts: true, browserName: firefox, browserVersion: 128.0, moz:accessibilityChecks: false, moz:buildID: 20240628091536, moz:debuggerAddress: 127.0.0.1:8498, moz:geckodriverVersion: 0.34.0, moz:headless: false, moz:platformVersion: 10.0, moz:processID: 58988, moz:profile: C:\Users\KAJALS~1\AppData\L..., moz:shutdownTimeout: 60000, moz:webdriverClick: true, moz:windowless: false, pageLoadStrategy: normal, platformName: windows, proxy: Proxy(), se:cdp: ws://127.0.0.1:8498/devtool..., se:cdpVersion: 85.0, setWindowRect: true, strictFileInteractability: false, timeouts: {implicit: 0, pageLoad: 300000, script: 30000}, unhandledPromptBehavior: dismiss and notify, userAgent: Mozilla/5.0 (Windows NT 10....}&#10;Session ID: 2e182af8-a0b3-4ea9-9a26-f329072a985e" type="org.openqa.selenium.NoSuchElementException"><![CDATA[org.openqa.selenium.NoSuchElementException: 
Unable to locate element: #MS016IN
For documentation on this error, please visit: https://www.selenium.dev/documentation/webdriver/troubleshooting/errors#no-such-element-exception
Build info: version: '4.22.0', revision: 'c5f3146703*'
System info: os.name: 'Windows 10', os.arch: 'amd64', os.version: '10.0', java.version: '15.0.2'
Driver info: org.openqa.selenium.firefox.FirefoxDriver
Command: [2e182af8-a0b3-4ea9-9a26-f329072a985e, findElement {value=MS016IN, using=id}]
Capabilities {acceptInsecureCerts: true, browserName: firefox, browserVersion: 128.0, moz:accessibilityChecks: false, moz:buildID: 20240628091536, moz:debuggerAddress: 127.0.0.1:8498, moz:geckodriverVersion: 0.34.0, moz:headless: false, moz:platformVersion: 10.0, moz:processID: 58988, moz:profile: C:\Users\KAJALS~1\AppData\L..., moz:shutdownTimeout: 60000, moz:webdriverClick: true, moz:windowless: false, pageLoadStrategy: normal, platformName: windows, proxy: Proxy(), se:cdp: ws://127.0.0.1:8498/devtool..., se:cdpVersion: 85.0, setWindowRect: true, strictFileInteractability: false, timeouts: {implicit: 0, pageLoad: 300000, script: 30000}, unhandledPromptBehavior: dismiss and notify, userAgent: Mozilla/5.0 (Windows NT 10....}
Session ID: 2e182af8-a0b3-4ea9-9a26-f329072a985e
	at zapcg.Capillary.MemberLookupTestCases.memberLookup_Invalid_TestCases.verifyForEmptyCardNumberButtonIsDisabled(memberLookup_Invalid_TestCases.java:92)
]]></failure>
    <system-out><![CDATA[The name of the testcase failed is : verifyCardNumberFieldMaxLength
Test execution completed on FirefoxDriver with device: Galaxy S20 Portrait
 Test case started: verifyForEmptyCardNumberButtonIsDisabled
]]></system-out>
  </testcase>
  <testcase name="verifyForEmptyCardNumberButtonIsDisabled" classname="zapcg.Capillary.MemberLookupTestCases.memberLookup_Invalid_TestCases" time="30.015">
    <failure message="Unable to locate element: #MS016IN&#10;For documentation on this error, please visit: https://www.selenium.dev/documentation/webdriver/troubleshooting/errors#no-such-element-exception&#10;Build info: version: &apos;4.22.0&apos;, revision: &apos;c5f3146703*&apos;&#10;System info: os.name: &apos;Windows 10&apos;, os.arch: &apos;amd64&apos;, os.version: &apos;10.0&apos;, java.version: &apos;15.0.2&apos;&#10;Driver info: org.openqa.selenium.firefox.FirefoxDriver&#10;Command: [04f569d1-4ae4-4520-bc75-3140304055af, findElement {value=MS016IN, using=id}]&#10;Capabilities {acceptInsecureCerts: true, browserName: firefox, browserVersion: 128.0, moz:accessibilityChecks: false, moz:buildID: 20240628091536, moz:debuggerAddress: 127.0.0.1:46299, moz:geckodriverVersion: 0.34.0, moz:headless: false, moz:platformVersion: 10.0, moz:processID: 18756, moz:profile: C:\Users\KAJALS~1\AppData\L..., moz:shutdownTimeout: 60000, moz:webdriverClick: true, moz:windowless: false, pageLoadStrategy: normal, platformName: windows, proxy: Proxy(), se:cdp: ws://127.0.0.1:46299/devtoo..., se:cdpVersion: 85.0, setWindowRect: true, strictFileInteractability: false, timeouts: {implicit: 0, pageLoad: 300000, script: 30000}, unhandledPromptBehavior: dismiss and notify, userAgent: Mozilla/5.0 (Windows NT 10....}&#10;Session ID: 04f569d1-4ae4-4520-bc75-3140304055af" type="org.openqa.selenium.NoSuchElementException"><![CDATA[org.openqa.selenium.NoSuchElementException: 
Unable to locate element: #MS016IN
For documentation on this error, please visit: https://www.selenium.dev/documentation/webdriver/troubleshooting/errors#no-such-element-exception
Build info: version: '4.22.0', revision: 'c5f3146703*'
System info: os.name: 'Windows 10', os.arch: 'amd64', os.version: '10.0', java.version: '15.0.2'
Driver info: org.openqa.selenium.firefox.FirefoxDriver
Command: [04f569d1-4ae4-4520-bc75-3140304055af, findElement {value=MS016IN, using=id}]
Capabilities {acceptInsecureCerts: true, browserName: firefox, browserVersion: 128.0, moz:accessibilityChecks: false, moz:buildID: 20240628091536, moz:debuggerAddress: 127.0.0.1:46299, moz:geckodriverVersion: 0.34.0, moz:headless: false, moz:platformVersion: 10.0, moz:processID: 18756, moz:profile: C:\Users\KAJALS~1\AppData\L..., moz:shutdownTimeout: 60000, moz:webdriverClick: true, moz:windowless: false, pageLoadStrategy: normal, platformName: windows, proxy: Proxy(), se:cdp: ws://127.0.0.1:46299/devtoo..., se:cdpVersion: 85.0, setWindowRect: true, strictFileInteractability: false, timeouts: {implicit: 0, pageLoad: 300000, script: 30000}, unhandledPromptBehavior: dismiss and notify, userAgent: Mozilla/5.0 (Windows NT 10....}
Session ID: 04f569d1-4ae4-4520-bc75-3140304055af
	at zapcg.Capillary.MemberLookupTestCases.memberLookup_Invalid_TestCases.verifyForEmptyCardNumberButtonIsDisabled(memberLookup_Invalid_TestCases.java:92)
]]></failure>
    <system-out><![CDATA[The name of the testcase failed is : verifyCardNumberFieldMaxLength
Test execution completed on FirefoxDriver with device: Galaxy S20 Landscape
 Test case started: verifyForEmptyCardNumberButtonIsDisabled
]]></system-out>
  </testcase>
</testsuite>