<?xml version="1.0" encoding="UTF-8"?>
<testsuite xmlns:xsi="http://www.w3.org/2001/XMLSchema-instance" xsi:schemaLocation="https://maven.apache.org/surefire/maven-surefire-plugin/xsd/surefire-test-report.xsd" name="TestSuite" time="591.622" tests="108" errors="0" skipped="0" failures="2">
  <properties>
    <property name="java.runtime.name" value="Java(TM) SE Runtime Environment"/>
    <property name="java.vm.version" value="17.0.10+11-LTS-240"/>
    <property name="sun.boot.library.path" value="C:\Program Files\Java\jdk-17\bin"/>
    <property name="maven.multiModuleProjectDirectory" value="C:/Users/ManiChandana/Fortress-Repos/github-actions/automation-testing"/>
    <property name="java.vm.vendor" value="Oracle Corporation"/>
    <property name="java.vendor.url" value="https://java.oracle.com/"/>
    <property name="guice.disable.misplaced.annotation.check" value="true"/>
    <property name="path.separator" value=";"/>
    <property name="java.vm.name" value="Java HotSpot(TM) 64-Bit Server VM"/>
    <property name="sun.os.patch.level" value=""/>
    <property name="user.script" value=""/>
    <property name="user.country" value="IN"/>
    <property name="sun.java.launcher" value="SUN_STANDARD"/>
    <property name="java.vm.specification.name" value="Java Virtual Machine Specification"/>
    <property name="user.dir" value="C:\Users\ManiChandana\Fortress-Repos\github-actions\automation-testing"/>
    <property name="java.vm.compressedOopsMode" value="Zero based"/>
    <property name="java.runtime.version" value="17.0.10+11-LTS-240"/>
    <property name="os.arch" value="amd64"/>
    <property name="java.io.tmpdir" value="C:\Users\MANICH~1\AppData\Local\Temp\"/>
    <property name="line.separator" value="&#10;"/>
    <property name="java.vm.specification.vendor" value="Oracle Corporation"/>
    <property name="user.variant" value=""/>
    <property name="os.name" value="Windows 11"/>
    <property name="classworlds.conf" value="C:/apache-maven-3.9.8/bin/m2.conf"/>
    <property name="sun.jnu.encoding" value="Cp1252"/>
    <property name="java.library.path" value="C:\Program Files\Java\jdk-17\bin;C:\Windows\Sun\Java\bin;C:\Windows\system32;C:\Windows;C:\Users\ManiChandana\bin;C:\Program Files\Git\mingw64\bin;C:\Program Files\Git\usr\local\bin;C:\Program Files\Git\usr\bin;C:\Program Files\Git\usr\bin;C:\Program Files\Git\mingw64\bin;C:\Program Files\Git\usr\bin;C:\Users\ManiChandana\bin;C:\Program Files\Common Files\Oracle\Java\javapath;C:\Windows\system32;C:\Windows;C:\Windows\System32\Wbem;C:\Windows\System32\WindowsPowerShell\v1.0;C:\Windows\System32\OpenSSH;C:\Program Files\Git\cmd;C:\Program Files\Amazon\AWSCLIV2;C:\Program Files\nodejs;C:\ProgramData\chocolatey\bin;C:\Program Files\Java\jdk-17\bin;C:\Program Files\Docker\Docker\resources\bin;C:\Users\ManiChandana\Downloads\apache-maven-3.9.8\bin;C:\apache-maven-3.9.8\bin;C:\Users\ManiChandana\scoop\apps\openssl\current\bin;C:\Users\ManiChandana\AppData\Local\Programs\Python\Python312\Scripts;C:\Users\ManiChandana\AppData\Local\Programs\Python\Python312;C:\Users\ManiChandana\scoop\apps\gsudo\current;C:\Users\ManiChandana\scoop\shims;C:\Users\ManiChandana\AppData\Local\Microsoft\WindowsApps;C:\Users\ManiChandana\AppData\Local\Programs\Microsoft VS Code\bin;C:\Users\ManiChandana\AppData\Roaming\npm;C:\Program Files\Git\usr\bin\vendor_perl;C:\Program Files\Git\usr\bin\core_perl;C:\Users\ManiChandana\bin;."/>
    <property name="maven.conf" value="C:/apache-maven-3.9.8/conf"/>
    <property name="jdk.debug" value="release"/>
    <property name="java.class.version" value="61.0"/>
    <property name="java.specification.name" value="Java Platform API Specification"/>
    <property name="sun.management.compiler" value="HotSpot 64-Bit Tiered Compilers"/>
    <property name="os.version" value="10.0"/>
    <property name="library.jansi.path" value="C:/apache-maven-3.9.8/lib/jansi-native"/>
    <property name="user.home" value="C:\Users\ManiChandana"/>
    <property name="user.timezone" value="Asia/Calcutta"/>
    <property name="file.encoding" value="Cp1252"/>
    <property name="java.specification.version" value="17"/>
    <property name="user.name" value="ManiChandana"/>
    <property name="java.class.path" value="C:/apache-maven-3.9.8/boot/plexus-classworlds-2.8.0.jar"/>
    <property name="java.vm.specification.version" value="17"/>
    <property name="sun.arch.data.model" value="64"/>
    <property name="sun.java.command" value="org.codehaus.plexus.classworlds.launcher.Launcher install"/>
    <property name="java.home" value="C:\Program Files\Java\jdk-17"/>
    <property name="user.language" value="en"/>
    <property name="java.specification.vendor" value="Oracle Corporation"/>
    <property name="java.vm.info" value="mixed mode, sharing"/>
    <property name="java.version" value="17.0.10"/>
    <property name="native.encoding" value="Cp1252"/>
    <property name="java.vendor" value="Oracle Corporation"/>
    <property name="sun.stderr.encoding" value="cp437"/>
    <property name="maven.home" value="C:\apache-maven-3.9.8"/>
    <property name="file.separator" value="\"/>
    <property name="java.version.date" value="2024-01-16"/>
    <property name="java.vendor.url.bug" value="https://bugreport.java.com/bugreport/"/>
    <property name="sun.io.unicode.encoding" value="UnicodeLittle"/>
    <property name="sun.cpu.endian" value="little"/>
    <property name="sun.stdout.encoding" value="cp437"/>
    <property name="sun.cpu.isalist" value="amd64"/>
  </properties>
  <testcase name="chooseValidLocationForNewUser" classname="zapcg.Capillary.LocationPageTestCases.Location_ExistingUser_TestCases" time="5.162"/>
  <testcase name="chooseValidLocationForNewUser" classname="zapcg.Capillary.LocationPageTestCases.Location_ExistingUser_TestCases" time="1.929"/>
  <testcase name="chooseValidLocationForNewUser" classname="zapcg.Capillary.LocationPageTestCases.Location_ExistingUser_TestCases" time="1.358"/>
  <testcase name="chooseValidLocationForNewUser" classname="zapcg.Capillary.LocationPageTestCases.Location_ExistingUser_TestCases" time="1.891"/>
  <testcase name="chooseValidLocationForNewUser" classname="zapcg.Capillary.LocationPageTestCases.Location_ExistingUser_TestCases" time="1.873"/>
  <testcase name="chooseValidLocationForNewUser" classname="zapcg.Capillary.LocationPageTestCases.Location_ExistingUser_TestCases" time="1.918"/>
  <testcase name="testValidLogin_TestCase1" classname="zapcg.Capillary.LoginTestCases.Login_Valid_TestCases" time="2.416"/>
  <testcase name="testValidLogin_TestCase1" classname="zapcg.Capillary.LoginTestCases.Login_Valid_TestCases" time="2.414"/>
  <testcase name="testValidLogin_TestCase1" classname="zapcg.Capillary.LoginTestCases.Login_Valid_TestCases" time="2.386"/>
  <testcase name="testValidLogin_TestCase1" classname="zapcg.Capillary.LoginTestCases.Login_Valid_TestCases" time="2.554"/>
  <testcase name="testValidLogin_TestCase1" classname="zapcg.Capillary.LoginTestCases.Login_Valid_TestCases" time="2.923"/>
  <testcase name="testValidLogin_TestCase1" classname="zapcg.Capillary.LoginTestCases.Login_Valid_TestCases" time="2.565"/>
  <testcase name="testInvalidUsername_TestCase2" classname="zapcg.Capillary.LoginTestCases.Login_Invalid_TestCases" time="2.197"/>
  <testcase name="testInvalidUsername_TestCase2" classname="zapcg.Capillary.LoginTestCases.Login_Invalid_TestCases" time="2.269"/>
  <testcase name="testInvalidUsername_TestCase2" classname="zapcg.Capillary.LoginTestCases.Login_Invalid_TestCases" time="2.421"/>
  <testcase name="testInvalidUsername_TestCase2" classname="zapcg.Capillary.LoginTestCases.Login_Invalid_TestCases" time="2.212"/>
  <testcase name="testInvalidUsername_TestCase2" classname="zapcg.Capillary.LoginTestCases.Login_Invalid_TestCases" time="2.247"/>
  <testcase name="testInvalidUsername_TestCase2" classname="zapcg.Capillary.LoginTestCases.Login_Invalid_TestCases" time="60.344">
    <failure message="Expected condition failed: waiting for visibility of Proxy element for: DefaultElementLocator &apos;By.xpath: //h6[contains(text(),&apos;Invalid username or password. Try again.&apos;)]&apos; (tried for 30 second(s) with 500 milliseconds interval)" type="org.openqa.selenium.TimeoutException">org.openqa.selenium.TimeoutException: Expected condition failed: waiting for visibility of Proxy element for: DefaultElementLocator 'By.xpath: //h6[contains(text(),'Invalid username or password. Try again.')]' (tried for 30 second(s) with 500 milliseconds interval)
	at zapcg.Capillary.LoginTestCases.Login_Invalid_TestCases.testInvalidUsername_TestCase2(Login_Invalid_TestCases.java:36)
Caused by: org.openqa.selenium.NoSuchElementException: 
no such element: Unable to locate element: {"method":"xpath","selector":"//h6[contains(text(),'Invalid username or password. Try again.')]"}
  (Session info: chrome=126.0.6478.62)
For documentation on this error, please visit: https://www.selenium.dev/documentation/webdriver/troubleshooting/errors#no-such-element-exception
Build info: version: '4.21.0', revision: '79ed462ef4'
System info: os.name: 'Windows 11', os.arch: 'amd64', os.version: '10.0', java.version: '17.0.10'
Driver info: org.openqa.selenium.chrome.ChromeDriver
Command: [f6237a7337dd5048b0a40cf1ffc2ae13, findElement {value=//h6[contains(text(),'Invalid username or password. Try again.')], using=xpath}]
Capabilities {acceptInsecureCerts: false, browserName: chrome, browserVersion: 126.0.6478.62, chrome: {chromedriverVersion: 126.0.6478.63 (df799988fdc9..., userDataDir: C:\Users\MANICH~1\AppData\L...}, fedcm:accounts: true, goog:chromeOptions: {debuggerAddress: localhost:65109}, networkConnectionEnabled: false, pageLoadStrategy: normal, platformName: windows, proxy: Proxy(), se:cdp: ws://localhost:65109/devtoo..., se:cdpVersion: 126.0.6478.62, setWindowRect: true, strictFileInteractability: false, timeouts: {implicit: 0, pageLoad: 300000, script: 30000}, unhandledPromptBehavior: dismiss and notify, webauthn:extension:credBlob: true, webauthn:extension:largeBlob: true, webauthn:extension:minPinLength: true, webauthn:extension:prf: true, webauthn:virtualAuthenticators: true}
Session ID: f6237a7337dd5048b0a40cf1ffc2ae13
	at zapcg.Capillary.LoginTestCases.Login_Invalid_TestCases.testInvalidUsername_TestCase2(Login_Invalid_TestCases.java:36)
</failure>
    <system-out><![CDATA[Test execution completed on ChromeDriver with device: Galaxy S20 Landscape
Test Started: testInvalidUsername_TestCase2
]]></system-out>
    <system-err><![CDATA[Jun 24, 2024 3:01:10 PM org.openqa.selenium.devtools.CdpVersionFinder findNearestMatch
WARNING: Unable to find an exact match for CDP version 126, returning the closest version; found: 125; Please update to a Selenium version that supports CDP version 126
]]></system-err>
  </testcase>
  <testcase name="verifyDropDownAvailability" classname="zapcg.Capillary.LocationPageTestCases.Location_ExistingUser_TestCases" time="0.061"/>
  <testcase name="verifyDropDownAvailability" classname="zapcg.Capillary.LocationPageTestCases.Location_ExistingUser_TestCases" time="0.048"/>
  <testcase name="verifyDropDownAvailability" classname="zapcg.Capillary.LocationPageTestCases.Location_ExistingUser_TestCases" time="0.056"/>
  <testcase name="verifyDropDownAvailability" classname="zapcg.Capillary.LocationPageTestCases.Location_ExistingUser_TestCases" time="0.051"/>
  <testcase name="verifyDropDownAvailability" classname="zapcg.Capillary.LocationPageTestCases.Location_ExistingUser_TestCases" time="0.064"/>
  <testcase name="verifyDropDownAvailability" classname="zapcg.Capillary.LocationPageTestCases.Location_ExistingUser_TestCases" time="0.051"/>
  <testcase name="testInvalidPassword_TestCase3" classname="zapcg.Capillary.LoginTestCases.Login_Invalid_TestCases" time="2.152"/>
  <testcase name="testInvalidPassword_TestCase3" classname="zapcg.Capillary.LoginTestCases.Login_Invalid_TestCases" time="2.17"/>
  <testcase name="testInvalidPassword_TestCase3" classname="zapcg.Capillary.LoginTestCases.Login_Invalid_TestCases" time="2.05"/>
  <testcase name="testInvalidPassword_TestCase3" classname="zapcg.Capillary.LoginTestCases.Login_Invalid_TestCases" time="1.606"/>
  <testcase name="testInvalidPassword_TestCase3" classname="zapcg.Capillary.LoginTestCases.Login_Invalid_TestCases" time="1.655"/>
  <testcase name="testInvalidPassword_TestCase3" classname="zapcg.Capillary.LoginTestCases.Login_Invalid_TestCases" time="2.1"/>
  <testcase name="verifyIfAbleToSelectOptionFromDropDown" classname="zapcg.Capillary.LocationPageTestCases.Location_ExistingUser_TestCases" time="0.195"/>
  <testcase name="verifyIfAbleToSelectOptionFromDropDown" classname="zapcg.Capillary.LocationPageTestCases.Location_ExistingUser_TestCases" time="0.168"/>
  <testcase name="verifyIfAbleToSelectOptionFromDropDown" classname="zapcg.Capillary.LocationPageTestCases.Location_ExistingUser_TestCases" time="0.225"/>
  <testcase name="verifyIfAbleToSelectOptionFromDropDown" classname="zapcg.Capillary.LocationPageTestCases.Location_ExistingUser_TestCases" time="0.176"/>
  <testcase name="verifyIfAbleToSelectOptionFromDropDown" classname="zapcg.Capillary.LocationPageTestCases.Location_ExistingUser_TestCases" time="0.182"/>
  <testcase name="verifyIfAbleToSelectOptionFromDropDown" classname="zapcg.Capillary.LocationPageTestCases.Location_ExistingUser_TestCases" time="0.167"/>
  <testcase name="testTooLongUsername_TestCase4" classname="zapcg.Capillary.LoginTestCases.Login_Invalid_TestCases" time="0.397"/>
  <testcase name="testTooLongUsername_TestCase4" classname="zapcg.Capillary.LoginTestCases.Login_Invalid_TestCases" time="0.463"/>
  <testcase name="testTooLongUsername_TestCase4" classname="zapcg.Capillary.LoginTestCases.Login_Invalid_TestCases" time="0.484"/>
  <testcase name="testTooLongUsername_TestCase4" classname="zapcg.Capillary.LoginTestCases.Login_Invalid_TestCases" time="0.394"/>
  <testcase name="testTooLongUsername_TestCase4" classname="zapcg.Capillary.LoginTestCases.Login_Invalid_TestCases" time="0.39"/>
  <testcase name="testTooLongUsername_TestCase4" classname="zapcg.Capillary.LoginTestCases.Login_Invalid_TestCases" time="0.392"/>
  <testcase name="verifyChooseLocationButtonAvailability" classname="zapcg.Capillary.LocationPageTestCases.Location_ExistingUser_TestCases" time="2.26"/>
  <testcase name="verifyChooseLocationButtonAvailability" classname="zapcg.Capillary.LocationPageTestCases.Location_ExistingUser_TestCases" time="1.695"/>
  <testcase name="verifyChooseLocationButtonAvailability" classname="zapcg.Capillary.LocationPageTestCases.Location_ExistingUser_TestCases" time="2.231"/>
  <testcase name="verifyChooseLocationButtonAvailability" classname="zapcg.Capillary.LocationPageTestCases.Location_ExistingUser_TestCases" time="2.226"/>
  <testcase name="verifyChooseLocationButtonAvailability" classname="zapcg.Capillary.LocationPageTestCases.Location_ExistingUser_TestCases" time="2.222"/>
  <testcase name="verifyChooseLocationButtonAvailability" classname="zapcg.Capillary.LocationPageTestCases.Location_ExistingUser_TestCases" time="2.234"/>
  <testcase name="testMinLengthPassword_TestCase5" classname="zapcg.Capillary.LoginTestCases.Login_Invalid_TestCases" time="0.289"/>
  <testcase name="testMinLengthPassword_TestCase5" classname="zapcg.Capillary.LoginTestCases.Login_Invalid_TestCases" time="0.32"/>
  <testcase name="testMinLengthPassword_TestCase5" classname="zapcg.Capillary.LoginTestCases.Login_Invalid_TestCases" time="0.295"/>
  <testcase name="testMinLengthPassword_TestCase5" classname="zapcg.Capillary.LoginTestCases.Login_Invalid_TestCases" time="0.296"/>
  <testcase name="testMinLengthPassword_TestCase5" classname="zapcg.Capillary.LoginTestCases.Login_Invalid_TestCases" time="0.288"/>
  <testcase name="testMinLengthPassword_TestCase5" classname="zapcg.Capillary.LoginTestCases.Login_Invalid_TestCases" time="0.28"/>
  <testcase name="verifyHeaderOfMemberLookupScreen" classname="zapcg.Capillary.LocationPageTestCases.Location_ExistingUser_TestCases" time="2.048"/>
  <testcase name="verifyHeaderOfMemberLookupScreen" classname="zapcg.Capillary.LocationPageTestCases.Location_ExistingUser_TestCases" time="2.068"/>
  <testcase name="verifyHeaderOfMemberLookupScreen" classname="zapcg.Capillary.LocationPageTestCases.Location_ExistingUser_TestCases" time="1.928"/>
  <testcase name="verifyHeaderOfMemberLookupScreen" classname="zapcg.Capillary.LocationPageTestCases.Location_ExistingUser_TestCases" time="3.083">
    <failure message="An error occurred while verifying the dropdown selections: element click intercepted: Element &lt;button class=&quot;MuiButtonBase-root MuiButton-root MuiButton-contained MuiButton-containedPrimary MuiButton-sizeMedium MuiButton-containedSizeMedium MuiButton-colorPrimary MuiButton-root MuiButton-contained MuiButton-containedPrimary MuiButton-sizeMedium MuiButton-containedSizeMedium MuiButton-colorPrimary css-y7km40&quot; tabindex=&quot;0&quot; type=&quot;button&quot; data-testid=&quot;LS014B&quot; id=&quot;LS014B&quot;&gt;...&lt;/button&gt; is not clickable at point (389, 208). Other element would receive the click: &lt;li tabindex=&quot;-1&quot; role=&quot;option&quot; id=&quot;LS013OP1&quot; data-option-index=&quot;1&quot; aria-disabled=&quot;false&quot; aria-selected=&quot;false&quot; class=&quot;MuiAutocomplete-option&quot; data-testid=&quot;LS013OP1&quot;&gt;...&lt;/li&gt;&#10;  (Session info: chrome=126.0.6478.62)&#10;Build info: version: &apos;4.21.0&apos;, revision: &apos;79ed462ef4&apos;&#10;System info: os.name: &apos;Windows 11&apos;, os.arch: &apos;amd64&apos;, os.version: &apos;10.0&apos;, java.version: &apos;17.0.10&apos;&#10;Driver info: org.openqa.selenium.chrome.ChromeDriver&#10;Command: [82166e17e2e367743cb24d748b29bcf3, clickElement {id=f.E8EE5E941BBA549FF643A026E18D726F.d.D99AA243C05E8DA9D7044BC4FD4C528E.e.53}]&#10;Capabilities {acceptInsecureCerts: false, browserName: chrome, browserVersion: 126.0.6478.62, chrome: {chromedriverVersion: 126.0.6478.63 (df799988fdc9..., userDataDir: C:\Users\MANICH~1\AppData\L...}, fedcm:accounts: true, goog:chromeOptions: {debuggerAddress: localhost:64397}, networkConnectionEnabled: false, pageLoadStrategy: normal, platformName: windows, proxy: Proxy(), se:cdp: ws://localhost:64397/devtoo..., se:cdpVersion: 126.0.6478.62, setWindowRect: true, strictFileInteractability: false, timeouts: {implicit: 0, pageLoad: 300000, script: 30000}, unhandledPromptBehavior: dismiss and notify, webauthn:extension:credBlob: true, webauthn:extension:largeBlob: true, webauthn:extension:minPinLength: true, webauthn:extension:prf: true, webauthn:virtualAuthenticators: true}&#10;Element: [[ChromeDriver: chrome on windows (82166e17e2e367743cb24d748b29bcf3)] -&gt; xpath: //button[@id=&apos;LS014B&apos;]]&#10;Session ID: 82166e17e2e367743cb24d748b29bcf3" type="java.lang.AssertionError"><![CDATA[java.lang.AssertionError: 
An error occurred while verifying the dropdown selections: element click intercepted: Element <button class="MuiButtonBase-root MuiButton-root MuiButton-contained MuiButton-containedPrimary MuiButton-sizeMedium MuiButton-containedSizeMedium MuiButton-colorPrimary MuiButton-root MuiButton-contained MuiButton-containedPrimary MuiButton-sizeMedium MuiButton-containedSizeMedium MuiButton-colorPrimary css-y7km40" tabindex="0" type="button" data-testid="LS014B" id="LS014B">...</button> is not clickable at point (389, 208). Other element would receive the click: <li tabindex="-1" role="option" id="LS013OP1" data-option-index="1" aria-disabled="false" aria-selected="false" class="MuiAutocomplete-option" data-testid="LS013OP1">...</li>
  (Session info: chrome=126.0.6478.62)
Build info: version: '4.21.0', revision: '79ed462ef4'
System info: os.name: 'Windows 11', os.arch: 'amd64', os.version: '10.0', java.version: '17.0.10'
Driver info: org.openqa.selenium.chrome.ChromeDriver
Command: [82166e17e2e367743cb24d748b29bcf3, clickElement {id=f.E8EE5E941BBA549FF643A026E18D726F.d.D99AA243C05E8DA9D7044BC4FD4C528E.e.53}]
Capabilities {acceptInsecureCerts: false, browserName: chrome, browserVersion: 126.0.6478.62, chrome: {chromedriverVersion: 126.0.6478.63 (df799988fdc9..., userDataDir: C:\Users\MANICH~1\AppData\L...}, fedcm:accounts: true, goog:chromeOptions: {debuggerAddress: localhost:64397}, networkConnectionEnabled: false, pageLoadStrategy: normal, platformName: windows, proxy: Proxy(), se:cdp: ws://localhost:64397/devtoo..., se:cdpVersion: 126.0.6478.62, setWindowRect: true, strictFileInteractability: false, timeouts: {implicit: 0, pageLoad: 300000, script: 30000}, unhandledPromptBehavior: dismiss and notify, webauthn:extension:credBlob: true, webauthn:extension:largeBlob: true, webauthn:extension:minPinLength: true, webauthn:extension:prf: true, webauthn:virtualAuthenticators: true}
Element: [[ChromeDriver: chrome on windows (82166e17e2e367743cb24d748b29bcf3)] -> xpath: //button[@id='LS014B']]
Session ID: 82166e17e2e367743cb24d748b29bcf3
	at zapcg.Capillary.LocationPageTestCases.Location_ExistingUser_TestCases.verifyHeaderOfMemberLookupScreen(Location_ExistingUser_TestCases.java:150)
]]></failure>
    <system-out><![CDATA[Test execution completed on ChromeDriver with device: iPhone 11 Pro Landscape
Test Started: verifyHeaderOfMemberLookupScreen
Selected option: HMH01101 - MyStays Akasaka
]]></system-out>
    <system-err><![CDATA[Jun 24, 2024 2:58:49 PM org.openqa.selenium.devtools.CdpVersionFinder findNearestMatch
WARNING: Unable to find an exact match for CDP version 126, returning the closest version; found: 125; Please update to a Selenium version that supports CDP version 126
]]></system-err>
  </testcase>
  <testcase name="verifyHeaderOfMemberLookupScreen" classname="zapcg.Capillary.LocationPageTestCases.Location_ExistingUser_TestCases" time="1.953"/>
  <testcase name="verifyHeaderOfMemberLookupScreen" classname="zapcg.Capillary.LocationPageTestCases.Location_ExistingUser_TestCases" time="1.43"/>
  <testcase name="burgerIconMemberLookupNavigation" classname="zapcg.Capillary.LocationPageTestCases.Location_ExistingUser_TestCases" time="0.13"/>
  <testcase name="burgerIconMemberLookupNavigation" classname="zapcg.Capillary.LocationPageTestCases.Location_ExistingUser_TestCases" time="0.119"/>
  <testcase name="burgerIconMemberLookupNavigation" classname="zapcg.Capillary.LocationPageTestCases.Location_ExistingUser_TestCases" time="0.116"/>
  <testcase name="burgerIconMemberLookupNavigation" classname="zapcg.Capillary.LocationPageTestCases.Location_ExistingUser_TestCases" time="0.118"/>
  <testcase name="burgerIconMemberLookupNavigation" classname="zapcg.Capillary.LocationPageTestCases.Location_ExistingUser_TestCases" time="0.121"/>
  <testcase name="burgerIconMemberLookupNavigation" classname="zapcg.Capillary.LocationPageTestCases.Location_ExistingUser_TestCases" time="0.122"/>
  <testcase name="testUsernameWithSpaces_TestCase6" classname="zapcg.Capillary.LoginTestCases.Login_Invalid_TestCases" time="0.322"/>
  <testcase name="testUsernameWithSpaces_TestCase6" classname="zapcg.Capillary.LoginTestCases.Login_Invalid_TestCases" time="0.291"/>
  <testcase name="testUsernameWithSpaces_TestCase6" classname="zapcg.Capillary.LoginTestCases.Login_Invalid_TestCases" time="0.293"/>
  <testcase name="testUsernameWithSpaces_TestCase6" classname="zapcg.Capillary.LoginTestCases.Login_Invalid_TestCases" time="0.412"/>
  <testcase name="testUsernameWithSpaces_TestCase6" classname="zapcg.Capillary.LoginTestCases.Login_Invalid_TestCases" time="0.287"/>
  <testcase name="testUsernameWithSpaces_TestCase6" classname="zapcg.Capillary.LoginTestCases.Login_Invalid_TestCases" time="0.287"/>
  <testcase name="burgerIconMemberLocationNavigation" classname="zapcg.Capillary.LocationPageTestCases.Location_ExistingUser_TestCases" time="0.137"/>
  <testcase name="burgerIconMemberLocationNavigation" classname="zapcg.Capillary.LocationPageTestCases.Location_ExistingUser_TestCases" time="0.094"/>
  <testcase name="burgerIconMemberLocationNavigation" classname="zapcg.Capillary.LocationPageTestCases.Location_ExistingUser_TestCases" time="0.104"/>
  <testcase name="burgerIconMemberLocationNavigation" classname="zapcg.Capillary.LocationPageTestCases.Location_ExistingUser_TestCases" time="0.096"/>
  <testcase name="burgerIconMemberLocationNavigation" classname="zapcg.Capillary.LocationPageTestCases.Location_ExistingUser_TestCases" time="0.103"/>
  <testcase name="burgerIconMemberLocationNavigation" classname="zapcg.Capillary.LocationPageTestCases.Location_ExistingUser_TestCases" time="0.102"/>
  <testcase name="verifyForEnabledLoginButton_TestCase7" classname="zapcg.Capillary.LoginTestCases.Login_Invalid_TestCases" time="2.545"/>
  <testcase name="verifyForEnabledLoginButton_TestCase7" classname="zapcg.Capillary.LoginTestCases.Login_Invalid_TestCases" time="2.49"/>
  <testcase name="verifyForEnabledLoginButton_TestCase7" classname="zapcg.Capillary.LoginTestCases.Login_Invalid_TestCases" time="2.043"/>
  <testcase name="verifyForEnabledLoginButton_TestCase7" classname="zapcg.Capillary.LoginTestCases.Login_Invalid_TestCases" time="2.756"/>
  <testcase name="verifyForEnabledLoginButton_TestCase7" classname="zapcg.Capillary.LoginTestCases.Login_Invalid_TestCases" time="2.47"/>
  <testcase name="verifyForEnabledLoginButton_TestCase7" classname="zapcg.Capillary.LoginTestCases.Login_Invalid_TestCases" time="1.912"/>
  <testcase name="burgerIconLogout" classname="zapcg.Capillary.LocationPageTestCases.Location_ExistingUser_TestCases" time="0.123"/>
  <testcase name="burgerIconLogout" classname="zapcg.Capillary.LocationPageTestCases.Location_ExistingUser_TestCases" time="0.117"/>
  <testcase name="burgerIconLogout" classname="zapcg.Capillary.LocationPageTestCases.Location_ExistingUser_TestCases" time="0.117"/>
  <testcase name="burgerIconLogout" classname="zapcg.Capillary.LocationPageTestCases.Location_ExistingUser_TestCases" time="0.115"/>
  <testcase name="burgerIconLogout" classname="zapcg.Capillary.LocationPageTestCases.Location_ExistingUser_TestCases" time="0.14"/>
  <testcase name="burgerIconLogout" classname="zapcg.Capillary.LocationPageTestCases.Location_ExistingUser_TestCases" time="0.114"/>
  <testcase name="verifyForDisabledLoginButtonForEmptyUsername_TestCase8" classname="zapcg.Capillary.LoginTestCases.Login_Invalid_TestCases" time="0.143"/>
  <testcase name="verifyForDisabledLoginButtonForEmptyUsername_TestCase8" classname="zapcg.Capillary.LoginTestCases.Login_Invalid_TestCases" time="0.168"/>
  <testcase name="verifyForDisabledLoginButtonForEmptyUsername_TestCase8" classname="zapcg.Capillary.LoginTestCases.Login_Invalid_TestCases" time="0.146"/>
  <testcase name="verifyForDisabledLoginButtonForEmptyUsername_TestCase8" classname="zapcg.Capillary.LoginTestCases.Login_Invalid_TestCases" time="0.15"/>
  <testcase name="verifyForDisabledLoginButtonForEmptyUsername_TestCase8" classname="zapcg.Capillary.LoginTestCases.Login_Invalid_TestCases" time="0.15"/>
  <testcase name="verifyForDisabledLoginButtonForEmptyUsername_TestCase8" classname="zapcg.Capillary.LoginTestCases.Login_Invalid_TestCases" time="0.143"/>
  <testcase name="verifyForDisabledLoginButtonForEmptyPassword_TestCase9" classname="zapcg.Capillary.LoginTestCases.Login_Invalid_TestCases" time="0.17"/>
  <testcase name="verifyForDisabledLoginButtonForEmptyPassword_TestCase9" classname="zapcg.Capillary.LoginTestCases.Login_Invalid_TestCases" time="0.226"/>
  <testcase name="verifyForDisabledLoginButtonForEmptyPassword_TestCase9" classname="zapcg.Capillary.LoginTestCases.Login_Invalid_TestCases" time="0.179"/>
  <testcase name="verifyForDisabledLoginButtonForEmptyPassword_TestCase9" classname="zapcg.Capillary.LoginTestCases.Login_Invalid_TestCases" time="0.179"/>
  <testcase name="verifyForDisabledLoginButtonForEmptyPassword_TestCase9" classname="zapcg.Capillary.LoginTestCases.Login_Invalid_TestCases" time="0.179"/>
  <testcase name="verifyForDisabledLoginButtonForEmptyPassword_TestCase9" classname="zapcg.Capillary.LoginTestCases.Login_Invalid_TestCases" time="0.179"/>
  <testcase name="verifyForDisabledLoginButtonForEmptyUsernamePassword_TestCase10" classname="zapcg.Capillary.LoginTestCases.Login_Invalid_TestCases" time="0.125"/>
  <testcase name="verifyForDisabledLoginButtonForEmptyUsernamePassword_TestCase10" classname="zapcg.Capillary.LoginTestCases.Login_Invalid_TestCases" time="0.124"/>
  <testcase name="verifyForDisabledLoginButtonForEmptyUsernamePassword_TestCase10" classname="zapcg.Capillary.LoginTestCases.Login_Invalid_TestCases" time="0.132"/>
  <testcase name="verifyForDisabledLoginButtonForEmptyUsernamePassword_TestCase10" classname="zapcg.Capillary.LoginTestCases.Login_Invalid_TestCases" time="0.133"/>
  <testcase name="verifyForDisabledLoginButtonForEmptyUsernamePassword_TestCase10" classname="zapcg.Capillary.LoginTestCases.Login_Invalid_TestCases" time="0.13"/>
  <testcase name="verifyForDisabledLoginButtonForEmptyUsernamePassword_TestCase10" classname="zapcg.Capillary.LoginTestCases.Login_Invalid_TestCases" time="0.123"/>
</testsuite>